<?xml version="1.0" encoding="UTF-8" ?>
<testsuite errors="0" failures="0" hostname="ies-iesdwx-n326" name="chs.caplets.harnesstvm.actions.linebalancing.DefineWorkstationsActionTest" skipped="0" tests="13" time="68.725" timestamp="2021-05-05T00:50:34">
  <properties>
    <property name="ant.file.type.Class Paths" value="file" />
    <property name="env.NUMBER_OF_PROCESSORS" value="2" />
    <property name="env.TERM" value="xterm-256color" />
    <property name="java.specification.version" value="11" />
    <property name="build_ixl_binaries" value="false" />
    <property name="env.USERPROFILE" value="C:\Users\iesdgrid" />
    <property name="sun.cpu.isalist" value="amd64" />
    <property name="env.EXECUTOR_NUMBER" value="0" />
    <property name="echo" value="BUILD_DATE=May 04 2021" />
    <property name="sun.arch.data.model" value="64" />
    <property name="chs.build.findco.fail" value="true" />
    <property name="java.vendor.url" value="http://java.oracle.com/" />
    <property name="env.PROJ_HOME" value="G:/iesdwa/qualitygates/wa/2021.1_ADP1_INT/code/iesd" />
    <property name="env.JENKINS_HOME" value="/var/lib/jenkins" />
    <property name="net.sourceforge.cobertura.datafile" value="G:\iesdwa\qualitygates\wa\2021.1_ADP1_INT\code\iesd\charness_src\tests/outinstr/cobertura.ser" />
    <property name="env.OS" value="Windows_NT" />
    <property name="env.JOB_DISPLAY_URL" value="http://ies-iesd-ci-05.ies.mentorg.com:8080/job/rerunFailedQualityGateTests/display/redirect" />
    <property name="sun.boot.library.path" value="c:\apps64\jdk-11.0.4\bin" />
    <property name="sun.java.command" value="org.apache.tools.ant.taskdefs.optional.junit.JUnitTestRunner chs.caplets.harnesstvm.actions.linebalancing.DefineWorkstationsActionTest skipNonTests=false filtertrace=true haltOnError=false haltOnFailure=false formatter=org.apache.tools.ant.taskdefs.optional.junit.SummaryJUnitResultFormatter showoutput=false outputtoformatters=true logfailedtests=true threadid=0 logtestlistenerevents=false formatter=org.apache.tools.ant.taskdefs.optional.junit.XMLJUnitResultFormatter,G:\iesdwa\qualitygates\wa\2021.1_ADP1_INT\code\iesd\chs_home\bld\testresults\harness\TEST-chs.caplets.harnesstvm.actions.linebalancing.DefineWorkstationsActionTest.xml crashfile=G:\iesdwa\qualitygates\wa\2021.1_ADP1_INT\code\iesd\charness_src\tests\junitvmwatcher15027829853226526411.properties propsfile=G:\iesdwa\qualitygates\wa\2021.1_ADP1_INT\code\iesd\charness_src\tests\junit8909485427547197857.properties" />
    <property name="env.SYSTEMROOT" value="C:\Windows" />
    <property name="jdk.debug" value="release" />
    <property name="actionplugintestdir" value="G:/iesdwa/qualitygates/wa//2021.1_ADP1_INT/code/iesd/chs_home/bld/testdata/plugins/action" />
    <property name="manifest.jetty" value="jetty-schemas.jar;jetty-security.jar;jetty-server.jar;jetty-servlet.jar;jetty-servlets.jar;jetty-util.jar;jetty-webapp.jar;jetty-xml.jar;apache-jsp.jar;taglibs-standard-impl.jar;taglibs-standard-spec.jar;apache-jsp-8.jar;apache-el-8.jar;javax.annotation-api.jar;asm.jar;asm-commons.jar;asm-tree.jar;ecj.jar;servlet-api-3.1.jar;jetty-annotations.jar;jetty-client.jar;jetty-continuation.jar;jetty-http.jar;jetty-io.jar;jetty-jmx.jar;jetty-jndi.jar;jetty-plus.jar;jetty-proxy.jar" />
    <property name="TARGET_OS" value="Win64" />
    <property name="java.specification.vendor" value="Oracle Corporation" />
    <property name="env.STREAM_NAME" value="2021.1_ADP1_INT" />
    <property name="java.version.date" value="2019-07-16" />
    <property name="ant.file.type.chsbuildtasks" value="file" />
    <property name="java.home" value="c:\apps64\jdk-11.0.4" />
    <property name="basedir" value="G:\iesdwa\qualitygates\wa\2021.1_ADP1_INT\code\iesd\charness_src\tests" />
    <property name="java.specification.name" value="Java Platform API Specification" />
    <property name="java.vm.specification.vendor" value="Oracle Corporation" />
    <property name="ant.file.AntContrib" value="G:\iesdwa\qualitygates\wa\2021.1_ADP1_INT\code\iesd\infrastructure_src\src\scripts\AntScripts\AntContrib.xml" />
    <property name="junit.tests.maxmemory" value="2G" />
    <property name="env._JAVACMD" value="c:/apps64/jdk-11.0.4\bin\java.exe" />
    <property name="env.JENKINS_SERVER_COOKIE" value="8c4401faaf4fcb70" />
    <property name="env.LOCALAPPDATA" value="C:\Users\iesdgrid\AppData\Local" />
    <property name="env.USERDOMAIN_ROAMINGPROFILE" value="MGC" />
    <property name="ant.file.chsbuildtasks" value="G:\iesdwa\qualitygates\wa\2021.1_ADP1_INT\code\iesd\infrastructure_src\src\scripts\chsbuildtasks.xml" />
    <property name="user.script" value="" />
    <property name="sun.management.compiler" value="HotSpot 64-Bit Tiered Compilers" />
    <property name="coverage.tool" value="jacoco" />
    <property name="ant.file.Class Paths" value="G:\iesdwa\qualitygates\wa\2021.1_ADP1_INT\code\iesd\infrastructure_src\src\scripts\AntScripts\ClassPaths.xml" />
    <property name="java.runtime.version" value="11.0.4+11" />
    <property name="junit.fork" value="true" />
    <property name="env.PATH" value="c:/apps64/jdk-11.0.4/bin;G:/iesdwa/qualitygates/wa/2021.1_ADP1_INT/code/iesd/chs_home/bld/bin;G:/iesdwa/qualitygates/wa/2021.1_ADP1_INT/code/iesd/chs_home/bin;C:\Windows\system32;C:\Windows;C:\Windows\System32\Wbem;C:\Windows\System32\WindowsPowerShell\v1.0;C:\Windows\System32\OpenSSH;C:\Strawberry\c\bin;C:\Strawberry\perl\site\bin;C:\Strawberry\perl\bin;C:\cygwin\bin;C:\Strawberry\perl\bin;C:\tools\cygwin\bin;C:\Program Files\7-Zip;C:\Program Files\Puppet Labs\Puppet\bin;C:\Users\iesdgrid\AppData\Local\Microsoft\WindowsApps;C:\cygwin\bin;C:\cygwin64\bin;C:\strawberry\perl\bin" />
    <property name="jacoco.unittest.merged.data" value="G:/iesdwa/qualitygates/wa//2021.1_ADP1_INT/code/iesd/chs_home/bld/jacoco/coverage//merged-coveragedata-jacoco.exec" />
    <property name="env.ProgramW6432" value="C:\Program Files" />
    <property name="env.DriverData" value="C:\Windows\System32\Drivers\DriverData" />
    <property name="ant.file.Capital Harness Tests" value="G:\iesdwa\qualitygates\wa\2021.1_ADP1_INT\code\iesd\charness_src\tests\build.xml" />
    <property name="env.=G:" value="G:\iesdwa\qualitygates\wa\2021.1_ADP1_INT\code\iesd" />
    <property name="buildTestsDir" value="build-tests" />
    <property name="env.PUBLIC" value="C:\Users\Public" />
    <property name="file.encoding" value="UTF-8" />
    <property name="chsbuildtools_taskdef" value="G:/iesdwa/qualitygates/wa//2021.1_ADP1_INT/code/iesd/infrastructure_src/src/scripts/chsbuildtasks.xml" />
    <property name="jacoco.coverage.rootdir" value="G:/iesdwa/qualitygates/wa//2021.1_ADP1_INT/code/iesd/chs_home/bld/jacoco/coverage/" />
    <property name="singletest" value="G:\iesdwa\qualitygates\wa\2021.1_ADP1_INT\code\iesd\charness_src\tests\null283925409" />
    <property name="ant.file.type.jacoco-coverage" value="file" />
    <property name="java.vendor.version" value="18.9" />
    <property name="env.COMPUTERNAME" value="IES-IESDWX-N326" />
    <property name="env.HOMEPATH" value="\Users\iesdgrid" />
    <property name="env._" value="/cygdrive/c/Strawberry/perl/bin/perl" />
    <property name="build.suite" value="chs" />
    <property name="env.SHLVL" value="1" />
    <property name="env.APPDATA" value="C:\Users\iesdgrid\AppData\Roaming" />
    <property name="env.ProgramData" value="C:\ProgramData" />
    <property name="env.BUILD_CAUSE" value="MANUALTRIGGER" />
    <property name="java.io.tmpdir" value="C:\Users\iesdgrid\AppData\Local\Temp\" />
    <property name="env.IESD_SCRIPTS" value="//ies-net-cls1-data.ies.mentorg.com/iesd/iesd_data11/iesdgridhome/scripts/prod" />
    <property name="java.version" value="11.0.4" />
    <property name="chs.datachecktests.performanceframework.maxmemory" value="4g" />
    <property name="env.WORKSPACE" value="c:\slave\workspace\rerunFailedQualityGateTests" />
    <property name="java.vm.specification.name" value="Java Virtual Machine Specification" />
    <property name="java.awt.printerjob" value="sun.awt.windows.WPrinterJob" />
    <property name="junit.pardatacheck.timeout.ms" value="600000" />
    <property name="env.BUILD_ID" value="233712" />
    <property name="env.JOB_NAME" value="rerunFailedQualityGateTests" />
    <property name="test.jvm.args.linux" value="" />
    <property name="build_aol_binaries" value="false" />
    <property name="COMPILE_C++" value="false" />
    <property name="java.library.path" value="c:\apps64\jdk-11.0.4\bin;C:\Windows\Sun\Java\bin;C:\Windows\system32;C:\Windows;c:/apps64/jdk-11.0.4/bin;G:/iesdwa/qualitygates/wa/2021.1_ADP1_INT/code/iesd/chs_home/bld/bin;G:/iesdwa/qualitygates/wa/2021.1_ADP1_INT/code/iesd/chs_home/bin;C:\Windows\system32;C:\Windows;C:\Windows\System32\Wbem;C:\Windows\System32\WindowsPowerShell\v1.0;C:\Windows\System32\OpenSSH;C:\Strawberry\c\bin;C:\Strawberry\perl\site\bin;C:\Strawberry\perl\bin;C:\cygwin\bin;C:\Strawberry\perl\bin;C:\tools\cygwin\bin;C:\Program Files\7-Zip;C:\Program Files\Puppet Labs\Puppet\bin;C:\Users\iesdgrid\AppData\Local\Microsoft\WindowsApps;C:\cygwin\bin;C:\cygwin64\bin;C:\strawberry\perl\bin;." />
    <property name="java.vendor" value="Oracle Corporation" />
    <property name="env.HUDSON_HOME" value="/var/lib/jenkins" />
    <property name="sun.io.unicode.encoding" value="UnicodeLittle" />
    <property name="coverage.basedir" value="G:\iesdwa\qualitygates\wa\2021.1_ADP1_INT\code\iesd\infrastructure_src\src\scripts\AntScripts" />
    <property name="jacoco-agent.destfile" value="G:\iesdwa\qualitygates\wa\2021.1_ADP1_INT\code\iesd\charness_src\tests/outinstr/DefineWorkstationsActionTest.jacoco.exec" />
    <property name="sun.desktop" value="windows" />
    <property name="ant.file.type" value="file" />
    <property name="chs.projecthome" value="G:/iesdwa/qualitygates/wa//2021.1_ADP1_INT/code/iesd" />
    <property name="cobertura.output.dir" value="G:/iesdwa/qualitygates/wa//2021.1_ADP1_INT/code/iesd/chs_home/bld/cobertura/junit/harness" />
    <property name="coverage.report.format" value="html" />
    <property name="chs.home" value="G:/iesdwa/qualitygates/wa//2021.1_ADP1_INT/code/iesd/chs_home" />
    <property name="jacoco.unittest.report.dir" value="G:/iesdwa/qualitygates/wa//2021.1_ADP1_INT/code/iesd/chs_home/bld/jacoco/coverage//junit-coverage" />
    <property name="env.CHS_AUTO_HOME" value="G:/iesdwa/qualitygates/wa/2021.1_ADP1_INT/code/iesd/auto_src" />
    <property name="build_vco" value="ixw" />
    <property name="user.timezone" value="" />
    <property name="build.hfversion" value="" />
    <property name="os.name" value="Windows 10" />
    <property name="env.RUN_DISPLAY_URL" value="http://ies-iesd-ci-05.ies.mentorg.com:8080/job/rerunFailedQualityGateTests/233712/display/redirect" />
    <property name="java.vm.specification.version" value="11" />
    <property name="junit.datacheck.performanceframework.timeout.ms" value="5400000" />
    <property name="env.ROOT_BUILD_CAUSE_MANUALTRIGGER" value="true" />
    <property name="JAVA_DB_TESTS" value="false" />
    <property name="ant.file.GradleSupport" value="G:\iesdwa\qualitygates\wa\2021.1_ADP1_INT\code\iesd\infrastructure_src\src\scripts\AntScripts\GradleSupport.xml" />
    <property name="bldlibdir" value="G:/iesdwa/qualitygates/wa//2021.1_ADP1_INT/code/iesd/chs_home/bld/lib" />
    <property name="test" value="chs.caplets.harnesstvm.actions.linebalancing.DefineWorkstationsActionTest" />
    <property name="test.results.base" value="G:/iesdwa/qualitygates/wa//2021.1_ADP1_INT/code/iesd/chs_home/bld/testresults" />
    <property name="chsbuild.bigstack" value="-Xss1024k" />
    <property name="user.home" value="C:\Users\iesdgrid" />
    <property name="CHS_BUILD_DATE" value="5-May-2021 01:49:51 +0100" />
    <property name="singletest.options" value="" />
    <property name="test.reports.base" value="G:/iesdwa/qualitygates/wa//2021.1_ADP1_INT/code/iesd/chs_home/bld/testreports" />
    <property name="coverage.classpattern.file" value="patterns.txt" />
    <property name="env.ADDITIONAL_OPTIONS" value="-debug" />
    <property name="env.ALLUSERSPROFILE" value="C:\ProgramData" />
    <property name="env.SESSIONNAME" value="Console" />
    <property name="env.HUDSON_COOKIE" value="5c0b9d3d-9733-4f50-81cd-8907885337e9" />
    <property name="java.awt.graphicsenv" value="sun.awt.Win32GraphicsEnvironment" />
    <property name="electrical.build.version.major" value="2022" />
    <property name="env.ANT_HOME" value="G:/iesdwa/qualitygates/wa/2021.1_ADP1_INT/code/iesd/chs_home/bld" />
    <property name="env.JENKINS_URL" value="http://ies-iesd-ci-05.ies.mentorg.com:8080/" />
    <property name="sbomplugintestdir" value="G:/iesdwa/qualitygates/wa//2021.1_ADP1_INT/code/iesd/chs_home/bld/testdata/plugins/sbom" />
    <property name="teamwork_weabpp_npm.executable" value="G:/iesdwa/qualitygates/wa//2021.1_ADP1_INT/code/iesd/chs_home/bld/teamwork_webapp_deps/nodejs-v10.16.0/windows/npm.cmd" />
    <property name="env.=\:" value="\\ies-net-cls1-data.ies.mentorg.com\iesd\iesd_data11\iesdgridhome\scripts\prod\BuildScripts\bin" />
    <property name="build.version.ident" value="official" />
    <property name="coverage.merged.datadir" value="G:/iesdwa/qualitygates/wa//2021.1_ADP1_INT/code/iesd/chs_home/bld/coverage" />
    <property name="ant.file" value="G:\iesdwa\qualitygates\wa\2021.1_ADP1_INT\code\iesd\charness_src\tests\build.xml" />
    <property name="path.separator" value=";" />
    <property name="chs.build.heapdumpdir" value="G:/iesdwa/qualitygates/wa//2021.1_ADP1_INT/code/iesd/chs_home/temp/" />
    <property name="ant.file.chstargets" value="G:\iesdwa\qualitygates\wa\2021.1_ADP1_INT\code\iesd\infrastructure_src\src\scripts\chstargets.xml" />
    <property name="os.version" value="10.0" />
    <property name="jacoco.dir" value="G:\iesdwa\qualitygates\wa\2021.1_ADP1_INT\code\iesd\infrastructure_src\src\scripts/../third_party/jacoco" />
    <property name="ENCRYPT_JARS" value="true" />
    <property name="build.version.minor" value="1" />
    <property name="env.PATHEXT" value=".COM;.EXE;.BAT;.CMD;.VBS;.VBE;.JS;.JSE;.WSF;.WSH;.MSC" />
    <property name="cobertura.metadata.file" value="harness_metadata.ser" />
    <property name="env._USE_CLASSPATH" value="no" />
    <property name="env.NODE_NAME" value="ies-iesdwx-n326.mgc.mentorg.com" />
    <property name="java.vm.name" value="OpenJDK 64-Bit Server VM" />
    <property name="chs.datachecktests.maxmemory" value="512m" />
    <property name="TARGET_ECAD" value="CHS" />
    <property name="ant.file.ProjectSourcePaths" value="G:\iesdwa\qualitygates\wa\2021.1_ADP1_INT\code\iesd\infrastructure_src\src\scripts\AntScripts\commondefs.xml" />
    <property name="chshome.aol" value="G:/iesdwa/qualitygates/wa//2021.1_ADP1_INT/code/iesd/chs_home.aol" />
    <property name="env.USERNAME" value="iesdgrid" />
    <property name="os.arch" value="amd64" />
    <property name="JAVA_CREATE_DB" value="false" />
    <property name="build.version.major" value="2021" />
    <property name="nodejs.executable" value="G:/iesdwa/qualitygates/wa//2021.1_ADP1_INT/code/iesd/chs_home/bld/nodejs/windows/node.exe" />
    <property name="java.vm.info" value="mixed mode" />
    <property name="HOSTNAME" value="ies-iesdbld24-ct72" />
    <property name="singletest.perfreport" value="" />
    <property name="env.TEMP" value="C:\Users\iesdgrid\AppData\Local\Temp" />
    <property name="java.class.version" value="55.0" />
    <property name="env.CHS_HOME" value="G:/iesdwa/qualitygates/wa/2021.1_ADP1_INT/code/iesd/chs_home" />
    <property name="ant.project.default-target" value="runtests" />
    <property name="ant.library.dir" value="G:\iesdwa\qualitygates\wa\2021.1_ADP1_INT\code\iesd\chs_home\bld\lib" />
    <property name="awt.toolkit" value="sun.awt.windows.WToolkit" />
    <property name="processingplugintestdir" value="G:/iesdwa/qualitygates/wa//2021.1_ADP1_INT/code/iesd/chs_home/bld/testdata/plugins/harnessprocessing" />
    <property name="ant.project.name" value="Capital Harness Tests" />
    <property name="env.BUILD_TAG" value="jenkins-rerunFailedQualityGateTests-233712" />
    <property name="sun.jnu.encoding" value="Cp1252" />
    <property name="env.LM_LICENSE_FILE" value="1700@mglicsvr.india.mentorg.com;1700@mglicsvr2.india.mentorg.com;1700@mglicsvr3.india.mentorg.com" />
    <property name="env.HUDSON_URL" value="http://ies-iesd-ci-05.ies.mentorg.com:8080/" />
    <property name="ant.file.type.Coverage" value="file" />
    <property name="env.CommonProgramW6432" value="C:\Program Files\Common Files" />
    <property name="env.UATDATA" value="C:\Windows\CCM\UATData\D9F8C395-CAB8-491d-B8AC-179A1FE1BE77" />
    <property name="report.frames" value="frames" />
    <property name="env.BUILD_CAUSE_MANUALTRIGGER" value="true" />
    <property name="DSTAMP" value="20210505" />
    <property name="imported.basedir" value="G:\iesdwa\qualitygates\wa\2021.1_ADP1_INT\code\iesd\infrastructure_src\src\scripts" />
    <property name="build_env" value="windows" />
    <property name="ant.file.type.TestTargets" value="file" />
    <property name="env.GHOSTSCRIPT_DIR" value="C:/QualityGate/LocalData/ghostscript" />
    <property name="cobertura.maxmemory" value="800M" />
    <property name="theTest" value="DefineWorkstationsActionTest" />
    <property name="env.MGLS_LICENSE_FILE" value="1700@mglicsvr.india.mentorg.com;1700@mglicsvr2.india.mentorg.com;1700@mglicsvr3.india.mentorg.com" />
    <property name="coverage.dir" value="G:\iesdwa\qualitygates\wa\2021.1_ADP1_INT\code\iesd\charness_src\tests/coverage" />
    <property name="env.ANT_CMD_LINE_ARGS" value=" -propertyfile G:/iesdwa/qualitygates/wa/2021.1_ADP1_INT/code/iesd/build.windows.properties -Dtest chs.caplets.harnesstvm.actions.linebalancing.DefineWorkstationsActionTest runsingletestonlyqg -f G:/iesdwa/qualitygates/wa/2021.1_ADP1_INT/code/iesd/charness_src/tests/build.xml" />
    <property name="env.JAVA_HOME" value="c:/apps64/jdk-11.0.4" />
    <property name="teamwork_webapp_node.folder" value="G:/iesdwa/qualitygates/wa//2021.1_ADP1_INT/code/iesd/chs_home/bld/teamwork_webapp_deps/nodejs-v10.16.0/windows" />
    <property name="env.PROGRAMFILES" value="C:\Program Files" />
    <property name="file.separator" value="\" />
    <property name="test.jvm.args" value="-Dvalidation.extended=false             -Dvalidation.intermediateXML=false             -ea             -Xmx1024M             -Xss1024k             -XX:+HeapDumpOnOutOfMemoryError             -XX:HeapDumpPath=G:/iesdwa/qualitygates/wa//2021.1_ADP1_INT/code/iesd/chs_home/temp/             -javaagent:G:/iesdwa/qualitygates/wa//2021.1_ADP1_INT/code/iesd/chs_home/bld/lib/jmockit.jar                          -Dfile.encoding=UTF-8             --add-opens java.base/jdk.internal.reflect=ALL-UNNAMED" />
    <property name="java.vm.compressedOopsMode" value="32-bit" />
    <property name="line.separator" value="&#xd;&#xa;" />
    <property name="env.PROMPT" value="$P$G" />
    <property name="teamwork_weabpp_node.executable" value="G:/iesdwa/qualitygates/wa//2021.1_ADP1_INT/code/iesd/chs_home/bld/teamwork_webapp_deps/nodejs-v10.16.0/windows/node" />
    <property name="gradlebuild" value="false" />
    <property name="junit.datacheck.timeout.ms" value="1800000" />
    <property name="chsbuildtools_lib" value="G:/iesdwa/qualitygates/wa//2021.1_ADP1_INT/code/iesd/chs_home/bld/lib" />
    <property name="junit.timeout.ms" value="1200000" />
    <property name="env.PROCESSOR_REVISION" value="3f00" />
    <property name="capital.testlist.files" value="chs/caplets/harnesstvm/actions/linebalancing/DefineWorkstationsActionTest.class&#xa;" />
    <property name="env.PERL5LIB" value="//ies-net-cls1-data.ies.mentorg.com/home/iesdgrid/perl5/lib/perl5" />
    <property name="env.PSModulePath" value="C:\Program Files\WindowsPowerShell\Modules;C:\Windows\system32\WindowsPowerShell\v1.0\Modules" />
    <property name="chs.build.id" value="2021.1.1.official" />
    <property name="env.PROCESSOR_IDENTIFIER" value="Intel64 Family 6 Model 63 Stepping 0, GenuineIntel" />
    <property name="validation.intermediateXML" value="false" />
    <property name="user.name" value="iesdgrid" />
    <property name="ant.file.type.ProjectSourcePaths" value="file" />
    <property name="test1" value="chs/caplets/harnesstvm/actions/linebalancing/DefineWorkstationsActionTest" />
    <property name="env.BUILD_URL" value="http://ies-iesd-ci-05.ies.mentorg.com:8080/job/rerunFailedQualityGateTests/233712/" />
    <property name="jvm.args.add.opens" value="--add-opens java.base/jdk.internal.reflect=ALL-UNNAMED" />
    <property name="manifest.jetty.spaces" value="jetty-schemas.jar jetty-security.jar jetty-server.jar jetty-servlet.jar jetty-servlets.jar jetty-util.jar jetty-webapp.jar jetty-xml.jar apache-jsp.jar taglibs-standard-impl.jar taglibs-standard-spec.jar apache-jsp-8.jar apache-el-8.jar javax.annotation-api.jar asm.jar asm-commons.jar asm-tree.jar ecj.jar servlet-api-3.1.jar jetty-annotations.jar jetty-client.jar jetty-continuation.jar jetty-http.jar jetty-io.jar jetty-jmx.jar jetty-jndi.jar jetty-plus.jar jetty-proxy.jar" />
    <property name="env.JOB_URL" value="http://ies-iesd-ci-05.ies.mentorg.com:8080/job/rerunFailedQualityGateTests/" />
    <property name="cobertura.dir" value="G:\iesdwa\qualitygates\wa\2021.1_ADP1_INT\code\iesd\infrastructure_src\src\scripts/../third_party/cobertura" />
    <property name="build.version.full" value="true" />
    <property name="env.SYSTEMDRIVE" value="C:" />
    <property name="build.version.name" value="2021.1" />
    <property name="test.reports.dir" value="G:/iesdwa/qualitygates/wa//2021.1_ADP1_INT/code/iesd/chs_home/bld/testreports" />
    <property name="env.NODE_LABELS" value="IES-IESDWX-N326 ansible-configured debug ies-iesdwx-n326.mgc.mentorg.com iesdgrid ixw swarm unassignedlabelwin10 undefined_jenkins_label_2 undefined_jenkins_label_9 w10e win10tests-v11" />
    <property name="ant.file.TestTargets" value="G:\iesdwa\qualitygates\wa\2021.1_ADP1_INT\code\iesd\infrastructure_src\src\scripts\AntScripts\TestTargets.xml" />
    <property name="env.BitDefender_Covered" value="False" />
    <property name="env.PROCESSOR_LEVEL" value="6" />
    <property name="env.HOMEDRIVE" value="C:" />
    <property name="env.TMP" value="C:\Users\iesdgrid\AppData\Local\Temp" />
    <property name="ant.home" value="G:/iesdwa/qualitygates/wa/2021.1_ADP1_INT/code/iesd/chs_home/bld" />
    <property name="osName" value="Windows" />
    <property name="env.RUN_CHANGES_DISPLAY_URL" value="http://ies-iesd-ci-05.ies.mentorg.com:8080/job/rerunFailedQualityGateTests/233712/display/redirect?page=changes" />
    <property name="sun.os.patch.level" value="" />
    <property name="ant.version" value="Apache Ant(TM) version 1.10.4 compiled on June 19 2018" />
    <property name="env.LOGONSERVER" value="\\SVR-IES-ADC-03" />
    <property name="ant.file.Coverage" value="G:\iesdwa\qualitygates\wa\2021.1_ADP1_INT\code\iesd\infrastructure_src\src\scripts\AntScripts\Coverage.xml" />
    <property name="ant.file.type.chstargets" value="file" />
    <property name="cobertura.metadata.dir" value="G:/iesdwa/qualitygates/wa//2021.1_ADP1_INT/code/iesd/chs_home/bld/coverage/junit" />
    <property name="env.WINDIR" value="C:\Windows" />
    <property name="env.ROOT_BUILD_CAUSE" value="MANUALTRIGGER" />
    <property name="junit.printsummary" value="true" />
    <property name="env.HUDSON_SERVER_COOKIE" value="8c4401faaf4fcb70" />
    <property name="env.BUILD_NUMBER" value="233712" />
    <property name="debugbuild" value="on" />
    <property name="env.PWD" value="G:\iesdwa\qualitygates\wa\2021.1_ADP1_INT\code\iesd" />
    <property name="java.class.path" value="G:\iesdwa\qualitygates\wa\2021.1_ADP1_INT\code\iesd\chs_home\lib\commons-lang.jar;G:\iesdwa\qualitygates\wa\2021.1_ADP1_INT\code\iesd\chs_home\lib\xalan.jar;G:\iesdwa\qualitygates\wa\2021.1_ADP1_INT\code\iesd\chs_home\lib\xerces.jar;G:\iesdwa\qualitygates\wa\2021.1_ADP1_INT\code\iesd\chs_home\lib\capitalcommonlang.jar;G:\iesdwa\qualitygates\wa\2021.1_ADP1_INT\code\iesd\chs_home\lib\capitalwindowslandf.jar;G:\iesdwa\qualitygates\wa\2021.1_ADP1_INT\code\iesd\chs_home\lib\annotations.jar;G:\iesdwa\qualitygates\wa\2021.1_ADP1_INT\code\iesd\chs_home\lib\commons-codec.jar;G:\iesdwa\qualitygates\wa\2021.1_ADP1_INT\code\iesd\chs_home\lib\commons-io.jar;G:\iesdwa\qualitygates\wa\2021.1_ADP1_INT\code\iesd\chs_home\lib\commons-math.jar;G:\iesdwa\qualitygates\wa\2021.1_ADP1_INT\code\iesd\chs_home\lib\capitalannotations.jar;G:\iesdwa\qualitygates\wa\2021.1_ADP1_INT\code\iesd\chs_home\lib\capitalcommon.jar;G:\iesdwa\qualitygates\wa\2021.1_ADP1_INT\code\iesd\chs_home\lib\capitalutils.jar;G:\iesdwa\qualitygates\wa\2021.1_ADP1_INT\code\iesd\chs_home\lib\servicelocator.jar;G:\iesdwa\qualitygates\wa\2021.1_ADP1_INT\code\iesd\chs_home\lib\capitalapi.jar;G:\iesdwa\qualitygates\wa\2021.1_ADP1_INT\code\iesd\chs_home\lib\capitalapiextensions.jar;G:\iesdwa\qualitygates\wa\2021.1_ADP1_INT\code\iesd\chs_home\lib\capitalcof.jar;G:\iesdwa\qualitygates\wa\2021.1_ADP1_INT\code\iesd\chs_home\lib\capitalimages.jar;G:\iesdwa\qualitygates\wa\2021.1_ADP1_INT\code\iesd\chs_home\lib\capitalcapman.jar;G:\iesdwa\qualitygates\wa\2021.1_ADP1_INT\code\iesd\chs_home\lib\capitalcofimpl.jar;G:\iesdwa\qualitygates\wa\2021.1_ADP1_INT\code\iesd\chs_home\lib\capitalcof_baseimpl.jar;G:\iesdwa\qualitygates\wa\2021.1_ADP1_INT\code\iesd\chs_home\lib\capitalcofcafimpl.jar;G:\iesdwa\qualitygates\wa\2021.1_ADP1_INT\code\iesd\chs_home\lib\capitalcaf.jar;G:\iesdwa\qualitygates\wa\2021.1_ADP1_INT\code\iesd\chs_home\lib\capitalcofutils.jar;G:\iesdwa\qualitygates\wa\2021.1_ADP1_INT\code\iesd\chs_home\lib\capitalctf.jar;G:\iesdwa\qualitygates\wa\2021.1_ADP1_INT\code\iesd\chs_home\lib\capitalbridgessdk.jar;G:\iesdwa\qualitygates\wa\2021.1_ADP1_INT\code\iesd\chs_home\lib\capitalbridgesui.jar;G:\iesdwa\qualitygates\wa\2021.1_ADP1_INT\code\iesd\chs_home\lib\log4j.jar;G:\iesdwa\qualitygates\wa\2021.1_ADP1_INT\code\iesd\chs_home\lib\jacorb.jar;G:\iesdwa\qualitygates\wa\2021.1_ADP1_INT\code\iesd\chs_home\lib\jacorb-omgapi.jar;G:\iesdwa\qualitygates\wa\2021.1_ADP1_INT\code\iesd\chs_home\lib\slf4j-api.jar;G:\iesdwa\qualitygates\wa\2021.1_ADP1_INT\code\iesd\chs_home\lib\slf4j-jdk.jar;G:\iesdwa\qualitygates\wa\2021.1_ADP1_INT\code\iesd\chs_home\lib\capitalapiimpl.jar;G:\iesdwa\qualitygates\wa\2021.1_ADP1_INT\code\iesd\chs_home\lib\capitalharness.jar;G:\iesdwa\qualitygates\wa\2021.1_ADP1_INT\code\iesd\chs_home\lib\capitaldbmigrate.jar;G:\iesdwa\qualitygates\wa\2021.1_ADP1_INT\code\iesd\chs_home\bld\testlib\capitaltestscof.jar;G:\iesdwa\qualitygates\wa\2021.1_ADP1_INT\code\iesd\chs_home\bld\testlib\capitaltestscaf.jar;G:\iesdwa\qualitygates\wa\2021.1_ADP1_INT\code\iesd\chs_home\bld\testlib\capitaltestsinterfaces.jar;G:\iesdwa\qualitygates\wa\2021.1_ADP1_INT\code\iesd\chs_home\lib\capitaladaptorbatch.jar;G:\iesdwa\qualitygates\wa\2021.1_ADP1_INT\code\iesd\chs_home\bld\lib\selenium-java-2.45.0.jar;G:\iesdwa\qualitygates\wa\2021.1_ADP1_INT\code\iesd\chs_home\bld\lib\jmockit.jar;G:\iesdwa\qualitygates\wa\2021.1_ADP1_INT\code\iesd\chs_home\bld\lib\junit.jar;G:\iesdwa\qualitygates\wa\2021.1_ADP1_INT\code\iesd\chs_home\lib\js.jar;G:\iesdwa\qualitygates\wa\2021.1_ADP1_INT\code\iesd\chs_home\lib\capitalprofiler.jar;G:\iesdwa\qualitygates\wa\2021.1_ADP1_INT\code\iesd\chs_home\bld\lib\jfcunit.jar;G:\iesdwa\qualitygates\wa\2021.1_ADP1_INT\code\iesd\chs_home\lib\capitalbaseautomation.jar;G:\iesdwa\qualitygates\wa\2021.1_ADP1_INT\code\iesd\chs_home\bld\lib\pdfrenderer.jar;G:\iesdwa\qualitygates\wa\2021.1_ADP1_INT\code\iesd\chs_home\bld\lib\uispec4j.jar;G:\iesdwa\qualitygates\wa\2021.1_ADP1_INT\code\iesd\chs_home\lib\capitalbridges.jar;G:\iesdwa\qualitygates\wa\2021.1_ADP1_INT\code\iesd\chs_home\lib\capitalnxinterfaces.jar;G:\iesdwa\qualitygates\wa\2021.1_ADP1_INT\code\iesd\chs_home\lib\capitalnxremoteplugin.jar;G:\iesdwa\qualitygates\wa\2021.1_ADP1_INT\code\iesd\chs_home\bld\lib\xmlunit.jar;G:\iesdwa\qualitygates\wa\2021.1_ADP1_INT\code\iesd\chs_home\lib\capitaljeda.jar;G:\iesdwa\qualitygates\wa\2021.1_ADP1_INT\code\iesd\chs_home\lib\batik-anim.jar;G:\iesdwa\qualitygates\wa\2021.1_ADP1_INT\code\iesd\chs_home\lib\batik-awt-util.jar;G:\iesdwa\qualitygates\wa\2021.1_ADP1_INT\code\iesd\chs_home\lib\batik-bridge.jar;G:\iesdwa\qualitygates\wa\2021.1_ADP1_INT\code\iesd\chs_home\lib\batik-codec.jar;G:\iesdwa\qualitygates\wa\2021.1_ADP1_INT\code\iesd\chs_home\lib\batik-css.jar;G:\iesdwa\qualitygates\wa\2021.1_ADP1_INT\code\iesd\chs_home\lib\batik-dom.jar;G:\iesdwa\qualitygates\wa\2021.1_ADP1_INT\code\iesd\chs_home\lib\batik-ext.jar;G:\iesdwa\qualitygates\wa\2021.1_ADP1_INT\code\iesd\chs_home\lib\batik-extension.jar;G:\iesdwa\qualitygates\wa\2021.1_ADP1_INT\code\iesd\chs_home\lib\batik-gui-util.jar;G:\iesdwa\qualitygates\wa\2021.1_ADP1_INT\code\iesd\chs_home\lib\batik-gvt.jar;G:\iesdwa\qualitygates\wa\2021.1_ADP1_INT\code\iesd\chs_home\lib\batik-parser.jar;G:\iesdwa\qualitygates\wa\2021.1_ADP1_INT\code\iesd\chs_home\lib\batik-script.jar;G:\iesdwa\qualitygates\wa\2021.1_ADP1_INT\code\iesd\chs_home\lib\batik-svg-dom.jar;G:\iesdwa\qualitygates\wa\2021.1_ADP1_INT\code\iesd\chs_home\lib\batik-svggen.jar;G:\iesdwa\qualitygates\wa\2021.1_ADP1_INT\code\iesd\chs_home\lib\batik-swing.jar;G:\iesdwa\qualitygates\wa\2021.1_ADP1_INT\code\iesd\chs_home\lib\batik-transcoder.jar;G:\iesdwa\qualitygates\wa\2021.1_ADP1_INT\code\iesd\chs_home\lib\batik-util.jar;G:\iesdwa\qualitygates\wa\2021.1_ADP1_INT\code\iesd\chs_home\lib\batik-xml.jar;G:\iesdwa\qualitygates\wa\2021.1_ADP1_INT\code\iesd\chs_home\lib\batik-constants.jar;G:\iesdwa\qualitygates\wa\2021.1_ADP1_INT\code\iesd\chs_home\lib\batik-i18n.jar;G:\iesdwa\qualitygates\wa\2021.1_ADP1_INT\code\iesd\chs_home\lib\xml-apis.jar;G:\iesdwa\qualitygates\wa\2021.1_ADP1_INT\code\iesd\chs_home\lib\xml-apis-ext.jar;G:\iesdwa\qualitygates\wa\2021.1_ADP1_INT\code\iesd\chs_home\bld\testlib\capitaltestbridges.jar;G:\iesdwa\qualitygates\wa\2021.1_ADP1_INT\code\iesd\chs_home\lib\guava.jar;G:\iesdwa\qualitygates\wa\2021.1_ADP1_INT\code\iesd\chs_home\lib\capitalclibrary.jar;G:\iesdwa\qualitygates\wa\2021.1_ADP1_INT\code\iesd\chs_home\lib\capitalharnessdsi.jar;G:\iesdwa\qualitygates\wa\2021.1_ADP1_INT\code\iesd\chs_home\lib\extensions\capitalextensions.jar;G:\iesdwa\qualitygates\wa\2021.1_ADP1_INT\code\iesd\chs_home\lib\teamcenter\capitalteamcenterintegrationimpl.jar;G:\iesdwa\qualitygates\wa\2021.1_ADP1_INT\code\iesd\chs_home\lib\teamcenter\extras\swt.jar;G:\iesdwa\qualitygates\wa\2021.1_ADP1_INT\code\iesd\chs_home\lib\teamcenter\extras\gson.jar;G:\iesdwa\qualitygates\wa\2021.1_ADP1_INT\code\iesd\chs_home\lib\teamcenter\extras\bio-solutions.jar;G:\iesdwa\qualitygates\wa\2021.1_ADP1_INT\code\iesd\chs_home\lib\teamcenter\extras\bio-infrastructure.jar;G:\iesdwa\qualitygates\wa\2021.1_ADP1_INT\code\iesd\chs_home\lib\teamcenter\extras\TcSoaCommon.jar;G:\iesdwa\qualitygates\wa\2021.1_ADP1_INT\code\iesd\chs_home\lib\teamcenter\extras\TcSoaClient.jar;G:\iesdwa\qualitygates\wa\2021.1_ADP1_INT\code\iesd\chs_home\lib\javafx\Windows\lib\javafx-swt.jar;G:\iesdwa\qualitygates\wa\2021.1_ADP1_INT\code\iesd\chs_home\lib\javafx\Windows\lib\javafx.base.jar;G:\iesdwa\qualitygates\wa\2021.1_ADP1_INT\code\iesd\chs_home\lib\javafx\Windows\lib\javafx.controls.jar;G:\iesdwa\qualitygates\wa\2021.1_ADP1_INT\code\iesd\chs_home\lib\javafx\Windows\lib\javafx.fxml.jar;G:\iesdwa\qualitygates\wa\2021.1_ADP1_INT\code\iesd\chs_home\lib\javafx\Windows\lib\javafx.graphics.jar;G:\iesdwa\qualitygates\wa\2021.1_ADP1_INT\code\iesd\chs_home\lib\javafx\Windows\lib\javafx.media.jar;G:\iesdwa\qualitygates\wa\2021.1_ADP1_INT\code\iesd\chs_home\lib\javafx\Windows\lib\javafx.swing.jar;G:\iesdwa\qualitygates\wa\2021.1_ADP1_INT\code\iesd\chs_home\lib\javafx\Windows\lib\javafx.web.jar;G:\iesdwa\qualitygates\wa\2021.1_ADP1_INT\code\iesd\chs_home\lib\pdfbox.jar;G:\iesdwa\qualitygates\wa\2021.1_ADP1_INT\code\iesd\chs_home\lib\fontbox.jar;G:\iesdwa\qualitygates\wa\2021.1_ADP1_INT\code\iesd\chs_home\lib\assertj-core.jar;G:\iesdwa\qualitygates\wa\2021.1_ADP1_INT\code\iesd\chs_home\adaptors\lib\capitaltc.jar;G:\iesdwa\qualitygates\wa\2021.1_ADP1_INT\code\iesd\chs_home\adaptors\lib\capitalixf.jar;G:\iesdwa\qualitygates\wa\2021.1_ADP1_INT\code\iesd\chs_home\lib\capitalresources.jar;G:\iesdwa\qualitygates\wa\2021.1_ADP1_INT\code\iesd\chs_home\bld\testlib\capitaltestharness.jar;G:\iesdwa\qualitygates\wa\2021.1_ADP1_INT\code\iesd\chs_home\lib\capitalcanalysis.jar;G:\iesdwa\qualitygates\wa\2021.1_ADP1_INT\code\iesd\chs_home\lib\trove.jar;G:\iesdwa\qualitygates\wa\2021.1_ADP1_INT\code\iesd\chs_home\lib\capitalpluginapi.jar;G:\iesdwa\qualitygates\wa\2021.1_ADP1_INT\code\iesd\chs_home\lib\capitalapigen.jar;G:\iesdwa\qualitygates\wa\2021.1_ADP1_INT\code\iesd\chs_home\lib\capitalcview.jar;G:\iesdwa\qualitygates\wa\2021.1_ADP1_INT\code\iesd\chs_home\lib\itext.jar;G:\iesdwa\qualitygates\wa\2021.1_ADP1_INT\code\iesd\chs_home\adaptors\lib\capitalnwf.jar;G:\iesdwa\qualitygates\wa\2021.1_ADP1_INT\code\iesd\chs_home\adaptors\lib\capitalproe.jar;G:\iesdwa\qualitygates\wa\2021.1_ADP1_INT\code\iesd\chs_home\adaptors\lib\capitalkbl.jar;G:\iesdwa\qualitygates\wa\2021.1_ADP1_INT\code\iesd\chs_home\adaptors\lib\capitaldsi.jar;G:\iesdwa\qualitygates\wa\2021.1_ADP1_INT\code\iesd\chs_home\adaptors\lib\capitalhcv.jar;G:\iesdwa\qualitygates\wa\2021.1_ADP1_INT\code\iesd\chs_home\adaptors\lib\capitalsolidedge.jar;G:\iesdwa\qualitygates\wa\2021.1_ADP1_INT\code\iesd\chs_home\lib\hsqldb.jar;G:\iesdwa\qualitygates\wa\2021.1_ADP1_INT\code\iesd\chs_home\lib\jboss-rmi-api.jar;G:\iesdwa\qualitygates\wa\2021.1_ADP1_INT\code\iesd\chs_home\lib\avalon-framework.jar;G:\iesdwa\qualitygates\wa\2021.1_ADP1_INT\code\iesd\chs_home\lib\logkit-1.2.jar;G:\iesdwa\qualitygates\wa\2021.1_ADP1_INT\code\iesd\chs_home\lib\commons-logging.jar;G:\iesdwa\qualitygates\wa\2021.1_ADP1_INT\code\iesd\chs_home\lib\jcommon.jar;G:\iesdwa\qualitygates\wa\2021.1_ADP1_INT\code\iesd\chs_home\lib\jfreechart.jar;G:\iesdwa\qualitygates\wa\2021.1_ADP1_INT\code\iesd\chs_home\lib\capitalreporterserverutils.jar;G:\iesdwa\qualitygates\wa\2021.1_ADP1_INT\code\iesd\chs_home\lib\capitalans.jar;G:\iesdwa\qualitygates\wa\2021.1_ADP1_INT\code\iesd\chs_home\lib\capitalrestresources.jar;G:\iesdwa\qualitygates\wa\2021.1_ADP1_INT\code\iesd\chs_home\lib\jackson-annotations.jar;G:\iesdwa\qualitygates\wa\2021.1_ADP1_INT\code\iesd\chs_home\lib\jackson-core.jar;G:\iesdwa\qualitygates\wa\2021.1_ADP1_INT\code\iesd\chs_home\lib\jackson-databind.jar;G:\iesdwa\qualitygates\wa\2021.1_ADP1_INT\code\iesd\chs_home\lib\jackson-jaxrs-base.jar;G:\iesdwa\qualitygates\wa\2021.1_ADP1_INT\code\iesd\chs_home\lib\jackson-jaxrs-json-provider.jar;G:\iesdwa\qualitygates\wa\2021.1_ADP1_INT\code\iesd\infrastructure_src\src\third_party\cobertura\cobertura.jar;G:\iesdwa\qualitygates\wa\2021.1_ADP1_INT\code\iesd\infrastructure_src\src\third_party\cobertura\lib\asm-3.0.jar;G:\iesdwa\qualitygates\wa\2021.1_ADP1_INT\code\iesd\infrastructure_src\src\third_party\cobertura\lib\asm-tree-3.0.jar;G:\iesdwa\qualitygates\wa\2021.1_ADP1_INT\code\iesd\infrastructure_src\src\third_party\cobertura\lib\jakarta-oro-2.0.8.jar;G:\iesdwa\qualitygates\wa\2021.1_ADP1_INT\code\iesd\infrastructure_src\src\third_party\cobertura\lib\log4j-1.2.9.jar;G:\iesdwa\qualitygates\wa\2021.1_ADP1_INT\code\iesd\chs_home\lib\capitaljms.jar;G:\iesdwa\qualitygates\wa\2021.1_ADP1_INT\code\iesd\chs_home\lib\capitalupdaterutils.jar;G:\iesdwa\qualitygates\wa\2021.1_ADP1_INT\code\iesd\chs_home\lib\javax.activation-api.jar;G:\iesdwa\qualitygates\wa\2021.1_ADP1_INT\code\iesd\chs_home\lib\webservices-api.jar;G:\iesdwa\qualitygates\wa\2021.1_ADP1_INT\code\iesd\chs_home\lib\sanj.jar;G:\iesdwa\qualitygates\wa\2021.1_ADP1_INT\code\iesd\chs_home\lib\fop.jar;G:\iesdwa\qualitygates\wa\2021.1_ADP1_INT\code\iesd\chs_home\lib\commons-xmlgraphics.jar;G:\iesdwa\qualitygates\wa\2021.1_ADP1_INT\code\iesd\chs_home\adaptors\lib\capitaltceclientv10.jar;G:\iesdwa\qualitygates\wa\2021.1_ADP1_INT\code\iesd\chs_home\lib\jsoup.jar;G:\iesdwa\qualitygates\wa\2021.1_ADP1_INT\code\iesd\chs_home\lib\jaxb-impl.jar;G:\iesdwa\qualitygates\wa\2021.1_ADP1_INT\code\iesd\chs_home\bld\jacoco\lib\jacocoagent.jar;G:\iesdwa\qualitygates\wa\2021.1_ADP1_INT\code\iesd\chs_home\bld\lib\hamcrest-core.jar;G:\iesdwa\qualitygates\wa\2021.1_ADP1_INT\code\iesd\chs_home\bld\lib\cacio-tta.jar;G:\iesdwa\qualitygates\wa\2021.1_ADP1_INT\code\iesd\chs_home\bld\lib\cacio-shared.jar;G:\iesdwa\qualitygates\wa\2021.1_ADP1_INT\code\iesd\infrastructure_src\src\third_party\assertj-swing\assertj-core.jar;G:\iesdwa\qualitygates\wa\2021.1_ADP1_INT\code\iesd\chs_home\bld\ilib\junit-jacoco-ant.jar;G:\iesdwa\qualitygates\wa\2021.1_ADP1_INT\code\iesd\chs_home\bld\lib\ant-launcher.jar;G:\iesdwa\qualitygates\wa\2021.1_ADP1_INT\code\iesd\chs_home\bld\lib\ant.jar;G:\iesdwa\qualitygates\wa\2021.1_ADP1_INT\code\iesd\chs_home\bld\lib\ant-junit.jar;G:\iesdwa\qualitygates\wa\2021.1_ADP1_INT\code\iesd\chs_home\bld\lib\ant-junit4.jar;G:\iesdwa\qualitygates\wa\2021.1_ADP1_INT\code\iesd\chs_home\lib\socketio.jar" />
    <property name="out.instr.dir" value="G:\iesdwa\qualitygates\wa\2021.1_ADP1_INT\code\iesd\charness_src\tests/outinstr" />
    <property name="env.USERDNSDOMAIN" value="MGC.MENTORG.COM" />
    <property name="env.HOME" value="C:\cygwin\home\iesdgrid" />
    <property name="chshome" value="G:/iesdwa/qualitygates/wa//2021.1_ADP1_INT/code/iesd/chs_home" />
    <property name="java.vm.vendor" value="Oracle Corporation" />
    <property name="junit.format" value="xml" />
    <property name="env.PROCESSOR_ARCHITECTURE" value="AMD64" />
    <property name="Capital Harness Tests.basedir" value="G:\iesdwa\qualitygates\wa\2021.1_ADP1_INT\code\iesd\charness_src\tests" />
    <property name="java.util.Arrays.useLegacyMergeSort" value="true" />
    <property name="build.spversion" value="" />
    <property name="user.variant" value="" />
    <property name="java.locale.providers" value="COMPAT,CLDR" />
    <property name="ant.file.jacoco-coverage" value="G:\iesdwa\qualitygates\wa\2021.1_ADP1_INT\code\iesd\infrastructure_src\src\scripts\AntScripts\jacoco.xml" />
    <property name="env.COMMONPROGRAMFILES" value="C:\Program Files\Common Files" />
    <property name="singletest.test" value="" />
    <property name="user.country" value="IE" />
    <property name="sun.java.launcher" value="SUN_STANDARD" />
    <property name="emma.enabled" value="false" />
    <property name="cobertura.serfile" value="G:\iesdwa\qualitygates\wa\2021.1_ADP1_INT\code\iesd\charness_src\tests/outinstr/cobertura.ser" />
    <property name="env.USERDOMAIN" value="MGC" />
    <property name="class.suffix" value="class" />
    <property name="env.COMSPEC" value="C:\Windows\system32\cmd.exe" />
    <property name="sun.cpu.endian" value="little" />
    <property name="user.language" value="en" />
    <property name="chs.extendedtests.maxmemory" value="512m" />
    <property name="junit.extended.timeout.ms" value="1200000" />
    <property name="cb-instrumented.dir" value="G:\iesdwa\qualitygates\wa\2021.1_ADP1_INT\code\iesd\charness_src\tests/outinstr" />
    <property name="ant.java.version" value="11" />
    <property name="env.BUILD_HOME" value="G:/iesdwa/qualitygates/wa/2021.1_ADP1_INT/code/iesd" />
    <property name="test.results.dir" value="G:/iesdwa/qualitygates/wa//2021.1_ADP1_INT/code/iesd/chs_home/bld/testresults/harness" />
    <property name="exports_dir" value="../exports" />
    <property name="ant.file.type.Capital Harness Tests" value="file" />
    <property name="TSTAMP" value="0149" />
    <property name="jacoco.coverage.reportdir" value="G:/iesdwa/qualitygates/wa//2021.1_ADP1_INT/code/iesd/chs_home/bld/jacoco/coverage//junit-coverage" />
    <property name="jacoco.execfileprefix" value="DefineWorkstationsActionTest" />
    <property name="merged.coverage.dir" value="G:/iesdwa/qualitygates/wa//2021.1_ADP1_INT/code/iesd/chs_home/bld/coverage/junit" />
    <property name="chshome.ixn" value="G:/iesdwa/qualitygates/wa//2021.1_ADP1_INT/code/iesd/chs_home.ixn" />
    <property name="singletest.report" value="" />
    <property name="junit.jar" value="bld/lib/junit.jar" />
    <property name="env.=C:" value="c:\slave\workspace\rerunFailedQualityGateTests" />
    <property name="validation.extended" value="false" />
    <property name="env.CommonProgramFiles(x86)" value="C:\Program Files (x86)\Common Files" />
    <property name="chs.extendedtests.dir" value="build" />
    <property name="java.runtime.name" value="OpenJDK Runtime Environment" />
    <property name="ant.project.invoked-targets" value="runsingletestonlyqg" />
    <property name="env.BUILD_DISPLAY_NAME" value="233712 : 2021.1_ADP1_INT //ies-net-cls1-data.ies.mentorg.com/iesd/iesd_data11/iesdgridhome/scripts/prod  " />
    <property name="env.IESD_GRIDDATA" value="//ies-net-cls1-data.ies.mentorg.com/iesd/iesd_data11/iesdgridhome/data" />
    <property name="chsbuild.maxmemory" value="1024M" />
    <property name="ant.file.type.AntContrib" value="file" />
    <property name="ant.core.lib" value="G:\iesdwa\qualitygates\wa\2021.1_ADP1_INT\code\iesd\chs_home\bld\lib\ant.jar" />
    <property name="chs.build.vob.testdata.dir" value="charness_src/tests/testdata" />
    <property name="java.vendor.url.bug" value="http://bugreport.java.com/bugreport/" />
    <property name="capital.skiplookandfeel" value="false" />
    <property name="jacocolistener" value="com.mentor.junitjacocoant.JaCoCoCoverageCollectingAdaptor" />
    <property name="TODAY" value="May 5 2021" />
    <property name="src" value="src" />
    <property name="user.dir" value="G:\iesdwa\qualitygates\wa\2021.1_ADP1_INT\code\iesd" />
    <property name="classpath.string.env" value="G:\iesdwa\qualitygates\wa\2021.1_ADP1_INT\code\iesd\chs_home\lib\commons-lang.jar;G:\iesdwa\qualitygates\wa\2021.1_ADP1_INT\code\iesd\chs_home\lib\xalan.jar;G:\iesdwa\qualitygates\wa\2021.1_ADP1_INT\code\iesd\chs_home\lib\xerces.jar;G:\iesdwa\qualitygates\wa\2021.1_ADP1_INT\code\iesd\chs_home\lib\capitalcommonlang.jar;G:\iesdwa\qualitygates\wa\2021.1_ADP1_INT\code\iesd\chs_home\lib\capitalwindowslandf.jar;G:\iesdwa\qualitygates\wa\2021.1_ADP1_INT\code\iesd\chs_home\lib\annotations.jar;G:\iesdwa\qualitygates\wa\2021.1_ADP1_INT\code\iesd\chs_home\lib\commons-codec.jar;G:\iesdwa\qualitygates\wa\2021.1_ADP1_INT\code\iesd\chs_home\lib\commons-io.jar;G:\iesdwa\qualitygates\wa\2021.1_ADP1_INT\code\iesd\chs_home\lib\commons-math.jar;G:\iesdwa\qualitygates\wa\2021.1_ADP1_INT\code\iesd\chs_home\lib\capitalannotations.jar;G:\iesdwa\qualitygates\wa\2021.1_ADP1_INT\code\iesd\chs_home\lib\capitalcommon.jar;G:\iesdwa\qualitygates\wa\2021.1_ADP1_INT\code\iesd\chs_home\lib\capitalutils.jar;G:\iesdwa\qualitygates\wa\2021.1_ADP1_INT\code\iesd\chs_home\lib\servicelocator.jar;G:\iesdwa\qualitygates\wa\2021.1_ADP1_INT\code\iesd\chs_home\lib\capitalapi.jar;G:\iesdwa\qualitygates\wa\2021.1_ADP1_INT\code\iesd\chs_home\lib\capitalapiextensions.jar;G:\iesdwa\qualitygates\wa\2021.1_ADP1_INT\code\iesd\chs_home\lib\capitalcof.jar;G:\iesdwa\qualitygates\wa\2021.1_ADP1_INT\code\iesd\chs_home\lib\capitalimages.jar;G:\iesdwa\qualitygates\wa\2021.1_ADP1_INT\code\iesd\chs_home\lib\capitalcapman.jar;G:\iesdwa\qualitygates\wa\2021.1_ADP1_INT\code\iesd\chs_home\lib\capitalcofimpl.jar;G:\iesdwa\qualitygates\wa\2021.1_ADP1_INT\code\iesd\chs_home\lib\capitalcof_baseimpl.jar;G:\iesdwa\qualitygates\wa\2021.1_ADP1_INT\code\iesd\chs_home\lib\capitalcofcafimpl.jar;G:\iesdwa\qualitygates\wa\2021.1_ADP1_INT\code\iesd\chs_home\lib\capitalcaf.jar;G:\iesdwa\qualitygates\wa\2021.1_ADP1_INT\code\iesd\chs_home\lib\capitalcofutils.jar;G:\iesdwa\qualitygates\wa\2021.1_ADP1_INT\code\iesd\chs_home\lib\capitalctf.jar;G:\iesdwa\qualitygates\wa\2021.1_ADP1_INT\code\iesd\chs_home\lib\capitalbridgessdk.jar;G:\iesdwa\qualitygates\wa\2021.1_ADP1_INT\code\iesd\chs_home\lib\capitalbridgesui.jar;G:\iesdwa\qualitygates\wa\2021.1_ADP1_INT\code\iesd\chs_home\lib\log4j.jar;G:\iesdwa\qualitygates\wa\2021.1_ADP1_INT\code\iesd\chs_home\lib\jacorb.jar;G:\iesdwa\qualitygates\wa\2021.1_ADP1_INT\code\iesd\chs_home\lib\jacorb-omgapi.jar;G:\iesdwa\qualitygates\wa\2021.1_ADP1_INT\code\iesd\chs_home\lib\slf4j-api.jar;G:\iesdwa\qualitygates\wa\2021.1_ADP1_INT\code\iesd\chs_home\lib\slf4j-jdk.jar;G:\iesdwa\qualitygates\wa\2021.1_ADP1_INT\code\iesd\chs_home\lib\capitalapiimpl.jar;G:\iesdwa\qualitygates\wa\2021.1_ADP1_INT\code\iesd\chs_home\lib\capitalharness.jar;G:\iesdwa\qualitygates\wa\2021.1_ADP1_INT\code\iesd\chs_home\lib\capitaldbmigrate.jar;G:\iesdwa\qualitygates\wa\2021.1_ADP1_INT\code\iesd\chs_home\bld\testlib\capitaltestscof.jar;G:\iesdwa\qualitygates\wa\2021.1_ADP1_INT\code\iesd\chs_home\bld\testlib\capitaltestscaf.jar;G:\iesdwa\qualitygates\wa\2021.1_ADP1_INT\code\iesd\chs_home\bld\testlib\capitaltestsinterfaces.jar;G:\iesdwa\qualitygates\wa\2021.1_ADP1_INT\code\iesd\chs_home\lib\capitaladaptorbatch.jar;G:\iesdwa\qualitygates\wa\2021.1_ADP1_INT\code\iesd\chs_home\bld\lib\selenium-java-2.45.0.jar;G:\iesdwa\qualitygates\wa\2021.1_ADP1_INT\code\iesd\chs_home\bld\lib\jmockit.jar;G:\iesdwa\qualitygates\wa\2021.1_ADP1_INT\code\iesd\chs_home\bld\lib\junit.jar;G:\iesdwa\qualitygates\wa\2021.1_ADP1_INT\code\iesd\chs_home\lib\js.jar;G:\iesdwa\qualitygates\wa\2021.1_ADP1_INT\code\iesd\chs_home\lib\capitalprofiler.jar;G:\iesdwa\qualitygates\wa\2021.1_ADP1_INT\code\iesd\chs_home\bld\lib\jfcunit.jar;G:\iesdwa\qualitygates\wa\2021.1_ADP1_INT\code\iesd\chs_home\lib\capitalbaseautomation.jar;G:\iesdwa\qualitygates\wa\2021.1_ADP1_INT\code\iesd\chs_home\bld\lib\pdfrenderer.jar;G:\iesdwa\qualitygates\wa\2021.1_ADP1_INT\code\iesd\chs_home\bld\lib\uispec4j.jar;G:\iesdwa\qualitygates\wa\2021.1_ADP1_INT\code\iesd\chs_home\lib\capitalbridges.jar;G:\iesdwa\qualitygates\wa\2021.1_ADP1_INT\code\iesd\chs_home\lib\capitalnxinterfaces.jar;G:\iesdwa\qualitygates\wa\2021.1_ADP1_INT\code\iesd\chs_home\lib\capitalnxremoteplugin.jar;G:\iesdwa\qualitygates\wa\2021.1_ADP1_INT\code\iesd\chs_home\bld\lib\xmlunit.jar;G:\iesdwa\qualitygates\wa\2021.1_ADP1_INT\code\iesd\chs_home\lib\capitaljeda.jar;G:\iesdwa\qualitygates\wa\2021.1_ADP1_INT\code\iesd\chs_home\lib\batik-anim.jar;G:\iesdwa\qualitygates\wa\2021.1_ADP1_INT\code\iesd\chs_home\lib\batik-awt-util.jar;G:\iesdwa\qualitygates\wa\2021.1_ADP1_INT\code\iesd\chs_home\lib\batik-bridge.jar;G:\iesdwa\qualitygates\wa\2021.1_ADP1_INT\code\iesd\chs_home\lib\batik-codec.jar;G:\iesdwa\qualitygates\wa\2021.1_ADP1_INT\code\iesd\chs_home\lib\batik-css.jar;G:\iesdwa\qualitygates\wa\2021.1_ADP1_INT\code\iesd\chs_home\lib\batik-dom.jar;G:\iesdwa\qualitygates\wa\2021.1_ADP1_INT\code\iesd\chs_home\lib\batik-ext.jar;G:\iesdwa\qualitygates\wa\2021.1_ADP1_INT\code\iesd\chs_home\lib\batik-extension.jar;G:\iesdwa\qualitygates\wa\2021.1_ADP1_INT\code\iesd\chs_home\lib\batik-gui-util.jar;G:\iesdwa\qualitygates\wa\2021.1_ADP1_INT\code\iesd\chs_home\lib\batik-gvt.jar;G:\iesdwa\qualitygates\wa\2021.1_ADP1_INT\code\iesd\chs_home\lib\batik-parser.jar;G:\iesdwa\qualitygates\wa\2021.1_ADP1_INT\code\iesd\chs_home\lib\batik-script.jar;G:\iesdwa\qualitygates\wa\2021.1_ADP1_INT\code\iesd\chs_home\lib\batik-svg-dom.jar;G:\iesdwa\qualitygates\wa\2021.1_ADP1_INT\code\iesd\chs_home\lib\batik-svggen.jar;G:\iesdwa\qualitygates\wa\2021.1_ADP1_INT\code\iesd\chs_home\lib\batik-swing.jar;G:\iesdwa\qualitygates\wa\2021.1_ADP1_INT\code\iesd\chs_home\lib\batik-transcoder.jar;G:\iesdwa\qualitygates\wa\2021.1_ADP1_INT\code\iesd\chs_home\lib\batik-util.jar;G:\iesdwa\qualitygates\wa\2021.1_ADP1_INT\code\iesd\chs_home\lib\batik-xml.jar;G:\iesdwa\qualitygates\wa\2021.1_ADP1_INT\code\iesd\chs_home\lib\batik-constants.jar;G:\iesdwa\qualitygates\wa\2021.1_ADP1_INT\code\iesd\chs_home\lib\batik-i18n.jar;G:\iesdwa\qualitygates\wa\2021.1_ADP1_INT\code\iesd\chs_home\lib\xml-apis.jar;G:\iesdwa\qualitygates\wa\2021.1_ADP1_INT\code\iesd\chs_home\lib\xml-apis-ext.jar;G:\iesdwa\qualitygates\wa\2021.1_ADP1_INT\code\iesd\chs_home\bld\testlib\capitaltestbridges.jar;G:\iesdwa\qualitygates\wa\2021.1_ADP1_INT\code\iesd\chs_home\lib\guava.jar;G:\iesdwa\qualitygates\wa\2021.1_ADP1_INT\code\iesd\chs_home\lib\capitalclibrary.jar;G:\iesdwa\qualitygates\wa\2021.1_ADP1_INT\code\iesd\chs_home\lib\capitalharnessdsi.jar;G:\iesdwa\qualitygates\wa\2021.1_ADP1_INT\code\iesd\chs_home\lib\extensions\capitalextensions.jar;G:\iesdwa\qualitygates\wa\2021.1_ADP1_INT\code\iesd\chs_home\lib\teamcenter\capitalteamcenterintegrationimpl.jar;G:\iesdwa\qualitygates\wa\2021.1_ADP1_INT\code\iesd\chs_home\lib\teamcenter\extras\swt.jar;G:\iesdwa\qualitygates\wa\2021.1_ADP1_INT\code\iesd\chs_home\lib\teamcenter\extras\gson.jar;G:\iesdwa\qualitygates\wa\2021.1_ADP1_INT\code\iesd\chs_home\lib\teamcenter\extras\bio-solutions.jar;G:\iesdwa\qualitygates\wa\2021.1_ADP1_INT\code\iesd\chs_home\lib\teamcenter\extras\bio-infrastructure.jar;G:\iesdwa\qualitygates\wa\2021.1_ADP1_INT\code\iesd\chs_home\lib\teamcenter\extras\TcSoaCommon.jar;G:\iesdwa\qualitygates\wa\2021.1_ADP1_INT\code\iesd\chs_home\lib\teamcenter\extras\TcSoaClient.jar;G:\iesdwa\qualitygates\wa\2021.1_ADP1_INT\code\iesd\chs_home\lib\javafx\Windows\lib\javafx-swt.jar;G:\iesdwa\qualitygates\wa\2021.1_ADP1_INT\code\iesd\chs_home\lib\javafx\Windows\lib\javafx.base.jar;G:\iesdwa\qualitygates\wa\2021.1_ADP1_INT\code\iesd\chs_home\lib\javafx\Windows\lib\javafx.controls.jar;G:\iesdwa\qualitygates\wa\2021.1_ADP1_INT\code\iesd\chs_home\lib\javafx\Windows\lib\javafx.fxml.jar;G:\iesdwa\qualitygates\wa\2021.1_ADP1_INT\code\iesd\chs_home\lib\javafx\Windows\lib\javafx.graphics.jar;G:\iesdwa\qualitygates\wa\2021.1_ADP1_INT\code\iesd\chs_home\lib\javafx\Windows\lib\javafx.media.jar;G:\iesdwa\qualitygates\wa\2021.1_ADP1_INT\code\iesd\chs_home\lib\javafx\Windows\lib\javafx.swing.jar;G:\iesdwa\qualitygates\wa\2021.1_ADP1_INT\code\iesd\chs_home\lib\javafx\Windows\lib\javafx.web.jar;G:\iesdwa\qualitygates\wa\2021.1_ADP1_INT\code\iesd\chs_home\lib\pdfbox.jar;G:\iesdwa\qualitygates\wa\2021.1_ADP1_INT\code\iesd\chs_home\lib\fontbox.jar;G:\iesdwa\qualitygates\wa\2021.1_ADP1_INT\code\iesd\chs_home\lib\assertj-core.jar;G:\iesdwa\qualitygates\wa\2021.1_ADP1_INT\code\iesd\chs_home\adaptors\lib\capitaltc.jar;G:\iesdwa\qualitygates\wa\2021.1_ADP1_INT\code\iesd\chs_home\adaptors\lib\capitalixf.jar;G:\iesdwa\qualitygates\wa\2021.1_ADP1_INT\code\iesd\chs_home\lib\capitalresources.jar;G:\iesdwa\qualitygates\wa\2021.1_ADP1_INT\code\iesd\chs_home\bld\testlib\capitaltestharness.jar;G:\iesdwa\qualitygates\wa\2021.1_ADP1_INT\code\iesd\chs_home\lib\capitalcanalysis.jar;G:\iesdwa\qualitygates\wa\2021.1_ADP1_INT\code\iesd\chs_home\lib\trove.jar;G:\iesdwa\qualitygates\wa\2021.1_ADP1_INT\code\iesd\chs_home\lib\capitalpluginapi.jar;G:\iesdwa\qualitygates\wa\2021.1_ADP1_INT\code\iesd\chs_home\lib\capitalapigen.jar;G:\iesdwa\qualitygates\wa\2021.1_ADP1_INT\code\iesd\chs_home\lib\capitalcview.jar;G:\iesdwa\qualitygates\wa\2021.1_ADP1_INT\code\iesd\chs_home\lib\itext.jar;G:\iesdwa\qualitygates\wa\2021.1_ADP1_INT\code\iesd\chs_home\adaptors\lib\capitalnwf.jar;G:\iesdwa\qualitygates\wa\2021.1_ADP1_INT\code\iesd\chs_home\adaptors\lib\capitalproe.jar;G:\iesdwa\qualitygates\wa\2021.1_ADP1_INT\code\iesd\chs_home\adaptors\lib\capitalkbl.jar;G:\iesdwa\qualitygates\wa\2021.1_ADP1_INT\code\iesd\chs_home\adaptors\lib\capitaldsi.jar;G:\iesdwa\qualitygates\wa\2021.1_ADP1_INT\code\iesd\chs_home\adaptors\lib\capitalhcv.jar;G:\iesdwa\qualitygates\wa\2021.1_ADP1_INT\code\iesd\chs_home\adaptors\lib\capitalsolidedge.jar;G:\iesdwa\qualitygates\wa\2021.1_ADP1_INT\code\iesd\chs_home\lib\hsqldb.jar;G:\iesdwa\qualitygates\wa\2021.1_ADP1_INT\code\iesd\chs_home\lib\jboss-rmi-api.jar;G:\iesdwa\qualitygates\wa\2021.1_ADP1_INT\code\iesd\chs_home\lib\avalon-framework.jar;G:\iesdwa\qualitygates\wa\2021.1_ADP1_INT\code\iesd\chs_home\lib\logkit-1.2.jar;G:\iesdwa\qualitygates\wa\2021.1_ADP1_INT\code\iesd\chs_home\lib\commons-logging.jar;G:\iesdwa\qualitygates\wa\2021.1_ADP1_INT\code\iesd\chs_home\lib\jcommon.jar;G:\iesdwa\qualitygates\wa\2021.1_ADP1_INT\code\iesd\chs_home\lib\jfreechart.jar;G:\iesdwa\qualitygates\wa\2021.1_ADP1_INT\code\iesd\chs_home\lib\capitalreporterserverutils.jar;G:\iesdwa\qualitygates\wa\2021.1_ADP1_INT\code\iesd\chs_home\lib\capitalans.jar;G:\iesdwa\qualitygates\wa\2021.1_ADP1_INT\code\iesd\chs_home\lib\capitalrestresources.jar;G:\iesdwa\qualitygates\wa\2021.1_ADP1_INT\code\iesd\chs_home\lib\jackson-annotations.jar;G:\iesdwa\qualitygates\wa\2021.1_ADP1_INT\code\iesd\chs_home\lib\jackson-core.jar;G:\iesdwa\qualitygates\wa\2021.1_ADP1_INT\code\iesd\chs_home\lib\jackson-databind.jar;G:\iesdwa\qualitygates\wa\2021.1_ADP1_INT\code\iesd\chs_home\lib\jackson-jaxrs-base.jar;G:\iesdwa\qualitygates\wa\2021.1_ADP1_INT\code\iesd\chs_home\lib\jackson-jaxrs-json-provider.jar;G:\iesdwa\qualitygates\wa\2021.1_ADP1_INT\code\iesd\infrastructure_src\src\third_party\cobertura\cobertura.jar;G:\iesdwa\qualitygates\wa\2021.1_ADP1_INT\code\iesd\infrastructure_src\src\third_party\cobertura\lib\asm-3.0.jar;G:\iesdwa\qualitygates\wa\2021.1_ADP1_INT\code\iesd\infrastructure_src\src\third_party\cobertura\lib\asm-tree-3.0.jar;G:\iesdwa\qualitygates\wa\2021.1_ADP1_INT\code\iesd\infrastructure_src\src\third_party\cobertura\lib\jakarta-oro-2.0.8.jar;G:\iesdwa\qualitygates\wa\2021.1_ADP1_INT\code\iesd\infrastructure_src\src\third_party\cobertura\lib\log4j-1.2.9.jar;G:\iesdwa\qualitygates\wa\2021.1_ADP1_INT\code\iesd\chs_home\lib\capitaljms.jar;G:\iesdwa\qualitygates\wa\2021.1_ADP1_INT\code\iesd\chs_home\lib\capitalupdaterutils.jar;G:\iesdwa\qualitygates\wa\2021.1_ADP1_INT\code\iesd\chs_home\lib\javax.activation-api.jar;G:\iesdwa\qualitygates\wa\2021.1_ADP1_INT\code\iesd\chs_home\lib\webservices-api.jar;G:\iesdwa\qualitygates\wa\2021.1_ADP1_INT\code\iesd\chs_home\lib\sanj.jar;G:\iesdwa\qualitygates\wa\2021.1_ADP1_INT\code\iesd\chs_home\lib\fop.jar;G:\iesdwa\qualitygates\wa\2021.1_ADP1_INT\code\iesd\chs_home\lib\commons-xmlgraphics.jar;G:\iesdwa\qualitygates\wa\2021.1_ADP1_INT\code\iesd\chs_home\adaptors\lib\capitaltceclientv10.jar;G:\iesdwa\qualitygates\wa\2021.1_ADP1_INT\code\iesd\chs_home\lib\jsoup.jar;G:\iesdwa\qualitygates\wa\2021.1_ADP1_INT\code\iesd\chs_home\lib\jaxb-impl.jar;G:\iesdwa\qualitygates\wa\2021.1_ADP1_INT\code\iesd\chs_home\bld\jacoco\lib\jacocoagent.jar;G:\iesdwa\qualitygates\wa\2021.1_ADP1_INT\code\iesd\chs_home\bld\lib\hamcrest-core.jar;G:\iesdwa\qualitygates\wa\2021.1_ADP1_INT\code\iesd\chs_home\bld\lib\cacio-tta.jar;G:\iesdwa\qualitygates\wa\2021.1_ADP1_INT\code\iesd\chs_home\bld\lib\cacio-shared.jar;G:\iesdwa\qualitygates\wa\2021.1_ADP1_INT\code\iesd\infrastructure_src\src\third_party\assertj-swing\assertj-core.jar;G:\iesdwa\qualitygates\wa\2021.1_ADP1_INT\code\iesd\chs_home\bld\ilib\junit-jacoco-ant.jar;G:\iesdwa\qualitygates\wa\2021.1_ADP1_INT\code\iesd\chs_home\bld\lib\ant-launcher.jar;G:\iesdwa\qualitygates\wa\2021.1_ADP1_INT\code\iesd\chs_home\bld\lib\ant.jar;G:\iesdwa\qualitygates\wa\2021.1_ADP1_INT\code\iesd\chs_home\bld\lib\ant-junit.jar;G:\iesdwa\qualitygates\wa\2021.1_ADP1_INT\code\iesd\chs_home\bld\lib\ant-junit4.jar;G:\iesdwa\qualitygates\wa\2021.1_ADP1_INT\code\iesd\chs_home\lib\socketio.jar" />
    <property name="nodejs_npm.executable" value="G:/iesdwa/qualitygates/wa//2021.1_ADP1_INT/code/iesd/chs_home/bld/nodejs/windows/npm.cmd" />
    <property name="junit.showoutput" value="false" />
    <property name="junit.haltonfailure" value="no" />
    <property name="DEBUG" value="on" />
    <property name="env.=D:" value="D:\" />
    <property name="env.ProgramFiles(x86)" value="C:\Program Files (x86)" />
    <property name="env.CHS_TEMP" value="G:/iesdwa/qualitygates/wa/2021.1_ADP1_INT/code/iesd/chs_home/temp" />
    <property name="env.WORKSPACE_TMP" value="c:\slave\workspace\rerunFailedQualityGateTests@tmp" />
    <property name="env.ANT_OPTS" value="-Xmx1G" />
    <property name="build" value="build" />
    <property name="java.vm.version" value="11.0.4+11" />
    <property name="ant.file.type.GradleSupport" value="file" />
    <property name="build.version.sub" value="1" />
    <property name="capital.timestampserver.url" value="http://timestamp.entrust.net/TSS/JavaHttpTS" />
    <property name="chsbuildtools_home" value="G:/iesdwa/qualitygates/wa//2021.1_ADP1_INT/code/iesd/chs_home/bld" />
    <property name="gradle.executable" value="G:/iesdwa/qualitygates/wa//2021.1_ADP1_INT/code/iesd/chs_home/bld/gradle/bin/gradle.bat" />
    <property name="env.JOB_BASE_NAME" value="rerunFailedQualityGateTests" />
    <property name="env.OneDrive" value="C:\Users\iesdgrid\OneDrive" />
  </properties>
  <testcase classname="chs.caplets.harnesstvm.actions.linebalancing.DefineWorkstationsActionTest" name="testCancelDialogWithSavingChanges" time="18.95" />
  <testcase classname="chs.caplets.harnesstvm.actions.linebalancing.DefineWorkstationsActionTest" name="testCancelDialogWithNoChanges" time="1.99" />
  <testcase classname="chs.caplets.harnesstvm.actions.linebalancing.DefineWorkstationsActionTest" name="testDialogCreation" time="2.197" />
  <testcase classname="chs.caplets.harnesstvm.actions.linebalancing.DefineWorkstationsActionTest" name="testRowAddition" time="3.955" />
  <testcase classname="chs.caplets.harnesstvm.actions.linebalancing.DefineWorkstationsActionTest" name="testRowRemoval" time="6.27" />
  <testcase classname="chs.caplets.harnesstvm.actions.linebalancing.DefineWorkstationsActionTest" name="testMoveDown" time="3.47" />
  <testcase classname="chs.caplets.harnesstvm.actions.linebalancing.DefineWorkstationsActionTest" name="testCancelledDialog" time="3.941" />
  <testcase classname="chs.caplets.harnesstvm.actions.linebalancing.DefineWorkstationsActionTest" name="testCancelDialogWithChanges" time="4.529" />
  <testcase classname="chs.caplets.harnesstvm.actions.linebalancing.DefineWorkstationsActionTest" name="testNewWorkstationHasUniqueName" time="3.324" />
  <testcase classname="chs.caplets.harnesstvm.actions.linebalancing.DefineWorkstationsActionTest" name="testSetResourceToZeroDisablesOK" time="6.172" />
  <testcase classname="chs.caplets.harnesstvm.actions.linebalancing.DefineWorkstationsActionTest" name="testMoveUp" time="4.375" />
  <testcase classname="chs.caplets.harnesstvm.actions.linebalancing.DefineWorkstationsActionTest" name="testCancelWithInvalidChangesShouldNotAllowSave" time="3.452" />
  <testcase classname="chs.caplets.harnesstvm.actions.linebalancing.DefineWorkstationsActionTest" name="testDialogCreationWithDuplicates" time="3.774" />
  <system-out><![CDATA[====== Plugins will NOT be loaded ========
  If the test expects plugins then override CAFTestCase.disablePlugins
==========================================
//
//  V2021.1.1 [Build 475] (BETA) - 4 May 2021 (23:34 IST)
// [Commit: c25fcdc17558a0e41b353d5f128158550d4a8a41]
// Copyright Mentor Graphics Corporation 2001-2021.
//   All Rights Reserved.
//
// This software is in pre-production form and is considered to be Beta Code that is subject to the terms of the current Mentor Graphics End-User License Agreement or your signed agreement with Mentor Graphics that contains beta terms, whichever applies
//
//  **** DEVELOPER BUILD - INTERNAL USE ONLY, NOT FOR DISTRIBUTION
//  **** Java Assertions enabled
//  Allocated Maximum Heap Size = 2048Mb
//  Application start time 2021-05-05 01:50:16 AM Irish Summer Time, using date format yyyy-MM-dd
//  Using JRE version 11.0.4 at C:\apps64\jdk-11.0.4
//
Loading adaptor declarations from: G:\iesdwa\qualitygates\wa\2021.1_ADP1_INT\code\iesd\chs_home/adaptors/adaptors.xml
APP: Object Model Validation Level: HIGH 
APP: Capital Design initialized.
APP: This software is in pre-production form and is considered to be Beta Code that is subject to the terms of the current Mentor Graphics End-User License Agreement or your signed agreement with Mentor Graphics that contains beta terms, whichever applies
Menu Type: CAPITAL_HARNESS_FORMBOARD_ACTIONS
	 Num actions found: 0
TestExecutionOrder=1,Test=DefineWorkstationsActionTest,TestCaseName=testCancelDialogWithSavingChanges
TestExecutionOrder=2,Test=DefineWorkstationsActionTest,TestCaseName=testCancelDialogWithNoChanges
TestExecutionOrder=3,Test=DefineWorkstationsActionTest,TestCaseName=testDialogCreation
TestExecutionOrder=4,Test=DefineWorkstationsActionTest,TestCaseName=testRowAddition
TestExecutionOrder=5,Test=DefineWorkstationsActionTest,TestCaseName=testRowRemoval
TestExecutionOrder=6,Test=DefineWorkstationsActionTest,TestCaseName=testMoveDown
TestExecutionOrder=7,Test=DefineWorkstationsActionTest,TestCaseName=testCancelledDialog
TestExecutionOrder=8,Test=DefineWorkstationsActionTest,TestCaseName=testCancelDialogWithChanges
TestExecutionOrder=9,Test=DefineWorkstationsActionTest,TestCaseName=testNewWorkstationHasUniqueName
TestExecutionOrder=10,Test=DefineWorkstationsActionTest,TestCaseName=testSetResourceToZeroDisablesOK
TestExecutionOrder=11,Test=DefineWorkstationsActionTest,TestCaseName=testMoveUp
TestExecutionOrder=12,Test=DefineWorkstationsActionTest,TestCaseName=testCancelWithInvalidChangesShouldNotAllowSave
TestExecutionOrder=13,Test=DefineWorkstationsActionTest,TestCaseName=testDialogCreationWithDuplicates
]]></system-out>
  <system-err><![CDATA[Exception in thread "JavaFX Application Thread" java.lang.AssertionError
	at chs.caplets.harnessmpm.linebalancing.AbstractLineView.getLineController(AbstractLineView.java:497)
	at chs.caplets.harnessmpm.linebalancing.AbstractLineView.updateResultsFromFilter(AbstractLineView.java:478)
	at chs.caplets.harnessmpm.linebalancing.stackedbar.StackedBarChartLineView.updateResultsFromFilter(StackedBarChartLineView.java:244)
	at chs.caplets.harnessmpm.linebalancing.stackedbar.StackedBarChartLineView.lambda$draw$2(StackedBarChartLineView.java:104)
	at com.sun.javafx.application.PlatformImpl.lambda$runLater$10(PlatformImpl.java:428)
	at java.base/java.security.AccessController.doPrivileged(Native Method)
	at com.sun.javafx.application.PlatformImpl.lambda$runLater$11(PlatformImpl.java:427)
	at com.sun.glass.ui.InvokeLaterDispatcher$Future.run(InvokeLaterDispatcher.java:96)
	at com.sun.glass.ui.win.WinApplication._runLoop(Native Method)
	at com.sun.glass.ui.win.WinApplication.lambda$runLoop$3(WinApplication.java:174)
	at java.base/java.lang.Thread.run(Thread.java:834)
Exception in thread "JavaFX Application Thread" java.lang.AssertionError
	at chs.caplets.harnessmpm.linebalancing.AbstractLineView.getLineController(AbstractLineView.java:497)
	at chs.caplets.harnessmpm.linebalancing.AbstractLineView.updateResultsFromFilter(AbstractLineView.java:478)
	at chs.caplets.harnessmpm.linebalancing.stackedbar.StackedBarChartLineView.updateResultsFromFilter(StackedBarChartLineView.java:244)
	at chs.caplets.harnessmpm.linebalancing.stackedbar.StackedBarChartLineView.lambda$draw$2(StackedBarChartLineView.java:104)
	at com.sun.javafx.application.PlatformImpl.lambda$runLater$10(PlatformImpl.java:428)
	at java.base/java.security.AccessController.doPrivileged(Native Method)
	at com.sun.javafx.application.PlatformImpl.lambda$runLater$11(PlatformImpl.java:427)
	at com.sun.glass.ui.InvokeLaterDispatcher$Future.run(InvokeLaterDispatcher.java:96)
	at com.sun.glass.ui.win.WinApplication._runLoop(Native Method)
	at com.sun.glass.ui.win.WinApplication.lambda$runLoop$3(WinApplication.java:174)
	at java.base/java.lang.Thread.run(Thread.java:834)
Exception in thread "JavaFX Application Thread" java.lang.AssertionError
	at chs.caplets.harnessmpm.linebalancing.AbstractLineView.getLineController(AbstractLineView.java:497)
	at chs.caplets.harnessmpm.linebalancing.AbstractLineView.updateResultsFromFilter(AbstractLineView.java:478)
	at chs.caplets.harnessmpm.linebalancing.stackedbar.StackedBarChartLineView.updateResultsFromFilter(StackedBarChartLineView.java:244)
	at chs.caplets.harnessmpm.linebalancing.stackedbar.StackedBarChartLineView.lambda$draw$2(StackedBarChartLineView.java:104)
	at com.sun.javafx.application.PlatformImpl.lambda$runLater$10(PlatformImpl.java:428)
	at java.base/java.security.AccessController.doPrivileged(Native Method)
	at com.sun.javafx.application.PlatformImpl.lambda$runLater$11(PlatformImpl.java:427)
	at com.sun.glass.ui.InvokeLaterDispatcher$Future.run(InvokeLaterDispatcher.java:96)
	at com.sun.glass.ui.win.WinApplication._runLoop(Native Method)
	at com.sun.glass.ui.win.WinApplication.lambda$runLoop$3(WinApplication.java:174)
	at java.base/java.lang.Thread.run(Thread.java:834)
Exception in thread "JavaFX Application Thread" java.lang.NullPointerException
	at chs.caf.cafmain.actions.linebalancing.AbstractLineScenarioAction.setCapletModelUnmodified(AbstractLineScenarioAction.java:111)
	at chs.caf.cafmain.actions.linebalancing.AbstractLineScenarioAction.saveScenario(AbstractLineScenarioAction.java:106)
	at chs.caf.cafmain.actions.linebalancing.DefineWorkstationsAction.updateAndSave(DefineWorkstationsAction.java:263)
	at chs.caf.cafmain.actions.linebalancing.DefineWorkstationsAction.lambda$actionPerformed$2(DefineWorkstationsAction.java:97)
	at com.sun.javafx.application.PlatformImpl.lambda$runLater$10(PlatformImpl.java:428)
	at java.base/java.security.AccessController.doPrivileged(Native Method)
	at com.sun.javafx.application.PlatformImpl.lambda$runLater$11(PlatformImpl.java:427)
	at com.sun.glass.ui.InvokeLaterDispatcher$Future.run(InvokeLaterDispatcher.java:96)
	at com.sun.glass.ui.win.WinApplication._runLoop(Native Method)
	at com.sun.glass.ui.win.WinApplication.lambda$runLoop$3(WinApplication.java:174)
	at java.base/java.lang.Thread.run(Thread.java:834)
Exception in thread "JavaFX Application Thread" java.lang.AssertionError
	at chs.caplets.harnessmpm.linebalancing.AbstractLineView.getLineController(AbstractLineView.java:497)
	at chs.caplets.harnessmpm.linebalancing.AbstractLineView.updateResultsFromFilter(AbstractLineView.java:478)
	at chs.caplets.harnessmpm.linebalancing.stackedbar.StackedBarChartLineView.updateResultsFromFilter(StackedBarChartLineView.java:244)
	at chs.caplets.harnessmpm.linebalancing.stackedbar.StackedBarChartLineView.lambda$draw$2(StackedBarChartLineView.java:104)
	at com.sun.javafx.application.PlatformImpl.lambda$runLater$10(PlatformImpl.java:428)
	at java.base/java.security.AccessController.doPrivileged(Native Method)
	at com.sun.javafx.application.PlatformImpl.lambda$runLater$11(PlatformImpl.java:427)
	at com.sun.glass.ui.InvokeLaterDispatcher$Future.run(InvokeLaterDispatcher.java:96)
	at com.sun.glass.ui.win.WinApplication._runLoop(Native Method)
	at com.sun.glass.ui.win.WinApplication.lambda$runLoop$3(WinApplication.java:174)
	at java.base/java.lang.Thread.run(Thread.java:834)
Exception in thread "JavaFX Application Thread" java.lang.AssertionError
	at chs.caplets.harnessmpm.linebalancing.AbstractLineView.getLineController(AbstractLineView.java:497)
	at chs.caplets.harnessmpm.linebalancing.AbstractLineView.updateResultsFromFilter(AbstractLineView.java:478)
	at chs.caplets.harnessmpm.linebalancing.stackedbar.StackedBarChartLineView.updateResultsFromFilter(StackedBarChartLineView.java:244)
	at chs.caplets.harnessmpm.linebalancing.stackedbar.StackedBarChartLineView.lambda$draw$2(StackedBarChartLineView.java:104)
	at com.sun.javafx.application.PlatformImpl.lambda$runLater$10(PlatformImpl.java:428)
	at java.base/java.security.AccessController.doPrivileged(Native Method)
	at com.sun.javafx.application.PlatformImpl.lambda$runLater$11(PlatformImpl.java:427)
	at com.sun.glass.ui.InvokeLaterDispatcher$Future.run(InvokeLaterDispatcher.java:96)
	at com.sun.glass.ui.win.WinApplication._runLoop(Native Method)
	at com.sun.glass.ui.win.WinApplication.lambda$runLoop$3(WinApplication.java:174)
	at java.base/java.lang.Thread.run(Thread.java:834)
Exception in thread "JavaFX Application Thread" java.lang.NullPointerException
	at chs.caf.cafmain.actions.linebalancing.AbstractLineScenarioAction.setCapletModelUnmodified(AbstractLineScenarioAction.java:111)
	at chs.caf.cafmain.actions.linebalancing.AbstractLineScenarioAction.saveScenario(AbstractLineScenarioAction.java:106)
	at chs.caf.cafmain.actions.linebalancing.DefineWorkstationsAction.updateAndSave(DefineWorkstationsAction.java:263)
	at chs.caf.cafmain.actions.linebalancing.DefineWorkstationsAction.lambda$actionPerformed$2(DefineWorkstationsAction.java:97)
	at com.sun.javafx.application.PlatformImpl.lambda$runLater$10(PlatformImpl.java:428)
	at java.base/java.security.AccessController.doPrivileged(Native Method)
	at com.sun.javafx.application.PlatformImpl.lambda$runLater$11(PlatformImpl.java:427)
	at com.sun.glass.ui.InvokeLaterDispatcher$Future.run(InvokeLaterDispatcher.java:96)
	at com.sun.glass.ui.win.WinApplication._runLoop(Native Method)
	at com.sun.glass.ui.win.WinApplication.lambda$runLoop$3(WinApplication.java:174)
	at java.base/java.lang.Thread.run(Thread.java:834)
Exception in thread "JavaFX Application Thread" java.lang.AssertionError
	at chs.caplets.harnessmpm.linebalancing.AbstractLineView.getLineController(AbstractLineView.java:497)
	at chs.caplets.harnessmpm.linebalancing.AbstractLineView.updateResultsFromFilter(AbstractLineView.java:478)
	at chs.caplets.harnessmpm.linebalancing.stackedbar.StackedBarChartLineView.updateResultsFromFilter(StackedBarChartLineView.java:244)
	at chs.caplets.harnessmpm.linebalancing.stackedbar.StackedBarChartLineView.lambda$draw$2(StackedBarChartLineView.java:104)
	at com.sun.javafx.application.PlatformImpl.lambda$runLater$10(PlatformImpl.java:428)
	at java.base/java.security.AccessController.doPrivileged(Native Method)
	at com.sun.javafx.application.PlatformImpl.lambda$runLater$11(PlatformImpl.java:427)
	at com.sun.glass.ui.InvokeLaterDispatcher$Future.run(InvokeLaterDispatcher.java:96)
	at com.sun.glass.ui.win.WinApplication._runLoop(Native Method)
	at com.sun.glass.ui.win.WinApplication.lambda$runLoop$3(WinApplication.java:174)
	at java.base/java.lang.Thread.run(Thread.java:834)
Exception in thread "JavaFX Application Thread" java.lang.AssertionError
	at chs.caplets.harnessmpm.linebalancing.AbstractLineView.getLineController(AbstractLineView.java:497)
	at chs.caplets.harnessmpm.linebalancing.AbstractLineView.updateResultsFromFilter(AbstractLineView.java:478)
	at chs.caplets.harnessmpm.linebalancing.stackedbar.StackedBarChartLineView.updateResultsFromFilter(StackedBarChartLineView.java:244)
	at chs.caplets.harnessmpm.linebalancing.stackedbar.StackedBarChartLineView.lambda$draw$2(StackedBarChartLineView.java:104)
	at com.sun.javafx.application.PlatformImpl.lambda$runLater$10(PlatformImpl.java:428)
	at java.base/java.security.AccessController.doPrivileged(Native Method)
	at com.sun.javafx.application.PlatformImpl.lambda$runLater$11(PlatformImpl.java:427)
	at com.sun.glass.ui.InvokeLaterDispatcher$Future.run(InvokeLaterDispatcher.java:96)
	at com.sun.glass.ui.win.WinApplication._runLoop(Native Method)
	at com.sun.glass.ui.win.WinApplication.lambda$runLoop$3(WinApplication.java:174)
	at java.base/java.lang.Thread.run(Thread.java:834)
Exception in thread "JavaFX Application Thread" java.lang.NullPointerException
	at chs.caf.cafmain.actions.linebalancing.AbstractLineScenarioAction.setCapletModelUnmodified(AbstractLineScenarioAction.java:111)
	at chs.caf.cafmain.actions.linebalancing.AbstractLineScenarioAction.saveScenario(AbstractLineScenarioAction.java:106)
	at chs.caf.cafmain.actions.linebalancing.DefineWorkstationsAction.updateAndSave(DefineWorkstationsAction.java:263)
	at chs.caf.cafmain.actions.linebalancing.DefineWorkstationsAction.lambda$actionPerformed$2(DefineWorkstationsAction.java:97)
	at com.sun.javafx.application.PlatformImpl.lambda$runLater$10(PlatformImpl.java:428)
	at java.base/java.security.AccessController.doPrivileged(Native Method)
	at com.sun.javafx.application.PlatformImpl.lambda$runLater$11(PlatformImpl.java:427)
	at com.sun.glass.ui.InvokeLaterDispatcher$Future.run(InvokeLaterDispatcher.java:96)
	at com.sun.glass.ui.win.WinApplication._runLoop(Native Method)
	at com.sun.glass.ui.win.WinApplication.lambda$runLoop$3(WinApplication.java:174)
	at java.base/java.lang.Thread.run(Thread.java:834)
Exception in thread "JavaFX Application Thread" java.lang.AssertionError
	at chs.caplets.harnessmpm.linebalancing.AbstractLineView.getLineController(AbstractLineView.java:497)
	at chs.caplets.harnessmpm.linebalancing.AbstractLineView.updateResultsFromFilter(AbstractLineView.java:478)
	at chs.caplets.harnessmpm.linebalancing.stackedbar.StackedBarChartLineView.updateResultsFromFilter(StackedBarChartLineView.java:244)
	at chs.caplets.harnessmpm.linebalancing.stackedbar.StackedBarChartLineView.lambda$draw$2(StackedBarChartLineView.java:104)
	at com.sun.javafx.application.PlatformImpl.lambda$runLater$10(PlatformImpl.java:428)
	at java.base/java.security.AccessController.doPrivileged(Native Method)
	at com.sun.javafx.application.PlatformImpl.lambda$runLater$11(PlatformImpl.java:427)
	at com.sun.glass.ui.InvokeLaterDispatcher$Future.run(InvokeLaterDispatcher.java:96)
	at com.sun.glass.ui.win.WinApplication._runLoop(Native Method)
	at com.sun.glass.ui.win.WinApplication.lambda$runLoop$3(WinApplication.java:174)
	at java.base/java.lang.Thread.run(Thread.java:834)
Exception in thread "JavaFX Application Thread" java.lang.NullPointerException
	at chs.caf.cafmain.actions.linebalancing.AbstractLineScenarioAction.setCapletModelUnmodified(AbstractLineScenarioAction.java:111)
	at chs.caf.cafmain.actions.linebalancing.AbstractLineScenarioAction.saveScenario(AbstractLineScenarioAction.java:106)
	at chs.caf.cafmain.actions.linebalancing.DefineWorkstationsAction.updateAndSave(DefineWorkstationsAction.java:263)
	at chs.caf.cafmain.actions.linebalancing.DefineWorkstationsAction.lambda$actionPerformed$2(DefineWorkstationsAction.java:97)
	at com.sun.javafx.application.PlatformImpl.lambda$runLater$10(PlatformImpl.java:428)
	at java.base/java.security.AccessController.doPrivileged(Native Method)
	at com.sun.javafx.application.PlatformImpl.lambda$runLater$11(PlatformImpl.java:427)
	at com.sun.glass.ui.InvokeLaterDispatcher$Future.run(InvokeLaterDispatcher.java:96)
	at com.sun.glass.ui.win.WinApplication._runLoop(Native Method)
	at com.sun.glass.ui.win.WinApplication.lambda$runLoop$3(WinApplication.java:174)
	at java.base/java.lang.Thread.run(Thread.java:834)
Exception in thread "JavaFX Application Thread" java.lang.AssertionError
	at chs.caplets.harnessmpm.linebalancing.AbstractLineView.getLineController(AbstractLineView.java:497)
	at chs.caplets.harnessmpm.linebalancing.AbstractLineView.updateResultsFromFilter(AbstractLineView.java:478)
	at chs.caplets.harnessmpm.linebalancing.stackedbar.StackedBarChartLineView.updateResultsFromFilter(StackedBarChartLineView.java:244)
	at chs.caplets.harnessmpm.linebalancing.stackedbar.StackedBarChartLineView.lambda$draw$2(StackedBarChartLineView.java:104)
	at com.sun.javafx.application.PlatformImpl.lambda$runLater$10(PlatformImpl.java:428)
	at java.base/java.security.AccessController.doPrivileged(Native Method)
	at com.sun.javafx.application.PlatformImpl.lambda$runLater$11(PlatformImpl.java:427)
	at com.sun.glass.ui.InvokeLaterDispatcher$Future.run(InvokeLaterDispatcher.java:96)
	at com.sun.glass.ui.win.WinApplication._runLoop(Native Method)
	at com.sun.glass.ui.win.WinApplication.lambda$runLoop$3(WinApplication.java:174)
	at java.base/java.lang.Thread.run(Thread.java:834)
Exception in thread "JavaFX Application Thread" java.lang.NullPointerException
	at chs.caf.cafmain.actions.linebalancing.AbstractLineScenarioAction.setCapletModelUnmodified(AbstractLineScenarioAction.java:111)
	at chs.caf.cafmain.actions.linebalancing.AbstractLineScenarioAction.saveScenario(AbstractLineScenarioAction.java:106)
	at chs.caf.cafmain.actions.linebalancing.DefineWorkstationsAction.updateAndSave(DefineWorkstationsAction.java:263)
	at chs.caf.cafmain.actions.linebalancing.DefineWorkstationsAction.lambda$actionPerformed$2(DefineWorkstationsAction.java:97)
	at com.sun.javafx.application.PlatformImpl.lambda$runLater$10(PlatformImpl.java:428)
	at java.base/java.security.AccessController.doPrivileged(Native Method)
	at com.sun.javafx.application.PlatformImpl.lambda$runLater$11(PlatformImpl.java:427)
	at com.sun.glass.ui.InvokeLaterDispatcher$Future.run(InvokeLaterDispatcher.java:96)
	at com.sun.glass.ui.win.WinApplication._runLoop(Native Method)
	at com.sun.glass.ui.win.WinApplication.lambda$runLoop$3(WinApplication.java:174)
	at java.base/java.lang.Thread.run(Thread.java:834)
Exception in thread "JavaFX Application Thread" java.lang.AssertionError
	at chs.caplets.harnessmpm.linebalancing.AbstractLineView.getLineController(AbstractLineView.java:497)
	at chs.caplets.harnessmpm.linebalancing.AbstractLineView.updateResultsFromFilter(AbstractLineView.java:478)
	at chs.caplets.harnessmpm.linebalancing.stackedbar.StackedBarChartLineView.updateResultsFromFilter(StackedBarChartLineView.java:244)
	at chs.caplets.harnessmpm.linebalancing.stackedbar.StackedBarChartLineView.lambda$draw$2(StackedBarChartLineView.java:104)
	at com.sun.javafx.application.PlatformImpl.lambda$runLater$10(PlatformImpl.java:428)
	at java.base/java.security.AccessController.doPrivileged(Native Method)
	at com.sun.javafx.application.PlatformImpl.lambda$runLater$11(PlatformImpl.java:427)
	at com.sun.glass.ui.InvokeLaterDispatcher$Future.run(InvokeLaterDispatcher.java:96)
	at com.sun.glass.ui.win.WinApplication._runLoop(Native Method)
	at com.sun.glass.ui.win.WinApplication.lambda$runLoop$3(WinApplication.java:174)
	at java.base/java.lang.Thread.run(Thread.java:834)
Exception in thread "JavaFX Application Thread" java.lang.AssertionError
	at chs.caplets.harnessmpm.linebalancing.AbstractLineView.getLineController(AbstractLineView.java:497)
	at chs.caplets.harnessmpm.linebalancing.AbstractLineView.updateResultsFromFilter(AbstractLineView.java:478)
	at chs.caplets.harnessmpm.linebalancing.stackedbar.StackedBarChartLineView.updateResultsFromFilter(StackedBarChartLineView.java:244)
	at chs.caplets.harnessmpm.linebalancing.stackedbar.StackedBarChartLineView.lambda$draw$2(StackedBarChartLineView.java:104)
	at com.sun.javafx.application.PlatformImpl.lambda$runLater$10(PlatformImpl.java:428)
	at java.base/java.security.AccessController.doPrivileged(Native Method)
	at com.sun.javafx.application.PlatformImpl.lambda$runLater$11(PlatformImpl.java:427)
	at com.sun.glass.ui.InvokeLaterDispatcher$Future.run(InvokeLaterDispatcher.java:96)
	at com.sun.glass.ui.win.WinApplication._runLoop(Native Method)
	at com.sun.glass.ui.win.WinApplication.lambda$runLoop$3(WinApplication.java:174)
	at java.base/java.lang.Thread.run(Thread.java:834)
Exception in thread "JavaFX Application Thread" java.lang.AssertionError
	at chs.caplets.harnessmpm.linebalancing.AbstractLineView.getLineController(AbstractLineView.java:497)
	at chs.caplets.harnessmpm.linebalancing.AbstractLineView.updateResultsFromFilter(AbstractLineView.java:478)
	at chs.caplets.harnessmpm.linebalancing.stackedbar.StackedBarChartLineView.updateResultsFromFilter(StackedBarChartLineView.java:244)
	at chs.caplets.harnessmpm.linebalancing.stackedbar.StackedBarChartLineView.lambda$draw$2(StackedBarChartLineView.java:104)
	at com.sun.javafx.application.PlatformImpl.lambda$runLater$10(PlatformImpl.java:428)
	at java.base/java.security.AccessController.doPrivileged(Native Method)
	at com.sun.javafx.application.PlatformImpl.lambda$runLater$11(PlatformImpl.java:427)
	at com.sun.glass.ui.InvokeLaterDispatcher$Future.run(InvokeLaterDispatcher.java:96)
	at com.sun.glass.ui.win.WinApplication._runLoop(Native Method)
	at com.sun.glass.ui.win.WinApplication.lambda$runLoop$3(WinApplication.java:174)
	at java.base/java.lang.Thread.run(Thread.java:834)
Exception in thread "JavaFX Application Thread" java.lang.AssertionError
	at chs.caplets.harnessmpm.linebalancing.AbstractLineView.getLineController(AbstractLineView.java:497)
	at chs.caplets.harnessmpm.linebalancing.AbstractLineView.updateResultsFromFilter(AbstractLineView.java:478)
	at chs.caplets.harnessmpm.linebalancing.stackedbar.StackedBarChartLineView.updateResultsFromFilter(StackedBarChartLineView.java:244)
	at chs.caplets.harnessmpm.linebalancing.stackedbar.StackedBarChartLineView.lambda$draw$2(StackedBarChartLineView.java:104)
	at com.sun.javafx.application.PlatformImpl.lambda$runLater$10(PlatformImpl.java:428)
	at java.base/java.security.AccessController.doPrivileged(Native Method)
	at com.sun.javafx.application.PlatformImpl.lambda$runLater$11(PlatformImpl.java:427)
	at com.sun.glass.ui.InvokeLaterDispatcher$Future.run(InvokeLaterDispatcher.java:96)
	at com.sun.glass.ui.win.WinApplication._runLoop(Native Method)
	at com.sun.glass.ui.win.WinApplication.lambda$runLoop$3(WinApplication.java:174)
	at java.base/java.lang.Thread.run(Thread.java:834)
Exception in thread "JavaFX Application Thread" java.lang.NullPointerException
	at chs.caf.cafmain.actions.linebalancing.AbstractLineScenarioAction.setCapletModelUnmodified(AbstractLineScenarioAction.java:111)
	at chs.caf.cafmain.actions.linebalancing.AbstractLineScenarioAction.saveScenario(AbstractLineScenarioAction.java:106)
	at chs.caf.cafmain.actions.linebalancing.DefineWorkstationsAction.updateAndSave(DefineWorkstationsAction.java:263)
	at chs.caf.cafmain.actions.linebalancing.DefineWorkstationsAction.lambda$actionPerformed$2(DefineWorkstationsAction.java:97)
	at com.sun.javafx.application.PlatformImpl.lambda$runLater$10(PlatformImpl.java:428)
	at java.base/java.security.AccessController.doPrivileged(Native Method)
	at com.sun.javafx.application.PlatformImpl.lambda$runLater$11(PlatformImpl.java:427)
	at com.sun.glass.ui.InvokeLaterDispatcher$Future.run(InvokeLaterDispatcher.java:96)
	at com.sun.glass.ui.win.WinApplication._runLoop(Native Method)
	at com.sun.glass.ui.win.WinApplication.lambda$runLoop$3(WinApplication.java:174)
	at java.base/java.lang.Thread.run(Thread.java:834)
Exception in thread "JavaFX Application Thread" java.lang.AssertionError
	at chs.caplets.harnessmpm.linebalancing.AbstractLineView.getLineController(AbstractLineView.java:497)
	at chs.caplets.harnessmpm.linebalancing.AbstractLineView.updateResultsFromFilter(AbstractLineView.java:478)
	at chs.caplets.harnessmpm.linebalancing.stackedbar.StackedBarChartLineView.updateResultsFromFilter(StackedBarChartLineView.java:244)
	at chs.caplets.harnessmpm.linebalancing.stackedbar.StackedBarChartLineView.lambda$draw$2(StackedBarChartLineView.java:104)
	at com.sun.javafx.application.PlatformImpl.lambda$runLater$10(PlatformImpl.java:428)
	at java.base/java.security.AccessController.doPrivileged(Native Method)
	at com.sun.javafx.application.PlatformImpl.lambda$runLater$11(PlatformImpl.java:427)
	at com.sun.glass.ui.InvokeLaterDispatcher$Future.run(InvokeLaterDispatcher.java:96)
	at com.sun.glass.ui.win.WinApplication._runLoop(Native Method)
	at com.sun.glass.ui.win.WinApplication.lambda$runLoop$3(WinApplication.java:174)
	at java.base/java.lang.Thread.run(Thread.java:834)
Exception in thread "JavaFX Application Thread" java.lang.AssertionError
	at chs.caplets.harnessmpm.linebalancing.AbstractLineView.getLineController(AbstractLineView.java:497)
	at chs.caplets.harnessmpm.linebalancing.AbstractLineView.updateResultsFromFilter(AbstractLineView.java:478)
	at chs.caplets.harnessmpm.linebalancing.stackedbar.StackedBarChartLineView.updateResultsFromFilter(StackedBarChartLineView.java:244)
	at chs.caplets.harnessmpm.linebalancing.stackedbar.StackedBarChartLineView.lambda$draw$2(StackedBarChartLineView.java:104)
	at com.sun.javafx.application.PlatformImpl.lambda$runLater$10(PlatformImpl.java:428)
	at java.base/java.security.AccessController.doPrivileged(Native Method)
	at com.sun.javafx.application.PlatformImpl.lambda$runLater$11(PlatformImpl.java:427)
	at com.sun.glass.ui.InvokeLaterDispatcher$Future.run(InvokeLaterDispatcher.java:96)
	at com.sun.glass.ui.win.WinApplication._runLoop(Native Method)
	at com.sun.glass.ui.win.WinApplication.lambda$runLoop$3(WinApplication.java:174)
	at java.base/java.lang.Thread.run(Thread.java:834)
Exception in thread "JavaFX Application Thread" chs.cog.PersistenceUnloadedStaleObjectException: Object was unloaded, uid=UID0fce2e-1793a012bc4-72d66111c39dcad18900055b992f29f3
	at chs.cog.operation.GetChildrenOperation.shouldObjectBeConsidered(GetChildrenOperation.java:152)
	at chs.cog.operation.GetChildrenOperation.determineTheParentsWhoseChildrenCanBeLoaded(GetChildrenOperation.java:77)
	at chs.cog.operation.GetChildrenOperation.<init>(GetChildrenOperation.java:66)
	at chs.cog.operation.GetChildrenOperation.<init>(GetChildrenOperation.java:54)
	at chs.cog.DefaultPersistenceSessionImpl.batchGetChildren(DefaultPersistenceSessionImpl.java:1640)
	at chs.cog.delegate.COGPersistentDelegate.batchGetChildren(COGPersistentDelegate.java:143)
	at chs.cof.sbom.linebalancing.model.GeneratedPrivilegedLineScenario.getContent(GeneratedPrivilegedLineScenario.java:4570)
	at chs.caplets.harnessmpm.linebalancing.LineViewController.workstationsChanged(LineViewController.java:426)
	at chs.caf.cafmain.actions.linebalancing.DefineWorkstationsAction.updateAndSave(DefineWorkstationsAction.java:255)
	at chs.caf.cafmain.actions.linebalancing.DefineWorkstationsAction.lambda$actionPerformed$2(DefineWorkstationsAction.java:97)
	at com.sun.javafx.application.PlatformImpl.lambda$runLater$10(PlatformImpl.java:428)
	at java.base/java.security.AccessController.doPrivileged(Native Method)
	at com.sun.javafx.application.PlatformImpl.lambda$runLater$11(PlatformImpl.java:427)
	at com.sun.glass.ui.InvokeLaterDispatcher$Future.run(InvokeLaterDispatcher.java:96)
	at com.sun.glass.ui.win.WinApplication._runLoop(Native Method)
	at com.sun.glass.ui.win.WinApplication.lambda$runLoop$3(WinApplication.java:174)
	at java.base/java.lang.Thread.run(Thread.java:834)
Exception in thread "JavaFX Application Thread" java.lang.AssertionError
	at chs.caplets.harnessmpm.linebalancing.AbstractLineView.getLineController(AbstractLineView.java:497)
	at chs.caplets.harnessmpm.linebalancing.AbstractLineView.updateResultsFromFilter(AbstractLineView.java:478)
	at chs.caplets.harnessmpm.linebalancing.stackedbar.StackedBarChartLineView.updateResultsFromFilter(StackedBarChartLineView.java:244)
	at chs.caplets.harnessmpm.linebalancing.stackedbar.StackedBarChartLineView.lambda$draw$2(StackedBarChartLineView.java:104)
	at com.sun.javafx.application.PlatformImpl.lambda$runLater$10(PlatformImpl.java:428)
	at java.base/java.security.AccessController.doPrivileged(Native Method)
	at com.sun.javafx.application.PlatformImpl.lambda$runLater$11(PlatformImpl.java:427)
	at com.sun.glass.ui.InvokeLaterDispatcher$Future.run(InvokeLaterDispatcher.java:96)
	at com.sun.glass.ui.win.WinApplication._runLoop(Native Method)
	at com.sun.glass.ui.win.WinApplication.lambda$runLoop$3(WinApplication.java:174)
	at java.base/java.lang.Thread.run(Thread.java:834)
Exception in thread "JavaFX Application Thread" java.lang.NullPointerException
	at chs.caf.cafmain.actions.linebalancing.AbstractLineScenarioAction.setCapletModelUnmodified(AbstractLineScenarioAction.java:111)
	at chs.caf.cafmain.actions.linebalancing.AbstractLineScenarioAction.saveScenario(AbstractLineScenarioAction.java:106)
	at chs.caf.cafmain.actions.linebalancing.DefineWorkstationsAction.updateAndSave(DefineWorkstationsAction.java:263)
	at chs.caf.cafmain.actions.linebalancing.DefineWorkstationsAction.lambda$actionPerformed$2(DefineWorkstationsAction.java:97)
	at com.sun.javafx.application.PlatformImpl.lambda$runLater$10(PlatformImpl.java:428)
	at java.base/java.security.AccessController.doPrivileged(Native Method)
	at com.sun.javafx.application.PlatformImpl.lambda$runLater$11(PlatformImpl.java:427)
	at com.sun.glass.ui.InvokeLaterDispatcher$Future.run(InvokeLaterDispatcher.java:96)
	at com.sun.glass.ui.win.WinApplication._runLoop(Native Method)
	at com.sun.glass.ui.win.WinApplication.lambda$runLoop$3(WinApplication.java:174)
	at java.base/java.lang.Thread.run(Thread.java:834)
Exception in thread "JavaFX Application Thread" java.lang.AssertionError
	at chs.caplets.harnessmpm.linebalancing.AbstractLineView.getLineController(AbstractLineView.java:497)
	at chs.caplets.harnessmpm.linebalancing.AbstractLineView.updateResultsFromFilter(AbstractLineView.java:478)
	at chs.caplets.harnessmpm.linebalancing.stackedbar.StackedBarChartLineView.updateResultsFromFilter(StackedBarChartLineView.java:244)
	at chs.caplets.harnessmpm.linebalancing.stackedbar.StackedBarChartLineView.lambda$draw$2(StackedBarChartLineView.java:104)
	at com.sun.javafx.application.PlatformImpl.lambda$runLater$10(PlatformImpl.java:428)
	at java.base/java.security.AccessController.doPrivileged(Native Method)
	at com.sun.javafx.application.PlatformImpl.lambda$runLater$11(PlatformImpl.java:427)
	at com.sun.glass.ui.InvokeLaterDispatcher$Future.run(InvokeLaterDispatcher.java:96)
	at com.sun.glass.ui.win.WinApplication._runLoop(Native Method)
	at com.sun.glass.ui.win.WinApplication.lambda$runLoop$3(WinApplication.java:174)
	at java.base/java.lang.Thread.run(Thread.java:834)
Exception in thread "JavaFX Application Thread" java.lang.AssertionError
	at chs.caplets.harnessmpm.linebalancing.AbstractLineView.getLineController(AbstractLineView.java:497)
	at chs.caplets.harnessmpm.linebalancing.AbstractLineView.updateResultsFromFilter(AbstractLineView.java:478)
	at chs.caplets.harnessmpm.linebalancing.stackedbar.StackedBarChartLineView.updateResultsFromFilter(StackedBarChartLineView.java:244)
	at chs.caplets.harnessmpm.linebalancing.stackedbar.StackedBarChartLineView.lambda$draw$2(StackedBarChartLineView.java:104)
	at com.sun.javafx.application.PlatformImpl.lambda$runLater$10(PlatformImpl.java:428)
	at java.base/java.security.AccessController.doPrivileged(Native Method)
	at com.sun.javafx.application.PlatformImpl.lambda$runLater$11(PlatformImpl.java:427)
	at com.sun.glass.ui.InvokeLaterDispatcher$Future.run(InvokeLaterDispatcher.java:96)
	at com.sun.glass.ui.win.WinApplication._runLoop(Native Method)
	at com.sun.glass.ui.win.WinApplication.lambda$runLoop$3(WinApplication.java:174)
	at java.base/java.lang.Thread.run(Thread.java:834)
Exception in thread "JavaFX Application Thread" java.lang.AssertionError
	at chs.caplets.harnessmpm.linebalancing.AbstractLineView.getLineController(AbstractLineView.java:497)
	at chs.caplets.harnessmpm.linebalancing.AbstractLineView.updateResultsFromFilter(AbstractLineView.java:478)
	at chs.caplets.harnessmpm.linebalancing.stackedbar.StackedBarChartLineView.updateResultsFromFilter(StackedBarChartLineView.java:244)
	at chs.caplets.harnessmpm.linebalancing.stackedbar.StackedBarChartLineView.lambda$draw$2(StackedBarChartLineView.java:104)
	at com.sun.javafx.application.PlatformImpl.lambda$runLater$10(PlatformImpl.java:428)
	at java.base/java.security.AccessController.doPrivileged(Native Method)
	at com.sun.javafx.application.PlatformImpl.lambda$runLater$11(PlatformImpl.java:427)
	at com.sun.glass.ui.InvokeLaterDispatcher$Future.run(InvokeLaterDispatcher.java:96)
	at com.sun.glass.ui.win.WinApplication._runLoop(Native Method)
	at com.sun.glass.ui.win.WinApplication.lambda$runLoop$3(WinApplication.java:174)
	at java.base/java.lang.Thread.run(Thread.java:834)
***************************************************************
*************** Object Model Validation Failure ***************
***************************************************************
PHASE = Creation of Test Objects
CONTEXT = Exploration Path: 
	chs.cof.sbom.linebalancing.model.GeneratedPrivilegedLineScenario UID=UID0fce2e-1793a012d9d-72d66111c39dcad18900055b992f29f3 Name="Scenario"
	chs.cof.sbom.linebalancing.model.GeneratedPrivilegedLineScenario	content	UID0fce2e-1793a012d9d-72d66111c39dcad18900055b992f29f3	Scenario
	
SOURCE  = UID=UID0fce2e-1793a012d9e-72d66111c39dcad18900055b992f29f3
MESSAGE = Duplicate workstation name WS2
***************************************************************
*************** Object Model Validation Failure ***************
***************************************************************
Exception in thread "JavaFX Application Thread" chs.common.validation.ValidationException: Duplicate workstation name WS2
	at chs.common.validation.UnitTestInternalErrorReporter.raise(Unknown Source)
	at chs.common.validation.AbstractInternalErrorReporterImplementation.raise(AbstractInternalErrorReporterImplementation.java:166)
	at chs.common.validation.StoredInternalErrorReporterImplementation.raise(StoredInternalErrorReporterImplementation.java:130)
	at chs.cof.sbom.linebalancing.validation.LineScenarioContentValidation.checkAllWorkstationsAreUnique(LineScenarioContentValidation.java:128)
	at chs.cof.sbom.linebalancing.validation.LineScenarioContentValidation.validate(LineScenarioContentValidation.java:44)
	at chs.cof.sbom.linebalancing.model.AbstractPrivilegedLineScenarioContent.validate(AbstractPrivilegedLineScenarioContent.java:69)
	at chs.common.validation.DefaultValidationController.visit(DefaultValidationController.java:326)
	at chs.common.validation.DefaultValidationController.visit(DefaultValidationController.java:47)
	at chs.common.introspection.impl.visitor.TypeContextVisitor.beginVisit(TypeContextVisitor.java:49)
	at chs.common.introspection.impl.visitor.DefaultCoreObjectVisitor.beginVisit(DefaultCoreObjectVisitor.java:65)
	at chs.common.introspection.impl.CoreObjectExplorer.beginVisit(CoreObjectExplorer.java:220)
	at chs.common.introspection.impl.strategy.GeneratedExplorationStrategy.beginVisit(GeneratedExplorationStrategy.java:23)
	at chs.cof.sbom.linebalancing.model.GeneratedPrivilegedLineScenarioContent.explore(GeneratedPrivilegedLineScenarioContent.java:4982)
	at chs.common.introspection.impl.strategy.GeneratedExplorationStrategy.explore(GeneratedExplorationStrategy.java:58)
	at chs.common.introspection.impl.strategy.FastestExplorationStrategy.explore(FastestExplorationStrategy.java:56)
	at chs.common.introspection.impl.CoreObjectExplorer.visitChild(CoreObjectExplorer.java:250)
	at chs.common.introspection.impl.strategy.AbstractExplorationStrategy.doExploreChildrenOf(AbstractExplorationStrategy.java:72)
	at chs.common.introspection.impl.strategy.AbstractExplorationStrategy.exploreChildrenOf(AbstractExplorationStrategy.java:56)
	at chs.common.introspection.impl.strategy.GeneratedExplorationStrategy.visitChild(GeneratedExplorationStrategy.java:31)
	at chs.cof.sbom.linebalancing.model.GeneratedPrivilegedLineScenario.exploreChildren(GeneratedPrivilegedLineScenario.java:7977)
	at chs.cof.sbom.linebalancing.model.GeneratedPrivilegedLineScenario.explore(GeneratedPrivilegedLineScenario.java:7913)
	at chs.common.introspection.impl.strategy.GeneratedExplorationStrategy.explore(GeneratedExplorationStrategy.java:58)
	at chs.common.introspection.impl.strategy.FastestExplorationStrategy.explore(FastestExplorationStrategy.java:56)
	at chs.common.introspection.impl.CoreObjectExplorer.visitChild(CoreObjectExplorer.java:250)
	at chs.common.introspection.impl.CoreObjectExplorer.exploreRootObject(CoreObjectExplorer.java:184)
	at chs.common.introspection.impl.CoreObjectExplorer.exploreCollection(CoreObjectExplorer.java:144)
	at chs.common.introspection.impl.CoreObjectExplorer.explore(CoreObjectExplorer.java:106)
	at chs.common.introspection.impl.ObjectExplorer.exploreCollection(ObjectExplorer.java:135)
	at chs.common.validation.DefaultValidationController.validate(DefaultValidationController.java:549)
	at chs.common.validation.ValidationHelper.validate(ValidationHelper.java:98)
	at chs.common.validation.ValidationHelper.validateBeforeSave(ValidationHelper.java:127)
	at chs.caf.cafmain.actions.linebalancing.AbstractLineScenarioAction.saveScenario(AbstractLineScenarioAction.java:104)
	at chs.caf.cafmain.actions.linebalancing.DefineWorkstationsAction.updateAndSave(DefineWorkstationsAction.java:263)
	at chs.caf.cafmain.actions.linebalancing.DefineWorkstationsAction.lambda$actionPerformed$2(DefineWorkstationsAction.java:97)
	at com.sun.javafx.application.PlatformImpl.lambda$runLater$10(PlatformImpl.java:428)
	at java.base/java.security.AccessController.doPrivileged(Native Method)
	at com.sun.javafx.application.PlatformImpl.lambda$runLater$11(PlatformImpl.java:427)
	at com.sun.glass.ui.InvokeLaterDispatcher$Future.run(InvokeLaterDispatcher.java:96)
	at com.sun.glass.ui.win.WinApplication._runLoop(Native Method)
	at com.sun.glass.ui.win.WinApplication.lambda$runLoop$3(WinApplication.java:174)
	at java.base/java.lang.Thread.run(Thread.java:834)
]]></system-err>
</testsuite>
