<?xml version="1.0" encoding="UTF-8" ?>
<testsuite errors="0" failures="0" hostname="ies-iesdwx-n315" name="chs.capitalmigrate.DatabaseSchemaChangeIdentifierTest" skipped="0" tests="1" time="1.131" timestamp="2021-05-05T00:27:48">
  <properties>
    <property name="ant.file.type.Class Paths" value="file" />
    <property name="env.NUMBER_OF_PROCESSORS" value="2" />
    <property name="env.TERM" value="xterm-256color" />
    <property name="env.USERPROFILE" value="C:\Users\iesdgrid" />
    <property name="build_ixl_binaries" value="false" />
    <property name="java.specification.version" value="11" />
    <property name="sun.cpu.isalist" value="amd64" />
    <property name="env.EXECUTOR_NUMBER" value="0" />
    <property name="echo" value="BUILD_DATE=May 04 2021" />
    <property name="sun.arch.data.model" value="64" />
    <property name="java.vendor.url" value="http://java.oracle.com/" />
    <property name="env.PROJ_HOME" value="G:/iesdwa/qualitygates/wa/2021.1_ADP1_INT/code/iesd" />
    <property name="env.JENKINS_HOME" value="/var/lib/jenkins" />
    <property name="net.sourceforge.cobertura.datafile" value="G:\iesdwa\qualitygates\wa\2021.1_ADP1_INT\code\iesd\ctools_src\tests\src\capitalmigrate\outinstr\cobertura.ser" />
    <property name="env.OS" value="Windows_NT" />
    <property name="env.JOB_DISPLAY_URL" value="http://ies-iesd-ci-05.ies.mentorg.com:8080/job/rerunFailedQualityGateTests/display/redirect" />
    <property name="sun.boot.library.path" value="c:\apps64\jdk-11.0.4\bin" />
    <property name="sun.java.command" value="org.apache.tools.ant.taskdefs.optional.junit.JUnitTestRunner chs.capitalmigrate.DatabaseSchemaChangeIdentifierTest skipNonTests=false filtertrace=true haltOnError=false haltOnFailure=false formatter=org.apache.tools.ant.taskdefs.optional.junit.SummaryJUnitResultFormatter showoutput=false outputtoformatters=true logfailedtests=true threadid=0 logtestlistenerevents=false formatter=org.apache.tools.ant.taskdefs.optional.junit.XMLJUnitResultFormatter,G:\iesdwa\qualitygates\wa\2021.1_ADP1_INT\code\iesd\chs_home\bld\testresults\library\TEST-chs.capitalmigrate.DatabaseSchemaChangeIdentifierTest.xml crashfile=G:\iesdwa\qualitygates\wa\2021.1_ADP1_INT\code\iesd\ctools_src\tests\src\capitalmigrate\junitvmwatcher3185062704924527315.properties propsfile=G:\iesdwa\qualitygates\wa\2021.1_ADP1_INT\code\iesd\ctools_src\tests\src\capitalmigrate\junit9229014901794029917.properties" />
    <property name="env.SYSTEMROOT" value="C:\Windows" />
    <property name="jdk.debug" value="release" />
    <property name="manifest.jetty" value="jetty-schemas.jar;jetty-security.jar;jetty-server.jar;jetty-servlet.jar;jetty-servlets.jar;jetty-util.jar;jetty-webapp.jar;jetty-xml.jar;apache-jsp.jar;taglibs-standard-impl.jar;taglibs-standard-spec.jar;apache-jsp-8.jar;apache-el-8.jar;javax.annotation-api.jar;asm.jar;asm-commons.jar;asm-tree.jar;ecj.jar;servlet-api-3.1.jar;jetty-annotations.jar;jetty-client.jar;jetty-continuation.jar;jetty-http.jar;jetty-io.jar;jetty-jmx.jar;jetty-jndi.jar;jetty-plus.jar;jetty-proxy.jar" />
    <property name="TARGET_OS" value="Win64" />
    <property name="java.specification.vendor" value="Oracle Corporation" />
    <property name="env.STREAM_NAME" value="2021.1_ADP1_INT" />
    <property name="java.version.date" value="2019-07-16" />
    <property name="java.home" value="c:\apps64\jdk-11.0.4" />
    <property name="ant.file.type.chsbuildtasks" value="file" />
    <property name="basedir" value="G:\iesdwa\qualitygates\wa\2021.1_ADP1_INT\code\iesd\ctools_src\tests\src\capitalmigrate" />
    <property name="java.vm.specification.vendor" value="Oracle Corporation" />
    <property name="java.specification.name" value="Java Platform API Specification" />
    <property name="ant.file.AntContrib" value="G:\iesdwa\qualitygates\wa\2021.1_ADP1_INT\code\iesd\infrastructure_src\src\scripts\AntScripts\AntContrib.xml" />
    <property name="junit.tests.maxmemory" value="2G" />
    <property name="env._JAVACMD" value="c:/apps64/jdk-11.0.4\bin\java.exe" />
    <property name="env.JENKINS_SERVER_COOKIE" value="8c4401faaf4fcb70" />
    <property name="env.LOCALAPPDATA" value="C:\Users\iesdgrid\AppData\Local" />
    <property name="env.USERDOMAIN_ROAMINGPROFILE" value="MGC" />
    <property name="ant.file.chsbuildtasks" value="G:\iesdwa\qualitygates\wa\2021.1_ADP1_INT\code\iesd\infrastructure_src\src\scripts\chsbuildtasks.xml" />
    <property name="user.script" value="" />
    <property name="sun.management.compiler" value="HotSpot 64-Bit Tiered Compilers" />
    <property name="coverage.tool" value="jacoco" />
    <property name="ant.file.Class Paths" value="G:\iesdwa\qualitygates\wa\2021.1_ADP1_INT\code\iesd\infrastructure_src\src\scripts\AntScripts\ClassPaths.xml" />
    <property name="java.runtime.version" value="11.0.4+11" />
    <property name="jacoco.unittest.merged.data" value="G:/iesdwa/qualitygates/wa//2021.1_ADP1_INT/code/iesd/chs_home/bld/jacoco/coverage//merged-coveragedata-jacoco.exec" />
    <property name="env.PATH" value="c:/apps64/jdk-11.0.4/bin;G:/iesdwa/qualitygates/wa/2021.1_ADP1_INT/code/iesd/chs_home/bld/bin;G:/iesdwa/qualitygates/wa/2021.1_ADP1_INT/code/iesd/chs_home/bin;C:\Windows\system32;C:\Windows;C:\Windows\System32\Wbem;C:\Windows\System32\WindowsPowerShell\v1.0;C:\Windows\System32\OpenSSH;C:\Strawberry\c\bin;C:\Strawberry\perl\site\bin;C:\Strawberry\perl\bin;C:\cygwin\bin;C:\Strawberry\perl\bin;C:\tools\cygwin\bin;C:\Program Files\7-Zip;C:\Program Files\Puppet Labs\Puppet\bin;C:\Users\iesdgrid\AppData\Local\Microsoft\WindowsApps;C:\cygwin\bin;C:\cygwin64\bin;C:\strawberry\perl\bin" />
    <property name="junit.fork" value="true" />
    <property name="env.ProgramW6432" value="C:\Program Files" />
    <property name="env.DriverData" value="C:\Windows\System32\Drivers\DriverData" />
    <property name="env.=G:" value="G:\iesdwa\qualitygates\wa\2021.1_ADP1_INT\code\iesd" />
    <property name="buildTestsDir" value="build-tests" />
    <property name="env.PUBLIC" value="C:\Users\Public" />
    <property name="file.encoding" value="UTF-8" />
    <property name="chsbuildtools_taskdef" value="G:/iesdwa/qualitygates/wa//2021.1_ADP1_INT/code/iesd/infrastructure_src/src/scripts/chsbuildtasks.xml" />
    <property name="jacoco.coverage.rootdir" value="G:/iesdwa/qualitygates/wa//2021.1_ADP1_INT/code/iesd/chs_home/bld/jacoco/coverage/" />
    <property name="singletest" value="G:\iesdwa\qualitygates\wa\2021.1_ADP1_INT\code\iesd\ctools_src\tests\src\capitalmigrate\null491231734" />
    <property name="java.vendor.version" value="18.9" />
    <property name="ant.file.type.jacoco-coverage" value="file" />
    <property name="env.COMPUTERNAME" value="IES-IESDWX-N315" />
    <property name="env.HOMEPATH" value="\Users\iesdgrid" />
    <property name="env._" value="/cygdrive/c/Strawberry/perl/bin/perl" />
    <property name="build.suite" value="chs" />
    <property name="env.SHLVL" value="1" />
    <property name="env.APPDATA" value="C:\Users\iesdgrid\AppData\Roaming" />
    <property name="env.ProgramData" value="C:\ProgramData" />
    <property name="env.BUILD_CAUSE" value="MANUALTRIGGER" />
    <property name="java.io.tmpdir" value="C:\Users\iesdgrid\AppData\Local\Temp\" />
    <property name="env.IESD_SCRIPTS" value="//ies-net-cls1-data.ies.mentorg.com/iesd/iesd_data11/iesdgridhome/scripts/prod" />
    <property name="java.version" value="11.0.4" />
    <property name="chs.datachecktests.performanceframework.maxmemory" value="4g" />
    <property name="env.WORKSPACE" value="c:\slave\workspace\rerunFailedQualityGateTests" />
    <property name="java.vm.specification.name" value="Java Virtual Machine Specification" />
    <property name="java.awt.printerjob" value="sun.awt.windows.WPrinterJob" />
    <property name="junit.pardatacheck.timeout.ms" value="600000" />
    <property name="env.BUILD_ID" value="233702" />
    <property name="env.JOB_NAME" value="rerunFailedQualityGateTests" />
    <property name="test.jvm.args.linux" value="" />
    <property name="build_aol_binaries" value="false" />
    <property name="COMPILE_C++" value="false" />
    <property name="java.library.path" value="c:\apps64\jdk-11.0.4\bin;C:\Windows\Sun\Java\bin;C:\Windows\system32;C:\Windows;c:/apps64/jdk-11.0.4/bin;G:/iesdwa/qualitygates/wa/2021.1_ADP1_INT/code/iesd/chs_home/bld/bin;G:/iesdwa/qualitygates/wa/2021.1_ADP1_INT/code/iesd/chs_home/bin;C:\Windows\system32;C:\Windows;C:\Windows\System32\Wbem;C:\Windows\System32\WindowsPowerShell\v1.0;C:\Windows\System32\OpenSSH;C:\Strawberry\c\bin;C:\Strawberry\perl\site\bin;C:\Strawberry\perl\bin;C:\cygwin\bin;C:\Strawberry\perl\bin;C:\tools\cygwin\bin;C:\Program Files\7-Zip;C:\Program Files\Puppet Labs\Puppet\bin;C:\Users\iesdgrid\AppData\Local\Microsoft\WindowsApps;C:\cygwin\bin;C:\cygwin64\bin;C:\strawberry\perl\bin;." />
    <property name="java.vendor" value="Oracle Corporation" />
    <property name="env.HUDSON_HOME" value="/var/lib/jenkins" />
    <property name="sun.io.unicode.encoding" value="UnicodeLittle" />
    <property name="coverage.basedir" value="G:\iesdwa\qualitygates\wa\2021.1_ADP1_INT\code\iesd\infrastructure_src\src\scripts\AntScripts" />
    <property name="jacoco-agent.destfile" value="G:\iesdwa\qualitygates\wa\2021.1_ADP1_INT\code\iesd\ctools_src\tests\src\capitalmigrate/outinstr/DatabaseSchemaChangeIdentifierTest.jacoco.exec" />
    <property name="sun.desktop" value="windows" />
    <property name="ant.file.type" value="file" />
    <property name="chs.projecthome" value="G:/iesdwa/qualitygates/wa//2021.1_ADP1_INT/code/iesd" />
    <property name="coverage.report.format" value="html" />
    <property name="chs.home" value="G:/iesdwa/qualitygates/wa//2021.1_ADP1_INT/code/iesd/chs_home" />
    <property name="jacoco.unittest.report.dir" value="G:/iesdwa/qualitygates/wa//2021.1_ADP1_INT/code/iesd/chs_home/bld/jacoco/coverage//junit-coverage" />
    <property name="env.CHS_AUTO_HOME" value="G:/iesdwa/qualitygates/wa/2021.1_ADP1_INT/code/iesd/auto_src" />
    <property name="build_vco" value="ixw" />
    <property name="user.timezone" value="" />
    <property name="build.hfversion" value="" />
    <property name="junit.datacheck.performanceframework.timeout.ms" value="5400000" />
    <property name="env.RUN_DISPLAY_URL" value="http://ies-iesd-ci-05.ies.mentorg.com:8080/job/rerunFailedQualityGateTests/233702/display/redirect" />
    <property name="os.name" value="Windows 10" />
    <property name="java.vm.specification.version" value="11" />
    <property name="env.ROOT_BUILD_CAUSE_MANUALTRIGGER" value="true" />
    <property name="JAVA_DB_TESTS" value="false" />
    <property name="ant.file.GradleSupport" value="G:\iesdwa\qualitygates\wa\2021.1_ADP1_INT\code\iesd\infrastructure_src\src\scripts\AntScripts\GradleSupport.xml" />
    <property name="bldlibdir" value="G:/iesdwa/qualitygates/wa//2021.1_ADP1_INT/code/iesd/chs_home/bld/lib" />
    <property name="test" value="chs.capitalmigrate.DatabaseSchemaChangeIdentifierTest" />
    <property name="test.results.base" value="G:/iesdwa/qualitygates/wa//2021.1_ADP1_INT/code/iesd/chs_home/bld/testresults" />
    <property name="user.home" value="C:\Users\iesdgrid" />
    <property name="chsbuild.bigstack" value="-Xss1024k" />
    <property name="CHS_BUILD_DATE" value="5-May-2021 01:27:24 +0100" />
    <property name="singletest.options" value="" />
    <property name="test.reports.base" value="G:/iesdwa/qualitygates/wa//2021.1_ADP1_INT/code/iesd/chs_home/bld/testreports" />
    <property name="env.ADDITIONAL_OPTIONS" value="-debug" />
    <property name="coverage.classpattern.file" value="patterns.txt" />
    <property name="env.ALLUSERSPROFILE" value="C:\ProgramData" />
    <property name="env.SESSIONNAME" value="Console" />
    <property name="env.HUDSON_COOKIE" value="d41998bf-5d41-43aa-9a72-98224466f693" />
    <property name="java.awt.graphicsenv" value="sun.awt.Win32GraphicsEnvironment" />
    <property name="electrical.build.version.major" value="2022" />
    <property name="env.ANT_HOME" value="G:/iesdwa/qualitygates/wa/2021.1_ADP1_INT/code/iesd/chs_home/bld" />
    <property name="env.JENKINS_URL" value="http://ies-iesd-ci-05.ies.mentorg.com:8080/" />
    <property name="teamwork_weabpp_npm.executable" value="G:/iesdwa/qualitygates/wa//2021.1_ADP1_INT/code/iesd/chs_home/bld/teamwork_webapp_deps/nodejs-v10.16.0/windows/npm.cmd" />
    <property name="ant.file.type.Capital Migrate Tests" value="file" />
    <property name="env.=\:" value="\\ies-net-cls1-data.ies.mentorg.com\iesd\iesd_data11\iesdgridhome\scripts\prod\BuildScripts\bin" />
    <property name="build.version.ident" value="official" />
    <property name="ant.file" value="G:\iesdwa\qualitygates\wa\2021.1_ADP1_INT\code\iesd\ctools_src\tests\src\capitalmigrate\build.xml" />
    <property name="coverage.merged.datadir" value="G:/iesdwa/qualitygates/wa//2021.1_ADP1_INT/code/iesd/chs_home/bld/coverage" />
    <property name="path.separator" value=";" />
    <property name="chs.build.heapdumpdir" value="G:/iesdwa/qualitygates/wa//2021.1_ADP1_INT/code/iesd/chs_home/temp/" />
    <property name="os.version" value="10.0" />
    <property name="jacoco.dir" value="G:\iesdwa\qualitygates\wa\2021.1_ADP1_INT\code\iesd\infrastructure_src\src\scripts/../third_party/jacoco" />
    <property name="ENCRYPT_JARS" value="true" />
    <property name="build.version.minor" value="1" />
    <property name="env.PATHEXT" value=".COM;.EXE;.BAT;.CMD;.VBS;.VBE;.JS;.JSE;.WSF;.WSH;.MSC" />
    <property name="env._USE_CLASSPATH" value="no" />
    <property name="env.NODE_NAME" value="ies-iesdwx-n315.mgc.mentorg.com" />
    <property name="java.vm.name" value="OpenJDK 64-Bit Server VM" />
    <property name="chs.datachecktests.maxmemory" value="512m" />
    <property name="TARGET_ECAD" value="CHS" />
    <property name="chshome.aol" value="G:/iesdwa/qualitygates/wa//2021.1_ADP1_INT/code/iesd/chs_home.aol" />
    <property name="ant.file.ProjectSourcePaths" value="G:\iesdwa\qualitygates\wa\2021.1_ADP1_INT\code\iesd\infrastructure_src\src\scripts\AntScripts\commondefs.xml" />
    <property name="env.USERNAME" value="iesdgrid" />
    <property name="JAVA_CREATE_DB" value="false" />
    <property name="os.arch" value="amd64" />
    <property name="build.version.major" value="2021" />
    <property name="nodejs.executable" value="G:/iesdwa/qualitygates/wa//2021.1_ADP1_INT/code/iesd/chs_home/bld/nodejs/windows/node.exe" />
    <property name="java.vm.info" value="mixed mode" />
    <property name="HOSTNAME" value="ies-iesdbld24-ct72" />
    <property name="singletest.perfreport" value="" />
    <property name="env.TEMP" value="C:\Users\iesdgrid\AppData\Local\Temp" />
    <property name="java.class.version" value="55.0" />
    <property name="env.CHS_HOME" value="G:/iesdwa/qualitygates/wa/2021.1_ADP1_INT/code/iesd/chs_home" />
    <property name="ant.project.default-target" value="runtests" />
    <property name="awt.toolkit" value="sun.awt.windows.WToolkit" />
    <property name="ant.library.dir" value="G:\iesdwa\qualitygates\wa\2021.1_ADP1_INT\code\iesd\chs_home\bld\lib" />
    <property name="ant.project.name" value="Capital Migrate Tests" />
    <property name="env.BUILD_TAG" value="jenkins-rerunFailedQualityGateTests-233702" />
    <property name="sun.jnu.encoding" value="Cp1252" />
    <property name="env.LM_LICENSE_FILE" value="1700@mglicsvr.india.mentorg.com;1700@mglicsvr2.india.mentorg.com;1700@mglicsvr3.india.mentorg.com" />
    <property name="env.HUDSON_URL" value="http://ies-iesd-ci-05.ies.mentorg.com:8080/" />
    <property name="env.CommonProgramW6432" value="C:\Program Files\Common Files" />
    <property name="ant.file.type.Coverage" value="file" />
    <property name="env.UATDATA" value="C:\Windows\CCM\UATData\D9F8C395-CAB8-491d-B8AC-179A1FE1BE77" />
    <property name="report.frames" value="frames" />
    <property name="env.BUILD_CAUSE_MANUALTRIGGER" value="true" />
    <property name="DSTAMP" value="20210505" />
    <property name="imported.basedir" value="G:\iesdwa\qualitygates\wa\2021.1_ADP1_INT\code\iesd\infrastructure_src\src\scripts" />
    <property name="build_env" value="windows" />
    <property name="ant.file.type.TestTargets" value="file" />
    <property name="env.GHOSTSCRIPT_DIR" value="C:/QualityGate/LocalData/ghostscript" />
    <property name="theTest" value="DatabaseSchemaChangeIdentifierTest" />
    <property name="cobertura.maxmemory" value="800M" />
    <property name="env.MGLS_LICENSE_FILE" value="1700@mglicsvr.india.mentorg.com;1700@mglicsvr2.india.mentorg.com;1700@mglicsvr3.india.mentorg.com" />
    <property name="coverage.dir" value="G:\iesdwa\qualitygates\wa\2021.1_ADP1_INT\code\iesd\ctools_src\tests\src\capitalmigrate/coverage" />
    <property name="env.ANT_CMD_LINE_ARGS" value=" -propertyfile G:/iesdwa/qualitygates/wa/2021.1_ADP1_INT/code/iesd/build.windows.properties -Dtest chs.capitalmigrate.DatabaseSchemaChangeIdentifierTest runsingletestonlyqg -f G:/iesdwa/qualitygates/wa/2021.1_ADP1_INT/code/iesd/ctools_src/tests/src/capitalmigrate/build.xml" />
    <property name="env.JAVA_HOME" value="c:/apps64/jdk-11.0.4" />
    <property name="teamwork_webapp_node.folder" value="G:/iesdwa/qualitygates/wa//2021.1_ADP1_INT/code/iesd/chs_home/bld/teamwork_webapp_deps/nodejs-v10.16.0/windows" />
    <property name="env.PROGRAMFILES" value="C:\Program Files" />
    <property name="test.jvm.args" value="-Dvalidation.extended=false             -Dvalidation.intermediateXML=false             -ea             -Xmx1024M             -Xss1024k             -XX:+HeapDumpOnOutOfMemoryError             -XX:HeapDumpPath=G:/iesdwa/qualitygates/wa//2021.1_ADP1_INT/code/iesd/chs_home/temp/             -javaagent:G:/iesdwa/qualitygates/wa//2021.1_ADP1_INT/code/iesd/chs_home/bld/lib/jmockit.jar                          -Dfile.encoding=UTF-8            " />
    <property name="file.separator" value="\" />
    <property name="java.vm.compressedOopsMode" value="32-bit" />
    <property name="line.separator" value="&#xd;&#xa;" />
    <property name="env.PROMPT" value="$P$G" />
    <property name="gradlebuild" value="false" />
    <property name="teamwork_weabpp_node.executable" value="G:/iesdwa/qualitygates/wa//2021.1_ADP1_INT/code/iesd/chs_home/bld/teamwork_webapp_deps/nodejs-v10.16.0/windows/node" />
    <property name="junit.datacheck.timeout.ms" value="1800000" />
    <property name="chsbuildtools_lib" value="G:/iesdwa/qualitygates/wa//2021.1_ADP1_INT/code/iesd/chs_home/bld/lib" />
    <property name="junit.timeout.ms" value="1200000" />
    <property name="env.PROCESSOR_REVISION" value="3f00" />
    <property name="capital.testlist.files" value="chs/capitalmigrate/DatabaseSchemaChangeIdentifierTest.class&#xa;" />
    <property name="env.PERL5LIB" value="//ies-net-cls1-data.ies.mentorg.com/home/iesdgrid/perl5/lib/perl5" />
    <property name="env.PSModulePath" value="C:\Program Files\WindowsPowerShell\Modules;C:\Windows\system32\WindowsPowerShell\v1.0\Modules" />
    <property name="chs.build.id" value="2021.1.1.official" />
    <property name="validation.intermediateXML" value="false" />
    <property name="env.PROCESSOR_IDENTIFIER" value="Intel64 Family 6 Model 63 Stepping 0, GenuineIntel" />
    <property name="user.name" value="iesdgrid" />
    <property name="ant.file.type.ProjectSourcePaths" value="file" />
    <property name="test1" value="chs/capitalmigrate/DatabaseSchemaChangeIdentifierTest" />
    <property name="env.BUILD_URL" value="http://ies-iesd-ci-05.ies.mentorg.com:8080/job/rerunFailedQualityGateTests/233702/" />
    <property name="manifest.jetty.spaces" value="jetty-schemas.jar jetty-security.jar jetty-server.jar jetty-servlet.jar jetty-servlets.jar jetty-util.jar jetty-webapp.jar jetty-xml.jar apache-jsp.jar taglibs-standard-impl.jar taglibs-standard-spec.jar apache-jsp-8.jar apache-el-8.jar javax.annotation-api.jar asm.jar asm-commons.jar asm-tree.jar ecj.jar servlet-api-3.1.jar jetty-annotations.jar jetty-client.jar jetty-continuation.jar jetty-http.jar jetty-io.jar jetty-jmx.jar jetty-jndi.jar jetty-plus.jar jetty-proxy.jar" />
    <property name="env.JOB_URL" value="http://ies-iesd-ci-05.ies.mentorg.com:8080/job/rerunFailedQualityGateTests/" />
    <property name="cobertura.dir" value="G:\iesdwa\qualitygates\wa\2021.1_ADP1_INT\code\iesd\infrastructure_src\src\scripts/../third_party/cobertura" />
    <property name="build.version.full" value="true" />
    <property name="build.version.name" value="2021.1" />
    <property name="env.SYSTEMDRIVE" value="C:" />
    <property name="test.reports.dir" value="G:/iesdwa/qualitygates/wa//2021.1_ADP1_INT/code/iesd/chs_home/bld/testreports" />
    <property name="ant.file.TestTargets" value="G:\iesdwa\qualitygates\wa\2021.1_ADP1_INT\code\iesd\infrastructure_src\src\scripts\AntScripts\TestTargets.xml" />
    <property name="env.NODE_LABELS" value="IES-IESDWX-N315 ansible-configured debug ies-iesdwx-n315.mgc.mentorg.com iesdgrid ixw swarm unassignedlabelwin10 undefined_jenkins_label_2 undefined_jenkins_label_9 w10e win10tests-v11" />
    <property name="env.BitDefender_Covered" value="True" />
    <property name="env.HOMEDRIVE" value="C:" />
    <property name="env.PROCESSOR_LEVEL" value="6" />
    <property name="env.TMP" value="C:\Users\iesdgrid\AppData\Local\Temp" />
    <property name="osName" value="Windows" />
    <property name="ant.home" value="G:/iesdwa/qualitygates/wa/2021.1_ADP1_INT/code/iesd/chs_home/bld" />
    <property name="env.RUN_CHANGES_DISPLAY_URL" value="http://ies-iesd-ci-05.ies.mentorg.com:8080/job/rerunFailedQualityGateTests/233702/display/redirect?page=changes" />
    <property name="sun.os.patch.level" value="" />
    <property name="ant.version" value="Apache Ant(TM) version 1.10.4 compiled on June 19 2018" />
    <property name="ant.file.Coverage" value="G:\iesdwa\qualitygates\wa\2021.1_ADP1_INT\code\iesd\infrastructure_src\src\scripts\AntScripts\Coverage.xml" />
    <property name="env.LOGONSERVER" value="\\SVR-IES-ADC-04" />
    <property name="Capital Migrate Tests.basedir" value="G:\iesdwa\qualitygates\wa\2021.1_ADP1_INT\code\iesd\ctools_src\tests\src\capitalmigrate" />
    <property name="cobertura.metadata.dir" value="G:/iesdwa/qualitygates/wa//2021.1_ADP1_INT/code/iesd/chs_home/bld/coverage/junit" />
    <property name="env.WINDIR" value="C:\Windows" />
    <property name="env.ROOT_BUILD_CAUSE" value="MANUALTRIGGER" />
    <property name="env.BUILD_NUMBER" value="233702" />
    <property name="env.HUDSON_SERVER_COOKIE" value="8c4401faaf4fcb70" />
    <property name="junit.printsummary" value="true" />
    <property name="debugbuild" value="on" />
    <property name="env.PWD" value="G:\iesdwa\qualitygates\wa\2021.1_ADP1_INT\code\iesd" />
    <property name="env.USERDNSDOMAIN" value="MGC.MENTORG.COM" />
    <property name="out.instr.dir" value="G:\iesdwa\qualitygates\wa\2021.1_ADP1_INT\code\iesd\ctools_src\tests\src\capitalmigrate/outinstr" />
    <property name="java.class.path" value="G:\iesdwa\qualitygates\wa\2021.1_ADP1_INT\code\iesd\chs_home\lib\capitalcommon.jar;G:\iesdwa\qualitygates\wa\2021.1_ADP1_INT\code\iesd\chs_home\lib\capitaltools.jar;G:\iesdwa\qualitygates\wa\2021.1_ADP1_INT\code\iesd\chs_home\lib\servicelocator.jar;G:\iesdwa\qualitygates\wa\2021.1_ADP1_INT\code\iesd\chs_home\lib\capitalannotations.jar;G:\iesdwa\qualitygates\wa\2021.1_ADP1_INT\code\iesd\chs_home\lib\capitalctf.jar;G:\iesdwa\qualitygates\wa\2021.1_ADP1_INT\code\iesd\chs_home\lib\capitalutils.jar;G:\iesdwa\qualitygates\wa\2021.1_ADP1_INT\code\iesd\chs_home\lib\capitalcofutils.jar;G:\iesdwa\qualitygates\wa\2021.1_ADP1_INT\code\iesd\chs_home\lib\capitalcapmanimpl.jar;G:\iesdwa\qualitygates\wa\2021.1_ADP1_INT\code\iesd\chs_home\lib\annotations.jar;G:\iesdwa\qualitygates\wa\2021.1_ADP1_INT\code\iesd\chs_home\lib\capitalcofimpl.jar;G:\iesdwa\qualitygates\wa\2021.1_ADP1_INT\code\iesd\chs_home\lib\capitalcof_baseimpl.jar;G:\iesdwa\qualitygates\wa\2021.1_ADP1_INT\code\iesd\chs_home\lib\capitalcapman.jar;G:\iesdwa\qualitygates\wa\2021.1_ADP1_INT\code\iesd\chs_home\lib\capitallogon.jar;G:\iesdwa\qualitygates\wa\2021.1_ADP1_INT\code\iesd\chs_home\lib\capitalapi.jar;G:\iesdwa\qualitygates\wa\2021.1_ADP1_INT\code\iesd\chs_home\lib\capitalapiextensions.jar;G:\iesdwa\qualitygates\wa\2021.1_ADP1_INT\code\iesd\chs_home\lib\capitalcof.jar;G:\iesdwa\qualitygates\wa\2021.1_ADP1_INT\code\iesd\chs_home\lib\capitaldbmigrate.jar;G:\iesdwa\qualitygates\wa\2021.1_ADP1_INT\code\iesd\chs_home\bld\testlib\capitaltestscof.jar;G:\iesdwa\qualitygates\wa\2021.1_ADP1_INT\code\iesd\chs_home\lib\capitalmigrate.jar;G:\iesdwa\qualitygates\wa\2021.1_ADP1_INT\code\iesd\chs_home\lib\capitalbridges.jar;G:\iesdwa\qualitygates\wa\2021.1_ADP1_INT\code\iesd\chs_home\lib\capitalnxinterfaces.jar;G:\iesdwa\qualitygates\wa\2021.1_ADP1_INT\code\iesd\chs_home\bld\testlib\capitaltestsinterfaces.jar;G:\iesdwa\qualitygates\wa\2021.1_ADP1_INT\code\iesd\chs_home\lib\log4j.jar;G:\iesdwa\qualitygates\wa\2021.1_ADP1_INT\code\iesd\chs_home\bld\lib\jmockit.jar;G:\iesdwa\qualitygates\wa\2021.1_ADP1_INT\code\iesd\chs_home\bld\lib\junit.jar;G:\iesdwa\qualitygates\wa\2021.1_ADP1_INT\code\iesd\chs_home\bld\lib\hamcrest-core.jar;G:\iesdwa\qualitygates\wa\2021.1_ADP1_INT\code\iesd\chs_home\lib\xerces.jar;G:\iesdwa\qualitygates\wa\2021.1_ADP1_INT\code\iesd\chs_home\lib\guava.jar;G:\iesdwa\qualitygates\wa\2021.1_ADP1_INT\code\iesd\chs_home\lib\capitalintegrationservices.jar;G:\iesdwa\qualitygates\wa\2021.1_ADP1_INT\code\iesd\chs_home\lib\capitalwebservermain.jar;G:\iesdwa\qualitygates\wa\2021.1_ADP1_INT\code\iesd\chs_home\lib\capitalintegrationserver.jar;G:\iesdwa\qualitygates\wa\2021.1_ADP1_INT\code\iesd\chs_home\bld\testlib\capitaltestbridges.jar;G:\iesdwa\qualitygates\wa\2021.1_ADP1_INT\code\iesd\chs_home\lib\postgresqljdbc.jar;G:\iesdwa\qualitygates\wa\2021.1_ADP1_INT\code\iesd\chs_home\lib\javafx.base.jar;G:\iesdwa\qualitygates\wa\2021.1_ADP1_INT\code\iesd\chs_home\lib\jacorb.jar;G:\iesdwa\qualitygates\wa\2021.1_ADP1_INT\code\iesd\chs_home\lib\jacorb-omgapi.jar;G:\iesdwa\qualitygates\wa\2021.1_ADP1_INT\code\iesd\chs_home\lib\jersey-media-multipart.jar;G:\iesdwa\qualitygates\wa\2021.1_ADP1_INT\code\iesd\chs_home\lib\jackson-annotations.jar;G:\iesdwa\qualitygates\wa\2021.1_ADP1_INT\code\iesd\chs_home\lib\jackson-core.jar;G:\iesdwa\qualitygates\wa\2021.1_ADP1_INT\code\iesd\chs_home\lib\jackson-databind.jar;G:\iesdwa\qualitygates\wa\2021.1_ADP1_INT\code\iesd\chs_home\lib\jackson-jaxrs-base.jar;G:\iesdwa\qualitygates\wa\2021.1_ADP1_INT\code\iesd\chs_home\lib\jackson-jaxrs-json-provider.jar;G:\iesdwa\qualitygates\wa\2021.1_ADP1_INT\code\iesd\chs_home\lib\sanj.jar;G:\iesdwa\qualitygates\wa\2021.1_ADP1_INT\code\iesd\chs_home\lib\avalon-framework.jar;G:\iesdwa\qualitygates\wa\2021.1_ADP1_INT\code\iesd\chs_home\lib\logkit-1.2.jar;G:\iesdwa\qualitygates\wa\2021.1_ADP1_INT\code\iesd\chs_home\lib\ojdbc.jar;G:\iesdwa\qualitygates\wa\2021.1_ADP1_INT\code\iesd\chs_home\lib\trove.jar;G:\iesdwa\qualitygates\wa\2021.1_ADP1_INT\code\iesd\chs_home\lib\commons-codec.jar;G:\iesdwa\qualitygates\wa\2021.1_ADP1_INT\code\iesd\chs_home\lib\capitalresources.jar;G:\iesdwa\qualitygates\wa\2021.1_ADP1_INT\code\iesd\chs_home\lib\capitalapiimpl.jar;G:\iesdwa\qualitygates\wa\2021.1_ADP1_INT\code\iesd\chs_home\lib\capitalimages.jar;G:\iesdwa\qualitygates\wa\2021.1_ADP1_INT\code\iesd\chs_home\lib\capitaljeda.jar;G:\iesdwa\qualitygates\wa\2021.1_ADP1_INT\code\iesd\chs_home\lib\capitalupdaterutils.jar;G:\iesdwa\qualitygates\wa\2021.1_ADP1_INT\code\iesd\chs_home\plugins\capitalembeddedreports.jar;G:\iesdwa\qualitygates\wa\2021.1_ADP1_INT\code\iesd\chs_home\lib\capitalcaf.jar;G:\iesdwa\qualitygates\wa\2021.1_ADP1_INT\code\iesd\chs_home\lib\capitalharness.jar;G:\iesdwa\qualitygates\wa\2021.1_ADP1_INT\code\iesd\chs_home\lib\capitalbridgessdk.jar;G:\iesdwa\qualitygates\wa\2021.1_ADP1_INT\code\iesd\chs_home\lib\capitalwebserverutils.jar;G:\iesdwa\qualitygates\wa\2021.1_ADP1_INT\code\iesd\chs_home\lib\capitalwebservices.jar;G:\iesdwa\qualitygates\wa\2021.1_ADP1_INT\code\iesd\chs_home\adaptors\lib\capitaldsi.jar;G:\iesdwa\qualitygates\wa\2021.1_ADP1_INT\code\iesd\chs_home\adaptors\lib\capitalkbl.jar;G:\iesdwa\qualitygates\wa\2021.1_ADP1_INT\code\iesd\chs_home\adaptors\lib\capitalhcv.jar;G:\iesdwa\qualitygates\wa\2021.1_ADP1_INT\code\iesd\chs_home\lib\capitaladaptorbatch.jar;G:\iesdwa\qualitygates\wa\2021.1_ADP1_INT\code\iesd\chs_home\bld\testlib\capitaltestmigrate.jar;G:\iesdwa\qualitygates\wa\2021.1_ADP1_INT\code\iesd\chs_home\lib\hsqldb.jar;G:\iesdwa\qualitygates\wa\2021.1_ADP1_INT\code\iesd\chs_home\lib\slf4j-jdk.jar;G:\iesdwa\qualitygates\wa\2021.1_ADP1_INT\code\iesd\chs_home\lib\slf4j-api.jar;G:\iesdwa\qualitygates\wa\2021.1_ADP1_INT\code\iesd\chs_home\lib\capitalcommonlang.jar;G:\iesdwa\qualitygates\wa\2021.1_ADP1_INT\code\iesd\chs_home\lib\itext.jar;G:\iesdwa\qualitygates\wa\2021.1_ADP1_INT\code\iesd\chs_home\lib\jetty-schemas.jar;G:\iesdwa\qualitygates\wa\2021.1_ADP1_INT\code\iesd\chs_home\lib\jetty-security.jar;G:\iesdwa\qualitygates\wa\2021.1_ADP1_INT\code\iesd\chs_home\lib\jetty-server.jar;G:\iesdwa\qualitygates\wa\2021.1_ADP1_INT\code\iesd\chs_home\lib\jetty-servlet.jar;G:\iesdwa\qualitygates\wa\2021.1_ADP1_INT\code\iesd\chs_home\lib\jetty-servlets.jar;G:\iesdwa\qualitygates\wa\2021.1_ADP1_INT\code\iesd\chs_home\lib\jetty-util.jar;G:\iesdwa\qualitygates\wa\2021.1_ADP1_INT\code\iesd\chs_home\lib\jetty-webapp.jar;G:\iesdwa\qualitygates\wa\2021.1_ADP1_INT\code\iesd\chs_home\lib\jetty-xml.jar;G:\iesdwa\qualitygates\wa\2021.1_ADP1_INT\code\iesd\chs_home\lib\apache-jsp.jar;G:\iesdwa\qualitygates\wa\2021.1_ADP1_INT\code\iesd\chs_home\lib\taglibs-standard-impl.jar;G:\iesdwa\qualitygates\wa\2021.1_ADP1_INT\code\iesd\chs_home\lib\taglibs-standard-spec.jar;G:\iesdwa\qualitygates\wa\2021.1_ADP1_INT\code\iesd\chs_home\lib\apache-jsp-8.jar;G:\iesdwa\qualitygates\wa\2021.1_ADP1_INT\code\iesd\chs_home\lib\apache-el-8.jar;G:\iesdwa\qualitygates\wa\2021.1_ADP1_INT\code\iesd\chs_home\lib\javax.annotation-api.jar;G:\iesdwa\qualitygates\wa\2021.1_ADP1_INT\code\iesd\chs_home\lib\asm.jar;G:\iesdwa\qualitygates\wa\2021.1_ADP1_INT\code\iesd\chs_home\lib\asm-commons.jar;G:\iesdwa\qualitygates\wa\2021.1_ADP1_INT\code\iesd\chs_home\lib\asm-tree.jar;G:\iesdwa\qualitygates\wa\2021.1_ADP1_INT\code\iesd\chs_home\lib\ecj.jar;G:\iesdwa\qualitygates\wa\2021.1_ADP1_INT\code\iesd\chs_home\lib\servlet-api-3.1.jar;G:\iesdwa\qualitygates\wa\2021.1_ADP1_INT\code\iesd\chs_home\lib\jetty-annotations.jar;G:\iesdwa\qualitygates\wa\2021.1_ADP1_INT\code\iesd\chs_home\lib\jetty-client.jar;G:\iesdwa\qualitygates\wa\2021.1_ADP1_INT\code\iesd\chs_home\lib\jetty-continuation.jar;G:\iesdwa\qualitygates\wa\2021.1_ADP1_INT\code\iesd\chs_home\lib\jetty-http.jar;G:\iesdwa\qualitygates\wa\2021.1_ADP1_INT\code\iesd\chs_home\lib\jetty-io.jar;G:\iesdwa\qualitygates\wa\2021.1_ADP1_INT\code\iesd\chs_home\lib\jetty-jmx.jar;G:\iesdwa\qualitygates\wa\2021.1_ADP1_INT\code\iesd\chs_home\lib\jetty-jndi.jar;G:\iesdwa\qualitygates\wa\2021.1_ADP1_INT\code\iesd\chs_home\lib\jetty-plus.jar;G:\iesdwa\qualitygates\wa\2021.1_ADP1_INT\code\iesd\chs_home\lib\jetty-proxy.jar;G:\iesdwa\qualitygates\wa\2021.1_ADP1_INT\code\iesd\chs_home\lib\hibernate.jar;G:\iesdwa\qualitygates\wa\2021.1_ADP1_INT\code\iesd\chs_home\lib\javax.persistence-api.jar;G:\iesdwa\qualitygates\wa\2021.1_ADP1_INT\code\iesd\chs_home\lib\jboss-rmi-api.jar;G:\iesdwa\qualitygates\wa\2021.1_ADP1_INT\code\iesd\chs_home\lib\quartz.jar;G:\iesdwa\qualitygates\wa\2021.1_ADP1_INT\code\iesd\chs_home\lib\saaj-impl.jar;G:\iesdwa\qualitygates\wa\2021.1_ADP1_INT\code\iesd\chs_home\lib\stax-ex.jar;G:\iesdwa\qualitygates\wa\2021.1_ADP1_INT\code\iesd\chs_home\lib\webservices-api.jar;G:\iesdwa\qualitygates\wa\2021.1_ADP1_INT\code\iesd\chs_home\lib\javafx.swing.jar;G:\iesdwa\qualitygates\wa\2021.1_ADP1_INT\code\iesd\chs_home\lib\jersey-container-servlet.jar;G:\iesdwa\qualitygates\wa\2021.1_ADP1_INT\code\iesd\chs_home\lib\jersey-container-servlet-core.jar;G:\iesdwa\qualitygates\wa\2021.1_ADP1_INT\code\iesd\chs_home\lib\jersey-server.jar;G:\iesdwa\qualitygates\wa\2021.1_ADP1_INT\code\iesd\chs_home\lib\javax.ws.rs-api-2.0.jar;G:\iesdwa\qualitygates\wa\2021.1_ADP1_INT\code\iesd\chs_home\lib\jersey-common.jar;G:\iesdwa\qualitygates\wa\2021.1_ADP1_INT\code\iesd\chs_home\lib\jersey-guava.jar;G:\iesdwa\qualitygates\wa\2021.1_ADP1_INT\code\iesd\chs_home\lib\javax.inject.jar;G:\iesdwa\qualitygates\wa\2021.1_ADP1_INT\code\iesd\chs_home\lib\hk2-utils.jar;G:\iesdwa\qualitygates\wa\2021.1_ADP1_INT\code\iesd\chs_home\lib\hk2-locator.jar;G:\iesdwa\qualitygates\wa\2021.1_ADP1_INT\code\iesd\chs_home\lib\hk2-api.jar;G:\iesdwa\qualitygates\wa\2021.1_ADP1_INT\code\iesd\chs_home\lib\validation-api.jar;G:\iesdwa\qualitygates\wa\2021.1_ADP1_INT\code\iesd\chs_home\lib\batik-bridge.jar;G:\iesdwa\qualitygates\wa\2021.1_ADP1_INT\code\iesd\chs_home\lib\javafx\Windows\lib\javafx-swt.jar;G:\iesdwa\qualitygates\wa\2021.1_ADP1_INT\code\iesd\chs_home\lib\javafx\Windows\lib\javafx.base.jar;G:\iesdwa\qualitygates\wa\2021.1_ADP1_INT\code\iesd\chs_home\lib\javafx\Windows\lib\javafx.controls.jar;G:\iesdwa\qualitygates\wa\2021.1_ADP1_INT\code\iesd\chs_home\lib\javafx\Windows\lib\javafx.fxml.jar;G:\iesdwa\qualitygates\wa\2021.1_ADP1_INT\code\iesd\chs_home\lib\javafx\Windows\lib\javafx.graphics.jar;G:\iesdwa\qualitygates\wa\2021.1_ADP1_INT\code\iesd\chs_home\lib\javafx\Windows\lib\javafx.media.jar;G:\iesdwa\qualitygates\wa\2021.1_ADP1_INT\code\iesd\chs_home\lib\javafx\Windows\lib\javafx.swing.jar;G:\iesdwa\qualitygates\wa\2021.1_ADP1_INT\code\iesd\chs_home\lib\javafx\Windows\lib\javafx.web.jar;G:\iesdwa\qualitygates\wa\2021.1_ADP1_INT\code\iesd\infrastructure_src\src\third_party\cobertura\cobertura.jar;G:\iesdwa\qualitygates\wa\2021.1_ADP1_INT\code\iesd\infrastructure_src\src\third_party\cobertura\lib\asm-3.0.jar;G:\iesdwa\qualitygates\wa\2021.1_ADP1_INT\code\iesd\infrastructure_src\src\third_party\cobertura\lib\asm-tree-3.0.jar;G:\iesdwa\qualitygates\wa\2021.1_ADP1_INT\code\iesd\infrastructure_src\src\third_party\cobertura\lib\jakarta-oro-2.0.8.jar;G:\iesdwa\qualitygates\wa\2021.1_ADP1_INT\code\iesd\infrastructure_src\src\third_party\cobertura\lib\log4j-1.2.9.jar;G:\iesdwa\qualitygates\wa\2021.1_ADP1_INT\code\iesd\chs_home\bld\jacoco\lib\jacocoagent.jar;G:\iesdwa\qualitygates\wa\2021.1_ADP1_INT\code\iesd\chs_home\bld\lib\cacio-tta.jar;G:\iesdwa\qualitygates\wa\2021.1_ADP1_INT\code\iesd\chs_home\bld\lib\cacio-shared.jar;G:\iesdwa\qualitygates\wa\2021.1_ADP1_INT\code\iesd\infrastructure_src\src\third_party\assertj-swing\assertj-core.jar;G:\iesdwa\qualitygates\wa\2021.1_ADP1_INT\code\iesd\chs_home\bld\ilib\junit-jacoco-ant.jar;G:\iesdwa\qualitygates\wa\2021.1_ADP1_INT\code\iesd\chs_home\bld\lib\ant-launcher.jar;G:\iesdwa\qualitygates\wa\2021.1_ADP1_INT\code\iesd\chs_home\bld\lib\ant.jar;G:\iesdwa\qualitygates\wa\2021.1_ADP1_INT\code\iesd\chs_home\bld\lib\ant-junit.jar;G:\iesdwa\qualitygates\wa\2021.1_ADP1_INT\code\iesd\chs_home\bld\lib\ant-junit4.jar;G:\iesdwa\qualitygates\wa\2021.1_ADP1_INT\code\iesd\chs_home\lib\socketio.jar" />
    <property name="env.HOME" value="C:\cygwin\home\iesdgrid" />
    <property name="chshome" value="G:/iesdwa/qualitygates/wa//2021.1_ADP1_INT/code/iesd/chs_home" />
    <property name="java.vm.vendor" value="Oracle Corporation" />
    <property name="junit.format" value="xml" />
    <property name="env.PROCESSOR_ARCHITECTURE" value="AMD64" />
    <property name="java.util.Arrays.useLegacyMergeSort" value="true" />
    <property name="build.spversion" value="" />
    <property name="user.variant" value="" />
    <property name="java.locale.providers" value="COMPAT,CLDR" />
    <property name="ant.file.jacoco-coverage" value="G:\iesdwa\qualitygates\wa\2021.1_ADP1_INT\code\iesd\infrastructure_src\src\scripts\AntScripts\jacoco.xml" />
    <property name="env.COMMONPROGRAMFILES" value="C:\Program Files\Common Files" />
    <property name="singletest.test" value="" />
    <property name="user.country" value="IE" />
    <property name="sun.java.launcher" value="SUN_STANDARD" />
    <property name="cobertura.serfile" value="G:\iesdwa\qualitygates\wa\2021.1_ADP1_INT\code\iesd\ctools_src\tests\src\capitalmigrate/outinstr/cobertura.ser" />
    <property name="env.USERDOMAIN" value="MGC" />
    <property name="class.suffix" value="class" />
    <property name="env.COMSPEC" value="C:\Windows\system32\cmd.exe" />
    <property name="sun.cpu.endian" value="little" />
    <property name="user.language" value="en" />
    <property name="chs.extendedtests.maxmemory" value="512m" />
    <property name="junit.extended.timeout.ms" value="1200000" />
    <property name="ant.java.version" value="11" />
    <property name="cb-instrumented.dir" value="G:\iesdwa\qualitygates\wa\2021.1_ADP1_INT\code\iesd\ctools_src\tests\src\capitalmigrate/outinstr" />
    <property name="env.BUILD_HOME" value="G:/iesdwa/qualitygates/wa/2021.1_ADP1_INT/code/iesd" />
    <property name="test.results.dir" value="G:/iesdwa/qualitygates/wa//2021.1_ADP1_INT/code/iesd/chs_home/bld/testresults/library" />
    <property name="exports_dir" value="../exports" />
    <property name="TSTAMP" value="0127" />
    <property name="jacoco.coverage.reportdir" value="G:/iesdwa/qualitygates/wa//2021.1_ADP1_INT/code/iesd/chs_home/bld/jacoco/coverage//junit-coverage" />
    <property name="jacoco.execfileprefix" value="DatabaseSchemaChangeIdentifierTest" />
    <property name="merged.coverage.dir" value="G:/iesdwa/qualitygates/wa//2021.1_ADP1_INT/code/iesd/chs_home/bld/coverage/junit" />
    <property name="chshome.ixn" value="G:/iesdwa/qualitygates/wa//2021.1_ADP1_INT/code/iesd/chs_home.ixn" />
    <property name="singletest.report" value="" />
    <property name="junit.jar" value="bld/lib/junit.jar" />
    <property name="env.=C:" value="c:\slave\workspace\rerunFailedQualityGateTests" />
    <property name="validation.extended" value="false" />
    <property name="java.runtime.name" value="OpenJDK Runtime Environment" />
    <property name="env.CommonProgramFiles(x86)" value="C:\Program Files (x86)\Common Files" />
    <property name="chs.extendedtests.dir" value="build" />
    <property name="ant.project.invoked-targets" value="runsingletestonlyqg" />
    <property name="env.BUILD_DISPLAY_NAME" value="233702 : 2021.1_ADP1_INT //ies-net-cls1-data.ies.mentorg.com/iesd/iesd_data11/iesdgridhome/scripts/prod  " />
    <property name="env.IESD_GRIDDATA" value="//ies-net-cls1-data.ies.mentorg.com/iesd/iesd_data11/iesdgridhome/data" />
    <property name="chsbuild.maxmemory" value="1024M" />
    <property name="ant.file.type.AntContrib" value="file" />
    <property name="ant.core.lib" value="G:\iesdwa\qualitygates\wa\2021.1_ADP1_INT\code\iesd\chs_home\bld\lib\ant.jar" />
    <property name="ant.file.Capital Migrate Tests" value="G:\iesdwa\qualitygates\wa\2021.1_ADP1_INT\code\iesd\ctools_src\tests\src\capitalmigrate\build.xml" />
    <property name="java.vendor.url.bug" value="http://bugreport.java.com/bugreport/" />
    <property name="capital.skiplookandfeel" value="false" />
    <property name="jacocolistener" value="com.mentor.junitjacocoant.JaCoCoCoverageCollectingAdaptor" />
    <property name="src" value="src" />
    <property name="TODAY" value="May 5 2021" />
    <property name="user.dir" value="G:\iesdwa\qualitygates\wa\2021.1_ADP1_INT\code\iesd" />
    <property name="classpath.string.env" value="G:\iesdwa\qualitygates\wa\2021.1_ADP1_INT\code\iesd\chs_home\lib\capitalcommon.jar;G:\iesdwa\qualitygates\wa\2021.1_ADP1_INT\code\iesd\chs_home\lib\capitaltools.jar;G:\iesdwa\qualitygates\wa\2021.1_ADP1_INT\code\iesd\chs_home\lib\servicelocator.jar;G:\iesdwa\qualitygates\wa\2021.1_ADP1_INT\code\iesd\chs_home\lib\capitalannotations.jar;G:\iesdwa\qualitygates\wa\2021.1_ADP1_INT\code\iesd\chs_home\lib\capitalctf.jar;G:\iesdwa\qualitygates\wa\2021.1_ADP1_INT\code\iesd\chs_home\lib\capitalutils.jar;G:\iesdwa\qualitygates\wa\2021.1_ADP1_INT\code\iesd\chs_home\lib\capitalcofutils.jar;G:\iesdwa\qualitygates\wa\2021.1_ADP1_INT\code\iesd\chs_home\lib\capitalcapmanimpl.jar;G:\iesdwa\qualitygates\wa\2021.1_ADP1_INT\code\iesd\chs_home\lib\annotations.jar;G:\iesdwa\qualitygates\wa\2021.1_ADP1_INT\code\iesd\chs_home\lib\capitalcofimpl.jar;G:\iesdwa\qualitygates\wa\2021.1_ADP1_INT\code\iesd\chs_home\lib\capitalcof_baseimpl.jar;G:\iesdwa\qualitygates\wa\2021.1_ADP1_INT\code\iesd\chs_home\lib\capitalcapman.jar;G:\iesdwa\qualitygates\wa\2021.1_ADP1_INT\code\iesd\chs_home\lib\capitallogon.jar;G:\iesdwa\qualitygates\wa\2021.1_ADP1_INT\code\iesd\chs_home\lib\capitalapi.jar;G:\iesdwa\qualitygates\wa\2021.1_ADP1_INT\code\iesd\chs_home\lib\capitalapiextensions.jar;G:\iesdwa\qualitygates\wa\2021.1_ADP1_INT\code\iesd\chs_home\lib\capitalcof.jar;G:\iesdwa\qualitygates\wa\2021.1_ADP1_INT\code\iesd\chs_home\lib\capitaldbmigrate.jar;G:\iesdwa\qualitygates\wa\2021.1_ADP1_INT\code\iesd\chs_home\bld\testlib\capitaltestscof.jar;G:\iesdwa\qualitygates\wa\2021.1_ADP1_INT\code\iesd\chs_home\lib\capitalmigrate.jar;G:\iesdwa\qualitygates\wa\2021.1_ADP1_INT\code\iesd\chs_home\lib\capitalbridges.jar;G:\iesdwa\qualitygates\wa\2021.1_ADP1_INT\code\iesd\chs_home\lib\capitalnxinterfaces.jar;G:\iesdwa\qualitygates\wa\2021.1_ADP1_INT\code\iesd\chs_home\bld\testlib\capitaltestsinterfaces.jar;G:\iesdwa\qualitygates\wa\2021.1_ADP1_INT\code\iesd\chs_home\lib\log4j.jar;G:\iesdwa\qualitygates\wa\2021.1_ADP1_INT\code\iesd\chs_home\bld\lib\jmockit.jar;G:\iesdwa\qualitygates\wa\2021.1_ADP1_INT\code\iesd\chs_home\bld\lib\junit.jar;G:\iesdwa\qualitygates\wa\2021.1_ADP1_INT\code\iesd\chs_home\bld\lib\hamcrest-core.jar;G:\iesdwa\qualitygates\wa\2021.1_ADP1_INT\code\iesd\chs_home\lib\xerces.jar;G:\iesdwa\qualitygates\wa\2021.1_ADP1_INT\code\iesd\chs_home\lib\guava.jar;G:\iesdwa\qualitygates\wa\2021.1_ADP1_INT\code\iesd\chs_home\lib\capitalintegrationservices.jar;G:\iesdwa\qualitygates\wa\2021.1_ADP1_INT\code\iesd\chs_home\lib\capitalwebservermain.jar;G:\iesdwa\qualitygates\wa\2021.1_ADP1_INT\code\iesd\chs_home\lib\capitalintegrationserver.jar;G:\iesdwa\qualitygates\wa\2021.1_ADP1_INT\code\iesd\chs_home\bld\testlib\capitaltestbridges.jar;G:\iesdwa\qualitygates\wa\2021.1_ADP1_INT\code\iesd\chs_home\lib\postgresqljdbc.jar;G:\iesdwa\qualitygates\wa\2021.1_ADP1_INT\code\iesd\chs_home\lib\javafx.base.jar;G:\iesdwa\qualitygates\wa\2021.1_ADP1_INT\code\iesd\chs_home\lib\jacorb.jar;G:\iesdwa\qualitygates\wa\2021.1_ADP1_INT\code\iesd\chs_home\lib\jacorb-omgapi.jar;G:\iesdwa\qualitygates\wa\2021.1_ADP1_INT\code\iesd\chs_home\lib\jersey-media-multipart.jar;G:\iesdwa\qualitygates\wa\2021.1_ADP1_INT\code\iesd\chs_home\lib\jackson-annotations.jar;G:\iesdwa\qualitygates\wa\2021.1_ADP1_INT\code\iesd\chs_home\lib\jackson-core.jar;G:\iesdwa\qualitygates\wa\2021.1_ADP1_INT\code\iesd\chs_home\lib\jackson-databind.jar;G:\iesdwa\qualitygates\wa\2021.1_ADP1_INT\code\iesd\chs_home\lib\jackson-jaxrs-base.jar;G:\iesdwa\qualitygates\wa\2021.1_ADP1_INT\code\iesd\chs_home\lib\jackson-jaxrs-json-provider.jar;G:\iesdwa\qualitygates\wa\2021.1_ADP1_INT\code\iesd\chs_home\lib\sanj.jar;G:\iesdwa\qualitygates\wa\2021.1_ADP1_INT\code\iesd\chs_home\lib\avalon-framework.jar;G:\iesdwa\qualitygates\wa\2021.1_ADP1_INT\code\iesd\chs_home\lib\logkit-1.2.jar;G:\iesdwa\qualitygates\wa\2021.1_ADP1_INT\code\iesd\chs_home\lib\ojdbc.jar;G:\iesdwa\qualitygates\wa\2021.1_ADP1_INT\code\iesd\chs_home\lib\trove.jar;G:\iesdwa\qualitygates\wa\2021.1_ADP1_INT\code\iesd\chs_home\lib\commons-codec.jar;G:\iesdwa\qualitygates\wa\2021.1_ADP1_INT\code\iesd\chs_home\lib\capitalresources.jar;G:\iesdwa\qualitygates\wa\2021.1_ADP1_INT\code\iesd\chs_home\lib\capitalapiimpl.jar;G:\iesdwa\qualitygates\wa\2021.1_ADP1_INT\code\iesd\chs_home\lib\capitalimages.jar;G:\iesdwa\qualitygates\wa\2021.1_ADP1_INT\code\iesd\chs_home\lib\capitaljeda.jar;G:\iesdwa\qualitygates\wa\2021.1_ADP1_INT\code\iesd\chs_home\lib\capitalupdaterutils.jar;G:\iesdwa\qualitygates\wa\2021.1_ADP1_INT\code\iesd\chs_home\plugins\capitalembeddedreports.jar;G:\iesdwa\qualitygates\wa\2021.1_ADP1_INT\code\iesd\chs_home\lib\capitalcaf.jar;G:\iesdwa\qualitygates\wa\2021.1_ADP1_INT\code\iesd\chs_home\lib\capitalharness.jar;G:\iesdwa\qualitygates\wa\2021.1_ADP1_INT\code\iesd\chs_home\lib\capitalbridgessdk.jar;G:\iesdwa\qualitygates\wa\2021.1_ADP1_INT\code\iesd\chs_home\lib\capitalwebserverutils.jar;G:\iesdwa\qualitygates\wa\2021.1_ADP1_INT\code\iesd\chs_home\lib\capitalwebservices.jar;G:\iesdwa\qualitygates\wa\2021.1_ADP1_INT\code\iesd\chs_home\adaptors\lib\capitaldsi.jar;G:\iesdwa\qualitygates\wa\2021.1_ADP1_INT\code\iesd\chs_home\adaptors\lib\capitalkbl.jar;G:\iesdwa\qualitygates\wa\2021.1_ADP1_INT\code\iesd\chs_home\adaptors\lib\capitalhcv.jar;G:\iesdwa\qualitygates\wa\2021.1_ADP1_INT\code\iesd\chs_home\lib\capitaladaptorbatch.jar;G:\iesdwa\qualitygates\wa\2021.1_ADP1_INT\code\iesd\chs_home\bld\testlib\capitaltestmigrate.jar;G:\iesdwa\qualitygates\wa\2021.1_ADP1_INT\code\iesd\chs_home\lib\hsqldb.jar;G:\iesdwa\qualitygates\wa\2021.1_ADP1_INT\code\iesd\chs_home\lib\slf4j-jdk.jar;G:\iesdwa\qualitygates\wa\2021.1_ADP1_INT\code\iesd\chs_home\lib\slf4j-api.jar;G:\iesdwa\qualitygates\wa\2021.1_ADP1_INT\code\iesd\chs_home\lib\capitalcommonlang.jar;G:\iesdwa\qualitygates\wa\2021.1_ADP1_INT\code\iesd\chs_home\lib\itext.jar;G:\iesdwa\qualitygates\wa\2021.1_ADP1_INT\code\iesd\chs_home\lib\jetty-schemas.jar;G:\iesdwa\qualitygates\wa\2021.1_ADP1_INT\code\iesd\chs_home\lib\jetty-security.jar;G:\iesdwa\qualitygates\wa\2021.1_ADP1_INT\code\iesd\chs_home\lib\jetty-server.jar;G:\iesdwa\qualitygates\wa\2021.1_ADP1_INT\code\iesd\chs_home\lib\jetty-servlet.jar;G:\iesdwa\qualitygates\wa\2021.1_ADP1_INT\code\iesd\chs_home\lib\jetty-servlets.jar;G:\iesdwa\qualitygates\wa\2021.1_ADP1_INT\code\iesd\chs_home\lib\jetty-util.jar;G:\iesdwa\qualitygates\wa\2021.1_ADP1_INT\code\iesd\chs_home\lib\jetty-webapp.jar;G:\iesdwa\qualitygates\wa\2021.1_ADP1_INT\code\iesd\chs_home\lib\jetty-xml.jar;G:\iesdwa\qualitygates\wa\2021.1_ADP1_INT\code\iesd\chs_home\lib\apache-jsp.jar;G:\iesdwa\qualitygates\wa\2021.1_ADP1_INT\code\iesd\chs_home\lib\taglibs-standard-impl.jar;G:\iesdwa\qualitygates\wa\2021.1_ADP1_INT\code\iesd\chs_home\lib\taglibs-standard-spec.jar;G:\iesdwa\qualitygates\wa\2021.1_ADP1_INT\code\iesd\chs_home\lib\apache-jsp-8.jar;G:\iesdwa\qualitygates\wa\2021.1_ADP1_INT\code\iesd\chs_home\lib\apache-el-8.jar;G:\iesdwa\qualitygates\wa\2021.1_ADP1_INT\code\iesd\chs_home\lib\javax.annotation-api.jar;G:\iesdwa\qualitygates\wa\2021.1_ADP1_INT\code\iesd\chs_home\lib\asm.jar;G:\iesdwa\qualitygates\wa\2021.1_ADP1_INT\code\iesd\chs_home\lib\asm-commons.jar;G:\iesdwa\qualitygates\wa\2021.1_ADP1_INT\code\iesd\chs_home\lib\asm-tree.jar;G:\iesdwa\qualitygates\wa\2021.1_ADP1_INT\code\iesd\chs_home\lib\ecj.jar;G:\iesdwa\qualitygates\wa\2021.1_ADP1_INT\code\iesd\chs_home\lib\servlet-api-3.1.jar;G:\iesdwa\qualitygates\wa\2021.1_ADP1_INT\code\iesd\chs_home\lib\jetty-annotations.jar;G:\iesdwa\qualitygates\wa\2021.1_ADP1_INT\code\iesd\chs_home\lib\jetty-client.jar;G:\iesdwa\qualitygates\wa\2021.1_ADP1_INT\code\iesd\chs_home\lib\jetty-continuation.jar;G:\iesdwa\qualitygates\wa\2021.1_ADP1_INT\code\iesd\chs_home\lib\jetty-http.jar;G:\iesdwa\qualitygates\wa\2021.1_ADP1_INT\code\iesd\chs_home\lib\jetty-io.jar;G:\iesdwa\qualitygates\wa\2021.1_ADP1_INT\code\iesd\chs_home\lib\jetty-jmx.jar;G:\iesdwa\qualitygates\wa\2021.1_ADP1_INT\code\iesd\chs_home\lib\jetty-jndi.jar;G:\iesdwa\qualitygates\wa\2021.1_ADP1_INT\code\iesd\chs_home\lib\jetty-plus.jar;G:\iesdwa\qualitygates\wa\2021.1_ADP1_INT\code\iesd\chs_home\lib\jetty-proxy.jar;G:\iesdwa\qualitygates\wa\2021.1_ADP1_INT\code\iesd\chs_home\lib\hibernate.jar;G:\iesdwa\qualitygates\wa\2021.1_ADP1_INT\code\iesd\chs_home\lib\javax.persistence-api.jar;G:\iesdwa\qualitygates\wa\2021.1_ADP1_INT\code\iesd\chs_home\lib\jboss-rmi-api.jar;G:\iesdwa\qualitygates\wa\2021.1_ADP1_INT\code\iesd\chs_home\lib\quartz.jar;G:\iesdwa\qualitygates\wa\2021.1_ADP1_INT\code\iesd\chs_home\lib\saaj-impl.jar;G:\iesdwa\qualitygates\wa\2021.1_ADP1_INT\code\iesd\chs_home\lib\stax-ex.jar;G:\iesdwa\qualitygates\wa\2021.1_ADP1_INT\code\iesd\chs_home\lib\webservices-api.jar;G:\iesdwa\qualitygates\wa\2021.1_ADP1_INT\code\iesd\chs_home\lib\javafx.swing.jar;G:\iesdwa\qualitygates\wa\2021.1_ADP1_INT\code\iesd\chs_home\lib\jersey-container-servlet.jar;G:\iesdwa\qualitygates\wa\2021.1_ADP1_INT\code\iesd\chs_home\lib\jersey-container-servlet-core.jar;G:\iesdwa\qualitygates\wa\2021.1_ADP1_INT\code\iesd\chs_home\lib\jersey-server.jar;G:\iesdwa\qualitygates\wa\2021.1_ADP1_INT\code\iesd\chs_home\lib\javax.ws.rs-api-2.0.jar;G:\iesdwa\qualitygates\wa\2021.1_ADP1_INT\code\iesd\chs_home\lib\jersey-common.jar;G:\iesdwa\qualitygates\wa\2021.1_ADP1_INT\code\iesd\chs_home\lib\jersey-guava.jar;G:\iesdwa\qualitygates\wa\2021.1_ADP1_INT\code\iesd\chs_home\lib\javax.inject.jar;G:\iesdwa\qualitygates\wa\2021.1_ADP1_INT\code\iesd\chs_home\lib\hk2-utils.jar;G:\iesdwa\qualitygates\wa\2021.1_ADP1_INT\code\iesd\chs_home\lib\hk2-locator.jar;G:\iesdwa\qualitygates\wa\2021.1_ADP1_INT\code\iesd\chs_home\lib\hk2-api.jar;G:\iesdwa\qualitygates\wa\2021.1_ADP1_INT\code\iesd\chs_home\lib\validation-api.jar;G:\iesdwa\qualitygates\wa\2021.1_ADP1_INT\code\iesd\chs_home\lib\batik-bridge.jar;G:\iesdwa\qualitygates\wa\2021.1_ADP1_INT\code\iesd\chs_home\lib\javafx\Windows\lib\javafx-swt.jar;G:\iesdwa\qualitygates\wa\2021.1_ADP1_INT\code\iesd\chs_home\lib\javafx\Windows\lib\javafx.base.jar;G:\iesdwa\qualitygates\wa\2021.1_ADP1_INT\code\iesd\chs_home\lib\javafx\Windows\lib\javafx.controls.jar;G:\iesdwa\qualitygates\wa\2021.1_ADP1_INT\code\iesd\chs_home\lib\javafx\Windows\lib\javafx.fxml.jar;G:\iesdwa\qualitygates\wa\2021.1_ADP1_INT\code\iesd\chs_home\lib\javafx\Windows\lib\javafx.graphics.jar;G:\iesdwa\qualitygates\wa\2021.1_ADP1_INT\code\iesd\chs_home\lib\javafx\Windows\lib\javafx.media.jar;G:\iesdwa\qualitygates\wa\2021.1_ADP1_INT\code\iesd\chs_home\lib\javafx\Windows\lib\javafx.swing.jar;G:\iesdwa\qualitygates\wa\2021.1_ADP1_INT\code\iesd\chs_home\lib\javafx\Windows\lib\javafx.web.jar;G:\iesdwa\qualitygates\wa\2021.1_ADP1_INT\code\iesd\infrastructure_src\src\third_party\cobertura\cobertura.jar;G:\iesdwa\qualitygates\wa\2021.1_ADP1_INT\code\iesd\infrastructure_src\src\third_party\cobertura\lib\asm-3.0.jar;G:\iesdwa\qualitygates\wa\2021.1_ADP1_INT\code\iesd\infrastructure_src\src\third_party\cobertura\lib\asm-tree-3.0.jar;G:\iesdwa\qualitygates\wa\2021.1_ADP1_INT\code\iesd\infrastructure_src\src\third_party\cobertura\lib\jakarta-oro-2.0.8.jar;G:\iesdwa\qualitygates\wa\2021.1_ADP1_INT\code\iesd\infrastructure_src\src\third_party\cobertura\lib\log4j-1.2.9.jar;G:\iesdwa\qualitygates\wa\2021.1_ADP1_INT\code\iesd\chs_home\bld\jacoco\lib\jacocoagent.jar;G:\iesdwa\qualitygates\wa\2021.1_ADP1_INT\code\iesd\chs_home\bld\lib\cacio-tta.jar;G:\iesdwa\qualitygates\wa\2021.1_ADP1_INT\code\iesd\chs_home\bld\lib\cacio-shared.jar;G:\iesdwa\qualitygates\wa\2021.1_ADP1_INT\code\iesd\infrastructure_src\src\third_party\assertj-swing\assertj-core.jar;G:\iesdwa\qualitygates\wa\2021.1_ADP1_INT\code\iesd\chs_home\bld\ilib\junit-jacoco-ant.jar;G:\iesdwa\qualitygates\wa\2021.1_ADP1_INT\code\iesd\chs_home\bld\lib\ant-launcher.jar;G:\iesdwa\qualitygates\wa\2021.1_ADP1_INT\code\iesd\chs_home\bld\lib\ant.jar;G:\iesdwa\qualitygates\wa\2021.1_ADP1_INT\code\iesd\chs_home\bld\lib\ant-junit.jar;G:\iesdwa\qualitygates\wa\2021.1_ADP1_INT\code\iesd\chs_home\bld\lib\ant-junit4.jar;G:\iesdwa\qualitygates\wa\2021.1_ADP1_INT\code\iesd\chs_home\lib\socketio.jar" />
    <property name="nodejs_npm.executable" value="G:/iesdwa/qualitygates/wa//2021.1_ADP1_INT/code/iesd/chs_home/bld/nodejs/windows/npm.cmd" />
    <property name="junit.showoutput" value="false" />
    <property name="DEBUG" value="on" />
    <property name="junit.haltonfailure" value="no" />
    <property name="env.=D:" value="D:\" />
    <property name="env.ProgramFiles(x86)" value="C:\Program Files (x86)" />
    <property name="env.CHS_TEMP" value="G:/iesdwa/qualitygates/wa/2021.1_ADP1_INT/code/iesd/chs_home/temp" />
    <property name="env.WORKSPACE_TMP" value="c:\slave\workspace\rerunFailedQualityGateTests@tmp" />
    <property name="env.ANT_OPTS" value="-Xmx1G" />
    <property name="ant.file.type.GradleSupport" value="file" />
    <property name="build" value="build" />
    <property name="java.vm.version" value="11.0.4+11" />
    <property name="build.version.sub" value="1" />
    <property name="chsbuildtools_home" value="G:/iesdwa/qualitygates/wa//2021.1_ADP1_INT/code/iesd/chs_home/bld" />
    <property name="capital.timestampserver.url" value="http://timestamp.entrust.net/TSS/JavaHttpTS" />
    <property name="env.JOB_BASE_NAME" value="rerunFailedQualityGateTests" />
    <property name="gradle.executable" value="G:/iesdwa/qualitygates/wa//2021.1_ADP1_INT/code/iesd/chs_home/bld/gradle/bin/gradle.bat" />
    <property name="env.OneDrive" value="C:\Users\iesdgrid\OneDrive" />
  </properties>
  <testcase classname="chs.capitalmigrate.DatabaseSchemaChangeIdentifierTest" name="testDatabaseSchemaIsUnchanged" time="1.06" />
  <system-out><![CDATA[====== Plugins disabled; if the test expects plugins then override DataModelTestCase.disablePlugins
TestExecutionOrder=1,Test=DatabaseSchemaChangeIdentifierTest,TestCaseName=testDatabaseSchemaIsUnchanged
]]></system-out>
  <system-err><![CDATA[]]></system-err>
</testsuite>
