<?xml version="1.0" encoding="UTF-8" ?>
<testsuite errors="0" failures="0" hostname="ies-iesdwx-n311" name="chs.common.reporting.TeamcenterLogicComponentBOMTest" skipped="0" tests="42" time="294.748" timestamp="2021-05-05T00:57:15">
  <properties>
    <property name="ant.file.type.Class Paths" value="file" />
    <property name="env.NUMBER_OF_PROCESSORS" value="2" />
    <property name="env.TERM" value="xterm-256color" />
    <property name="java.specification.version" value="11" />
    <property name="build_ixl_binaries" value="false" />
    <property name="env.USERPROFILE" value="C:\Users\iesdgrid" />
    <property name="sun.cpu.isalist" value="amd64" />
    <property name="env.EXECUTOR_NUMBER" value="0" />
    <property name="echo" value="BUILD_DATE=May 04 2021" />
    <property name="sun.arch.data.model" value="64" />
    <property name="chs.build.findco.fail" value="true" />
    <property name="java.vendor.url" value="http://java.oracle.com/" />
    <property name="env.PROJ_HOME" value="G:/iesdwa/qualitygates/wa/2021.1_ADP1_INT/code/iesd" />
    <property name="env.JENKINS_HOME" value="/var/lib/jenkins" />
    <property name="net.sourceforge.cobertura.datafile" value="G:\iesdwa\qualitygates\wa\2021.1_ADP1_INT\code\iesd\datamodel_src\tests/outinstr/cobertura.ser" />
    <property name="env.OS" value="Windows_NT" />
    <property name="env.JOB_DISPLAY_URL" value="http://ies-iesd-ci-05.ies.mentorg.com:8080/job/rerunFailedQualityGateTests/display/redirect" />
    <property name="sun.boot.library.path" value="c:\apps64\jdk-11.0.4\bin" />
    <property name="sun.java.command" value="org.apache.tools.ant.taskdefs.optional.junit.JUnitTestRunner chs.common.reporting.TeamcenterLogicComponentBOMTest skipNonTests=false filtertrace=true haltOnError=false haltOnFailure=false formatter=org.apache.tools.ant.taskdefs.optional.junit.SummaryJUnitResultFormatter showoutput=false outputtoformatters=true logfailedtests=true threadid=0 logtestlistenerevents=false formatter=org.apache.tools.ant.taskdefs.optional.junit.XMLJUnitResultFormatter,G:\iesdwa\qualitygates\wa\2021.1_ADP1_INT\code\iesd\chs_home\bld\testresults\datamodel\TEST-chs.common.reporting.TeamcenterLogicComponentBOMTest.xml crashfile=G:\iesdwa\qualitygates\wa\2021.1_ADP1_INT\code\iesd\datamodel_src\tests\junitvmwatcher1576766650850676481.properties propsfile=G:\iesdwa\qualitygates\wa\2021.1_ADP1_INT\code\iesd\datamodel_src\tests\junit5909675979247993889.properties" />
    <property name="env.SYSTEMROOT" value="C:\Windows" />
    <property name="jdk.debug" value="release" />
    <property name="manifest.jetty" value="jetty-schemas.jar;jetty-security.jar;jetty-server.jar;jetty-servlet.jar;jetty-servlets.jar;jetty-util.jar;jetty-webapp.jar;jetty-xml.jar;apache-jsp.jar;taglibs-standard-impl.jar;taglibs-standard-spec.jar;apache-jsp-8.jar;apache-el-8.jar;javax.annotation-api.jar;asm.jar;asm-commons.jar;asm-tree.jar;ecj.jar;servlet-api-3.1.jar;jetty-annotations.jar;jetty-client.jar;jetty-continuation.jar;jetty-http.jar;jetty-io.jar;jetty-jmx.jar;jetty-jndi.jar;jetty-plus.jar;jetty-proxy.jar" />
    <property name="TARGET_OS" value="Win64" />
    <property name="java.specification.vendor" value="Oracle Corporation" />
    <property name="env.STREAM_NAME" value="2021.1_ADP1_INT" />
    <property name="java.version.date" value="2019-07-16" />
    <property name="java.home" value="c:\apps64\jdk-11.0.4" />
    <property name="ant.file.type.chsbuildtasks" value="file" />
    <property name="basedir" value="G:\iesdwa\qualitygates\wa\2021.1_ADP1_INT\code\iesd\datamodel_src\tests" />
    <property name="java.vm.specification.vendor" value="Oracle Corporation" />
    <property name="java.specification.name" value="Java Platform API Specification" />
    <property name="ant.file.AntContrib" value="G:\iesdwa\qualitygates\wa\2021.1_ADP1_INT\code\iesd\infrastructure_src\src\scripts\AntScripts\AntContrib.xml" />
    <property name="junit.tests.maxmemory" value="2G" />
    <property name="env._JAVACMD" value="c:/apps64/jdk-11.0.4\bin\java.exe" />
    <property name="env.JENKINS_SERVER_COOKIE" value="8c4401faaf4fcb70" />
    <property name="env.LOCALAPPDATA" value="C:\Users\iesdgrid\AppData\Local" />
    <property name="env.USERDOMAIN_ROAMINGPROFILE" value="MGC" />
    <property name="ant.file.chsbuildtasks" value="G:\iesdwa\qualitygates\wa\2021.1_ADP1_INT\code\iesd\infrastructure_src\src\scripts\chsbuildtasks.xml" />
    <property name="user.script" value="" />
    <property name="coverage.tool" value="jacoco" />
    <property name="sun.management.compiler" value="HotSpot 64-Bit Tiered Compilers" />
    <property name="ant.file.Class Paths" value="G:\iesdwa\qualitygates\wa\2021.1_ADP1_INT\code\iesd\infrastructure_src\src\scripts\AntScripts\ClassPaths.xml" />
    <property name="java.runtime.version" value="11.0.4+11" />
    <property name="env.PATH" value="c:/apps64/jdk-11.0.4/bin;G:/iesdwa/qualitygates/wa/2021.1_ADP1_INT/code/iesd/chs_home/bld/bin;G:/iesdwa/qualitygates/wa/2021.1_ADP1_INT/code/iesd/chs_home/bin;C:\Windows\system32;C:\Windows;C:\Windows\System32\Wbem;C:\Windows\System32\WindowsPowerShell\v1.0;C:\Windows\System32\OpenSSH;C:\Strawberry\c\bin;C:\Strawberry\perl\site\bin;C:\Strawberry\perl\bin;C:\cygwin\bin;C:\Strawberry\perl\bin;C:\tools\cygwin\bin;C:\Program Files\7-Zip;C:\Program Files\Puppet Labs\Puppet\bin;C:\Users\iesdgrid\AppData\Local\Microsoft\WindowsApps;C:\cygwin\bin;C:\cygwin64\bin;C:\strawberry\perl\bin" />
    <property name="jacoco.unittest.merged.data" value="G:/iesdwa/qualitygates/wa//2021.1_ADP1_INT/code/iesd/chs_home/bld/jacoco/coverage//merged-coveragedata-jacoco.exec" />
    <property name="junit.fork" value="true" />
    <property name="env.ProgramW6432" value="C:\Program Files" />
    <property name="env.DriverData" value="C:\Windows\System32\Drivers\DriverData" />
    <property name="buildTestsDir" value="build-tests" />
    <property name="env.=G:" value="G:\iesdwa\qualitygates\wa\2021.1_ADP1_INT\code\iesd" />
    <property name="env.PUBLIC" value="C:\Users\Public" />
    <property name="file.encoding" value="UTF-8" />
    <property name="chsbuildtools_taskdef" value="G:/iesdwa/qualitygates/wa//2021.1_ADP1_INT/code/iesd/infrastructure_src/src/scripts/chsbuildtasks.xml" />
    <property name="jacoco.coverage.rootdir" value="G:/iesdwa/qualitygates/wa//2021.1_ADP1_INT/code/iesd/chs_home/bld/jacoco/coverage/" />
    <property name="singletest" value="G:\iesdwa\qualitygates\wa\2021.1_ADP1_INT\code\iesd\datamodel_src\tests\null1826960050" />
    <property name="ant.file.type.jacoco-coverage" value="file" />
    <property name="java.vendor.version" value="18.9" />
    <property name="env.COMPUTERNAME" value="IES-IESDWX-N311" />
    <property name="env._" value="/cygdrive/c/Strawberry/perl/bin/perl" />
    <property name="env.HOMEPATH" value="\Users\iesdgrid" />
    <property name="env.SHLVL" value="1" />
    <property name="build.suite" value="chs" />
    <property name="env.APPDATA" value="C:\Users\iesdgrid\AppData\Roaming" />
    <property name="env.ProgramData" value="C:\ProgramData" />
    <property name="env.BUILD_CAUSE" value="MANUALTRIGGER" />
    <property name="java.io.tmpdir" value="C:\Users\iesdgrid\AppData\Local\Temp\" />
    <property name="env.IESD_SCRIPTS" value="//ies-net-cls1-data.ies.mentorg.com/iesd/iesd_data11/iesdgridhome/scripts/prod" />
    <property name="chs.datachecktests.performanceframework.maxmemory" value="4g" />
    <property name="java.version" value="11.0.4" />
    <property name="env.WORKSPACE" value="c:\slave\workspace\rerunFailedQualityGateTests" />
    <property name="java.vm.specification.name" value="Java Virtual Machine Specification" />
    <property name="ant.file.type.COF Tests" value="file" />
    <property name="java.awt.printerjob" value="sun.awt.windows.WPrinterJob" />
    <property name="junit.pardatacheck.timeout.ms" value="600000" />
    <property name="env.BUILD_ID" value="233715" />
    <property name="env.JOB_NAME" value="rerunFailedQualityGateTests" />
    <property name="test.jvm.args.linux" value="" />
    <property name="build_aol_binaries" value="false" />
    <property name="COMPILE_C++" value="false" />
    <property name="java.library.path" value="c:\apps64\jdk-11.0.4\bin;C:\Windows\Sun\Java\bin;C:\Windows\system32;C:\Windows;c:/apps64/jdk-11.0.4/bin;G:/iesdwa/qualitygates/wa/2021.1_ADP1_INT/code/iesd/chs_home/bld/bin;G:/iesdwa/qualitygates/wa/2021.1_ADP1_INT/code/iesd/chs_home/bin;C:\Windows\system32;C:\Windows;C:\Windows\System32\Wbem;C:\Windows\System32\WindowsPowerShell\v1.0;C:\Windows\System32\OpenSSH;C:\Strawberry\c\bin;C:\Strawberry\perl\site\bin;C:\Strawberry\perl\bin;C:\cygwin\bin;C:\Strawberry\perl\bin;C:\tools\cygwin\bin;C:\Program Files\7-Zip;C:\Program Files\Puppet Labs\Puppet\bin;C:\Users\iesdgrid\AppData\Local\Microsoft\WindowsApps;C:\cygwin\bin;C:\cygwin64\bin;C:\strawberry\perl\bin;." />
    <property name="java.vendor" value="Oracle Corporation" />
    <property name="env.HUDSON_HOME" value="/var/lib/jenkins" />
    <property name="sun.io.unicode.encoding" value="UnicodeLittle" />
    <property name="coverage.basedir" value="G:\iesdwa\qualitygates\wa\2021.1_ADP1_INT\code\iesd\infrastructure_src\src\scripts\AntScripts" />
    <property name="jacoco-agent.destfile" value="G:\iesdwa\qualitygates\wa\2021.1_ADP1_INT\code\iesd\datamodel_src\tests/outinstr/TeamcenterLogicComponentBOMTest.jacoco.exec" />
    <property name="sun.desktop" value="windows" />
    <property name="ant.file.type" value="file" />
    <property name="chs.projecthome" value="G:/iesdwa/qualitygates/wa//2021.1_ADP1_INT/code/iesd" />
    <property name="cobertura.output.dir" value="G:/iesdwa/qualitygates/wa//2021.1_ADP1_INT/code/iesd/chs_home/bld/cobertura/junit/datamodel" />
    <property name="coverage.report.format" value="html" />
    <property name="chs.home" value="G:/iesdwa/qualitygates/wa//2021.1_ADP1_INT/code/iesd/chs_home" />
    <property name="jacoco.unittest.report.dir" value="G:/iesdwa/qualitygates/wa//2021.1_ADP1_INT/code/iesd/chs_home/bld/jacoco/coverage//junit-coverage" />
    <property name="env.CHS_AUTO_HOME" value="G:/iesdwa/qualitygates/wa/2021.1_ADP1_INT/code/iesd/auto_src" />
    <property name="build_vco" value="ixw" />
    <property name="generated" value="build/autoGen" />
    <property name="user.timezone" value="" />
    <property name="build.hfversion" value="" />
    <property name="java.vm.specification.version" value="11" />
    <property name="junit.datacheck.performanceframework.timeout.ms" value="5400000" />
    <property name="os.name" value="Windows 10" />
    <property name="env.RUN_DISPLAY_URL" value="http://ies-iesd-ci-05.ies.mentorg.com:8080/job/rerunFailedQualityGateTests/233715/display/redirect" />
    <property name="env.ROOT_BUILD_CAUSE_MANUALTRIGGER" value="true" />
    <property name="JAVA_DB_TESTS" value="false" />
    <property name="ant.file.GradleSupport" value="G:\iesdwa\qualitygates\wa\2021.1_ADP1_INT\code\iesd\infrastructure_src\src\scripts\AntScripts\GradleSupport.xml" />
    <property name="bldlibdir" value="G:/iesdwa/qualitygates/wa//2021.1_ADP1_INT/code/iesd/chs_home/bld/lib" />
    <property name="test" value="chs.common.reporting.TeamcenterLogicComponentBOMTest" />
    <property name="test.results.base" value="G:/iesdwa/qualitygates/wa//2021.1_ADP1_INT/code/iesd/chs_home/bld/testresults" />
    <property name="chsbuild.bigstack" value="-Xss1024k" />
    <property name="user.home" value="C:\Users\iesdgrid" />
    <property name="CHS_BUILD_DATE" value="5-May-2021 01:56:46 +0100" />
    <property name="singletest.options" value="" />
    <property name="test.reports.base" value="G:/iesdwa/qualitygates/wa//2021.1_ADP1_INT/code/iesd/chs_home/bld/testreports" />
    <property name="env.ADDITIONAL_OPTIONS" value="-debug" />
    <property name="coverage.classpattern.file" value="patterns.txt" />
    <property name="env.ALLUSERSPROFILE" value="C:\ProgramData" />
    <property name="framework-build" value="build/classes/java/main" />
    <property name="env.SESSIONNAME" value="Console" />
    <property name="java.awt.graphicsenv" value="sun.awt.Win32GraphicsEnvironment" />
    <property name="env.HUDSON_COOKIE" value="397b0027-cee2-4a85-8370-482f7714d5ad" />
    <property name="electrical.build.version.major" value="2022" />
    <property name="env.ANT_HOME" value="G:/iesdwa/qualitygates/wa/2021.1_ADP1_INT/code/iesd/chs_home/bld" />
    <property name="env.JENKINS_URL" value="http://ies-iesd-ci-05.ies.mentorg.com:8080/" />
    <property name="teamwork_weabpp_npm.executable" value="G:/iesdwa/qualitygates/wa//2021.1_ADP1_INT/code/iesd/chs_home/bld/teamwork_webapp_deps/nodejs-v10.16.0/windows/npm.cmd" />
    <property name="extensionsdir" value="G:/iesdwa/qualitygates/wa//2021.1_ADP1_INT/code/iesd/chs_home/bld/testdata/extensions/DRCMgrTest" />
    <property name="env.=\:" value="\\ies-net-cls1-data.ies.mentorg.com\iesd\iesd_data11\iesdgridhome\scripts\prod\BuildScripts\bin" />
    <property name="build.version.ident" value="official" />
    <property name="coverage.merged.datadir" value="G:/iesdwa/qualitygates/wa//2021.1_ADP1_INT/code/iesd/chs_home/bld/coverage" />
    <property name="ant.file" value="G:\iesdwa\qualitygates\wa\2021.1_ADP1_INT\code\iesd\datamodel_src\tests\build.xml" />
    <property name="path.separator" value=";" />
    <property name="chs.build.heapdumpdir" value="G:/iesdwa/qualitygates/wa//2021.1_ADP1_INT/code/iesd/chs_home/temp/" />
    <property name="os.version" value="10.0" />
    <property name="jacoco.dir" value="G:\iesdwa\qualitygates\wa\2021.1_ADP1_INT\code\iesd\infrastructure_src\src\scripts/../third_party/jacoco" />
    <property name="ant.file.chstargets" value="G:\iesdwa\qualitygates\wa\2021.1_ADP1_INT\code\iesd\infrastructure_src\src\scripts\chstargets.xml" />
    <property name="ENCRYPT_JARS" value="true" />
    <property name="env.PATHEXT" value=".COM;.EXE;.BAT;.CMD;.VBS;.VBE;.JS;.JSE;.WSF;.WSH;.MSC" />
    <property name="build.version.minor" value="1" />
    <property name="cobertura.metadata.file" value="datamodel_metadata.ser" />
    <property name="env._USE_CLASSPATH" value="no" />
    <property name="env.NODE_NAME" value="ies-iesdwx-n311.mgc.mentorg.com" />
    <property name="java.vm.name" value="OpenJDK 64-Bit Server VM" />
    <property name="chs.datachecktests.maxmemory" value="512m" />
    <property name="TARGET_ECAD" value="CHS" />
    <property name="ant.file.ProjectSourcePaths" value="G:\iesdwa\qualitygates\wa\2021.1_ADP1_INT\code\iesd\infrastructure_src\src\scripts\AntScripts\commondefs.xml" />
    <property name="chshome.aol" value="G:/iesdwa/qualitygates/wa//2021.1_ADP1_INT/code/iesd/chs_home.aol" />
    <property name="env.USERNAME" value="iesdgrid" />
    <property name="os.arch" value="amd64" />
    <property name="JAVA_CREATE_DB" value="false" />
    <property name="build.version.major" value="2021" />
    <property name="nodejs.executable" value="G:/iesdwa/qualitygates/wa//2021.1_ADP1_INT/code/iesd/chs_home/bld/nodejs/windows/node.exe" />
    <property name="HOSTNAME" value="ies-iesdbld24-ct72" />
    <property name="java.vm.info" value="mixed mode" />
    <property name="singletest.perfreport" value="" />
    <property name="env.TEMP" value="C:\Users\iesdgrid\AppData\Local\Temp" />
    <property name="java.class.version" value="55.0" />
    <property name="env.CHS_HOME" value="G:/iesdwa/qualitygates/wa/2021.1_ADP1_INT/code/iesd/chs_home" />
    <property name="ant.project.default-target" value="runtests" />
    <property name="awt.toolkit" value="sun.awt.windows.WToolkit" />
    <property name="ant.library.dir" value="G:\iesdwa\qualitygates\wa\2021.1_ADP1_INT\code\iesd\chs_home\bld\lib" />
    <property name="ant.project.name" value="COF Tests" />
    <property name="env.BUILD_TAG" value="jenkins-rerunFailedQualityGateTests-233715" />
    <property name="sun.jnu.encoding" value="Cp1252" />
    <property name="env.LM_LICENSE_FILE" value="1700@mglicsvr.india.mentorg.com;1700@mglicsvr2.india.mentorg.com;1700@mglicsvr3.india.mentorg.com" />
    <property name="env.HUDSON_URL" value="http://ies-iesd-ci-05.ies.mentorg.com:8080/" />
    <property name="ant.file.type.Coverage" value="file" />
    <property name="env.CommonProgramW6432" value="C:\Program Files\Common Files" />
    <property name="env.UATDATA" value="C:\Windows\CCM\UATData\D9F8C395-CAB8-491d-B8AC-179A1FE1BE77" />
    <property name="env.BUILD_CAUSE_MANUALTRIGGER" value="true" />
    <property name="DSTAMP" value="20210505" />
    <property name="imported.basedir" value="G:\iesdwa\qualitygates\wa\2021.1_ADP1_INT\code\iesd\infrastructure_src\src\scripts" />
    <property name="build_env" value="windows" />
    <property name="ant.file.type.TestTargets" value="file" />
    <property name="env.GHOSTSCRIPT_DIR" value="C:/QualityGate/LocalData/ghostscript" />
    <property name="cobertura.maxmemory" value="800M" />
    <property name="theTest" value="TeamcenterLogicComponentBOMTest" />
    <property name="env.MGLS_LICENSE_FILE" value="1700@mglicsvr.india.mentorg.com;1700@mglicsvr2.india.mentorg.com;1700@mglicsvr3.india.mentorg.com" />
    <property name="coverage.dir" value="G:\iesdwa\qualitygates\wa\2021.1_ADP1_INT\code\iesd\datamodel_src\tests/coverage" />
    <property name="env.ANT_CMD_LINE_ARGS" value=" -propertyfile G:/iesdwa/qualitygates/wa/2021.1_ADP1_INT/code/iesd/build.windows.properties -Dtest chs.common.reporting.TeamcenterLogicComponentBOMTest runsingletestonlyqg -f G:/iesdwa/qualitygates/wa/2021.1_ADP1_INT/code/iesd/datamodel_src/tests/build.xml" />
    <property name="env.JAVA_HOME" value="c:/apps64/jdk-11.0.4" />
    <property name="teamwork_webapp_node.folder" value="G:/iesdwa/qualitygates/wa//2021.1_ADP1_INT/code/iesd/chs_home/bld/teamwork_webapp_deps/nodejs-v10.16.0/windows" />
    <property name="env.PROGRAMFILES" value="C:\Program Files" />
    <property name="test.jvm.args" value="-Dvalidation.extended=false             -Dvalidation.intermediateXML=false             -ea             -Xmx1024M             -Xss1024k             -XX:+HeapDumpOnOutOfMemoryError             -XX:HeapDumpPath=G:/iesdwa/qualitygates/wa//2021.1_ADP1_INT/code/iesd/chs_home/temp/             -javaagent:G:/iesdwa/qualitygates/wa//2021.1_ADP1_INT/code/iesd/chs_home/bld/lib/jmockit.jar                          -Dfile.encoding=UTF-8            " />
    <property name="file.separator" value="\" />
    <property name="java.vm.compressedOopsMode" value="32-bit" />
    <property name="line.separator" value="&#xd;&#xa;" />
    <property name="env.PROMPT" value="$P$G" />
    <property name="gradlebuild" value="false" />
    <property name="teamwork_weabpp_node.executable" value="G:/iesdwa/qualitygates/wa//2021.1_ADP1_INT/code/iesd/chs_home/bld/teamwork_webapp_deps/nodejs-v10.16.0/windows/node" />
    <property name="junit.datacheck.timeout.ms" value="1800000" />
    <property name="chsbuildtools_lib" value="G:/iesdwa/qualitygates/wa//2021.1_ADP1_INT/code/iesd/chs_home/bld/lib" />
    <property name="junit.timeout.ms" value="1200000" />
    <property name="env.PROCESSOR_REVISION" value="3f00" />
    <property name="COF Tests.basedir" value="G:\iesdwa\qualitygates\wa\2021.1_ADP1_INT\code\iesd\datamodel_src\tests" />
    <property name="capital.testlist.files" value="chs/common/reporting/TeamcenterLogicComponentBOMTest.class&#xa;" />
    <property name="env.PERL5LIB" value="//ies-net-cls1-data.ies.mentorg.com/home/iesdgrid/perl5/lib/perl5" />
    <property name="env.PSModulePath" value="C:\Program Files\WindowsPowerShell\Modules;C:\Windows\system32\WindowsPowerShell\v1.0\Modules" />
    <property name="toolssrc" value="toolssrc" />
    <property name="chs.build.id" value="2021.1.1.official" />
    <property name="env.PROCESSOR_IDENTIFIER" value="Intel64 Family 6 Model 63 Stepping 0, GenuineIntel" />
    <property name="validation.intermediateXML" value="false" />
    <property name="user.name" value="iesdgrid" />
    <property name="ant.file.type.ProjectSourcePaths" value="file" />
    <property name="test1" value="chs/common/reporting/TeamcenterLogicComponentBOMTest" />
    <property name="env.BUILD_URL" value="http://ies-iesd-ci-05.ies.mentorg.com:8080/job/rerunFailedQualityGateTests/233715/" />
    <property name="manifest.jetty.spaces" value="jetty-schemas.jar jetty-security.jar jetty-server.jar jetty-servlet.jar jetty-servlets.jar jetty-util.jar jetty-webapp.jar jetty-xml.jar apache-jsp.jar taglibs-standard-impl.jar taglibs-standard-spec.jar apache-jsp-8.jar apache-el-8.jar javax.annotation-api.jar asm.jar asm-commons.jar asm-tree.jar ecj.jar servlet-api-3.1.jar jetty-annotations.jar jetty-client.jar jetty-continuation.jar jetty-http.jar jetty-io.jar jetty-jmx.jar jetty-jndi.jar jetty-plus.jar jetty-proxy.jar" />
    <property name="env.JOB_URL" value="http://ies-iesd-ci-05.ies.mentorg.com:8080/job/rerunFailedQualityGateTests/" />
    <property name="cobertura.dir" value="G:\iesdwa\qualitygates\wa\2021.1_ADP1_INT\code\iesd\infrastructure_src\src\scripts/../third_party/cobertura" />
    <property name="build.version.full" value="true" />
    <property name="env.SYSTEMDRIVE" value="C:" />
    <property name="build.version.name" value="2021.1" />
    <property name="test.reports.dir" value="G:/iesdwa/qualitygates/wa//2021.1_ADP1_INT/code/iesd/chs_home/bld/testreports" />
    <property name="mainbuild" value="build/classes/java/test" />
    <property name="ant.file.TestTargets" value="G:\iesdwa\qualitygates\wa\2021.1_ADP1_INT\code\iesd\infrastructure_src\src\scripts\AntScripts\TestTargets.xml" />
    <property name="env.NODE_LABELS" value="IES-IESDWX-N311 ansible-configured debug ies-iesdwx-n311.mgc.mentorg.com iesdgrid ixw swarm unassignedlabelwin10 undefined_jenkins_label_2 undefined_jenkins_label_9 w10e win10tests-v11" />
    <property name="env.BitDefender_Covered" value="True" />
    <property name="env.HOMEDRIVE" value="C:" />
    <property name="env.PROCESSOR_LEVEL" value="6" />
    <property name="env.TMP" value="C:\Users\iesdgrid\AppData\Local\Temp" />
    <property name="ant.home" value="G:/iesdwa/qualitygates/wa/2021.1_ADP1_INT/code/iesd/chs_home/bld" />
    <property name="osName" value="Windows" />
    <property name="env.RUN_CHANGES_DISPLAY_URL" value="http://ies-iesd-ci-05.ies.mentorg.com:8080/job/rerunFailedQualityGateTests/233715/display/redirect?page=changes" />
    <property name="sun.os.patch.level" value="" />
    <property name="ant.version" value="Apache Ant(TM) version 1.10.4 compiled on June 19 2018" />
    <property name="ant.file.Coverage" value="G:\iesdwa\qualitygates\wa\2021.1_ADP1_INT\code\iesd\infrastructure_src\src\scripts\AntScripts\Coverage.xml" />
    <property name="env.LOGONSERVER" value="\\SVR-IES-ADC-03" />
    <property name="ant.file.type.chstargets" value="file" />
    <property name="cobertura.metadata.dir" value="G:/iesdwa/qualitygates/wa//2021.1_ADP1_INT/code/iesd/chs_home/bld/coverage/junit" />
    <property name="env.WINDIR" value="C:\Windows" />
    <property name="env.ROOT_BUILD_CAUSE" value="MANUALTRIGGER" />
    <property name="map_golden_dir" value="./testdata/chs/api/golden" />
    <property name="env.BUILD_NUMBER" value="233715" />
    <property name="junit.printsummary" value="true" />
    <property name="env.HUDSON_SERVER_COOKIE" value="8c4401faaf4fcb70" />
    <property name="debugbuild" value="on" />
    <property name="env.PWD" value="G:\iesdwa\qualitygates\wa\2021.1_ADP1_INT\code\iesd" />
    <property name="java.class.path" value="G:\iesdwa\qualitygates\wa\2021.1_ADP1_INT\code\iesd\datamodel_src\tests\build\classes\java\test;G:\iesdwa\qualitygates\wa\2021.1_ADP1_INT\code\iesd\datamodel_src\tests\build\classes\java\main;G:\iesdwa\qualitygates\wa\2021.1_ADP1_INT\code\iesd\chs_home\lib\edx24\com.mentor.edx.api.jar;G:\iesdwa\qualitygates\wa\2021.1_ADP1_INT\code\iesd\chs_home\lib\edx24\com.mentor.edx.common.jar;G:\iesdwa\qualitygates\wa\2021.1_ADP1_INT\code\iesd\chs_home\lib\edx24\com.mentor.edx.licensing.jar;G:\iesdwa\qualitygates\wa\2021.1_ADP1_INT\code\iesd\chs_home\lib\edx24\com.mentor.edx.verifier.core.jar;G:\iesdwa\qualitygates\wa\2021.1_ADP1_INT\code\iesd\chs_home\lib\edx\SDDFlowID.jar;G:\iesdwa\qualitygates\wa\2021.1_ADP1_INT\code\iesd\chs_home\lib\edx\com.mentor.edx.api.jar;G:\iesdwa\qualitygates\wa\2021.1_ADP1_INT\code\iesd\chs_home\lib\edx\com.mentor.edx.common.jar;G:\iesdwa\qualitygates\wa\2021.1_ADP1_INT\code\iesd\chs_home\lib\edx\com.mentor.edx.licensing.jar;G:\iesdwa\qualitygates\wa\2021.1_ADP1_INT\code\iesd\chs_home\lib\edx\com.mentor.edx.ui.common.jar;G:\iesdwa\qualitygates\wa\2021.1_ADP1_INT\code\iesd\chs_home\lib\edx\com.mentor.edx.verifier.core.jar;G:\iesdwa\qualitygates\wa\2021.1_ADP1_INT\code\iesd\chs_home\lib\edx\CertificateManager.jar;G:\iesdwa\qualitygates\wa\2021.1_ADP1_INT\code\iesd\chs_home\lib\edx\commons-cli-1.2.jar;G:\iesdwa\qualitygates\wa\2021.1_ADP1_INT\code\iesd\chs_home\lib\edx\commons-codec-1.5.jar;G:\iesdwa\qualitygates\wa\2021.1_ADP1_INT\code\iesd\chs_home\lib\edx\commons-compress-1.5.jar;G:\iesdwa\qualitygates\wa\2021.1_ADP1_INT\code\iesd\chs_home\lib\edx\commons-io-2.0.1.jar;G:\iesdwa\qualitygates\wa\2021.1_ADP1_INT\code\iesd\chs_home\lib\edx\commons-logging-1.1.1.jar;G:\iesdwa\qualitygates\wa\2021.1_ADP1_INT\code\iesd\chs_home\lib\edx\jaxb-impl-2.2.4.jar;G:\iesdwa\qualitygates\wa\2021.1_ADP1_INT\code\iesd\chs_home\lib\edx\resolver.jar;G:\iesdwa\qualitygates\wa\2021.1_ADP1_INT\code\iesd\chs_home\lib\edx\SDDinfrasec.jar;G:\iesdwa\qualitygates\wa\2021.1_ADP1_INT\code\iesd\chs_home\lib\edx\serializer.jar;G:\iesdwa\qualitygates\wa\2021.1_ADP1_INT\code\iesd\chs_home\lib\edx\swingx-core-1.6.2.jar;G:\iesdwa\qualitygates\wa\2021.1_ADP1_INT\code\iesd\chs_home\lib\webservices-api.jar;G:\iesdwa\qualitygates\wa\2021.1_ADP1_INT\code\iesd\chs_home\lib\edx\xalan.jar;G:\iesdwa\qualitygates\wa\2021.1_ADP1_INT\code\iesd\chs_home\lib\edx\xercesImpl.jar;G:\iesdwa\qualitygates\wa\2021.1_ADP1_INT\code\iesd\chs_home\lib\edx\xml-apis.jar;G:\iesdwa\qualitygates\wa\2021.1_ADP1_INT\code\iesd\chs_home\lib\edx\xmlsec-1.5.6.jar;G:\iesdwa\qualitygates\wa\2021.1_ADP1_INT\code\iesd\chs_home\lib\capitalapi.jar;G:\iesdwa\qualitygates\wa\2021.1_ADP1_INT\code\iesd\chs_home\lib\capitalapiextensions.jar;G:\iesdwa\qualitygates\wa\2021.1_ADP1_INT\code\iesd\chs_home\bld\testlib\extexample.jar;G:\iesdwa\qualitygates\wa\2021.1_ADP1_INT\code\iesd\chs_home\lib\extensions\capitalextensions.jar;G:\iesdwa\qualitygates\wa\2021.1_ADP1_INT\code\iesd\chs_home\lib\extensions\enovia\extras\enoviaintegrationextras.jar;G:\iesdwa\qualitygates\wa\2021.1_ADP1_INT\code\iesd\chs_home\lib\extensions\enovia\capitalenoviaintegrationimpl.jar;G:\iesdwa\qualitygates\wa\2021.1_ADP1_INT\code\iesd\chs_home\lib\teamcenter\capitalteamcenterintegrationimpl.jar;G:\iesdwa\qualitygates\wa\2021.1_ADP1_INT\code\iesd\chs_home\lib\extensions\rule_driven_vertical_flow\capitalrulesbasedlayout.jar;G:\iesdwa\qualitygates\wa\2021.1_ADP1_INT\code\iesd\chs_home\bld\testlib\capitaltestsinterfaces.jar;G:\iesdwa\qualitygates\wa\2021.1_ADP1_INT\code\iesd\chs_home\bld\lib\junit.jar;G:\iesdwa\qualitygates\wa\2021.1_ADP1_INT\code\iesd\infrastructure_src\src\third_party\tce-soa\TcSoaAiStrong.jar;G:\iesdwa\qualitygates\wa\2021.1_ADP1_INT\code\iesd\infrastructure_src\src\third_party\tce-soa\TcSoaAiTypes.jar;G:\iesdwa\qualitygates\wa\2021.1_ADP1_INT\code\iesd\infrastructure_src\src\third_party\tce-soa\TcSoaBomStrong.jar;G:\iesdwa\qualitygates\wa\2021.1_ADP1_INT\code\iesd\infrastructure_src\src\third_party\tce-soa\TcSoaBomTypes.jar;G:\iesdwa\qualitygates\wa\2021.1_ADP1_INT\code\iesd\infrastructure_src\src\third_party\tce-soa\TcSoaCadStrong.jar;G:\iesdwa\qualitygates\wa\2021.1_ADP1_INT\code\iesd\infrastructure_src\src\third_party\tce-soa\TcSoaCadTypes.jar;G:\iesdwa\qualitygates\wa\2021.1_ADP1_INT\code\iesd\infrastructure_src\src\third_party\tce-soa\TcSoaClient.jar;G:\iesdwa\qualitygates\wa\2021.1_ADP1_INT\code\iesd\infrastructure_src\src\third_party\tce-soa\TcSoaCommon.jar;G:\iesdwa\qualitygates\wa\2021.1_ADP1_INT\code\iesd\infrastructure_src\src\third_party\tce-soa\TcSoaCoreStrong.jar;G:\iesdwa\qualitygates\wa\2021.1_ADP1_INT\code\iesd\infrastructure_src\src\third_party\tce-soa\TcSoaCoreTypes.jar;G:\iesdwa\qualitygates\wa\2021.1_ADP1_INT\code\iesd\infrastructure_src\src\third_party\tce-soa\TcSoaQueryStrong.jar;G:\iesdwa\qualitygates\wa\2021.1_ADP1_INT\code\iesd\infrastructure_src\src\third_party\tce-soa\TcSoaQueryTypes.jar;G:\iesdwa\qualitygates\wa\2021.1_ADP1_INT\code\iesd\infrastructure_src\src\third_party\tce-soa\TcSoaStrongModel.jar;G:\iesdwa\qualitygates\wa\2021.1_ADP1_INT\code\iesd\infrastructure_src\src\third_party\tce-soa\TcSoaStructureManagementStrong.jar;G:\iesdwa\qualitygates\wa\2021.1_ADP1_INT\code\iesd\infrastructure_src\src\third_party\tce-soa\TcSoaStructureManagementTypes.jar;G:\iesdwa\qualitygates\wa\2021.1_ADP1_INT\code\iesd\infrastructure_src\src\third_party\tce-soa\bio-infrastructure.jar;G:\iesdwa\qualitygates\wa\2021.1_ADP1_INT\code\iesd\infrastructure_src\src\third_party\tce-soa\bio-solutions.jar;G:\iesdwa\qualitygates\wa\2021.1_ADP1_INT\code\iesd\infrastructure_src\src\third_party\tce-soa\bugfixedbrowser.jar;G:\iesdwa\qualitygates\wa\2021.1_ADP1_INT\code\iesd\infrastructure_src\src\third_party\tce-soa\Cfg0SoaConfiguratorLoose.jar;G:\iesdwa\qualitygates\wa\2021.1_ADP1_INT\code\iesd\chs_home\lib\teamcenter\extras\swt.jar;G:\iesdwa\qualitygates\wa\2021.1_ADP1_INT\code\iesd\infrastructure_src\src\third_party\tce\fccjavaclientproxy.jar;G:\iesdwa\qualitygates\wa\2021.1_ADP1_INT\code\iesd\infrastructure_src\src\third_party\tce\fmsutil.jar;G:\iesdwa\qualitygates\wa\2021.1_ADP1_INT\code\iesd\infrastructure_src\src\third_party\gson\gson.jar;G:\iesdwa\qualitygates\wa\2021.1_ADP1_INT\code\iesd\infrastructure_src\src\third_party\tce-soa\httpclient.jar;G:\iesdwa\qualitygates\wa\2021.1_ADP1_INT\code\iesd\infrastructure_src\src\third_party\tce-soa\httpcore.jar;G:\iesdwa\qualitygates\wa\2021.1_ADP1_INT\code\iesd\infrastructure_src\src\third_party\tce-soa\Prg1SoaProgramPlanningAppStrong.jar;G:\iesdwa\qualitygates\wa\2021.1_ADP1_INT\code\iesd\infrastructure_src\src\third_party\tce-soa\Cfg0SoaStrongModelConfigurator.jar;G:\iesdwa\qualitygates\wa\2021.1_ADP1_INT\code\iesd\infrastructure_src\src\third_party\tce-soa\Evm1SoaViewMgmtAWStrong_12000.1.0.jar;G:\iesdwa\qualitygates\wa\2021.1_ADP1_INT\code\iesd\infrastructure_src\src\third_party\tce-soa\Evm1SoaViewMgmtAWLoose_12000.1.0.jar;G:\iesdwa\qualitygates\wa\2021.1_ADP1_INT\code\iesd\infrastructure_src\src\third_party\tce-soa\Evm1SoaViewMgmtAWTypes_12000.0.0.jar;G:\iesdwa\qualitygates\wa\2021.1_ADP1_INT\code\iesd\infrastructure_src\src\third_party\tce-soa\Cif0SoaIntegrationFrameworkStrong_12000.0.0.jar;G:\iesdwa\qualitygates\wa\2021.1_ADP1_INT\code\iesd\infrastructure_src\src\third_party\tce-soa\Cif0SoaStrongModelIntegrationFramework_12000.0.0.jar;G:\iesdwa\qualitygates\wa\2021.1_ADP1_INT\code\iesd\infrastructure_src\src\third_party\tce-soa\Cif0SoaIntegrationFrameworkTypes_12000.0.0.jar;G:\iesdwa\qualitygates\wa\2021.1_ADP1_INT\code\iesd\infrastructure_src\src\third_party\tce-soa\TcSoaBusinessModelerStrong.jar;G:\iesdwa\qualitygates\wa\2021.1_ADP1_INT\code\iesd\chs_home\lib\annotations.jar;G:\iesdwa\qualitygates\wa\2021.1_ADP1_INT\code\iesd\chs_home\lib\servicelocator.jar;G:\iesdwa\qualitygates\wa\2021.1_ADP1_INT\code\iesd\chs_home\lib\saxon.jar;G:\iesdwa\qualitygates\wa\2021.1_ADP1_INT\code\iesd\chs_home\lib\capitalcommonlang.jar;G:\iesdwa\qualitygates\wa\2021.1_ADP1_INT\code\iesd\chs_home\lib\capitalcommon.jar;G:\iesdwa\qualitygates\wa\2021.1_ADP1_INT\code\iesd\chs_home\lib\capitalannotations.jar;G:\iesdwa\qualitygates\wa\2021.1_ADP1_INT\code\iesd\chs_home\lib\js.jar;G:\iesdwa\qualitygates\wa\2021.1_ADP1_INT\code\iesd\chs_home\lib\capitalapiimpl.jar;G:\iesdwa\qualitygates\wa\2021.1_ADP1_INT\code\iesd\chs_home\lib\commons-codec.jar;G:\iesdwa\qualitygates\wa\2021.1_ADP1_INT\code\iesd\chs_home\lib\commons-math.jar;G:\iesdwa\qualitygates\wa\2021.1_ADP1_INT\code\iesd\chs_home\lib\capitalutils.jar;G:\iesdwa\qualitygates\wa\2021.1_ADP1_INT\code\iesd\chs_home\lib\capitalcof.jar;G:\iesdwa\qualitygates\wa\2021.1_ADP1_INT\code\iesd\chs_home\lib\capitalpaging.jar;G:\iesdwa\qualitygates\wa\2021.1_ADP1_INT\code\iesd\chs_home\lib\capitalcapman.jar;G:\iesdwa\qualitygates\wa\2021.1_ADP1_INT\code\iesd\chs_home\lib\capitalcofimpl.jar;G:\iesdwa\qualitygates\wa\2021.1_ADP1_INT\code\iesd\chs_home\lib\capitaledxImpl.jar;G:\iesdwa\qualitygates\wa\2021.1_ADP1_INT\code\iesd\chs_home\lib\capitalcof_baseimpl.jar;G:\iesdwa\qualitygates\wa\2021.1_ADP1_INT\code\iesd\chs_home\lib\capitalcofutils.jar;G:\iesdwa\qualitygates\wa\2021.1_ADP1_INT\code\iesd\chs_home\lib\capitalprofiler.jar;G:\iesdwa\qualitygates\wa\2021.1_ADP1_INT\code\iesd\chs_home\lib\capitalpof.jar;G:\iesdwa\qualitygates\wa\2021.1_ADP1_INT\code\iesd\chs_home\lib\capitalverifydb.jar;G:\iesdwa\qualitygates\wa\2021.1_ADP1_INT\code\iesd\chs_home\lib\log4j.jar;G:\iesdwa\qualitygates\wa\2021.1_ADP1_INT\code\iesd\chs_home\lib\jacorb.jar;G:\iesdwa\qualitygates\wa\2021.1_ADP1_INT\code\iesd\chs_home\lib\jacorb-omgapi.jar;G:\iesdwa\qualitygates\wa\2021.1_ADP1_INT\code\iesd\chs_home\lib\slf4j-api.jar;G:\iesdwa\qualitygates\wa\2021.1_ADP1_INT\code\iesd\chs_home\lib\slf4j-jdk.jar;G:\iesdwa\qualitygates\wa\2021.1_ADP1_INT\code\iesd\chs_home\bld\lib\jmockit.jar;G:\iesdwa\qualitygates\wa\2021.1_ADP1_INT\code\iesd\chs_home\lib\javax.persistence-api.jar;G:\iesdwa\qualitygates\wa\2021.1_ADP1_INT\code\iesd\chs_home\bld\lib\hamcrest-core.jar;G:\iesdwa\qualitygates\wa\2021.1_ADP1_INT\code\iesd\chs_home\bld\lib\httpunit.jar;G:\iesdwa\qualitygates\wa\2021.1_ADP1_INT\code\iesd\chs_home\lib\capitalctf.jar;G:\iesdwa\qualitygates\wa\2021.1_ADP1_INT\code\iesd\chs_home\lib\JSDD.jar;G:\iesdwa\qualitygates\wa\2021.1_ADP1_INT\code\iesd\chs_home\lib\capitalquincy.jar;G:\iesdwa\qualitygates\wa\2021.1_ADP1_INT\code\iesd\chs_home\lib\capitalhdmreports.jar;G:\iesdwa\qualitygates\wa\2021.1_ADP1_INT\code\iesd\chs_home\lib\capitalxmleditor.jar;G:\iesdwa\qualitygates\wa\2021.1_ADP1_INT\code\iesd\chs_home\bld\lib\xalan.jar;G:\iesdwa\qualitygates\wa\2021.1_ADP1_INT\code\iesd\chs_home\bld\lib\uispec4j.jar;G:\iesdwa\qualitygates\wa\2021.1_ADP1_INT\code\iesd\chs_home\lib\commons-collections.jar;G:\iesdwa\qualitygates\wa\2021.1_ADP1_INT\code\iesd\chs_home\bld\lib\velocity-1.3.1.jar;G:\iesdwa\qualitygates\wa\2021.1_ADP1_INT\code\iesd\chs_home\bld\lib\capitalAutoGen.jar;G:\iesdwa\qualitygates\wa\2021.1_ADP1_INT\code\iesd\chs_home\bld\lib\memcached.jar;G:\iesdwa\qualitygates\wa\2021.1_ADP1_INT\code\iesd\chs_home\lib\dtdparser.jar;G:\iesdwa\qualitygates\wa\2021.1_ADP1_INT\code\iesd\chs_home\lib\itext.jar;G:\iesdwa\qualitygates\wa\2021.1_ADP1_INT\code\iesd\chs_home\bld\lib\pdfrenderer.jar;G:\iesdwa\qualitygates\wa\2021.1_ADP1_INT\code\iesd\chs_home\lib\capitalbaseautomation.jar;G:\iesdwa\qualitygates\wa\2021.1_ADP1_INT\code\iesd\chs_home\bld\lib\xmlunit.jar;G:\iesdwa\qualitygates\wa\2021.1_ADP1_INT\code\iesd\chs_home\bld\lib\xmlrpc-client.jar;G:\iesdwa\qualitygates\wa\2021.1_ADP1_INT\code\iesd\chs_home\bld\lib\xmlrpc-common.jar;G:\iesdwa\qualitygates\wa\2021.1_ADP1_INT\code\iesd\chs_home\bld\lib\ws-commons-util.jar;G:\iesdwa\qualitygates\wa\2021.1_ADP1_INT\code\iesd\chs_home\lib\batik-anim.jar;G:\iesdwa\qualitygates\wa\2021.1_ADP1_INT\code\iesd\chs_home\lib\batik-awt-util.jar;G:\iesdwa\qualitygates\wa\2021.1_ADP1_INT\code\iesd\chs_home\lib\batik-bridge.jar;G:\iesdwa\qualitygates\wa\2021.1_ADP1_INT\code\iesd\chs_home\lib\batik-codec.jar;G:\iesdwa\qualitygates\wa\2021.1_ADP1_INT\code\iesd\chs_home\lib\batik-css.jar;G:\iesdwa\qualitygates\wa\2021.1_ADP1_INT\code\iesd\chs_home\lib\batik-dom.jar;G:\iesdwa\qualitygates\wa\2021.1_ADP1_INT\code\iesd\chs_home\lib\batik-ext.jar;G:\iesdwa\qualitygates\wa\2021.1_ADP1_INT\code\iesd\chs_home\lib\batik-extension.jar;G:\iesdwa\qualitygates\wa\2021.1_ADP1_INT\code\iesd\chs_home\lib\batik-gui-util.jar;G:\iesdwa\qualitygates\wa\2021.1_ADP1_INT\code\iesd\chs_home\lib\batik-gvt.jar;G:\iesdwa\qualitygates\wa\2021.1_ADP1_INT\code\iesd\chs_home\lib\batik-parser.jar;G:\iesdwa\qualitygates\wa\2021.1_ADP1_INT\code\iesd\chs_home\lib\batik-script.jar;G:\iesdwa\qualitygates\wa\2021.1_ADP1_INT\code\iesd\chs_home\lib\batik-svg-dom.jar;G:\iesdwa\qualitygates\wa\2021.1_ADP1_INT\code\iesd\chs_home\lib\batik-svggen.jar;G:\iesdwa\qualitygates\wa\2021.1_ADP1_INT\code\iesd\chs_home\lib\batik-swing.jar;G:\iesdwa\qualitygates\wa\2021.1_ADP1_INT\code\iesd\chs_home\lib\batik-transcoder.jar;G:\iesdwa\qualitygates\wa\2021.1_ADP1_INT\code\iesd\chs_home\lib\batik-util.jar;G:\iesdwa\qualitygates\wa\2021.1_ADP1_INT\code\iesd\chs_home\lib\batik-xml.jar;G:\iesdwa\qualitygates\wa\2021.1_ADP1_INT\code\iesd\chs_home\lib\batik-constants.jar;G:\iesdwa\qualitygates\wa\2021.1_ADP1_INT\code\iesd\chs_home\lib\batik-i18n.jar;G:\iesdwa\qualitygates\wa\2021.1_ADP1_INT\code\iesd\chs_home\lib\xml-apis.jar;G:\iesdwa\qualitygates\wa\2021.1_ADP1_INT\code\iesd\chs_home\lib\xml-apis-ext.jar;G:\iesdwa\qualitygates\wa\2021.1_ADP1_INT\code\iesd\chs_home\bld\lib\kabeja.jar;G:\iesdwa\qualitygates\wa\2021.1_ADP1_INT\code\iesd\chs_home\bld\lib\kabeja-svg.jar;G:\iesdwa\qualitygates\wa\2021.1_ADP1_INT\code\iesd\chs_home\bld\lib\kabeja-xslt.jar;G:\iesdwa\qualitygates\wa\2021.1_ADP1_INT\code\iesd\chs_home\bld\ilib\groboutils.jar;G:\iesdwa\qualitygates\wa\2021.1_ADP1_INT\code\iesd\chs_home\bld\lib\sigtestdev.jar;G:\iesdwa\qualitygates\wa\2021.1_ADP1_INT\code\iesd\chs_home\bld\lib\commons-vfs.jar;G:\iesdwa\qualitygates\wa\2021.1_ADP1_INT\code\iesd\chs_home\lib\capitalzipprocessor.jar;G:\iesdwa\qualitygates\wa\2021.1_ADP1_INT\code\iesd\chs_home\lib\callhomefilter.jar;G:\iesdwa\qualitygates\wa\2021.1_ADP1_INT\code\iesd\chs_home\lib\usergroupgenerator.jar;G:\iesdwa\qualitygates\wa\2021.1_ADP1_INT\code\iesd\chs_home\lib\capitalvalidator.jar;G:\iesdwa\qualitygates\wa\2021.1_ADP1_INT\code\iesd\chs_home\lib\capitalreporterserverutils.jar;G:\iesdwa\qualitygates\wa\2021.1_ADP1_INT\code\iesd\chs_home\lib\capitalapisemantics.jar;G:\iesdwa\qualitygates\wa\2021.1_ADP1_INT\code\iesd\chs_home\lib\jetty-schemas.jar;G:\iesdwa\qualitygates\wa\2021.1_ADP1_INT\code\iesd\chs_home\lib\jetty-security.jar;G:\iesdwa\qualitygates\wa\2021.1_ADP1_INT\code\iesd\chs_home\lib\jetty-server.jar;G:\iesdwa\qualitygates\wa\2021.1_ADP1_INT\code\iesd\chs_home\lib\jetty-servlet.jar;G:\iesdwa\qualitygates\wa\2021.1_ADP1_INT\code\iesd\chs_home\lib\jetty-servlets.jar;G:\iesdwa\qualitygates\wa\2021.1_ADP1_INT\code\iesd\chs_home\lib\jetty-util.jar;G:\iesdwa\qualitygates\wa\2021.1_ADP1_INT\code\iesd\chs_home\lib\jetty-webapp.jar;G:\iesdwa\qualitygates\wa\2021.1_ADP1_INT\code\iesd\chs_home\lib\jetty-xml.jar;G:\iesdwa\qualitygates\wa\2021.1_ADP1_INT\code\iesd\chs_home\lib\apache-jsp.jar;G:\iesdwa\qualitygates\wa\2021.1_ADP1_INT\code\iesd\chs_home\lib\taglibs-standard-impl.jar;G:\iesdwa\qualitygates\wa\2021.1_ADP1_INT\code\iesd\chs_home\lib\taglibs-standard-spec.jar;G:\iesdwa\qualitygates\wa\2021.1_ADP1_INT\code\iesd\chs_home\lib\apache-jsp-8.jar;G:\iesdwa\qualitygates\wa\2021.1_ADP1_INT\code\iesd\chs_home\lib\apache-el-8.jar;G:\iesdwa\qualitygates\wa\2021.1_ADP1_INT\code\iesd\chs_home\lib\javax.annotation-api.jar;G:\iesdwa\qualitygates\wa\2021.1_ADP1_INT\code\iesd\chs_home\lib\asm.jar;G:\iesdwa\qualitygates\wa\2021.1_ADP1_INT\code\iesd\chs_home\lib\asm-commons.jar;G:\iesdwa\qualitygates\wa\2021.1_ADP1_INT\code\iesd\chs_home\lib\asm-tree.jar;G:\iesdwa\qualitygates\wa\2021.1_ADP1_INT\code\iesd\chs_home\lib\ecj.jar;G:\iesdwa\qualitygates\wa\2021.1_ADP1_INT\code\iesd\chs_home\lib\servlet-api-3.1.jar;G:\iesdwa\qualitygates\wa\2021.1_ADP1_INT\code\iesd\chs_home\lib\jetty-annotations.jar;G:\iesdwa\qualitygates\wa\2021.1_ADP1_INT\code\iesd\chs_home\lib\jetty-client.jar;G:\iesdwa\qualitygates\wa\2021.1_ADP1_INT\code\iesd\chs_home\lib\jetty-continuation.jar;G:\iesdwa\qualitygates\wa\2021.1_ADP1_INT\code\iesd\chs_home\lib\jetty-http.jar;G:\iesdwa\qualitygates\wa\2021.1_ADP1_INT\code\iesd\chs_home\lib\jetty-io.jar;G:\iesdwa\qualitygates\wa\2021.1_ADP1_INT\code\iesd\chs_home\lib\jetty-jmx.jar;G:\iesdwa\qualitygates\wa\2021.1_ADP1_INT\code\iesd\chs_home\lib\jetty-jndi.jar;G:\iesdwa\qualitygates\wa\2021.1_ADP1_INT\code\iesd\chs_home\lib\jetty-plus.jar;G:\iesdwa\qualitygates\wa\2021.1_ADP1_INT\code\iesd\chs_home\lib\jetty-proxy.jar;G:\iesdwa\qualitygates\wa\2021.1_ADP1_INT\code\iesd\chs_home\lib\jxl.jar;G:\iesdwa\qualitygates\wa\2021.1_ADP1_INT\code\iesd\chs_home\bld\hlib\asm4-xml.jar;G:\iesdwa\qualitygates\wa\2021.1_ADP1_INT\code\iesd\chs_home\bld\hlib\asm4-util.jar;G:\iesdwa\qualitygates\wa\2021.1_ADP1_INT\code\iesd\chs_home\bld\hlib\asm4-tree.jar;G:\iesdwa\qualitygates\wa\2021.1_ADP1_INT\code\iesd\chs_home\bld\hlib\asm4-commons.jar;G:\iesdwa\qualitygates\wa\2021.1_ADP1_INT\code\iesd\chs_home\bld\hlib\asm4-analysis.jar;G:\iesdwa\qualitygates\wa\2021.1_ADP1_INT\code\iesd\chs_home\bld\hlib\asm4.jar;G:\iesdwa\qualitygates\wa\2021.1_ADP1_INT\code\iesd\chs_home\bld\lib\jcgm-core.jar;G:\iesdwa\qualitygates\wa\2021.1_ADP1_INT\code\iesd\chs_home\bld\lib\jcgm-image.jar;G:\iesdwa\qualitygates\wa\2021.1_ADP1_INT\code\iesd\chs_home\bld\lib\commons-fileupload.jar;G:\iesdwa\qualitygates\wa\2021.1_ADP1_INT\code\iesd\chs_home\lib\capitalrestresources.jar;G:\iesdwa\qualitygates\wa\2021.1_ADP1_INT\code\iesd\chs_home\lib\javax.ws.rs-api-2.0.jar;G:\iesdwa\qualitygates\wa\2021.1_ADP1_INT\code\iesd\chs_home\lib\javax.inject.jar;G:\iesdwa\qualitygates\wa\2021.1_ADP1_INT\code\iesd\chs_home\lib\jersey-guava.jar;G:\iesdwa\qualitygates\wa\2021.1_ADP1_INT\code\iesd\chs_home\lib\hk2-api.jar;G:\iesdwa\qualitygates\wa\2021.1_ADP1_INT\code\iesd\chs_home\lib\hk2-locator.jar;G:\iesdwa\qualitygates\wa\2021.1_ADP1_INT\code\iesd\chs_home\lib\hk2-utils.jar;G:\iesdwa\qualitygates\wa\2021.1_ADP1_INT\code\iesd\chs_home\lib\jersey-server.jar;G:\iesdwa\qualitygates\wa\2021.1_ADP1_INT\code\iesd\chs_home\lib\jersey-media-multipart.jar;G:\iesdwa\qualitygates\wa\2021.1_ADP1_INT\code\iesd\chs_home\lib\jersey-common.jar;G:\iesdwa\qualitygates\wa\2021.1_ADP1_INT\code\iesd\chs_home\lib\commons-httpclient.jar;G:\iesdwa\qualitygates\wa\2021.1_ADP1_INT\code\iesd\chs_home\lib\jackson-annotations.jar;G:\iesdwa\qualitygates\wa\2021.1_ADP1_INT\code\iesd\chs_home\lib\jackson-jaxrs-json-provider.jar;G:\iesdwa\qualitygates\wa\2021.1_ADP1_INT\code\iesd\chs_home\lib\jackson-databind.jar;G:\iesdwa\qualitygates\wa\2021.1_ADP1_INT\code\iesd\chs_home\lib\jackson-jaxrs-base.jar;G:\iesdwa\qualitygates\wa\2021.1_ADP1_INT\code\iesd\chs_home\lib\jackson-core.jar;G:\iesdwa\qualitygates\wa\2021.1_ADP1_INT\code\iesd\chs_home\lib\jackson-dataformat-yaml.jar;G:\iesdwa\qualitygates\wa\2021.1_ADP1_INT\code\iesd\chs_home\lib\guava.jar;G:\iesdwa\qualitygates\wa\2021.1_ADP1_INT\code\iesd\chs_home\lib\capitalans.jar;G:\iesdwa\qualitygates\wa\2021.1_ADP1_INT\code\iesd\chs_home\lib\capitaljeda.jar;G:\iesdwa\qualitygates\wa\2021.1_ADP1_INT\code\iesd\chs_home\lib\pdfbox.jar;G:\iesdwa\qualitygates\wa\2021.1_ADP1_INT\code\iesd\chs_home\lib\jersey-container-servlet-core.jar;G:\iesdwa\qualitygates\wa\2021.1_ADP1_INT\code\iesd\chs_home\lib\jersey-container-servlet.jar;G:\iesdwa\qualitygates\wa\2021.1_ADP1_INT\code\iesd\chs_home\lib\jersey-client.jar;G:\iesdwa\qualitygates\wa\2021.1_ADP1_INT\code\iesd\chs_home\bld\lib\jersey-test-framework-core.jar;G:\iesdwa\qualitygates\wa\2021.1_ADP1_INT\code\iesd\chs_home\bld\lib\jersey-test-framework-provider-inmemory.jar;G:\iesdwa\qualitygates\wa\2021.1_ADP1_INT\code\iesd\chs_home\lib\mimepull.jar;G:\iesdwa\qualitygates\wa\2021.1_ADP1_INT\code\iesd\chs_home\lib\javassist.jar;G:\iesdwa\qualitygates\wa\2021.1_ADP1_INT\code\iesd\chs_home\lib\jtidy.jar;G:\iesdwa\qualitygates\wa\2021.1_ADP1_INT\code\iesd\chs_home\lib\edxint\capitaledxImpl.jar;G:\iesdwa\qualitygates\wa\2021.1_ADP1_INT\code\iesd\chs_home\lib\lucene-core.jar;G:\iesdwa\qualitygates\wa\2021.1_ADP1_INT\code\iesd\chs_home\lib\lucene-analyzers-common.jar;G:\iesdwa\qualitygates\wa\2021.1_ADP1_INT\code\iesd\chs_home\lib\lucene-queries.jar;G:\iesdwa\qualitygates\wa\2021.1_ADP1_INT\code\iesd\chs_home\lib\lucene-queryparser.jar;G:\iesdwa\qualitygates\wa\2021.1_ADP1_INT\code\iesd\chs_home\lib\geronimo-jms.jar;G:\iesdwa\qualitygates\wa\2021.1_ADP1_INT\code\iesd\chs_home\lib\jsoup.jar;G:\iesdwa\qualitygates\wa\2021.1_ADP1_INT\code\iesd\chs_home\lib\owasp-java-html-sanitizer.jar;G:\iesdwa\qualitygates\wa\2021.1_ADP1_INT\code\iesd\chs_home\lib\capitalupdaterutils.jar;G:\iesdwa\qualitygates\wa\2021.1_ADP1_INT\code\iesd\chs_home\lib\capitalupdateragent.jar;G:\iesdwa\qualitygates\wa\2021.1_ADP1_INT\code\iesd\chs_home\lib\capitaljms.jar;G:\iesdwa\qualitygates\wa\2021.1_ADP1_INT\code\iesd\chs_home\lib\mail.jar;G:\iesdwa\qualitygates\wa\2021.1_ADP1_INT\code\iesd\chs_home\bld\publisher\lib\capitalservicedatamanage.jar;G:\iesdwa\qualitygates\wa\2021.1_ADP1_INT\code\iesd\chs_home\lib\capitalservicedatamanage.jar;G:\iesdwa\qualitygates\wa\2021.1_ADP1_INT\code\iesd\chs_home\lib\javafx\Windows\lib\javafx-swt.jar;G:\iesdwa\qualitygates\wa\2021.1_ADP1_INT\code\iesd\chs_home\lib\javafx\Windows\lib\javafx.base.jar;G:\iesdwa\qualitygates\wa\2021.1_ADP1_INT\code\iesd\chs_home\lib\javafx\Windows\lib\javafx.controls.jar;G:\iesdwa\qualitygates\wa\2021.1_ADP1_INT\code\iesd\chs_home\lib\javafx\Windows\lib\javafx.fxml.jar;G:\iesdwa\qualitygates\wa\2021.1_ADP1_INT\code\iesd\chs_home\lib\javafx\Windows\lib\javafx.graphics.jar;G:\iesdwa\qualitygates\wa\2021.1_ADP1_INT\code\iesd\chs_home\lib\javafx\Windows\lib\javafx.media.jar;G:\iesdwa\qualitygates\wa\2021.1_ADP1_INT\code\iesd\chs_home\lib\javafx\Windows\lib\javafx.swing.jar;G:\iesdwa\qualitygates\wa\2021.1_ADP1_INT\code\iesd\chs_home\lib\javafx\Windows\lib\javafx.web.jar;G:\iesdwa\qualitygates\wa\2021.1_ADP1_INT\code\iesd\chs_home\lib\fop.jar;G:\iesdwa\qualitygates\wa\2021.1_ADP1_INT\code\iesd\chs_home\lib\commons-xmlgraphics.jar;G:\iesdwa\qualitygates\wa\2021.1_ADP1_INT\code\iesd\infrastructure_src\src\third_party\assertj-swing\assertj-core.jar;G:\iesdwa\qualitygates\wa\2021.1_ADP1_INT\code\iesd\chs_home\lib\sanj.jar;G:\iesdwa\qualitygates\wa\2021.1_ADP1_INT\code\iesd\chs_home\lib\opencsv.jar;G:\iesdwa\qualitygates\wa\2021.1_ADP1_INT\code\iesd\chs_home\lib\lds-bo.jar;G:\iesdwa\qualitygates\wa\2021.1_ADP1_INT\code\iesd\chs_home\lib\lds-kbl.jar;G:\iesdwa\qualitygates\wa\2021.1_ADP1_INT\code\iesd\chs_home\lib\lds-kbl-schema.jar;G:\iesdwa\qualitygates\wa\2021.1_ADP1_INT\code\iesd\chs_home\lib\lds-vec.jar;G:\iesdwa\qualitygates\wa\2021.1_ADP1_INT\code\iesd\chs_home\lib\lds-vec-export.jar;G:\iesdwa\qualitygates\wa\2021.1_ADP1_INT\code\iesd\chs_home\lib\xerces.jar;G:\iesdwa\qualitygates\wa\2021.1_ADP1_INT\code\iesd\chs_home\lib\capitalcofcafimpl.jar;G:\iesdwa\qualitygates\wa\2021.1_ADP1_INT\code\iesd\chs_home\lib\capitalcaf.jar;G:\iesdwa\qualitygates\wa\2021.1_ADP1_INT\code\iesd\chs_home\bld\lib\jfcunit.jar;G:\iesdwa\qualitygates\wa\2021.1_ADP1_INT\code\iesd\chs_home\lib\capitalcanalysis.jar;G:\iesdwa\qualitygates\wa\2021.1_ADP1_INT\code\iesd\chs_home\lib\trove.jar;G:\iesdwa\qualitygates\wa\2021.1_ADP1_INT\code\iesd\chs_home\lib\capitalclibrary.jar;G:\iesdwa\qualitygates\wa\2021.1_ADP1_INT\code\iesd\chs_home\lib\capitalpluginapi.jar;G:\iesdwa\qualitygates\wa\2021.1_ADP1_INT\code\iesd\chs_home\lib\capitalapigen.jar;G:\iesdwa\qualitygates\wa\2021.1_ADP1_INT\code\iesd\chs_home\lib\capitalbridgessdk.jar;G:\iesdwa\qualitygates\wa\2021.1_ADP1_INT\code\iesd\chs_home\lib\capitalbridges.jar;G:\iesdwa\qualitygates\wa\2021.1_ADP1_INT\code\iesd\chs_home\lib\capitalnxinterfaces.jar;G:\iesdwa\qualitygates\wa\2021.1_ADP1_INT\code\iesd\chs_home\lib\capitalbridgesui.jar;G:\iesdwa\qualitygates\wa\2021.1_ADP1_INT\code\iesd\chs_home\lib\capitalcview.jar;G:\iesdwa\qualitygates\wa\2021.1_ADP1_INT\code\iesd\chs_home\adaptors\lib\capitaldsi.jar;G:\iesdwa\qualitygates\wa\2021.1_ADP1_INT\code\iesd\chs_home\adaptors\lib\capitalkbl.jar;G:\iesdwa\qualitygates\wa\2021.1_ADP1_INT\code\iesd\chs_home\adaptors\lib\capitalhcv.jar;G:\iesdwa\qualitygates\wa\2021.1_ADP1_INT\code\iesd\chs_home\lib\capitallogic.jar;G:\iesdwa\qualitygates\wa\2021.1_ADP1_INT\code\iesd\chs_home\lib\capitaltopo.jar;G:\iesdwa\qualitygates\wa\2021.1_ADP1_INT\code\iesd\chs_home\lib\capitalharness.jar;G:\iesdwa\qualitygates\wa\2021.1_ADP1_INT\code\iesd\chs_home\lib\capitalresources.jar;G:\iesdwa\qualitygates\wa\2021.1_ADP1_INT\code\iesd\chs_home\lib\capitalimages.jar;G:\iesdwa\qualitygates\wa\2021.1_ADP1_INT\code\iesd\chs_home\lib\capitalwindowslandf.jar;G:\iesdwa\qualitygates\wa\2021.1_ADP1_INT\code\iesd\chs_home\lib\jdom.jar;G:\iesdwa\qualitygates\wa\2021.1_ADP1_INT\code\iesd\chs_home\lib\commons-io.jar;G:\iesdwa\qualitygates\wa\2021.1_ADP1_INT\code\iesd\chs_home\bld\testlib\capitaltestscof.jar;G:\iesdwa\qualitygates\wa\2021.1_ADP1_INT\code\iesd\datamodel_src\tests\build\classes\java\test\chs\utility;G:\iesdwa\qualitygates\wa\2021.1_ADP1_INT\code\iesd\chs_home\lib\saxon-dom.jar;G:\iesdwa\qualitygates\wa\2021.1_ADP1_INT\code\iesd\chs_home\lib\hsqldb.jar;G:\iesdwa\qualitygates\wa\2021.1_ADP1_INT\code\iesd\chs_home\lib\ojdbc.jar;G:\iesdwa\qualitygates\wa\2021.1_ADP1_INT\code\iesd\chs_home\lib\postgresqljdbc.jar;G:\iesdwa\qualitygates\wa\2021.1_ADP1_INT\code\iesd\chs_home\lib\antlr.jar;G:\iesdwa\qualitygates\wa\2021.1_ADP1_INT\code\iesd\chs_home\lib\byte-buddy.jar;G:\iesdwa\qualitygates\wa\2021.1_ADP1_INT\code\iesd\chs_home\lib\classmate.jar;G:\iesdwa\qualitygates\wa\2021.1_ADP1_INT\code\iesd\chs_home\lib\dom4j.jar;G:\iesdwa\qualitygates\wa\2021.1_ADP1_INT\code\iesd\chs_home\lib\jaxb-api-2.3.0.jar;G:\iesdwa\qualitygates\wa\2021.1_ADP1_INT\code\iesd\chs_home\lib\jaxb-runtime-2.3.0.jar;G:\iesdwa\qualitygates\wa\2021.1_ADP1_INT\code\iesd\chs_home\lib\javax.activation-api.jar;G:\iesdwa\qualitygates\wa\2021.1_ADP1_INT\code\iesd\chs_home\lib\hibernate-commons-annotations.jar;G:\iesdwa\qualitygates\wa\2021.1_ADP1_INT\code\iesd\chs_home\lib\hibernate.jar;G:\iesdwa\qualitygates\wa\2021.1_ADP1_INT\code\iesd\chs_home\lib\jandex.jar;G:\iesdwa\qualitygates\wa\2021.1_ADP1_INT\code\iesd\chs_home\lib\jboss-logging.jar;G:\iesdwa\qualitygates\wa\2021.1_ADP1_INT\code\iesd\chs_home\lib\jboss-transaction-api.jar;G:\iesdwa\qualitygates\wa\2021.1_ADP1_INT\code\iesd\chs_home\lib\c3p0.jar;G:\iesdwa\qualitygates\wa\2021.1_ADP1_INT\code\iesd\chs_home\lib\hibernate-c3p0.jar;G:\iesdwa\qualitygates\wa\2021.1_ADP1_INT\code\iesd\chs_home\lib\mchange-commons.jar;G:\iesdwa\qualitygates\wa\2021.1_ADP1_INT\code\iesd\chs_home\lib\pdf-transcoder.jar;G:\iesdwa\qualitygates\wa\2021.1_ADP1_INT\code\iesd\chs_home\lib\commons-lang.jar;G:\iesdwa\qualitygates\wa\2021.1_ADP1_INT\code\iesd\chs_home\lib\fontbox.jar;G:\iesdwa\qualitygates\wa\2021.1_ADP1_INT\code\iesd\infrastructure_src\src\third_party\cobertura\cobertura.jar;G:\iesdwa\qualitygates\wa\2021.1_ADP1_INT\code\iesd\infrastructure_src\src\third_party\cobertura\lib\asm-3.0.jar;G:\iesdwa\qualitygates\wa\2021.1_ADP1_INT\code\iesd\infrastructure_src\src\third_party\cobertura\lib\asm-tree-3.0.jar;G:\iesdwa\qualitygates\wa\2021.1_ADP1_INT\code\iesd\infrastructure_src\src\third_party\cobertura\lib\jakarta-oro-2.0.8.jar;G:\iesdwa\qualitygates\wa\2021.1_ADP1_INT\code\iesd\infrastructure_src\src\third_party\cobertura\lib\log4j-1.2.9.jar;G:\iesdwa\qualitygates\wa\2021.1_ADP1_INT\code\iesd\chs_home\bld\jacoco\lib\jacocoagent.jar;G:\iesdwa\qualitygates\wa\2021.1_ADP1_INT\code\iesd\chs_home\bld\lib\mysqldriver.jar;G:\iesdwa\qualitygates\wa\2021.1_ADP1_INT\code\iesd\chs_home\lib\jboss-rmi-api.jar;G:\iesdwa\qualitygates\wa\2021.1_ADP1_INT\code\iesd\chs_home\lib\jaxb-api.jar;G:\iesdwa\qualitygates\wa\2021.1_ADP1_INT\code\iesd\chs_home\lib\javax.xml.soap-api.jar;G:\iesdwa\qualitygates\wa\2021.1_ADP1_INT\code\iesd\chs_home\lib\assertj-core.jar;G:\iesdwa\qualitygates\wa\2021.1_ADP1_INT\code\iesd\chs_home\lib\outputmanager.jar;G:\iesdwa\qualitygates\wa\2021.1_ADP1_INT\code\iesd\chs_home\bld\testlib\callhomesanitizertests.jar;G:\iesdwa\qualitygates\wa\2021.1_ADP1_INT\code\iesd\chs_home\bld\testlib\capitaltestscallhomesanitizer.jar;G:\iesdwa\qualitygates\wa\2021.1_ADP1_INT\code\iesd\chs_home\bld\ilib\OAuthClient.jar;G:\iesdwa\qualitygates\wa\2021.1_ADP1_INT\code\iesd\chs_home\bld\ilib\google-collections.jar;G:\iesdwa\qualitygates\wa\2021.1_ADP1_INT\code\iesd\chs_home\bld\ilib\google-oauth-client.jar;G:\iesdwa\qualitygates\wa\2021.1_ADP1_INT\code\iesd\chs_home\bld\ilib\google-http-client.jar;G:\iesdwa\qualitygates\wa\2021.1_ADP1_INT\code\iesd\chs_home\bld\ilib\google-http-client-jackson.jar;G:\iesdwa\qualitygates\wa\2021.1_ADP1_INT\code\iesd\chs_home\bld\ilib\json.jar;G:\iesdwa\qualitygates\wa\2021.1_ADP1_INT\code\iesd\chs_home\bld\ilib\gson.jar;G:\iesdwa\qualitygates\wa\2021.1_ADP1_INT\code\iesd\chs_home\bld\ilib\snakeyaml.jar;G:\iesdwa\qualitygates\wa\2021.1_ADP1_INT\code\iesd\chs_home\lib\OAuthClient.jar;G:\iesdwa\qualitygates\wa\2021.1_ADP1_INT\code\iesd\chs_home\lib\validation-api.jar;G:\iesdwa\qualitygates\wa\2021.1_ADP1_INT\code\iesd\chs_home\bld\lib\cacio-tta.jar;G:\iesdwa\qualitygates\wa\2021.1_ADP1_INT\code\iesd\chs_home\bld\lib\cacio-shared.jar;G:\iesdwa\qualitygates\wa\2021.1_ADP1_INT\code\iesd\chs_home\bld\ilib\junit-jacoco-ant.jar;G:\iesdwa\qualitygates\wa\2021.1_ADP1_INT\code\iesd\chs_home\bld\lib\ant-launcher.jar;G:\iesdwa\qualitygates\wa\2021.1_ADP1_INT\code\iesd\chs_home\bld\lib\ant.jar;G:\iesdwa\qualitygates\wa\2021.1_ADP1_INT\code\iesd\chs_home\bld\lib\ant-junit.jar;G:\iesdwa\qualitygates\wa\2021.1_ADP1_INT\code\iesd\chs_home\bld\lib\ant-junit4.jar;G:\iesdwa\qualitygates\wa\2021.1_ADP1_INT\code\iesd\chs_home\lib\socketio.jar" />
    <property name="out.instr.dir" value="G:\iesdwa\qualitygates\wa\2021.1_ADP1_INT\code\iesd\datamodel_src\tests/outinstr" />
    <property name="env.USERDNSDOMAIN" value="MGC.MENTORG.COM" />
    <property name="env.HOME" value="C:\cygwin\home\iesdgrid" />
    <property name="chshome" value="G:/iesdwa/qualitygates/wa//2021.1_ADP1_INT/code/iesd/chs_home" />
    <property name="junit.format" value="xml" />
    <property name="java.vm.vendor" value="Oracle Corporation" />
    <property name="env.PROCESSOR_ARCHITECTURE" value="AMD64" />
    <property name="java.util.Arrays.useLegacyMergeSort" value="true" />
    <property name="user.variant" value="" />
    <property name="build.spversion" value="" />
    <property name="java.locale.providers" value="COMPAT,CLDR" />
    <property name="env.COMMONPROGRAMFILES" value="C:\Program Files\Common Files" />
    <property name="ant.file.jacoco-coverage" value="G:\iesdwa\qualitygates\wa\2021.1_ADP1_INT\code\iesd\infrastructure_src\src\scripts\AntScripts\jacoco.xml" />
    <property name="singletest.test" value="" />
    <property name="plugindir" value="G:/iesdwa/qualitygates/wa//2021.1_ADP1_INT/code/iesd/chs_home/bld/testdata/plugins/DRCMgrTest" />
    <property name="user.country" value="IE" />
    <property name="sun.java.launcher" value="SUN_STANDARD" />
    <property name="emma.enabled" value="true" />
    <property name="cobertura.serfile" value="G:\iesdwa\qualitygates\wa\2021.1_ADP1_INT\code\iesd\datamodel_src\tests/outinstr/cobertura.ser" />
    <property name="env.USERDOMAIN" value="MGC" />
    <property name="class.suffix" value="class" />
    <property name="env.COMSPEC" value="C:\Windows\system32\cmd.exe" />
    <property name="sun.cpu.endian" value="little" />
    <property name="user.language" value="en" />
    <property name="framework-src" value="test-framework/src" />
    <property name="chs.extendedtests.maxmemory" value="512m" />
    <property name="junit.extended.timeout.ms" value="1200000" />
    <property name="ant.java.version" value="11" />
    <property name="cb-instrumented.dir" value="G:\iesdwa\qualitygates\wa\2021.1_ADP1_INT\code\iesd\datamodel_src\tests/outinstr" />
    <property name="env.BUILD_HOME" value="G:/iesdwa/qualitygates/wa/2021.1_ADP1_INT/code/iesd" />
    <property name="test.results.dir" value="G:/iesdwa/qualitygates/wa//2021.1_ADP1_INT/code/iesd/chs_home/bld/testresults/datamodel" />
    <property name="ant.file.COF Tests" value="G:\iesdwa\qualitygates\wa\2021.1_ADP1_INT\code\iesd\datamodel_src\tests\build.xml" />
    <property name="exports_dir" value="../exports" />
    <property name="TSTAMP" value="0156" />
    <property name="jacoco.coverage.reportdir" value="G:/iesdwa/qualitygates/wa//2021.1_ADP1_INT/code/iesd/chs_home/bld/jacoco/coverage//junit-coverage" />
    <property name="jacoco.execfileprefix" value="TeamcenterLogicComponentBOMTest" />
    <property name="chshome.ixn" value="G:/iesdwa/qualitygates/wa//2021.1_ADP1_INT/code/iesd/chs_home.ixn" />
    <property name="merged.coverage.dir" value="G:/iesdwa/qualitygates/wa//2021.1_ADP1_INT/code/iesd/chs_home/bld/coverage/junit" />
    <property name="singletest.report" value="" />
    <property name="junit.jar" value="bld/lib/junit.jar" />
    <property name="env.=C:" value="c:\slave\workspace\rerunFailedQualityGateTests" />
    <property name="validation.extended" value="false" />
    <property name="java.runtime.name" value="OpenJDK Runtime Environment" />
    <property name="env.CommonProgramFiles(x86)" value="C:\Program Files (x86)\Common Files" />
    <property name="chs.extendedtests.dir" value="build/classes/java/test" />
    <property name="ant.project.invoked-targets" value="runsingletestonlyqg" />
    <property name="env.BUILD_DISPLAY_NAME" value="233715 : 2021.1_ADP1_INT //ies-net-cls1-data.ies.mentorg.com/iesd/iesd_data11/iesdgridhome/scripts/prod  " />
    <property name="env.IESD_GRIDDATA" value="//ies-net-cls1-data.ies.mentorg.com/iesd/iesd_data11/iesdgridhome/data" />
    <property name="ant.file.type.AntContrib" value="file" />
    <property name="chsbuild.maxmemory" value="1024M" />
    <property name="ant.core.lib" value="G:\iesdwa\qualitygates\wa\2021.1_ADP1_INT\code\iesd\chs_home\bld\lib\ant.jar" />
    <property name="java.vendor.url.bug" value="http://bugreport.java.com/bugreport/" />
    <property name="chs.build.vob.testdata.dir" value="datamodel_src/tests/testdata" />
    <property name="capital.skiplookandfeel" value="false" />
    <property name="jacocolistener" value="com.mentor.junitjacocoant.JaCoCoCoverageCollectingAdaptor" />
    <property name="src" value="src" />
    <property name="TODAY" value="May 5 2021" />
    <property name="user.dir" value="G:\iesdwa\qualitygates\wa\2021.1_ADP1_INT\code\iesd" />
    <property name="classpath.string.env" value="G:\iesdwa\qualitygates\wa\2021.1_ADP1_INT\code\iesd\datamodel_src\tests\build\classes\java\test;G:\iesdwa\qualitygates\wa\2021.1_ADP1_INT\code\iesd\datamodel_src\tests\build\classes\java\main;G:\iesdwa\qualitygates\wa\2021.1_ADP1_INT\code\iesd\chs_home\lib\edx24\com.mentor.edx.api.jar;G:\iesdwa\qualitygates\wa\2021.1_ADP1_INT\code\iesd\chs_home\lib\edx24\com.mentor.edx.common.jar;G:\iesdwa\qualitygates\wa\2021.1_ADP1_INT\code\iesd\chs_home\lib\edx24\com.mentor.edx.licensing.jar;G:\iesdwa\qualitygates\wa\2021.1_ADP1_INT\code\iesd\chs_home\lib\edx24\com.mentor.edx.verifier.core.jar;G:\iesdwa\qualitygates\wa\2021.1_ADP1_INT\code\iesd\chs_home\lib\edx\SDDFlowID.jar;G:\iesdwa\qualitygates\wa\2021.1_ADP1_INT\code\iesd\chs_home\lib\edx\com.mentor.edx.api.jar;G:\iesdwa\qualitygates\wa\2021.1_ADP1_INT\code\iesd\chs_home\lib\edx\com.mentor.edx.common.jar;G:\iesdwa\qualitygates\wa\2021.1_ADP1_INT\code\iesd\chs_home\lib\edx\com.mentor.edx.licensing.jar;G:\iesdwa\qualitygates\wa\2021.1_ADP1_INT\code\iesd\chs_home\lib\edx\com.mentor.edx.ui.common.jar;G:\iesdwa\qualitygates\wa\2021.1_ADP1_INT\code\iesd\chs_home\lib\edx\com.mentor.edx.verifier.core.jar;G:\iesdwa\qualitygates\wa\2021.1_ADP1_INT\code\iesd\chs_home\lib\edx\CertificateManager.jar;G:\iesdwa\qualitygates\wa\2021.1_ADP1_INT\code\iesd\chs_home\lib\edx\commons-cli-1.2.jar;G:\iesdwa\qualitygates\wa\2021.1_ADP1_INT\code\iesd\chs_home\lib\edx\commons-codec-1.5.jar;G:\iesdwa\qualitygates\wa\2021.1_ADP1_INT\code\iesd\chs_home\lib\edx\commons-compress-1.5.jar;G:\iesdwa\qualitygates\wa\2021.1_ADP1_INT\code\iesd\chs_home\lib\edx\commons-io-2.0.1.jar;G:\iesdwa\qualitygates\wa\2021.1_ADP1_INT\code\iesd\chs_home\lib\edx\commons-logging-1.1.1.jar;G:\iesdwa\qualitygates\wa\2021.1_ADP1_INT\code\iesd\chs_home\lib\edx\jaxb-impl-2.2.4.jar;G:\iesdwa\qualitygates\wa\2021.1_ADP1_INT\code\iesd\chs_home\lib\edx\resolver.jar;G:\iesdwa\qualitygates\wa\2021.1_ADP1_INT\code\iesd\chs_home\lib\edx\SDDinfrasec.jar;G:\iesdwa\qualitygates\wa\2021.1_ADP1_INT\code\iesd\chs_home\lib\edx\serializer.jar;G:\iesdwa\qualitygates\wa\2021.1_ADP1_INT\code\iesd\chs_home\lib\edx\swingx-core-1.6.2.jar;G:\iesdwa\qualitygates\wa\2021.1_ADP1_INT\code\iesd\chs_home\lib\webservices-api.jar;G:\iesdwa\qualitygates\wa\2021.1_ADP1_INT\code\iesd\chs_home\lib\edx\xalan.jar;G:\iesdwa\qualitygates\wa\2021.1_ADP1_INT\code\iesd\chs_home\lib\edx\xercesImpl.jar;G:\iesdwa\qualitygates\wa\2021.1_ADP1_INT\code\iesd\chs_home\lib\edx\xml-apis.jar;G:\iesdwa\qualitygates\wa\2021.1_ADP1_INT\code\iesd\chs_home\lib\edx\xmlsec-1.5.6.jar;G:\iesdwa\qualitygates\wa\2021.1_ADP1_INT\code\iesd\chs_home\lib\capitalapi.jar;G:\iesdwa\qualitygates\wa\2021.1_ADP1_INT\code\iesd\chs_home\lib\capitalapiextensions.jar;G:\iesdwa\qualitygates\wa\2021.1_ADP1_INT\code\iesd\chs_home\bld\testlib\extexample.jar;G:\iesdwa\qualitygates\wa\2021.1_ADP1_INT\code\iesd\chs_home\lib\extensions\capitalextensions.jar;G:\iesdwa\qualitygates\wa\2021.1_ADP1_INT\code\iesd\chs_home\lib\extensions\enovia\extras\enoviaintegrationextras.jar;G:\iesdwa\qualitygates\wa\2021.1_ADP1_INT\code\iesd\chs_home\lib\extensions\enovia\capitalenoviaintegrationimpl.jar;G:\iesdwa\qualitygates\wa\2021.1_ADP1_INT\code\iesd\chs_home\lib\teamcenter\capitalteamcenterintegrationimpl.jar;G:\iesdwa\qualitygates\wa\2021.1_ADP1_INT\code\iesd\chs_home\lib\extensions\rule_driven_vertical_flow\capitalrulesbasedlayout.jar;G:\iesdwa\qualitygates\wa\2021.1_ADP1_INT\code\iesd\chs_home\bld\testlib\capitaltestsinterfaces.jar;G:\iesdwa\qualitygates\wa\2021.1_ADP1_INT\code\iesd\chs_home\bld\lib\junit.jar;G:\iesdwa\qualitygates\wa\2021.1_ADP1_INT\code\iesd\infrastructure_src\src\third_party\tce-soa\TcSoaAiStrong.jar;G:\iesdwa\qualitygates\wa\2021.1_ADP1_INT\code\iesd\infrastructure_src\src\third_party\tce-soa\TcSoaAiTypes.jar;G:\iesdwa\qualitygates\wa\2021.1_ADP1_INT\code\iesd\infrastructure_src\src\third_party\tce-soa\TcSoaBomStrong.jar;G:\iesdwa\qualitygates\wa\2021.1_ADP1_INT\code\iesd\infrastructure_src\src\third_party\tce-soa\TcSoaBomTypes.jar;G:\iesdwa\qualitygates\wa\2021.1_ADP1_INT\code\iesd\infrastructure_src\src\third_party\tce-soa\TcSoaCadStrong.jar;G:\iesdwa\qualitygates\wa\2021.1_ADP1_INT\code\iesd\infrastructure_src\src\third_party\tce-soa\TcSoaCadTypes.jar;G:\iesdwa\qualitygates\wa\2021.1_ADP1_INT\code\iesd\infrastructure_src\src\third_party\tce-soa\TcSoaClient.jar;G:\iesdwa\qualitygates\wa\2021.1_ADP1_INT\code\iesd\infrastructure_src\src\third_party\tce-soa\TcSoaCommon.jar;G:\iesdwa\qualitygates\wa\2021.1_ADP1_INT\code\iesd\infrastructure_src\src\third_party\tce-soa\TcSoaCoreStrong.jar;G:\iesdwa\qualitygates\wa\2021.1_ADP1_INT\code\iesd\infrastructure_src\src\third_party\tce-soa\TcSoaCoreTypes.jar;G:\iesdwa\qualitygates\wa\2021.1_ADP1_INT\code\iesd\infrastructure_src\src\third_party\tce-soa\TcSoaQueryStrong.jar;G:\iesdwa\qualitygates\wa\2021.1_ADP1_INT\code\iesd\infrastructure_src\src\third_party\tce-soa\TcSoaQueryTypes.jar;G:\iesdwa\qualitygates\wa\2021.1_ADP1_INT\code\iesd\infrastructure_src\src\third_party\tce-soa\TcSoaStrongModel.jar;G:\iesdwa\qualitygates\wa\2021.1_ADP1_INT\code\iesd\infrastructure_src\src\third_party\tce-soa\TcSoaStructureManagementStrong.jar;G:\iesdwa\qualitygates\wa\2021.1_ADP1_INT\code\iesd\infrastructure_src\src\third_party\tce-soa\TcSoaStructureManagementTypes.jar;G:\iesdwa\qualitygates\wa\2021.1_ADP1_INT\code\iesd\infrastructure_src\src\third_party\tce-soa\bio-infrastructure.jar;G:\iesdwa\qualitygates\wa\2021.1_ADP1_INT\code\iesd\infrastructure_src\src\third_party\tce-soa\bio-solutions.jar;G:\iesdwa\qualitygates\wa\2021.1_ADP1_INT\code\iesd\infrastructure_src\src\third_party\tce-soa\bugfixedbrowser.jar;G:\iesdwa\qualitygates\wa\2021.1_ADP1_INT\code\iesd\infrastructure_src\src\third_party\tce-soa\Cfg0SoaConfiguratorLoose.jar;G:\iesdwa\qualitygates\wa\2021.1_ADP1_INT\code\iesd\chs_home\lib\teamcenter\extras\swt.jar;G:\iesdwa\qualitygates\wa\2021.1_ADP1_INT\code\iesd\infrastructure_src\src\third_party\tce\fccjavaclientproxy.jar;G:\iesdwa\qualitygates\wa\2021.1_ADP1_INT\code\iesd\infrastructure_src\src\third_party\tce\fmsutil.jar;G:\iesdwa\qualitygates\wa\2021.1_ADP1_INT\code\iesd\infrastructure_src\src\third_party\gson\gson.jar;G:\iesdwa\qualitygates\wa\2021.1_ADP1_INT\code\iesd\infrastructure_src\src\third_party\tce-soa\httpclient.jar;G:\iesdwa\qualitygates\wa\2021.1_ADP1_INT\code\iesd\infrastructure_src\src\third_party\tce-soa\httpcore.jar;G:\iesdwa\qualitygates\wa\2021.1_ADP1_INT\code\iesd\infrastructure_src\src\third_party\tce-soa\Prg1SoaProgramPlanningAppStrong.jar;G:\iesdwa\qualitygates\wa\2021.1_ADP1_INT\code\iesd\infrastructure_src\src\third_party\tce-soa\Cfg0SoaStrongModelConfigurator.jar;G:\iesdwa\qualitygates\wa\2021.1_ADP1_INT\code\iesd\infrastructure_src\src\third_party\tce-soa\Evm1SoaViewMgmtAWStrong_12000.1.0.jar;G:\iesdwa\qualitygates\wa\2021.1_ADP1_INT\code\iesd\infrastructure_src\src\third_party\tce-soa\Evm1SoaViewMgmtAWLoose_12000.1.0.jar;G:\iesdwa\qualitygates\wa\2021.1_ADP1_INT\code\iesd\infrastructure_src\src\third_party\tce-soa\Evm1SoaViewMgmtAWTypes_12000.0.0.jar;G:\iesdwa\qualitygates\wa\2021.1_ADP1_INT\code\iesd\infrastructure_src\src\third_party\tce-soa\Cif0SoaIntegrationFrameworkStrong_12000.0.0.jar;G:\iesdwa\qualitygates\wa\2021.1_ADP1_INT\code\iesd\infrastructure_src\src\third_party\tce-soa\Cif0SoaStrongModelIntegrationFramework_12000.0.0.jar;G:\iesdwa\qualitygates\wa\2021.1_ADP1_INT\code\iesd\infrastructure_src\src\third_party\tce-soa\Cif0SoaIntegrationFrameworkTypes_12000.0.0.jar;G:\iesdwa\qualitygates\wa\2021.1_ADP1_INT\code\iesd\infrastructure_src\src\third_party\tce-soa\TcSoaBusinessModelerStrong.jar;G:\iesdwa\qualitygates\wa\2021.1_ADP1_INT\code\iesd\chs_home\lib\annotations.jar;G:\iesdwa\qualitygates\wa\2021.1_ADP1_INT\code\iesd\chs_home\lib\servicelocator.jar;G:\iesdwa\qualitygates\wa\2021.1_ADP1_INT\code\iesd\chs_home\lib\saxon.jar;G:\iesdwa\qualitygates\wa\2021.1_ADP1_INT\code\iesd\chs_home\lib\capitalcommonlang.jar;G:\iesdwa\qualitygates\wa\2021.1_ADP1_INT\code\iesd\chs_home\lib\capitalcommon.jar;G:\iesdwa\qualitygates\wa\2021.1_ADP1_INT\code\iesd\chs_home\lib\capitalannotations.jar;G:\iesdwa\qualitygates\wa\2021.1_ADP1_INT\code\iesd\chs_home\lib\js.jar;G:\iesdwa\qualitygates\wa\2021.1_ADP1_INT\code\iesd\chs_home\lib\capitalapiimpl.jar;G:\iesdwa\qualitygates\wa\2021.1_ADP1_INT\code\iesd\chs_home\lib\commons-codec.jar;G:\iesdwa\qualitygates\wa\2021.1_ADP1_INT\code\iesd\chs_home\lib\commons-math.jar;G:\iesdwa\qualitygates\wa\2021.1_ADP1_INT\code\iesd\chs_home\lib\capitalutils.jar;G:\iesdwa\qualitygates\wa\2021.1_ADP1_INT\code\iesd\chs_home\lib\capitalcof.jar;G:\iesdwa\qualitygates\wa\2021.1_ADP1_INT\code\iesd\chs_home\lib\capitalpaging.jar;G:\iesdwa\qualitygates\wa\2021.1_ADP1_INT\code\iesd\chs_home\lib\capitalcapman.jar;G:\iesdwa\qualitygates\wa\2021.1_ADP1_INT\code\iesd\chs_home\lib\capitalcofimpl.jar;G:\iesdwa\qualitygates\wa\2021.1_ADP1_INT\code\iesd\chs_home\lib\capitaledxImpl.jar;G:\iesdwa\qualitygates\wa\2021.1_ADP1_INT\code\iesd\chs_home\lib\capitalcof_baseimpl.jar;G:\iesdwa\qualitygates\wa\2021.1_ADP1_INT\code\iesd\chs_home\lib\capitalcofutils.jar;G:\iesdwa\qualitygates\wa\2021.1_ADP1_INT\code\iesd\chs_home\lib\capitalprofiler.jar;G:\iesdwa\qualitygates\wa\2021.1_ADP1_INT\code\iesd\chs_home\lib\capitalpof.jar;G:\iesdwa\qualitygates\wa\2021.1_ADP1_INT\code\iesd\chs_home\lib\capitalverifydb.jar;G:\iesdwa\qualitygates\wa\2021.1_ADP1_INT\code\iesd\chs_home\lib\log4j.jar;G:\iesdwa\qualitygates\wa\2021.1_ADP1_INT\code\iesd\chs_home\lib\jacorb.jar;G:\iesdwa\qualitygates\wa\2021.1_ADP1_INT\code\iesd\chs_home\lib\jacorb-omgapi.jar;G:\iesdwa\qualitygates\wa\2021.1_ADP1_INT\code\iesd\chs_home\lib\slf4j-api.jar;G:\iesdwa\qualitygates\wa\2021.1_ADP1_INT\code\iesd\chs_home\lib\slf4j-jdk.jar;G:\iesdwa\qualitygates\wa\2021.1_ADP1_INT\code\iesd\chs_home\bld\lib\jmockit.jar;G:\iesdwa\qualitygates\wa\2021.1_ADP1_INT\code\iesd\chs_home\lib\javax.persistence-api.jar;G:\iesdwa\qualitygates\wa\2021.1_ADP1_INT\code\iesd\chs_home\bld\lib\hamcrest-core.jar;G:\iesdwa\qualitygates\wa\2021.1_ADP1_INT\code\iesd\chs_home\bld\lib\httpunit.jar;G:\iesdwa\qualitygates\wa\2021.1_ADP1_INT\code\iesd\chs_home\lib\capitalctf.jar;G:\iesdwa\qualitygates\wa\2021.1_ADP1_INT\code\iesd\chs_home\lib\JSDD.jar;G:\iesdwa\qualitygates\wa\2021.1_ADP1_INT\code\iesd\chs_home\lib\capitalquincy.jar;G:\iesdwa\qualitygates\wa\2021.1_ADP1_INT\code\iesd\chs_home\lib\capitalhdmreports.jar;G:\iesdwa\qualitygates\wa\2021.1_ADP1_INT\code\iesd\chs_home\lib\capitalxmleditor.jar;G:\iesdwa\qualitygates\wa\2021.1_ADP1_INT\code\iesd\chs_home\bld\lib\xalan.jar;G:\iesdwa\qualitygates\wa\2021.1_ADP1_INT\code\iesd\chs_home\bld\lib\uispec4j.jar;G:\iesdwa\qualitygates\wa\2021.1_ADP1_INT\code\iesd\chs_home\lib\commons-collections.jar;G:\iesdwa\qualitygates\wa\2021.1_ADP1_INT\code\iesd\chs_home\bld\lib\velocity-1.3.1.jar;G:\iesdwa\qualitygates\wa\2021.1_ADP1_INT\code\iesd\chs_home\bld\lib\capitalAutoGen.jar;G:\iesdwa\qualitygates\wa\2021.1_ADP1_INT\code\iesd\chs_home\bld\lib\memcached.jar;G:\iesdwa\qualitygates\wa\2021.1_ADP1_INT\code\iesd\chs_home\lib\dtdparser.jar;G:\iesdwa\qualitygates\wa\2021.1_ADP1_INT\code\iesd\chs_home\lib\itext.jar;G:\iesdwa\qualitygates\wa\2021.1_ADP1_INT\code\iesd\chs_home\bld\lib\pdfrenderer.jar;G:\iesdwa\qualitygates\wa\2021.1_ADP1_INT\code\iesd\chs_home\lib\capitalbaseautomation.jar;G:\iesdwa\qualitygates\wa\2021.1_ADP1_INT\code\iesd\chs_home\bld\lib\xmlunit.jar;G:\iesdwa\qualitygates\wa\2021.1_ADP1_INT\code\iesd\chs_home\bld\lib\xmlrpc-client.jar;G:\iesdwa\qualitygates\wa\2021.1_ADP1_INT\code\iesd\chs_home\bld\lib\xmlrpc-common.jar;G:\iesdwa\qualitygates\wa\2021.1_ADP1_INT\code\iesd\chs_home\bld\lib\ws-commons-util.jar;G:\iesdwa\qualitygates\wa\2021.1_ADP1_INT\code\iesd\chs_home\lib\batik-anim.jar;G:\iesdwa\qualitygates\wa\2021.1_ADP1_INT\code\iesd\chs_home\lib\batik-awt-util.jar;G:\iesdwa\qualitygates\wa\2021.1_ADP1_INT\code\iesd\chs_home\lib\batik-bridge.jar;G:\iesdwa\qualitygates\wa\2021.1_ADP1_INT\code\iesd\chs_home\lib\batik-codec.jar;G:\iesdwa\qualitygates\wa\2021.1_ADP1_INT\code\iesd\chs_home\lib\batik-css.jar;G:\iesdwa\qualitygates\wa\2021.1_ADP1_INT\code\iesd\chs_home\lib\batik-dom.jar;G:\iesdwa\qualitygates\wa\2021.1_ADP1_INT\code\iesd\chs_home\lib\batik-ext.jar;G:\iesdwa\qualitygates\wa\2021.1_ADP1_INT\code\iesd\chs_home\lib\batik-extension.jar;G:\iesdwa\qualitygates\wa\2021.1_ADP1_INT\code\iesd\chs_home\lib\batik-gui-util.jar;G:\iesdwa\qualitygates\wa\2021.1_ADP1_INT\code\iesd\chs_home\lib\batik-gvt.jar;G:\iesdwa\qualitygates\wa\2021.1_ADP1_INT\code\iesd\chs_home\lib\batik-parser.jar;G:\iesdwa\qualitygates\wa\2021.1_ADP1_INT\code\iesd\chs_home\lib\batik-script.jar;G:\iesdwa\qualitygates\wa\2021.1_ADP1_INT\code\iesd\chs_home\lib\batik-svg-dom.jar;G:\iesdwa\qualitygates\wa\2021.1_ADP1_INT\code\iesd\chs_home\lib\batik-svggen.jar;G:\iesdwa\qualitygates\wa\2021.1_ADP1_INT\code\iesd\chs_home\lib\batik-swing.jar;G:\iesdwa\qualitygates\wa\2021.1_ADP1_INT\code\iesd\chs_home\lib\batik-transcoder.jar;G:\iesdwa\qualitygates\wa\2021.1_ADP1_INT\code\iesd\chs_home\lib\batik-util.jar;G:\iesdwa\qualitygates\wa\2021.1_ADP1_INT\code\iesd\chs_home\lib\batik-xml.jar;G:\iesdwa\qualitygates\wa\2021.1_ADP1_INT\code\iesd\chs_home\lib\batik-constants.jar;G:\iesdwa\qualitygates\wa\2021.1_ADP1_INT\code\iesd\chs_home\lib\batik-i18n.jar;G:\iesdwa\qualitygates\wa\2021.1_ADP1_INT\code\iesd\chs_home\lib\xml-apis.jar;G:\iesdwa\qualitygates\wa\2021.1_ADP1_INT\code\iesd\chs_home\lib\xml-apis-ext.jar;G:\iesdwa\qualitygates\wa\2021.1_ADP1_INT\code\iesd\chs_home\bld\lib\kabeja.jar;G:\iesdwa\qualitygates\wa\2021.1_ADP1_INT\code\iesd\chs_home\bld\lib\kabeja-svg.jar;G:\iesdwa\qualitygates\wa\2021.1_ADP1_INT\code\iesd\chs_home\bld\lib\kabeja-xslt.jar;G:\iesdwa\qualitygates\wa\2021.1_ADP1_INT\code\iesd\chs_home\bld\ilib\groboutils.jar;G:\iesdwa\qualitygates\wa\2021.1_ADP1_INT\code\iesd\chs_home\bld\lib\sigtestdev.jar;G:\iesdwa\qualitygates\wa\2021.1_ADP1_INT\code\iesd\chs_home\bld\lib\commons-vfs.jar;G:\iesdwa\qualitygates\wa\2021.1_ADP1_INT\code\iesd\chs_home\lib\capitalzipprocessor.jar;G:\iesdwa\qualitygates\wa\2021.1_ADP1_INT\code\iesd\chs_home\lib\callhomefilter.jar;G:\iesdwa\qualitygates\wa\2021.1_ADP1_INT\code\iesd\chs_home\lib\usergroupgenerator.jar;G:\iesdwa\qualitygates\wa\2021.1_ADP1_INT\code\iesd\chs_home\lib\capitalvalidator.jar;G:\iesdwa\qualitygates\wa\2021.1_ADP1_INT\code\iesd\chs_home\lib\capitalreporterserverutils.jar;G:\iesdwa\qualitygates\wa\2021.1_ADP1_INT\code\iesd\chs_home\lib\capitalapisemantics.jar;G:\iesdwa\qualitygates\wa\2021.1_ADP1_INT\code\iesd\chs_home\lib\jetty-schemas.jar;G:\iesdwa\qualitygates\wa\2021.1_ADP1_INT\code\iesd\chs_home\lib\jetty-security.jar;G:\iesdwa\qualitygates\wa\2021.1_ADP1_INT\code\iesd\chs_home\lib\jetty-server.jar;G:\iesdwa\qualitygates\wa\2021.1_ADP1_INT\code\iesd\chs_home\lib\jetty-servlet.jar;G:\iesdwa\qualitygates\wa\2021.1_ADP1_INT\code\iesd\chs_home\lib\jetty-servlets.jar;G:\iesdwa\qualitygates\wa\2021.1_ADP1_INT\code\iesd\chs_home\lib\jetty-util.jar;G:\iesdwa\qualitygates\wa\2021.1_ADP1_INT\code\iesd\chs_home\lib\jetty-webapp.jar;G:\iesdwa\qualitygates\wa\2021.1_ADP1_INT\code\iesd\chs_home\lib\jetty-xml.jar;G:\iesdwa\qualitygates\wa\2021.1_ADP1_INT\code\iesd\chs_home\lib\apache-jsp.jar;G:\iesdwa\qualitygates\wa\2021.1_ADP1_INT\code\iesd\chs_home\lib\taglibs-standard-impl.jar;G:\iesdwa\qualitygates\wa\2021.1_ADP1_INT\code\iesd\chs_home\lib\taglibs-standard-spec.jar;G:\iesdwa\qualitygates\wa\2021.1_ADP1_INT\code\iesd\chs_home\lib\apache-jsp-8.jar;G:\iesdwa\qualitygates\wa\2021.1_ADP1_INT\code\iesd\chs_home\lib\apache-el-8.jar;G:\iesdwa\qualitygates\wa\2021.1_ADP1_INT\code\iesd\chs_home\lib\javax.annotation-api.jar;G:\iesdwa\qualitygates\wa\2021.1_ADP1_INT\code\iesd\chs_home\lib\asm.jar;G:\iesdwa\qualitygates\wa\2021.1_ADP1_INT\code\iesd\chs_home\lib\asm-commons.jar;G:\iesdwa\qualitygates\wa\2021.1_ADP1_INT\code\iesd\chs_home\lib\asm-tree.jar;G:\iesdwa\qualitygates\wa\2021.1_ADP1_INT\code\iesd\chs_home\lib\ecj.jar;G:\iesdwa\qualitygates\wa\2021.1_ADP1_INT\code\iesd\chs_home\lib\servlet-api-3.1.jar;G:\iesdwa\qualitygates\wa\2021.1_ADP1_INT\code\iesd\chs_home\lib\jetty-annotations.jar;G:\iesdwa\qualitygates\wa\2021.1_ADP1_INT\code\iesd\chs_home\lib\jetty-client.jar;G:\iesdwa\qualitygates\wa\2021.1_ADP1_INT\code\iesd\chs_home\lib\jetty-continuation.jar;G:\iesdwa\qualitygates\wa\2021.1_ADP1_INT\code\iesd\chs_home\lib\jetty-http.jar;G:\iesdwa\qualitygates\wa\2021.1_ADP1_INT\code\iesd\chs_home\lib\jetty-io.jar;G:\iesdwa\qualitygates\wa\2021.1_ADP1_INT\code\iesd\chs_home\lib\jetty-jmx.jar;G:\iesdwa\qualitygates\wa\2021.1_ADP1_INT\code\iesd\chs_home\lib\jetty-jndi.jar;G:\iesdwa\qualitygates\wa\2021.1_ADP1_INT\code\iesd\chs_home\lib\jetty-plus.jar;G:\iesdwa\qualitygates\wa\2021.1_ADP1_INT\code\iesd\chs_home\lib\jetty-proxy.jar;G:\iesdwa\qualitygates\wa\2021.1_ADP1_INT\code\iesd\chs_home\lib\jxl.jar;G:\iesdwa\qualitygates\wa\2021.1_ADP1_INT\code\iesd\chs_home\bld\hlib\asm4-xml.jar;G:\iesdwa\qualitygates\wa\2021.1_ADP1_INT\code\iesd\chs_home\bld\hlib\asm4-util.jar;G:\iesdwa\qualitygates\wa\2021.1_ADP1_INT\code\iesd\chs_home\bld\hlib\asm4-tree.jar;G:\iesdwa\qualitygates\wa\2021.1_ADP1_INT\code\iesd\chs_home\bld\hlib\asm4-commons.jar;G:\iesdwa\qualitygates\wa\2021.1_ADP1_INT\code\iesd\chs_home\bld\hlib\asm4-analysis.jar;G:\iesdwa\qualitygates\wa\2021.1_ADP1_INT\code\iesd\chs_home\bld\hlib\asm4.jar;G:\iesdwa\qualitygates\wa\2021.1_ADP1_INT\code\iesd\chs_home\bld\lib\jcgm-core.jar;G:\iesdwa\qualitygates\wa\2021.1_ADP1_INT\code\iesd\chs_home\bld\lib\jcgm-image.jar;G:\iesdwa\qualitygates\wa\2021.1_ADP1_INT\code\iesd\chs_home\bld\lib\commons-fileupload.jar;G:\iesdwa\qualitygates\wa\2021.1_ADP1_INT\code\iesd\chs_home\lib\capitalrestresources.jar;G:\iesdwa\qualitygates\wa\2021.1_ADP1_INT\code\iesd\chs_home\lib\javax.ws.rs-api-2.0.jar;G:\iesdwa\qualitygates\wa\2021.1_ADP1_INT\code\iesd\chs_home\lib\javax.inject.jar;G:\iesdwa\qualitygates\wa\2021.1_ADP1_INT\code\iesd\chs_home\lib\jersey-guava.jar;G:\iesdwa\qualitygates\wa\2021.1_ADP1_INT\code\iesd\chs_home\lib\hk2-api.jar;G:\iesdwa\qualitygates\wa\2021.1_ADP1_INT\code\iesd\chs_home\lib\hk2-locator.jar;G:\iesdwa\qualitygates\wa\2021.1_ADP1_INT\code\iesd\chs_home\lib\hk2-utils.jar;G:\iesdwa\qualitygates\wa\2021.1_ADP1_INT\code\iesd\chs_home\lib\jersey-server.jar;G:\iesdwa\qualitygates\wa\2021.1_ADP1_INT\code\iesd\chs_home\lib\jersey-media-multipart.jar;G:\iesdwa\qualitygates\wa\2021.1_ADP1_INT\code\iesd\chs_home\lib\jersey-common.jar;G:\iesdwa\qualitygates\wa\2021.1_ADP1_INT\code\iesd\chs_home\lib\commons-httpclient.jar;G:\iesdwa\qualitygates\wa\2021.1_ADP1_INT\code\iesd\chs_home\lib\jackson-annotations.jar;G:\iesdwa\qualitygates\wa\2021.1_ADP1_INT\code\iesd\chs_home\lib\jackson-jaxrs-json-provider.jar;G:\iesdwa\qualitygates\wa\2021.1_ADP1_INT\code\iesd\chs_home\lib\jackson-databind.jar;G:\iesdwa\qualitygates\wa\2021.1_ADP1_INT\code\iesd\chs_home\lib\jackson-jaxrs-base.jar;G:\iesdwa\qualitygates\wa\2021.1_ADP1_INT\code\iesd\chs_home\lib\jackson-core.jar;G:\iesdwa\qualitygates\wa\2021.1_ADP1_INT\code\iesd\chs_home\lib\jackson-dataformat-yaml.jar;G:\iesdwa\qualitygates\wa\2021.1_ADP1_INT\code\iesd\chs_home\lib\guava.jar;G:\iesdwa\qualitygates\wa\2021.1_ADP1_INT\code\iesd\chs_home\lib\capitalans.jar;G:\iesdwa\qualitygates\wa\2021.1_ADP1_INT\code\iesd\chs_home\lib\capitaljeda.jar;G:\iesdwa\qualitygates\wa\2021.1_ADP1_INT\code\iesd\chs_home\lib\pdfbox.jar;G:\iesdwa\qualitygates\wa\2021.1_ADP1_INT\code\iesd\chs_home\lib\jersey-container-servlet-core.jar;G:\iesdwa\qualitygates\wa\2021.1_ADP1_INT\code\iesd\chs_home\lib\jersey-container-servlet.jar;G:\iesdwa\qualitygates\wa\2021.1_ADP1_INT\code\iesd\chs_home\lib\jersey-client.jar;G:\iesdwa\qualitygates\wa\2021.1_ADP1_INT\code\iesd\chs_home\bld\lib\jersey-test-framework-core.jar;G:\iesdwa\qualitygates\wa\2021.1_ADP1_INT\code\iesd\chs_home\bld\lib\jersey-test-framework-provider-inmemory.jar;G:\iesdwa\qualitygates\wa\2021.1_ADP1_INT\code\iesd\chs_home\lib\mimepull.jar;G:\iesdwa\qualitygates\wa\2021.1_ADP1_INT\code\iesd\chs_home\lib\javassist.jar;G:\iesdwa\qualitygates\wa\2021.1_ADP1_INT\code\iesd\chs_home\lib\jtidy.jar;G:\iesdwa\qualitygates\wa\2021.1_ADP1_INT\code\iesd\chs_home\lib\edxint\capitaledxImpl.jar;G:\iesdwa\qualitygates\wa\2021.1_ADP1_INT\code\iesd\chs_home\lib\lucene-core.jar;G:\iesdwa\qualitygates\wa\2021.1_ADP1_INT\code\iesd\chs_home\lib\lucene-analyzers-common.jar;G:\iesdwa\qualitygates\wa\2021.1_ADP1_INT\code\iesd\chs_home\lib\lucene-queries.jar;G:\iesdwa\qualitygates\wa\2021.1_ADP1_INT\code\iesd\chs_home\lib\lucene-queryparser.jar;G:\iesdwa\qualitygates\wa\2021.1_ADP1_INT\code\iesd\chs_home\lib\geronimo-jms.jar;G:\iesdwa\qualitygates\wa\2021.1_ADP1_INT\code\iesd\chs_home\lib\jsoup.jar;G:\iesdwa\qualitygates\wa\2021.1_ADP1_INT\code\iesd\chs_home\lib\owasp-java-html-sanitizer.jar;G:\iesdwa\qualitygates\wa\2021.1_ADP1_INT\code\iesd\chs_home\lib\capitalupdaterutils.jar;G:\iesdwa\qualitygates\wa\2021.1_ADP1_INT\code\iesd\chs_home\lib\capitalupdateragent.jar;G:\iesdwa\qualitygates\wa\2021.1_ADP1_INT\code\iesd\chs_home\lib\capitaljms.jar;G:\iesdwa\qualitygates\wa\2021.1_ADP1_INT\code\iesd\chs_home\lib\mail.jar;G:\iesdwa\qualitygates\wa\2021.1_ADP1_INT\code\iesd\chs_home\bld\publisher\lib\capitalservicedatamanage.jar;G:\iesdwa\qualitygates\wa\2021.1_ADP1_INT\code\iesd\chs_home\lib\capitalservicedatamanage.jar;G:\iesdwa\qualitygates\wa\2021.1_ADP1_INT\code\iesd\chs_home\lib\javafx\Windows\lib\javafx-swt.jar;G:\iesdwa\qualitygates\wa\2021.1_ADP1_INT\code\iesd\chs_home\lib\javafx\Windows\lib\javafx.base.jar;G:\iesdwa\qualitygates\wa\2021.1_ADP1_INT\code\iesd\chs_home\lib\javafx\Windows\lib\javafx.controls.jar;G:\iesdwa\qualitygates\wa\2021.1_ADP1_INT\code\iesd\chs_home\lib\javafx\Windows\lib\javafx.fxml.jar;G:\iesdwa\qualitygates\wa\2021.1_ADP1_INT\code\iesd\chs_home\lib\javafx\Windows\lib\javafx.graphics.jar;G:\iesdwa\qualitygates\wa\2021.1_ADP1_INT\code\iesd\chs_home\lib\javafx\Windows\lib\javafx.media.jar;G:\iesdwa\qualitygates\wa\2021.1_ADP1_INT\code\iesd\chs_home\lib\javafx\Windows\lib\javafx.swing.jar;G:\iesdwa\qualitygates\wa\2021.1_ADP1_INT\code\iesd\chs_home\lib\javafx\Windows\lib\javafx.web.jar;G:\iesdwa\qualitygates\wa\2021.1_ADP1_INT\code\iesd\chs_home\lib\fop.jar;G:\iesdwa\qualitygates\wa\2021.1_ADP1_INT\code\iesd\chs_home\lib\commons-xmlgraphics.jar;G:\iesdwa\qualitygates\wa\2021.1_ADP1_INT\code\iesd\infrastructure_src\src\third_party\assertj-swing\assertj-core.jar;G:\iesdwa\qualitygates\wa\2021.1_ADP1_INT\code\iesd\chs_home\lib\sanj.jar;G:\iesdwa\qualitygates\wa\2021.1_ADP1_INT\code\iesd\chs_home\lib\opencsv.jar;G:\iesdwa\qualitygates\wa\2021.1_ADP1_INT\code\iesd\chs_home\lib\lds-bo.jar;G:\iesdwa\qualitygates\wa\2021.1_ADP1_INT\code\iesd\chs_home\lib\lds-kbl.jar;G:\iesdwa\qualitygates\wa\2021.1_ADP1_INT\code\iesd\chs_home\lib\lds-kbl-schema.jar;G:\iesdwa\qualitygates\wa\2021.1_ADP1_INT\code\iesd\chs_home\lib\lds-vec.jar;G:\iesdwa\qualitygates\wa\2021.1_ADP1_INT\code\iesd\chs_home\lib\lds-vec-export.jar;G:\iesdwa\qualitygates\wa\2021.1_ADP1_INT\code\iesd\chs_home\lib\xerces.jar;G:\iesdwa\qualitygates\wa\2021.1_ADP1_INT\code\iesd\chs_home\lib\capitalcofcafimpl.jar;G:\iesdwa\qualitygates\wa\2021.1_ADP1_INT\code\iesd\chs_home\lib\capitalcaf.jar;G:\iesdwa\qualitygates\wa\2021.1_ADP1_INT\code\iesd\chs_home\bld\lib\jfcunit.jar;G:\iesdwa\qualitygates\wa\2021.1_ADP1_INT\code\iesd\chs_home\lib\capitalcanalysis.jar;G:\iesdwa\qualitygates\wa\2021.1_ADP1_INT\code\iesd\chs_home\lib\trove.jar;G:\iesdwa\qualitygates\wa\2021.1_ADP1_INT\code\iesd\chs_home\lib\capitalclibrary.jar;G:\iesdwa\qualitygates\wa\2021.1_ADP1_INT\code\iesd\chs_home\lib\capitalpluginapi.jar;G:\iesdwa\qualitygates\wa\2021.1_ADP1_INT\code\iesd\chs_home\lib\capitalapigen.jar;G:\iesdwa\qualitygates\wa\2021.1_ADP1_INT\code\iesd\chs_home\lib\capitalbridgessdk.jar;G:\iesdwa\qualitygates\wa\2021.1_ADP1_INT\code\iesd\chs_home\lib\capitalbridges.jar;G:\iesdwa\qualitygates\wa\2021.1_ADP1_INT\code\iesd\chs_home\lib\capitalnxinterfaces.jar;G:\iesdwa\qualitygates\wa\2021.1_ADP1_INT\code\iesd\chs_home\lib\capitalbridgesui.jar;G:\iesdwa\qualitygates\wa\2021.1_ADP1_INT\code\iesd\chs_home\lib\capitalcview.jar;G:\iesdwa\qualitygates\wa\2021.1_ADP1_INT\code\iesd\chs_home\adaptors\lib\capitaldsi.jar;G:\iesdwa\qualitygates\wa\2021.1_ADP1_INT\code\iesd\chs_home\adaptors\lib\capitalkbl.jar;G:\iesdwa\qualitygates\wa\2021.1_ADP1_INT\code\iesd\chs_home\adaptors\lib\capitalhcv.jar;G:\iesdwa\qualitygates\wa\2021.1_ADP1_INT\code\iesd\chs_home\lib\capitallogic.jar;G:\iesdwa\qualitygates\wa\2021.1_ADP1_INT\code\iesd\chs_home\lib\capitaltopo.jar;G:\iesdwa\qualitygates\wa\2021.1_ADP1_INT\code\iesd\chs_home\lib\capitalharness.jar;G:\iesdwa\qualitygates\wa\2021.1_ADP1_INT\code\iesd\chs_home\lib\capitalresources.jar;G:\iesdwa\qualitygates\wa\2021.1_ADP1_INT\code\iesd\chs_home\lib\capitalimages.jar;G:\iesdwa\qualitygates\wa\2021.1_ADP1_INT\code\iesd\chs_home\lib\capitalwindowslandf.jar;G:\iesdwa\qualitygates\wa\2021.1_ADP1_INT\code\iesd\chs_home\lib\jdom.jar;G:\iesdwa\qualitygates\wa\2021.1_ADP1_INT\code\iesd\chs_home\lib\commons-io.jar;G:\iesdwa\qualitygates\wa\2021.1_ADP1_INT\code\iesd\chs_home\bld\testlib\capitaltestscof.jar;G:\iesdwa\qualitygates\wa\2021.1_ADP1_INT\code\iesd\datamodel_src\tests\build\classes\java\test\chs\utility;G:\iesdwa\qualitygates\wa\2021.1_ADP1_INT\code\iesd\chs_home\lib\saxon-dom.jar;G:\iesdwa\qualitygates\wa\2021.1_ADP1_INT\code\iesd\chs_home\lib\hsqldb.jar;G:\iesdwa\qualitygates\wa\2021.1_ADP1_INT\code\iesd\chs_home\lib\ojdbc.jar;G:\iesdwa\qualitygates\wa\2021.1_ADP1_INT\code\iesd\chs_home\lib\postgresqljdbc.jar;G:\iesdwa\qualitygates\wa\2021.1_ADP1_INT\code\iesd\chs_home\lib\antlr.jar;G:\iesdwa\qualitygates\wa\2021.1_ADP1_INT\code\iesd\chs_home\lib\byte-buddy.jar;G:\iesdwa\qualitygates\wa\2021.1_ADP1_INT\code\iesd\chs_home\lib\classmate.jar;G:\iesdwa\qualitygates\wa\2021.1_ADP1_INT\code\iesd\chs_home\lib\dom4j.jar;G:\iesdwa\qualitygates\wa\2021.1_ADP1_INT\code\iesd\chs_home\lib\jaxb-api-2.3.0.jar;G:\iesdwa\qualitygates\wa\2021.1_ADP1_INT\code\iesd\chs_home\lib\jaxb-runtime-2.3.0.jar;G:\iesdwa\qualitygates\wa\2021.1_ADP1_INT\code\iesd\chs_home\lib\javax.activation-api.jar;G:\iesdwa\qualitygates\wa\2021.1_ADP1_INT\code\iesd\chs_home\lib\hibernate-commons-annotations.jar;G:\iesdwa\qualitygates\wa\2021.1_ADP1_INT\code\iesd\chs_home\lib\hibernate.jar;G:\iesdwa\qualitygates\wa\2021.1_ADP1_INT\code\iesd\chs_home\lib\jandex.jar;G:\iesdwa\qualitygates\wa\2021.1_ADP1_INT\code\iesd\chs_home\lib\jboss-logging.jar;G:\iesdwa\qualitygates\wa\2021.1_ADP1_INT\code\iesd\chs_home\lib\jboss-transaction-api.jar;G:\iesdwa\qualitygates\wa\2021.1_ADP1_INT\code\iesd\chs_home\lib\c3p0.jar;G:\iesdwa\qualitygates\wa\2021.1_ADP1_INT\code\iesd\chs_home\lib\hibernate-c3p0.jar;G:\iesdwa\qualitygates\wa\2021.1_ADP1_INT\code\iesd\chs_home\lib\mchange-commons.jar;G:\iesdwa\qualitygates\wa\2021.1_ADP1_INT\code\iesd\chs_home\lib\pdf-transcoder.jar;G:\iesdwa\qualitygates\wa\2021.1_ADP1_INT\code\iesd\chs_home\lib\commons-lang.jar;G:\iesdwa\qualitygates\wa\2021.1_ADP1_INT\code\iesd\chs_home\lib\fontbox.jar;G:\iesdwa\qualitygates\wa\2021.1_ADP1_INT\code\iesd\infrastructure_src\src\third_party\cobertura\cobertura.jar;G:\iesdwa\qualitygates\wa\2021.1_ADP1_INT\code\iesd\infrastructure_src\src\third_party\cobertura\lib\asm-3.0.jar;G:\iesdwa\qualitygates\wa\2021.1_ADP1_INT\code\iesd\infrastructure_src\src\third_party\cobertura\lib\asm-tree-3.0.jar;G:\iesdwa\qualitygates\wa\2021.1_ADP1_INT\code\iesd\infrastructure_src\src\third_party\cobertura\lib\jakarta-oro-2.0.8.jar;G:\iesdwa\qualitygates\wa\2021.1_ADP1_INT\code\iesd\infrastructure_src\src\third_party\cobertura\lib\log4j-1.2.9.jar;G:\iesdwa\qualitygates\wa\2021.1_ADP1_INT\code\iesd\chs_home\bld\jacoco\lib\jacocoagent.jar;G:\iesdwa\qualitygates\wa\2021.1_ADP1_INT\code\iesd\chs_home\bld\lib\mysqldriver.jar;G:\iesdwa\qualitygates\wa\2021.1_ADP1_INT\code\iesd\chs_home\lib\jboss-rmi-api.jar;G:\iesdwa\qualitygates\wa\2021.1_ADP1_INT\code\iesd\chs_home\lib\jaxb-api.jar;G:\iesdwa\qualitygates\wa\2021.1_ADP1_INT\code\iesd\chs_home\lib\javax.xml.soap-api.jar;G:\iesdwa\qualitygates\wa\2021.1_ADP1_INT\code\iesd\chs_home\lib\assertj-core.jar;G:\iesdwa\qualitygates\wa\2021.1_ADP1_INT\code\iesd\chs_home\lib\outputmanager.jar;G:\iesdwa\qualitygates\wa\2021.1_ADP1_INT\code\iesd\chs_home\bld\testlib\callhomesanitizertests.jar;G:\iesdwa\qualitygates\wa\2021.1_ADP1_INT\code\iesd\chs_home\bld\testlib\capitaltestscallhomesanitizer.jar;G:\iesdwa\qualitygates\wa\2021.1_ADP1_INT\code\iesd\chs_home\bld\ilib\OAuthClient.jar;G:\iesdwa\qualitygates\wa\2021.1_ADP1_INT\code\iesd\chs_home\bld\ilib\google-collections.jar;G:\iesdwa\qualitygates\wa\2021.1_ADP1_INT\code\iesd\chs_home\bld\ilib\google-oauth-client.jar;G:\iesdwa\qualitygates\wa\2021.1_ADP1_INT\code\iesd\chs_home\bld\ilib\google-http-client.jar;G:\iesdwa\qualitygates\wa\2021.1_ADP1_INT\code\iesd\chs_home\bld\ilib\google-http-client-jackson.jar;G:\iesdwa\qualitygates\wa\2021.1_ADP1_INT\code\iesd\chs_home\bld\ilib\json.jar;G:\iesdwa\qualitygates\wa\2021.1_ADP1_INT\code\iesd\chs_home\bld\ilib\gson.jar;G:\iesdwa\qualitygates\wa\2021.1_ADP1_INT\code\iesd\chs_home\bld\ilib\snakeyaml.jar;G:\iesdwa\qualitygates\wa\2021.1_ADP1_INT\code\iesd\chs_home\lib\OAuthClient.jar;G:\iesdwa\qualitygates\wa\2021.1_ADP1_INT\code\iesd\chs_home\lib\validation-api.jar;G:\iesdwa\qualitygates\wa\2021.1_ADP1_INT\code\iesd\chs_home\bld\lib\cacio-tta.jar;G:\iesdwa\qualitygates\wa\2021.1_ADP1_INT\code\iesd\chs_home\bld\lib\cacio-shared.jar;G:\iesdwa\qualitygates\wa\2021.1_ADP1_INT\code\iesd\chs_home\bld\ilib\junit-jacoco-ant.jar;G:\iesdwa\qualitygates\wa\2021.1_ADP1_INT\code\iesd\chs_home\bld\lib\ant-launcher.jar;G:\iesdwa\qualitygates\wa\2021.1_ADP1_INT\code\iesd\chs_home\bld\lib\ant.jar;G:\iesdwa\qualitygates\wa\2021.1_ADP1_INT\code\iesd\chs_home\bld\lib\ant-junit.jar;G:\iesdwa\qualitygates\wa\2021.1_ADP1_INT\code\iesd\chs_home\bld\lib\ant-junit4.jar;G:\iesdwa\qualitygates\wa\2021.1_ADP1_INT\code\iesd\chs_home\lib\socketio.jar" />
    <property name="nodejs_npm.executable" value="G:/iesdwa/qualitygates/wa//2021.1_ADP1_INT/code/iesd/chs_home/bld/nodejs/windows/npm.cmd" />
    <property name="junit.showoutput" value="false" />
    <property name="junit.haltonfailure" value="no" />
    <property name="env.=D:" value="D:\" />
    <property name="DEBUG" value="on" />
    <property name="env.ProgramFiles(x86)" value="C:\Program Files (x86)" />
    <property name="env.WORKSPACE_TMP" value="c:\slave\workspace\rerunFailedQualityGateTests@tmp" />
    <property name="env.CHS_TEMP" value="G:/iesdwa/qualitygates/wa/2021.1_ADP1_INT/code/iesd/chs_home/temp" />
    <property name="env.ANT_OPTS" value="-Xmx1G" />
    <property name="build" value="build" />
    <property name="ant.file.type.GradleSupport" value="file" />
    <property name="java.vm.version" value="11.0.4+11" />
    <property name="build.version.sub" value="1" />
    <property name="chsbuildtools_home" value="G:/iesdwa/qualitygates/wa//2021.1_ADP1_INT/code/iesd/chs_home/bld" />
    <property name="capital.timestampserver.url" value="http://timestamp.entrust.net/TSS/JavaHttpTS" />
    <property name="env.JOB_BASE_NAME" value="rerunFailedQualityGateTests" />
    <property name="gradle.executable" value="G:/iesdwa/qualitygates/wa//2021.1_ADP1_INT/code/iesd/chs_home/bld/gradle/bin/gradle.bat" />
    <property name="env.OneDrive" value="C:\Users\iesdgrid\OneDrive" />
    <property name="templateeditorplugindir" value="G:/iesdwa/qualitygates/wa//2021.1_ADP1_INT/code/iesd/chs_home/bld/testdata/plugins/templateeditor" />
  </properties>
  <testcase classname="chs.common.reporting.TeamcenterLogicComponentBOMTest" name="testLogicComponentBOMReport[0]" time="100.72" />
  <testcase classname="chs.common.reporting.TeamcenterLogicComponentBOMTest" name="testLogicComponentBOMReport[1]" time="4.947" />
  <testcase classname="chs.common.reporting.TeamcenterLogicComponentBOMTest" name="testLogicComponentBOMReport[2]" time="3.84" />
  <testcase classname="chs.common.reporting.TeamcenterLogicComponentBOMTest" name="testLogicComponentBOMReport[3]" time="3.328" />
  <testcase classname="chs.common.reporting.TeamcenterLogicComponentBOMTest" name="testLogicComponentBOMReport[4]" time="2.831" />
  <testcase classname="chs.common.reporting.TeamcenterLogicComponentBOMTest" name="testLogicComponentBOMReport[5]" time="2.661" />
  <testcase classname="chs.common.reporting.TeamcenterLogicComponentBOMTest" name="testLogicComponentBOMReport[6]" time="4.011" />
  <testcase classname="chs.common.reporting.TeamcenterLogicComponentBOMTest" name="testLogicComponentBOMReport[7]" time="3.042" />
  <testcase classname="chs.common.reporting.TeamcenterLogicComponentBOMTest" name="testLogicComponentBOMReport[8]" time="3.748" />
  <testcase classname="chs.common.reporting.TeamcenterLogicComponentBOMTest" name="testLogicComponentBOMReport[9]" time="2.646" />
  <testcase classname="chs.common.reporting.TeamcenterLogicComponentBOMTest" name="testLogicComponentBOMReport[10]" time="2.397" />
  <testcase classname="chs.common.reporting.TeamcenterLogicComponentBOMTest" name="testLogicComponentBOMReport[11]" time="2.186" />
  <testcase classname="chs.common.reporting.TeamcenterLogicComponentBOMTest" name="testLogicComponentBOMReport[12]" time="2.716" />
  <testcase classname="chs.common.reporting.TeamcenterLogicComponentBOMTest" name="testLogicComponentBOMReport[13]" time="2.75" />
  <testcase classname="chs.common.reporting.TeamcenterLogicComponentBOMTest" name="testLogicComponentBOMReport[14]" time="2.431" />
  <testcase classname="chs.common.reporting.TeamcenterLogicComponentBOMTest" name="testLogicComponentBOMReport[15]" time="3.303" />
  <testcase classname="chs.common.reporting.TeamcenterLogicComponentBOMTest" name="testLogicComponentBOMReport[16]" time="2.46" />
  <testcase classname="chs.common.reporting.TeamcenterLogicComponentBOMTest" name="testLogicComponentBOMReport[17]" time="2.593" />
  <testcase classname="chs.common.reporting.TeamcenterLogicComponentBOMTest" name="testLogicComponentBOMReport[18]" time="3.022" />
  <testcase classname="chs.common.reporting.TeamcenterLogicComponentBOMTest" name="testLogicComponentBOMReport[19]" time="2.085" />
  <testcase classname="chs.common.reporting.TeamcenterLogicComponentBOMTest" name="testLogicComponentBOMReport[20]" time="1.948" />
  <testcase classname="chs.common.reporting.TeamcenterLogicComponentBOMTest" name="testLogicComponentBOMReport[21]" time="2.027" />
  <testcase classname="chs.common.reporting.TeamcenterLogicComponentBOMTest" name="testLogicComponentBOMReport[22]" time="1.769" />
  <testcase classname="chs.common.reporting.TeamcenterLogicComponentBOMTest" name="testLogicComponentBOMReport[23]" time="2.11" />
  <testcase classname="chs.common.reporting.TeamcenterLogicComponentBOMTest" name="testLogicComponentBOMReport[24]" time="2.942" />
  <testcase classname="chs.common.reporting.TeamcenterLogicComponentBOMTest" name="testLogicComponentBOMReport[25]" time="1.903" />
  <testcase classname="chs.common.reporting.TeamcenterLogicComponentBOMTest" name="testLogicComponentBOMReport[26]" time="1.991" />
  <testcase classname="chs.common.reporting.TeamcenterLogicComponentBOMTest" name="testLogicComponentBOMReport[27]" time="2.253" />
  <testcase classname="chs.common.reporting.TeamcenterLogicComponentBOMTest" name="testLogicComponentBOMReport[28]" time="1.803" />
  <testcase classname="chs.common.reporting.TeamcenterLogicComponentBOMTest" name="testLogicComponentBOMReport[29]" time="2.123" />
  <testcase classname="chs.common.reporting.TeamcenterLogicComponentBOMTest" name="testLogicComponentBOMReport[30]" time="1.992" />
  <testcase classname="chs.common.reporting.TeamcenterLogicComponentBOMTest" name="testLogicComponentBOMReport[31]" time="1.594" />
  <testcase classname="chs.common.reporting.TeamcenterLogicComponentBOMTest" name="testLogicComponentBOMReport[32]" time="1.664" />
  <testcase classname="chs.common.reporting.TeamcenterLogicComponentBOMTest" name="testLogicComponentBOMReport[33]" time="11.627" />
  <testcase classname="chs.common.reporting.TeamcenterLogicComponentBOMTest" name="testLogicComponentBOMReport[34]" time="2.767" />
  <testcase classname="chs.common.reporting.TeamcenterLogicComponentBOMTest" name="testLogicComponentBOMReport[35]" time="2.818" />
  <testcase classname="chs.common.reporting.TeamcenterLogicComponentBOMTest" name="testLogicComponentBOMReport[36]" time="1.769" />
  <testcase classname="chs.common.reporting.TeamcenterLogicComponentBOMTest" name="testLogicComponentBOMReport[37]" time="1.86" />
  <testcase classname="chs.common.reporting.TeamcenterLogicComponentBOMTest" name="testLogicComponentBOMReport[38]" time="1.975" />
  <testcase classname="chs.common.reporting.TeamcenterLogicComponentBOMTest" name="testLogicComponentBOMReport[39]" time="34.956" />
  <testcase classname="chs.common.reporting.TeamcenterLogicComponentBOMTest" name="testLogicComponentBOMReport[40]" time="23.151" />
  <testcase classname="chs.common.reporting.TeamcenterLogicComponentBOMTest" name="testLogicComponentBOMReport[41]" time="27.959" />
  <system-out><![CDATA[Using G:\iesdwa\qualitygates\wa\2021.1_ADP1_INT\code\iesd\datamodel_src\tests\testdata\chs\common\reporting\TeamcenterLogicComponentBOMTest\
Using G:\iesdwa\qualitygates\wa\2021.1_ADP1_INT\code\iesd\datamodel_src\tests\testdata\chs\common\reporting\TeamcenterLogicComponentBOMTest\
 Using plugins from G:\iesdwa\qualitygates\wa\2021.1_ADP1_INT\code\iesd\chs_home\plugins
Custom plugins loaded: 81
Using G:\iesdwa\qualitygates\wa\2021.1_ADP1_INT\code\iesd\datamodel_src\tests\testdata\chs\common\reporting\TeamcenterLogicComponentBOMTest\
Using G:\iesdwa\qualitygates\wa\2021.1_ADP1_INT\code\iesd\datamodel_src\tests\testdata\chs\common\reporting\TeamcenterLogicComponentBOMTest\
Using G:\iesdwa\qualitygates\wa\2021.1_ADP1_INT\code\iesd\datamodel_src\tests\testdata\chs\common\reporting\TeamcenterLogicComponentBOMTest\
Custom plugins loaded: 81
Using G:\iesdwa\qualitygates\wa\2021.1_ADP1_INT\code\iesd\datamodel_src\tests\testdata\chs\common\reporting\TeamcenterLogicComponentBOMTest\
Using G:\iesdwa\qualitygates\wa\2021.1_ADP1_INT\code\iesd\datamodel_src\tests\testdata\chs\common\reporting\TeamcenterLogicComponentBOMTest\
Using G:\iesdwa\qualitygates\wa\2021.1_ADP1_INT\code\iesd\datamodel_src\tests\testdata\chs\common\reporting\TeamcenterLogicComponentBOMTest\
Custom plugins loaded: 81
Using G:\iesdwa\qualitygates\wa\2021.1_ADP1_INT\code\iesd\datamodel_src\tests\testdata\chs\common\reporting\TeamcenterLogicComponentBOMTest\
Using G:\iesdwa\qualitygates\wa\2021.1_ADP1_INT\code\iesd\datamodel_src\tests\testdata\chs\common\reporting\TeamcenterLogicComponentBOMTest\
Using G:\iesdwa\qualitygates\wa\2021.1_ADP1_INT\code\iesd\datamodel_src\tests\testdata\chs\common\reporting\TeamcenterLogicComponentBOMTest\
Custom plugins loaded: 81
Using G:\iesdwa\qualitygates\wa\2021.1_ADP1_INT\code\iesd\datamodel_src\tests\testdata\chs\common\reporting\TeamcenterLogicComponentBOMTest\
Using G:\iesdwa\qualitygates\wa\2021.1_ADP1_INT\code\iesd\datamodel_src\tests\testdata\chs\common\reporting\TeamcenterLogicComponentBOMTest\
Using G:\iesdwa\qualitygates\wa\2021.1_ADP1_INT\code\iesd\datamodel_src\tests\testdata\chs\common\reporting\TeamcenterLogicComponentBOMTest\
Custom plugins loaded: 81
Using G:\iesdwa\qualitygates\wa\2021.1_ADP1_INT\code\iesd\datamodel_src\tests\testdata\chs\common\reporting\TeamcenterLogicComponentBOMTest\
Using G:\iesdwa\qualitygates\wa\2021.1_ADP1_INT\code\iesd\datamodel_src\tests\testdata\chs\common\reporting\TeamcenterLogicComponentBOMTest\
Using G:\iesdwa\qualitygates\wa\2021.1_ADP1_INT\code\iesd\datamodel_src\tests\testdata\chs\common\reporting\TeamcenterLogicComponentBOMTest\
Custom plugins loaded: 81
Using G:\iesdwa\qualitygates\wa\2021.1_ADP1_INT\code\iesd\datamodel_src\tests\testdata\chs\common\reporting\TeamcenterLogicComponentBOMTest\
Using G:\iesdwa\qualitygates\wa\2021.1_ADP1_INT\code\iesd\datamodel_src\tests\testdata\chs\common\reporting\TeamcenterLogicComponentBOMTest\
Using G:\iesdwa\qualitygates\wa\2021.1_ADP1_INT\code\iesd\datamodel_src\tests\testdata\chs\common\reporting\TeamcenterLogicComponentBOMTest\
Custom plugins loaded: 81
Using G:\iesdwa\qualitygates\wa\2021.1_ADP1_INT\code\iesd\datamodel_src\tests\testdata\chs\common\reporting\TeamcenterLogicComponentBOMTest\
Using G:\iesdwa\qualitygates\wa\2021.1_ADP1_INT\code\iesd\datamodel_src\tests\testdata\chs\common\reporting\TeamcenterLogicComponentBOMTest\
Using G:\iesdwa\qualitygates\wa\2021.1_ADP1_INT\code\iesd\datamodel_src\tests\testdata\chs\common\reporting\TeamcenterLogicComponentBOMTest\
Custom plugins loaded: 81
Using G:\iesdwa\qualitygates\wa\2021.1_ADP1_INT\code\iesd\datamodel_src\tests\testdata\chs\common\reporting\TeamcenterLogicComponentBOMTest\
Using G:\iesdwa\qualitygates\wa\2021.1_ADP1_INT\code\iesd\datamodel_src\tests\testdata\chs\common\reporting\TeamcenterLogicComponentBOMTest\
Using G:\iesdwa\qualitygates\wa\2021.1_ADP1_INT\code\iesd\datamodel_src\tests\testdata\chs\common\reporting\TeamcenterLogicComponentBOMTest\
Custom plugins loaded: 81
Using G:\iesdwa\qualitygates\wa\2021.1_ADP1_INT\code\iesd\datamodel_src\tests\testdata\chs\common\reporting\TeamcenterLogicComponentBOMTest\
Using G:\iesdwa\qualitygates\wa\2021.1_ADP1_INT\code\iesd\datamodel_src\tests\testdata\chs\common\reporting\TeamcenterLogicComponentBOMTest\
Using G:\iesdwa\qualitygates\wa\2021.1_ADP1_INT\code\iesd\datamodel_src\tests\testdata\chs\common\reporting\TeamcenterLogicComponentBOMTest\
Custom plugins loaded: 81
Using G:\iesdwa\qualitygates\wa\2021.1_ADP1_INT\code\iesd\datamodel_src\tests\testdata\chs\common\reporting\TeamcenterLogicComponentBOMTest\
Using G:\iesdwa\qualitygates\wa\2021.1_ADP1_INT\code\iesd\datamodel_src\tests\testdata\chs\common\reporting\TeamcenterLogicComponentBOMTest\
Using G:\iesdwa\qualitygates\wa\2021.1_ADP1_INT\code\iesd\datamodel_src\tests\testdata\chs\common\reporting\TeamcenterLogicComponentBOMTest\
Custom plugins loaded: 81
Using G:\iesdwa\qualitygates\wa\2021.1_ADP1_INT\code\iesd\datamodel_src\tests\testdata\chs\common\reporting\TeamcenterLogicComponentBOMTest\
Using G:\iesdwa\qualitygates\wa\2021.1_ADP1_INT\code\iesd\datamodel_src\tests\testdata\chs\common\reporting\TeamcenterLogicComponentBOMTest\
Using G:\iesdwa\qualitygates\wa\2021.1_ADP1_INT\code\iesd\datamodel_src\tests\testdata\chs\common\reporting\TeamcenterLogicComponentBOMTest\
Custom plugins loaded: 81
Using G:\iesdwa\qualitygates\wa\2021.1_ADP1_INT\code\iesd\datamodel_src\tests\testdata\chs\common\reporting\TeamcenterLogicComponentBOMTest\
Using G:\iesdwa\qualitygates\wa\2021.1_ADP1_INT\code\iesd\datamodel_src\tests\testdata\chs\common\reporting\TeamcenterLogicComponentBOMTest\
Using G:\iesdwa\qualitygates\wa\2021.1_ADP1_INT\code\iesd\datamodel_src\tests\testdata\chs\common\reporting\TeamcenterLogicComponentBOMTest\
Custom plugins loaded: 81
Using G:\iesdwa\qualitygates\wa\2021.1_ADP1_INT\code\iesd\datamodel_src\tests\testdata\chs\common\reporting\TeamcenterLogicComponentBOMTest\
Using G:\iesdwa\qualitygates\wa\2021.1_ADP1_INT\code\iesd\datamodel_src\tests\testdata\chs\common\reporting\TeamcenterLogicComponentBOMTest\
Using G:\iesdwa\qualitygates\wa\2021.1_ADP1_INT\code\iesd\datamodel_src\tests\testdata\chs\common\reporting\TeamcenterLogicComponentBOMTest\
Custom plugins loaded: 81
Using G:\iesdwa\qualitygates\wa\2021.1_ADP1_INT\code\iesd\datamodel_src\tests\testdata\chs\common\reporting\TeamcenterLogicComponentBOMTest\
Using G:\iesdwa\qualitygates\wa\2021.1_ADP1_INT\code\iesd\datamodel_src\tests\testdata\chs\common\reporting\TeamcenterLogicComponentBOMTest\
Using G:\iesdwa\qualitygates\wa\2021.1_ADP1_INT\code\iesd\datamodel_src\tests\testdata\chs\common\reporting\TeamcenterLogicComponentBOMTest\
Custom plugins loaded: 81
Using G:\iesdwa\qualitygates\wa\2021.1_ADP1_INT\code\iesd\datamodel_src\tests\testdata\chs\common\reporting\TeamcenterLogicComponentBOMTest\
Using G:\iesdwa\qualitygates\wa\2021.1_ADP1_INT\code\iesd\datamodel_src\tests\testdata\chs\common\reporting\TeamcenterLogicComponentBOMTest\
Using G:\iesdwa\qualitygates\wa\2021.1_ADP1_INT\code\iesd\datamodel_src\tests\testdata\chs\common\reporting\TeamcenterLogicComponentBOMTest\
Custom plugins loaded: 81
Using G:\iesdwa\qualitygates\wa\2021.1_ADP1_INT\code\iesd\datamodel_src\tests\testdata\chs\common\reporting\TeamcenterLogicComponentBOMTest\
Using G:\iesdwa\qualitygates\wa\2021.1_ADP1_INT\code\iesd\datamodel_src\tests\testdata\chs\common\reporting\TeamcenterLogicComponentBOMTest\
Using G:\iesdwa\qualitygates\wa\2021.1_ADP1_INT\code\iesd\datamodel_src\tests\testdata\chs\common\reporting\TeamcenterLogicComponentBOMTest\
Custom plugins loaded: 81
Using G:\iesdwa\qualitygates\wa\2021.1_ADP1_INT\code\iesd\datamodel_src\tests\testdata\chs\common\reporting\TeamcenterLogicComponentBOMTest\
Using G:\iesdwa\qualitygates\wa\2021.1_ADP1_INT\code\iesd\datamodel_src\tests\testdata\chs\common\reporting\TeamcenterLogicComponentBOMTest\
Using G:\iesdwa\qualitygates\wa\2021.1_ADP1_INT\code\iesd\datamodel_src\tests\testdata\chs\common\reporting\TeamcenterLogicComponentBOMTest\
Custom plugins loaded: 81
Using G:\iesdwa\qualitygates\wa\2021.1_ADP1_INT\code\iesd\datamodel_src\tests\testdata\chs\common\reporting\TeamcenterLogicComponentBOMTest\
Using G:\iesdwa\qualitygates\wa\2021.1_ADP1_INT\code\iesd\datamodel_src\tests\testdata\chs\common\reporting\TeamcenterLogicComponentBOMTest\
Using G:\iesdwa\qualitygates\wa\2021.1_ADP1_INT\code\iesd\datamodel_src\tests\testdata\chs\common\reporting\TeamcenterLogicComponentBOMTest\
Custom plugins loaded: 81
Using G:\iesdwa\qualitygates\wa\2021.1_ADP1_INT\code\iesd\datamodel_src\tests\testdata\chs\common\reporting\TeamcenterLogicComponentBOMTest\
Using G:\iesdwa\qualitygates\wa\2021.1_ADP1_INT\code\iesd\datamodel_src\tests\testdata\chs\common\reporting\TeamcenterLogicComponentBOMTest\
Using G:\iesdwa\qualitygates\wa\2021.1_ADP1_INT\code\iesd\datamodel_src\tests\testdata\chs\common\reporting\TeamcenterLogicComponentBOMTest\
Custom plugins loaded: 81
Using G:\iesdwa\qualitygates\wa\2021.1_ADP1_INT\code\iesd\datamodel_src\tests\testdata\chs\common\reporting\TeamcenterLogicComponentBOMTest\
Using G:\iesdwa\qualitygates\wa\2021.1_ADP1_INT\code\iesd\datamodel_src\tests\testdata\chs\common\reporting\TeamcenterLogicComponentBOMTest\
Using G:\iesdwa\qualitygates\wa\2021.1_ADP1_INT\code\iesd\datamodel_src\tests\testdata\chs\common\reporting\TeamcenterLogicComponentBOMTest\
Custom plugins loaded: 81
Using G:\iesdwa\qualitygates\wa\2021.1_ADP1_INT\code\iesd\datamodel_src\tests\testdata\chs\common\reporting\TeamcenterLogicComponentBOMTest\
Using G:\iesdwa\qualitygates\wa\2021.1_ADP1_INT\code\iesd\datamodel_src\tests\testdata\chs\common\reporting\TeamcenterLogicComponentBOMTest\
Using G:\iesdwa\qualitygates\wa\2021.1_ADP1_INT\code\iesd\datamodel_src\tests\testdata\chs\common\reporting\TeamcenterLogicComponentBOMTest\
Custom plugins loaded: 81
Using G:\iesdwa\qualitygates\wa\2021.1_ADP1_INT\code\iesd\datamodel_src\tests\testdata\chs\common\reporting\TeamcenterLogicComponentBOMTest\
Using G:\iesdwa\qualitygates\wa\2021.1_ADP1_INT\code\iesd\datamodel_src\tests\testdata\chs\common\reporting\TeamcenterLogicComponentBOMTest\
Using G:\iesdwa\qualitygates\wa\2021.1_ADP1_INT\code\iesd\datamodel_src\tests\testdata\chs\common\reporting\TeamcenterLogicComponentBOMTest\
Custom plugins loaded: 81
Using G:\iesdwa\qualitygates\wa\2021.1_ADP1_INT\code\iesd\datamodel_src\tests\testdata\chs\common\reporting\TeamcenterLogicComponentBOMTest\
Using G:\iesdwa\qualitygates\wa\2021.1_ADP1_INT\code\iesd\datamodel_src\tests\testdata\chs\common\reporting\TeamcenterLogicComponentBOMTest\
Using G:\iesdwa\qualitygates\wa\2021.1_ADP1_INT\code\iesd\datamodel_src\tests\testdata\chs\common\reporting\TeamcenterLogicComponentBOMTest\
Custom plugins loaded: 81
Using G:\iesdwa\qualitygates\wa\2021.1_ADP1_INT\code\iesd\datamodel_src\tests\testdata\chs\common\reporting\TeamcenterLogicComponentBOMTest\
Using G:\iesdwa\qualitygates\wa\2021.1_ADP1_INT\code\iesd\datamodel_src\tests\testdata\chs\common\reporting\TeamcenterLogicComponentBOMTest\
Using G:\iesdwa\qualitygates\wa\2021.1_ADP1_INT\code\iesd\datamodel_src\tests\testdata\chs\common\reporting\TeamcenterLogicComponentBOMTest\
Custom plugins loaded: 81
Using G:\iesdwa\qualitygates\wa\2021.1_ADP1_INT\code\iesd\datamodel_src\tests\testdata\chs\common\reporting\TeamcenterLogicComponentBOMTest\
Using G:\iesdwa\qualitygates\wa\2021.1_ADP1_INT\code\iesd\datamodel_src\tests\testdata\chs\common\reporting\TeamcenterLogicComponentBOMTest\
Using G:\iesdwa\qualitygates\wa\2021.1_ADP1_INT\code\iesd\datamodel_src\tests\testdata\chs\common\reporting\TeamcenterLogicComponentBOMTest\
Custom plugins loaded: 81
Using G:\iesdwa\qualitygates\wa\2021.1_ADP1_INT\code\iesd\datamodel_src\tests\testdata\chs\common\reporting\TeamcenterLogicComponentBOMTest\
Using G:\iesdwa\qualitygates\wa\2021.1_ADP1_INT\code\iesd\datamodel_src\tests\testdata\chs\common\reporting\TeamcenterLogicComponentBOMTest\
Using G:\iesdwa\qualitygates\wa\2021.1_ADP1_INT\code\iesd\datamodel_src\tests\testdata\chs\common\reporting\TeamcenterLogicComponentBOMTest\
Custom plugins loaded: 81
Using G:\iesdwa\qualitygates\wa\2021.1_ADP1_INT\code\iesd\datamodel_src\tests\testdata\chs\common\reporting\TeamcenterLogicComponentBOMTest\
Using G:\iesdwa\qualitygates\wa\2021.1_ADP1_INT\code\iesd\datamodel_src\tests\testdata\chs\common\reporting\TeamcenterLogicComponentBOMTest\
Using G:\iesdwa\qualitygates\wa\2021.1_ADP1_INT\code\iesd\datamodel_src\tests\testdata\chs\common\reporting\TeamcenterLogicComponentBOMTest\
Using G:\iesdwa\qualitygates\wa\2021.1_ADP1_INT\code\iesd\datamodel_src\tests\testdata\chs\common\reporting\TeamcenterLogicComponentBOMTest\
Custom plugins loaded: 81
Using G:\iesdwa\qualitygates\wa\2021.1_ADP1_INT\code\iesd\datamodel_src\tests\testdata\chs\common\reporting\TeamcenterLogicComponentBOMTest\
Using G:\iesdwa\qualitygates\wa\2021.1_ADP1_INT\code\iesd\datamodel_src\tests\testdata\chs\common\reporting\TeamcenterLogicComponentBOMTest\
Custom plugins loaded: 81
Using G:\iesdwa\qualitygates\wa\2021.1_ADP1_INT\code\iesd\datamodel_src\tests\testdata\chs\common\reporting\TeamcenterLogicComponentBOMTest\
Using G:\iesdwa\qualitygates\wa\2021.1_ADP1_INT\code\iesd\datamodel_src\tests\testdata\chs\common\reporting\TeamcenterLogicComponentBOMTest\
Using G:\iesdwa\qualitygates\wa\2021.1_ADP1_INT\code\iesd\datamodel_src\tests\testdata\chs\common\reporting\TeamcenterLogicComponentBOMTest\
Custom plugins loaded: 81
Using G:\iesdwa\qualitygates\wa\2021.1_ADP1_INT\code\iesd\datamodel_src\tests\testdata\chs\common\reporting\TeamcenterLogicComponentBOMTest\
Using G:\iesdwa\qualitygates\wa\2021.1_ADP1_INT\code\iesd\datamodel_src\tests\testdata\chs\common\reporting\TeamcenterLogicComponentBOMTest\
Using G:\iesdwa\qualitygates\wa\2021.1_ADP1_INT\code\iesd\datamodel_src\tests\testdata\chs\common\reporting\TeamcenterLogicComponentBOMTest\
Custom plugins loaded: 81
Using G:\iesdwa\qualitygates\wa\2021.1_ADP1_INT\code\iesd\datamodel_src\tests\testdata\chs\common\reporting\TeamcenterLogicComponentBOMTest\
Using G:\iesdwa\qualitygates\wa\2021.1_ADP1_INT\code\iesd\datamodel_src\tests\testdata\chs\common\reporting\TeamcenterLogicComponentBOMTest\
Using G:\iesdwa\qualitygates\wa\2021.1_ADP1_INT\code\iesd\datamodel_src\tests\testdata\chs\common\reporting\TeamcenterLogicComponentBOMTest\
Custom plugins loaded: 81
Using G:\iesdwa\qualitygates\wa\2021.1_ADP1_INT\code\iesd\datamodel_src\tests\testdata\chs\common\reporting\TeamcenterLogicComponentBOMTest\
Using G:\iesdwa\qualitygates\wa\2021.1_ADP1_INT\code\iesd\datamodel_src\tests\testdata\chs\common\reporting\TeamcenterLogicComponentBOMTest\
Using G:\iesdwa\qualitygates\wa\2021.1_ADP1_INT\code\iesd\datamodel_src\tests\testdata\chs\common\reporting\TeamcenterLogicComponentBOMTest\
Custom plugins loaded: 81
Using G:\iesdwa\qualitygates\wa\2021.1_ADP1_INT\code\iesd\datamodel_src\tests\testdata\chs\common\reporting\TeamcenterLogicComponentBOMTest\
Using G:\iesdwa\qualitygates\wa\2021.1_ADP1_INT\code\iesd\datamodel_src\tests\testdata\chs\common\reporting\TeamcenterLogicComponentBOMTest\
Using G:\iesdwa\qualitygates\wa\2021.1_ADP1_INT\code\iesd\datamodel_src\tests\testdata\chs\common\reporting\TeamcenterLogicComponentBOMTest\
Custom plugins loaded: 81
Using G:\iesdwa\qualitygates\wa\2021.1_ADP1_INT\code\iesd\datamodel_src\tests\testdata\chs\common\reporting\TeamcenterLogicComponentBOMTest\
Using G:\iesdwa\qualitygates\wa\2021.1_ADP1_INT\code\iesd\datamodel_src\tests\testdata\chs\common\reporting\TeamcenterLogicComponentBOMTest\
Using G:\iesdwa\qualitygates\wa\2021.1_ADP1_INT\code\iesd\datamodel_src\tests\testdata\chs\common\reporting\TeamcenterLogicComponentBOMTest\
Custom plugins loaded: 81
Using G:\iesdwa\qualitygates\wa\2021.1_ADP1_INT\code\iesd\datamodel_src\tests\testdata\chs\common\reporting\TeamcenterLogicComponentBOMTest\
Using G:\iesdwa\qualitygates\wa\2021.1_ADP1_INT\code\iesd\datamodel_src\tests\testdata\chs\common\reporting\TeamcenterLogicComponentBOMTest\
Using G:\iesdwa\qualitygates\wa\2021.1_ADP1_INT\code\iesd\datamodel_src\tests\testdata\chs\common\reporting\TeamcenterLogicComponentBOMTest\
Custom plugins loaded: 81
Using G:\iesdwa\qualitygates\wa\2021.1_ADP1_INT\code\iesd\datamodel_src\tests\testdata\chs\common\reporting\TeamcenterLogicComponentBOMTest\
Using G:\iesdwa\qualitygates\wa\2021.1_ADP1_INT\code\iesd\datamodel_src\tests\testdata\chs\common\reporting\TeamcenterLogicComponentBOMTest\
Using G:\iesdwa\qualitygates\wa\2021.1_ADP1_INT\code\iesd\datamodel_src\tests\testdata\chs\common\reporting\TeamcenterLogicComponentBOMTest\
Custom plugins loaded: 81
Using G:\iesdwa\qualitygates\wa\2021.1_ADP1_INT\code\iesd\datamodel_src\tests\testdata\chs\common\reporting\TeamcenterLogicComponentBOMTest\
Using G:\iesdwa\qualitygates\wa\2021.1_ADP1_INT\code\iesd\datamodel_src\tests\testdata\chs\common\reporting\TeamcenterLogicComponentBOMTest\
Using G:\iesdwa\qualitygates\wa\2021.1_ADP1_INT\code\iesd\datamodel_src\tests\testdata\chs\common\reporting\TeamcenterLogicComponentBOMTest\
Custom plugins loaded: 81
Using G:\iesdwa\qualitygates\wa\2021.1_ADP1_INT\code\iesd\datamodel_src\tests\testdata\chs\common\reporting\TeamcenterLogicComponentBOMTest\
Using G:\iesdwa\qualitygates\wa\2021.1_ADP1_INT\code\iesd\datamodel_src\tests\testdata\chs\common\reporting\TeamcenterLogicComponentBOMTest\
Using G:\iesdwa\qualitygates\wa\2021.1_ADP1_INT\code\iesd\datamodel_src\tests\testdata\chs\common\reporting\TeamcenterLogicComponentBOMTest\
Custom plugins loaded: 81
Using G:\iesdwa\qualitygates\wa\2021.1_ADP1_INT\code\iesd\datamodel_src\tests\testdata\chs\common\reporting\TeamcenterLogicComponentBOMTest\
Using G:\iesdwa\qualitygates\wa\2021.1_ADP1_INT\code\iesd\datamodel_src\tests\testdata\chs\common\reporting\TeamcenterLogicComponentBOMTest\
Using G:\iesdwa\qualitygates\wa\2021.1_ADP1_INT\code\iesd\datamodel_src\tests\testdata\chs\common\reporting\TeamcenterLogicComponentBOMTest\
Custom plugins loaded: 81
Using G:\iesdwa\qualitygates\wa\2021.1_ADP1_INT\code\iesd\datamodel_src\tests\testdata\chs\common\reporting\TeamcenterLogicComponentBOMTest\
Using G:\iesdwa\qualitygates\wa\2021.1_ADP1_INT\code\iesd\datamodel_src\tests\testdata\chs\common\reporting\TeamcenterLogicComponentBOMTest\
Using G:\iesdwa\qualitygates\wa\2021.1_ADP1_INT\code\iesd\datamodel_src\tests\testdata\chs\common\reporting\TeamcenterLogicComponentBOMTest\
Custom plugins loaded: 81
Using G:\iesdwa\qualitygates\wa\2021.1_ADP1_INT\code\iesd\datamodel_src\tests\testdata\chs\common\reporting\TeamcenterLogicComponentBOMTest\
Data Validation: Found Plug P9 attached to multiple pinlists in project SDPDesignShared_Instances, design Design4, diagram Diagram1
Data Validation: Disconnected Plug P7
Data Validation: Found Plug P7 attached to multiple pinlists in project SDPDesignShared_Instances, design Design4, diagram Diagram1
Data Validation: Disconnected Plug P8
Data Validation: Found Plug P11 attached to multiple pinlists in project SDPDesignShared_Instances, design Design6, diagram Diagram1
Data Validation: Disconnected Plug P222
Data Validation: Disconnected Plug P221
Using G:\iesdwa\qualitygates\wa\2021.1_ADP1_INT\code\iesd\datamodel_src\tests\testdata\chs\common\reporting\TeamcenterLogicComponentBOMTest\
Using G:\iesdwa\qualitygates\wa\2021.1_ADP1_INT\code\iesd\datamodel_src\tests\testdata\chs\common\reporting\TeamcenterLogicComponentBOMTest\
Custom plugins loaded: 81
Using G:\iesdwa\qualitygates\wa\2021.1_ADP1_INT\code\iesd\datamodel_src\tests\testdata\chs\common\reporting\TeamcenterLogicComponentBOMTest\
Data Validation: Found Plug P9 attached to multiple pinlists in project SDPDesignShared_Instances, design Design4, diagram Diagram1
Data Validation: Disconnected Plug P7
Data Validation: Found Plug P7 attached to multiple pinlists in project SDPDesignShared_Instances, design Design4, diagram Diagram1
Data Validation: Disconnected Plug P8
Data Validation: Found Plug P11 attached to multiple pinlists in project SDPDesignShared_Instances, design Design6, diagram Diagram1
Data Validation: Disconnected Plug P222
Data Validation: Disconnected Plug P221
Using G:\iesdwa\qualitygates\wa\2021.1_ADP1_INT\code\iesd\datamodel_src\tests\testdata\chs\common\reporting\TeamcenterLogicComponentBOMTest\
Using G:\iesdwa\qualitygates\wa\2021.1_ADP1_INT\code\iesd\datamodel_src\tests\testdata\chs\common\reporting\TeamcenterLogicComponentBOMTest\
]]></system-out>
  <system-err><![CDATA[May 05, 2021 1:57:55 AM com.mentor.iesd.reports.publish.PublishLogicBOMConfig loadConfig
SEVERE: java.io.FileNotFoundException: G:\iesdwa\qualitygates\wa\2021.1_ADP1_INT\code\iesd\chs_home\lib\teamcenter\LogicBOMConfig.xml
]]></system-err>
</testsuite>
