<?xml version="1.0" encoding="UTF-8" ?>
<testsuite errors="0" failures="1" hostname="ies-iesdwx-n220" name="chs.common.styles.HtmlPluginTableToggleColorTest" skipped="0" tests="1" time="17.554" timestamp="2021-05-05T00:54:32">
  <properties>
    <property name="ant.file.type.Class Paths" value="file" />
    <property name="env.NUMBER_OF_PROCESSORS" value="2" />
    <property name="env.TERM" value="xterm-256color" />
    <property name="env.USERPROFILE" value="C:\Users\iesdgrid" />
    <property name="build_ixl_binaries" value="false" />
    <property name="java.specification.version" value="11" />
    <property name="sun.cpu.isalist" value="amd64" />
    <property name="env.EXECUTOR_NUMBER" value="0" />
    <property name="echo" value="BUILD_DATE=May 04 2021" />
    <property name="sun.arch.data.model" value="64" />
    <property name="chs.build.findco.fail" value="true" />
    <property name="env.BUILD_PRIORITY" value="5" />
    <property name="java.vendor.url" value="http://java.oracle.com/" />
    <property name="env.PROJ_HOME" value="G:/iesdwa/qualitygates/wa/2021.1_ADP1_INT/code/iesd" />
    <property name="env.JENKINS_HOME" value="/var/lib/jenkins" />
    <property name="net.sourceforge.cobertura.datafile" value="G:\iesdwa\qualitygates\wa\2021.1_ADP1_INT\code\iesd\datamodel_src\tests/outinstr/cobertura.ser" />
    <property name="env.OS" value="Windows_NT" />
    <property name="env.JOB_DISPLAY_URL" value="http://ies-iesd-ci-05.ies.mentorg.com:8080/job/runWindowsTestList/display/redirect" />
    <property name="sun.boot.library.path" value="c:\apps64\jdk-11.0.4\bin" />
    <property name="sun.java.command" value="org.apache.tools.ant.taskdefs.optional.junit.JUnitTestRunner chs.common.styles.HtmlPluginTableToggleColorTest skipNonTests=false filtertrace=true haltOnError=false haltOnFailure=false formatter=org.apache.tools.ant.taskdefs.optional.junit.SummaryJUnitResultFormatter showoutput=false outputtoformatters=true logfailedtests=true threadid=0 logtestlistenerevents=false formatter=org.apache.tools.ant.taskdefs.optional.junit.XMLJUnitResultFormatter,G:\iesdwa\qualitygates\wa\2021.1_ADP1_INT\code\iesd\chs_home\bld\testresults\datamodel\TEST-chs.common.styles.HtmlPluginTableToggleColorTest.xml crashfile=G:\iesdwa\qualitygates\wa\2021.1_ADP1_INT\code\iesd\datamodel_src\tests\junitvmwatcher8076187756170138220.properties propsfile=G:\iesdwa\qualitygates\wa\2021.1_ADP1_INT\code\iesd\datamodel_src\tests\junit10035554938533865307.properties" />
    <property name="env.SYSTEMROOT" value="C:\Windows" />
    <property name="jdk.debug" value="release" />
    <property name="manifest.jetty" value="jetty-schemas.jar;jetty-security.jar;jetty-server.jar;jetty-servlet.jar;jetty-servlets.jar;jetty-util.jar;jetty-webapp.jar;jetty-xml.jar;apache-jsp.jar;taglibs-standard-impl.jar;taglibs-standard-spec.jar;apache-jsp-8.jar;apache-el-8.jar;javax.annotation-api.jar;asm.jar;asm-commons.jar;asm-tree.jar;ecj.jar;servlet-api-3.1.jar;jetty-annotations.jar;jetty-client.jar;jetty-continuation.jar;jetty-http.jar;jetty-io.jar;jetty-jmx.jar;jetty-jndi.jar;jetty-plus.jar;jetty-proxy.jar" />
    <property name="java.specification.vendor" value="Oracle Corporation" />
    <property name="TARGET_OS" value="Win64" />
    <property name="env.STREAM_NAME" value="2021.1_ADP1_INT" />
    <property name="java.version.date" value="2019-07-16" />
    <property name="ant.file.type.chsbuildtasks" value="file" />
    <property name="java.home" value="c:\apps64\jdk-11.0.4" />
    <property name="basedir" value="G:\iesdwa\qualitygates\wa\2021.1_ADP1_INT\code\iesd\datamodel_src\tests" />
    <property name="java.specification.name" value="Java Platform API Specification" />
    <property name="java.vm.specification.vendor" value="Oracle Corporation" />
    <property name="ant.file.AntContrib" value="G:\iesdwa\qualitygates\wa\2021.1_ADP1_INT\code\iesd\infrastructure_src\src\scripts\AntScripts\AntContrib.xml" />
    <property name="junit.tests.maxmemory" value="2G" />
    <property name="env._JAVACMD" value="c:/apps64/jdk-11.0.4\bin\java.exe" />
    <property name="env.JENKINS_SERVER_COOKIE" value="8c4401faaf4fcb70" />
    <property name="env.LOCALAPPDATA" value="C:\Users\iesdgrid\AppData\Local" />
    <property name="env.USERDOMAIN_ROAMINGPROFILE" value="MGC" />
    <property name="ant.file.chsbuildtasks" value="G:\iesdwa\qualitygates\wa\2021.1_ADP1_INT\code\iesd\infrastructure_src\src\scripts\chsbuildtasks.xml" />
    <property name="user.script" value="" />
    <property name="coverage.tool" value="jacoco" />
    <property name="sun.management.compiler" value="HotSpot 64-Bit Tiered Compilers" />
    <property name="ant.file.Class Paths" value="G:\iesdwa\qualitygates\wa\2021.1_ADP1_INT\code\iesd\infrastructure_src\src\scripts\AntScripts\ClassPaths.xml" />
    <property name="java.runtime.version" value="11.0.4+11" />
    <property name="jacoco.unittest.merged.data" value="C:/repos/iesd/chs_home/bld/jacoco/coverage//merged-coveragedata-jacoco.exec" />
    <property name="junit.fork" value="true" />
    <property name="env.PATH" value="c:/apps64/jdk-11.0.4/bin;C:/repos/iesd/chs_home/bld/bin;C:/repos/iesd/chs_home/bin;c:/apps64/jdk-11.0.4/bin;G:/iesdwa/qualitygates/wa/2021.1_ADP1_INT/code/iesd/chs_home/bld/bin;G:/iesdwa/qualitygates/wa/2021.1_ADP1_INT/code/iesd/chs_home/bin;c:/apps64/jdk-11.0.4/bin;G:/iesdwa/qualitygates/wa/2021.1_ADP1_INT/code/iesd/chs_home/bld/bin;G:/iesdwa/qualitygates/wa/2021.1_ADP1_INT/code/iesd/chs_home/bin;c:/apps64/jdk-11.0.4/bin;G:/iesdwa/qualitygates/wa/2021.1_ADP1_INT/code/iesd/chs_home/bld/bin;G:/iesdwa/qualitygates/wa/2021.1_ADP1_INT/code/iesd/chs_home/bin;C:\Windows\system32;C:\Windows;C:\Windows\System32\Wbem;C:\Windows\System32\WindowsPowerShell\v1.0;C:\Windows\System32\OpenSSH;C:\Program Files\Puppet Labs\Puppet\bin;C:\Strawberry\c\bin;C:\Strawberry\perl\site\bin;C:\Strawberry\perl\bin;C:\cygwin\bin;C:\Strawberry\perl\bin;C:\tools\cygwin\bin;C:\Program Files\7-Zip;C:\Users\iesdgrid\AppData\Local\Microsoft\WindowsApps;C:\cygwin\bin;C:\cygwin64\bin;C:\strawberry\perl\bin" />
    <property name="env.DriverData" value="C:\Windows\System32\Drivers\DriverData" />
    <property name="env.ProgramW6432" value="C:\Program Files" />
    <property name="buildTestsDir" value="build-tests" />
    <property name="env.=G:" value="G:\iesdwa\qualitygates\wa\2021.1_ADP1_INT\code\iesd" />
    <property name="env.PUBLIC" value="C:\Users\Public" />
    <property name="file.encoding" value="UTF-8" />
    <property name="chsbuildtools_taskdef" value="G:/iesdwa/qualitygates/wa//2021.1_ADP1_INT/code/iesd/infrastructure_src/src/scripts/chsbuildtasks.xml" />
    <property name="jacoco.coverage.rootdir" value="C:/repos/iesd/chs_home/bld/jacoco/coverage/" />
    <property name="java.vendor.version" value="18.9" />
    <property name="ant.file.type.jacoco-coverage" value="file" />
    <property name="env.COMPUTERNAME" value="IES-IESDWX-N220" />
    <property name="env.HOMEPATH" value="\Users\iesdgrid" />
    <property name="env._" value="/cygdrive/c/Strawberry/perl/bin/perl" />
    <property name="env.SHLVL" value="1" />
    <property name="build.suite" value="chs" />
    <property name="env.APPDATA" value="C:\Users\iesdgrid\AppData\Roaming" />
    <property name="env.ProgramData" value="C:\ProgramData" />
    <property name="env.BUILD_CAUSE" value="MANUALTRIGGER" />
    <property name="java.io.tmpdir" value="C:\Users\iesdgrid\AppData\Local\Temp\" />
    <property name="env.IESD_SCRIPTS" value="//ies-net-cls1-data.ies.mentorg.com/iesd/iesd_data11/iesdgridhome/scripts/prod" />
    <property name="java.version" value="11.0.4" />
    <property name="chs.datachecktests.performanceframework.maxmemory" value="4g" />
    <property name="env.WORKSPACE" value="c:\slave\workspace\runWindowsTestList" />
    <property name="ant.file.type.COF Tests" value="file" />
    <property name="java.vm.specification.name" value="Java Virtual Machine Specification" />
    <property name="java.awt.printerjob" value="sun.awt.windows.WPrinterJob" />
    <property name="junit.pardatacheck.timeout.ms" value="600000" />
    <property name="env.BUILD_ID" value="5908464" />
    <property name="env.JOB_NAME" value="runWindowsTestList" />
    <property name="test.jvm.args.linux" value="" />
    <property name="build_aol_binaries" value="false" />
    <property name="COMPILE_C++" value="false" />
    <property name="java.library.path" value="c:\apps64\jdk-11.0.4\bin;C:\Windows\Sun\Java\bin;C:\Windows\system32;C:\Windows;c:/apps64/jdk-11.0.4/bin;C:/repos/iesd/chs_home/bld/bin;C:/repos/iesd/chs_home/bin;c:/apps64/jdk-11.0.4/bin;G:/iesdwa/qualitygates/wa/2021.1_ADP1_INT/code/iesd/chs_home/bld/bin;G:/iesdwa/qualitygates/wa/2021.1_ADP1_INT/code/iesd/chs_home/bin;c:/apps64/jdk-11.0.4/bin;G:/iesdwa/qualitygates/wa/2021.1_ADP1_INT/code/iesd/chs_home/bld/bin;G:/iesdwa/qualitygates/wa/2021.1_ADP1_INT/code/iesd/chs_home/bin;c:/apps64/jdk-11.0.4/bin;G:/iesdwa/qualitygates/wa/2021.1_ADP1_INT/code/iesd/chs_home/bld/bin;G:/iesdwa/qualitygates/wa/2021.1_ADP1_INT/code/iesd/chs_home/bin;C:\Windows\system32;C:\Windows;C:\Windows\System32\Wbem;C:\Windows\System32\WindowsPowerShell\v1.0;C:\Windows\System32\OpenSSH;C:\Program Files\Puppet Labs\Puppet\bin;C:\Strawberry\c\bin;C:\Strawberry\perl\site\bin;C:\Strawberry\perl\bin;C:\cygwin\bin;C:\Strawberry\perl\bin;C:\tools\cygwin\bin;C:\Program Files\7-Zip;C:\Users\iesdgrid\AppData\Local\Microsoft\WindowsApps;C:\cygwin\bin;C:\cygwin64\bin;C:\strawberry\perl\bin;." />
    <property name="java.vendor" value="Oracle Corporation" />
    <property name="env.HUDSON_HOME" value="/var/lib/jenkins" />
    <property name="sun.io.unicode.encoding" value="UnicodeLittle" />
    <property name="coverage.basedir" value="G:\iesdwa\qualitygates\wa\2021.1_ADP1_INT\code\iesd\infrastructure_src\src\scripts\AntScripts" />
    <property name="jacoco-agent.destfile" value="G:\iesdwa\qualitygates\wa\2021.1_ADP1_INT\code\iesd\datamodel_src\tests/outinstr/windows.job.4.jacoco.exec" />
    <property name="sun.desktop" value="windows" />
    <property name="ant.file.type" value="file" />
    <property name="chs.projecthome" value="G:/iesdwa/qualitygates/wa//2021.1_ADP1_INT/code/iesd" />
    <property name="cobertura.output.dir" value="C:/repos/iesd/chs_home/bld/cobertura/junit/datamodel" />
    <property name="coverage.report.format" value="html" />
    <property name="chs.home" value="C:/repos/iesd/chs_home" />
    <property name="jacoco.unittest.report.dir" value="C:/repos/iesd/chs_home/bld/jacoco/coverage//junit-coverage" />
    <property name="env.CHS_AUTO_HOME" value="G:/iesdwa/qualitygates/wa/2021.1_ADP1_INT/code/iesd/auto_src" />
    <property name="build_vco" value="ixw" />
    <property name="generated" value="build/autoGen" />
    <property name="user.timezone" value="" />
    <property name="build.hfversion" value="" />
    <property name="asdir" value="C:/repos/iesd/chs_home" />
    <property name="java.vm.specification.version" value="11" />
    <property name="env.RUN_DISPLAY_URL" value="http://ies-iesd-ci-05.ies.mentorg.com:8080/job/runWindowsTestList/5908464/display/redirect" />
    <property name="env.ROOT_BUILD_CAUSE_MANUALTRIGGER" value="true" />
    <property name="os.name" value="Windows 10" />
    <property name="junit.datacheck.performanceframework.timeout.ms" value="5400000" />
    <property name="JAVA_DB_TESTS" value="false" />
    <property name="ant.file.GradleSupport" value="G:\iesdwa\qualitygates\wa\2021.1_ADP1_INT\code\iesd\infrastructure_src\src\scripts\AntScripts\GradleSupport.xml" />
    <property name="bldlibdir" value="C:/repos/iesd/chs_home/bld/lib" />
    <property name="test.results.base" value="G:/iesdwa/qualitygates/wa/2021.1_ADP1_INT/code/iesd/chs_home/bld/testresults" />
    <property name="chsbuild.bigstack" value="-Xss1024k" />
    <property name="user.home" value="C:\Users\iesdgrid" />
    <property name="CHS_BUILD_DATE" value="5-May-2021 01:20:56 +0100" />
    <property name="singletest.options" value="" />
    <property name="test.reports.base" value="C:/repos/iesd/chs_home/bld/testreports" />
    <property name="coverage.classpattern.file" value="patterns.txt" />
    <property name="env.ALLUSERSPROFILE" value="C:\ProgramData" />
    <property name="env.SESSIONNAME" value="Console" />
    <property name="framework-build" value="build/classes/java/main" />
    <property name="java.awt.graphicsenv" value="sun.awt.Win32GraphicsEnvironment" />
    <property name="env.HUDSON_COOKIE" value="8575a59d-cfd5-423e-9399-0bdbb810417d" />
    <property name="electrical.build.version.major" value="2022" />
    <property name="env.ANT_HOME" value="C:/repos/iesd/chs_home/bld" />
    <property name="env.JENKINS_URL" value="http://ies-iesd-ci-05.ies.mentorg.com:8080/" />
    <property name="teamwork_weabpp_npm.executable" value="C:/repos/iesd/chs_home/bld/teamwork_webapp_deps/nodejs-v10.16.0/windows/npm.cmd" />
    <property name="env.=\:" value="\\ies-net-cls1-data.ies.mentorg.com\iesd\iesd_data11\iesdgridhome\scripts\prod\BuildScripts\bin" />
    <property name="extensionsdir" value="C:/repos/iesd/chs_home/bld/testdata/extensions/DRCMgrTest" />
    <property name="build.version.ident" value="official" />
    <property name="ant.file" value="G:\iesdwa\qualitygates\wa\2021.1_ADP1_INT\code\iesd\datamodel_src\tests\build.xml" />
    <property name="coverage.merged.datadir" value="C:/repos/iesd/chs_home/bld/coverage" />
    <property name="path.separator" value=";" />
    <property name="chs.build.heapdumpdir" value="C:/repos/iesd/chs_home/temp/" />
    <property name="ant.file.chstargets" value="G:\iesdwa\qualitygates\wa\2021.1_ADP1_INT\code\iesd\infrastructure_src\src\scripts\chstargets.xml" />
    <property name="jacoco.dir" value="G:\iesdwa\qualitygates\wa\2021.1_ADP1_INT\code\iesd\infrastructure_src\src\scripts/../third_party/jacoco" />
    <property name="os.version" value="10.0" />
    <property name="ENCRYPT_JARS" value="true" />
    <property name="env.PATHEXT" value=".COM;.EXE;.BAT;.CMD;.VBS;.VBE;.JS;.JSE;.WSF;.WSH;.MSC" />
    <property name="build.version.minor" value="1" />
    <property name="cobertura.metadata.file" value="datamodel_metadata.ser" />
    <property name="env._USE_CLASSPATH" value="no" />
    <property name="env.NODE_NAME" value="ies-iesdwx-n220.mgc.mentorg.com" />
    <property name="java.vm.name" value="OpenJDK 64-Bit Server VM" />
    <property name="env.GRADLE_USER_HOME" value="/tmp" />
    <property name="chs.datachecktests.maxmemory" value="512m" />
    <property name="TARGET_ECAD" value="CHS" />
    <property name="ant.file.ProjectSourcePaths" value="G:\iesdwa\qualitygates\wa\2021.1_ADP1_INT\code\iesd\infrastructure_src\src\scripts\AntScripts\commondefs.xml" />
    <property name="chshome.aol" value="G:/iesdwa/qualitygates/wa//2021.1_ADP1_INT/code/iesd/chs_home.aol" />
    <property name="env.USERNAME" value="iesdgrid" />
    <property name="os.arch" value="amd64" />
    <property name="JAVA_CREATE_DB" value="false" />
    <property name="debug.AnalysisBridge.updateEnvironment" value="true" />
    <property name="build.version.major" value="2021" />
    <property name="nodejs.executable" value="C:/repos/iesd/chs_home/bld/nodejs/windows/node.exe" />
    <property name="HOSTNAME" value="ies-iesdbld24-ct72" />
    <property name="java.vm.info" value="mixed mode" />
    <property name="singletest.perfreport" value="" />
    <property name="chs.build.skiptestexports" value="true" />
    <property name="env.TEMP" value="C:\Users\iesdgrid\AppData\Local\Temp" />
    <property name="java.class.version" value="55.0" />
    <property name="env.CHS_HOME" value="C:/repos/iesd/chs_home" />
    <property name="ant.project.default-target" value="runtests" />
    <property name="awt.toolkit" value="sun.awt.windows.WToolkit" />
    <property name="ant.library.dir" value="C:\repos\iesd\chs_home\bld\lib" />
    <property name="env.BUILD_TAG" value="jenkins-runWindowsTestList-5908464" />
    <property name="ant.project.name" value="COF Tests" />
    <property name="sun.jnu.encoding" value="Cp1252" />
    <property name="env.LM_LICENSE_FILE" value="1700@mglicsvr.india.mentorg.com;1700@mglicsvr2.india.mentorg.com;1700@mglicsvr3.india.mentorg.com" />
    <property name="env.HUDSON_URL" value="http://ies-iesd-ci-05.ies.mentorg.com:8080/" />
    <property name="ant.file.type.Coverage" value="file" />
    <property name="env.CommonProgramW6432" value="C:\Program Files\Common Files" />
    <property name="env.UATDATA" value="C:\Windows\CCM\UATData\D9F8C395-CAB8-491d-B8AC-179A1FE1BE77" />
    <property name="env.BUILD_CAUSE_MANUALTRIGGER" value="true" />
    <property name="DSTAMP" value="20210505" />
    <property name="imported.basedir" value="G:\iesdwa\qualitygates\wa\2021.1_ADP1_INT\code\iesd\infrastructure_src\src\scripts" />
    <property name="build_env" value="windows" />
    <property name="ant.file.type.TestTargets" value="file" />
    <property name="env.GHOSTSCRIPT_DIR" value="C:/QualityGate/LocalData/ghostscript" />
    <property name="cobertura.maxmemory" value="800M" />
    <property name="env.MGLS_LICENSE_FILE" value="1700@mglicsvr.india.mentorg.com;1700@mglicsvr2.india.mentorg.com;1700@mglicsvr3.india.mentorg.com" />
    <property name="coverage.dir" value="G:\iesdwa\qualitygates\wa\2021.1_ADP1_INT\code\iesd\datamodel_src\tests/coverage" />
    <property name="env.ANT_CMD_LINE_ARGS" value=" -propertyfile G:/iesdwa/qualitygates/wa/2021.1_ADP1_INT/code/iesd/build.windows.properties -Dchshome C:/repos/iesd/chs_home -Dchs.home C:/repos/iesd/chs_home -Dchsbuildtools_home C:/repos/iesd/chs_home/bld -Dtest.results.base G:/iesdwa/qualitygates/wa/2021.1_ADP1_INT/code/iesd/chs_home/bld/testresults -Dchs.build.skiptestexports true -Dcapital.testlist.path G:/iesdwa/qualitygates/wa/2021.1_ADP1_INT/code/iesd/chs_home/bld/testjobs.windows/job.4.txt runtestsonlyqg -f G:/iesdwa/qualitygates/wa/2021.1_ADP1_INT/code/iesd/datamodel_src/tests/build.xml" />
    <property name="env.JAVA_HOME" value="c:/apps64/jdk-11.0.4" />
    <property name="teamwork_webapp_node.folder" value="C:/repos/iesd/chs_home/bld/teamwork_webapp_deps/nodejs-v10.16.0/windows" />
    <property name="env.PROGRAMFILES" value="C:\Program Files" />
    <property name="file.separator" value="\" />
    <property name="test.jvm.args" value="-Dvalidation.extended=false             -Dvalidation.intermediateXML=false             -ea             -Xmx1024M             -Xss1024k             -XX:+HeapDumpOnOutOfMemoryError             -XX:HeapDumpPath=C:/repos/iesd/chs_home/temp/             -javaagent:C:/repos/iesd/chs_home/bld/lib/jmockit.jar                          -Dfile.encoding=UTF-8            " />
    <property name="java.vm.compressedOopsMode" value="32-bit" />
    <property name="line.separator" value="&#xd;&#xa;" />
    <property name="env.PROMPT" value="$P$G" />
    <property name="gradlebuild" value="false" />
    <property name="teamwork_weabpp_node.executable" value="C:/repos/iesd/chs_home/bld/teamwork_webapp_deps/nodejs-v10.16.0/windows/node" />
    <property name="junit.datacheck.timeout.ms" value="1800000" />
    <property name="chsbuildtools_lib" value="C:/repos/iesd/chs_home/bld/lib" />
    <property name="junit.timeout.ms" value="1200000" />
    <property name="env.PROCESSOR_REVISION" value="3f00" />
    <property name="COF Tests.basedir" value="G:\iesdwa\qualitygates\wa\2021.1_ADP1_INT\code\iesd\datamodel_src\tests" />
    <property name="capital.testlist.files" value="chs/common/styles/ApplyLogicStyleSet2Test.class&#xa;chs/common/styles/ApplyLogicStyleSet3Test.class&#xa;chs/common/styles/ApplyLogicStyleSet4Test.class&#xa;chs/common/styles/ApplyLogicStyleSet5Test.class&#xa;chs/common/styles/ApplyLogicStyleSet6Test.class&#xa;chs/common/styles/ApplyLogicStyleSet7Test.class&#xa;chs/common/styles/ApplyLogicStyleSet8Test.class&#xa;chs/common/styles/ApplyLogicStyleSetCustomColTest.class&#xa;chs/common/styles/ApplyLogicStyleSetTest.class&#xa;chs/common/styles/ApplyPlatformStyleSetTest.class&#xa;chs/common/styles/ApplyStyleWithBoundingBoxRotationJustificationTest.class&#xa;chs/common/styles/ApplyStyleWithBoxingWrapBoundingBoxTest.class&#xa;chs/common/styles/ApplyStyleWithExcludePositionOnObjectsJustifiedRelativeToBundleTest.class&#xa;chs/common/styles/ApplyTopologyStyleSetTest.class&#xa;chs/common/styles/ConnectorOrientationTest.class&#xa;chs/common/styles/FEAT00013738RotateBundleTest.class&#xa;chs/common/styles/FEAT13700FreeRotateTest.class&#xa;chs/common/styles/HarnessPluginTableStyleTest.class&#xa;chs/common/styles/HarnessStylingCustomPreferenceTest.class&#xa;chs/common/styles/HarnessStylingLeaderLineTest.class&#xa;chs/common/styles/HideEmptyCavityStyleTest.class&#xa;chs/common/styles/HtmlPluginTableToggleColorTest.class&#xa;chs/common/styles/InsulationLayersTest.class&#xa;chs/common/styles/MultipleHeaderPanelTest.class&#xa;chs/common/styles/OriginPropertyNameTest.class&#xa;chs/common/styles/PlaceDecorationsUsingWidthExtentTest.class&#xa;chs/common/styles/QueryResultDecorationTest.class&#xa;chs/common/styles/RefreshLogicStyleSetTest.class&#xa;chs/common/styles/ReplaceOriginPropertyTest.class&#xa;chs/common/styles/StyleSymbolsUsingOriginTest.class&#xa;chs/common/styles/SymbolVwFrmDirctnAndGripOnSegmentTest.class&#xa;chs/common/tags/impl/groupvalidators/ExclusiveGroupFinderTest.class&#xa;chs/ctf/BOMHelperTest.class&#xa;chs/ctf/DuplicateFileCheckerTest.class&#xa;chs/ctf/caf/ui/FontNameRetainedOnLocaleChangeTest.class&#xa;chs/ctf/copydesign/common/CopyIntegratorDesignTest.class&#xa;chs/ctf/copydesign/common/CopyPlatformDesignTest.class&#xa;chs/ctf/copydesign/common/ImportDesignSharedModularConnectorTest.class&#xa;chs/ctf/copydesign/common/dts0100681067Test.class&#xa;chs/ctf/copydesign/common/dts0101391617Test.class&#xa;chs/ctf/drc/HarnessDRCWithLibraryTest.class&#xa;chs/ctf/ui/engineeringchangeorder/common/EffectivityBuilderDialogModeTest.class&#xa;chs/ctf/ui/form/preferences/ErrorReportingBeanGuidanceLabelTest.class&#xa;chs/ctf/ui/form/preferences/ErrorReportingBeanPrivacyPolicyLabelTest.class&#xa;chs/ctf/ui/form/preferences/ErrorReportingBeanSanitizeTest.class&#xa;chs/ctf/ui/form/preferences/ErrorReportingBeanTest.class&#xa;chs/ctf/ui/form/sbom/workbooktemplateeditor/controls/EditorColorTablePreviewTest.class&#xa;chs/ctf/ui/form/styles/FontRetainedOnLocaleChangeInFontPanelTest.class&#xa;" />
    <property name="env.PSModulePath" value="C:\Program Files\WindowsPowerShell\Modules;C:\Windows\system32\WindowsPowerShell\v1.0\Modules" />
    <property name="toolssrc" value="toolssrc" />
    <property name="chs.build.id" value="2021.1.1.official" />
    <property name="validation.intermediateXML" value="false" />
    <property name="env.PROCESSOR_IDENTIFIER" value="Intel64 Family 6 Model 63 Stepping 0, GenuineIntel" />
    <property name="user.name" value="iesdgrid" />
    <property name="ant.file.type.ProjectSourcePaths" value="file" />
    <property name="capital.testlist.path" value="G:/iesdwa/qualitygates/wa/2021.1_ADP1_INT/code/iesd/chs_home/bld/testjobs.windows/job.4.txt" />
    <property name="env.BUILD_URL" value="http://ies-iesd-ci-05.ies.mentorg.com:8080/job/runWindowsTestList/5908464/" />
    <property name="manifest.jetty.spaces" value="jetty-schemas.jar jetty-security.jar jetty-server.jar jetty-servlet.jar jetty-servlets.jar jetty-util.jar jetty-webapp.jar jetty-xml.jar apache-jsp.jar taglibs-standard-impl.jar taglibs-standard-spec.jar apache-jsp-8.jar apache-el-8.jar javax.annotation-api.jar asm.jar asm-commons.jar asm-tree.jar ecj.jar servlet-api-3.1.jar jetty-annotations.jar jetty-client.jar jetty-continuation.jar jetty-http.jar jetty-io.jar jetty-jmx.jar jetty-jndi.jar jetty-plus.jar jetty-proxy.jar" />
    <property name="env.JOB_URL" value="http://ies-iesd-ci-05.ies.mentorg.com:8080/job/runWindowsTestList/" />
    <property name="cobertura.dir" value="G:\iesdwa\qualitygates\wa\2021.1_ADP1_INT\code\iesd\infrastructure_src\src\scripts/../third_party/cobertura" />
    <property name="build.version.full" value="true" />
    <property name="env.SYSTEMDRIVE" value="C:" />
    <property name="build.version.name" value="2021.1" />
    <property name="test.reports.dir" value="C:/repos/iesd/chs_home/bld/testreports" />
    <property name="mainbuild" value="build/classes/java/test" />
    <property name="ant.file.TestTargets" value="G:\iesdwa\qualitygates\wa\2021.1_ADP1_INT\code\iesd\infrastructure_src\src\scripts\AntScripts\TestTargets.xml" />
    <property name="env.NODE_LABELS" value="IES-IESDWX-N220 ansible-configured debug ies-iesdwx-n220.mgc.mentorg.com iesdgrid ixw swarm unassignedlabelwin10 undefined_jenkins_label_2 undefined_jenkins_label_9 w10e win10tests-v9" />
    <property name="env.BitDefender_Covered" value="False" />
    <property name="env.PROCESSOR_LEVEL" value="6" />
    <property name="env.HOMEDRIVE" value="C:" />
    <property name="env.TMP" value="C:\Users\iesdgrid\AppData\Local\Temp" />
    <property name="osName" value="Windows" />
    <property name="ant.home" value="C:/repos/iesd/chs_home/bld" />
    <property name="env.RUN_CHANGES_DISPLAY_URL" value="http://ies-iesd-ci-05.ies.mentorg.com:8080/job/runWindowsTestList/5908464/display/redirect?page=changes" />
    <property name="sun.os.patch.level" value="" />
    <property name="ant.version" value="Apache Ant(TM) version 1.10.4 compiled on June 19 2018" />
    <property name="env.LOGONSERVER" value="\\SVR-IES-ADC-01" />
    <property name="ant.file.Coverage" value="G:\iesdwa\qualitygates\wa\2021.1_ADP1_INT\code\iesd\infrastructure_src\src\scripts\AntScripts\Coverage.xml" />
    <property name="ant.file.type.chstargets" value="file" />
    <property name="cobertura.metadata.dir" value="C:/repos/iesd/chs_home/bld/coverage/junit" />
    <property name="env.WINDIR" value="C:\Windows" />
    <property name="env.ROOT_BUILD_CAUSE" value="MANUALTRIGGER" />
    <property name="env.BUILD_NUMBER" value="5908464" />
    <property name="junit.printsummary" value="true" />
    <property name="map_golden_dir" value="./testdata/chs/api/golden" />
    <property name="env.HUDSON_SERVER_COOKIE" value="8c4401faaf4fcb70" />
    <property name="debugbuild" value="on" />
    <property name="env.PWD" value="G:/iesdwa/qualitygates/wa/2021.1_ADP1_INT/code/iesd" />
    <property name="java.class.path" value="G:\iesdwa\qualitygates\wa\2021.1_ADP1_INT\code\iesd\datamodel_src\tests\build\classes\java\test;G:\iesdwa\qualitygates\wa\2021.1_ADP1_INT\code\iesd\datamodel_src\tests\build\classes\java\main;C:\repos\iesd\chs_home\lib\edx24\com.mentor.edx.api.jar;C:\repos\iesd\chs_home\lib\edx24\com.mentor.edx.common.jar;C:\repos\iesd\chs_home\lib\edx24\com.mentor.edx.licensing.jar;C:\repos\iesd\chs_home\lib\edx24\com.mentor.edx.verifier.core.jar;C:\repos\iesd\chs_home\lib\edx\SDDFlowID.jar;C:\repos\iesd\chs_home\lib\edx\com.mentor.edx.api.jar;C:\repos\iesd\chs_home\lib\edx\com.mentor.edx.common.jar;C:\repos\iesd\chs_home\lib\edx\com.mentor.edx.licensing.jar;C:\repos\iesd\chs_home\lib\edx\com.mentor.edx.ui.common.jar;C:\repos\iesd\chs_home\lib\edx\com.mentor.edx.verifier.core.jar;C:\repos\iesd\chs_home\lib\edx\CertificateManager.jar;C:\repos\iesd\chs_home\lib\edx\commons-cli-1.2.jar;C:\repos\iesd\chs_home\lib\edx\commons-codec-1.5.jar;C:\repos\iesd\chs_home\lib\edx\commons-compress-1.5.jar;C:\repos\iesd\chs_home\lib\edx\commons-io-2.0.1.jar;C:\repos\iesd\chs_home\lib\edx\commons-logging-1.1.1.jar;C:\repos\iesd\chs_home\lib\edx\jaxb-impl-2.2.4.jar;C:\repos\iesd\chs_home\lib\edx\resolver.jar;C:\repos\iesd\chs_home\lib\edx\SDDinfrasec.jar;C:\repos\iesd\chs_home\lib\edx\serializer.jar;C:\repos\iesd\chs_home\lib\edx\swingx-core-1.6.2.jar;C:\repos\iesd\chs_home\lib\webservices-api.jar;C:\repos\iesd\chs_home\lib\edx\xalan.jar;C:\repos\iesd\chs_home\lib\edx\xercesImpl.jar;C:\repos\iesd\chs_home\lib\edx\xml-apis.jar;C:\repos\iesd\chs_home\lib\edx\xmlsec-1.5.6.jar;C:\repos\iesd\chs_home\lib\capitalapi.jar;C:\repos\iesd\chs_home\lib\capitalapiextensions.jar;C:\repos\iesd\chs_home\bld\testlib\extexample.jar;C:\repos\iesd\chs_home\lib\extensions\capitalextensions.jar;C:\repos\iesd\chs_home\lib\extensions\enovia\extras\enoviaintegrationextras.jar;C:\repos\iesd\chs_home\lib\extensions\enovia\capitalenoviaintegrationimpl.jar;C:\repos\iesd\chs_home\lib\teamcenter\capitalteamcenterintegrationimpl.jar;C:\repos\iesd\chs_home\lib\extensions\rule_driven_vertical_flow\capitalrulesbasedlayout.jar;C:\repos\iesd\chs_home\bld\testlib\capitaltestsinterfaces.jar;C:\repos\iesd\chs_home\bld\lib\junit.jar;G:\iesdwa\qualitygates\wa\2021.1_ADP1_INT\code\iesd\infrastructure_src\src\third_party\tce-soa\TcSoaAiStrong.jar;G:\iesdwa\qualitygates\wa\2021.1_ADP1_INT\code\iesd\infrastructure_src\src\third_party\tce-soa\TcSoaAiTypes.jar;G:\iesdwa\qualitygates\wa\2021.1_ADP1_INT\code\iesd\infrastructure_src\src\third_party\tce-soa\TcSoaBomStrong.jar;G:\iesdwa\qualitygates\wa\2021.1_ADP1_INT\code\iesd\infrastructure_src\src\third_party\tce-soa\TcSoaBomTypes.jar;G:\iesdwa\qualitygates\wa\2021.1_ADP1_INT\code\iesd\infrastructure_src\src\third_party\tce-soa\TcSoaCadStrong.jar;G:\iesdwa\qualitygates\wa\2021.1_ADP1_INT\code\iesd\infrastructure_src\src\third_party\tce-soa\TcSoaCadTypes.jar;G:\iesdwa\qualitygates\wa\2021.1_ADP1_INT\code\iesd\infrastructure_src\src\third_party\tce-soa\TcSoaClient.jar;G:\iesdwa\qualitygates\wa\2021.1_ADP1_INT\code\iesd\infrastructure_src\src\third_party\tce-soa\TcSoaCommon.jar;G:\iesdwa\qualitygates\wa\2021.1_ADP1_INT\code\iesd\infrastructure_src\src\third_party\tce-soa\TcSoaCoreStrong.jar;G:\iesdwa\qualitygates\wa\2021.1_ADP1_INT\code\iesd\infrastructure_src\src\third_party\tce-soa\TcSoaCoreTypes.jar;G:\iesdwa\qualitygates\wa\2021.1_ADP1_INT\code\iesd\infrastructure_src\src\third_party\tce-soa\TcSoaQueryStrong.jar;G:\iesdwa\qualitygates\wa\2021.1_ADP1_INT\code\iesd\infrastructure_src\src\third_party\tce-soa\TcSoaQueryTypes.jar;G:\iesdwa\qualitygates\wa\2021.1_ADP1_INT\code\iesd\infrastructure_src\src\third_party\tce-soa\TcSoaStrongModel.jar;G:\iesdwa\qualitygates\wa\2021.1_ADP1_INT\code\iesd\infrastructure_src\src\third_party\tce-soa\TcSoaStructureManagementStrong.jar;G:\iesdwa\qualitygates\wa\2021.1_ADP1_INT\code\iesd\infrastructure_src\src\third_party\tce-soa\TcSoaStructureManagementTypes.jar;G:\iesdwa\qualitygates\wa\2021.1_ADP1_INT\code\iesd\infrastructure_src\src\third_party\tce-soa\bio-infrastructure.jar;G:\iesdwa\qualitygates\wa\2021.1_ADP1_INT\code\iesd\infrastructure_src\src\third_party\tce-soa\bio-solutions.jar;G:\iesdwa\qualitygates\wa\2021.1_ADP1_INT\code\iesd\infrastructure_src\src\third_party\tce-soa\bugfixedbrowser.jar;G:\iesdwa\qualitygates\wa\2021.1_ADP1_INT\code\iesd\infrastructure_src\src\third_party\tce-soa\Cfg0SoaConfiguratorLoose.jar;C:\repos\iesd\chs_home\lib\teamcenter\extras\swt.jar;G:\iesdwa\qualitygates\wa\2021.1_ADP1_INT\code\iesd\infrastructure_src\src\third_party\tce\fccjavaclientproxy.jar;G:\iesdwa\qualitygates\wa\2021.1_ADP1_INT\code\iesd\infrastructure_src\src\third_party\tce\fmsutil.jar;G:\iesdwa\qualitygates\wa\2021.1_ADP1_INT\code\iesd\infrastructure_src\src\third_party\gson\gson.jar;G:\iesdwa\qualitygates\wa\2021.1_ADP1_INT\code\iesd\infrastructure_src\src\third_party\tce-soa\httpclient.jar;G:\iesdwa\qualitygates\wa\2021.1_ADP1_INT\code\iesd\infrastructure_src\src\third_party\tce-soa\httpcore.jar;G:\iesdwa\qualitygates\wa\2021.1_ADP1_INT\code\iesd\infrastructure_src\src\third_party\tce-soa\Prg1SoaProgramPlanningAppStrong.jar;G:\iesdwa\qualitygates\wa\2021.1_ADP1_INT\code\iesd\infrastructure_src\src\third_party\tce-soa\Cfg0SoaStrongModelConfigurator.jar;G:\iesdwa\qualitygates\wa\2021.1_ADP1_INT\code\iesd\infrastructure_src\src\third_party\tce-soa\Evm1SoaViewMgmtAWStrong_12000.1.0.jar;G:\iesdwa\qualitygates\wa\2021.1_ADP1_INT\code\iesd\infrastructure_src\src\third_party\tce-soa\Evm1SoaViewMgmtAWLoose_12000.1.0.jar;G:\iesdwa\qualitygates\wa\2021.1_ADP1_INT\code\iesd\infrastructure_src\src\third_party\tce-soa\Evm1SoaViewMgmtAWTypes_12000.0.0.jar;G:\iesdwa\qualitygates\wa\2021.1_ADP1_INT\code\iesd\infrastructure_src\src\third_party\tce-soa\Cif0SoaIntegrationFrameworkStrong_12000.0.0.jar;G:\iesdwa\qualitygates\wa\2021.1_ADP1_INT\code\iesd\infrastructure_src\src\third_party\tce-soa\Cif0SoaStrongModelIntegrationFramework_12000.0.0.jar;G:\iesdwa\qualitygates\wa\2021.1_ADP1_INT\code\iesd\infrastructure_src\src\third_party\tce-soa\Cif0SoaIntegrationFrameworkTypes_12000.0.0.jar;G:\iesdwa\qualitygates\wa\2021.1_ADP1_INT\code\iesd\infrastructure_src\src\third_party\tce-soa\TcSoaBusinessModelerStrong.jar;C:\repos\iesd\chs_home\lib\annotations.jar;C:\repos\iesd\chs_home\lib\servicelocator.jar;C:\repos\iesd\chs_home\lib\saxon.jar;C:\repos\iesd\chs_home\lib\capitalcommonlang.jar;C:\repos\iesd\chs_home\lib\capitalcommon.jar;C:\repos\iesd\chs_home\lib\capitalannotations.jar;C:\repos\iesd\chs_home\lib\js.jar;C:\repos\iesd\chs_home\lib\capitalapiimpl.jar;C:\repos\iesd\chs_home\lib\commons-codec.jar;C:\repos\iesd\chs_home\lib\commons-math.jar;C:\repos\iesd\chs_home\lib\capitalutils.jar;C:\repos\iesd\chs_home\lib\capitalcof.jar;C:\repos\iesd\chs_home\lib\capitalpaging.jar;C:\repos\iesd\chs_home\lib\capitalcapman.jar;C:\repos\iesd\chs_home\lib\capitalcofimpl.jar;C:\repos\iesd\chs_home\lib\capitaledxImpl.jar;C:\repos\iesd\chs_home\lib\capitalcof_baseimpl.jar;C:\repos\iesd\chs_home\lib\capitalcofutils.jar;C:\repos\iesd\chs_home\lib\capitalprofiler.jar;C:\repos\iesd\chs_home\lib\capitalpof.jar;C:\repos\iesd\chs_home\lib\capitalverifydb.jar;C:\repos\iesd\chs_home\lib\log4j.jar;C:\repos\iesd\chs_home\lib\jacorb.jar;C:\repos\iesd\chs_home\lib\jacorb-omgapi.jar;C:\repos\iesd\chs_home\lib\slf4j-api.jar;C:\repos\iesd\chs_home\lib\slf4j-jdk.jar;C:\repos\iesd\chs_home\bld\lib\jmockit.jar;C:\repos\iesd\chs_home\lib\javax.persistence-api.jar;C:\repos\iesd\chs_home\bld\lib\hamcrest-core.jar;C:\repos\iesd\chs_home\bld\lib\httpunit.jar;C:\repos\iesd\chs_home\lib\capitalctf.jar;C:\repos\iesd\chs_home\lib\JSDD.jar;C:\repos\iesd\chs_home\lib\capitalquincy.jar;C:\repos\iesd\chs_home\lib\capitalhdmreports.jar;C:\repos\iesd\chs_home\lib\capitalxmleditor.jar;C:\repos\iesd\chs_home\bld\lib\xalan.jar;C:\repos\iesd\chs_home\bld\lib\uispec4j.jar;C:\repos\iesd\chs_home\lib\commons-collections.jar;C:\repos\iesd\chs_home\bld\lib\velocity-1.3.1.jar;C:\repos\iesd\chs_home\bld\lib\capitalAutoGen.jar;C:\repos\iesd\chs_home\bld\lib\memcached.jar;C:\repos\iesd\chs_home\lib\dtdparser.jar;C:\repos\iesd\chs_home\lib\itext.jar;C:\repos\iesd\chs_home\bld\lib\pdfrenderer.jar;C:\repos\iesd\chs_home\lib\capitalbaseautomation.jar;C:\repos\iesd\chs_home\bld\lib\xmlunit.jar;C:\repos\iesd\chs_home\bld\lib\xmlrpc-client.jar;C:\repos\iesd\chs_home\bld\lib\xmlrpc-common.jar;C:\repos\iesd\chs_home\bld\lib\ws-commons-util.jar;C:\repos\iesd\chs_home\lib\batik-anim.jar;C:\repos\iesd\chs_home\lib\batik-awt-util.jar;C:\repos\iesd\chs_home\lib\batik-bridge.jar;C:\repos\iesd\chs_home\lib\batik-codec.jar;C:\repos\iesd\chs_home\lib\batik-css.jar;C:\repos\iesd\chs_home\lib\batik-dom.jar;C:\repos\iesd\chs_home\lib\batik-ext.jar;C:\repos\iesd\chs_home\lib\batik-extension.jar;C:\repos\iesd\chs_home\lib\batik-gui-util.jar;C:\repos\iesd\chs_home\lib\batik-gvt.jar;C:\repos\iesd\chs_home\lib\batik-parser.jar;C:\repos\iesd\chs_home\lib\batik-script.jar;C:\repos\iesd\chs_home\lib\batik-svg-dom.jar;C:\repos\iesd\chs_home\lib\batik-svggen.jar;C:\repos\iesd\chs_home\lib\batik-swing.jar;C:\repos\iesd\chs_home\lib\batik-transcoder.jar;C:\repos\iesd\chs_home\lib\batik-util.jar;C:\repos\iesd\chs_home\lib\batik-xml.jar;C:\repos\iesd\chs_home\lib\batik-constants.jar;C:\repos\iesd\chs_home\lib\batik-i18n.jar;C:\repos\iesd\chs_home\lib\xml-apis.jar;C:\repos\iesd\chs_home\lib\xml-apis-ext.jar;C:\repos\iesd\chs_home\bld\lib\kabeja.jar;C:\repos\iesd\chs_home\bld\lib\kabeja-svg.jar;C:\repos\iesd\chs_home\bld\lib\kabeja-xslt.jar;C:\repos\iesd\chs_home\bld\ilib\groboutils.jar;C:\repos\iesd\chs_home\bld\lib\sigtestdev.jar;C:\repos\iesd\chs_home\bld\lib\commons-vfs.jar;C:\repos\iesd\chs_home\lib\capitalzipprocessor.jar;C:\repos\iesd\chs_home\lib\callhomefilter.jar;C:\repos\iesd\chs_home\lib\usergroupgenerator.jar;C:\repos\iesd\chs_home\lib\capitalvalidator.jar;C:\repos\iesd\chs_home\lib\capitalreporterserverutils.jar;C:\repos\iesd\chs_home\lib\capitalapisemantics.jar;C:\repos\iesd\chs_home\lib\jetty-schemas.jar;C:\repos\iesd\chs_home\lib\jetty-security.jar;C:\repos\iesd\chs_home\lib\jetty-server.jar;C:\repos\iesd\chs_home\lib\jetty-servlet.jar;C:\repos\iesd\chs_home\lib\jetty-servlets.jar;C:\repos\iesd\chs_home\lib\jetty-util.jar;C:\repos\iesd\chs_home\lib\jetty-webapp.jar;C:\repos\iesd\chs_home\lib\jetty-xml.jar;C:\repos\iesd\chs_home\lib\apache-jsp.jar;C:\repos\iesd\chs_home\lib\taglibs-standard-impl.jar;C:\repos\iesd\chs_home\lib\taglibs-standard-spec.jar;C:\repos\iesd\chs_home\lib\apache-jsp-8.jar;C:\repos\iesd\chs_home\lib\apache-el-8.jar;C:\repos\iesd\chs_home\lib\javax.annotation-api.jar;C:\repos\iesd\chs_home\lib\asm.jar;C:\repos\iesd\chs_home\lib\asm-commons.jar;C:\repos\iesd\chs_home\lib\asm-tree.jar;C:\repos\iesd\chs_home\lib\ecj.jar;C:\repos\iesd\chs_home\lib\servlet-api-3.1.jar;C:\repos\iesd\chs_home\lib\jetty-annotations.jar;C:\repos\iesd\chs_home\lib\jetty-client.jar;C:\repos\iesd\chs_home\lib\jetty-continuation.jar;C:\repos\iesd\chs_home\lib\jetty-http.jar;C:\repos\iesd\chs_home\lib\jetty-io.jar;C:\repos\iesd\chs_home\lib\jetty-jmx.jar;C:\repos\iesd\chs_home\lib\jetty-jndi.jar;C:\repos\iesd\chs_home\lib\jetty-plus.jar;C:\repos\iesd\chs_home\lib\jetty-proxy.jar;C:\repos\iesd\chs_home\lib\jxl.jar;C:\repos\iesd\chs_home\bld\hlib\asm4-xml.jar;C:\repos\iesd\chs_home\bld\hlib\asm4-util.jar;C:\repos\iesd\chs_home\bld\hlib\asm4-tree.jar;C:\repos\iesd\chs_home\bld\hlib\asm4-commons.jar;C:\repos\iesd\chs_home\bld\hlib\asm4-analysis.jar;C:\repos\iesd\chs_home\bld\hlib\asm4.jar;C:\repos\iesd\chs_home\bld\lib\jcgm-core.jar;C:\repos\iesd\chs_home\bld\lib\jcgm-image.jar;C:\repos\iesd\chs_home\bld\lib\commons-fileupload.jar;C:\repos\iesd\chs_home\lib\capitalrestresources.jar;C:\repos\iesd\chs_home\lib\javax.ws.rs-api-2.0.jar;C:\repos\iesd\chs_home\lib\javax.inject.jar;C:\repos\iesd\chs_home\lib\jersey-guava.jar;C:\repos\iesd\chs_home\lib\hk2-api.jar;C:\repos\iesd\chs_home\lib\hk2-locator.jar;C:\repos\iesd\chs_home\lib\hk2-utils.jar;C:\repos\iesd\chs_home\lib\jersey-server.jar;C:\repos\iesd\chs_home\lib\jersey-media-multipart.jar;C:\repos\iesd\chs_home\lib\jersey-common.jar;C:\repos\iesd\chs_home\lib\commons-httpclient.jar;C:\repos\iesd\chs_home\lib\jackson-annotations.jar;C:\repos\iesd\chs_home\lib\jackson-jaxrs-json-provider.jar;C:\repos\iesd\chs_home\lib\jackson-databind.jar;C:\repos\iesd\chs_home\lib\jackson-jaxrs-base.jar;C:\repos\iesd\chs_home\lib\jackson-core.jar;C:\repos\iesd\chs_home\lib\jackson-dataformat-yaml.jar;C:\repos\iesd\chs_home\lib\guava.jar;C:\repos\iesd\chs_home\lib\capitalans.jar;C:\repos\iesd\chs_home\lib\capitaljeda.jar;C:\repos\iesd\chs_home\lib\pdfbox.jar;C:\repos\iesd\chs_home\lib\jersey-container-servlet-core.jar;C:\repos\iesd\chs_home\lib\jersey-container-servlet.jar;C:\repos\iesd\chs_home\lib\jersey-client.jar;C:\repos\iesd\chs_home\bld\lib\jersey-test-framework-core.jar;C:\repos\iesd\chs_home\bld\lib\jersey-test-framework-provider-inmemory.jar;C:\repos\iesd\chs_home\lib\mimepull.jar;C:\repos\iesd\chs_home\lib\javassist.jar;C:\repos\iesd\chs_home\lib\jtidy.jar;C:\repos\iesd\chs_home\lib\edxint\capitaledxImpl.jar;C:\repos\iesd\chs_home\lib\lucene-core.jar;C:\repos\iesd\chs_home\lib\lucene-analyzers-common.jar;C:\repos\iesd\chs_home\lib\lucene-queries.jar;C:\repos\iesd\chs_home\lib\lucene-queryparser.jar;C:\repos\iesd\chs_home\lib\geronimo-jms.jar;C:\repos\iesd\chs_home\lib\jsoup.jar;C:\repos\iesd\chs_home\lib\owasp-java-html-sanitizer.jar;C:\repos\iesd\chs_home\lib\capitalupdaterutils.jar;C:\repos\iesd\chs_home\lib\capitalupdateragent.jar;C:\repos\iesd\chs_home\lib\capitaljms.jar;C:\repos\iesd\chs_home\lib\mail.jar;C:\repos\iesd\chs_home\bld\publisher\lib\capitalservicedatamanage.jar;C:\repos\iesd\chs_home\lib\capitalservicedatamanage.jar;C:\repos\iesd\chs_home\lib\javafx\Windows\lib\javafx-swt.jar;C:\repos\iesd\chs_home\lib\javafx\Windows\lib\javafx.base.jar;C:\repos\iesd\chs_home\lib\javafx\Windows\lib\javafx.controls.jar;C:\repos\iesd\chs_home\lib\javafx\Windows\lib\javafx.fxml.jar;C:\repos\iesd\chs_home\lib\javafx\Windows\lib\javafx.graphics.jar;C:\repos\iesd\chs_home\lib\javafx\Windows\lib\javafx.media.jar;C:\repos\iesd\chs_home\lib\javafx\Windows\lib\javafx.swing.jar;C:\repos\iesd\chs_home\lib\javafx\Windows\lib\javafx.web.jar;C:\repos\iesd\chs_home\lib\fop.jar;C:\repos\iesd\chs_home\lib\commons-xmlgraphics.jar;G:\iesdwa\qualitygates\wa\2021.1_ADP1_INT\code\iesd\infrastructure_src\src\third_party\assertj-swing\assertj-core.jar;C:\repos\iesd\chs_home\lib\sanj.jar;C:\repos\iesd\chs_home\lib\opencsv.jar;C:\repos\iesd\chs_home\lib\lds-bo.jar;C:\repos\iesd\chs_home\lib\lds-kbl.jar;C:\repos\iesd\chs_home\lib\lds-kbl-schema.jar;C:\repos\iesd\chs_home\lib\lds-vec.jar;C:\repos\iesd\chs_home\lib\lds-vec-export.jar;C:\repos\iesd\chs_home\lib\xerces.jar;C:\repos\iesd\chs_home\lib\capitalcofcafimpl.jar;C:\repos\iesd\chs_home\lib\capitalcaf.jar;C:\repos\iesd\chs_home\bld\lib\jfcunit.jar;C:\repos\iesd\chs_home\lib\capitalcanalysis.jar;C:\repos\iesd\chs_home\lib\trove.jar;C:\repos\iesd\chs_home\lib\capitalclibrary.jar;C:\repos\iesd\chs_home\lib\capitalpluginapi.jar;C:\repos\iesd\chs_home\lib\capitalapigen.jar;C:\repos\iesd\chs_home\lib\capitalbridgessdk.jar;C:\repos\iesd\chs_home\lib\capitalbridges.jar;C:\repos\iesd\chs_home\lib\capitalnxinterfaces.jar;C:\repos\iesd\chs_home\lib\capitalbridgesui.jar;C:\repos\iesd\chs_home\lib\capitalcview.jar;C:\repos\iesd\chs_home\adaptors\lib\capitaldsi.jar;C:\repos\iesd\chs_home\adaptors\lib\capitalkbl.jar;C:\repos\iesd\chs_home\adaptors\lib\capitalhcv.jar;C:\repos\iesd\chs_home\lib\capitallogic.jar;C:\repos\iesd\chs_home\lib\capitaltopo.jar;C:\repos\iesd\chs_home\lib\capitalharness.jar;C:\repos\iesd\chs_home\lib\capitalresources.jar;C:\repos\iesd\chs_home\lib\capitalimages.jar;C:\repos\iesd\chs_home\lib\capitalwindowslandf.jar;C:\repos\iesd\chs_home\lib\jdom.jar;C:\repos\iesd\chs_home\lib\commons-io.jar;C:\repos\iesd\chs_home\bld\testlib\capitaltestscof.jar;G:\iesdwa\qualitygates\wa\2021.1_ADP1_INT\code\iesd\datamodel_src\tests\build\classes\java\test\chs\utility;C:\repos\iesd\chs_home\lib\saxon-dom.jar;C:\repos\iesd\chs_home\lib\hsqldb.jar;C:\repos\iesd\chs_home\lib\ojdbc.jar;C:\repos\iesd\chs_home\lib\postgresqljdbc.jar;C:\repos\iesd\chs_home\lib\antlr.jar;C:\repos\iesd\chs_home\lib\byte-buddy.jar;C:\repos\iesd\chs_home\lib\classmate.jar;C:\repos\iesd\chs_home\lib\dom4j.jar;C:\repos\iesd\chs_home\lib\jaxb-api-2.3.0.jar;C:\repos\iesd\chs_home\lib\jaxb-runtime-2.3.0.jar;C:\repos\iesd\chs_home\lib\javax.activation-api.jar;C:\repos\iesd\chs_home\lib\hibernate-commons-annotations.jar;C:\repos\iesd\chs_home\lib\hibernate.jar;C:\repos\iesd\chs_home\lib\jandex.jar;C:\repos\iesd\chs_home\lib\jboss-logging.jar;C:\repos\iesd\chs_home\lib\jboss-transaction-api.jar;C:\repos\iesd\chs_home\lib\c3p0.jar;C:\repos\iesd\chs_home\lib\hibernate-c3p0.jar;C:\repos\iesd\chs_home\lib\mchange-commons.jar;C:\repos\iesd\chs_home\lib\pdf-transcoder.jar;C:\repos\iesd\chs_home\lib\commons-lang.jar;C:\repos\iesd\chs_home\lib\fontbox.jar;G:\iesdwa\qualitygates\wa\2021.1_ADP1_INT\code\iesd\infrastructure_src\src\third_party\cobertura\cobertura.jar;G:\iesdwa\qualitygates\wa\2021.1_ADP1_INT\code\iesd\infrastructure_src\src\third_party\cobertura\lib\asm-3.0.jar;G:\iesdwa\qualitygates\wa\2021.1_ADP1_INT\code\iesd\infrastructure_src\src\third_party\cobertura\lib\asm-tree-3.0.jar;G:\iesdwa\qualitygates\wa\2021.1_ADP1_INT\code\iesd\infrastructure_src\src\third_party\cobertura\lib\jakarta-oro-2.0.8.jar;G:\iesdwa\qualitygates\wa\2021.1_ADP1_INT\code\iesd\infrastructure_src\src\third_party\cobertura\lib\log4j-1.2.9.jar;C:\repos\iesd\chs_home\bld\jacoco\lib\jacocoagent.jar;C:\repos\iesd\chs_home\bld\lib\mysqldriver.jar;C:\repos\iesd\chs_home\lib\jboss-rmi-api.jar;C:\repos\iesd\chs_home\lib\jaxb-api.jar;C:\repos\iesd\chs_home\lib\javax.xml.soap-api.jar;C:\repos\iesd\chs_home\lib\assertj-core.jar;C:\repos\iesd\chs_home\lib\outputmanager.jar;C:\repos\iesd\chs_home\bld\testlib\callhomesanitizertests.jar;C:\repos\iesd\chs_home\bld\testlib\capitaltestscallhomesanitizer.jar;C:\repos\iesd\chs_home\bld\ilib\OAuthClient.jar;C:\repos\iesd\chs_home\bld\ilib\google-collections.jar;C:\repos\iesd\chs_home\bld\ilib\google-oauth-client.jar;C:\repos\iesd\chs_home\bld\ilib\google-http-client.jar;C:\repos\iesd\chs_home\bld\ilib\google-http-client-jackson.jar;C:\repos\iesd\chs_home\bld\ilib\json.jar;C:\repos\iesd\chs_home\bld\ilib\gson.jar;C:\repos\iesd\chs_home\bld\ilib\snakeyaml.jar;C:\repos\iesd\chs_home\lib\OAuthClient.jar;C:\repos\iesd\chs_home\lib\validation-api.jar;C:\repos\iesd\chs_home\bld\lib\cacio-tta.jar;C:\repos\iesd\chs_home\bld\lib\cacio-shared.jar;C:\repos\iesd\chs_home\bld\ilib\junit-jacoco-ant.jar;C:\repos\iesd\chs_home\bld\lib\ant-launcher.jar;C:\repos\iesd\chs_home\bld\lib\ant.jar;C:\repos\iesd\chs_home\bld\lib\ant-junit.jar;C:\repos\iesd\chs_home\bld\lib\ant-junit4.jar;C:\repos\iesd\chs_home\lib\socketio.jar" />
    <property name="env.USERDNSDOMAIN" value="MGC.MENTORG.COM" />
    <property name="out.instr.dir" value="G:\iesdwa\qualitygates\wa\2021.1_ADP1_INT\code\iesd\datamodel_src\tests/outinstr" />
    <property name="env.HOME" value="C:\cygwin\home\iesdgrid" />
    <property name="chshome" value="C:/repos/iesd/chs_home" />
    <property name="junit.format" value="xml" />
    <property name="java.vm.vendor" value="Oracle Corporation" />
    <property name="env.PROCESSOR_ARCHITECTURE" value="AMD64" />
    <property name="java.util.Arrays.useLegacyMergeSort" value="true" />
    <property name="user.variant" value="" />
    <property name="build.spversion" value="" />
    <property name="java.locale.providers" value="COMPAT,CLDR" />
    <property name="ant.file.jacoco-coverage" value="G:\iesdwa\qualitygates\wa\2021.1_ADP1_INT\code\iesd\infrastructure_src\src\scripts\AntScripts\jacoco.xml" />
    <property name="env.COMMONPROGRAMFILES" value="C:\Program Files\Common Files" />
    <property name="plugindir" value="C:/repos/iesd/chs_home/bld/testdata/plugins/DRCMgrTest" />
    <property name="singletest.test" value="" />
    <property name="user.country" value="IE" />
    <property name="sun.java.launcher" value="SUN_STANDARD" />
    <property name="emma.enabled" value="true" />
    <property name="cobertura.serfile" value="G:\iesdwa\qualitygates\wa\2021.1_ADP1_INT\code\iesd\datamodel_src\tests/outinstr/cobertura.ser" />
    <property name="env.USERDOMAIN" value="MGC" />
    <property name="class.suffix" value="class" />
    <property name="sun.cpu.endian" value="little" />
    <property name="env.COMSPEC" value="C:\Windows\system32\cmd.exe" />
    <property name="user.language" value="en" />
    <property name="framework-src" value="test-framework/src" />
    <property name="chs.extendedtests.maxmemory" value="512m" />
    <property name="junit.extended.timeout.ms" value="1200000" />
    <property name="ant.java.version" value="11" />
    <property name="cb-instrumented.dir" value="G:\iesdwa\qualitygates\wa\2021.1_ADP1_INT\code\iesd\datamodel_src\tests/outinstr" />
    <property name="env.BUILD_HOME" value="G:/iesdwa/qualitygates/wa/2021.1_ADP1_INT/code/iesd" />
    <property name="test.results.dir" value="G:/iesdwa/qualitygates/wa/2021.1_ADP1_INT/code/iesd/chs_home/bld/testresults/datamodel" />
    <property name="ant.file.COF Tests" value="G:\iesdwa\qualitygates\wa\2021.1_ADP1_INT\code\iesd\datamodel_src\tests\build.xml" />
    <property name="exports_dir" value="../exports" />
    <property name="TSTAMP" value="0120" />
    <property name="jacoco.coverage.reportdir" value="C:/repos/iesd/chs_home/bld/jacoco/coverage//junit-coverage" />
    <property name="jacoco.execfileprefix" value="windows.job.4" />
    <property name="merged.coverage.dir" value="C:/repos/iesd/chs_home/bld/coverage/junit" />
    <property name="chshome.ixn" value="G:/iesdwa/qualitygates/wa//2021.1_ADP1_INT/code/iesd/chs_home.ixn" />
    <property name="singletest.report" value="" />
    <property name="junit.jar" value="bld/lib/junit.jar" />
    <property name="env.=C:" value="C:\repos\iesd\chs_home" />
    <property name="validation.extended" value="false" />
    <property name="chs.extendedtests.dir" value="build/classes/java/test" />
    <property name="env.CommonProgramFiles(x86)" value="C:\Program Files (x86)\Common Files" />
    <property name="java.runtime.name" value="OpenJDK Runtime Environment" />
    <property name="ant.project.invoked-targets" value="runtestsonlyqg" />
    <property name="env.BUILD_DISPLAY_NAME" value="5908464 : 2021.1_ADP1_INT job.4 ies-iesdwx-n220.mgc.mentorg.com" />
    <property name="env.IESD_GRIDDATA" value="//ies-net-cls1-data.ies.mentorg.com/iesd/iesd_data11/iesdgridhome/data" />
    <property name="chsbuild.maxmemory" value="1024M" />
    <property name="ant.file.type.AntContrib" value="file" />
    <property name="ant.core.lib" value="C:\repos\iesd\chs_home\bld\lib\ant.jar" />
    <property name="java.vendor.url.bug" value="http://bugreport.java.com/bugreport/" />
    <property name="chs.build.vob.testdata.dir" value="datamodel_src/tests/testdata" />
    <property name="capital.skiplookandfeel" value="false" />
    <property name="jacocolistener" value="com.mentor.junitjacocoant.JaCoCoCoverageCollectingAdaptor" />
    <property name="TODAY" value="May 5 2021" />
    <property name="src" value="src" />
    <property name="user.dir" value="G:\iesdwa\qualitygates\wa\2021.1_ADP1_INT\code\iesd" />
    <property name="classpath.string.env" value="G:\iesdwa\qualitygates\wa\2021.1_ADP1_INT\code\iesd\datamodel_src\tests\build\classes\java\test;G:\iesdwa\qualitygates\wa\2021.1_ADP1_INT\code\iesd\datamodel_src\tests\build\classes\java\main;C:\repos\iesd\chs_home\lib\edx24\com.mentor.edx.api.jar;C:\repos\iesd\chs_home\lib\edx24\com.mentor.edx.common.jar;C:\repos\iesd\chs_home\lib\edx24\com.mentor.edx.licensing.jar;C:\repos\iesd\chs_home\lib\edx24\com.mentor.edx.verifier.core.jar;C:\repos\iesd\chs_home\lib\edx\SDDFlowID.jar;C:\repos\iesd\chs_home\lib\edx\com.mentor.edx.api.jar;C:\repos\iesd\chs_home\lib\edx\com.mentor.edx.common.jar;C:\repos\iesd\chs_home\lib\edx\com.mentor.edx.licensing.jar;C:\repos\iesd\chs_home\lib\edx\com.mentor.edx.ui.common.jar;C:\repos\iesd\chs_home\lib\edx\com.mentor.edx.verifier.core.jar;C:\repos\iesd\chs_home\lib\edx\CertificateManager.jar;C:\repos\iesd\chs_home\lib\edx\commons-cli-1.2.jar;C:\repos\iesd\chs_home\lib\edx\commons-codec-1.5.jar;C:\repos\iesd\chs_home\lib\edx\commons-compress-1.5.jar;C:\repos\iesd\chs_home\lib\edx\commons-io-2.0.1.jar;C:\repos\iesd\chs_home\lib\edx\commons-logging-1.1.1.jar;C:\repos\iesd\chs_home\lib\edx\jaxb-impl-2.2.4.jar;C:\repos\iesd\chs_home\lib\edx\resolver.jar;C:\repos\iesd\chs_home\lib\edx\SDDinfrasec.jar;C:\repos\iesd\chs_home\lib\edx\serializer.jar;C:\repos\iesd\chs_home\lib\edx\swingx-core-1.6.2.jar;C:\repos\iesd\chs_home\lib\webservices-api.jar;C:\repos\iesd\chs_home\lib\edx\xalan.jar;C:\repos\iesd\chs_home\lib\edx\xercesImpl.jar;C:\repos\iesd\chs_home\lib\edx\xml-apis.jar;C:\repos\iesd\chs_home\lib\edx\xmlsec-1.5.6.jar;C:\repos\iesd\chs_home\lib\capitalapi.jar;C:\repos\iesd\chs_home\lib\capitalapiextensions.jar;C:\repos\iesd\chs_home\bld\testlib\extexample.jar;C:\repos\iesd\chs_home\lib\extensions\capitalextensions.jar;C:\repos\iesd\chs_home\lib\extensions\enovia\extras\enoviaintegrationextras.jar;C:\repos\iesd\chs_home\lib\extensions\enovia\capitalenoviaintegrationimpl.jar;C:\repos\iesd\chs_home\lib\teamcenter\capitalteamcenterintegrationimpl.jar;C:\repos\iesd\chs_home\lib\extensions\rule_driven_vertical_flow\capitalrulesbasedlayout.jar;C:\repos\iesd\chs_home\bld\testlib\capitaltestsinterfaces.jar;C:\repos\iesd\chs_home\bld\lib\junit.jar;G:\iesdwa\qualitygates\wa\2021.1_ADP1_INT\code\iesd\infrastructure_src\src\third_party\tce-soa\TcSoaAiStrong.jar;G:\iesdwa\qualitygates\wa\2021.1_ADP1_INT\code\iesd\infrastructure_src\src\third_party\tce-soa\TcSoaAiTypes.jar;G:\iesdwa\qualitygates\wa\2021.1_ADP1_INT\code\iesd\infrastructure_src\src\third_party\tce-soa\TcSoaBomStrong.jar;G:\iesdwa\qualitygates\wa\2021.1_ADP1_INT\code\iesd\infrastructure_src\src\third_party\tce-soa\TcSoaBomTypes.jar;G:\iesdwa\qualitygates\wa\2021.1_ADP1_INT\code\iesd\infrastructure_src\src\third_party\tce-soa\TcSoaCadStrong.jar;G:\iesdwa\qualitygates\wa\2021.1_ADP1_INT\code\iesd\infrastructure_src\src\third_party\tce-soa\TcSoaCadTypes.jar;G:\iesdwa\qualitygates\wa\2021.1_ADP1_INT\code\iesd\infrastructure_src\src\third_party\tce-soa\TcSoaClient.jar;G:\iesdwa\qualitygates\wa\2021.1_ADP1_INT\code\iesd\infrastructure_src\src\third_party\tce-soa\TcSoaCommon.jar;G:\iesdwa\qualitygates\wa\2021.1_ADP1_INT\code\iesd\infrastructure_src\src\third_party\tce-soa\TcSoaCoreStrong.jar;G:\iesdwa\qualitygates\wa\2021.1_ADP1_INT\code\iesd\infrastructure_src\src\third_party\tce-soa\TcSoaCoreTypes.jar;G:\iesdwa\qualitygates\wa\2021.1_ADP1_INT\code\iesd\infrastructure_src\src\third_party\tce-soa\TcSoaQueryStrong.jar;G:\iesdwa\qualitygates\wa\2021.1_ADP1_INT\code\iesd\infrastructure_src\src\third_party\tce-soa\TcSoaQueryTypes.jar;G:\iesdwa\qualitygates\wa\2021.1_ADP1_INT\code\iesd\infrastructure_src\src\third_party\tce-soa\TcSoaStrongModel.jar;G:\iesdwa\qualitygates\wa\2021.1_ADP1_INT\code\iesd\infrastructure_src\src\third_party\tce-soa\TcSoaStructureManagementStrong.jar;G:\iesdwa\qualitygates\wa\2021.1_ADP1_INT\code\iesd\infrastructure_src\src\third_party\tce-soa\TcSoaStructureManagementTypes.jar;G:\iesdwa\qualitygates\wa\2021.1_ADP1_INT\code\iesd\infrastructure_src\src\third_party\tce-soa\bio-infrastructure.jar;G:\iesdwa\qualitygates\wa\2021.1_ADP1_INT\code\iesd\infrastructure_src\src\third_party\tce-soa\bio-solutions.jar;G:\iesdwa\qualitygates\wa\2021.1_ADP1_INT\code\iesd\infrastructure_src\src\third_party\tce-soa\bugfixedbrowser.jar;G:\iesdwa\qualitygates\wa\2021.1_ADP1_INT\code\iesd\infrastructure_src\src\third_party\tce-soa\Cfg0SoaConfiguratorLoose.jar;C:\repos\iesd\chs_home\lib\teamcenter\extras\swt.jar;G:\iesdwa\qualitygates\wa\2021.1_ADP1_INT\code\iesd\infrastructure_src\src\third_party\tce\fccjavaclientproxy.jar;G:\iesdwa\qualitygates\wa\2021.1_ADP1_INT\code\iesd\infrastructure_src\src\third_party\tce\fmsutil.jar;G:\iesdwa\qualitygates\wa\2021.1_ADP1_INT\code\iesd\infrastructure_src\src\third_party\gson\gson.jar;G:\iesdwa\qualitygates\wa\2021.1_ADP1_INT\code\iesd\infrastructure_src\src\third_party\tce-soa\httpclient.jar;G:\iesdwa\qualitygates\wa\2021.1_ADP1_INT\code\iesd\infrastructure_src\src\third_party\tce-soa\httpcore.jar;G:\iesdwa\qualitygates\wa\2021.1_ADP1_INT\code\iesd\infrastructure_src\src\third_party\tce-soa\Prg1SoaProgramPlanningAppStrong.jar;G:\iesdwa\qualitygates\wa\2021.1_ADP1_INT\code\iesd\infrastructure_src\src\third_party\tce-soa\Cfg0SoaStrongModelConfigurator.jar;G:\iesdwa\qualitygates\wa\2021.1_ADP1_INT\code\iesd\infrastructure_src\src\third_party\tce-soa\Evm1SoaViewMgmtAWStrong_12000.1.0.jar;G:\iesdwa\qualitygates\wa\2021.1_ADP1_INT\code\iesd\infrastructure_src\src\third_party\tce-soa\Evm1SoaViewMgmtAWLoose_12000.1.0.jar;G:\iesdwa\qualitygates\wa\2021.1_ADP1_INT\code\iesd\infrastructure_src\src\third_party\tce-soa\Evm1SoaViewMgmtAWTypes_12000.0.0.jar;G:\iesdwa\qualitygates\wa\2021.1_ADP1_INT\code\iesd\infrastructure_src\src\third_party\tce-soa\Cif0SoaIntegrationFrameworkStrong_12000.0.0.jar;G:\iesdwa\qualitygates\wa\2021.1_ADP1_INT\code\iesd\infrastructure_src\src\third_party\tce-soa\Cif0SoaStrongModelIntegrationFramework_12000.0.0.jar;G:\iesdwa\qualitygates\wa\2021.1_ADP1_INT\code\iesd\infrastructure_src\src\third_party\tce-soa\Cif0SoaIntegrationFrameworkTypes_12000.0.0.jar;G:\iesdwa\qualitygates\wa\2021.1_ADP1_INT\code\iesd\infrastructure_src\src\third_party\tce-soa\TcSoaBusinessModelerStrong.jar;C:\repos\iesd\chs_home\lib\annotations.jar;C:\repos\iesd\chs_home\lib\servicelocator.jar;C:\repos\iesd\chs_home\lib\saxon.jar;C:\repos\iesd\chs_home\lib\capitalcommonlang.jar;C:\repos\iesd\chs_home\lib\capitalcommon.jar;C:\repos\iesd\chs_home\lib\capitalannotations.jar;C:\repos\iesd\chs_home\lib\js.jar;C:\repos\iesd\chs_home\lib\capitalapiimpl.jar;C:\repos\iesd\chs_home\lib\commons-codec.jar;C:\repos\iesd\chs_home\lib\commons-math.jar;C:\repos\iesd\chs_home\lib\capitalutils.jar;C:\repos\iesd\chs_home\lib\capitalcof.jar;C:\repos\iesd\chs_home\lib\capitalpaging.jar;C:\repos\iesd\chs_home\lib\capitalcapman.jar;C:\repos\iesd\chs_home\lib\capitalcofimpl.jar;C:\repos\iesd\chs_home\lib\capitaledxImpl.jar;C:\repos\iesd\chs_home\lib\capitalcof_baseimpl.jar;C:\repos\iesd\chs_home\lib\capitalcofutils.jar;C:\repos\iesd\chs_home\lib\capitalprofiler.jar;C:\repos\iesd\chs_home\lib\capitalpof.jar;C:\repos\iesd\chs_home\lib\capitalverifydb.jar;C:\repos\iesd\chs_home\lib\log4j.jar;C:\repos\iesd\chs_home\lib\jacorb.jar;C:\repos\iesd\chs_home\lib\jacorb-omgapi.jar;C:\repos\iesd\chs_home\lib\slf4j-api.jar;C:\repos\iesd\chs_home\lib\slf4j-jdk.jar;C:\repos\iesd\chs_home\bld\lib\jmockit.jar;C:\repos\iesd\chs_home\lib\javax.persistence-api.jar;C:\repos\iesd\chs_home\bld\lib\hamcrest-core.jar;C:\repos\iesd\chs_home\bld\lib\httpunit.jar;C:\repos\iesd\chs_home\lib\capitalctf.jar;C:\repos\iesd\chs_home\lib\JSDD.jar;C:\repos\iesd\chs_home\lib\capitalquincy.jar;C:\repos\iesd\chs_home\lib\capitalhdmreports.jar;C:\repos\iesd\chs_home\lib\capitalxmleditor.jar;C:\repos\iesd\chs_home\bld\lib\xalan.jar;C:\repos\iesd\chs_home\bld\lib\uispec4j.jar;C:\repos\iesd\chs_home\lib\commons-collections.jar;C:\repos\iesd\chs_home\bld\lib\velocity-1.3.1.jar;C:\repos\iesd\chs_home\bld\lib\capitalAutoGen.jar;C:\repos\iesd\chs_home\bld\lib\memcached.jar;C:\repos\iesd\chs_home\lib\dtdparser.jar;C:\repos\iesd\chs_home\lib\itext.jar;C:\repos\iesd\chs_home\bld\lib\pdfrenderer.jar;C:\repos\iesd\chs_home\lib\capitalbaseautomation.jar;C:\repos\iesd\chs_home\bld\lib\xmlunit.jar;C:\repos\iesd\chs_home\bld\lib\xmlrpc-client.jar;C:\repos\iesd\chs_home\bld\lib\xmlrpc-common.jar;C:\repos\iesd\chs_home\bld\lib\ws-commons-util.jar;C:\repos\iesd\chs_home\lib\batik-anim.jar;C:\repos\iesd\chs_home\lib\batik-awt-util.jar;C:\repos\iesd\chs_home\lib\batik-bridge.jar;C:\repos\iesd\chs_home\lib\batik-codec.jar;C:\repos\iesd\chs_home\lib\batik-css.jar;C:\repos\iesd\chs_home\lib\batik-dom.jar;C:\repos\iesd\chs_home\lib\batik-ext.jar;C:\repos\iesd\chs_home\lib\batik-extension.jar;C:\repos\iesd\chs_home\lib\batik-gui-util.jar;C:\repos\iesd\chs_home\lib\batik-gvt.jar;C:\repos\iesd\chs_home\lib\batik-parser.jar;C:\repos\iesd\chs_home\lib\batik-script.jar;C:\repos\iesd\chs_home\lib\batik-svg-dom.jar;C:\repos\iesd\chs_home\lib\batik-svggen.jar;C:\repos\iesd\chs_home\lib\batik-swing.jar;C:\repos\iesd\chs_home\lib\batik-transcoder.jar;C:\repos\iesd\chs_home\lib\batik-util.jar;C:\repos\iesd\chs_home\lib\batik-xml.jar;C:\repos\iesd\chs_home\lib\batik-constants.jar;C:\repos\iesd\chs_home\lib\batik-i18n.jar;C:\repos\iesd\chs_home\lib\xml-apis.jar;C:\repos\iesd\chs_home\lib\xml-apis-ext.jar;C:\repos\iesd\chs_home\bld\lib\kabeja.jar;C:\repos\iesd\chs_home\bld\lib\kabeja-svg.jar;C:\repos\iesd\chs_home\bld\lib\kabeja-xslt.jar;C:\repos\iesd\chs_home\bld\ilib\groboutils.jar;C:\repos\iesd\chs_home\bld\lib\sigtestdev.jar;C:\repos\iesd\chs_home\bld\lib\commons-vfs.jar;C:\repos\iesd\chs_home\lib\capitalzipprocessor.jar;C:\repos\iesd\chs_home\lib\callhomefilter.jar;C:\repos\iesd\chs_home\lib\usergroupgenerator.jar;C:\repos\iesd\chs_home\lib\capitalvalidator.jar;C:\repos\iesd\chs_home\lib\capitalreporterserverutils.jar;C:\repos\iesd\chs_home\lib\capitalapisemantics.jar;C:\repos\iesd\chs_home\lib\jetty-schemas.jar;C:\repos\iesd\chs_home\lib\jetty-security.jar;C:\repos\iesd\chs_home\lib\jetty-server.jar;C:\repos\iesd\chs_home\lib\jetty-servlet.jar;C:\repos\iesd\chs_home\lib\jetty-servlets.jar;C:\repos\iesd\chs_home\lib\jetty-util.jar;C:\repos\iesd\chs_home\lib\jetty-webapp.jar;C:\repos\iesd\chs_home\lib\jetty-xml.jar;C:\repos\iesd\chs_home\lib\apache-jsp.jar;C:\repos\iesd\chs_home\lib\taglibs-standard-impl.jar;C:\repos\iesd\chs_home\lib\taglibs-standard-spec.jar;C:\repos\iesd\chs_home\lib\apache-jsp-8.jar;C:\repos\iesd\chs_home\lib\apache-el-8.jar;C:\repos\iesd\chs_home\lib\javax.annotation-api.jar;C:\repos\iesd\chs_home\lib\asm.jar;C:\repos\iesd\chs_home\lib\asm-commons.jar;C:\repos\iesd\chs_home\lib\asm-tree.jar;C:\repos\iesd\chs_home\lib\ecj.jar;C:\repos\iesd\chs_home\lib\servlet-api-3.1.jar;C:\repos\iesd\chs_home\lib\jetty-annotations.jar;C:\repos\iesd\chs_home\lib\jetty-client.jar;C:\repos\iesd\chs_home\lib\jetty-continuation.jar;C:\repos\iesd\chs_home\lib\jetty-http.jar;C:\repos\iesd\chs_home\lib\jetty-io.jar;C:\repos\iesd\chs_home\lib\jetty-jmx.jar;C:\repos\iesd\chs_home\lib\jetty-jndi.jar;C:\repos\iesd\chs_home\lib\jetty-plus.jar;C:\repos\iesd\chs_home\lib\jetty-proxy.jar;C:\repos\iesd\chs_home\lib\jxl.jar;C:\repos\iesd\chs_home\bld\hlib\asm4-xml.jar;C:\repos\iesd\chs_home\bld\hlib\asm4-util.jar;C:\repos\iesd\chs_home\bld\hlib\asm4-tree.jar;C:\repos\iesd\chs_home\bld\hlib\asm4-commons.jar;C:\repos\iesd\chs_home\bld\hlib\asm4-analysis.jar;C:\repos\iesd\chs_home\bld\hlib\asm4.jar;C:\repos\iesd\chs_home\bld\lib\jcgm-core.jar;C:\repos\iesd\chs_home\bld\lib\jcgm-image.jar;C:\repos\iesd\chs_home\bld\lib\commons-fileupload.jar;C:\repos\iesd\chs_home\lib\capitalrestresources.jar;C:\repos\iesd\chs_home\lib\javax.ws.rs-api-2.0.jar;C:\repos\iesd\chs_home\lib\javax.inject.jar;C:\repos\iesd\chs_home\lib\jersey-guava.jar;C:\repos\iesd\chs_home\lib\hk2-api.jar;C:\repos\iesd\chs_home\lib\hk2-locator.jar;C:\repos\iesd\chs_home\lib\hk2-utils.jar;C:\repos\iesd\chs_home\lib\jersey-server.jar;C:\repos\iesd\chs_home\lib\jersey-media-multipart.jar;C:\repos\iesd\chs_home\lib\jersey-common.jar;C:\repos\iesd\chs_home\lib\commons-httpclient.jar;C:\repos\iesd\chs_home\lib\jackson-annotations.jar;C:\repos\iesd\chs_home\lib\jackson-jaxrs-json-provider.jar;C:\repos\iesd\chs_home\lib\jackson-databind.jar;C:\repos\iesd\chs_home\lib\jackson-jaxrs-base.jar;C:\repos\iesd\chs_home\lib\jackson-core.jar;C:\repos\iesd\chs_home\lib\jackson-dataformat-yaml.jar;C:\repos\iesd\chs_home\lib\guava.jar;C:\repos\iesd\chs_home\lib\capitalans.jar;C:\repos\iesd\chs_home\lib\capitaljeda.jar;C:\repos\iesd\chs_home\lib\pdfbox.jar;C:\repos\iesd\chs_home\lib\jersey-container-servlet-core.jar;C:\repos\iesd\chs_home\lib\jersey-container-servlet.jar;C:\repos\iesd\chs_home\lib\jersey-client.jar;C:\repos\iesd\chs_home\bld\lib\jersey-test-framework-core.jar;C:\repos\iesd\chs_home\bld\lib\jersey-test-framework-provider-inmemory.jar;C:\repos\iesd\chs_home\lib\mimepull.jar;C:\repos\iesd\chs_home\lib\javassist.jar;C:\repos\iesd\chs_home\lib\jtidy.jar;C:\repos\iesd\chs_home\lib\edxint\capitaledxImpl.jar;C:\repos\iesd\chs_home\lib\lucene-core.jar;C:\repos\iesd\chs_home\lib\lucene-analyzers-common.jar;C:\repos\iesd\chs_home\lib\lucene-queries.jar;C:\repos\iesd\chs_home\lib\lucene-queryparser.jar;C:\repos\iesd\chs_home\lib\geronimo-jms.jar;C:\repos\iesd\chs_home\lib\jsoup.jar;C:\repos\iesd\chs_home\lib\owasp-java-html-sanitizer.jar;C:\repos\iesd\chs_home\lib\capitalupdaterutils.jar;C:\repos\iesd\chs_home\lib\capitalupdateragent.jar;C:\repos\iesd\chs_home\lib\capitaljms.jar;C:\repos\iesd\chs_home\lib\mail.jar;C:\repos\iesd\chs_home\bld\publisher\lib\capitalservicedatamanage.jar;C:\repos\iesd\chs_home\lib\capitalservicedatamanage.jar;C:\repos\iesd\chs_home\lib\javafx\Windows\lib\javafx-swt.jar;C:\repos\iesd\chs_home\lib\javafx\Windows\lib\javafx.base.jar;C:\repos\iesd\chs_home\lib\javafx\Windows\lib\javafx.controls.jar;C:\repos\iesd\chs_home\lib\javafx\Windows\lib\javafx.fxml.jar;C:\repos\iesd\chs_home\lib\javafx\Windows\lib\javafx.graphics.jar;C:\repos\iesd\chs_home\lib\javafx\Windows\lib\javafx.media.jar;C:\repos\iesd\chs_home\lib\javafx\Windows\lib\javafx.swing.jar;C:\repos\iesd\chs_home\lib\javafx\Windows\lib\javafx.web.jar;C:\repos\iesd\chs_home\lib\fop.jar;C:\repos\iesd\chs_home\lib\commons-xmlgraphics.jar;G:\iesdwa\qualitygates\wa\2021.1_ADP1_INT\code\iesd\infrastructure_src\src\third_party\assertj-swing\assertj-core.jar;C:\repos\iesd\chs_home\lib\sanj.jar;C:\repos\iesd\chs_home\lib\opencsv.jar;C:\repos\iesd\chs_home\lib\lds-bo.jar;C:\repos\iesd\chs_home\lib\lds-kbl.jar;C:\repos\iesd\chs_home\lib\lds-kbl-schema.jar;C:\repos\iesd\chs_home\lib\lds-vec.jar;C:\repos\iesd\chs_home\lib\lds-vec-export.jar;C:\repos\iesd\chs_home\lib\xerces.jar;C:\repos\iesd\chs_home\lib\capitalcofcafimpl.jar;C:\repos\iesd\chs_home\lib\capitalcaf.jar;C:\repos\iesd\chs_home\bld\lib\jfcunit.jar;C:\repos\iesd\chs_home\lib\capitalcanalysis.jar;C:\repos\iesd\chs_home\lib\trove.jar;C:\repos\iesd\chs_home\lib\capitalclibrary.jar;C:\repos\iesd\chs_home\lib\capitalpluginapi.jar;C:\repos\iesd\chs_home\lib\capitalapigen.jar;C:\repos\iesd\chs_home\lib\capitalbridgessdk.jar;C:\repos\iesd\chs_home\lib\capitalbridges.jar;C:\repos\iesd\chs_home\lib\capitalnxinterfaces.jar;C:\repos\iesd\chs_home\lib\capitalbridgesui.jar;C:\repos\iesd\chs_home\lib\capitalcview.jar;C:\repos\iesd\chs_home\adaptors\lib\capitaldsi.jar;C:\repos\iesd\chs_home\adaptors\lib\capitalkbl.jar;C:\repos\iesd\chs_home\adaptors\lib\capitalhcv.jar;C:\repos\iesd\chs_home\lib\capitallogic.jar;C:\repos\iesd\chs_home\lib\capitaltopo.jar;C:\repos\iesd\chs_home\lib\capitalharness.jar;C:\repos\iesd\chs_home\lib\capitalresources.jar;C:\repos\iesd\chs_home\lib\capitalimages.jar;C:\repos\iesd\chs_home\lib\capitalwindowslandf.jar;C:\repos\iesd\chs_home\lib\jdom.jar;C:\repos\iesd\chs_home\lib\commons-io.jar;C:\repos\iesd\chs_home\bld\testlib\capitaltestscof.jar;G:\iesdwa\qualitygates\wa\2021.1_ADP1_INT\code\iesd\datamodel_src\tests\build\classes\java\test\chs\utility;C:\repos\iesd\chs_home\lib\saxon-dom.jar;C:\repos\iesd\chs_home\lib\hsqldb.jar;C:\repos\iesd\chs_home\lib\ojdbc.jar;C:\repos\iesd\chs_home\lib\postgresqljdbc.jar;C:\repos\iesd\chs_home\lib\antlr.jar;C:\repos\iesd\chs_home\lib\byte-buddy.jar;C:\repos\iesd\chs_home\lib\classmate.jar;C:\repos\iesd\chs_home\lib\dom4j.jar;C:\repos\iesd\chs_home\lib\jaxb-api-2.3.0.jar;C:\repos\iesd\chs_home\lib\jaxb-runtime-2.3.0.jar;C:\repos\iesd\chs_home\lib\javax.activation-api.jar;C:\repos\iesd\chs_home\lib\hibernate-commons-annotations.jar;C:\repos\iesd\chs_home\lib\hibernate.jar;C:\repos\iesd\chs_home\lib\jandex.jar;C:\repos\iesd\chs_home\lib\jboss-logging.jar;C:\repos\iesd\chs_home\lib\jboss-transaction-api.jar;C:\repos\iesd\chs_home\lib\c3p0.jar;C:\repos\iesd\chs_home\lib\hibernate-c3p0.jar;C:\repos\iesd\chs_home\lib\mchange-commons.jar;C:\repos\iesd\chs_home\lib\pdf-transcoder.jar;C:\repos\iesd\chs_home\lib\commons-lang.jar;C:\repos\iesd\chs_home\lib\fontbox.jar;G:\iesdwa\qualitygates\wa\2021.1_ADP1_INT\code\iesd\infrastructure_src\src\third_party\cobertura\cobertura.jar;G:\iesdwa\qualitygates\wa\2021.1_ADP1_INT\code\iesd\infrastructure_src\src\third_party\cobertura\lib\asm-3.0.jar;G:\iesdwa\qualitygates\wa\2021.1_ADP1_INT\code\iesd\infrastructure_src\src\third_party\cobertura\lib\asm-tree-3.0.jar;G:\iesdwa\qualitygates\wa\2021.1_ADP1_INT\code\iesd\infrastructure_src\src\third_party\cobertura\lib\jakarta-oro-2.0.8.jar;G:\iesdwa\qualitygates\wa\2021.1_ADP1_INT\code\iesd\infrastructure_src\src\third_party\cobertura\lib\log4j-1.2.9.jar;C:\repos\iesd\chs_home\bld\jacoco\lib\jacocoagent.jar;C:\repos\iesd\chs_home\bld\lib\mysqldriver.jar;C:\repos\iesd\chs_home\lib\jboss-rmi-api.jar;C:\repos\iesd\chs_home\lib\jaxb-api.jar;C:\repos\iesd\chs_home\lib\javax.xml.soap-api.jar;C:\repos\iesd\chs_home\lib\assertj-core.jar;C:\repos\iesd\chs_home\lib\outputmanager.jar;C:\repos\iesd\chs_home\bld\testlib\callhomesanitizertests.jar;C:\repos\iesd\chs_home\bld\testlib\capitaltestscallhomesanitizer.jar;C:\repos\iesd\chs_home\bld\ilib\OAuthClient.jar;C:\repos\iesd\chs_home\bld\ilib\google-collections.jar;C:\repos\iesd\chs_home\bld\ilib\google-oauth-client.jar;C:\repos\iesd\chs_home\bld\ilib\google-http-client.jar;C:\repos\iesd\chs_home\bld\ilib\google-http-client-jackson.jar;C:\repos\iesd\chs_home\bld\ilib\json.jar;C:\repos\iesd\chs_home\bld\ilib\gson.jar;C:\repos\iesd\chs_home\bld\ilib\snakeyaml.jar;C:\repos\iesd\chs_home\lib\OAuthClient.jar;C:\repos\iesd\chs_home\lib\validation-api.jar;C:\repos\iesd\chs_home\bld\lib\cacio-tta.jar;C:\repos\iesd\chs_home\bld\lib\cacio-shared.jar;C:\repos\iesd\chs_home\bld\ilib\junit-jacoco-ant.jar;C:\repos\iesd\chs_home\bld\lib\ant-launcher.jar;C:\repos\iesd\chs_home\bld\lib\ant.jar;C:\repos\iesd\chs_home\bld\lib\ant-junit.jar;C:\repos\iesd\chs_home\bld\lib\ant-junit4.jar;C:\repos\iesd\chs_home\lib\socketio.jar" />
    <property name="nodejs_npm.executable" value="C:/repos/iesd/chs_home/bld/nodejs/windows/npm.cmd" />
    <property name="junit.showoutput" value="false" />
    <property name="DEBUG" value="on" />
    <property name="junit.haltonfailure" value="no" />
    <property name="env.=D:" value="D:\" />
    <property name="env.JOB_FILE_NAME" value="job.4" />
    <property name="env.ProgramFiles(x86)" value="C:\Program Files (x86)" />
    <property name="env.WORKSPACE_TMP" value="c:\slave\workspace\runWindowsTestList@tmp" />
    <property name="env.CHS_TEMP" value="G:/iesdwa/qualitygates/wa/2021.1_ADP1_INT/code/iesd/chs_home/temp" />
    <property name="env.ANT_OPTS" value="-Xmx1G" />
    <property name="build" value="build" />
    <property name="ant.file.type.GradleSupport" value="file" />
    <property name="java.vm.version" value="11.0.4+11" />
    <property name="build.version.sub" value="1" />
    <property name="capital.timestampserver.url" value="http://timestamp.entrust.net/TSS/JavaHttpTS" />
    <property name="chsbuildtools_home" value="C:/repos/iesd/chs_home/bld" />
    <property name="env.JOB_BASE_NAME" value="runWindowsTestList" />
    <property name="env.OneDrive" value="C:\Users\iesdgrid\OneDrive" />
    <property name="gradle.executable" value="C:/repos/iesd/chs_home/bld/gradle/bin/gradle.bat" />
    <property name="templateeditorplugindir" value="C:/repos/iesd/chs_home/bld/testdata/plugins/templateeditor" />
  </properties>
  <testcase classname="chs.common.styles.HtmlPluginTableToggleColorTest" name="HtmlPluginTableToggleColorTest" time="17.456">
    <failure message="Rendered image(s) have differed from the reference:&#xa;Rendered image differs from the reference copy - &#xa;    Diffs: &apos;C:\repos\iesd\chs_home\bld\testdata\temp\chs\common\styles\HtmlPluginTableToggleColorTest\DIFF-HtmlPluginTableToggleColorTest_Design1!Diagram1.png&apos;&#xa;    Rendered: &apos;C:\repos\iesd\chs_home\bld\testdata\temp\chs\common\styles\HtmlPluginTableToggleColorTest\RENDERED-HtmlPluginTableToggleColorTest_Design1!Diagram1.png&apos;&#xa;    Golden: &apos;G:\iesdwa\qualitygates\wa\2021.1_ADP1_INT\code\iesd\datamodel_src\tests\testdata\chs\common\styles\HtmlPluginTableToggleColorTest\golden\HtmlPluginTableToggleColorTest_Design1!Diagram1.png&apos;" type="junit.framework.AssertionFailedError">junit.framework.AssertionFailedError: Rendered image(s) have differed from the reference:
Rendered image differs from the reference copy - 
    Diffs: &apos;C:\repos\iesd\chs_home\bld\testdata\temp\chs\common\styles\HtmlPluginTableToggleColorTest\DIFF-HtmlPluginTableToggleColorTest_Design1!Diagram1.png&apos;
    Rendered: &apos;C:\repos\iesd\chs_home\bld\testdata\temp\chs\common\styles\HtmlPluginTableToggleColorTest\RENDERED-HtmlPluginTableToggleColorTest_Design1!Diagram1.png&apos;
    Golden: &apos;G:\iesdwa\qualitygates\wa\2021.1_ADP1_INT\code\iesd\datamodel_src\tests\testdata\chs\common\styles\HtmlPluginTableToggleColorTest\golden\HtmlPluginTableToggleColorTest_Design1!Diagram1.png&apos;
	at chs.cofUtils.ImportAndRenderTestCase.doRenderTest(Unknown Source)
	at chs.cofUtils.ImportAndRenderTestCase.runTestAgainstProject(Unknown Source)
	at chs.cofUtils.ImportAndRenderTestCase.runCHSTest(Unknown Source)
	at chs.ValidateableTestCase.runTest(Unknown Source)
</failure>
  </testcase>
  <system-out><![CDATA[Using G:\iesdwa\qualitygates\wa\2021.1_ADP1_INT\code\iesd\datamodel_src\tests\testdata\chs\common\styles\HtmlPluginTableToggleColorTest\sources\
====== Plugins disabled; if the test expects plugins then override DataModelTestCase.disablePlugins
TestExecutionOrder=1,Test=HtmlPluginTableToggleColorTest,TestCaseName=HtmlPluginTableToggleColorTest
Using G:\iesdwa\qualitygates\wa\2021.1_ADP1_INT\code\iesd\datamodel_src\tests\testdata\chs\common\styles\HtmlPluginTableToggleColorTest\sources\HtmlPluginTableToggleColorTest_styleset.xml
Using G:\iesdwa\qualitygates\wa\2021.1_ADP1_INT\code\iesd\datamodel_src\tests\testdata\chs\common\styles\HtmlPluginTableToggleColorTest\sources
Load plugin from G:\iesdwa\qualitygates\wa\2021.1_ADP1_INT\code\iesd\datamodel_src\tests\testdata\chs\common\styles\HtmlPluginTableToggleColorTest\sources
Using G:\iesdwa\qualitygates\wa\2021.1_ADP1_INT\code\iesd\datamodel_src\tests\testdata\chs\common\styles\HtmlPluginTableToggleColorTest\sources\HtmlPluginTableToggleColorTest.xml
Custom plugins loaded: 146
Using G:\iesdwa\qualitygates\wa\2021.1_ADP1_INT\code\iesd\datamodel_src\tests\testdata\chs\common\styles\HtmlPluginTableToggleColorTest\golden\
 diff 'G:\iesdwa\qualitygates\wa\2021.1_ADP1_INT\code\iesd\datamodel_src\tests\testdata\chs\common\styles\HtmlPluginTableToggleColorTest\golden\HtmlPluginTableToggleColorTest_Design1!Diagram1.png'   'C:\repos\iesd\chs_home\bld\testdata\temp\chs\common\styles\HtmlPluginTableToggleColorTest\RENDERED-HtmlPluginTableToggleColorTest_Design1!Diagram1.png'
 mv  'C:\repos\iesd\chs_home\bld\testdata\temp\chs\common\styles\HtmlPluginTableToggleColorTest\RENDERED-HtmlPluginTableToggleColorTest_Design1!Diagram1.png'   'G:\iesdwa\qualitygates\wa\2021.1_ADP1_INT\code\iesd\datamodel_src\tests\testdata\chs\common\styles\HtmlPluginTableToggleColorTest\golden\HtmlPluginTableToggleColorTest_Design1!Diagram1.png'  
]]></system-out>
  <system-err><![CDATA[Diffs Found = 7, freebies = 6
]]></system-err>
</testsuite>
