<?xml version="1.0" encoding="UTF-8" ?>
<testsuite errors="0" failures="1" hostname="grd-ies-cs7-02" name="chs.caplets.logic.tests.EditHarnessAttributeTest" skipped="0" tests="8" time="10.843" timestamp="2021-05-05T00:34:50">
  <properties>
    <property name="ant.file.type.Class Paths" value="file" />
    <property name="plugindir1" value="/ies/iesd_data3_nb/iesdwa/qualitygates/wa/2021.1_ADP1_INT/code/iesd/chs_home/bld/testdata/plugins/ConvertNetsToWires" />
    <property name="build_ixl_binaries" value="false" />
    <property name="java.specification.version" value="11" />
    <property name="sun.cpu.isalist" value="" />
    <property name="echo" value="BUILD_DATE=May 04 2021" />
    <property name="sun.arch.data.model" value="64" />
    <property name="chs.build.findco.fail" value="true" />
    <property name="env.ENVIRONMENT" value="BATCH" />
    <property name="java.vendor.url" value="http://java.oracle.com/" />
    <property name="env.SGE_HGR_memory" value="5.588G" />
    <property name="env.PROJ_HOME" value="/ies/iesd_data3_nb/iesdwa/qualitygates/wa/2021.1_ADP1_INT/code/iesd" />
    <property name="net.sourceforge.cobertura.datafile" value="/ies/iesd_data3_nb/iesdwa/qualitygates/wa/2021.1_ADP1_INT/code/iesd/clogic_src/tests/outinstr/cobertura.ser" />
    <property name="sun.boot.library.path" value="/ies/iesd_data11/iesdgridhome/tools/appsroot/aol/java/jdk-11.0.4/lib" />
    <property name="env.SGE_O_HOME" value="/home/iesdgrid" />
    <property name="sun.java.command" value="org.apache.tools.ant.taskdefs.optional.junit.JUnitTestRunner chs.caplets.logic.tests.EditHarnessAttributeTest skipNonTests=false filtertrace=true haltOnError=false haltOnFailure=false formatter=org.apache.tools.ant.taskdefs.optional.junit.SummaryJUnitResultFormatter showoutput=false outputtoformatters=true logfailedtests=true threadid=0 logtestlistenerevents=false formatter=org.apache.tools.ant.taskdefs.optional.junit.XMLJUnitResultFormatter,/ies/iesd_data3_nb/iesdwa/qualitygates/wa/2021.1_ADP1_INT/code/iesd/chs_home/bld/testresults/logic/TEST-chs.caplets.logic.tests.EditHarnessAttributeTest.xml crashfile=/ies/iesd_data3_nb/iesdwa/qualitygates/wa/2021.1_ADP1_INT/code/iesd/clogic_src/tests/junitvmwatcher14151352850935299080.properties propsfile=/ies/iesd_data3_nb/iesdwa/qualitygates/wa/2021.1_ADP1_INT/code/iesd/clogic_src/tests/junit12247394601131965778.properties" />
    <property name="jdk.debug" value="release" />
    <property name="env.SGE_CELL" value="default" />
    <property name="manifest.jetty" value="jetty-schemas.jar;jetty-security.jar;jetty-server.jar;jetty-servlet.jar;jetty-servlets.jar;jetty-util.jar;jetty-webapp.jar;jetty-xml.jar;apache-jsp.jar;taglibs-standard-impl.jar;taglibs-standard-spec.jar;apache-jsp-8.jar;apache-el-8.jar;javax.annotation-api.jar;asm.jar;asm-commons.jar;asm-tree.jar;ecj.jar;servlet-api-3.1.jar;jetty-annotations.jar;jetty-client.jar;jetty-continuation.jar;jetty-http.jar;jetty-io.jar;jetty-jmx.jar;jetty-jndi.jar;jetty-plus.jar;jetty-proxy.jar" />
    <property name="java.specification.vendor" value="Oracle Corporation" />
    <property name="TARGET_OS" value="Win64" />
    <property name="java.version.date" value="2019-07-16" />
    <property name="ant.file.type.chsbuildtasks" value="file" />
    <property name="java.home" value="/ies/iesd_data11/iesdgridhome/tools/appsroot/aol/java/jdk-11.0.4" />
    <property name="env.CVS_RSH" value="ssh" />
    <property name="basedir" value="/ies/iesd_data3_nb/iesdwa/qualitygates/wa/2021.1_ADP1_INT/code/iesd/clogic_src/tests" />
    <property name="java.vm.specification.vendor" value="Oracle Corporation" />
    <property name="java.specification.name" value="Java Platform API Specification" />
    <property name="pluginsrc" value="/ies/iesd_data3_nb/iesdwa/qualitygates/wa/2021.1_ADP1_INT/code/iesd/chs_home/doc/plugin/examples/Java/src" />
    <property name="ant.file.AntContrib" value="/ies/iesd_data3_nb/iesdwa/qualitygates/wa/2021.1_ADP1_INT/code/iesd/infrastructure_src/src/scripts/AntScripts/AntContrib.xml" />
    <property name="junit.tests.maxmemory" value="2G" />
    <property name="env.MANPATH" value=":/opt/puppetlabs/puppet/share/man" />
    <property name="env.SGE_TASK_FIRST" value="undefined" />
    <property name="env.SGE_O_SHELL" value="/bin/ksh" />
    <property name="env.SSH_ASKPASS" value="/usr/libexec/openssh/gnome-ssh-askpass" />
    <property name="ant.file.chsbuildtasks" value="/ies/iesd_data3_nb/iesdwa/qualitygates/wa/2021.1_ADP1_INT/code/iesd/infrastructure_src/src/scripts/chsbuildtasks.xml" />
    <property name="coverage.tool" value="jacoco" />
    <property name="sun.management.compiler" value="HotSpot 64-Bit Tiered Compilers" />
    <property name="ant.file.Class Paths" value="/ies/iesd_data3_nb/iesdwa/qualitygates/wa/2021.1_ADP1_INT/code/iesd/infrastructure_src/src/scripts/AntScripts/ClassPaths.xml" />
    <property name="java.runtime.version" value="11.0.4-ojdkbuild+11" />
    <property name="jacoco.unittest.merged.data" value="/ies/iesd_data3_nb/iesdwa/qualitygates/wa/2021.1_ADP1_INT/code/iesd/chs_home/bld/jacoco/coverage//merged-coveragedata-jacoco.exec" />
    <property name="junit.fork" value="true" />
    <property name="env.PATH" value="/ies/iesd_data11/iesdgridhome/tools/appsroot/aol/java/jdk-11.0.4/bin:/ies/iesd_data3_nb/iesdwa/qualitygates/wa/2021.1_ADP1_INT/code/iesd/chs_home/bld/bin:/ies/iesd_data3_nb/iesdwa/qualitygates/wa/2021.1_ADP1_INT/code/iesd/chs_home/bin:/bin:/usr/lib64/qt-3.3/bin:/home/iesdgrid/perl5/bin:/var/spool/sge/ies/tmp/227599214.1.all.q:/usr/local/bin:/bin:/usr/bin:/usr/local/sbin:/usr/sbin:/opt/puppetlabs/bin:/home/iesdgrid/opt/intellij/idea-IC-162.2228.15/bin" />
    <property name="env.QUEUE" value="all.q" />
    <property name="env.SGE_QMASTER_PORT" value="6470" />
    <property name="buildTestsDir" value="build-tests" />
    <property name="file.encoding" value="UTF-8" />
    <property name="chsbuildtools_taskdef" value="/ies/iesd_data3_nb/iesdwa/qualitygates/wa/2021.1_ADP1_INT/code/iesd/infrastructure_src/src/scripts/chsbuildtasks.xml" />
    <property name="jacoco.coverage.rootdir" value="/ies/iesd_data3_nb/iesdwa/qualitygates/wa/2021.1_ADP1_INT/code/iesd/chs_home/bld/jacoco/coverage/" />
    <property name="env.JOB_SCRIPT" value="/var/spool/sge/ies/grd-ies-cs7-02/job_scripts/227599214" />
    <property name="ant.file.type.jacoco-coverage" value="file" />
    <property name="env.HOSTNAME" value="grd-ies-cs7-02" />
    <property name="env.HISTCONTROL" value="ignoredups" />
    <property name="build.suite" value="chs" />
    <property name="env.SHLVL" value="1" />
    <property name="publisher.javascript.unittests" value="/ies/iesd_data3_nb/iesdwa/qualitygates/wa/2021.1_ADP1_INT/code/iesd/clogic_src/src/capitallogic/src/chs/caplets/logic/actions/serviceDocumentation/resources" />
    <property name="env.GRID_SCRIPT_TO_EXECUTE" value="/ies/iesd_data11/iesdgridhome/scripts/prod/BuildScripts/bin/rununittest.pl" />
    <property name="java.io.tmpdir" value="/tmp" />
    <property name="env.IESD_SCRIPTS" value="/ies/iesd_data11/iesdgridhome/scripts/prod" />
    <property name="java.version" value="11.0.4-ojdkbuild" />
    <property name="chs.datachecktests.performanceframework.maxmemory" value="4g" />
    <property name="java.vm.specification.name" value="Java Virtual Machine Specification" />
    <property name="java.awt.printerjob" value="sun.print.PSPrinterJob" />
    <property name="junit.pardatacheck.timeout.ms" value="600000" />
    <property name="env.JOB_NAME" value="gridrunner.sh" />
    <property name="test.jvm.args.linux" value="" />
    <property name="build_aol_binaries" value="false" />
    <property name="COMPILE_C++" value="false" />
    <property name="java.library.path" value="/ies/iesd_data11/iesdgridhome/scripts/prod/Modules/aol::/usr/java/packages/lib:/usr/lib64:/lib64:/lib:/usr/lib" />
    <property name="java.vendor" value="Oracle Corporation" />
    <property name="sun.io.unicode.encoding" value="UnicodeLittle" />
    <property name="isUnix" value="true" />
    <property name="coverage.basedir" value="/ies/iesd_data3_nb/iesdwa/qualitygates/wa/2021.1_ADP1_INT/code/iesd/infrastructure_src/src/scripts/AntScripts" />
    <property name="jacoco-agent.destfile" value="/ies/iesd_data3_nb/iesdwa/qualitygates/wa/2021.1_ADP1_INT/code/iesd/clogic_src/tests/outinstr/linux.job.503.jacoco.exec" />
    <property name="ant.file.type" value="file" />
    <property name="env.LANG" value="en_US.UTF-8" />
    <property name="env.QTINC" value="/usr/lib64/qt-3.3/include" />
    <property name="chs.projecthome" value="/ies/iesd_data3_nb/iesdwa/qualitygates/wa/2021.1_ADP1_INT/code/iesd" />
    <property name="cobertura.output.dir" value="/ies/iesd_data3_nb/iesdwa/qualitygates/wa/2021.1_ADP1_INT/code/iesd/chs_home/bld/cobertura/junit/logic" />
    <property name="coverage.report.format" value="html" />
    <property name="chs.home" value="/ies/iesd_data3_nb/iesdwa/qualitygates/wa/2021.1_ADP1_INT/code/iesd/chs_home" />
    <property name="jacoco.unittest.report.dir" value="/ies/iesd_data3_nb/iesdwa/qualitygates/wa/2021.1_ADP1_INT/code/iesd/chs_home/bld/jacoco/coverage//junit-coverage" />
    <property name="build_vco" value="aol" />
    <property name="user.timezone" value="" />
    <property name="build.hfversion" value="" />
    <property name="asdir" value="/ies/iesd_data3_nb/iesdwa/qualitygates/wa/2021.1_ADP1_INT/code/iesd/chs_home" />
    <property name="java.vm.specification.version" value="11" />
    <property name="junit.datacheck.performanceframework.timeout.ms" value="5400000" />
    <property name="os.name" value="Linux" />
    <property name="env.DISPLAY" value="ies-iesdvnc-d61.ies.mentorg.com:26" />
    <property name="JAVA_DB_TESTS" value="false" />
    <property name="ant.file.GradleSupport" value="/ies/iesd_data3_nb/iesdwa/qualitygates/wa/2021.1_ADP1_INT/code/iesd/infrastructure_src/src/scripts/AntScripts/GradleSupport.xml" />
    <property name="env.KDEDIRS" value="/usr" />
    <property name="bldlibdir" value="/ies/iesd_data3_nb/iesdwa/qualitygates/wa/2021.1_ADP1_INT/code/iesd/chs_home/bld/lib" />
    <property name="env.SGE_TASK_STEPSIZE" value="undefined" />
    <property name="test.results.base" value="/ies/iesd_data3_nb/iesdwa/qualitygates/wa/2021.1_ADP1_INT/code/iesd/chs_home/bld/testresults" />
    <property name="chsbuild.bigstack" value="-Xss1024k" />
    <property name="user.home" value="/home/iesdgrid" />
    <property name="env.SGE_O_PATH" value="/ies/iesd_data11/iesdgridhome/tools/appsroot/aol/java/jdk-11.0.4/bin:/ies/iesd_data3_nb/iesdwa/qualitygates/wa/2021.1_ADP1_INT/code/iesd/chs_home/bld/bin:/ies/iesd_data3_nb/iesdwa/qualitygates/wa/2021.1_ADP1_INT/code/iesd/chs_home/bin:/ies/iesd_data3_nb/iesdwa/qualitygates/wa/2021.1_ADP1_INT/code/iesd/chs_home/lib:/ies/iesd_data3_nb/iesdwa/qualitygates/wa/2021.1_ADP1_INT/code/iesd/chs_home/bld/lib:/usr/atria/bin:/ies/grid/uge86/mgc:/ies/grid/uge86/bin/lx-amd64:/usr/local/bin:/usr/bin" />
    <property name="CHS_BUILD_DATE" value="5-May-2021 00:29:52 +0000" />
    <property name="singletest.options" value="" />
    <property name="test.reports.base" value="/ies/iesd_data3_nb/iesdwa/qualitygates/wa/2021.1_ADP1_INT/code/iesd/chs_home/bld/testreports" />
    <property name="env.ARC" value="lx-amd64" />
    <property name="coverage.classpattern.file" value="patterns.txt" />
    <property name="java.awt.graphicsenv" value="net.java.openjdk.cacio.ctc.CTCGraphicsEnvironment" />
    <property name="electrical.build.version.major" value="2022" />
    <property name="java.awt.headless" value="false" />
    <property name="env.ANT_HOME" value="/ies/iesd_data3_nb/iesdwa/qualitygates/wa/2021.1_ADP1_INT/code/iesd/chs_home/bld" />
    <property name="teamwork_weabpp_npm.executable" value="/ies/iesd_data3_nb/iesdwa/qualitygates/wa/2021.1_ADP1_INT/code/iesd/chs_home/bld/teamwork_webapp_deps/nodejs-v10.16.0/linux/npm" />
    <property name="build.version.ident" value="official" />
    <property name="coverage.merged.datadir" value="/ies/iesd_data3_nb/iesdwa/qualitygates/wa/2021.1_ADP1_INT/code/iesd/chs_home/bld/coverage" />
    <property name="ant.file" value="/ies/iesd_data3_nb/iesdwa/qualitygates/wa/2021.1_ADP1_INT/code/iesd/clogic_src/tests/build.xml" />
    <property name="path.separator" value=":" />
    <property name="chs.build.heapdumpdir" value="/ies/iesd_data3_nb/iesdwa/qualitygates/wa/2021.1_ADP1_INT/code/iesd/chs_home/temp/" />
    <property name="ant.file.chstargets" value="/ies/iesd_data3_nb/iesdwa/qualitygates/wa/2021.1_ADP1_INT/code/iesd/infrastructure_src/src/scripts/chstargets.xml" />
    <property name="os.version" value="3.10.0-229.14.1.el7.x86_64" />
    <property name="jacoco.dir" value="/ies/iesd_data3_nb/iesdwa/qualitygates/wa/2021.1_ADP1_INT/code/iesd/infrastructure_src/src/scripts/../third_party/jacoco" />
    <property name="ENCRYPT_JARS" value="true" />
    <property name="build.version.minor" value="1" />
    <property name="cobertura.metadata.file" value="logic_metadata.ser" />
    <property name="env.MAIL" value="/var/spool/mail/iesdgrid" />
    <property name="java.vm.name" value="OpenJDK 64-Bit Server VM" />
    <property name="env.SHELL" value="/bin/sh" />
    <property name="chs.datachecktests.maxmemory" value="512m" />
    <property name="TARGET_ECAD" value="CHS" />
    <property name="env.HISTSIZE" value="1000" />
    <property name="chshome.aol" value="/ies/iesd_data3_nb/iesdwa/qualitygates/wa/2021.1_ADP1_INT/code/iesd/chs_home.aol" />
    <property name="ant.file.ProjectSourcePaths" value="/ies/iesd_data3_nb/iesdwa/qualitygates/wa/2021.1_ADP1_INT/code/iesd/infrastructure_src/src/scripts/AntScripts/commondefs.xml" />
    <property name="os.arch" value="amd64" />
    <property name="JAVA_CREATE_DB" value="false" />
    <property name="debug.AnalysisBridge.updateEnvironment" value="true" />
    <property name="build.version.major" value="2021" />
    <property name="nodejs.executable" value="/ies/iesd_data3_nb/iesdwa/qualitygates/wa/2021.1_ADP1_INT/code/iesd/chs_home/bld/nodejs/linux/bin/node" />
    <property name="java.vm.info" value="mixed mode" />
    <property name="HOSTNAME" value="ies-iesdbld24-ct72" />
    <property name="singletest.perfreport" value="" />
    <property name="chs.build.skiptestexports" value="true" />
    <property name="env.RESTARTED" value="0" />
    <property name="java.class.version" value="55.0" />
    <property name="env.USER" value="iesdgrid" />
    <property name="env.NHOSTS" value="1" />
    <property name="env.CHS_HOME" value="/ies/iesd_data3_nb/iesdwa/qualitygates/wa/2021.1_ADP1_INT/code/iesd/chs_home" />
    <property name="ant.project.default-target" value="runtests" />
    <property name="ant.library.dir" value="/ies/iesd_data3_nb/iesdwa/qualitygates/wa/2021.1_ADP1_INT/code/iesd/chs_home/bld/lib" />
    <property name="awt.toolkit" value="net.java.openjdk.cacio.ctc.CTCToolkit" />
    <property name="ant.project.name" value="Capital Logic Tests" />
    <property name="env.SGE_O_LOGNAME" value="iesdgrid" />
    <property name="sun.jnu.encoding" value="UTF-8" />
    <property name="ant.file.run_javascript_unittests" value="/ies/iesd_data3_nb/iesdwa/qualitygates/wa/2021.1_ADP1_INT/code/iesd/clogic_src/src/capitallogic/src/chs/caplets/logic/actions/serviceDocumentation/build.xml" />
    <property name="ant.file.type.Coverage" value="file" />
    <property name="report.frames" value="frames" />
    <property name="env.SGE_TASK_ID" value="undefined" />
    <property name="env.SGE_O_HOST" value="ies-iesd-grd002" />
    <property name="DSTAMP" value="20210505" />
    <property name="imported.basedir" value="/ies/iesd_data3_nb/iesdwa/qualitygates/wa/2021.1_ADP1_INT/code/iesd/infrastructure_src/src/scripts" />
    <property name="build_env" value="linux" />
    <property name="ant.file.type.TestTargets" value="file" />
    <property name="cobertura.maxmemory" value="800M" />
    <property name="env.SGE_STDIN_PATH" value="/dev/null" />
    <property name="coverage.dir" value="/ies/iesd_data3_nb/iesdwa/qualitygates/wa/2021.1_ADP1_INT/code/iesd/clogic_src/tests/coverage" />
    <property name="env.JAVA_HOME" value="/ies/iesd_data11/iesdgridhome/tools/appsroot/aol/java/jdk-11.0.4" />
    <property name="teamwork_webapp_node.folder" value="/ies/iesd_data3_nb/iesdwa/qualitygates/wa/2021.1_ADP1_INT/code/iesd/chs_home/bld/teamwork_webapp_deps/nodejs-v10.16.0/linux" />
    <property name="env.SGE_ARCH" value="lx-amd64" />
    <property name="file.separator" value="/" />
    <property name="test.jvm.args" value="-Dvalidation.extended=false             -Dvalidation.intermediateXML=false             -ea             -Xmx1024M             -Xss1024k             -XX:+HeapDumpOnOutOfMemoryError             -XX:HeapDumpPath=/ies/iesd_data3_nb/iesdwa/qualitygates/wa/2021.1_ADP1_INT/code/iesd/chs_home/temp/             -javaagent:/ies/iesd_data3_nb/iesdwa/qualitygates/wa/2021.1_ADP1_INT/code/iesd/chs_home/bld/lib/jmockit.jar                          -Dfile.encoding=UTF-8             -XX:+StartAttachListener" />
    <property name="java.vm.compressedOopsMode" value="32-bit" />
    <property name="line.separator" value="&#xa;" />
    <property name="teamwork_weabpp_node.executable" value="/ies/iesd_data3_nb/iesdwa/qualitygates/wa/2021.1_ADP1_INT/code/iesd/chs_home/bld/teamwork_webapp_deps/nodejs-v10.16.0/linux/node" />
    <property name="gradlebuild" value="false" />
    <property name="env.SGE_O_MAIL" value="/var/mail/iesdgrid" />
    <property name="env.PERL_MM_OPT" value="INSTALL_BASE=/home/iesdgrid/perl5" />
    <property name="ant.file.type.Capital Logic Tests" value="file" />
    <property name="junit.datacheck.timeout.ms" value="1800000" />
    <property name="chsbuildtools_lib" value="/ies/iesd_data3_nb/iesdwa/qualitygates/wa/2021.1_ADP1_INT/code/iesd/chs_home/bld/lib" />
    <property name="junit.timeout.ms" value="1200000" />
    <property name="capital.testlist.files" value="chs/caplets/logic/tests/CreateSharedMulticoreTest.class&#xa;chs/caplets/logic/tests/CreateStackPinTest.class&#xa;chs/caplets/logic/tests/CreateUsageTest.class&#xa;chs/caplets/logic/tests/CrossReferenceTest.class&#xa;chs/caplets/logic/tests/DRCBackgroundControlModelTest.class&#xa;chs/caplets/logic/tests/DeleteActionTest.class&#xa;chs/caplets/logic/tests/DeleteDesignTest.class&#xa;chs/caplets/logic/tests/DeviceEquivalenceMapAssistTest.class&#xa;chs/caplets/logic/tests/DeviceSymbolTest.class&#xa;chs/caplets/logic/tests/DeviceUnshareHelperTest.class&#xa;chs/caplets/logic/tests/DiagramObjectTest.class&#xa;chs/caplets/logic/tests/DisconnectSelectedTest.class&#xa;chs/caplets/logic/tests/EditFootprintActionTest.class&#xa;chs/caplets/logic/tests/EditGfxGroupTest.class&#xa;chs/caplets/logic/tests/EditHarnessAttributeTest.class&#xa;" />
    <property name="env.PERL5LIB" value="/home/iesdgrid/perl5/lib/perl5:" />
    <property name="env.SGE_CWD_PATH" value="/home/iesdgrid" />
    <property name="chs.build.id" value="2021.1.1.official" />
    <property name="validation.intermediateXML" value="false" />
    <property name="user.name" value="iesdgrid" />
    <property name="ant.file.type.ProjectSourcePaths" value="file" />
    <property name="capital.testlist.path" value="/ies/iesd_data3_nb/iesdwa/qualitygates/wa/2021.1_ADP1_INT/code/iesd/chs_home/bld/testjobs.linux/job.503.txt" />
    <property name="env.LOGNAME" value="iesdgrid" />
    <property name="manifest.jetty.spaces" value="jetty-schemas.jar jetty-security.jar jetty-server.jar jetty-servlet.jar jetty-servlets.jar jetty-util.jar jetty-webapp.jar jetty-xml.jar apache-jsp.jar taglibs-standard-impl.jar taglibs-standard-spec.jar apache-jsp-8.jar apache-el-8.jar javax.annotation-api.jar asm.jar asm-commons.jar asm-tree.jar ecj.jar servlet-api-3.1.jar jetty-annotations.jar jetty-client.jar jetty-continuation.jar jetty-http.jar jetty-io.jar jetty-jmx.jar jetty-jndi.jar jetty-plus.jar jetty-proxy.jar" />
    <property name="env.JOB_ID" value="227599214" />
    <property name="cobertura.dir" value="/ies/iesd_data3_nb/iesdwa/qualitygates/wa/2021.1_ADP1_INT/code/iesd/infrastructure_src/src/scripts/../third_party/cobertura" />
    <property name="build.version.full" value="true" />
    <property name="build.version.name" value="2021.1" />
    <property name="test.reports.dir" value="/ies/iesd_data3_nb/iesdwa/qualitygates/wa/2021.1_ADP1_INT/code/iesd/chs_home/bld/testreports" />
    <property name="env.PERL_MB_OPT" value="--install_base /home/iesdgrid/perl5" />
    <property name="ant.file.TestTargets" value="/ies/iesd_data3_nb/iesdwa/qualitygates/wa/2021.1_ADP1_INT/code/iesd/infrastructure_src/src/scripts/AntScripts/TestTargets.xml" />
    <property name="env.SGE_STDERR_PATH" value="/ies/iesd_data3_nb/iesdwa/qualitygates/wa/2021.1_ADP1_INT/junit_test_result/logs/linux/job.503.log" />
    <property name="env.PERL_LOCAL_LIB_ROOT" value=":/home/iesdgrid/perl5" />
    <property name="env.QT_PLUGIN_PATH" value="/usr/lib64/kde4/plugins:/usr/lib/kde4/plugins" />
    <property name="env.TMP" value="/var/spool/sge/ies/tmp/227599214.1.all.q" />
    <property name="osName" value="Linux" />
    <property name="ant.home" value="/ies/iesd_data3_nb/iesdwa/qualitygates/wa/2021.1_ADP1_INT/code/iesd/chs_home/bld" />
    <property name="sun.os.patch.level" value="unknown" />
    <property name="ant.version" value="Apache Ant(TM) version 1.10.4 compiled on June 19 2018" />
    <property name="env.TMPDIR" value="/var/spool/sge/ies/tmp/227599214.1.all.q" />
    <property name="ant.file.Capital Logic Tests" value="/ies/iesd_data3_nb/iesdwa/qualitygates/wa/2021.1_ADP1_INT/code/iesd/clogic_src/tests/build.xml" />
    <property name="env.SGE_TASK_LAST" value="undefined" />
    <property name="ant.file.Coverage" value="/ies/iesd_data3_nb/iesdwa/qualitygates/wa/2021.1_ADP1_INT/code/iesd/infrastructure_src/src/scripts/AntScripts/Coverage.xml" />
    <property name="ant.file.type.chstargets" value="file" />
    <property name="cobertura.metadata.dir" value="/ies/iesd_data3_nb/iesdwa/qualitygates/wa/2021.1_ADP1_INT/code/iesd/chs_home/bld/coverage/junit" />
    <property name="env.SGE_RERUN_REQUESTED" value="1" />
    <property name="junit.printsummary" value="true" />
    <property name="debugbuild" value="on" />
    <property name="env.PWD" value="/ies/iesd_data3_nb/iesdwa/qualitygates/wa/2021.1_ADP1_INT/code/iesd" />
    <property name="env.LESSOPEN" value="||/usr/bin/lesspipe.sh %s" />
    <property name="env.SGE_O_WORKDIR" value="/tmp/slave/ci01/workspace/SubmitQualityGatesGit" />
    <property name="java.class.path" value="/ies/iesd_data3_nb/iesdwa/qualitygates/wa/2021.1_ADP1_INT/code/iesd/chs_home/lib/xerces.jar:/ies/iesd_data3_nb/iesdwa/qualitygates/wa/2021.1_ADP1_INT/code/iesd/chs_home/lib/annotations.jar:/ies/iesd_data3_nb/iesdwa/qualitygates/wa/2021.1_ADP1_INT/code/iesd/chs_home/lib/commons-codec.jar:/ies/iesd_data3_nb/iesdwa/qualitygates/wa/2021.1_ADP1_INT/code/iesd/chs_home/lib/capitalcommonlang.jar:/ies/iesd_data3_nb/iesdwa/qualitygates/wa/2021.1_ADP1_INT/code/iesd/chs_home/lib/capitalwindowslandf.jar:/ies/iesd_data3_nb/iesdwa/qualitygates/wa/2021.1_ADP1_INT/code/iesd/chs_home/lib/capitalannotations.jar:/ies/iesd_data3_nb/iesdwa/qualitygates/wa/2021.1_ADP1_INT/code/iesd/chs_home/lib/capitalutils.jar:/ies/iesd_data3_nb/iesdwa/qualitygates/wa/2021.1_ADP1_INT/code/iesd/chs_home/lib/capitalapi.jar:/ies/iesd_data3_nb/iesdwa/qualitygates/wa/2021.1_ADP1_INT/code/iesd/chs_home/lib/capitalapiextensions.jar:/ies/iesd_data3_nb/iesdwa/qualitygates/wa/2021.1_ADP1_INT/code/iesd/chs_home/lib/capitalcof.jar:/ies/iesd_data3_nb/iesdwa/qualitygates/wa/2021.1_ADP1_INT/code/iesd/chs_home/lib/capitalapiimpl.jar:/ies/iesd_data3_nb/iesdwa/qualitygates/wa/2021.1_ADP1_INT/code/iesd/chs_home/lib/capitalctf.jar:/ies/iesd_data3_nb/iesdwa/qualitygates/wa/2021.1_ADP1_INT/code/iesd/chs_home/lib/capitalimages.jar:/ies/iesd_data3_nb/iesdwa/qualitygates/wa/2021.1_ADP1_INT/code/iesd/chs_home/lib/capitalcapman.jar:/ies/iesd_data3_nb/iesdwa/qualitygates/wa/2021.1_ADP1_INT/code/iesd/chs_home/lib/capitalautoview.jar:/ies/iesd_data3_nb/iesdwa/qualitygates/wa/2021.1_ADP1_INT/code/iesd/chs_home/lib/capitalcview.jar:/ies/iesd_data3_nb/iesdwa/qualitygates/wa/2021.1_ADP1_INT/code/iesd/chs_home/lib/capitalcofimpl.jar:/ies/iesd_data3_nb/iesdwa/qualitygates/wa/2021.1_ADP1_INT/code/iesd/chs_home/lib/capitalcof_baseimpl.jar:/ies/iesd_data3_nb/iesdwa/qualitygates/wa/2021.1_ADP1_INT/code/iesd/chs_home/lib/capitalcofcafimpl.jar:/ies/iesd_data3_nb/iesdwa/qualitygates/wa/2021.1_ADP1_INT/code/iesd/chs_home/lib/capitalcaf.jar:/ies/iesd_data3_nb/iesdwa/qualitygates/wa/2021.1_ADP1_INT/code/iesd/chs_home/lib/capitalcofutils.jar:/ies/iesd_data3_nb/iesdwa/qualitygates/wa/2021.1_ADP1_INT/code/iesd/chs_home/lib/capitalprofiler.jar:/ies/iesd_data3_nb/iesdwa/qualitygates/wa/2021.1_ADP1_INT/code/iesd/chs_home/lib/capitallogic.jar:/ies/iesd_data3_nb/iesdwa/qualitygates/wa/2021.1_ADP1_INT/code/iesd/chs_home/lib/capitalcanalysis.jar:/ies/iesd_data3_nb/iesdwa/qualitygates/wa/2021.1_ADP1_INT/code/iesd/chs_home/lib/capitalbaseautomation.jar:/ies/iesd_data3_nb/iesdwa/qualitygates/wa/2021.1_ADP1_INT/code/iesd/chs_home/lib/capitalreporterserverutils.jar:/ies/iesd_data3_nb/iesdwa/qualitygates/wa/2021.1_ADP1_INT/code/iesd/chs_home/lib/extensions/servicedoc/extras/servicedoc-commons.jar:/ies/iesd_data3_nb/iesdwa/qualitygates/wa/2021.1_ADP1_INT/code/iesd/chs_home/lib/extensions/servicedoc/mobilepackager.jar:/ies/iesd_data3_nb/iesdwa/qualitygates/wa/2021.1_ADP1_INT/code/iesd/chs_home/lib/extensions/servicedoc/s1000dpackager.jar:/ies/iesd_data3_nb/iesdwa/qualitygates/wa/2021.1_ADP1_INT/code/iesd/chs_home/bld/testlib/capitaltestsanalysis.jar:/ies/iesd_data3_nb/iesdwa/qualitygates/wa/2021.1_ADP1_INT/code/iesd/chs_home/bld/testlib/capitaltestsautoview.jar:/ies/iesd_data3_nb/iesdwa/qualitygates/wa/2021.1_ADP1_INT/code/iesd/chs_home/bld/testlib/capitaltestscof.jar:/ies/iesd_data3_nb/iesdwa/qualitygates/wa/2021.1_ADP1_INT/code/iesd/chs_home/bld/testlib/capitaltestscaf.jar:/ies/iesd_data3_nb/iesdwa/qualitygates/wa/2021.1_ADP1_INT/code/iesd/chs_home/bld/testlib/capitaltestsinterfaces.jar:/ies/iesd_data3_nb/iesdwa/qualitygates/wa/2021.1_ADP1_INT/code/iesd/chs_home/lib/capitaljeda.jar:/ies/iesd_data3_nb/iesdwa/qualitygates/wa/2021.1_ADP1_INT/code/iesd/chs_home/lib/log4j.jar:/ies/iesd_data3_nb/iesdwa/qualitygates/wa/2021.1_ADP1_INT/code/iesd/chs_home/lib/js.jar:/ies/iesd_data3_nb/iesdwa/qualitygates/wa/2021.1_ADP1_INT/code/iesd/chs_home/lib/jdom.jar:/ies/iesd_data3_nb/iesdwa/qualitygates/wa/2021.1_ADP1_INT/code/iesd/chs_home/bld/lib/xmlunit.jar:/ies/iesd_data3_nb/iesdwa/qualitygates/wa/2021.1_ADP1_INT/code/iesd/chs_home/bld/lib/jmockit.jar:/ies/iesd_data3_nb/iesdwa/qualitygates/wa/2021.1_ADP1_INT/code/iesd/chs_home/bld/lib/junit.jar:/ies/iesd_data3_nb/iesdwa/qualitygates/wa/2021.1_ADP1_INT/code/iesd/chs_home/lib/socketio.jar:/ies/iesd_data3_nb/iesdwa/qualitygates/wa/2021.1_ADP1_INT/code/iesd/chs_home/bld/lib/uispec4j.jar:/ies/iesd_data3_nb/iesdwa/qualitygates/wa/2021.1_ADP1_INT/code/iesd/chs_home/bld/lib/jfcunit.jar:/ies/iesd_data3_nb/iesdwa/qualitygates/wa/2021.1_ADP1_INT/code/iesd/chs_home/lib/avalon-framework.jar:/ies/iesd_data3_nb/iesdwa/qualitygates/wa/2021.1_ADP1_INT/code/iesd/chs_home/lib/jacorb.jar:/ies/iesd_data3_nb/iesdwa/qualitygates/wa/2021.1_ADP1_INT/code/iesd/chs_home/lib/jacorb-omgapi.jar:/ies/iesd_data3_nb/iesdwa/qualitygates/wa/2021.1_ADP1_INT/code/iesd/chs_home/lib/slf4j-api.jar:/ies/iesd_data3_nb/iesdwa/qualitygates/wa/2021.1_ADP1_INT/code/iesd/chs_home/lib/slf4j-jdk.jar:/ies/iesd_data3_nb/iesdwa/qualitygates/wa/2021.1_ADP1_INT/code/iesd/chs_home/lib/logkit-1.2.jar:/ies/iesd_data3_nb/iesdwa/qualitygates/wa/2021.1_ADP1_INT/code/iesd/chs_home/bld/ilib/groboutils.jar:/ies/iesd_data3_nb/iesdwa/qualitygates/wa/2021.1_ADP1_INT/code/iesd/chs_home/lib/capitalzipprocessor.jar:/ies/iesd_data3_nb/iesdwa/qualitygates/wa/2021.1_ADP1_INT/code/iesd/chs_home/lib/guava.jar:/ies/iesd_data3_nb/iesdwa/qualitygates/wa/2021.1_ADP1_INT/code/iesd/chs_home/lib/capitalrestresources.jar:/ies/iesd_data3_nb/iesdwa/qualitygates/wa/2021.1_ADP1_INT/code/iesd/chs_home/lib/capitalbridgessdk.jar:/ies/iesd_data3_nb/iesdwa/qualitygates/wa/2021.1_ADP1_INT/code/iesd/chs_home/lib/capitalbridgesui.jar:/ies/iesd_data3_nb/iesdwa/qualitygates/wa/2021.1_ADP1_INT/code/iesd/chs_home/lib/capitalbridges.jar:/ies/iesd_data3_nb/iesdwa/qualitygates/wa/2021.1_ADP1_INT/code/iesd/chs_home/lib/capitalnxinterfaces.jar:/ies/iesd_data3_nb/iesdwa/qualitygates/wa/2021.1_ADP1_INT/code/iesd/chs_home/lib/pdfbox.jar:/ies/iesd_data3_nb/iesdwa/qualitygates/wa/2021.1_ADP1_INT/code/iesd/chs_home/lib/trove.jar:/ies/iesd_data3_nb/iesdwa/qualitygates/wa/2021.1_ADP1_INT/code/iesd/chs_home/lib/batik-anim.jar:/ies/iesd_data3_nb/iesdwa/qualitygates/wa/2021.1_ADP1_INT/code/iesd/chs_home/lib/batik-dom.jar:/ies/iesd_data3_nb/iesdwa/qualitygates/wa/2021.1_ADP1_INT/code/iesd/chs_home/lib/batik-constants.jar:/ies/iesd_data3_nb/iesdwa/qualitygates/wa/2021.1_ADP1_INT/code/iesd/chs_home/lib/batik-i18n.jar:/ies/iesd_data3_nb/iesdwa/qualitygates/wa/2021.1_ADP1_INT/code/iesd/chs_home/lib/jackson-annotations.jar:/ies/iesd_data3_nb/iesdwa/qualitygates/wa/2021.1_ADP1_INT/code/iesd/chs_home/lib/jackson-core.jar:/ies/iesd_data3_nb/iesdwa/qualitygates/wa/2021.1_ADP1_INT/code/iesd/chs_home/lib/jackson-databind.jar:/ies/iesd_data3_nb/iesdwa/qualitygates/wa/2021.1_ADP1_INT/code/iesd/chs_home/lib/jackson-jaxrs-base.jar:/ies/iesd_data3_nb/iesdwa/qualitygates/wa/2021.1_ADP1_INT/code/iesd/chs_home/lib/jackson-jaxrs-json-provider.jar:/ies/iesd_data3_nb/iesdwa/qualitygates/wa/2021.1_ADP1_INT/code/iesd/chs_home/lib/javafx/Linux/lib/javafx-swt.jar:/ies/iesd_data3_nb/iesdwa/qualitygates/wa/2021.1_ADP1_INT/code/iesd/chs_home/lib/javafx/Linux/lib/javafx.base.jar:/ies/iesd_data3_nb/iesdwa/qualitygates/wa/2021.1_ADP1_INT/code/iesd/chs_home/lib/javafx/Linux/lib/javafx.controls.jar:/ies/iesd_data3_nb/iesdwa/qualitygates/wa/2021.1_ADP1_INT/code/iesd/chs_home/lib/javafx/Linux/lib/javafx.fxml.jar:/ies/iesd_data3_nb/iesdwa/qualitygates/wa/2021.1_ADP1_INT/code/iesd/chs_home/lib/javafx/Linux/lib/javafx.graphics.jar:/ies/iesd_data3_nb/iesdwa/qualitygates/wa/2021.1_ADP1_INT/code/iesd/chs_home/lib/javafx/Linux/lib/javafx.media.jar:/ies/iesd_data3_nb/iesdwa/qualitygates/wa/2021.1_ADP1_INT/code/iesd/chs_home/lib/javafx/Linux/lib/javafx.swing.jar:/ies/iesd_data3_nb/iesdwa/qualitygates/wa/2021.1_ADP1_INT/code/iesd/chs_home/lib/javafx/Linux/lib/javafx.web.jar:/ies/iesd_data3_nb/iesdwa/qualitygates/wa/2021.1_ADP1_INT/code/iesd/chs_home/lib/jaxb-api.jar:/ies/iesd_data3_nb/iesdwa/qualitygates/wa/2021.1_ADP1_INT/code/iesd/chs_home/lib/jaxb-impl.jar:/ies/iesd_data3_nb/iesdwa/qualitygates/wa/2021.1_ADP1_INT/code/iesd/chs_home/lib/jaxb-core.jar:/ies/iesd_data3_nb/iesdwa/qualitygates/wa/2021.1_ADP1_INT/code/iesd/chs_home/lib/assertj-core.jar:/ies/iesd_data3_nb/iesdwa/qualitygates/wa/2021.1_ADP1_INT/code/iesd/chs_home/adaptors/lib/capitaltc.jar:/ies/iesd_data3_nb/iesdwa/qualitygates/wa/2021.1_ADP1_INT/code/iesd/chs_home/bld/testlib/capitaltestbridges.jar:/ies/iesd_data3_nb/iesdwa/qualitygates/wa/2021.1_ADP1_INT/code/iesd/chs_home/lib/owasp-java-html-sanitizer.jar:/ies/iesd_data3_nb/iesdwa/qualitygates/wa/2021.1_ADP1_INT/code/iesd/chs_home/lib/capitalresources.jar:/ies/iesd_data3_nb/iesdwa/qualitygates/wa/2021.1_ADP1_INT/code/iesd/chs_home/bld/testlib/capitaltestlogic.jar:/ies/iesd_data3_nb/iesdwa/qualitygates/wa/2021.1_ADP1_INT/code/iesd/chs_home/lib/capitalclibrary.jar:/ies/iesd_data3_nb/iesdwa/qualitygates/wa/2021.1_ADP1_INT/code/iesd/chs_home/lib/capitalpluginapi.jar:/ies/iesd_data3_nb/iesdwa/qualitygates/wa/2021.1_ADP1_INT/code/iesd/chs_home/lib/capitalapigen.jar:/ies/iesd_data3_nb/iesdwa/qualitygates/wa/2021.1_ADP1_INT/code/iesd/chs_home/lib/itext.jar:/ies/iesd_data3_nb/iesdwa/qualitygates/wa/2021.1_ADP1_INT/code/iesd/chs_home/lib/capitalcommon.jar:/ies/iesd_data3_nb/iesdwa/qualitygates/wa/2021.1_ADP1_INT/code/iesd/chs_home/lib/casbase.jar:/ies/iesd_data3_nb/iesdwa/qualitygates/wa/2021.1_ADP1_INT/code/iesd/chs_home/bld/lib/jdom.jar:/ies/iesd_data3_nb/iesdwa/qualitygates/wa/2021.1_ADP1_INT/code/iesd/chs_home/adaptors/lib/capitalnwf.jar:/ies/iesd_data3_nb/iesdwa/qualitygates/wa/2021.1_ADP1_INT/code/iesd/chs_home/adaptors/lib/capitalproe.jar:/ies/iesd_data3_nb/iesdwa/qualitygates/wa/2021.1_ADP1_INT/code/iesd/chs_home/adaptors/lib/capitalroutelist.jar:/ies/iesd_data3_nb/iesdwa/qualitygates/wa/2021.1_ADP1_INT/code/iesd/chs_home/adaptors/lib/capitalixf.jar:/ies/iesd_data3_nb/iesdwa/qualitygates/wa/2021.1_ADP1_INT/code/iesd/chs_home/adaptors/lib/capitalugsnx2.jar:/ies/iesd_data3_nb/iesdwa/qualitygates/wa/2021.1_ADP1_INT/code/iesd/chs_home/adaptors/lib/capitaldsi.jar:/ies/iesd_data3_nb/iesdwa/qualitygates/wa/2021.1_ADP1_INT/code/iesd/chs_home/adaptors/lib/capitalap212.jar:/ies/iesd_data3_nb/iesdwa/qualitygates/wa/2021.1_ADP1_INT/code/iesd/chs_home/adaptors/lib/capitalkbl.jar:/ies/iesd_data3_nb/iesdwa/qualitygates/wa/2021.1_ADP1_INT/code/iesd/chs_home/adaptors/lib/capitalhcv.jar:/ies/iesd_data3_nb/iesdwa/qualitygates/wa/2021.1_ADP1_INT/code/iesd/chs_home/bld/lib/pdfrenderer.jar:/ies/iesd_data3_nb/iesdwa/qualitygates/wa/2021.1_ADP1_INT/code/iesd/chs_home/lib/hsqldb.jar:/ies/iesd_data3_nb/iesdwa/qualitygates/wa/2021.1_ADP1_INT/code/iesd/chs_home/bld/lib/xalan.jar:/ies/iesd_data3_nb/iesdwa/qualitygates/wa/2021.1_ADP1_INT/code/iesd/chs_home/lib/saxon.jar:/ies/iesd_data3_nb/iesdwa/qualitygates/wa/2021.1_ADP1_INT/code/iesd/chs_home/lib/saxon-dom.jar:/ies/iesd_data3_nb/iesdwa/qualitygates/wa/2021.1_ADP1_INT/code/iesd/chs_home/lib/jetty-schemas.jar:/ies/iesd_data3_nb/iesdwa/qualitygates/wa/2021.1_ADP1_INT/code/iesd/chs_home/lib/jetty-security.jar:/ies/iesd_data3_nb/iesdwa/qualitygates/wa/2021.1_ADP1_INT/code/iesd/chs_home/lib/jetty-server.jar:/ies/iesd_data3_nb/iesdwa/qualitygates/wa/2021.1_ADP1_INT/code/iesd/chs_home/lib/jetty-servlet.jar:/ies/iesd_data3_nb/iesdwa/qualitygates/wa/2021.1_ADP1_INT/code/iesd/chs_home/lib/jetty-servlets.jar:/ies/iesd_data3_nb/iesdwa/qualitygates/wa/2021.1_ADP1_INT/code/iesd/chs_home/lib/jetty-util.jar:/ies/iesd_data3_nb/iesdwa/qualitygates/wa/2021.1_ADP1_INT/code/iesd/chs_home/lib/jetty-webapp.jar:/ies/iesd_data3_nb/iesdwa/qualitygates/wa/2021.1_ADP1_INT/code/iesd/chs_home/lib/jetty-xml.jar:/ies/iesd_data3_nb/iesdwa/qualitygates/wa/2021.1_ADP1_INT/code/iesd/chs_home/lib/apache-jsp.jar:/ies/iesd_data3_nb/iesdwa/qualitygates/wa/2021.1_ADP1_INT/code/iesd/chs_home/lib/taglibs-standard-impl.jar:/ies/iesd_data3_nb/iesdwa/qualitygates/wa/2021.1_ADP1_INT/code/iesd/chs_home/lib/taglibs-standard-spec.jar:/ies/iesd_data3_nb/iesdwa/qualitygates/wa/2021.1_ADP1_INT/code/iesd/chs_home/lib/apache-jsp-8.jar:/ies/iesd_data3_nb/iesdwa/qualitygates/wa/2021.1_ADP1_INT/code/iesd/chs_home/lib/apache-el-8.jar:/ies/iesd_data3_nb/iesdwa/qualitygates/wa/2021.1_ADP1_INT/code/iesd/chs_home/lib/javax.annotation-api.jar:/ies/iesd_data3_nb/iesdwa/qualitygates/wa/2021.1_ADP1_INT/code/iesd/chs_home/lib/asm.jar:/ies/iesd_data3_nb/iesdwa/qualitygates/wa/2021.1_ADP1_INT/code/iesd/chs_home/lib/asm-commons.jar:/ies/iesd_data3_nb/iesdwa/qualitygates/wa/2021.1_ADP1_INT/code/iesd/chs_home/lib/asm-tree.jar:/ies/iesd_data3_nb/iesdwa/qualitygates/wa/2021.1_ADP1_INT/code/iesd/chs_home/lib/ecj.jar:/ies/iesd_data3_nb/iesdwa/qualitygates/wa/2021.1_ADP1_INT/code/iesd/chs_home/lib/servlet-api-3.1.jar:/ies/iesd_data3_nb/iesdwa/qualitygates/wa/2021.1_ADP1_INT/code/iesd/chs_home/lib/jetty-annotations.jar:/ies/iesd_data3_nb/iesdwa/qualitygates/wa/2021.1_ADP1_INT/code/iesd/chs_home/lib/jetty-client.jar:/ies/iesd_data3_nb/iesdwa/qualitygates/wa/2021.1_ADP1_INT/code/iesd/chs_home/lib/jetty-continuation.jar:/ies/iesd_data3_nb/iesdwa/qualitygates/wa/2021.1_ADP1_INT/code/iesd/chs_home/lib/jetty-http.jar:/ies/iesd_data3_nb/iesdwa/qualitygates/wa/2021.1_ADP1_INT/code/iesd/chs_home/lib/jetty-io.jar:/ies/iesd_data3_nb/iesdwa/qualitygates/wa/2021.1_ADP1_INT/code/iesd/chs_home/lib/jetty-jmx.jar:/ies/iesd_data3_nb/iesdwa/qualitygates/wa/2021.1_ADP1_INT/code/iesd/chs_home/lib/jetty-jndi.jar:/ies/iesd_data3_nb/iesdwa/qualitygates/wa/2021.1_ADP1_INT/code/iesd/chs_home/lib/jetty-plus.jar:/ies/iesd_data3_nb/iesdwa/qualitygates/wa/2021.1_ADP1_INT/code/iesd/chs_home/lib/jetty-proxy.jar:/ies/iesd_data3_nb/iesdwa/qualitygates/wa/2021.1_ADP1_INT/code/iesd/chs_home/lib/batik-awt-util.jar:/ies/iesd_data3_nb/iesdwa/qualitygates/wa/2021.1_ADP1_INT/code/iesd/chs_home/lib/batik-bridge.jar:/ies/iesd_data3_nb/iesdwa/qualitygates/wa/2021.1_ADP1_INT/code/iesd/chs_home/lib/batik-codec.jar:/ies/iesd_data3_nb/iesdwa/qualitygates/wa/2021.1_ADP1_INT/code/iesd/chs_home/lib/batik-css.jar:/ies/iesd_data3_nb/iesdwa/qualitygates/wa/2021.1_ADP1_INT/code/iesd/chs_home/lib/batik-ext.jar:/ies/iesd_data3_nb/iesdwa/qualitygates/wa/2021.1_ADP1_INT/code/iesd/chs_home/lib/batik-extension.jar:/ies/iesd_data3_nb/iesdwa/qualitygates/wa/2021.1_ADP1_INT/code/iesd/chs_home/lib/batik-gui-util.jar:/ies/iesd_data3_nb/iesdwa/qualitygates/wa/2021.1_ADP1_INT/code/iesd/chs_home/lib/batik-gvt.jar:/ies/iesd_data3_nb/iesdwa/qualitygates/wa/2021.1_ADP1_INT/code/iesd/chs_home/lib/batik-parser.jar:/ies/iesd_data3_nb/iesdwa/qualitygates/wa/2021.1_ADP1_INT/code/iesd/chs_home/lib/batik-script.jar:/ies/iesd_data3_nb/iesdwa/qualitygates/wa/2021.1_ADP1_INT/code/iesd/chs_home/lib/batik-svg-dom.jar:/ies/iesd_data3_nb/iesdwa/qualitygates/wa/2021.1_ADP1_INT/code/iesd/chs_home/lib/batik-svggen.jar:/ies/iesd_data3_nb/iesdwa/qualitygates/wa/2021.1_ADP1_INT/code/iesd/chs_home/lib/batik-swing.jar:/ies/iesd_data3_nb/iesdwa/qualitygates/wa/2021.1_ADP1_INT/code/iesd/chs_home/lib/batik-transcoder.jar:/ies/iesd_data3_nb/iesdwa/qualitygates/wa/2021.1_ADP1_INT/code/iesd/chs_home/lib/batik-util.jar:/ies/iesd_data3_nb/iesdwa/qualitygates/wa/2021.1_ADP1_INT/code/iesd/chs_home/lib/batik-xml.jar:/ies/iesd_data3_nb/iesdwa/qualitygates/wa/2021.1_ADP1_INT/code/iesd/chs_home/lib/xml-apis.jar:/ies/iesd_data3_nb/iesdwa/qualitygates/wa/2021.1_ADP1_INT/code/iesd/chs_home/lib/xml-apis-ext.jar:/ies/iesd_data3_nb/iesdwa/qualitygates/wa/2021.1_ADP1_INT/code/iesd/chs_home/lib/xalan.jar:/ies/iesd_data3_nb/iesdwa/qualitygates/wa/2021.1_ADP1_INT/code/iesd/chs_home/lib/commons-io.jar:/ies/iesd_data3_nb/iesdwa/qualitygates/wa/2021.1_ADP1_INT/code/iesd/chs_home/lib/fop.jar:/ies/iesd_data3_nb/iesdwa/qualitygates/wa/2021.1_ADP1_INT/code/iesd/chs_home/lib/commons-logging.jar:/ies/iesd_data3_nb/iesdwa/qualitygates/wa/2021.1_ADP1_INT/code/iesd/chs_home/lib/commons-math.jar:/ies/iesd_data3_nb/iesdwa/qualitygates/wa/2021.1_ADP1_INT/code/iesd/chs_home/lib/commons-xmlgraphics.jar:/ies/iesd_data3_nb/iesdwa/qualitygates/wa/2021.1_ADP1_INT/code/iesd/chs_home/lib/jtidy.jar:/ies/iesd_data3_nb/iesdwa/qualitygates/wa/2021.1_ADP1_INT/code/iesd/chs_home/lib/capitalans.jar:/ies/iesd_data3_nb/iesdwa/qualitygates/wa/2021.1_ADP1_INT/code/iesd/chs_home/lib/fontbox.jar:/ies/iesd_data3_nb/iesdwa/qualitygates/wa/2021.1_ADP1_INT/code/iesd/chs_home/lib/lucene-core.jar:/ies/iesd_data3_nb/iesdwa/qualitygates/wa/2021.1_ADP1_INT/code/iesd/chs_home/lib/lucene-analyzers-common.jar:/ies/iesd_data3_nb/iesdwa/qualitygates/wa/2021.1_ADP1_INT/code/iesd/chs_home/lib/jsoup.jar:/ies/iesd_data3_nb/iesdwa/qualitygates/wa/2021.1_ADP1_INT/code/iesd/chs_home/lib/capitaljms.jar:/ies/iesd_data3_nb/iesdwa/qualitygates/wa/2021.1_ADP1_INT/code/iesd/chs_home/lib/capitalupdaterutils.jar:/ies/iesd_data3_nb/iesdwa/qualitygates/wa/2021.1_ADP1_INT/code/iesd/chs_home/lib/javax.activation-api.jar:/ies/iesd_data3_nb/iesdwa/qualitygates/wa/2021.1_ADP1_INT/code/iesd/chs_home/lib/javax.xml.soap-api.jar:/ies/iesd_data3_nb/iesdwa/qualitygates/wa/2021.1_ADP1_INT/code/iesd/chs_home/lib/jaxws-api.jar:/ies/iesd_data3_nb/iesdwa/qualitygates/wa/2021.1_ADP1_INT/code/iesd/chs_home/lib/jboss-rmi-api.jar:/ies/iesd_data3_nb/iesdwa/qualitygates/wa/2021.1_ADP1_INT/code/iesd/chs_home/lib/sanj.jar:/ies/iesd_data3_nb/iesdwa/qualitygates/wa/2021.1_ADP1_INT/code/iesd/infrastructure_src/src/third_party/cobertura/cobertura.jar:/ies/iesd_data3_nb/iesdwa/qualitygates/wa/2021.1_ADP1_INT/code/iesd/infrastructure_src/src/third_party/cobertura/lib/asm-3.0.jar:/ies/iesd_data3_nb/iesdwa/qualitygates/wa/2021.1_ADP1_INT/code/iesd/infrastructure_src/src/third_party/cobertura/lib/asm-tree-3.0.jar:/ies/iesd_data3_nb/iesdwa/qualitygates/wa/2021.1_ADP1_INT/code/iesd/infrastructure_src/src/third_party/cobertura/lib/jakarta-oro-2.0.8.jar:/ies/iesd_data3_nb/iesdwa/qualitygates/wa/2021.1_ADP1_INT/code/iesd/infrastructure_src/src/third_party/cobertura/lib/log4j-1.2.9.jar:/ies/iesd_data3_nb/iesdwa/qualitygates/wa/2021.1_ADP1_INT/code/iesd/chs_home/bld/lib/hamcrest-core.jar:/ies/iesd_data3_nb/iesdwa/qualitygates/wa/2021.1_ADP1_INT/code/iesd/chs_home/bld/lib/cacio-tta.jar:/ies/iesd_data3_nb/iesdwa/qualitygates/wa/2021.1_ADP1_INT/code/iesd/chs_home/bld/lib/cacio-shared.jar:/ies/iesd_data3_nb/iesdwa/qualitygates/wa/2021.1_ADP1_INT/code/iesd/infrastructure_src/src/third_party/assertj-swing/assertj-core.jar:/ies/iesd_data3_nb/iesdwa/qualitygates/wa/2021.1_ADP1_INT/code/iesd/chs_home/bld/ilib/junit-jacoco-ant.jar:/ies/iesd_data3_nb/iesdwa/qualitygates/wa/2021.1_ADP1_INT/code/iesd/chs_home/bld/jacoco/lib/jacocoagent.jar:/ies/iesd_data3_nb/iesdwa/qualitygates/wa/2021.1_ADP1_INT/code/iesd/chs_home/bld/lib/ant-launcher.jar:/ies/iesd_data3_nb/iesdwa/qualitygates/wa/2021.1_ADP1_INT/code/iesd/chs_home/bld/lib/ant.jar:/ies/iesd_data3_nb/iesdwa/qualitygates/wa/2021.1_ADP1_INT/code/iesd/chs_home/bld/lib/ant-junit.jar:/ies/iesd_data3_nb/iesdwa/qualitygates/wa/2021.1_ADP1_INT/code/iesd/chs_home/bld/lib/ant-junit4.jar" />
    <property name="out.instr.dir" value="/ies/iesd_data3_nb/iesdwa/qualitygates/wa/2021.1_ADP1_INT/code/iesd/clogic_src/tests/outinstr" />
    <property name="env.HOME" value="/home/iesdgrid" />
    <property name="env.REQUEST" value="gridrunner.sh" />
    <property name="chshome" value="/ies/iesd_data3_nb/iesdwa/qualitygates/wa/2021.1_ADP1_INT/code/iesd/chs_home" />
    <property name="junit.format" value="xml" />
    <property name="java.vm.vendor" value="Oracle Corporation" />
    <property name="java.util.Arrays.useLegacyMergeSort" value="true" />
    <property name="build.spversion" value="" />
    <property name="env.SGE_RERUN_JOB" value="1" />
    <property name="java.locale.providers" value="COMPAT,CLDR" />
    <property name="env.SGE_STDOUT_PATH" value="/ies/iesd_data3_nb/iesdwa/qualitygates/wa/2021.1_ADP1_INT/junit_test_result/logs/linux/job.503.log" />
    <property name="ant.file.jacoco-coverage" value="/ies/iesd_data3_nb/iesdwa/qualitygates/wa/2021.1_ADP1_INT/code/iesd/infrastructure_src/src/scripts/AntScripts/jacoco.xml" />
    <property name="singletest.test" value="" />
    <property name="user.country" value="US" />
    <property name="sun.java.launcher" value="SUN_STANDARD" />
    <property name="cobertura.serfile" value="/ies/iesd_data3_nb/iesdwa/qualitygates/wa/2021.1_ADP1_INT/code/iesd/clogic_src/tests/outinstr/cobertura.ser" />
    <property name="env.LD_LIBRARY_PATH" value="/ies/iesd_data11/iesdgridhome/scripts/prod/Modules/aol:" />
    <property name="class.suffix" value="class" />
    <property name="env.SGE_JOB_SPOOL_DIR" value="/var/spool/sge/ies/grd-ies-cs7-02/active_jobs/227599214.1" />
    <property name="sun.cpu.endian" value="little" />
    <property name="env.QT_GRAPHICSSYSTEM_CHECKED" value="1" />
    <property name="user.language" value="en" />
    <property name="chs.extendedtests.maxmemory" value="512m" />
    <property name="env.SGE_ROOT" value="/ies/grid/uge86" />
    <property name="junit.extended.timeout.ms" value="1200000" />
    <property name="ant.java.version" value="11" />
    <property name="cb-instrumented.dir" value="/ies/iesd_data3_nb/iesdwa/qualitygates/wa/2021.1_ADP1_INT/code/iesd/clogic_src/tests/outinstr" />
    <property name="env.BUILD_HOME" value="/ies/iesd_data3_nb/iesdwa/qualitygates/wa/2021.1_ADP1_INT/code/iesd" />
    <property name="test.results.dir" value="/ies/iesd_data3_nb/iesdwa/qualitygates/wa/2021.1_ADP1_INT/code/iesd/chs_home/bld/testresults/logic" />
    <property name="env.NQUEUES" value="1" />
    <property name="exports_dir" value="../exports" />
    <property name="env.TZ" value="UTC" />
    <property name="Capital Logic Tests.basedir" value="/ies/iesd_data3_nb/iesdwa/qualitygates/wa/2021.1_ADP1_INT/code/iesd/clogic_src/tests" />
    <property name="TSTAMP" value="0029" />
    <property name="jacoco.coverage.reportdir" value="/ies/iesd_data3_nb/iesdwa/qualitygates/wa/2021.1_ADP1_INT/code/iesd/chs_home/bld/jacoco/coverage//junit-coverage" />
    <property name="jacoco.execfileprefix" value="linux.job.503" />
    <property name="chshome.ixn" value="/ies/iesd_data3_nb/iesdwa/qualitygates/wa/2021.1_ADP1_INT/code/iesd/chs_home.ixn" />
    <property name="merged.coverage.dir" value="/ies/iesd_data3_nb/iesdwa/qualitygates/wa/2021.1_ADP1_INT/code/iesd/chs_home/bld/coverage/junit" />
    <property name="singletest.report" value="" />
    <property name="junit.jar" value="bld/lib/junit.jar" />
    <property name="validation.extended" value="false" />
    <property name="java.runtime.name" value="OpenJDK Runtime Environment" />
    <property name="chs.extendedtests.dir" value="build" />
    <property name="env.QTDIR" value="/usr/lib64/qt-3.3" />
    <property name="ant.project.invoked-targets" value="runtestsonlyqg" />
    <property name="ant.file.type.run_javascript_unittests" value="file" />
    <property name="env.IESD_GRIDDATA" value="/ies/iesd_data11/iesdgridhome/data" />
    <property name="env.QTLIB" value="/usr/lib64/qt-3.3/lib" />
    <property name="ant.file.type.AntContrib" value="file" />
    <property name="chsbuild.maxmemory" value="1024M" />
    <property name="ant.core.lib" value="/ies/iesd_data3_nb/iesdwa/qualitygates/wa/2021.1_ADP1_INT/code/iesd/chs_home/bld/lib/ant.jar" />
    <property name="chs.build.vob.testdata.dir" value="clogic_src/tests/testdata" />
    <property name="java.vendor.url.bug" value="http://bugreport.java.com/bugreport/" />
    <property name="capital.skiplookandfeel" value="true" />
    <property name="jacocolistener" value="com.mentor.junitjacocoant.JaCoCoCoverageCollectingAdaptor" />
    <property name="env.MGC_VCO" value="aol" />
    <property name="src" value="src" />
    <property name="TODAY" value="May 5 2021" />
    <property name="user.dir" value="/ies/iesd_data4_nb/qualitygates/iesd-21.1/2021.1_ADP1_INT/code/iesd" />
    <property name="classpath.string.env" value="/ies/iesd_data3_nb/iesdwa/qualitygates/wa/2021.1_ADP1_INT/code/iesd/chs_home/lib/xerces.jar:/ies/iesd_data3_nb/iesdwa/qualitygates/wa/2021.1_ADP1_INT/code/iesd/chs_home/lib/annotations.jar:/ies/iesd_data3_nb/iesdwa/qualitygates/wa/2021.1_ADP1_INT/code/iesd/chs_home/lib/commons-codec.jar:/ies/iesd_data3_nb/iesdwa/qualitygates/wa/2021.1_ADP1_INT/code/iesd/chs_home/lib/capitalcommonlang.jar:/ies/iesd_data3_nb/iesdwa/qualitygates/wa/2021.1_ADP1_INT/code/iesd/chs_home/lib/capitalwindowslandf.jar:/ies/iesd_data3_nb/iesdwa/qualitygates/wa/2021.1_ADP1_INT/code/iesd/chs_home/lib/capitalannotations.jar:/ies/iesd_data3_nb/iesdwa/qualitygates/wa/2021.1_ADP1_INT/code/iesd/chs_home/lib/capitalutils.jar:/ies/iesd_data3_nb/iesdwa/qualitygates/wa/2021.1_ADP1_INT/code/iesd/chs_home/lib/capitalapi.jar:/ies/iesd_data3_nb/iesdwa/qualitygates/wa/2021.1_ADP1_INT/code/iesd/chs_home/lib/capitalapiextensions.jar:/ies/iesd_data3_nb/iesdwa/qualitygates/wa/2021.1_ADP1_INT/code/iesd/chs_home/lib/capitalcof.jar:/ies/iesd_data3_nb/iesdwa/qualitygates/wa/2021.1_ADP1_INT/code/iesd/chs_home/lib/capitalapiimpl.jar:/ies/iesd_data3_nb/iesdwa/qualitygates/wa/2021.1_ADP1_INT/code/iesd/chs_home/lib/capitalctf.jar:/ies/iesd_data3_nb/iesdwa/qualitygates/wa/2021.1_ADP1_INT/code/iesd/chs_home/lib/capitalimages.jar:/ies/iesd_data3_nb/iesdwa/qualitygates/wa/2021.1_ADP1_INT/code/iesd/chs_home/lib/capitalcapman.jar:/ies/iesd_data3_nb/iesdwa/qualitygates/wa/2021.1_ADP1_INT/code/iesd/chs_home/lib/capitalautoview.jar:/ies/iesd_data3_nb/iesdwa/qualitygates/wa/2021.1_ADP1_INT/code/iesd/chs_home/lib/capitalcview.jar:/ies/iesd_data3_nb/iesdwa/qualitygates/wa/2021.1_ADP1_INT/code/iesd/chs_home/lib/capitalcofimpl.jar:/ies/iesd_data3_nb/iesdwa/qualitygates/wa/2021.1_ADP1_INT/code/iesd/chs_home/lib/capitalcof_baseimpl.jar:/ies/iesd_data3_nb/iesdwa/qualitygates/wa/2021.1_ADP1_INT/code/iesd/chs_home/lib/capitalcofcafimpl.jar:/ies/iesd_data3_nb/iesdwa/qualitygates/wa/2021.1_ADP1_INT/code/iesd/chs_home/lib/capitalcaf.jar:/ies/iesd_data3_nb/iesdwa/qualitygates/wa/2021.1_ADP1_INT/code/iesd/chs_home/lib/capitalcofutils.jar:/ies/iesd_data3_nb/iesdwa/qualitygates/wa/2021.1_ADP1_INT/code/iesd/chs_home/lib/capitalprofiler.jar:/ies/iesd_data3_nb/iesdwa/qualitygates/wa/2021.1_ADP1_INT/code/iesd/chs_home/lib/capitallogic.jar:/ies/iesd_data3_nb/iesdwa/qualitygates/wa/2021.1_ADP1_INT/code/iesd/chs_home/lib/capitalcanalysis.jar:/ies/iesd_data3_nb/iesdwa/qualitygates/wa/2021.1_ADP1_INT/code/iesd/chs_home/lib/capitalbaseautomation.jar:/ies/iesd_data3_nb/iesdwa/qualitygates/wa/2021.1_ADP1_INT/code/iesd/chs_home/lib/capitalreporterserverutils.jar:/ies/iesd_data3_nb/iesdwa/qualitygates/wa/2021.1_ADP1_INT/code/iesd/chs_home/lib/extensions/servicedoc/extras/servicedoc-commons.jar:/ies/iesd_data3_nb/iesdwa/qualitygates/wa/2021.1_ADP1_INT/code/iesd/chs_home/lib/extensions/servicedoc/mobilepackager.jar:/ies/iesd_data3_nb/iesdwa/qualitygates/wa/2021.1_ADP1_INT/code/iesd/chs_home/lib/extensions/servicedoc/s1000dpackager.jar:/ies/iesd_data3_nb/iesdwa/qualitygates/wa/2021.1_ADP1_INT/code/iesd/chs_home/bld/testlib/capitaltestsanalysis.jar:/ies/iesd_data3_nb/iesdwa/qualitygates/wa/2021.1_ADP1_INT/code/iesd/chs_home/bld/testlib/capitaltestsautoview.jar:/ies/iesd_data3_nb/iesdwa/qualitygates/wa/2021.1_ADP1_INT/code/iesd/chs_home/bld/testlib/capitaltestscof.jar:/ies/iesd_data3_nb/iesdwa/qualitygates/wa/2021.1_ADP1_INT/code/iesd/chs_home/bld/testlib/capitaltestscaf.jar:/ies/iesd_data3_nb/iesdwa/qualitygates/wa/2021.1_ADP1_INT/code/iesd/chs_home/bld/testlib/capitaltestsinterfaces.jar:/ies/iesd_data3_nb/iesdwa/qualitygates/wa/2021.1_ADP1_INT/code/iesd/chs_home/lib/capitaljeda.jar:/ies/iesd_data3_nb/iesdwa/qualitygates/wa/2021.1_ADP1_INT/code/iesd/chs_home/lib/log4j.jar:/ies/iesd_data3_nb/iesdwa/qualitygates/wa/2021.1_ADP1_INT/code/iesd/chs_home/lib/js.jar:/ies/iesd_data3_nb/iesdwa/qualitygates/wa/2021.1_ADP1_INT/code/iesd/chs_home/lib/jdom.jar:/ies/iesd_data3_nb/iesdwa/qualitygates/wa/2021.1_ADP1_INT/code/iesd/chs_home/bld/lib/xmlunit.jar:/ies/iesd_data3_nb/iesdwa/qualitygates/wa/2021.1_ADP1_INT/code/iesd/chs_home/bld/lib/jmockit.jar:/ies/iesd_data3_nb/iesdwa/qualitygates/wa/2021.1_ADP1_INT/code/iesd/chs_home/bld/lib/junit.jar:/ies/iesd_data3_nb/iesdwa/qualitygates/wa/2021.1_ADP1_INT/code/iesd/chs_home/lib/socketio.jar:/ies/iesd_data3_nb/iesdwa/qualitygates/wa/2021.1_ADP1_INT/code/iesd/chs_home/bld/lib/uispec4j.jar:/ies/iesd_data3_nb/iesdwa/qualitygates/wa/2021.1_ADP1_INT/code/iesd/chs_home/bld/lib/jfcunit.jar:/ies/iesd_data3_nb/iesdwa/qualitygates/wa/2021.1_ADP1_INT/code/iesd/chs_home/lib/avalon-framework.jar:/ies/iesd_data3_nb/iesdwa/qualitygates/wa/2021.1_ADP1_INT/code/iesd/chs_home/lib/jacorb.jar:/ies/iesd_data3_nb/iesdwa/qualitygates/wa/2021.1_ADP1_INT/code/iesd/chs_home/lib/jacorb-omgapi.jar:/ies/iesd_data3_nb/iesdwa/qualitygates/wa/2021.1_ADP1_INT/code/iesd/chs_home/lib/slf4j-api.jar:/ies/iesd_data3_nb/iesdwa/qualitygates/wa/2021.1_ADP1_INT/code/iesd/chs_home/lib/slf4j-jdk.jar:/ies/iesd_data3_nb/iesdwa/qualitygates/wa/2021.1_ADP1_INT/code/iesd/chs_home/lib/logkit-1.2.jar:/ies/iesd_data3_nb/iesdwa/qualitygates/wa/2021.1_ADP1_INT/code/iesd/chs_home/bld/ilib/groboutils.jar:/ies/iesd_data3_nb/iesdwa/qualitygates/wa/2021.1_ADP1_INT/code/iesd/chs_home/lib/capitalzipprocessor.jar:/ies/iesd_data3_nb/iesdwa/qualitygates/wa/2021.1_ADP1_INT/code/iesd/chs_home/lib/guava.jar:/ies/iesd_data3_nb/iesdwa/qualitygates/wa/2021.1_ADP1_INT/code/iesd/chs_home/lib/capitalrestresources.jar:/ies/iesd_data3_nb/iesdwa/qualitygates/wa/2021.1_ADP1_INT/code/iesd/chs_home/lib/capitalbridgessdk.jar:/ies/iesd_data3_nb/iesdwa/qualitygates/wa/2021.1_ADP1_INT/code/iesd/chs_home/lib/capitalbridgesui.jar:/ies/iesd_data3_nb/iesdwa/qualitygates/wa/2021.1_ADP1_INT/code/iesd/chs_home/lib/capitalbridges.jar:/ies/iesd_data3_nb/iesdwa/qualitygates/wa/2021.1_ADP1_INT/code/iesd/chs_home/lib/capitalnxinterfaces.jar:/ies/iesd_data3_nb/iesdwa/qualitygates/wa/2021.1_ADP1_INT/code/iesd/chs_home/lib/pdfbox.jar:/ies/iesd_data3_nb/iesdwa/qualitygates/wa/2021.1_ADP1_INT/code/iesd/chs_home/lib/trove.jar:/ies/iesd_data3_nb/iesdwa/qualitygates/wa/2021.1_ADP1_INT/code/iesd/chs_home/lib/batik-anim.jar:/ies/iesd_data3_nb/iesdwa/qualitygates/wa/2021.1_ADP1_INT/code/iesd/chs_home/lib/batik-dom.jar:/ies/iesd_data3_nb/iesdwa/qualitygates/wa/2021.1_ADP1_INT/code/iesd/chs_home/lib/batik-constants.jar:/ies/iesd_data3_nb/iesdwa/qualitygates/wa/2021.1_ADP1_INT/code/iesd/chs_home/lib/batik-i18n.jar:/ies/iesd_data3_nb/iesdwa/qualitygates/wa/2021.1_ADP1_INT/code/iesd/chs_home/lib/jackson-annotations.jar:/ies/iesd_data3_nb/iesdwa/qualitygates/wa/2021.1_ADP1_INT/code/iesd/chs_home/lib/jackson-core.jar:/ies/iesd_data3_nb/iesdwa/qualitygates/wa/2021.1_ADP1_INT/code/iesd/chs_home/lib/jackson-databind.jar:/ies/iesd_data3_nb/iesdwa/qualitygates/wa/2021.1_ADP1_INT/code/iesd/chs_home/lib/jackson-jaxrs-base.jar:/ies/iesd_data3_nb/iesdwa/qualitygates/wa/2021.1_ADP1_INT/code/iesd/chs_home/lib/jackson-jaxrs-json-provider.jar:/ies/iesd_data3_nb/iesdwa/qualitygates/wa/2021.1_ADP1_INT/code/iesd/chs_home/lib/javafx/Linux/lib/javafx-swt.jar:/ies/iesd_data3_nb/iesdwa/qualitygates/wa/2021.1_ADP1_INT/code/iesd/chs_home/lib/javafx/Linux/lib/javafx.base.jar:/ies/iesd_data3_nb/iesdwa/qualitygates/wa/2021.1_ADP1_INT/code/iesd/chs_home/lib/javafx/Linux/lib/javafx.controls.jar:/ies/iesd_data3_nb/iesdwa/qualitygates/wa/2021.1_ADP1_INT/code/iesd/chs_home/lib/javafx/Linux/lib/javafx.fxml.jar:/ies/iesd_data3_nb/iesdwa/qualitygates/wa/2021.1_ADP1_INT/code/iesd/chs_home/lib/javafx/Linux/lib/javafx.graphics.jar:/ies/iesd_data3_nb/iesdwa/qualitygates/wa/2021.1_ADP1_INT/code/iesd/chs_home/lib/javafx/Linux/lib/javafx.media.jar:/ies/iesd_data3_nb/iesdwa/qualitygates/wa/2021.1_ADP1_INT/code/iesd/chs_home/lib/javafx/Linux/lib/javafx.swing.jar:/ies/iesd_data3_nb/iesdwa/qualitygates/wa/2021.1_ADP1_INT/code/iesd/chs_home/lib/javafx/Linux/lib/javafx.web.jar:/ies/iesd_data3_nb/iesdwa/qualitygates/wa/2021.1_ADP1_INT/code/iesd/chs_home/lib/jaxb-api.jar:/ies/iesd_data3_nb/iesdwa/qualitygates/wa/2021.1_ADP1_INT/code/iesd/chs_home/lib/jaxb-impl.jar:/ies/iesd_data3_nb/iesdwa/qualitygates/wa/2021.1_ADP1_INT/code/iesd/chs_home/lib/jaxb-core.jar:/ies/iesd_data3_nb/iesdwa/qualitygates/wa/2021.1_ADP1_INT/code/iesd/chs_home/lib/assertj-core.jar:/ies/iesd_data3_nb/iesdwa/qualitygates/wa/2021.1_ADP1_INT/code/iesd/chs_home/adaptors/lib/capitaltc.jar:/ies/iesd_data3_nb/iesdwa/qualitygates/wa/2021.1_ADP1_INT/code/iesd/chs_home/bld/testlib/capitaltestbridges.jar:/ies/iesd_data3_nb/iesdwa/qualitygates/wa/2021.1_ADP1_INT/code/iesd/chs_home/lib/owasp-java-html-sanitizer.jar:/ies/iesd_data3_nb/iesdwa/qualitygates/wa/2021.1_ADP1_INT/code/iesd/chs_home/lib/capitalresources.jar:/ies/iesd_data3_nb/iesdwa/qualitygates/wa/2021.1_ADP1_INT/code/iesd/chs_home/bld/testlib/capitaltestlogic.jar:/ies/iesd_data3_nb/iesdwa/qualitygates/wa/2021.1_ADP1_INT/code/iesd/chs_home/lib/capitalclibrary.jar:/ies/iesd_data3_nb/iesdwa/qualitygates/wa/2021.1_ADP1_INT/code/iesd/chs_home/lib/capitalpluginapi.jar:/ies/iesd_data3_nb/iesdwa/qualitygates/wa/2021.1_ADP1_INT/code/iesd/chs_home/lib/capitalapigen.jar:/ies/iesd_data3_nb/iesdwa/qualitygates/wa/2021.1_ADP1_INT/code/iesd/chs_home/lib/itext.jar:/ies/iesd_data3_nb/iesdwa/qualitygates/wa/2021.1_ADP1_INT/code/iesd/chs_home/lib/capitalcommon.jar:/ies/iesd_data3_nb/iesdwa/qualitygates/wa/2021.1_ADP1_INT/code/iesd/chs_home/lib/casbase.jar:/ies/iesd_data3_nb/iesdwa/qualitygates/wa/2021.1_ADP1_INT/code/iesd/chs_home/bld/lib/jdom.jar:/ies/iesd_data3_nb/iesdwa/qualitygates/wa/2021.1_ADP1_INT/code/iesd/chs_home/adaptors/lib/capitalnwf.jar:/ies/iesd_data3_nb/iesdwa/qualitygates/wa/2021.1_ADP1_INT/code/iesd/chs_home/adaptors/lib/capitalproe.jar:/ies/iesd_data3_nb/iesdwa/qualitygates/wa/2021.1_ADP1_INT/code/iesd/chs_home/adaptors/lib/capitalroutelist.jar:/ies/iesd_data3_nb/iesdwa/qualitygates/wa/2021.1_ADP1_INT/code/iesd/chs_home/adaptors/lib/capitalixf.jar:/ies/iesd_data3_nb/iesdwa/qualitygates/wa/2021.1_ADP1_INT/code/iesd/chs_home/adaptors/lib/capitalugsnx2.jar:/ies/iesd_data3_nb/iesdwa/qualitygates/wa/2021.1_ADP1_INT/code/iesd/chs_home/adaptors/lib/capitaldsi.jar:/ies/iesd_data3_nb/iesdwa/qualitygates/wa/2021.1_ADP1_INT/code/iesd/chs_home/adaptors/lib/capitalap212.jar:/ies/iesd_data3_nb/iesdwa/qualitygates/wa/2021.1_ADP1_INT/code/iesd/chs_home/adaptors/lib/capitalkbl.jar:/ies/iesd_data3_nb/iesdwa/qualitygates/wa/2021.1_ADP1_INT/code/iesd/chs_home/adaptors/lib/capitalhcv.jar:/ies/iesd_data3_nb/iesdwa/qualitygates/wa/2021.1_ADP1_INT/code/iesd/chs_home/bld/lib/pdfrenderer.jar:/ies/iesd_data3_nb/iesdwa/qualitygates/wa/2021.1_ADP1_INT/code/iesd/chs_home/lib/hsqldb.jar:/ies/iesd_data3_nb/iesdwa/qualitygates/wa/2021.1_ADP1_INT/code/iesd/chs_home/bld/lib/xalan.jar:/ies/iesd_data3_nb/iesdwa/qualitygates/wa/2021.1_ADP1_INT/code/iesd/chs_home/lib/saxon.jar:/ies/iesd_data3_nb/iesdwa/qualitygates/wa/2021.1_ADP1_INT/code/iesd/chs_home/lib/saxon-dom.jar:/ies/iesd_data3_nb/iesdwa/qualitygates/wa/2021.1_ADP1_INT/code/iesd/chs_home/lib/jetty-schemas.jar:/ies/iesd_data3_nb/iesdwa/qualitygates/wa/2021.1_ADP1_INT/code/iesd/chs_home/lib/jetty-security.jar:/ies/iesd_data3_nb/iesdwa/qualitygates/wa/2021.1_ADP1_INT/code/iesd/chs_home/lib/jetty-server.jar:/ies/iesd_data3_nb/iesdwa/qualitygates/wa/2021.1_ADP1_INT/code/iesd/chs_home/lib/jetty-servlet.jar:/ies/iesd_data3_nb/iesdwa/qualitygates/wa/2021.1_ADP1_INT/code/iesd/chs_home/lib/jetty-servlets.jar:/ies/iesd_data3_nb/iesdwa/qualitygates/wa/2021.1_ADP1_INT/code/iesd/chs_home/lib/jetty-util.jar:/ies/iesd_data3_nb/iesdwa/qualitygates/wa/2021.1_ADP1_INT/code/iesd/chs_home/lib/jetty-webapp.jar:/ies/iesd_data3_nb/iesdwa/qualitygates/wa/2021.1_ADP1_INT/code/iesd/chs_home/lib/jetty-xml.jar:/ies/iesd_data3_nb/iesdwa/qualitygates/wa/2021.1_ADP1_INT/code/iesd/chs_home/lib/apache-jsp.jar:/ies/iesd_data3_nb/iesdwa/qualitygates/wa/2021.1_ADP1_INT/code/iesd/chs_home/lib/taglibs-standard-impl.jar:/ies/iesd_data3_nb/iesdwa/qualitygates/wa/2021.1_ADP1_INT/code/iesd/chs_home/lib/taglibs-standard-spec.jar:/ies/iesd_data3_nb/iesdwa/qualitygates/wa/2021.1_ADP1_INT/code/iesd/chs_home/lib/apache-jsp-8.jar:/ies/iesd_data3_nb/iesdwa/qualitygates/wa/2021.1_ADP1_INT/code/iesd/chs_home/lib/apache-el-8.jar:/ies/iesd_data3_nb/iesdwa/qualitygates/wa/2021.1_ADP1_INT/code/iesd/chs_home/lib/javax.annotation-api.jar:/ies/iesd_data3_nb/iesdwa/qualitygates/wa/2021.1_ADP1_INT/code/iesd/chs_home/lib/asm.jar:/ies/iesd_data3_nb/iesdwa/qualitygates/wa/2021.1_ADP1_INT/code/iesd/chs_home/lib/asm-commons.jar:/ies/iesd_data3_nb/iesdwa/qualitygates/wa/2021.1_ADP1_INT/code/iesd/chs_home/lib/asm-tree.jar:/ies/iesd_data3_nb/iesdwa/qualitygates/wa/2021.1_ADP1_INT/code/iesd/chs_home/lib/ecj.jar:/ies/iesd_data3_nb/iesdwa/qualitygates/wa/2021.1_ADP1_INT/code/iesd/chs_home/lib/servlet-api-3.1.jar:/ies/iesd_data3_nb/iesdwa/qualitygates/wa/2021.1_ADP1_INT/code/iesd/chs_home/lib/jetty-annotations.jar:/ies/iesd_data3_nb/iesdwa/qualitygates/wa/2021.1_ADP1_INT/code/iesd/chs_home/lib/jetty-client.jar:/ies/iesd_data3_nb/iesdwa/qualitygates/wa/2021.1_ADP1_INT/code/iesd/chs_home/lib/jetty-continuation.jar:/ies/iesd_data3_nb/iesdwa/qualitygates/wa/2021.1_ADP1_INT/code/iesd/chs_home/lib/jetty-http.jar:/ies/iesd_data3_nb/iesdwa/qualitygates/wa/2021.1_ADP1_INT/code/iesd/chs_home/lib/jetty-io.jar:/ies/iesd_data3_nb/iesdwa/qualitygates/wa/2021.1_ADP1_INT/code/iesd/chs_home/lib/jetty-jmx.jar:/ies/iesd_data3_nb/iesdwa/qualitygates/wa/2021.1_ADP1_INT/code/iesd/chs_home/lib/jetty-jndi.jar:/ies/iesd_data3_nb/iesdwa/qualitygates/wa/2021.1_ADP1_INT/code/iesd/chs_home/lib/jetty-plus.jar:/ies/iesd_data3_nb/iesdwa/qualitygates/wa/2021.1_ADP1_INT/code/iesd/chs_home/lib/jetty-proxy.jar:/ies/iesd_data3_nb/iesdwa/qualitygates/wa/2021.1_ADP1_INT/code/iesd/chs_home/lib/batik-awt-util.jar:/ies/iesd_data3_nb/iesdwa/qualitygates/wa/2021.1_ADP1_INT/code/iesd/chs_home/lib/batik-bridge.jar:/ies/iesd_data3_nb/iesdwa/qualitygates/wa/2021.1_ADP1_INT/code/iesd/chs_home/lib/batik-codec.jar:/ies/iesd_data3_nb/iesdwa/qualitygates/wa/2021.1_ADP1_INT/code/iesd/chs_home/lib/batik-css.jar:/ies/iesd_data3_nb/iesdwa/qualitygates/wa/2021.1_ADP1_INT/code/iesd/chs_home/lib/batik-ext.jar:/ies/iesd_data3_nb/iesdwa/qualitygates/wa/2021.1_ADP1_INT/code/iesd/chs_home/lib/batik-extension.jar:/ies/iesd_data3_nb/iesdwa/qualitygates/wa/2021.1_ADP1_INT/code/iesd/chs_home/lib/batik-gui-util.jar:/ies/iesd_data3_nb/iesdwa/qualitygates/wa/2021.1_ADP1_INT/code/iesd/chs_home/lib/batik-gvt.jar:/ies/iesd_data3_nb/iesdwa/qualitygates/wa/2021.1_ADP1_INT/code/iesd/chs_home/lib/batik-parser.jar:/ies/iesd_data3_nb/iesdwa/qualitygates/wa/2021.1_ADP1_INT/code/iesd/chs_home/lib/batik-script.jar:/ies/iesd_data3_nb/iesdwa/qualitygates/wa/2021.1_ADP1_INT/code/iesd/chs_home/lib/batik-svg-dom.jar:/ies/iesd_data3_nb/iesdwa/qualitygates/wa/2021.1_ADP1_INT/code/iesd/chs_home/lib/batik-svggen.jar:/ies/iesd_data3_nb/iesdwa/qualitygates/wa/2021.1_ADP1_INT/code/iesd/chs_home/lib/batik-swing.jar:/ies/iesd_data3_nb/iesdwa/qualitygates/wa/2021.1_ADP1_INT/code/iesd/chs_home/lib/batik-transcoder.jar:/ies/iesd_data3_nb/iesdwa/qualitygates/wa/2021.1_ADP1_INT/code/iesd/chs_home/lib/batik-util.jar:/ies/iesd_data3_nb/iesdwa/qualitygates/wa/2021.1_ADP1_INT/code/iesd/chs_home/lib/batik-xml.jar:/ies/iesd_data3_nb/iesdwa/qualitygates/wa/2021.1_ADP1_INT/code/iesd/chs_home/lib/xml-apis.jar:/ies/iesd_data3_nb/iesdwa/qualitygates/wa/2021.1_ADP1_INT/code/iesd/chs_home/lib/xml-apis-ext.jar:/ies/iesd_data3_nb/iesdwa/qualitygates/wa/2021.1_ADP1_INT/code/iesd/chs_home/lib/xalan.jar:/ies/iesd_data3_nb/iesdwa/qualitygates/wa/2021.1_ADP1_INT/code/iesd/chs_home/lib/commons-io.jar:/ies/iesd_data3_nb/iesdwa/qualitygates/wa/2021.1_ADP1_INT/code/iesd/chs_home/lib/fop.jar:/ies/iesd_data3_nb/iesdwa/qualitygates/wa/2021.1_ADP1_INT/code/iesd/chs_home/lib/commons-logging.jar:/ies/iesd_data3_nb/iesdwa/qualitygates/wa/2021.1_ADP1_INT/code/iesd/chs_home/lib/commons-math.jar:/ies/iesd_data3_nb/iesdwa/qualitygates/wa/2021.1_ADP1_INT/code/iesd/chs_home/lib/commons-xmlgraphics.jar:/ies/iesd_data3_nb/iesdwa/qualitygates/wa/2021.1_ADP1_INT/code/iesd/chs_home/lib/jtidy.jar:/ies/iesd_data3_nb/iesdwa/qualitygates/wa/2021.1_ADP1_INT/code/iesd/chs_home/lib/capitalans.jar:/ies/iesd_data3_nb/iesdwa/qualitygates/wa/2021.1_ADP1_INT/code/iesd/chs_home/lib/fontbox.jar:/ies/iesd_data3_nb/iesdwa/qualitygates/wa/2021.1_ADP1_INT/code/iesd/chs_home/lib/lucene-core.jar:/ies/iesd_data3_nb/iesdwa/qualitygates/wa/2021.1_ADP1_INT/code/iesd/chs_home/lib/lucene-analyzers-common.jar:/ies/iesd_data3_nb/iesdwa/qualitygates/wa/2021.1_ADP1_INT/code/iesd/chs_home/lib/jsoup.jar:/ies/iesd_data3_nb/iesdwa/qualitygates/wa/2021.1_ADP1_INT/code/iesd/chs_home/lib/capitaljms.jar:/ies/iesd_data3_nb/iesdwa/qualitygates/wa/2021.1_ADP1_INT/code/iesd/chs_home/lib/capitalupdaterutils.jar:/ies/iesd_data3_nb/iesdwa/qualitygates/wa/2021.1_ADP1_INT/code/iesd/chs_home/lib/javax.activation-api.jar:/ies/iesd_data3_nb/iesdwa/qualitygates/wa/2021.1_ADP1_INT/code/iesd/chs_home/lib/javax.xml.soap-api.jar:/ies/iesd_data3_nb/iesdwa/qualitygates/wa/2021.1_ADP1_INT/code/iesd/chs_home/lib/jaxws-api.jar:/ies/iesd_data3_nb/iesdwa/qualitygates/wa/2021.1_ADP1_INT/code/iesd/chs_home/lib/jboss-rmi-api.jar:/ies/iesd_data3_nb/iesdwa/qualitygates/wa/2021.1_ADP1_INT/code/iesd/chs_home/lib/sanj.jar:/ies/iesd_data3_nb/iesdwa/qualitygates/wa/2021.1_ADP1_INT/code/iesd/infrastructure_src/src/third_party/cobertura/cobertura.jar:/ies/iesd_data3_nb/iesdwa/qualitygates/wa/2021.1_ADP1_INT/code/iesd/infrastructure_src/src/third_party/cobertura/lib/asm-3.0.jar:/ies/iesd_data3_nb/iesdwa/qualitygates/wa/2021.1_ADP1_INT/code/iesd/infrastructure_src/src/third_party/cobertura/lib/asm-tree-3.0.jar:/ies/iesd_data3_nb/iesdwa/qualitygates/wa/2021.1_ADP1_INT/code/iesd/infrastructure_src/src/third_party/cobertura/lib/jakarta-oro-2.0.8.jar:/ies/iesd_data3_nb/iesdwa/qualitygates/wa/2021.1_ADP1_INT/code/iesd/infrastructure_src/src/third_party/cobertura/lib/log4j-1.2.9.jar:/ies/iesd_data3_nb/iesdwa/qualitygates/wa/2021.1_ADP1_INT/code/iesd/chs_home/bld/lib/hamcrest-core.jar:/ies/iesd_data3_nb/iesdwa/qualitygates/wa/2021.1_ADP1_INT/code/iesd/chs_home/bld/lib/cacio-tta.jar:/ies/iesd_data3_nb/iesdwa/qualitygates/wa/2021.1_ADP1_INT/code/iesd/chs_home/bld/lib/cacio-shared.jar:/ies/iesd_data3_nb/iesdwa/qualitygates/wa/2021.1_ADP1_INT/code/iesd/infrastructure_src/src/third_party/assertj-swing/assertj-core.jar:/ies/iesd_data3_nb/iesdwa/qualitygates/wa/2021.1_ADP1_INT/code/iesd/chs_home/bld/ilib/junit-jacoco-ant.jar:/ies/iesd_data3_nb/iesdwa/qualitygates/wa/2021.1_ADP1_INT/code/iesd/chs_home/bld/jacoco/lib/jacocoagent.jar:/ies/iesd_data3_nb/iesdwa/qualitygates/wa/2021.1_ADP1_INT/code/iesd/chs_home/bld/lib/ant-launcher.jar:/ies/iesd_data3_nb/iesdwa/qualitygates/wa/2021.1_ADP1_INT/code/iesd/chs_home/bld/lib/ant.jar:/ies/iesd_data3_nb/iesdwa/qualitygates/wa/2021.1_ADP1_INT/code/iesd/chs_home/bld/lib/ant-junit.jar:/ies/iesd_data3_nb/iesdwa/qualitygates/wa/2021.1_ADP1_INT/code/iesd/chs_home/bld/lib/ant-junit4.jar" />
    <property name="env.REQNAME" value="gridrunner.sh" />
    <property name="nodejs_npm.executable" value="/ies/iesd_data3_nb/iesdwa/qualitygates/wa/2021.1_ADP1_INT/code/iesd/chs_home/bld/nodejs/linux/bin/npm" />
    <property name="publisher.javascript.unittest.coverage" value="/ies/iesd_data3_nb/iesdwa/qualitygates/wa/2021.1_ADP1_INT/code/iesd/chs_home/bld/js_uts" />
    <property name="junit.showoutput" value="false" />
    <property name="DEBUG" value="on" />
    <property name="env.SGE_BINARY_PATH" value="/ies/grid/uge86/bin/lx-amd64" />
    <property name="env.SGE_ACCOUNT" value="sge" />
    <property name="junit.haltonfailure" value="no" />
    <property name="env.NSLOTS" value="1" />
    <property name="env.ANT_OPTS" value="-Xmx2G -Dfile.encoding=iso-8859-1" />
    <property name="java.vm.version" value="11.0.4-ojdkbuild+11" />
    <property name="build" value="build" />
    <property name="ant.file.type.GradleSupport" value="file" />
    <property name="build.version.sub" value="1" />
    <property name="chsbuildtools_home" value="/ies/iesd_data3_nb/iesdwa/qualitygates/wa/2021.1_ADP1_INT/code/iesd/chs_home/bld" />
    <property name="capital.timestampserver.url" value="http://timestamp.entrust.net/TSS/JavaHttpTS" />
    <property name="gradle.executable" value="/ies/iesd_data3_nb/iesdwa/qualitygates/wa/2021.1_ADP1_INT/code/iesd/chs_home/bld/gradle/bin/gradle" />
    <property name="env.SGE_EXECD_PORT" value="6471" />
  </properties>
  <testcase classname="chs.caplets.logic.tests.EditHarnessAttributeTest" name="dts0100678844" time="5.376" />
  <testcase classname="chs.caplets.logic.tests.EditHarnessAttributeTest" name="dts0100766928" time="2.967">
    <failure message="Rendered image differs from the reference copy - &#xa;    Diffs: &apos;/ies/iesd_data4_nb/qualitygates/iesd-21.1/2021.1_ADP1_INT/code/iesd/chs_home/bld/testdata/temp/chs/caplets/logic/tests/EditHarnessAttributeTest/DIFF-dts0100766928-Design1-Diagram1.png&apos;&#xa;    Rendered: &apos;/ies/iesd_data4_nb/qualitygates/iesd-21.1/2021.1_ADP1_INT/code/iesd/chs_home/bld/testdata/temp/chs/caplets/logic/tests/EditHarnessAttributeTest/RENDERED-dts0100766928-Design1-Diagram1.png&apos;&#xa;    Golden: &apos;/ies/iesd_data4_nb/qualitygates/iesd-21.1/2021.1_ADP1_INT/code/iesd/clogic_src/tests/testdata/chs/caplets/logic/tests/EditHarnessAttributeTest/dts0100766928-Design1-Diagram1.png&apos;" type="junit.framework.AssertionFailedError">junit.framework.AssertionFailedError: Rendered image differs from the reference copy - 
    Diffs: &apos;/ies/iesd_data4_nb/qualitygates/iesd-21.1/2021.1_ADP1_INT/code/iesd/chs_home/bld/testdata/temp/chs/caplets/logic/tests/EditHarnessAttributeTest/DIFF-dts0100766928-Design1-Diagram1.png&apos;
    Rendered: &apos;/ies/iesd_data4_nb/qualitygates/iesd-21.1/2021.1_ADP1_INT/code/iesd/chs_home/bld/testdata/temp/chs/caplets/logic/tests/EditHarnessAttributeTest/RENDERED-dts0100766928-Design1-Diagram1.png&apos;
    Golden: &apos;/ies/iesd_data4_nb/qualitygates/iesd-21.1/2021.1_ADP1_INT/code/iesd/clogic_src/tests/testdata/chs/caplets/logic/tests/EditHarnessAttributeTest/dts0100766928-Design1-Diagram1.png&apos;
	at chs.CAFTestCase.recordFailure(CAFTestCase.java:1655)
	at chs.CAFTestCase.compareAndCheckImage(CAFTestCase.java:1750)
	at chs.CAFTestCase.runTest(CAFTestCase.java:1707)
	at chs.CAFTestCase.runTestRender(CAFTestCase.java:1669)
	at chs.CAFTestCase.runTestRender(CAFTestCase.java:1661)
	at chs.caplets.logic.tests.EditHarnessAttributeTest.doRunTestRender(EditHarnessAttributeTest.java:520)
	at chs.caplets.logic.tests.EditHarnessAttributeTest.runCHSTest(EditHarnessAttributeTest.java:241)
	at chs.ValidateableTestCase.runTest(Unknown Source)
</failure>
  </testcase>
  <testcase classname="chs.caplets.logic.tests.EditHarnessAttributeTest" name="dts0100879100" time="0.528" />
  <testcase classname="chs.caplets.logic.tests.EditHarnessAttributeTest" name="dts0100879133" time="0.388" />
  <testcase classname="chs.caplets.logic.tests.EditHarnessAttributeTest" name="starter" time="1.278" />
  <testcase classname="chs.caplets.logic.tests.EditHarnessAttributeTest" name="testHarnessNotUpdatedWhenChangePolicyProhibitsHarnessUpdation" time="0.104" />
  <testcase classname="chs.caplets.logic.tests.EditHarnessAttributeTest" name="testEditHarnessAttributeActionOnUnplacedObjects" time="0.086" />
  <testcase classname="chs.caplets.logic.tests.EditHarnessAttributeTest" name="testHarnessNotUpdatedWhenChangePolicyProhibitsHarnessUpdationOnShared" time="0.088" />
  <system-out><![CDATA[====== Plugins will NOT be loaded ========
  If the test expects plugins then override CAFTestCase.disablePlugins
==========================================
//
//  V2021.1.1 [Build 475] (BETA) - 4 May 2021 (23:34 IST)
// [Commit: c25fcdc17558a0e41b353d5f128158550d4a8a41]
// Copyright Mentor Graphics Corporation 2001-2021.
//   All Rights Reserved.
//
// This software is in pre-production form and is considered to be Beta Code that is subject to the terms of the current Mentor Graphics End-User License Agreement or your signed agreement with Mentor Graphics that contains beta terms, whichever applies
//
//  **** DEVELOPER BUILD - INTERNAL USE ONLY, NOT FOR DISTRIBUTION
//  **** Java Assertions enabled
//  Allocated Maximum Heap Size = 1024Mb
//  Application start time 2021-05-05 12:34:43 AM Coordinated Universal Time, using date format yyyy-MM-dd
//  Using JRE version 11.0.4-ojdkbuild at /ies/iesd_data11/iesdgridhome/tools/appsroot/aol/java/jdk-11.0.4
//
Loading adaptor declarations from: /ies/iesd_data4_nb/qualitygates/iesd-21.1/2021.1_ADP1_INT/code/iesd/chs_home/adaptors/adaptors.xml
APP: Object Model Validation Level: HIGH 
APP: Capital Logic initialized.
APP: This software is in pre-production form and is considered to be Beta Code that is subject to the terms of the current Mentor Graphics End-User License Agreement or your signed agreement with Mentor Graphics that contains beta terms, whichever applies
Menu Type: LOGIC_ASSEMBLY
	 Num actions found: 0
Menu Type: SMART_FLOW_CONTEXT
	 Num actions found: 0
Using /ies/iesd_data4_nb/qualitygates/iesd-21.1/2021.1_ADP1_INT/code/iesd/clogic_src/tests/testdata/chs/caplets/logic/tests/EditHarnessAttributeTest/
TestExecutionOrder=1,Test=EditHarnessAttributeTest,TestCaseName=dts0100678844
Using /ies/iesd_data4_nb/qualitygates/iesd-21.1/2021.1_ADP1_INT/code/iesd/clogic_src/tests/testdata/chs/caplets/logic/tests/EditHarnessAttributeTest/dts0100678844.xml
TestExecutionOrder=2,Test=EditHarnessAttributeTest,TestCaseName=dts0100766928
Using /ies/iesd_data4_nb/qualitygates/iesd-21.1/2021.1_ADP1_INT/code/iesd/clogic_src/tests/testdata/chs/caplets/logic/tests/EditHarnessAttributeTest/dts0100766928.xml
Using /ies/iesd_data4_nb/qualitygates/iesd-21.1/2021.1_ADP1_INT/code/iesd/clogic_src/tests/testdata/chs/caplets/logic/tests/EditHarnessAttributeTest/dts0100766928.xml
Using /ies/iesd_data4_nb/qualitygates/iesd-21.1/2021.1_ADP1_INT/code/iesd/clogic_src/tests/testdata/chs/caplets/logic/tests/EditHarnessAttributeTest/other/Style-dts0100766928.xml
Using /ies/iesd_data4_nb/qualitygates/iesd-21.1/2021.1_ADP1_INT/code/iesd/clogic_src/tests/testdata/chs/caplets/logic/tests/EditHarnessAttributeTest/
TestExecutionOrder=3,Test=EditHarnessAttributeTest,TestCaseName=dts0100879100
Using /ies/iesd_data4_nb/qualitygates/iesd-21.1/2021.1_ADP1_INT/code/iesd/clogic_src/tests/testdata/chs/caplets/logic/tests/EditHarnessAttributeTest/dts0100879100.xml
TestExecutionOrder=4,Test=EditHarnessAttributeTest,TestCaseName=dts0100879133
Using /ies/iesd_data4_nb/qualitygates/iesd-21.1/2021.1_ADP1_INT/code/iesd/clogic_src/tests/testdata/chs/caplets/logic/tests/EditHarnessAttributeTest/dts0100879133.xml
TestExecutionOrder=5,Test=EditHarnessAttributeTest,TestCaseName=starter
Using /ies/iesd_data4_nb/qualitygates/iesd-21.1/2021.1_ADP1_INT/code/iesd/clogic_src/tests/testdata/chs/caplets/logic/tests/EditHarnessAttributeTest/starter.xml
TestExecutionOrder=6,Test=EditHarnessAttributeTest,TestCaseName=testHarnessNotUpdatedWhenChangePolicyProhibitsHarnessUpdation
TestExecutionOrder=7,Test=EditHarnessAttributeTest,TestCaseName=testEditHarnessAttributeActionOnUnplacedObjects
TestExecutionOrder=8,Test=EditHarnessAttributeTest,TestCaseName=testHarnessNotUpdatedWhenChangePolicyProhibitsHarnessUpdationOnShared
]]></system-out>
  <system-err><![CDATA[CapitalAnalysis: getAnalysisDir returns _/ies/iesd_data3_nb/iesdwa/qualitygates/wa/2021.1_ADP1_INT/code/iesd/chs_home_
CapitalAnalysis: failed to load analysis from _/ies/iesd_data3_nb/iesdwa/qualitygates/wa/2021.1_ADP1_INT/code/iesd/chs_home_

***** Analysis: could not be loaded.
***** The version of Analysis installed in /ies/iesd_data3_nb/iesdwa/qualitygates/wa/2021.1_ADP1_INT/code/iesd/chs_home may be incompatible with this application.
***** (This failure is responsible for any exception noted directly before this note in this log file)
********************************************************
***           CapitalAnalysis Environment               
*** AS_DIR  = /ies/iesd_data3_nb/iesdwa/qualitygates/wa/2021.1_ADP1_INT/code/iesd/chs_home
*** CP      = /ies/iesd_data3_nb/iesdwa/qualitygates/wa/2021.1_ADP1_INT/code/iesd/chs_home/lib/xerces.jar:/ies/iesd_data3_nb/iesdwa/qualitygates/wa/2021.1_ADP1_INT/code/iesd/chs_home/lib/annotations.jar:/ies/iesd_data3_nb/iesdwa/qualitygates/wa/2021.1_ADP1_INT/code/iesd/chs_home/lib/commons-codec.jar:/ies/iesd_data3_nb/iesdwa/qualitygates/wa/2021.1_ADP1_INT/code/iesd/chs_home/lib/capitalcommonlang.jar:/ies/iesd_data3_nb/iesdwa/qualitygates/wa/2021.1_ADP1_INT/code/iesd/chs_home/lib/capitalwindowslandf.jar:/ies/iesd_data3_nb/iesdwa/qualitygates/wa/2021.1_ADP1_INT/code/iesd/chs_home/lib/capitalannotations.jar:/ies/iesd_data3_nb/iesdwa/qualitygates/wa/2021.1_ADP1_INT/code/iesd/chs_home/lib/capitalutils.jar:/ies/iesd_data3_nb/iesdwa/qualitygates/wa/2021.1_ADP1_INT/code/iesd/chs_home/lib/capitalapi.jar:/ies/iesd_data3_nb/iesdwa/qualitygates/wa/2021.1_ADP1_INT/code/iesd/chs_home/lib/capitalapiextensions.jar:/ies/iesd_data3_nb/iesdwa/qualitygates/wa/2021.1_ADP1_INT/code/iesd/chs_home/lib/capitalcof.jar:/ies/iesd_data3_nb/iesdwa/qualitygates/wa/2021.1_ADP1_INT/code/iesd/chs_home/lib/capitalapiimpl.jar:/ies/iesd_data3_nb/iesdwa/qualitygates/wa/2021.1_ADP1_INT/code/iesd/chs_home/lib/capitalctf.jar:/ies/iesd_data3_nb/iesdwa/qualitygates/wa/2021.1_ADP1_INT/code/iesd/chs_home/lib/capitalimages.jar:/ies/iesd_data3_nb/iesdwa/qualitygates/wa/2021.1_ADP1_INT/code/iesd/chs_home/lib/capitalcapman.jar:/ies/iesd_data3_nb/iesdwa/qualitygates/wa/2021.1_ADP1_INT/code/iesd/chs_home/lib/capitalautoview.jar:/ies/iesd_data3_nb/iesdwa/qualitygates/wa/2021.1_ADP1_INT/code/iesd/chs_home/lib/capitalcview.jar:/ies/iesd_data3_nb/iesdwa/qualitygates/wa/2021.1_ADP1_INT/code/iesd/chs_home/lib/capitalcofimpl.jar:/ies/iesd_data3_nb/iesdwa/qualitygates/wa/2021.1_ADP1_INT/code/iesd/chs_home/lib/capitalcof_baseimpl.jar:/ies/iesd_data3_nb/iesdwa/qualitygates/wa/2021.1_ADP1_INT/code/iesd/chs_home/lib/capitalcofcafimpl.jar:/ies/iesd_data3_nb/iesdwa/qualitygates/wa/2021.1_ADP1_INT/code/iesd/chs_home/lib/capitalcaf.jar:/ies/iesd_data3_nb/iesdwa/qualitygates/wa/2021.1_ADP1_INT/code/iesd/chs_home/lib/capitalcofutils.jar:/ies/iesd_data3_nb/iesdwa/qualitygates/wa/2021.1_ADP1_INT/code/iesd/chs_home/lib/capitalprofiler.jar:/ies/iesd_data3_nb/iesdwa/qualitygates/wa/2021.1_ADP1_INT/code/iesd/chs_home/lib/capitallogic.jar:/ies/iesd_data3_nb/iesdwa/qualitygates/wa/2021.1_ADP1_INT/code/iesd/chs_home/lib/capitalcanalysis.jar:/ies/iesd_data3_nb/iesdwa/qualitygates/wa/2021.1_ADP1_INT/code/iesd/chs_home/lib/capitalbaseautomation.jar:/ies/iesd_data3_nb/iesdwa/qualitygates/wa/2021.1_ADP1_INT/code/iesd/chs_home/lib/capitalreporterserverutils.jar:/ies/iesd_data3_nb/iesdwa/qualitygates/wa/2021.1_ADP1_INT/code/iesd/chs_home/lib/extensions/servicedoc/extras/servicedoc-commons.jar:/ies/iesd_data3_nb/iesdwa/qualitygates/wa/2021.1_ADP1_INT/code/iesd/chs_home/lib/extensions/servicedoc/mobilepackager.jar:/ies/iesd_data3_nb/iesdwa/qualitygates/wa/2021.1_ADP1_INT/code/iesd/chs_home/lib/extensions/servicedoc/s1000dpackager.jar:/ies/iesd_data3_nb/iesdwa/qualitygates/wa/2021.1_ADP1_INT/code/iesd/chs_home/bld/testlib/capitaltestsanalysis.jar:/ies/iesd_data3_nb/iesdwa/qualitygates/wa/2021.1_ADP1_INT/code/iesd/chs_home/bld/testlib/capitaltestsautoview.jar:/ies/iesd_data3_nb/iesdwa/qualitygates/wa/2021.1_ADP1_INT/code/iesd/chs_home/bld/testlib/capitaltestscof.jar:/ies/iesd_data3_nb/iesdwa/qualitygates/wa/2021.1_ADP1_INT/code/iesd/chs_home/bld/testlib/capitaltestscaf.jar:/ies/iesd_data3_nb/iesdwa/qualitygates/wa/2021.1_ADP1_INT/code/iesd/chs_home/bld/testlib/capitaltestsinterfaces.jar:/ies/iesd_data3_nb/iesdwa/qualitygates/wa/2021.1_ADP1_INT/code/iesd/chs_home/lib/capitaljeda.jar:/ies/iesd_data3_nb/iesdwa/qualitygates/wa/2021.1_ADP1_INT/code/iesd/chs_home/lib/log4j.jar:/ies/iesd_data3_nb/iesdwa/qualitygates/wa/2021.1_ADP1_INT/code/iesd/chs_home/lib/js.jar:/ies/iesd_data3_nb/iesdwa/qualitygates/wa/2021.1_ADP1_INT/code/iesd/chs_home/lib/jdom.jar:/ies/iesd_data3_nb/iesdwa/qualitygates/wa/2021.1_ADP1_INT/code/iesd/chs_home/bld/lib/xmlunit.jar:/ies/iesd_data3_nb/iesdwa/qualitygates/wa/2021.1_ADP1_INT/code/iesd/chs_home/bld/lib/jmockit.jar:/ies/iesd_data3_nb/iesdwa/qualitygates/wa/2021.1_ADP1_INT/code/iesd/chs_home/bld/lib/junit.jar:/ies/iesd_data3_nb/iesdwa/qualitygates/wa/2021.1_ADP1_INT/code/iesd/chs_home/lib/socketio.jar:/ies/iesd_data3_nb/iesdwa/qualitygates/wa/2021.1_ADP1_INT/code/iesd/chs_home/bld/lib/uispec4j.jar:/ies/iesd_data3_nb/iesdwa/qualitygates/wa/2021.1_ADP1_INT/code/iesd/chs_home/bld/lib/jfcunit.jar:/ies/iesd_data3_nb/iesdwa/qualitygates/wa/2021.1_ADP1_INT/code/iesd/chs_home/lib/avalon-framework.jar:/ies/iesd_data3_nb/iesdwa/qualitygates/wa/2021.1_ADP1_INT/code/iesd/chs_home/lib/jacorb.jar:/ies/iesd_data3_nb/iesdwa/qualitygates/wa/2021.1_ADP1_INT/code/iesd/chs_home/lib/jacorb-omgapi.jar:/ies/iesd_data3_nb/iesdwa/qualitygates/wa/2021.1_ADP1_INT/code/iesd/chs_home/lib/slf4j-api.jar:/ies/iesd_data3_nb/iesdwa/qualitygates/wa/2021.1_ADP1_INT/code/iesd/chs_home/lib/slf4j-jdk.jar:/ies/iesd_data3_nb/iesdwa/qualitygates/wa/2021.1_ADP1_INT/code/iesd/chs_home/lib/logkit-1.2.jar:/ies/iesd_data3_nb/iesdwa/qualitygates/wa/2021.1_ADP1_INT/code/iesd/chs_home/bld/ilib/groboutils.jar:/ies/iesd_data3_nb/iesdwa/qualitygates/wa/2021.1_ADP1_INT/code/iesd/chs_home/lib/capitalzipprocessor.jar:/ies/iesd_data3_nb/iesdwa/qualitygates/wa/2021.1_ADP1_INT/code/iesd/chs_home/lib/guava.jar:/ies/iesd_data3_nb/iesdwa/qualitygates/wa/2021.1_ADP1_INT/code/iesd/chs_home/lib/capitalrestresources.jar:/ies/iesd_data3_nb/iesdwa/qualitygates/wa/2021.1_ADP1_INT/code/iesd/chs_home/lib/capitalbridgessdk.jar:/ies/iesd_data3_nb/iesdwa/qualitygates/wa/2021.1_ADP1_INT/code/iesd/chs_home/lib/capitalbridgesui.jar:/ies/iesd_data3_nb/iesdwa/qualitygates/wa/2021.1_ADP1_INT/code/iesd/chs_home/lib/capitalbridges.jar:/ies/iesd_data3_nb/iesdwa/qualitygates/wa/2021.1_ADP1_INT/code/iesd/chs_home/lib/capitalnxinterfaces.jar:/ies/iesd_data3_nb/iesdwa/qualitygates/wa/2021.1_ADP1_INT/code/iesd/chs_home/lib/pdfbox.jar:/ies/iesd_data3_nb/iesdwa/qualitygates/wa/2021.1_ADP1_INT/code/iesd/chs_home/lib/trove.jar:/ies/iesd_data3_nb/iesdwa/qualitygates/wa/2021.1_ADP1_INT/code/iesd/chs_home/lib/batik-anim.jar:/ies/iesd_data3_nb/iesdwa/qualitygates/wa/2021.1_ADP1_INT/code/iesd/chs_home/lib/batik-dom.jar:/ies/iesd_data3_nb/iesdwa/qualitygates/wa/2021.1_ADP1_INT/code/iesd/chs_home/lib/batik-constants.jar:/ies/iesd_data3_nb/iesdwa/qualitygates/wa/2021.1_ADP1_INT/code/iesd/chs_home/lib/batik-i18n.jar:/ies/iesd_data3_nb/iesdwa/qualitygates/wa/2021.1_ADP1_INT/code/iesd/chs_home/lib/jackson-annotations.jar:/ies/iesd_data3_nb/iesdwa/qualitygates/wa/2021.1_ADP1_INT/code/iesd/chs_home/lib/jackson-core.jar:/ies/iesd_data3_nb/iesdwa/qualitygates/wa/2021.1_ADP1_INT/code/iesd/chs_home/lib/jackson-databind.jar:/ies/iesd_data3_nb/iesdwa/qualitygates/wa/2021.1_ADP1_INT/code/iesd/chs_home/lib/jackson-jaxrs-base.jar:/ies/iesd_data3_nb/iesdwa/qualitygates/wa/2021.1_ADP1_INT/code/iesd/chs_home/lib/jackson-jaxrs-json-provider.jar:/ies/iesd_data3_nb/iesdwa/qualitygates/wa/2021.1_ADP1_INT/code/iesd/chs_home/lib/javafx/Linux/lib/javafx-swt.jar:/ies/iesd_data3_nb/iesdwa/qualitygates/wa/2021.1_ADP1_INT/code/iesd/chs_home/lib/javafx/Linux/lib/javafx.base.jar:/ies/iesd_data3_nb/iesdwa/qualitygates/wa/2021.1_ADP1_INT/code/iesd/chs_home/lib/javafx/Linux/lib/javafx.controls.jar:/ies/iesd_data3_nb/iesdwa/qualitygates/wa/2021.1_ADP1_INT/code/iesd/chs_home/lib/javafx/Linux/lib/javafx.fxml.jar:/ies/iesd_data3_nb/iesdwa/qualitygates/wa/2021.1_ADP1_INT/code/iesd/chs_home/lib/javafx/Linux/lib/javafx.graphics.jar:/ies/iesd_data3_nb/iesdwa/qualitygates/wa/2021.1_ADP1_INT/code/iesd/chs_home/lib/javafx/Linux/lib/javafx.media.jar:/ies/iesd_data3_nb/iesdwa/qualitygates/wa/2021.1_ADP1_INT/code/iesd/chs_home/lib/javafx/Linux/lib/javafx.swing.jar:/ies/iesd_data3_nb/iesdwa/qualitygates/wa/2021.1_ADP1_INT/code/iesd/chs_home/lib/javafx/Linux/lib/javafx.web.jar:/ies/iesd_data3_nb/iesdwa/qualitygates/wa/2021.1_ADP1_INT/code/iesd/chs_home/lib/jaxb-api.jar:/ies/iesd_data3_nb/iesdwa/qualitygates/wa/2021.1_ADP1_INT/code/iesd/chs_home/lib/jaxb-impl.jar:/ies/iesd_data3_nb/iesdwa/qualitygates/wa/2021.1_ADP1_INT/code/iesd/chs_home/lib/jaxb-core.jar:/ies/iesd_data3_nb/iesdwa/qualitygates/wa/2021.1_ADP1_INT/code/iesd/chs_home/lib/assertj-core.jar:/ies/iesd_data3_nb/iesdwa/qualitygates/wa/2021.1_ADP1_INT/code/iesd/chs_home/adaptors/lib/capitaltc.jar:/ies/iesd_data3_nb/iesdwa/qualitygates/wa/2021.1_ADP1_INT/code/iesd/chs_home/bld/testlib/capitaltestbridges.jar:/ies/iesd_data3_nb/iesdwa/qualitygates/wa/2021.1_ADP1_INT/code/iesd/chs_home/lib/owasp-java-html-sanitizer.jar:/ies/iesd_data3_nb/iesdwa/qualitygates/wa/2021.1_ADP1_INT/code/iesd/chs_home/lib/capitalresources.jar:/ies/iesd_data3_nb/iesdwa/qualitygates/wa/2021.1_ADP1_INT/code/iesd/chs_home/bld/testlib/capitaltestlogic.jar:/ies/iesd_data3_nb/iesdwa/qualitygates/wa/2021.1_ADP1_INT/code/iesd/chs_home/lib/capitalclibrary.jar:/ies/iesd_data3_nb/iesdwa/qualitygates/wa/2021.1_ADP1_INT/code/iesd/chs_home/lib/capitalpluginapi.jar:/ies/iesd_data3_nb/iesdwa/qualitygates/wa/2021.1_ADP1_INT/code/iesd/chs_home/lib/capitalapigen.jar:/ies/iesd_data3_nb/iesdwa/qualitygates/wa/2021.1_ADP1_INT/code/iesd/chs_home/lib/itext.jar:/ies/iesd_data3_nb/iesdwa/qualitygates/wa/2021.1_ADP1_INT/code/iesd/chs_home/lib/capitalcommon.jar:/ies/iesd_data3_nb/iesdwa/qualitygates/wa/2021.1_ADP1_INT/code/iesd/chs_home/lib/casbase.jar:/ies/iesd_data3_nb/iesdwa/qualitygates/wa/2021.1_ADP1_INT/code/iesd/chs_home/bld/lib/jdom.jar:/ies/iesd_data3_nb/iesdwa/qualitygates/wa/2021.1_ADP1_INT/code/iesd/chs_home/adaptors/lib/capitalnwf.jar:/ies/iesd_data3_nb/iesdwa/qualitygates/wa/2021.1_ADP1_INT/code/iesd/chs_home/adaptors/lib/capitalproe.jar:/ies/iesd_data3_nb/iesdwa/qualitygates/wa/2021.1_ADP1_INT/code/iesd/chs_home/adaptors/lib/capitalroutelist.jar:/ies/iesd_data3_nb/iesdwa/qualitygates/wa/2021.1_ADP1_INT/code/iesd/chs_home/adaptors/lib/capitalixf.jar:/ies/iesd_data3_nb/iesdwa/qualitygates/wa/2021.1_ADP1_INT/code/iesd/chs_home/adaptors/lib/capitalugsnx2.jar:/ies/iesd_data3_nb/iesdwa/qualitygates/wa/2021.1_ADP1_INT/code/iesd/chs_home/adaptors/lib/capitaldsi.jar:/ies/iesd_data3_nb/iesdwa/qualitygates/wa/2021.1_ADP1_INT/code/iesd/chs_home/adaptors/lib/capitalap212.jar:/ies/iesd_data3_nb/iesdwa/qualitygates/wa/2021.1_ADP1_INT/code/iesd/chs_home/adaptors/lib/capitalkbl.jar:/ies/iesd_data3_nb/iesdwa/qualitygates/wa/2021.1_ADP1_INT/code/iesd/chs_home/adaptors/lib/capitalhcv.jar:/ies/iesd_data3_nb/iesdwa/qualitygates/wa/2021.1_ADP1_INT/code/iesd/chs_home/bld/lib/pdfrenderer.jar:/ies/iesd_data3_nb/iesdwa/qualitygates/wa/2021.1_ADP1_INT/code/iesd/chs_home/lib/hsqldb.jar:/ies/iesd_data3_nb/iesdwa/qualitygates/wa/2021.1_ADP1_INT/code/iesd/chs_home/bld/lib/xalan.jar:/ies/iesd_data3_nb/iesdwa/qualitygates/wa/2021.1_ADP1_INT/code/iesd/chs_home/lib/saxon.jar:/ies/iesd_data3_nb/iesdwa/qualitygates/wa/2021.1_ADP1_INT/code/iesd/chs_home/lib/saxon-dom.jar:/ies/iesd_data3_nb/iesdwa/qualitygates/wa/2021.1_ADP1_INT/code/iesd/chs_home/lib/jetty-schemas.jar:/ies/iesd_data3_nb/iesdwa/qualitygates/wa/2021.1_ADP1_INT/code/iesd/chs_home/lib/jetty-security.jar:/ies/iesd_data3_nb/iesdwa/qualitygates/wa/2021.1_ADP1_INT/code/iesd/chs_home/lib/jetty-server.jar:/ies/iesd_data3_nb/iesdwa/qualitygates/wa/2021.1_ADP1_INT/code/iesd/chs_home/lib/jetty-servlet.jar:/ies/iesd_data3_nb/iesdwa/qualitygates/wa/2021.1_ADP1_INT/code/iesd/chs_home/lib/jetty-servlets.jar:/ies/iesd_data3_nb/iesdwa/qualitygates/wa/2021.1_ADP1_INT/code/iesd/chs_home/lib/jetty-util.jar:/ies/iesd_data3_nb/iesdwa/qualitygates/wa/2021.1_ADP1_INT/code/iesd/chs_home/lib/jetty-webapp.jar:/ies/iesd_data3_nb/iesdwa/qualitygates/wa/2021.1_ADP1_INT/code/iesd/chs_home/lib/jetty-xml.jar:/ies/iesd_data3_nb/iesdwa/qualitygates/wa/2021.1_ADP1_INT/code/iesd/chs_home/lib/apache-jsp.jar:/ies/iesd_data3_nb/iesdwa/qualitygates/wa/2021.1_ADP1_INT/code/iesd/chs_home/lib/taglibs-standard-impl.jar:/ies/iesd_data3_nb/iesdwa/qualitygates/wa/2021.1_ADP1_INT/code/iesd/chs_home/lib/taglibs-standard-spec.jar:/ies/iesd_data3_nb/iesdwa/qualitygates/wa/2021.1_ADP1_INT/code/iesd/chs_home/lib/apache-jsp-8.jar:/ies/iesd_data3_nb/iesdwa/qualitygates/wa/2021.1_ADP1_INT/code/iesd/chs_home/lib/apache-el-8.jar:/ies/iesd_data3_nb/iesdwa/qualitygates/wa/2021.1_ADP1_INT/code/iesd/chs_home/lib/javax.annotation-api.jar:/ies/iesd_data3_nb/iesdwa/qualitygates/wa/2021.1_ADP1_INT/code/iesd/chs_home/lib/asm.jar:/ies/iesd_data3_nb/iesdwa/qualitygates/wa/2021.1_ADP1_INT/code/iesd/chs_home/lib/asm-commons.jar:/ies/iesd_data3_nb/iesdwa/qualitygates/wa/2021.1_ADP1_INT/code/iesd/chs_home/lib/asm-tree.jar:/ies/iesd_data3_nb/iesdwa/qualitygates/wa/2021.1_ADP1_INT/code/iesd/chs_home/lib/ecj.jar:/ies/iesd_data3_nb/iesdwa/qualitygates/wa/2021.1_ADP1_INT/code/iesd/chs_home/lib/servlet-api-3.1.jar:/ies/iesd_data3_nb/iesdwa/qualitygates/wa/2021.1_ADP1_INT/code/iesd/chs_home/lib/jetty-annotations.jar:/ies/iesd_data3_nb/iesdwa/qualitygates/wa/2021.1_ADP1_INT/code/iesd/chs_home/lib/jetty-client.jar:/ies/iesd_data3_nb/iesdwa/qualitygates/wa/2021.1_ADP1_INT/code/iesd/chs_home/lib/jetty-continuation.jar:/ies/iesd_data3_nb/iesdwa/qualitygates/wa/2021.1_ADP1_INT/code/iesd/chs_home/lib/jetty-http.jar:/ies/iesd_data3_nb/iesdwa/qualitygates/wa/2021.1_ADP1_INT/code/iesd/chs_home/lib/jetty-io.jar:/ies/iesd_data3_nb/iesdwa/qualitygates/wa/2021.1_ADP1_INT/code/iesd/chs_home/lib/jetty-jmx.jar:/ies/iesd_data3_nb/iesdwa/qualitygates/wa/2021.1_ADP1_INT/code/iesd/chs_home/lib/jetty-jndi.jar:/ies/iesd_data3_nb/iesdwa/qualitygates/wa/2021.1_ADP1_INT/code/iesd/chs_home/lib/jetty-plus.jar:/ies/iesd_data3_nb/iesdwa/qualitygates/wa/2021.1_ADP1_INT/code/iesd/chs_home/lib/jetty-proxy.jar:/ies/iesd_data3_nb/iesdwa/qualitygates/wa/2021.1_ADP1_INT/code/iesd/chs_home/lib/batik-awt-util.jar:/ies/iesd_data3_nb/iesdwa/qualitygates/wa/2021.1_ADP1_INT/code/iesd/chs_home/lib/batik-bridge.jar:/ies/iesd_data3_nb/iesdwa/qualitygates/wa/2021.1_ADP1_INT/code/iesd/chs_home/lib/batik-codec.jar:/ies/iesd_data3_nb/iesdwa/qualitygates/wa/2021.1_ADP1_INT/code/iesd/chs_home/lib/batik-css.jar:/ies/iesd_data3_nb/iesdwa/qualitygates/wa/2021.1_ADP1_INT/code/iesd/chs_home/lib/batik-ext.jar:/ies/iesd_data3_nb/iesdwa/qualitygates/wa/2021.1_ADP1_INT/code/iesd/chs_home/lib/batik-extension.jar:/ies/iesd_data3_nb/iesdwa/qualitygates/wa/2021.1_ADP1_INT/code/iesd/chs_home/lib/batik-gui-util.jar:/ies/iesd_data3_nb/iesdwa/qualitygates/wa/2021.1_ADP1_INT/code/iesd/chs_home/lib/batik-gvt.jar:/ies/iesd_data3_nb/iesdwa/qualitygates/wa/2021.1_ADP1_INT/code/iesd/chs_home/lib/batik-parser.jar:/ies/iesd_data3_nb/iesdwa/qualitygates/wa/2021.1_ADP1_INT/code/iesd/chs_home/lib/batik-script.jar:/ies/iesd_data3_nb/iesdwa/qualitygates/wa/2021.1_ADP1_INT/code/iesd/chs_home/lib/batik-svg-dom.jar:/ies/iesd_data3_nb/iesdwa/qualitygates/wa/2021.1_ADP1_INT/code/iesd/chs_home/lib/batik-svggen.jar:/ies/iesd_data3_nb/iesdwa/qualitygates/wa/2021.1_ADP1_INT/code/iesd/chs_home/lib/batik-swing.jar:/ies/iesd_data3_nb/iesdwa/qualitygates/wa/2021.1_ADP1_INT/code/iesd/chs_home/lib/batik-transcoder.jar:/ies/iesd_data3_nb/iesdwa/qualitygates/wa/2021.1_ADP1_INT/code/iesd/chs_home/lib/batik-util.jar:/ies/iesd_data3_nb/iesdwa/qualitygates/wa/2021.1_ADP1_INT/code/iesd/chs_home/lib/batik-xml.jar:/ies/iesd_data3_nb/iesdwa/qualitygates/wa/2021.1_ADP1_INT/code/iesd/chs_home/lib/xml-apis.jar:/ies/iesd_data3_nb/iesdwa/qualitygates/wa/2021.1_ADP1_INT/code/iesd/chs_home/lib/xml-apis-ext.jar:/ies/iesd_data3_nb/iesdwa/qualitygates/wa/2021.1_ADP1_INT/code/iesd/chs_home/lib/xalan.jar:/ies/iesd_data3_nb/iesdwa/qualitygates/wa/2021.1_ADP1_INT/code/iesd/chs_home/lib/commons-io.jar:/ies/iesd_data3_nb/iesdwa/qualitygates/wa/2021.1_ADP1_INT/code/iesd/chs_home/lib/fop.jar:/ies/iesd_data3_nb/iesdwa/qualitygates/wa/2021.1_ADP1_INT/code/iesd/chs_home/lib/commons-logging.jar:/ies/iesd_data3_nb/iesdwa/qualitygates/wa/2021.1_ADP1_INT/code/iesd/chs_home/lib/commons-math.jar:/ies/iesd_data3_nb/iesdwa/qualitygates/wa/2021.1_ADP1_INT/code/iesd/chs_home/lib/commons-xmlgraphics.jar:/ies/iesd_data3_nb/iesdwa/qualitygates/wa/2021.1_ADP1_INT/code/iesd/chs_home/lib/jtidy.jar:/ies/iesd_data3_nb/iesdwa/qualitygates/wa/2021.1_ADP1_INT/code/iesd/chs_home/lib/capitalans.jar:/ies/iesd_data3_nb/iesdwa/qualitygates/wa/2021.1_ADP1_INT/code/iesd/chs_home/lib/fontbox.jar:/ies/iesd_data3_nb/iesdwa/qualitygates/wa/2021.1_ADP1_INT/code/iesd/chs_home/lib/lucene-core.jar:/ies/iesd_data3_nb/iesdwa/qualitygates/wa/2021.1_ADP1_INT/code/iesd/chs_home/lib/lucene-analyzers-common.jar:/ies/iesd_data3_nb/iesdwa/qualitygates/wa/2021.1_ADP1_INT/code/iesd/chs_home/lib/jsoup.jar:/ies/iesd_data3_nb/iesdwa/qualitygates/wa/2021.1_ADP1_INT/code/iesd/chs_home/lib/capitaljms.jar:/ies/iesd_data3_nb/iesdwa/qualitygates/wa/2021.1_ADP1_INT/code/iesd/chs_home/lib/capitalupdaterutils.jar:/ies/iesd_data3_nb/iesdwa/qualitygates/wa/2021.1_ADP1_INT/code/iesd/chs_home/lib/javax.activation-api.jar:/ies/iesd_data3_nb/iesdwa/qualitygates/wa/2021.1_ADP1_INT/code/iesd/chs_home/lib/javax.xml.soap-api.jar:/ies/iesd_data3_nb/iesdwa/qualitygates/wa/2021.1_ADP1_INT/code/iesd/chs_home/lib/jaxws-api.jar:/ies/iesd_data3_nb/iesdwa/qualitygates/wa/2021.1_ADP1_INT/code/iesd/chs_home/lib/jboss-rmi-api.jar:/ies/iesd_data3_nb/iesdwa/qualitygates/wa/2021.1_ADP1_INT/code/iesd/chs_home/lib/sanj.jar:/ies/iesd_data3_nb/iesdwa/qualitygates/wa/2021.1_ADP1_INT/code/iesd/infrastructure_src/src/third_party/cobertura/cobertura.jar:/ies/iesd_data3_nb/iesdwa/qualitygates/wa/2021.1_ADP1_INT/code/iesd/infrastructure_src/src/third_party/cobertura/lib/asm-3.0.jar:/ies/iesd_data3_nb/iesdwa/qualitygates/wa/2021.1_ADP1_INT/code/iesd/infrastructure_src/src/third_party/cobertura/lib/asm-tree-3.0.jar:/ies/iesd_data3_nb/iesdwa/qualitygates/wa/2021.1_ADP1_INT/code/iesd/infrastructure_src/src/third_party/cobertura/lib/jakarta-oro-2.0.8.jar:/ies/iesd_data3_nb/iesdwa/qualitygates/wa/2021.1_ADP1_INT/code/iesd/infrastructure_src/src/third_party/cobertura/lib/log4j-1.2.9.jar:/ies/iesd_data3_nb/iesdwa/qualitygates/wa/2021.1_ADP1_INT/code/iesd/chs_home/bld/lib/hamcrest-core.jar:/ies/iesd_data3_nb/iesdwa/qualitygates/wa/2021.1_ADP1_INT/code/iesd/chs_home/bld/lib/cacio-tta.jar:/ies/iesd_data3_nb/iesdwa/qualitygates/wa/2021.1_ADP1_INT/code/iesd/chs_home/bld/lib/cacio-shared.jar:/ies/iesd_data3_nb/iesdwa/qualitygates/wa/2021.1_ADP1_INT/code/iesd/infrastructure_src/src/third_party/assertj-swing/assertj-core.jar:/ies/iesd_data3_nb/iesdwa/qualitygates/wa/2021.1_ADP1_INT/code/iesd/chs_home/bld/ilib/junit-jacoco-ant.jar:/ies/iesd_data3_nb/iesdwa/qualitygates/wa/2021.1_ADP1_INT/code/iesd/chs_home/bld/jacoco/lib/jacocoagent.jar:/ies/iesd_data3_nb/iesdwa/qualitygates/wa/2021.1_ADP1_INT/code/iesd/chs_home/bld/lib/ant-launcher.jar:/ies/iesd_data3_nb/iesdwa/qualitygates/wa/2021.1_ADP1_INT/code/iesd/chs_home/bld/lib/ant.jar:/ies/iesd_data3_nb/iesdwa/qualitygates/wa/2021.1_ADP1_INT/code/iesd/chs_home/bld/lib/ant-junit.jar:/ies/iesd_data3_nb/iesdwa/qualitygates/wa/2021.1_ADP1_INT/code/iesd/chs_home/bld/lib/ant-junit4.jar
*** Jars OK = false
*** LJL     = false
*** SC 2    = false
***
***
********************************************************
CapitalAnalysis Direct Bridge failed to initialize with :  
                       AS_DIR = /ies/iesd_data3_nb/iesdwa/qualitygates/wa/2021.1_ADP1_INT/code/iesd/chs_home
Diffs Found = 8141, freebies = 0
Exception in thread "AWT-EventQueue-0" java.lang.ClassCastException: class sun.awt.peer.cacio.ProxyWindow cannot be cast to class javax.swing.JDialog (sun.awt.peer.cacio.ProxyWindow is in unnamed module of loader 'app'; javax.swing.JDialog is in module java.desktop of loader 'bootstrap')
	at chs.utility.ui.BaseDialog$CheckComponentNamingWindowListener.windowOpened(BaseDialog.java:615)
	at java.desktop/java.awt.AWTEventMulticaster.windowOpened(AWTEventMulticaster.java:347)
	at java.desktop/java.awt.Window.processWindowEvent(Window.java:2075)
	at java.desktop/javax.swing.JDialog.processWindowEvent(JDialog.java:686)
	at java.desktop/java.awt.Window.processEvent(Window.java:2037)
	at java.desktop/java.awt.Component.dispatchEventImpl(Component.java:5008)
	at java.desktop/java.awt.Container.dispatchEventImpl(Container.java:2321)
	at java.desktop/java.awt.Window.dispatchEventImpl(Window.java:2772)
	at java.desktop/java.awt.Component.dispatchEvent(Component.java:4840)
	at sun.awt.peer.cacio.ProxyWindowPeer.handleEvent(ProxyWindowPeer.java:172)
	at java.desktop/java.awt.Component.dispatchEventImpl(Component.java:5069)
	at java.desktop/java.awt.Container.dispatchEventImpl(Container.java:2321)
	at java.desktop/java.awt.Window.dispatchEventImpl(Window.java:2772)
	at java.desktop/java.awt.Component.dispatchEvent(Component.java:4840)
	at java.desktop/java.awt.EventQueue.dispatchEventImpl(EventQueue.java:772)
	at java.desktop/java.awt.EventQueue$4.run(EventQueue.java:721)
	at java.desktop/java.awt.EventQueue$4.run(EventQueue.java:715)
	at java.base/java.security.AccessController.doPrivileged(Native Method)
	at java.base/java.security.ProtectionDomain$JavaSecurityAccessImpl.doIntersectionPrivilege(ProtectionDomain.java:85)
	at java.base/java.security.ProtectionDomain$JavaSecurityAccessImpl.doIntersectionPrivilege(ProtectionDomain.java:95)
	at java.desktop/java.awt.EventQueue$5.run(EventQueue.java:745)
	at java.desktop/java.awt.EventQueue$5.run(EventQueue.java:743)
	at java.base/java.security.AccessController.doPrivileged(Native Method)
	at java.base/java.security.ProtectionDomain$JavaSecurityAccessImpl.doIntersectionPrivilege(ProtectionDomain.java:85)
	at java.desktop/java.awt.EventQueue.dispatchEvent(EventQueue.java:742)
	at java.desktop/java.awt.EventDispatchThread.pumpOneEventForFilters(EventDispatchThread.java:203)
	at java.desktop/java.awt.EventDispatchThread.pumpEventsForFilter(EventDispatchThread.java:124)
	at java.desktop/java.awt.EventDispatchThread.pumpEventsForHierarchy(EventDispatchThread.java:113)
	at java.desktop/java.awt.EventDispatchThread.pumpEvents(EventDispatchThread.java:109)
	at java.desktop/java.awt.EventDispatchThread.pumpEvents(EventDispatchThread.java:101)
	at java.desktop/java.awt.EventDispatchThread.run(EventDispatchThread.java:90)
Warning: Causes are listed below:
]]></system-err>
</testsuite>
