<?xml version="1.0" encoding="UTF-8" ?>
<testsuite errors="0" failures="0" hostname="ies-iesdwx-n306" name="chs.caplets.harness.actions.HarnessEngineering.BalanceSpliceForceDirectionTest" skipped="0" tests="3" time="31.811" timestamp="2021-06-22T18:23:13">
  <properties>
    <property name="ant.file.type.Class Paths" value="file" />
    <property name="env.TERM" value="xterm-256color" />
    <property name="env.NUMBER_OF_PROCESSORS" value="2" />
    <property name="build_ixl_binaries" value="false" />
    <property name="java.specification.version" value="11" />
    <property name="env.USERPROFILE" value="C:\Users\iesdgrid" />
    <property name="sun.cpu.isalist" value="amd64" />
    <property name="env.EXECUTOR_NUMBER" value="0" />
    <property name="echo" value="BUILD_DATE=Jun 22 2021" />
    <property name="sun.arch.data.model" value="64" />
    <property name="chs.build.findco.fail" value="true" />
    <property name="java.vendor.url" value="http://java.oracle.com/" />
    <property name="env.PROJ_HOME" value="G:/iesdwa/qualitygates/wa/2021.1_ADP1_DEV_installer_porting/code/iesd" />
    <property name="env.JENKINS_HOME" value="/var/lib/jenkins" />
    <property name="net.sourceforge.cobertura.datafile" value="G:\iesdwa\qualitygates\wa\2021.1_ADP1_DEV_installer_porting\code\iesd\charness_src\tests/outinstr/cobertura.ser" />
    <property name="env.OS" value="Windows_NT" />
    <property name="env.JOB_DISPLAY_URL" value="http://ies-iesd-ci-05.ies.mentorg.com:8080/job/rerunFailedQualityGateTests/display/redirect" />
    <property name="sun.boot.library.path" value="c:\apps64\jdk-11.0.4\bin" />
    <property name="sun.java.command" value="org.apache.tools.ant.taskdefs.optional.junit.JUnitTestRunner chs.caplets.harness.actions.HarnessEngineering.BalanceSpliceForceDirectionTest skipNonTests=false filtertrace=true haltOnError=false haltOnFailure=false formatter=org.apache.tools.ant.taskdefs.optional.junit.SummaryJUnitResultFormatter showoutput=false outputtoformatters=true logfailedtests=true threadid=0 logtestlistenerevents=false formatter=org.apache.tools.ant.taskdefs.optional.junit.XMLJUnitResultFormatter,G:\iesdwa\qualitygates\wa\2021.1_ADP1_DEV_installer_porting\code\iesd\chs_home\bld\testresults\harness\TEST-chs.caplets.harness.actions.HarnessEngineering.BalanceSpliceForceDirectionTest.xml crashfile=G:\iesdwa\qualitygates\wa\2021.1_ADP1_DEV_installer_porting\code\iesd\charness_src\tests\junitvmwatcher12798082618411064653.properties propsfile=G:\iesdwa\qualitygates\wa\2021.1_ADP1_DEV_installer_porting\code\iesd\charness_src\tests\junit7706676144080558208.properties" />
    <property name="env.SYSTEMROOT" value="C:\Windows" />
    <property name="jdk.debug" value="release" />
    <property name="actionplugintestdir" value="G:/iesdwa/qualitygates/wa//2021.1_ADP1_DEV_installer_porting/code/iesd/chs_home/bld/testdata/plugins/action" />
    <property name="manifest.jetty" value="jetty-schemas.jar;jetty-security.jar;jetty-server.jar;jetty-servlet.jar;jetty-servlets.jar;jetty-util.jar;jetty-webapp.jar;jetty-xml.jar;apache-jsp.jar;taglibs-standard-impl.jar;taglibs-standard-spec.jar;apache-jsp-8.jar;apache-el-8.jar;javax.annotation-api.jar;asm.jar;asm-commons.jar;asm-tree.jar;ecj.jar;servlet-api-3.1.jar;jetty-annotations.jar;jetty-client.jar;jetty-continuation.jar;jetty-http.jar;jetty-io.jar;jetty-jmx.jar;jetty-jndi.jar;jetty-plus.jar;jetty-proxy.jar" />
    <property name="java.specification.vendor" value="Oracle Corporation" />
    <property name="TARGET_OS" value="Win64" />
    <property name="env.STREAM_NAME" value="2021.1_ADP1_DEV_installer_porting" />
    <property name="java.version.date" value="2019-07-16" />
    <property name="ant.file.type.chsbuildtasks" value="file" />
    <property name="java.home" value="c:\apps64\jdk-11.0.4" />
    <property name="basedir" value="G:\iesdwa\qualitygates\wa\2021.1_ADP1_DEV_installer_porting\code\iesd\charness_src\tests" />
    <property name="java.specification.name" value="Java Platform API Specification" />
    <property name="java.vm.specification.vendor" value="Oracle Corporation" />
    <property name="ant.file.AntContrib" value="G:\iesdwa\qualitygates\wa\2021.1_ADP1_DEV_installer_porting\code\iesd\infrastructure_src\src\scripts\AntScripts\AntContrib.xml" />
    <property name="junit.tests.maxmemory" value="2G" />
    <property name="env._JAVACMD" value="c:/apps64/jdk-11.0.4\bin\java.exe" />
    <property name="env.JENKINS_SERVER_COOKIE" value="8c4401faaf4fcb70" />
    <property name="env.LOCALAPPDATA" value="C:\Users\iesdgrid\AppData\Local" />
    <property name="env.USERDOMAIN_ROAMINGPROFILE" value="MGC" />
    <property name="ant.file.chsbuildtasks" value="G:\iesdwa\qualitygates\wa\2021.1_ADP1_DEV_installer_porting\code\iesd\infrastructure_src\src\scripts\chsbuildtasks.xml" />
    <property name="user.script" value="" />
    <property name="coverage.tool" value="jacoco" />
    <property name="sun.management.compiler" value="HotSpot 64-Bit Tiered Compilers" />
    <property name="ant.file.Class Paths" value="G:\iesdwa\qualitygates\wa\2021.1_ADP1_DEV_installer_porting\code\iesd\infrastructure_src\src\scripts\AntScripts\ClassPaths.xml" />
    <property name="env.MGC_O365_Exclusion" value="True" />
    <property name="java.runtime.version" value="11.0.4+11" />
    <property name="env.PATH" value="c:/apps64/jdk-11.0.4/bin;G:/iesdwa/qualitygates/wa/2021.1_ADP1_DEV_installer_porting/code/iesd/chs_home/bld/bin;G:/iesdwa/qualitygates/wa/2021.1_ADP1_DEV_installer_porting/code/iesd/chs_home/bin;c:/apps64/jdk-11.0.4/bin;G:/iesdwa/qualitygates/wa/2021.1_ADP1_DEV_installer_porting/code/iesd/chs_home/bld/bin;G:/iesdwa/qualitygates/wa/2021.1_ADP1_DEV_installer_porting/code/iesd/chs_home/bin;C:\Windows\system32;C:\Windows;C:\Windows\System32\Wbem;C:\Windows\System32\WindowsPowerShell\v1.0;C:\Windows\System32\OpenSSH;C:\Strawberry\c\bin;C:\Strawberry\perl\site\bin;C:\Strawberry\perl\bin;C:\cygwin\bin;C:\Strawberry\perl\bin;C:\tools\cygwin\bin;C:\Program Files\7-Zip;C:\Program Files\Puppet Labs\Puppet\bin;C:\Users\iesdgrid\AppData\Local\Microsoft\WindowsApps;C:\cygwin\bin;C:\cygwin64\bin;C:\strawberry\perl\bin" />
    <property name="junit.fork" value="true" />
    <property name="jacoco.unittest.merged.data" value="G:/iesdwa/qualitygates/wa//2021.1_ADP1_DEV_installer_porting/code/iesd/chs_home/bld/jacoco/coverage//merged-coveragedata-jacoco.exec" />
    <property name="env.DriverData" value="C:\Windows\System32\Drivers\DriverData" />
    <property name="env.ProgramW6432" value="C:\Program Files" />
    <property name="ant.file.Capital Harness Tests" value="G:\iesdwa\qualitygates\wa\2021.1_ADP1_DEV_installer_porting\code\iesd\charness_src\tests\build.xml" />
    <property name="env.=G:" value="G:\iesdwa\qualitygates\wa\2021.1_ADP1_DEV_installer_porting\code\iesd" />
    <property name="buildTestsDir" value="build-tests" />
    <property name="env.PUBLIC" value="C:\Users\Public" />
    <property name="file.encoding" value="UTF-8" />
    <property name="chsbuildtools_taskdef" value="G:/iesdwa/qualitygates/wa//2021.1_ADP1_DEV_installer_porting/code/iesd/infrastructure_src/src/scripts/chsbuildtasks.xml" />
    <property name="jacoco.coverage.rootdir" value="G:/iesdwa/qualitygates/wa//2021.1_ADP1_DEV_installer_porting/code/iesd/chs_home/bld/jacoco/coverage/" />
    <property name="singletest" value="G:\iesdwa\qualitygates\wa\2021.1_ADP1_DEV_installer_porting\code\iesd\charness_src\tests\null1900909767" />
    <property name="ant.file.type.jacoco-coverage" value="file" />
    <property name="java.vendor.version" value="18.9" />
    <property name="env.COMPUTERNAME" value="IES-IESDWX-N306" />
    <property name="env.HOMEPATH" value="\Users\iesdgrid" />
    <property name="env._" value="/cygdrive/c/Strawberry/perl/bin/perl" />
    <property name="build.suite" value="chs" />
    <property name="env.SHLVL" value="1" />
    <property name="env.APPDATA" value="C:\Users\iesdgrid\AppData\Roaming" />
    <property name="env.BUILD_CAUSE" value="MANUALTRIGGER" />
    <property name="env.ProgramData" value="C:\ProgramData" />
    <property name="java.io.tmpdir" value="C:\Users\iesdgrid\AppData\Local\Temp\" />
    <property name="env.IESD_SCRIPTS" value="//ies-net-cls1-data.ies.mentorg.com/iesd/iesd_data11/iesdgridhome/scripts/prod" />
    <property name="java.version" value="11.0.4" />
    <property name="chs.datachecktests.performanceframework.maxmemory" value="4g" />
    <property name="env.WORKSPACE" value="c:\slave\workspace\rerunFailedQualityGateTests" />
    <property name="java.vm.specification.name" value="Java Virtual Machine Specification" />
    <property name="java.awt.printerjob" value="sun.awt.windows.WPrinterJob" />
    <property name="env.BUILD_ID" value="246584" />
    <property name="junit.pardatacheck.timeout.ms" value="600000" />
    <property name="env.JOB_NAME" value="rerunFailedQualityGateTests" />
    <property name="test.jvm.args.linux" value="" />
    <property name="build_aol_binaries" value="false" />
    <property name="COMPILE_C++" value="false" />
    <property name="java.library.path" value="c:\apps64\jdk-11.0.4\bin;C:\Windows\Sun\Java\bin;C:\Windows\system32;C:\Windows;c:/apps64/jdk-11.0.4/bin;G:/iesdwa/qualitygates/wa/2021.1_ADP1_DEV_installer_porting/code/iesd/chs_home/bld/bin;G:/iesdwa/qualitygates/wa/2021.1_ADP1_DEV_installer_porting/code/iesd/chs_home/bin;c:/apps64/jdk-11.0.4/bin;G:/iesdwa/qualitygates/wa/2021.1_ADP1_DEV_installer_porting/code/iesd/chs_home/bld/bin;G:/iesdwa/qualitygates/wa/2021.1_ADP1_DEV_installer_porting/code/iesd/chs_home/bin;C:\Windows\system32;C:\Windows;C:\Windows\System32\Wbem;C:\Windows\System32\WindowsPowerShell\v1.0;C:\Windows\System32\OpenSSH;C:\Strawberry\c\bin;C:\Strawberry\perl\site\bin;C:\Strawberry\perl\bin;C:\cygwin\bin;C:\Strawberry\perl\bin;C:\tools\cygwin\bin;C:\Program Files\7-Zip;C:\Program Files\Puppet Labs\Puppet\bin;C:\Users\iesdgrid\AppData\Local\Microsoft\WindowsApps;C:\cygwin\bin;C:\cygwin64\bin;C:\strawberry\perl\bin;." />
    <property name="java.vendor" value="Oracle Corporation" />
    <property name="env.HUDSON_HOME" value="/var/lib/jenkins" />
    <property name="sun.io.unicode.encoding" value="UnicodeLittle" />
    <property name="coverage.basedir" value="G:\iesdwa\qualitygates\wa\2021.1_ADP1_DEV_installer_porting\code\iesd\infrastructure_src\src\scripts\AntScripts" />
    <property name="jacoco-agent.destfile" value="G:\iesdwa\qualitygates\wa\2021.1_ADP1_DEV_installer_porting\code\iesd\charness_src\tests/outinstr/BalanceSpliceForceDirectionTest.jacoco.exec" />
    <property name="sun.desktop" value="windows" />
    <property name="ant.file.type" value="file" />
    <property name="chs.projecthome" value="G:/iesdwa/qualitygates/wa//2021.1_ADP1_DEV_installer_porting/code/iesd" />
    <property name="cobertura.output.dir" value="G:/iesdwa/qualitygates/wa//2021.1_ADP1_DEV_installer_porting/code/iesd/chs_home/bld/cobertura/junit/harness" />
    <property name="coverage.report.format" value="html" />
    <property name="chs.home" value="G:/iesdwa/qualitygates/wa//2021.1_ADP1_DEV_installer_porting/code/iesd/chs_home" />
    <property name="jacoco.unittest.report.dir" value="G:/iesdwa/qualitygates/wa//2021.1_ADP1_DEV_installer_porting/code/iesd/chs_home/bld/jacoco/coverage//junit-coverage" />
    <property name="env.CHS_AUTO_HOME" value="G:/iesdwa/qualitygates/wa/2021.1_ADP1_DEV_installer_porting/code/iesd/auto_src" />
    <property name="build_vco" value="ixw" />
    <property name="user.timezone" value="" />
    <property name="build.hfversion" value="" />
    <property name="env.RUN_DISPLAY_URL" value="http://ies-iesd-ci-05.ies.mentorg.com:8080/job/rerunFailedQualityGateTests/246584/display/redirect" />
    <property name="os.name" value="Windows 10" />
    <property name="java.vm.specification.version" value="11" />
    <property name="env.ROOT_BUILD_CAUSE_MANUALTRIGGER" value="true" />
    <property name="junit.datacheck.performanceframework.timeout.ms" value="5400000" />
    <property name="JAVA_DB_TESTS" value="false" />
    <property name="ant.file.GradleSupport" value="G:\iesdwa\qualitygates\wa\2021.1_ADP1_DEV_installer_porting\code\iesd\infrastructure_src\src\scripts\AntScripts\GradleSupport.xml" />
    <property name="bldlibdir" value="G:/iesdwa/qualitygates/wa//2021.1_ADP1_DEV_installer_porting/code/iesd/chs_home/bld/lib" />
    <property name="test" value="chs.caplets.harness.actions.HarnessEngineering.BalanceSpliceForceDirectionTest" />
    <property name="test.results.base" value="G:/iesdwa/qualitygates/wa//2021.1_ADP1_DEV_installer_porting/code/iesd/chs_home/bld/testresults" />
    <property name="user.home" value="C:\Users\iesdgrid" />
    <property name="chsbuild.bigstack" value="-Xss1024k" />
    <property name="CHS_BUILD_DATE" value="22-Jun-2021 19:22:47 +0100" />
    <property name="singletest.options" value="" />
    <property name="test.reports.base" value="G:/iesdwa/qualitygates/wa//2021.1_ADP1_DEV_installer_porting/code/iesd/chs_home/bld/testreports" />
    <property name="coverage.classpattern.file" value="patterns.txt" />
    <property name="env.ADDITIONAL_OPTIONS" value="-debug" />
    <property name="env.ALLUSERSPROFILE" value="C:\ProgramData" />
    <property name="env.SESSIONNAME" value="Console" />
    <property name="java.awt.graphicsenv" value="sun.awt.Win32GraphicsEnvironment" />
    <property name="env.HUDSON_COOKIE" value="35b819a8-95bc-42f2-9fcd-0f54a5200613" />
    <property name="electrical.build.version.major" value="2022" />
    <property name="env.ANT_HOME" value="G:/iesdwa/qualitygates/wa/2021.1_ADP1_DEV_installer_porting/code/iesd/chs_home/bld" />
    <property name="env.JENKINS_URL" value="http://ies-iesd-ci-05.ies.mentorg.com:8080/" />
    <property name="sbomplugintestdir" value="G:/iesdwa/qualitygates/wa//2021.1_ADP1_DEV_installer_porting/code/iesd/chs_home/bld/testdata/plugins/sbom" />
    <property name="teamwork_weabpp_npm.executable" value="G:/iesdwa/qualitygates/wa//2021.1_ADP1_DEV_installer_porting/code/iesd/chs_home/bld/teamwork_webapp_deps/nodejs-v10.16.0/windows/npm.cmd" />
    <property name="env.=\:" value="\\ies-net-cls1-data.ies.mentorg.com\iesd\iesd_data11\iesdgridhome\scripts\prod\BuildScripts\bin" />
    <property name="build.version.ident" value="official" />
    <property name="ant.file" value="G:\iesdwa\qualitygates\wa\2021.1_ADP1_DEV_installer_porting\code\iesd\charness_src\tests\build.xml" />
    <property name="coverage.merged.datadir" value="G:/iesdwa/qualitygates/wa//2021.1_ADP1_DEV_installer_porting/code/iesd/chs_home/bld/coverage" />
    <property name="path.separator" value=";" />
    <property name="chs.build.heapdumpdir" value="G:/iesdwa/qualitygates/wa//2021.1_ADP1_DEV_installer_porting/code/iesd/chs_home/temp/" />
    <property name="jacoco.dir" value="G:\iesdwa\qualitygates\wa\2021.1_ADP1_DEV_installer_porting\code\iesd\infrastructure_src\src\scripts/../third_party/jacoco" />
    <property name="ant.file.chstargets" value="G:\iesdwa\qualitygates\wa\2021.1_ADP1_DEV_installer_porting\code\iesd\infrastructure_src\src\scripts\chstargets.xml" />
    <property name="os.version" value="10.0" />
    <property name="ENCRYPT_JARS" value="true" />
    <property name="build.version.minor" value="1" />
    <property name="env.PATHEXT" value=".COM;.EXE;.BAT;.CMD;.VBS;.VBE;.JS;.JSE;.WSF;.WSH;.MSC" />
    <property name="cobertura.metadata.file" value="harness_metadata.ser" />
    <property name="env._USE_CLASSPATH" value="no" />
    <property name="env.NODE_NAME" value="ies-iesdwx-n306.mgc.mentorg.com" />
    <property name="java.vm.name" value="OpenJDK 64-Bit Server VM" />
    <property name="chs.datachecktests.maxmemory" value="512m" />
    <property name="TARGET_ECAD" value="CHS" />
    <property name="ant.file.ProjectSourcePaths" value="G:\iesdwa\qualitygates\wa\2021.1_ADP1_DEV_installer_porting\code\iesd\infrastructure_src\src\scripts\AntScripts\commondefs.xml" />
    <property name="chshome.aol" value="G:/iesdwa/qualitygates/wa//2021.1_ADP1_DEV_installer_porting/code/iesd/chs_home.aol" />
    <property name="JAVA_CREATE_DB" value="false" />
    <property name="env.USERNAME" value="iesdgrid" />
    <property name="os.arch" value="amd64" />
    <property name="build.version.major" value="2021" />
    <property name="nodejs.executable" value="G:/iesdwa/qualitygates/wa//2021.1_ADP1_DEV_installer_porting/code/iesd/chs_home/bld/nodejs/windows/node.exe" />
    <property name="java.vm.info" value="mixed mode" />
    <property name="HOSTNAME" value="ies-iesdbld18-ct72" />
    <property name="singletest.perfreport" value="" />
    <property name="env.TEMP" value="C:\Users\iesdgrid\AppData\Local\Temp" />
    <property name="java.class.version" value="55.0" />
    <property name="env.CHS_HOME" value="G:/iesdwa/qualitygates/wa/2021.1_ADP1_DEV_installer_porting/code/iesd/chs_home" />
    <property name="ant.project.default-target" value="runtests" />
    <property name="ant.library.dir" value="G:\iesdwa\qualitygates\wa\2021.1_ADP1_DEV_installer_porting\code\iesd\chs_home\bld\lib" />
    <property name="awt.toolkit" value="sun.awt.windows.WToolkit" />
    <property name="env.BUILD_TAG" value="jenkins-rerunFailedQualityGateTests-246584" />
    <property name="ant.project.name" value="Capital Harness Tests" />
    <property name="processingplugintestdir" value="G:/iesdwa/qualitygates/wa//2021.1_ADP1_DEV_installer_porting/code/iesd/chs_home/bld/testdata/plugins/harnessprocessing" />
    <property name="sun.jnu.encoding" value="Cp1252" />
    <property name="env.LM_LICENSE_FILE" value="1700@mglicsvr.india.mentorg.com;1700@mglicsvr2.india.mentorg.com;1700@mglicsvr3.india.mentorg.com" />
    <property name="env.HUDSON_URL" value="http://ies-iesd-ci-05.ies.mentorg.com:8080/" />
    <property name="env.CommonProgramW6432" value="C:\Program Files\Common Files" />
    <property name="ant.file.type.Coverage" value="file" />
    <property name="env.UATDATA" value="C:\Windows\CCM\UATData\D9F8C395-CAB8-491d-B8AC-179A1FE1BE77" />
    <property name="report.frames" value="frames" />
    <property name="env.BUILD_CAUSE_MANUALTRIGGER" value="true" />
    <property name="DSTAMP" value="20210622" />
    <property name="imported.basedir" value="G:\iesdwa\qualitygates\wa\2021.1_ADP1_DEV_installer_porting\code\iesd\infrastructure_src\src\scripts" />
    <property name="build_env" value="windows" />
    <property name="ant.file.type.TestTargets" value="file" />
    <property name="env.GHOSTSCRIPT_DIR" value="C:/QualityGate/LocalData/ghostscript" />
    <property name="theTest" value="BalanceSpliceForceDirectionTest" />
    <property name="cobertura.maxmemory" value="800M" />
    <property name="env.MGLS_LICENSE_FILE" value="1700@mglicsvr.india.mentorg.com;1700@mglicsvr2.india.mentorg.com;1700@mglicsvr3.india.mentorg.com" />
    <property name="coverage.dir" value="G:\iesdwa\qualitygates\wa\2021.1_ADP1_DEV_installer_porting\code\iesd\charness_src\tests/coverage" />
    <property name="env.ANT_CMD_LINE_ARGS" value=" -propertyfile G:/iesdwa/qualitygates/wa/2021.1_ADP1_DEV_installer_porting/code/iesd/build.windows.properties -Dtest chs.caplets.harness.actions.HarnessEngineering.BalanceSpliceForceDirectionTest runsingletestonlyqg -f G:/iesdwa/qualitygates/wa/2021.1_ADP1_DEV_installer_porting/code/iesd/charness_src/tests/build.xml" />
    <property name="env.JAVA_HOME" value="c:/apps64/jdk-11.0.4" />
    <property name="teamwork_webapp_node.folder" value="G:/iesdwa/qualitygates/wa//2021.1_ADP1_DEV_installer_porting/code/iesd/chs_home/bld/teamwork_webapp_deps/nodejs-v10.16.0/windows" />
    <property name="env.PROGRAMFILES" value="C:\Program Files" />
    <property name="file.separator" value="\" />
    <property name="test.jvm.args" value="-Dvalidation.extended=false             -Dvalidation.intermediateXML=false             -ea             -Xmx1024M             -Xss1024k             -XX:+HeapDumpOnOutOfMemoryError             -XX:HeapDumpPath=G:/iesdwa/qualitygates/wa//2021.1_ADP1_DEV_installer_porting/code/iesd/chs_home/temp/             -javaagent:G:/iesdwa/qualitygates/wa//2021.1_ADP1_DEV_installer_porting/code/iesd/chs_home/bld/lib/jmockit.jar                          -Dfile.encoding=UTF-8             --add-opens java.base/jdk.internal.reflect=ALL-UNNAMED" />
    <property name="java.vm.compressedOopsMode" value="32-bit" />
    <property name="line.separator" value="&#xd;&#xa;" />
    <property name="env.PROMPT" value="$P$G" />
    <property name="teamwork_weabpp_node.executable" value="G:/iesdwa/qualitygates/wa//2021.1_ADP1_DEV_installer_porting/code/iesd/chs_home/bld/teamwork_webapp_deps/nodejs-v10.16.0/windows/node" />
    <property name="gradlebuild" value="false" />
    <property name="junit.datacheck.timeout.ms" value="1800000" />
    <property name="chsbuildtools_lib" value="G:/iesdwa/qualitygates/wa//2021.1_ADP1_DEV_installer_porting/code/iesd/chs_home/bld/lib" />
    <property name="junit.timeout.ms" value="1200000" />
    <property name="env.PROCESSOR_REVISION" value="3f00" />
    <property name="capital.testlist.files" value="chs/caplets/harness/actions/HarnessEngineering/BalanceSpliceForceDirectionTest.class&#xa;" />
    <property name="env.PERL5LIB" value="//ies-net-cls1-data.ies.mentorg.com/home/iesdgrid/perl5/lib/perl5" />
    <property name="env.PSModulePath" value="C:\Program Files\WindowsPowerShell\Modules;C:\Windows\system32\WindowsPowerShell\v1.0\Modules" />
    <property name="chs.build.id" value="2021.1.1.official" />
    <property name="env.PROCESSOR_IDENTIFIER" value="Intel64 Family 6 Model 63 Stepping 0, GenuineIntel" />
    <property name="validation.intermediateXML" value="false" />
    <property name="user.name" value="iesdgrid" />
    <property name="ant.file.type.ProjectSourcePaths" value="file" />
    <property name="test1" value="chs/caplets/harness/actions/HarnessEngineering/BalanceSpliceForceDirectionTest" />
    <property name="env.BUILD_URL" value="http://ies-iesd-ci-05.ies.mentorg.com:8080/job/rerunFailedQualityGateTests/246584/" />
    <property name="jvm.args.add.opens" value="--add-opens java.base/jdk.internal.reflect=ALL-UNNAMED" />
    <property name="manifest.jetty.spaces" value="jetty-schemas.jar jetty-security.jar jetty-server.jar jetty-servlet.jar jetty-servlets.jar jetty-util.jar jetty-webapp.jar jetty-xml.jar apache-jsp.jar taglibs-standard-impl.jar taglibs-standard-spec.jar apache-jsp-8.jar apache-el-8.jar javax.annotation-api.jar asm.jar asm-commons.jar asm-tree.jar ecj.jar servlet-api-3.1.jar jetty-annotations.jar jetty-client.jar jetty-continuation.jar jetty-http.jar jetty-io.jar jetty-jmx.jar jetty-jndi.jar jetty-plus.jar jetty-proxy.jar" />
    <property name="env.JOB_URL" value="http://ies-iesd-ci-05.ies.mentorg.com:8080/job/rerunFailedQualityGateTests/" />
    <property name="cobertura.dir" value="G:\iesdwa\qualitygates\wa\2021.1_ADP1_DEV_installer_porting\code\iesd\infrastructure_src\src\scripts/../third_party/cobertura" />
    <property name="build.version.full" value="true" />
    <property name="env.SYSTEMDRIVE" value="C:" />
    <property name="build.version.name" value="2021.1" />
    <property name="test.reports.dir" value="G:/iesdwa/qualitygates/wa//2021.1_ADP1_DEV_installer_porting/code/iesd/chs_home/bld/testreports" />
    <property name="ant.file.TestTargets" value="G:\iesdwa\qualitygates\wa\2021.1_ADP1_DEV_installer_porting\code\iesd\infrastructure_src\src\scripts\AntScripts\TestTargets.xml" />
    <property name="env.NODE_LABELS" value="IES-IESDWX-N306 ansible-configured debug ies-iesdwx-n306.mgc.mentorg.com iesdgrid ixw swarm unassignedlabelwin10 undefined_jenkins_label_2 undefined_jenkins_label_9 w10e win10tests-v11" />
    <property name="env.BitDefender_Covered" value="True" />
    <property name="env.HOMEDRIVE" value="C:" />
    <property name="env.PROCESSOR_LEVEL" value="6" />
    <property name="env.TMP" value="C:\Users\iesdgrid\AppData\Local\Temp" />
    <property name="env.RUN_CHANGES_DISPLAY_URL" value="http://ies-iesd-ci-05.ies.mentorg.com:8080/job/rerunFailedQualityGateTests/246584/display/redirect?page=changes" />
    <property name="osName" value="Windows" />
    <property name="ant.home" value="G:/iesdwa/qualitygates/wa/2021.1_ADP1_DEV_installer_porting/code/iesd/chs_home/bld" />
    <property name="sun.os.patch.level" value="" />
    <property name="ant.version" value="Apache Ant(TM) version 1.10.4 compiled on June 19 2018" />
    <property name="ant.file.Coverage" value="G:\iesdwa\qualitygates\wa\2021.1_ADP1_DEV_installer_porting\code\iesd\infrastructure_src\src\scripts\AntScripts\Coverage.xml" />
    <property name="env.LOGONSERVER" value="\\SVR-IES-ADC-02" />
    <property name="ant.file.type.chstargets" value="file" />
    <property name="cobertura.metadata.dir" value="G:/iesdwa/qualitygates/wa//2021.1_ADP1_DEV_installer_porting/code/iesd/chs_home/bld/coverage/junit" />
    <property name="env.ROOT_BUILD_CAUSE" value="MANUALTRIGGER" />
    <property name="env.WINDIR" value="C:\Windows" />
    <property name="env.HUDSON_SERVER_COOKIE" value="8c4401faaf4fcb70" />
    <property name="junit.printsummary" value="true" />
    <property name="env.BUILD_NUMBER" value="246584" />
    <property name="debugbuild" value="on" />
    <property name="env.PWD" value="G:/iesdwa/qualitygates/wa/2021.1_ADP1_DEV_installer_porting/code/iesd" />
    <property name="java.class.path" value="G:\iesdwa\qualitygates\wa\2021.1_ADP1_DEV_installer_porting\code\iesd\chs_home\lib\commons-lang.jar;G:\iesdwa\qualitygates\wa\2021.1_ADP1_DEV_installer_porting\code\iesd\chs_home\lib\xalan.jar;G:\iesdwa\qualitygates\wa\2021.1_ADP1_DEV_installer_porting\code\iesd\chs_home\lib\xerces.jar;G:\iesdwa\qualitygates\wa\2021.1_ADP1_DEV_installer_porting\code\iesd\chs_home\lib\capitalcommonlang.jar;G:\iesdwa\qualitygates\wa\2021.1_ADP1_DEV_installer_porting\code\iesd\chs_home\lib\capitalwindowslandf.jar;G:\iesdwa\qualitygates\wa\2021.1_ADP1_DEV_installer_porting\code\iesd\chs_home\lib\annotations.jar;G:\iesdwa\qualitygates\wa\2021.1_ADP1_DEV_installer_porting\code\iesd\chs_home\lib\commons-codec.jar;G:\iesdwa\qualitygates\wa\2021.1_ADP1_DEV_installer_porting\code\iesd\chs_home\lib\commons-io.jar;G:\iesdwa\qualitygates\wa\2021.1_ADP1_DEV_installer_porting\code\iesd\chs_home\lib\commons-math.jar;G:\iesdwa\qualitygates\wa\2021.1_ADP1_DEV_installer_porting\code\iesd\chs_home\lib\capitalannotations.jar;G:\iesdwa\qualitygates\wa\2021.1_ADP1_DEV_installer_porting\code\iesd\chs_home\lib\capitalcommon.jar;G:\iesdwa\qualitygates\wa\2021.1_ADP1_DEV_installer_porting\code\iesd\chs_home\lib\capitalutils.jar;G:\iesdwa\qualitygates\wa\2021.1_ADP1_DEV_installer_porting\code\iesd\chs_home\lib\servicelocator.jar;G:\iesdwa\qualitygates\wa\2021.1_ADP1_DEV_installer_porting\code\iesd\chs_home\lib\capitalapi.jar;G:\iesdwa\qualitygates\wa\2021.1_ADP1_DEV_installer_porting\code\iesd\chs_home\lib\capitalapiextensions.jar;G:\iesdwa\qualitygates\wa\2021.1_ADP1_DEV_installer_porting\code\iesd\chs_home\lib\capitalcof.jar;G:\iesdwa\qualitygates\wa\2021.1_ADP1_DEV_installer_porting\code\iesd\chs_home\lib\capitalimages.jar;G:\iesdwa\qualitygates\wa\2021.1_ADP1_DEV_installer_porting\code\iesd\chs_home\lib\capitalcapman.jar;G:\iesdwa\qualitygates\wa\2021.1_ADP1_DEV_installer_porting\code\iesd\chs_home\lib\capitalcofimpl.jar;G:\iesdwa\qualitygates\wa\2021.1_ADP1_DEV_installer_porting\code\iesd\chs_home\lib\capitalcof_baseimpl.jar;G:\iesdwa\qualitygates\wa\2021.1_ADP1_DEV_installer_porting\code\iesd\chs_home\lib\capitalcofcafimpl.jar;G:\iesdwa\qualitygates\wa\2021.1_ADP1_DEV_installer_porting\code\iesd\chs_home\lib\capitalcaf.jar;G:\iesdwa\qualitygates\wa\2021.1_ADP1_DEV_installer_porting\code\iesd\chs_home\lib\capitalcofutils.jar;G:\iesdwa\qualitygates\wa\2021.1_ADP1_DEV_installer_porting\code\iesd\chs_home\lib\capitalctf.jar;G:\iesdwa\qualitygates\wa\2021.1_ADP1_DEV_installer_porting\code\iesd\chs_home\lib\capitalbridgessdk.jar;G:\iesdwa\qualitygates\wa\2021.1_ADP1_DEV_installer_porting\code\iesd\chs_home\lib\capitalbridgesui.jar;G:\iesdwa\qualitygates\wa\2021.1_ADP1_DEV_installer_porting\code\iesd\chs_home\lib\log4j.jar;G:\iesdwa\qualitygates\wa\2021.1_ADP1_DEV_installer_porting\code\iesd\chs_home\lib\jacorb.jar;G:\iesdwa\qualitygates\wa\2021.1_ADP1_DEV_installer_porting\code\iesd\chs_home\lib\jacorb-omgapi.jar;G:\iesdwa\qualitygates\wa\2021.1_ADP1_DEV_installer_porting\code\iesd\chs_home\lib\slf4j-api.jar;G:\iesdwa\qualitygates\wa\2021.1_ADP1_DEV_installer_porting\code\iesd\chs_home\lib\slf4j-jdk.jar;G:\iesdwa\qualitygates\wa\2021.1_ADP1_DEV_installer_porting\code\iesd\chs_home\lib\capitalapiimpl.jar;G:\iesdwa\qualitygates\wa\2021.1_ADP1_DEV_installer_porting\code\iesd\chs_home\lib\capitalharness.jar;G:\iesdwa\qualitygates\wa\2021.1_ADP1_DEV_installer_porting\code\iesd\chs_home\lib\capitaldbmigrate.jar;G:\iesdwa\qualitygates\wa\2021.1_ADP1_DEV_installer_porting\code\iesd\chs_home\bld\testlib\capitaltestscof.jar;G:\iesdwa\qualitygates\wa\2021.1_ADP1_DEV_installer_porting\code\iesd\chs_home\bld\testlib\capitaltestscaf.jar;G:\iesdwa\qualitygates\wa\2021.1_ADP1_DEV_installer_porting\code\iesd\chs_home\bld\testlib\capitaltestsinterfaces.jar;G:\iesdwa\qualitygates\wa\2021.1_ADP1_DEV_installer_porting\code\iesd\chs_home\lib\capitaladaptorbatch.jar;G:\iesdwa\qualitygates\wa\2021.1_ADP1_DEV_installer_porting\code\iesd\chs_home\bld\lib\selenium-java-2.45.0.jar;G:\iesdwa\qualitygates\wa\2021.1_ADP1_DEV_installer_porting\code\iesd\chs_home\bld\lib\jmockit.jar;G:\iesdwa\qualitygates\wa\2021.1_ADP1_DEV_installer_porting\code\iesd\chs_home\bld\lib\junit.jar;G:\iesdwa\qualitygates\wa\2021.1_ADP1_DEV_installer_porting\code\iesd\chs_home\lib\js.jar;G:\iesdwa\qualitygates\wa\2021.1_ADP1_DEV_installer_porting\code\iesd\chs_home\lib\capitalprofiler.jar;G:\iesdwa\qualitygates\wa\2021.1_ADP1_DEV_installer_porting\code\iesd\chs_home\bld\lib\jfcunit.jar;G:\iesdwa\qualitygates\wa\2021.1_ADP1_DEV_installer_porting\code\iesd\chs_home\lib\capitalbaseautomation.jar;G:\iesdwa\qualitygates\wa\2021.1_ADP1_DEV_installer_porting\code\iesd\chs_home\bld\lib\pdfrenderer.jar;G:\iesdwa\qualitygates\wa\2021.1_ADP1_DEV_installer_porting\code\iesd\chs_home\bld\lib\uispec4j.jar;G:\iesdwa\qualitygates\wa\2021.1_ADP1_DEV_installer_porting\code\iesd\chs_home\lib\capitalbridges.jar;G:\iesdwa\qualitygates\wa\2021.1_ADP1_DEV_installer_porting\code\iesd\chs_home\lib\capitalnxinterfaces.jar;G:\iesdwa\qualitygates\wa\2021.1_ADP1_DEV_installer_porting\code\iesd\chs_home\lib\capitalnxremoteplugin.jar;G:\iesdwa\qualitygates\wa\2021.1_ADP1_DEV_installer_porting\code\iesd\chs_home\bld\lib\xmlunit.jar;G:\iesdwa\qualitygates\wa\2021.1_ADP1_DEV_installer_porting\code\iesd\chs_home\lib\capitaljeda.jar;G:\iesdwa\qualitygates\wa\2021.1_ADP1_DEV_installer_porting\code\iesd\chs_home\lib\batik-anim.jar;G:\iesdwa\qualitygates\wa\2021.1_ADP1_DEV_installer_porting\code\iesd\chs_home\lib\batik-awt-util.jar;G:\iesdwa\qualitygates\wa\2021.1_ADP1_DEV_installer_porting\code\iesd\chs_home\lib\batik-bridge.jar;G:\iesdwa\qualitygates\wa\2021.1_ADP1_DEV_installer_porting\code\iesd\chs_home\lib\batik-codec.jar;G:\iesdwa\qualitygates\wa\2021.1_ADP1_DEV_installer_porting\code\iesd\chs_home\lib\batik-css.jar;G:\iesdwa\qualitygates\wa\2021.1_ADP1_DEV_installer_porting\code\iesd\chs_home\lib\batik-dom.jar;G:\iesdwa\qualitygates\wa\2021.1_ADP1_DEV_installer_porting\code\iesd\chs_home\lib\batik-ext.jar;G:\iesdwa\qualitygates\wa\2021.1_ADP1_DEV_installer_porting\code\iesd\chs_home\lib\batik-extension.jar;G:\iesdwa\qualitygates\wa\2021.1_ADP1_DEV_installer_porting\code\iesd\chs_home\lib\batik-gui-util.jar;G:\iesdwa\qualitygates\wa\2021.1_ADP1_DEV_installer_porting\code\iesd\chs_home\lib\batik-gvt.jar;G:\iesdwa\qualitygates\wa\2021.1_ADP1_DEV_installer_porting\code\iesd\chs_home\lib\batik-parser.jar;G:\iesdwa\qualitygates\wa\2021.1_ADP1_DEV_installer_porting\code\iesd\chs_home\lib\batik-script.jar;G:\iesdwa\qualitygates\wa\2021.1_ADP1_DEV_installer_porting\code\iesd\chs_home\lib\batik-svg-dom.jar;G:\iesdwa\qualitygates\wa\2021.1_ADP1_DEV_installer_porting\code\iesd\chs_home\lib\batik-svggen.jar;G:\iesdwa\qualitygates\wa\2021.1_ADP1_DEV_installer_porting\code\iesd\chs_home\lib\batik-swing.jar;G:\iesdwa\qualitygates\wa\2021.1_ADP1_DEV_installer_porting\code\iesd\chs_home\lib\batik-transcoder.jar;G:\iesdwa\qualitygates\wa\2021.1_ADP1_DEV_installer_porting\code\iesd\chs_home\lib\batik-util.jar;G:\iesdwa\qualitygates\wa\2021.1_ADP1_DEV_installer_porting\code\iesd\chs_home\lib\batik-xml.jar;G:\iesdwa\qualitygates\wa\2021.1_ADP1_DEV_installer_porting\code\iesd\chs_home\lib\batik-constants.jar;G:\iesdwa\qualitygates\wa\2021.1_ADP1_DEV_installer_porting\code\iesd\chs_home\lib\batik-i18n.jar;G:\iesdwa\qualitygates\wa\2021.1_ADP1_DEV_installer_porting\code\iesd\chs_home\lib\xml-apis.jar;G:\iesdwa\qualitygates\wa\2021.1_ADP1_DEV_installer_porting\code\iesd\chs_home\lib\xml-apis-ext.jar;G:\iesdwa\qualitygates\wa\2021.1_ADP1_DEV_installer_porting\code\iesd\chs_home\bld\testlib\capitaltestbridges.jar;G:\iesdwa\qualitygates\wa\2021.1_ADP1_DEV_installer_porting\code\iesd\chs_home\lib\guava.jar;G:\iesdwa\qualitygates\wa\2021.1_ADP1_DEV_installer_porting\code\iesd\chs_home\lib\capitalclibrary.jar;G:\iesdwa\qualitygates\wa\2021.1_ADP1_DEV_installer_porting\code\iesd\chs_home\lib\capitalharnessdsi.jar;G:\iesdwa\qualitygates\wa\2021.1_ADP1_DEV_installer_porting\code\iesd\chs_home\lib\extensions\capitalextensions.jar;G:\iesdwa\qualitygates\wa\2021.1_ADP1_DEV_installer_porting\code\iesd\chs_home\lib\teamcenter\capitalteamcenterintegrationimpl.jar;G:\iesdwa\qualitygates\wa\2021.1_ADP1_DEV_installer_porting\code\iesd\chs_home\lib\swt.jar;G:\iesdwa\qualitygates\wa\2021.1_ADP1_DEV_installer_porting\code\iesd\chs_home\lib\teamcenter\extras\gson.jar;G:\iesdwa\qualitygates\wa\2021.1_ADP1_DEV_installer_porting\code\iesd\chs_home\lib\teamcenter\extras\bio-solutions.jar;G:\iesdwa\qualitygates\wa\2021.1_ADP1_DEV_installer_porting\code\iesd\chs_home\lib\teamcenter\extras\bio-infrastructure.jar;G:\iesdwa\qualitygates\wa\2021.1_ADP1_DEV_installer_porting\code\iesd\chs_home\lib\teamcenter\extras\TcSoaCommon.jar;G:\iesdwa\qualitygates\wa\2021.1_ADP1_DEV_installer_porting\code\iesd\chs_home\lib\teamcenter\extras\TcSoaClient.jar;G:\iesdwa\qualitygates\wa\2021.1_ADP1_DEV_installer_porting\code\iesd\chs_home\lib\javafx\Windows\lib\javafx-swt.jar;G:\iesdwa\qualitygates\wa\2021.1_ADP1_DEV_installer_porting\code\iesd\chs_home\lib\javafx\Windows\lib\javafx.base.jar;G:\iesdwa\qualitygates\wa\2021.1_ADP1_DEV_installer_porting\code\iesd\chs_home\lib\javafx\Windows\lib\javafx.controls.jar;G:\iesdwa\qualitygates\wa\2021.1_ADP1_DEV_installer_porting\code\iesd\chs_home\lib\javafx\Windows\lib\javafx.fxml.jar;G:\iesdwa\qualitygates\wa\2021.1_ADP1_DEV_installer_porting\code\iesd\chs_home\lib\javafx\Windows\lib\javafx.graphics.jar;G:\iesdwa\qualitygates\wa\2021.1_ADP1_DEV_installer_porting\code\iesd\chs_home\lib\javafx\Windows\lib\javafx.media.jar;G:\iesdwa\qualitygates\wa\2021.1_ADP1_DEV_installer_porting\code\iesd\chs_home\lib\javafx\Windows\lib\javafx.swing.jar;G:\iesdwa\qualitygates\wa\2021.1_ADP1_DEV_installer_porting\code\iesd\chs_home\lib\javafx\Windows\lib\javafx.web.jar;G:\iesdwa\qualitygates\wa\2021.1_ADP1_DEV_installer_porting\code\iesd\chs_home\lib\pdfbox.jar;G:\iesdwa\qualitygates\wa\2021.1_ADP1_DEV_installer_porting\code\iesd\chs_home\lib\fontbox.jar;G:\iesdwa\qualitygates\wa\2021.1_ADP1_DEV_installer_porting\code\iesd\chs_home\lib\assertj-core.jar;G:\iesdwa\qualitygates\wa\2021.1_ADP1_DEV_installer_porting\code\iesd\chs_home\adaptors\lib\capitaltc.jar;G:\iesdwa\qualitygates\wa\2021.1_ADP1_DEV_installer_porting\code\iesd\chs_home\adaptors\lib\capitalixf.jar;G:\iesdwa\qualitygates\wa\2021.1_ADP1_DEV_installer_porting\code\iesd\chs_home\lib\oauth2-oidc-sdk.jar;G:\iesdwa\qualitygates\wa\2021.1_ADP1_DEV_installer_porting\code\iesd\chs_home\lib\capitalresources.jar;G:\iesdwa\qualitygates\wa\2021.1_ADP1_DEV_installer_porting\code\iesd\chs_home\bld\testlib\capitaltestharness.jar;G:\iesdwa\qualitygates\wa\2021.1_ADP1_DEV_installer_porting\code\iesd\chs_home\lib\capitalcanalysis.jar;G:\iesdwa\qualitygates\wa\2021.1_ADP1_DEV_installer_porting\code\iesd\chs_home\lib\trove.jar;G:\iesdwa\qualitygates\wa\2021.1_ADP1_DEV_installer_porting\code\iesd\chs_home\lib\capitalpluginapi.jar;G:\iesdwa\qualitygates\wa\2021.1_ADP1_DEV_installer_porting\code\iesd\chs_home\lib\capitalapigen.jar;G:\iesdwa\qualitygates\wa\2021.1_ADP1_DEV_installer_porting\code\iesd\chs_home\lib\capitalcview.jar;G:\iesdwa\qualitygates\wa\2021.1_ADP1_DEV_installer_porting\code\iesd\chs_home\lib\itext.jar;G:\iesdwa\qualitygates\wa\2021.1_ADP1_DEV_installer_porting\code\iesd\chs_home\adaptors\lib\capitalnwf.jar;G:\iesdwa\qualitygates\wa\2021.1_ADP1_DEV_installer_porting\code\iesd\chs_home\adaptors\lib\capitalproe.jar;G:\iesdwa\qualitygates\wa\2021.1_ADP1_DEV_installer_porting\code\iesd\chs_home\adaptors\lib\capitalkbl.jar;G:\iesdwa\qualitygates\wa\2021.1_ADP1_DEV_installer_porting\code\iesd\chs_home\adaptors\lib\capitaldsi.jar;G:\iesdwa\qualitygates\wa\2021.1_ADP1_DEV_installer_porting\code\iesd\chs_home\adaptors\lib\capitalhcv.jar;G:\iesdwa\qualitygates\wa\2021.1_ADP1_DEV_installer_porting\code\iesd\chs_home\adaptors\lib\capitalsolidedge.jar;G:\iesdwa\qualitygates\wa\2021.1_ADP1_DEV_installer_porting\code\iesd\chs_home\lib\hsqldb.jar;G:\iesdwa\qualitygates\wa\2021.1_ADP1_DEV_installer_porting\code\iesd\chs_home\lib\jboss-rmi-api.jar;G:\iesdwa\qualitygates\wa\2021.1_ADP1_DEV_installer_porting\code\iesd\chs_home\lib\avalon-framework.jar;G:\iesdwa\qualitygates\wa\2021.1_ADP1_DEV_installer_porting\code\iesd\chs_home\lib\logkit-1.2.jar;G:\iesdwa\qualitygates\wa\2021.1_ADP1_DEV_installer_porting\code\iesd\chs_home\lib\commons-logging.jar;G:\iesdwa\qualitygates\wa\2021.1_ADP1_DEV_installer_porting\code\iesd\chs_home\lib\jcommon.jar;G:\iesdwa\qualitygates\wa\2021.1_ADP1_DEV_installer_porting\code\iesd\chs_home\lib\jfreechart.jar;G:\iesdwa\qualitygates\wa\2021.1_ADP1_DEV_installer_porting\code\iesd\chs_home\lib\capitalreporterserverutils.jar;G:\iesdwa\qualitygates\wa\2021.1_ADP1_DEV_installer_porting\code\iesd\chs_home\lib\capitalans.jar;G:\iesdwa\qualitygates\wa\2021.1_ADP1_DEV_installer_porting\code\iesd\chs_home\lib\capitalrestresources.jar;G:\iesdwa\qualitygates\wa\2021.1_ADP1_DEV_installer_porting\code\iesd\chs_home\lib\jackson-annotations.jar;G:\iesdwa\qualitygates\wa\2021.1_ADP1_DEV_installer_porting\code\iesd\chs_home\lib\jackson-core.jar;G:\iesdwa\qualitygates\wa\2021.1_ADP1_DEV_installer_porting\code\iesd\chs_home\lib\jackson-databind.jar;G:\iesdwa\qualitygates\wa\2021.1_ADP1_DEV_installer_porting\code\iesd\chs_home\lib\jackson-jaxrs-base.jar;G:\iesdwa\qualitygates\wa\2021.1_ADP1_DEV_installer_porting\code\iesd\chs_home\lib\jackson-jaxrs-json-provider.jar;G:\iesdwa\qualitygates\wa\2021.1_ADP1_DEV_installer_porting\code\iesd\infrastructure_src\src\third_party\cobertura\cobertura.jar;G:\iesdwa\qualitygates\wa\2021.1_ADP1_DEV_installer_porting\code\iesd\infrastructure_src\src\third_party\cobertura\lib\asm-3.0.jar;G:\iesdwa\qualitygates\wa\2021.1_ADP1_DEV_installer_porting\code\iesd\infrastructure_src\src\third_party\cobertura\lib\asm-tree-3.0.jar;G:\iesdwa\qualitygates\wa\2021.1_ADP1_DEV_installer_porting\code\iesd\infrastructure_src\src\third_party\cobertura\lib\jakarta-oro-2.0.8.jar;G:\iesdwa\qualitygates\wa\2021.1_ADP1_DEV_installer_porting\code\iesd\infrastructure_src\src\third_party\cobertura\lib\log4j-1.2.9.jar;G:\iesdwa\qualitygates\wa\2021.1_ADP1_DEV_installer_porting\code\iesd\chs_home\lib\capitaljms.jar;G:\iesdwa\qualitygates\wa\2021.1_ADP1_DEV_installer_porting\code\iesd\chs_home\lib\capitalupdaterutils.jar;G:\iesdwa\qualitygates\wa\2021.1_ADP1_DEV_installer_porting\code\iesd\chs_home\lib\javax.activation-api.jar;G:\iesdwa\qualitygates\wa\2021.1_ADP1_DEV_installer_porting\code\iesd\chs_home\lib\webservices-api.jar;G:\iesdwa\qualitygates\wa\2021.1_ADP1_DEV_installer_porting\code\iesd\chs_home\lib\sanj.jar;G:\iesdwa\qualitygates\wa\2021.1_ADP1_DEV_installer_porting\code\iesd\chs_home\lib\fop.jar;G:\iesdwa\qualitygates\wa\2021.1_ADP1_DEV_installer_porting\code\iesd\chs_home\lib\commons-xmlgraphics.jar;G:\iesdwa\qualitygates\wa\2021.1_ADP1_DEV_installer_porting\code\iesd\chs_home\adaptors\lib\capitaltceclientv10.jar;G:\iesdwa\qualitygates\wa\2021.1_ADP1_DEV_installer_porting\code\iesd\chs_home\lib\jsoup.jar;G:\iesdwa\qualitygates\wa\2021.1_ADP1_DEV_installer_porting\code\iesd\chs_home\lib\jaxb-impl.jar;G:\iesdwa\qualitygates\wa\2021.1_ADP1_DEV_installer_porting\code\iesd\chs_home\bld\jacoco\lib\jacocoagent.jar;G:\iesdwa\qualitygates\wa\2021.1_ADP1_DEV_installer_porting\code\iesd\chs_home\bld\lib\hamcrest-core.jar;G:\iesdwa\qualitygates\wa\2021.1_ADP1_DEV_installer_porting\code\iesd\chs_home\bld\lib\cacio-tta.jar;G:\iesdwa\qualitygates\wa\2021.1_ADP1_DEV_installer_porting\code\iesd\chs_home\bld\lib\cacio-shared.jar;G:\iesdwa\qualitygates\wa\2021.1_ADP1_DEV_installer_porting\code\iesd\infrastructure_src\src\third_party\assertj-swing\assertj-core.jar;G:\iesdwa\qualitygates\wa\2021.1_ADP1_DEV_installer_porting\code\iesd\chs_home\bld\ilib\junit-jacoco-ant.jar;G:\iesdwa\qualitygates\wa\2021.1_ADP1_DEV_installer_porting\code\iesd\chs_home\bld\lib\ant-launcher.jar;G:\iesdwa\qualitygates\wa\2021.1_ADP1_DEV_installer_porting\code\iesd\chs_home\bld\lib\ant.jar;G:\iesdwa\qualitygates\wa\2021.1_ADP1_DEV_installer_porting\code\iesd\chs_home\bld\lib\ant-junit.jar;G:\iesdwa\qualitygates\wa\2021.1_ADP1_DEV_installer_porting\code\iesd\chs_home\bld\lib\ant-junit4.jar;G:\iesdwa\qualitygates\wa\2021.1_ADP1_DEV_installer_porting\code\iesd\chs_home\lib\socketio.jar" />
    <property name="out.instr.dir" value="G:\iesdwa\qualitygates\wa\2021.1_ADP1_DEV_installer_porting\code\iesd\charness_src\tests/outinstr" />
    <property name="env.USERDNSDOMAIN" value="MGC.MENTORG.COM" />
    <property name="env.HOME" value="C:\cygwin\home\iesdgrid" />
    <property name="chshome" value="G:/iesdwa/qualitygates/wa//2021.1_ADP1_DEV_installer_porting/code/iesd/chs_home" />
    <property name="junit.format" value="xml" />
    <property name="java.vm.vendor" value="Oracle Corporation" />
    <property name="env.PROCESSOR_ARCHITECTURE" value="AMD64" />
    <property name="Capital Harness Tests.basedir" value="G:\iesdwa\qualitygates\wa\2021.1_ADP1_DEV_installer_porting\code\iesd\charness_src\tests" />
    <property name="java.util.Arrays.useLegacyMergeSort" value="true" />
    <property name="user.variant" value="" />
    <property name="build.spversion" value="" />
    <property name="java.locale.providers" value="COMPAT,CLDR" />
    <property name="env.COMMONPROGRAMFILES" value="C:\Program Files\Common Files" />
    <property name="ant.file.jacoco-coverage" value="G:\iesdwa\qualitygates\wa\2021.1_ADP1_DEV_installer_porting\code\iesd\infrastructure_src\src\scripts\AntScripts\jacoco.xml" />
    <property name="singletest.test" value="" />
    <property name="sun.java.launcher" value="SUN_STANDARD" />
    <property name="user.country" value="IE" />
    <property name="emma.enabled" value="false" />
    <property name="cobertura.serfile" value="G:\iesdwa\qualitygates\wa\2021.1_ADP1_DEV_installer_porting\code\iesd\charness_src\tests/outinstr/cobertura.ser" />
    <property name="env.USERDOMAIN" value="MGC" />
    <property name="class.suffix" value="class" />
    <property name="sun.cpu.endian" value="little" />
    <property name="env.COMSPEC" value="C:\Windows\system32\cmd.exe" />
    <property name="user.language" value="en" />
    <property name="chs.extendedtests.maxmemory" value="512m" />
    <property name="junit.extended.timeout.ms" value="1200000" />
    <property name="cb-instrumented.dir" value="G:\iesdwa\qualitygates\wa\2021.1_ADP1_DEV_installer_porting\code\iesd\charness_src\tests/outinstr" />
    <property name="ant.java.version" value="11" />
    <property name="env.BUILD_HOME" value="G:/iesdwa/qualitygates/wa/2021.1_ADP1_DEV_installer_porting/code/iesd" />
    <property name="test.results.dir" value="G:/iesdwa/qualitygates/wa//2021.1_ADP1_DEV_installer_porting/code/iesd/chs_home/bld/testresults/harness" />
    <property name="exports_dir" value="../exports" />
    <property name="ant.file.type.Capital Harness Tests" value="file" />
    <property name="TSTAMP" value="1922" />
    <property name="jacoco.coverage.reportdir" value="G:/iesdwa/qualitygates/wa//2021.1_ADP1_DEV_installer_porting/code/iesd/chs_home/bld/jacoco/coverage//junit-coverage" />
    <property name="jacoco.execfileprefix" value="BalanceSpliceForceDirectionTest" />
    <property name="merged.coverage.dir" value="G:/iesdwa/qualitygates/wa//2021.1_ADP1_DEV_installer_porting/code/iesd/chs_home/bld/coverage/junit" />
    <property name="chshome.ixn" value="G:/iesdwa/qualitygates/wa//2021.1_ADP1_DEV_installer_porting/code/iesd/chs_home.ixn" />
    <property name="singletest.report" value="" />
    <property name="junit.jar" value="bld/lib/junit.jar" />
    <property name="env.=C:" value="c:\slave\workspace\rerunFailedQualityGateTests" />
    <property name="validation.extended" value="false" />
    <property name="java.runtime.name" value="OpenJDK Runtime Environment" />
    <property name="chs.extendedtests.dir" value="build" />
    <property name="env.CommonProgramFiles(x86)" value="C:\Program Files (x86)\Common Files" />
    <property name="ant.project.invoked-targets" value="runsingletestonlyqg" />
    <property name="env.BUILD_DISPLAY_NAME" value="246584 : 2021.1_ADP1_DEV_installer_porting //ies-net-cls1-data.ies.mentorg.com/iesd/iesd_data11/iesdgridhome/scripts/prod  " />
    <property name="env.IESD_GRIDDATA" value="//ies-net-cls1-data.ies.mentorg.com/iesd/iesd_data11/iesdgridhome/data" />
    <property name="chsbuild.maxmemory" value="1024M" />
    <property name="ant.file.type.AntContrib" value="file" />
    <property name="ant.core.lib" value="G:\iesdwa\qualitygates\wa\2021.1_ADP1_DEV_installer_porting\code\iesd\chs_home\bld\lib\ant.jar" />
    <property name="chs.build.vob.testdata.dir" value="charness_src/tests/testdata" />
    <property name="java.vendor.url.bug" value="http://bugreport.java.com/bugreport/" />
    <property name="capital.skiplookandfeel" value="false" />
    <property name="jacocolistener" value="com.mentor.junitjacocoant.JaCoCoCoverageCollectingAdaptor" />
    <property name="src" value="src" />
    <property name="TODAY" value="June 22 2021" />
    <property name="user.dir" value="G:\iesdwa\qualitygates\wa\2021.1_ADP1_DEV_installer_porting\code\iesd" />
    <property name="classpath.string.env" value="G:\iesdwa\qualitygates\wa\2021.1_ADP1_DEV_installer_porting\code\iesd\chs_home\lib\commons-lang.jar;G:\iesdwa\qualitygates\wa\2021.1_ADP1_DEV_installer_porting\code\iesd\chs_home\lib\xalan.jar;G:\iesdwa\qualitygates\wa\2021.1_ADP1_DEV_installer_porting\code\iesd\chs_home\lib\xerces.jar;G:\iesdwa\qualitygates\wa\2021.1_ADP1_DEV_installer_porting\code\iesd\chs_home\lib\capitalcommonlang.jar;G:\iesdwa\qualitygates\wa\2021.1_ADP1_DEV_installer_porting\code\iesd\chs_home\lib\capitalwindowslandf.jar;G:\iesdwa\qualitygates\wa\2021.1_ADP1_DEV_installer_porting\code\iesd\chs_home\lib\annotations.jar;G:\iesdwa\qualitygates\wa\2021.1_ADP1_DEV_installer_porting\code\iesd\chs_home\lib\commons-codec.jar;G:\iesdwa\qualitygates\wa\2021.1_ADP1_DEV_installer_porting\code\iesd\chs_home\lib\commons-io.jar;G:\iesdwa\qualitygates\wa\2021.1_ADP1_DEV_installer_porting\code\iesd\chs_home\lib\commons-math.jar;G:\iesdwa\qualitygates\wa\2021.1_ADP1_DEV_installer_porting\code\iesd\chs_home\lib\capitalannotations.jar;G:\iesdwa\qualitygates\wa\2021.1_ADP1_DEV_installer_porting\code\iesd\chs_home\lib\capitalcommon.jar;G:\iesdwa\qualitygates\wa\2021.1_ADP1_DEV_installer_porting\code\iesd\chs_home\lib\capitalutils.jar;G:\iesdwa\qualitygates\wa\2021.1_ADP1_DEV_installer_porting\code\iesd\chs_home\lib\servicelocator.jar;G:\iesdwa\qualitygates\wa\2021.1_ADP1_DEV_installer_porting\code\iesd\chs_home\lib\capitalapi.jar;G:\iesdwa\qualitygates\wa\2021.1_ADP1_DEV_installer_porting\code\iesd\chs_home\lib\capitalapiextensions.jar;G:\iesdwa\qualitygates\wa\2021.1_ADP1_DEV_installer_porting\code\iesd\chs_home\lib\capitalcof.jar;G:\iesdwa\qualitygates\wa\2021.1_ADP1_DEV_installer_porting\code\iesd\chs_home\lib\capitalimages.jar;G:\iesdwa\qualitygates\wa\2021.1_ADP1_DEV_installer_porting\code\iesd\chs_home\lib\capitalcapman.jar;G:\iesdwa\qualitygates\wa\2021.1_ADP1_DEV_installer_porting\code\iesd\chs_home\lib\capitalcofimpl.jar;G:\iesdwa\qualitygates\wa\2021.1_ADP1_DEV_installer_porting\code\iesd\chs_home\lib\capitalcof_baseimpl.jar;G:\iesdwa\qualitygates\wa\2021.1_ADP1_DEV_installer_porting\code\iesd\chs_home\lib\capitalcofcafimpl.jar;G:\iesdwa\qualitygates\wa\2021.1_ADP1_DEV_installer_porting\code\iesd\chs_home\lib\capitalcaf.jar;G:\iesdwa\qualitygates\wa\2021.1_ADP1_DEV_installer_porting\code\iesd\chs_home\lib\capitalcofutils.jar;G:\iesdwa\qualitygates\wa\2021.1_ADP1_DEV_installer_porting\code\iesd\chs_home\lib\capitalctf.jar;G:\iesdwa\qualitygates\wa\2021.1_ADP1_DEV_installer_porting\code\iesd\chs_home\lib\capitalbridgessdk.jar;G:\iesdwa\qualitygates\wa\2021.1_ADP1_DEV_installer_porting\code\iesd\chs_home\lib\capitalbridgesui.jar;G:\iesdwa\qualitygates\wa\2021.1_ADP1_DEV_installer_porting\code\iesd\chs_home\lib\log4j.jar;G:\iesdwa\qualitygates\wa\2021.1_ADP1_DEV_installer_porting\code\iesd\chs_home\lib\jacorb.jar;G:\iesdwa\qualitygates\wa\2021.1_ADP1_DEV_installer_porting\code\iesd\chs_home\lib\jacorb-omgapi.jar;G:\iesdwa\qualitygates\wa\2021.1_ADP1_DEV_installer_porting\code\iesd\chs_home\lib\slf4j-api.jar;G:\iesdwa\qualitygates\wa\2021.1_ADP1_DEV_installer_porting\code\iesd\chs_home\lib\slf4j-jdk.jar;G:\iesdwa\qualitygates\wa\2021.1_ADP1_DEV_installer_porting\code\iesd\chs_home\lib\capitalapiimpl.jar;G:\iesdwa\qualitygates\wa\2021.1_ADP1_DEV_installer_porting\code\iesd\chs_home\lib\capitalharness.jar;G:\iesdwa\qualitygates\wa\2021.1_ADP1_DEV_installer_porting\code\iesd\chs_home\lib\capitaldbmigrate.jar;G:\iesdwa\qualitygates\wa\2021.1_ADP1_DEV_installer_porting\code\iesd\chs_home\bld\testlib\capitaltestscof.jar;G:\iesdwa\qualitygates\wa\2021.1_ADP1_DEV_installer_porting\code\iesd\chs_home\bld\testlib\capitaltestscaf.jar;G:\iesdwa\qualitygates\wa\2021.1_ADP1_DEV_installer_porting\code\iesd\chs_home\bld\testlib\capitaltestsinterfaces.jar;G:\iesdwa\qualitygates\wa\2021.1_ADP1_DEV_installer_porting\code\iesd\chs_home\lib\capitaladaptorbatch.jar;G:\iesdwa\qualitygates\wa\2021.1_ADP1_DEV_installer_porting\code\iesd\chs_home\bld\lib\selenium-java-2.45.0.jar;G:\iesdwa\qualitygates\wa\2021.1_ADP1_DEV_installer_porting\code\iesd\chs_home\bld\lib\jmockit.jar;G:\iesdwa\qualitygates\wa\2021.1_ADP1_DEV_installer_porting\code\iesd\chs_home\bld\lib\junit.jar;G:\iesdwa\qualitygates\wa\2021.1_ADP1_DEV_installer_porting\code\iesd\chs_home\lib\js.jar;G:\iesdwa\qualitygates\wa\2021.1_ADP1_DEV_installer_porting\code\iesd\chs_home\lib\capitalprofiler.jar;G:\iesdwa\qualitygates\wa\2021.1_ADP1_DEV_installer_porting\code\iesd\chs_home\bld\lib\jfcunit.jar;G:\iesdwa\qualitygates\wa\2021.1_ADP1_DEV_installer_porting\code\iesd\chs_home\lib\capitalbaseautomation.jar;G:\iesdwa\qualitygates\wa\2021.1_ADP1_DEV_installer_porting\code\iesd\chs_home\bld\lib\pdfrenderer.jar;G:\iesdwa\qualitygates\wa\2021.1_ADP1_DEV_installer_porting\code\iesd\chs_home\bld\lib\uispec4j.jar;G:\iesdwa\qualitygates\wa\2021.1_ADP1_DEV_installer_porting\code\iesd\chs_home\lib\capitalbridges.jar;G:\iesdwa\qualitygates\wa\2021.1_ADP1_DEV_installer_porting\code\iesd\chs_home\lib\capitalnxinterfaces.jar;G:\iesdwa\qualitygates\wa\2021.1_ADP1_DEV_installer_porting\code\iesd\chs_home\lib\capitalnxremoteplugin.jar;G:\iesdwa\qualitygates\wa\2021.1_ADP1_DEV_installer_porting\code\iesd\chs_home\bld\lib\xmlunit.jar;G:\iesdwa\qualitygates\wa\2021.1_ADP1_DEV_installer_porting\code\iesd\chs_home\lib\capitaljeda.jar;G:\iesdwa\qualitygates\wa\2021.1_ADP1_DEV_installer_porting\code\iesd\chs_home\lib\batik-anim.jar;G:\iesdwa\qualitygates\wa\2021.1_ADP1_DEV_installer_porting\code\iesd\chs_home\lib\batik-awt-util.jar;G:\iesdwa\qualitygates\wa\2021.1_ADP1_DEV_installer_porting\code\iesd\chs_home\lib\batik-bridge.jar;G:\iesdwa\qualitygates\wa\2021.1_ADP1_DEV_installer_porting\code\iesd\chs_home\lib\batik-codec.jar;G:\iesdwa\qualitygates\wa\2021.1_ADP1_DEV_installer_porting\code\iesd\chs_home\lib\batik-css.jar;G:\iesdwa\qualitygates\wa\2021.1_ADP1_DEV_installer_porting\code\iesd\chs_home\lib\batik-dom.jar;G:\iesdwa\qualitygates\wa\2021.1_ADP1_DEV_installer_porting\code\iesd\chs_home\lib\batik-ext.jar;G:\iesdwa\qualitygates\wa\2021.1_ADP1_DEV_installer_porting\code\iesd\chs_home\lib\batik-extension.jar;G:\iesdwa\qualitygates\wa\2021.1_ADP1_DEV_installer_porting\code\iesd\chs_home\lib\batik-gui-util.jar;G:\iesdwa\qualitygates\wa\2021.1_ADP1_DEV_installer_porting\code\iesd\chs_home\lib\batik-gvt.jar;G:\iesdwa\qualitygates\wa\2021.1_ADP1_DEV_installer_porting\code\iesd\chs_home\lib\batik-parser.jar;G:\iesdwa\qualitygates\wa\2021.1_ADP1_DEV_installer_porting\code\iesd\chs_home\lib\batik-script.jar;G:\iesdwa\qualitygates\wa\2021.1_ADP1_DEV_installer_porting\code\iesd\chs_home\lib\batik-svg-dom.jar;G:\iesdwa\qualitygates\wa\2021.1_ADP1_DEV_installer_porting\code\iesd\chs_home\lib\batik-svggen.jar;G:\iesdwa\qualitygates\wa\2021.1_ADP1_DEV_installer_porting\code\iesd\chs_home\lib\batik-swing.jar;G:\iesdwa\qualitygates\wa\2021.1_ADP1_DEV_installer_porting\code\iesd\chs_home\lib\batik-transcoder.jar;G:\iesdwa\qualitygates\wa\2021.1_ADP1_DEV_installer_porting\code\iesd\chs_home\lib\batik-util.jar;G:\iesdwa\qualitygates\wa\2021.1_ADP1_DEV_installer_porting\code\iesd\chs_home\lib\batik-xml.jar;G:\iesdwa\qualitygates\wa\2021.1_ADP1_DEV_installer_porting\code\iesd\chs_home\lib\batik-constants.jar;G:\iesdwa\qualitygates\wa\2021.1_ADP1_DEV_installer_porting\code\iesd\chs_home\lib\batik-i18n.jar;G:\iesdwa\qualitygates\wa\2021.1_ADP1_DEV_installer_porting\code\iesd\chs_home\lib\xml-apis.jar;G:\iesdwa\qualitygates\wa\2021.1_ADP1_DEV_installer_porting\code\iesd\chs_home\lib\xml-apis-ext.jar;G:\iesdwa\qualitygates\wa\2021.1_ADP1_DEV_installer_porting\code\iesd\chs_home\bld\testlib\capitaltestbridges.jar;G:\iesdwa\qualitygates\wa\2021.1_ADP1_DEV_installer_porting\code\iesd\chs_home\lib\guava.jar;G:\iesdwa\qualitygates\wa\2021.1_ADP1_DEV_installer_porting\code\iesd\chs_home\lib\capitalclibrary.jar;G:\iesdwa\qualitygates\wa\2021.1_ADP1_DEV_installer_porting\code\iesd\chs_home\lib\capitalharnessdsi.jar;G:\iesdwa\qualitygates\wa\2021.1_ADP1_DEV_installer_porting\code\iesd\chs_home\lib\extensions\capitalextensions.jar;G:\iesdwa\qualitygates\wa\2021.1_ADP1_DEV_installer_porting\code\iesd\chs_home\lib\teamcenter\capitalteamcenterintegrationimpl.jar;G:\iesdwa\qualitygates\wa\2021.1_ADP1_DEV_installer_porting\code\iesd\chs_home\lib\swt.jar;G:\iesdwa\qualitygates\wa\2021.1_ADP1_DEV_installer_porting\code\iesd\chs_home\lib\teamcenter\extras\gson.jar;G:\iesdwa\qualitygates\wa\2021.1_ADP1_DEV_installer_porting\code\iesd\chs_home\lib\teamcenter\extras\bio-solutions.jar;G:\iesdwa\qualitygates\wa\2021.1_ADP1_DEV_installer_porting\code\iesd\chs_home\lib\teamcenter\extras\bio-infrastructure.jar;G:\iesdwa\qualitygates\wa\2021.1_ADP1_DEV_installer_porting\code\iesd\chs_home\lib\teamcenter\extras\TcSoaCommon.jar;G:\iesdwa\qualitygates\wa\2021.1_ADP1_DEV_installer_porting\code\iesd\chs_home\lib\teamcenter\extras\TcSoaClient.jar;G:\iesdwa\qualitygates\wa\2021.1_ADP1_DEV_installer_porting\code\iesd\chs_home\lib\javafx\Windows\lib\javafx-swt.jar;G:\iesdwa\qualitygates\wa\2021.1_ADP1_DEV_installer_porting\code\iesd\chs_home\lib\javafx\Windows\lib\javafx.base.jar;G:\iesdwa\qualitygates\wa\2021.1_ADP1_DEV_installer_porting\code\iesd\chs_home\lib\javafx\Windows\lib\javafx.controls.jar;G:\iesdwa\qualitygates\wa\2021.1_ADP1_DEV_installer_porting\code\iesd\chs_home\lib\javafx\Windows\lib\javafx.fxml.jar;G:\iesdwa\qualitygates\wa\2021.1_ADP1_DEV_installer_porting\code\iesd\chs_home\lib\javafx\Windows\lib\javafx.graphics.jar;G:\iesdwa\qualitygates\wa\2021.1_ADP1_DEV_installer_porting\code\iesd\chs_home\lib\javafx\Windows\lib\javafx.media.jar;G:\iesdwa\qualitygates\wa\2021.1_ADP1_DEV_installer_porting\code\iesd\chs_home\lib\javafx\Windows\lib\javafx.swing.jar;G:\iesdwa\qualitygates\wa\2021.1_ADP1_DEV_installer_porting\code\iesd\chs_home\lib\javafx\Windows\lib\javafx.web.jar;G:\iesdwa\qualitygates\wa\2021.1_ADP1_DEV_installer_porting\code\iesd\chs_home\lib\pdfbox.jar;G:\iesdwa\qualitygates\wa\2021.1_ADP1_DEV_installer_porting\code\iesd\chs_home\lib\fontbox.jar;G:\iesdwa\qualitygates\wa\2021.1_ADP1_DEV_installer_porting\code\iesd\chs_home\lib\assertj-core.jar;G:\iesdwa\qualitygates\wa\2021.1_ADP1_DEV_installer_porting\code\iesd\chs_home\adaptors\lib\capitaltc.jar;G:\iesdwa\qualitygates\wa\2021.1_ADP1_DEV_installer_porting\code\iesd\chs_home\adaptors\lib\capitalixf.jar;G:\iesdwa\qualitygates\wa\2021.1_ADP1_DEV_installer_porting\code\iesd\chs_home\lib\oauth2-oidc-sdk.jar;G:\iesdwa\qualitygates\wa\2021.1_ADP1_DEV_installer_porting\code\iesd\chs_home\lib\capitalresources.jar;G:\iesdwa\qualitygates\wa\2021.1_ADP1_DEV_installer_porting\code\iesd\chs_home\bld\testlib\capitaltestharness.jar;G:\iesdwa\qualitygates\wa\2021.1_ADP1_DEV_installer_porting\code\iesd\chs_home\lib\capitalcanalysis.jar;G:\iesdwa\qualitygates\wa\2021.1_ADP1_DEV_installer_porting\code\iesd\chs_home\lib\trove.jar;G:\iesdwa\qualitygates\wa\2021.1_ADP1_DEV_installer_porting\code\iesd\chs_home\lib\capitalpluginapi.jar;G:\iesdwa\qualitygates\wa\2021.1_ADP1_DEV_installer_porting\code\iesd\chs_home\lib\capitalapigen.jar;G:\iesdwa\qualitygates\wa\2021.1_ADP1_DEV_installer_porting\code\iesd\chs_home\lib\capitalcview.jar;G:\iesdwa\qualitygates\wa\2021.1_ADP1_DEV_installer_porting\code\iesd\chs_home\lib\itext.jar;G:\iesdwa\qualitygates\wa\2021.1_ADP1_DEV_installer_porting\code\iesd\chs_home\adaptors\lib\capitalnwf.jar;G:\iesdwa\qualitygates\wa\2021.1_ADP1_DEV_installer_porting\code\iesd\chs_home\adaptors\lib\capitalproe.jar;G:\iesdwa\qualitygates\wa\2021.1_ADP1_DEV_installer_porting\code\iesd\chs_home\adaptors\lib\capitalkbl.jar;G:\iesdwa\qualitygates\wa\2021.1_ADP1_DEV_installer_porting\code\iesd\chs_home\adaptors\lib\capitaldsi.jar;G:\iesdwa\qualitygates\wa\2021.1_ADP1_DEV_installer_porting\code\iesd\chs_home\adaptors\lib\capitalhcv.jar;G:\iesdwa\qualitygates\wa\2021.1_ADP1_DEV_installer_porting\code\iesd\chs_home\adaptors\lib\capitalsolidedge.jar;G:\iesdwa\qualitygates\wa\2021.1_ADP1_DEV_installer_porting\code\iesd\chs_home\lib\hsqldb.jar;G:\iesdwa\qualitygates\wa\2021.1_ADP1_DEV_installer_porting\code\iesd\chs_home\lib\jboss-rmi-api.jar;G:\iesdwa\qualitygates\wa\2021.1_ADP1_DEV_installer_porting\code\iesd\chs_home\lib\avalon-framework.jar;G:\iesdwa\qualitygates\wa\2021.1_ADP1_DEV_installer_porting\code\iesd\chs_home\lib\logkit-1.2.jar;G:\iesdwa\qualitygates\wa\2021.1_ADP1_DEV_installer_porting\code\iesd\chs_home\lib\commons-logging.jar;G:\iesdwa\qualitygates\wa\2021.1_ADP1_DEV_installer_porting\code\iesd\chs_home\lib\jcommon.jar;G:\iesdwa\qualitygates\wa\2021.1_ADP1_DEV_installer_porting\code\iesd\chs_home\lib\jfreechart.jar;G:\iesdwa\qualitygates\wa\2021.1_ADP1_DEV_installer_porting\code\iesd\chs_home\lib\capitalreporterserverutils.jar;G:\iesdwa\qualitygates\wa\2021.1_ADP1_DEV_installer_porting\code\iesd\chs_home\lib\capitalans.jar;G:\iesdwa\qualitygates\wa\2021.1_ADP1_DEV_installer_porting\code\iesd\chs_home\lib\capitalrestresources.jar;G:\iesdwa\qualitygates\wa\2021.1_ADP1_DEV_installer_porting\code\iesd\chs_home\lib\jackson-annotations.jar;G:\iesdwa\qualitygates\wa\2021.1_ADP1_DEV_installer_porting\code\iesd\chs_home\lib\jackson-core.jar;G:\iesdwa\qualitygates\wa\2021.1_ADP1_DEV_installer_porting\code\iesd\chs_home\lib\jackson-databind.jar;G:\iesdwa\qualitygates\wa\2021.1_ADP1_DEV_installer_porting\code\iesd\chs_home\lib\jackson-jaxrs-base.jar;G:\iesdwa\qualitygates\wa\2021.1_ADP1_DEV_installer_porting\code\iesd\chs_home\lib\jackson-jaxrs-json-provider.jar;G:\iesdwa\qualitygates\wa\2021.1_ADP1_DEV_installer_porting\code\iesd\infrastructure_src\src\third_party\cobertura\cobertura.jar;G:\iesdwa\qualitygates\wa\2021.1_ADP1_DEV_installer_porting\code\iesd\infrastructure_src\src\third_party\cobertura\lib\asm-3.0.jar;G:\iesdwa\qualitygates\wa\2021.1_ADP1_DEV_installer_porting\code\iesd\infrastructure_src\src\third_party\cobertura\lib\asm-tree-3.0.jar;G:\iesdwa\qualitygates\wa\2021.1_ADP1_DEV_installer_porting\code\iesd\infrastructure_src\src\third_party\cobertura\lib\jakarta-oro-2.0.8.jar;G:\iesdwa\qualitygates\wa\2021.1_ADP1_DEV_installer_porting\code\iesd\infrastructure_src\src\third_party\cobertura\lib\log4j-1.2.9.jar;G:\iesdwa\qualitygates\wa\2021.1_ADP1_DEV_installer_porting\code\iesd\chs_home\lib\capitaljms.jar;G:\iesdwa\qualitygates\wa\2021.1_ADP1_DEV_installer_porting\code\iesd\chs_home\lib\capitalupdaterutils.jar;G:\iesdwa\qualitygates\wa\2021.1_ADP1_DEV_installer_porting\code\iesd\chs_home\lib\javax.activation-api.jar;G:\iesdwa\qualitygates\wa\2021.1_ADP1_DEV_installer_porting\code\iesd\chs_home\lib\webservices-api.jar;G:\iesdwa\qualitygates\wa\2021.1_ADP1_DEV_installer_porting\code\iesd\chs_home\lib\sanj.jar;G:\iesdwa\qualitygates\wa\2021.1_ADP1_DEV_installer_porting\code\iesd\chs_home\lib\fop.jar;G:\iesdwa\qualitygates\wa\2021.1_ADP1_DEV_installer_porting\code\iesd\chs_home\lib\commons-xmlgraphics.jar;G:\iesdwa\qualitygates\wa\2021.1_ADP1_DEV_installer_porting\code\iesd\chs_home\adaptors\lib\capitaltceclientv10.jar;G:\iesdwa\qualitygates\wa\2021.1_ADP1_DEV_installer_porting\code\iesd\chs_home\lib\jsoup.jar;G:\iesdwa\qualitygates\wa\2021.1_ADP1_DEV_installer_porting\code\iesd\chs_home\lib\jaxb-impl.jar;G:\iesdwa\qualitygates\wa\2021.1_ADP1_DEV_installer_porting\code\iesd\chs_home\bld\jacoco\lib\jacocoagent.jar;G:\iesdwa\qualitygates\wa\2021.1_ADP1_DEV_installer_porting\code\iesd\chs_home\bld\lib\hamcrest-core.jar;G:\iesdwa\qualitygates\wa\2021.1_ADP1_DEV_installer_porting\code\iesd\chs_home\bld\lib\cacio-tta.jar;G:\iesdwa\qualitygates\wa\2021.1_ADP1_DEV_installer_porting\code\iesd\chs_home\bld\lib\cacio-shared.jar;G:\iesdwa\qualitygates\wa\2021.1_ADP1_DEV_installer_porting\code\iesd\infrastructure_src\src\third_party\assertj-swing\assertj-core.jar;G:\iesdwa\qualitygates\wa\2021.1_ADP1_DEV_installer_porting\code\iesd\chs_home\bld\ilib\junit-jacoco-ant.jar;G:\iesdwa\qualitygates\wa\2021.1_ADP1_DEV_installer_porting\code\iesd\chs_home\bld\lib\ant-launcher.jar;G:\iesdwa\qualitygates\wa\2021.1_ADP1_DEV_installer_porting\code\iesd\chs_home\bld\lib\ant.jar;G:\iesdwa\qualitygates\wa\2021.1_ADP1_DEV_installer_porting\code\iesd\chs_home\bld\lib\ant-junit.jar;G:\iesdwa\qualitygates\wa\2021.1_ADP1_DEV_installer_porting\code\iesd\chs_home\bld\lib\ant-junit4.jar;G:\iesdwa\qualitygates\wa\2021.1_ADP1_DEV_installer_porting\code\iesd\chs_home\lib\socketio.jar" />
    <property name="nodejs_npm.executable" value="G:/iesdwa/qualitygates/wa//2021.1_ADP1_DEV_installer_porting/code/iesd/chs_home/bld/nodejs/windows/npm.cmd" />
    <property name="junit.showoutput" value="false" />
    <property name="env.=D:" value="D:\" />
    <property name="DEBUG" value="on" />
    <property name="junit.haltonfailure" value="no" />
    <property name="env.ProgramFiles(x86)" value="C:\Program Files (x86)" />
    <property name="env.CHS_TEMP" value="G:/iesdwa/qualitygates/wa/2021.1_ADP1_DEV_installer_porting/code/iesd/chs_home/temp" />
    <property name="env.WORKSPACE_TMP" value="c:\slave\workspace\rerunFailedQualityGateTests@tmp" />
    <property name="env.ANT_OPTS" value="-Xmx1G" />
    <property name="build" value="build" />
    <property name="ant.file.type.GradleSupport" value="file" />
    <property name="java.vm.version" value="11.0.4+11" />
    <property name="build.version.sub" value="1" />
    <property name="chsbuildtools_home" value="G:/iesdwa/qualitygates/wa//2021.1_ADP1_DEV_installer_porting/code/iesd/chs_home/bld" />
    <property name="capital.timestampserver.url" value="http://timestamp.entrust.net/TSS/JavaHttpTS" />
    <property name="gradle.executable" value="G:/iesdwa/qualitygates/wa//2021.1_ADP1_DEV_installer_porting/code/iesd/chs_home/bld/gradle/bin/gradle.bat" />
    <property name="env.OneDrive" value="C:\Users\iesdgrid\OneDrive" />
    <property name="env.JOB_BASE_NAME" value="rerunFailedQualityGateTests" />
  </properties>
  <testcase classname="chs.caplets.harness.actions.HarnessEngineering.BalanceSpliceForceDirectionTest" name="testBalanceSplicesNotBalanceable" time="8.943" />
  <testcase classname="chs.caplets.harness.actions.HarnessEngineering.BalanceSpliceForceDirectionTest" name="testBalanceSplicesValidateDefects" time="21.083" />
  <testcase classname="chs.caplets.harness.actions.HarnessEngineering.BalanceSpliceForceDirectionTest" name="testBalanceSplices" time="1.733" />
  <system-out><![CDATA[====== Plugins will NOT be loaded ========
  If the test expects plugins then override CAFTestCase.disablePlugins
==========================================
//
//  V2021.1.1 [Build 608] (BETA) - 22 June 2021 (15:14 IST)
// [Commit: bbb1b5e82e6d03dbe863f004f847a91545a34b33]
// Copyright Mentor Graphics Corporation 2001-2021.
//   All Rights Reserved.
//
// This software is in pre-production form and is considered to be Beta Code that is subject to the terms of the current Mentor Graphics End-User License Agreement or your signed agreement with Mentor Graphics that contains beta terms, whichever applies
//
//  **** DEVELOPER BUILD - INTERNAL USE ONLY, NOT FOR DISTRIBUTION
//  **** Java Assertions enabled
//  Allocated Maximum Heap Size = 2048Mb
//  Application start time 2021-06-22 07:23:01 PM Irish Summer Time, using date format yyyy-MM-dd
//  Using JRE version 11.0.4 at C:\apps64\jdk-11.0.4
//
Loading adaptor declarations from: G:\iesdwa\qualitygates\wa\2021.1_ADP1_DEV_installer_porting\code\iesd\chs_home/adaptors/adaptors.xml
APP: Object Model Validation Level: HIGH 
APP: Capital HarnessXC initialized.
APP: This software is in pre-production form and is considered to be Beta Code that is subject to the terms of the current Mentor Graphics End-User License Agreement or your signed agreement with Mentor Graphics that contains beta terms, whichever applies
Menu Type: CAPITAL_HARNESS_FORMBOARD_ACTIONS
	 Num actions found: 0
TestExecutionOrder=1,Test=BalanceSpliceForceDirectionTest,TestCaseName=testBalanceSplicesNotBalanceable
Running Splice Balancing for: NonBalanceableSpliceTest
Using G:\iesdwa\qualitygates\wa\2021.1_ADP1_DEV_installer_porting\code\iesd\charness_src\tests\testdata\chs\caplets\harness\actions\HarnessEngineering\BalanceSpliceForceDirectionTest\NonBalanceableSpliceTest.xml
Data Validation: Junk name space found in project SPLICE BALANCING TEST 2, design SPLICE BALANCE TEST 2
Data Validation: Deleted name space
Checking splice balancing for project: SPLICE BALANCING TEST 2 design: SPLICE BALANCE TEST 2:SPLICE BALANCE TEST 1:1
Using G:\iesdwa\qualitygates\wa\2021.1_ADP1_DEV_installer_porting\code\iesd\charness_src\tests\testdata\chs\caplets\harness\actions\HarnessEngineering\BalanceSpliceForceDirectionTest\NonBalanceableSpliceTest.result
TestExecutionOrder=2,Test=BalanceSpliceForceDirectionTest,TestCaseName=testBalanceSplicesValidateDefects
Running Splice Balancing for: dts0100886126
Using G:\iesdwa\qualitygates\wa\2021.1_ADP1_DEV_installer_porting\code\iesd\charness_src\tests\testdata\chs\caplets\harness\actions\HarnessEngineering\BalanceSpliceForceDirectionTest\dts0100886126\PartsLibrary.xml
Using G:\iesdwa\qualitygates\wa\2021.1_ADP1_DEV_installer_porting\code\iesd\charness_src\tests\testdata\chs\caplets\harness\actions\HarnessEngineering\BalanceSpliceForceDirectionTest\dts0100886126\Project.xml
Checking splice balancing for project: dts886126 design: JU1203AA:JU1203AA:00
Using G:\iesdwa\qualitygates\wa\2021.1_ADP1_DEV_installer_porting\code\iesd\charness_src\tests\testdata\chs\caplets\harness\actions\HarnessEngineering\BalanceSpliceForceDirectionTest\dts0100886126\SpliceBalancing.result
Running Splice Balancing for: HDM-29226
Using G:\iesdwa\qualitygates\wa\2021.1_ADP1_DEV_installer_porting\code\iesd\charness_src\tests\testdata\chs\caplets\harness\actions\HarnessEngineering\BalanceSpliceForceDirectionTest\hdm-29226\project.xml
Checking splice balancing for project: HDM-29226 design: HarnessDesign1:1:B
Using G:\iesdwa\qualitygates\wa\2021.1_ADP1_DEV_installer_porting\code\iesd\charness_src\tests\testdata\chs\caplets\harness\actions\HarnessEngineering\BalanceSpliceForceDirectionTest\hdm-29226\SpliceBalancing.result
TestExecutionOrder=3,Test=BalanceSpliceForceDirectionTest,TestCaseName=testBalanceSplices
Running Splice Balancing for: BalanceSpliceTest
Using G:\iesdwa\qualitygates\wa\2021.1_ADP1_DEV_installer_porting\code\iesd\charness_src\tests\testdata\chs\caplets\harness\actions\HarnessEngineering\BalanceSpliceForceDirectionTest\BalanceSpliceTest.xml
Checking splice balancing for project: SPLICE BALANCE TEST 1 design: SpliceBalanceTest1:SpliceBalanceTest1:1
Using G:\iesdwa\qualitygates\wa\2021.1_ADP1_DEV_installer_porting\code\iesd\charness_src\tests\testdata\chs\caplets\harness\actions\HarnessEngineering\BalanceSpliceForceDirectionTest\BalanceSpliceTest.result
]]></system-out>
  <system-err><![CDATA[Determining Splice Wire Left/Right Entry
SP2 has not been balanced because it is marked as not balanceable.
SP3 has not been balanced because it is marked as not balanceable.
Determining Splice Wire Left/Right Entry
Determining Splice Wire Left/Right Entry
SP1 has not been balanced because it is marked as not balanceable.
Determining Splice Wire Left/Right Entry
WIRE3 has entry direction forced in SP1, 100.00 will be added to length.
WIRE4 has entry direction forced in SP1, 100.00 will be added to length.
aWIRE8 has entry direction forced in SP4, 100.00 will be added to length.
WIRE27 has entry direction forced in SP2, 100.00 will be added to length.
WIRE28 has entry direction forced in SP2, 100.00 will be added to length.
WIRE29 has entry direction forced in SP2, 100.00 will be added to length.
WIRE25 has entry direction forced in SP3, 100.00 will be added to length.
WIRE26 has entry direction forced in SP3, 100.00 will be added to length.
WIRE10 has entry direction forced in SP5, 100.00 will be added to length.
WIRE11 has entry direction forced in SP5, 100.00 will be added to length.
WIRE12 has entry direction forced in SP5, 100.00 will be added to length.
xWIRE9 has entry direction forced in SP5, 100.00 will be added to length.
WIRE16 has entry direction forced in SP6, 100.00 will be added to length.
WIRE17 has entry direction forced in SP6, 100.00 will be added to length.
WIRE18 has entry direction forced in SP6, 100.00 will be added to length.
zzzWIRE15 has entry direction forced in SP6, 100.00 will be added to length.
]]></system-err>
</testsuite>
