<?xml version="1.0" encoding="UTF-8" ?>
<testsuite errors="0" failures="1" hostname="grd-ies-cs7-01" name="chs.caplets.topo.actions.place.PlaceAllActionTest" skipped="0" tests="25" time="59.266" timestamp="2021-06-22T18:11:07">
  <properties>
    <property name="ant.file.type.Class Paths" value="file" />
    <property name="java.specification.version" value="11" />
    <property name="build_ixl_binaries" value="false" />
    <property name="sun.cpu.isalist" value="" />
    <property name="echo" value="BUILD_DATE=Jun 22 2021" />
    <property name="sun.arch.data.model" value="64" />
    <property name="chs.build.findco.fail" value="true" />
    <property name="env.ENVIRONMENT" value="BATCH" />
    <property name="java.vendor.url" value="http://java.oracle.com/" />
    <property name="env.SGE_HGR_memory" value="5.588G" />
    <property name="env.PROJ_HOME" value="/ies/iesd_data3_nb/iesdwa/qualitygates/wa/2021.1_ADP1_DEV_installer_porting/code/iesd" />
    <property name="net.sourceforge.cobertura.datafile" value="/ies/iesd_data3_nb/iesdwa/qualitygates/wa/2021.1_ADP1_DEV_installer_porting/code/iesd/ctopology_src/tests/outinstr/cobertura.ser" />
    <property name="env.SGE_O_HOME" value="/home/iesdgrid" />
    <property name="sun.boot.library.path" value="/ies/iesd_data11/iesdgridhome/tools/appsroot/aol/java/jdk-11.0.4/lib" />
    <property name="sun.java.command" value="org.apache.tools.ant.taskdefs.optional.junit.JUnitTestRunner chs.caplets.topo.actions.place.PlaceAllActionTest skipNonTests=false filtertrace=true haltOnError=false haltOnFailure=false formatter=org.apache.tools.ant.taskdefs.optional.junit.SummaryJUnitResultFormatter showoutput=false outputtoformatters=true logfailedtests=true threadid=0 logtestlistenerevents=false formatter=org.apache.tools.ant.taskdefs.optional.junit.XMLJUnitResultFormatter,/ies/iesd_data3_nb/iesdwa/qualitygates/wa/2021.1_ADP1_DEV_installer_porting/code/iesd/chs_home/bld/testresults/topology/TEST-chs.caplets.topo.actions.place.PlaceAllActionTest.xml crashfile=/ies/iesd_data3_nb/iesdwa/qualitygates/wa/2021.1_ADP1_DEV_installer_porting/code/iesd/ctopology_src/tests/junitvmwatcher11453427455522225590.properties propsfile=/ies/iesd_data3_nb/iesdwa/qualitygates/wa/2021.1_ADP1_DEV_installer_porting/code/iesd/ctopology_src/tests/junit81996577956743654.properties" />
    <property name="jdk.debug" value="release" />
    <property name="env.SGE_CELL" value="default" />
    <property name="manifest.jetty" value="jetty-schemas.jar;jetty-security.jar;jetty-server.jar;jetty-servlet.jar;jetty-servlets.jar;jetty-util.jar;jetty-webapp.jar;jetty-xml.jar;apache-jsp.jar;taglibs-standard-impl.jar;taglibs-standard-spec.jar;apache-jsp-8.jar;apache-el-8.jar;javax.annotation-api.jar;asm.jar;asm-commons.jar;asm-tree.jar;ecj.jar;servlet-api-3.1.jar;jetty-annotations.jar;jetty-client.jar;jetty-continuation.jar;jetty-http.jar;jetty-io.jar;jetty-jmx.jar;jetty-jndi.jar;jetty-plus.jar;jetty-proxy.jar" />
    <property name="TARGET_OS" value="Win64" />
    <property name="java.specification.vendor" value="Oracle Corporation" />
    <property name="java.version.date" value="2019-07-16" />
    <property name="java.home" value="/ies/iesd_data11/iesdgridhome/tools/appsroot/aol/java/jdk-11.0.4" />
    <property name="ant.file.type.chsbuildtasks" value="file" />
    <property name="basedir" value="/ies/iesd_data3_nb/iesdwa/qualitygates/wa/2021.1_ADP1_DEV_installer_porting/code/iesd/ctopology_src/tests" />
    <property name="java.specification.name" value="Java Platform API Specification" />
    <property name="java.vm.specification.vendor" value="Oracle Corporation" />
    <property name="ant.file.AntContrib" value="/ies/iesd_data3_nb/iesdwa/qualitygates/wa/2021.1_ADP1_DEV_installer_porting/code/iesd/infrastructure_src/src/scripts/AntScripts/AntContrib.xml" />
    <property name="junit.tests.maxmemory" value="2G" />
    <property name="env.MANPATH" value=":/opt/puppetlabs/puppet/share/man" />
    <property name="env.SGE_TASK_FIRST" value="undefined" />
    <property name="env.SGE_O_SHELL" value="/bin/ksh" />
    <property name="ant.file.chsbuildtasks" value="/ies/iesd_data3_nb/iesdwa/qualitygates/wa/2021.1_ADP1_DEV_installer_porting/code/iesd/infrastructure_src/src/scripts/chsbuildtasks.xml" />
    <property name="coverage.tool" value="jacoco" />
    <property name="sun.management.compiler" value="HotSpot 64-Bit Tiered Compilers" />
    <property name="ant.file.Class Paths" value="/ies/iesd_data3_nb/iesdwa/qualitygates/wa/2021.1_ADP1_DEV_installer_porting/code/iesd/infrastructure_src/src/scripts/AntScripts/ClassPaths.xml" />
    <property name="java.runtime.version" value="11.0.4-ojdkbuild+11" />
    <property name="jacoco.unittest.merged.data" value="/ies/iesd_data3_nb/iesdwa/qualitygates/wa/2021.1_ADP1_DEV_installer_porting/code/iesd/chs_home/bld/jacoco/coverage//merged-coveragedata-jacoco.exec" />
    <property name="env.PATH" value="/ies/iesd_data11/iesdgridhome/tools/appsroot/aol/java/jdk-11.0.4/bin:/ies/iesd_data3_nb/iesdwa/qualitygates/wa/2021.1_ADP1_DEV_installer_porting/code/iesd/chs_home/bld/bin:/ies/iesd_data3_nb/iesdwa/qualitygates/wa/2021.1_ADP1_DEV_installer_porting/code/iesd/chs_home/bin:/bin:/usr/lib64/qt-3.3/bin:/home/iesdgrid/perl5/bin:/var/spool/sge/ies/tmp/230783779.1.all.q:/usr/local/bin:/bin:/usr/bin:/usr/local/sbin:/usr/sbin:/opt/puppetlabs/bin:/home/iesdgrid/opt/intellij/idea-IC-162.2228.15/bin" />
    <property name="junit.fork" value="true" />
    <property name="env.QUEUE" value="all.q" />
    <property name="env.SGE_QMASTER_PORT" value="6470" />
    <property name="buildTestsDir" value="build-tests" />
    <property name="file.encoding" value="UTF-8" />
    <property name="chsbuildtools_taskdef" value="/ies/iesd_data3_nb/iesdwa/qualitygates/wa/2021.1_ADP1_DEV_installer_porting/code/iesd/infrastructure_src/src/scripts/chsbuildtasks.xml" />
    <property name="jacoco.coverage.rootdir" value="/ies/iesd_data3_nb/iesdwa/qualitygates/wa/2021.1_ADP1_DEV_installer_porting/code/iesd/chs_home/bld/jacoco/coverage/" />
    <property name="env.JOB_SCRIPT" value="/var/spool/sge/ies/grd-ies-cs7-01/job_scripts/230783779" />
    <property name="ant.file.type.jacoco-coverage" value="file" />
    <property name="env.HOSTNAME" value="grd-ies-cs7-01" />
    <property name="env.HISTCONTROL" value="ignoredups" />
    <property name="env.SHLVL" value="1" />
    <property name="build.suite" value="chs" />
    <property name="env.GRID_SCRIPT_TO_EXECUTE" value="/ies/iesd_data11/iesdgridhome/scripts/prod/BuildScripts/bin/rununittest.pl" />
    <property name="java.io.tmpdir" value="/tmp" />
    <property name="env.IESD_SCRIPTS" value="/ies/iesd_data11/iesdgridhome/scripts/prod" />
    <property name="java.version" value="11.0.4-ojdkbuild" />
    <property name="chs.datachecktests.performanceframework.maxmemory" value="4g" />
    <property name="java.vm.specification.name" value="Java Virtual Machine Specification" />
    <property name="java.awt.printerjob" value="sun.print.PSPrinterJob" />
    <property name="junit.pardatacheck.timeout.ms" value="600000" />
    <property name="env.JOB_NAME" value="gridrunner.sh" />
    <property name="test.jvm.args.linux" value="" />
    <property name="build_aol_binaries" value="false" />
    <property name="COMPILE_C++" value="false" />
    <property name="java.library.path" value="/ies/iesd_data11/iesdgridhome/scripts/prod/Modules/aol::/usr/java/packages/lib:/usr/lib64:/lib64:/lib:/usr/lib" />
    <property name="java.vendor" value="Oracle Corporation" />
    <property name="sun.io.unicode.encoding" value="UnicodeLittle" />
    <property name="isUnix" value="true" />
    <property name="coverage.basedir" value="/ies/iesd_data3_nb/iesdwa/qualitygates/wa/2021.1_ADP1_DEV_installer_porting/code/iesd/infrastructure_src/src/scripts/AntScripts" />
    <property name="jacoco-agent.destfile" value="/ies/iesd_data3_nb/iesdwa/qualitygates/wa/2021.1_ADP1_DEV_installer_porting/code/iesd/ctopology_src/tests/outinstr/linux.job.573.jacoco.exec" />
    <property name="ant.file.type" value="file" />
    <property name="env.LANG" value="en_US.UTF-8" />
    <property name="env.QTINC" value="/usr/lib64/qt-3.3/include" />
    <property name="chs.projecthome" value="/ies/iesd_data3_nb/iesdwa/qualitygates/wa/2021.1_ADP1_DEV_installer_porting/code/iesd" />
    <property name="cobertura.output.dir" value="/ies/iesd_data3_nb/iesdwa/qualitygates/wa/2021.1_ADP1_DEV_installer_porting/code/iesd/chs_home/bld/cobertura/junit/topology" />
    <property name="coverage.report.format" value="html" />
    <property name="chs.home" value="/ies/iesd_data3_nb/iesdwa/qualitygates/wa/2021.1_ADP1_DEV_installer_porting/code/iesd/chs_home" />
    <property name="jacoco.unittest.report.dir" value="/ies/iesd_data3_nb/iesdwa/qualitygates/wa/2021.1_ADP1_DEV_installer_porting/code/iesd/chs_home/bld/jacoco/coverage//junit-coverage" />
    <property name="build_vco" value="aol" />
    <property name="user.timezone" value="" />
    <property name="build.hfversion" value="" />
    <property name="asdir" value="/ies/iesd_data3_nb/iesdwa/qualitygates/wa/2021.1_ADP1_DEV_installer_porting/code/iesd/chs_home" />
    <property name="java.vm.specification.version" value="11" />
    <property name="os.name" value="Linux" />
    <property name="junit.datacheck.performanceframework.timeout.ms" value="5400000" />
    <property name="env.DISPLAY" value="ies-iesdvnc-d86.ies.mentorg.com:42" />
    <property name="JAVA_DB_TESTS" value="false" />
    <property name="ant.file.GradleSupport" value="/ies/iesd_data3_nb/iesdwa/qualitygates/wa/2021.1_ADP1_DEV_installer_porting/code/iesd/infrastructure_src/src/scripts/AntScripts/GradleSupport.xml" />
    <property name="env.KDEDIRS" value="/usr" />
    <property name="bldlibdir" value="/ies/iesd_data3_nb/iesdwa/qualitygates/wa/2021.1_ADP1_DEV_installer_porting/code/iesd/chs_home/bld/lib" />
    <property name="test.results.base" value="/ies/iesd_data3_nb/iesdwa/qualitygates/wa/2021.1_ADP1_DEV_installer_porting/code/iesd/chs_home/bld/testresults" />
    <property name="env.SGE_TASK_STEPSIZE" value="undefined" />
    <property name="env.SGE_O_PATH" value="/ies/iesd_data11/iesdgridhome/tools/appsroot/aol/java/jdk-11.0.4/bin:/ies/iesd_data3_nb/iesdwa/qualitygates/wa/2021.1_ADP1_DEV_installer_porting/code/iesd/chs_home/bld/bin:/ies/iesd_data3_nb/iesdwa/qualitygates/wa/2021.1_ADP1_DEV_installer_porting/code/iesd/chs_home/bin:/ies/iesd_data3_nb/iesdwa/qualitygates/wa/2021.1_ADP1_DEV_installer_porting/code/iesd/chs_home/lib:/ies/iesd_data3_nb/iesdwa/qualitygates/wa/2021.1_ADP1_DEV_installer_porting/code/iesd/chs_home/bld/lib:/usr/atria/bin:/ies/grid/uge86/mgc:/ies/grid/uge86/bin/lx-amd64:/usr/local/bin:/usr/bin" />
    <property name="chsbuild.bigstack" value="-Xss1024k" />
    <property name="user.home" value="/home/iesdgrid" />
    <property name="CHS_BUILD_DATE" value="22-Jun-2021 18:10:18 +0000" />
    <property name="singletest.options" value="" />
    <property name="test.reports.base" value="/ies/iesd_data3_nb/iesdwa/qualitygates/wa/2021.1_ADP1_DEV_installer_porting/code/iesd/chs_home/bld/testreports" />
    <property name="env.ARC" value="lx-amd64" />
    <property name="coverage.classpattern.file" value="patterns.txt" />
    <property name="java.awt.graphicsenv" value="net.java.openjdk.cacio.ctc.CTCGraphicsEnvironment" />
    <property name="java.awt.headless" value="false" />
    <property name="electrical.build.version.major" value="2022" />
    <property name="env.ANT_HOME" value="/ies/iesd_data3_nb/iesdwa/qualitygates/wa/2021.1_ADP1_DEV_installer_porting/code/iesd/chs_home/bld" />
    <property name="teamwork_weabpp_npm.executable" value="/ies/iesd_data3_nb/iesdwa/qualitygates/wa/2021.1_ADP1_DEV_installer_porting/code/iesd/chs_home/bld/teamwork_webapp_deps/nodejs-v10.16.0/linux/npm" />
    <property name="build.version.ident" value="official" />
    <property name="coverage.merged.datadir" value="/ies/iesd_data3_nb/iesdwa/qualitygates/wa/2021.1_ADP1_DEV_installer_porting/code/iesd/chs_home/bld/coverage" />
    <property name="ant.file" value="/ies/iesd_data3_nb/iesdwa/qualitygates/wa/2021.1_ADP1_DEV_installer_porting/code/iesd/ctopology_src/tests/build.xml" />
    <property name="path.separator" value=":" />
    <property name="chs.build.heapdumpdir" value="/ies/iesd_data3_nb/iesdwa/qualitygates/wa/2021.1_ADP1_DEV_installer_porting/code/iesd/chs_home/temp/" />
    <property name="jacoco.dir" value="/ies/iesd_data3_nb/iesdwa/qualitygates/wa/2021.1_ADP1_DEV_installer_porting/code/iesd/infrastructure_src/src/scripts/../third_party/jacoco" />
    <property name="ant.file.chstargets" value="/ies/iesd_data3_nb/iesdwa/qualitygates/wa/2021.1_ADP1_DEV_installer_porting/code/iesd/infrastructure_src/src/scripts/chstargets.xml" />
    <property name="os.version" value="3.10.0-229.4.2.el7.x86_64" />
    <property name="ENCRYPT_JARS" value="true" />
    <property name="build.version.minor" value="1" />
    <property name="cobertura.metadata.file" value="topology_metadata.ser" />
    <property name="env.MAIL" value="/var/spool/mail/iesdgrid" />
    <property name="java.vm.name" value="OpenJDK 64-Bit Server VM" />
    <property name="env.SHELL" value="/bin/sh" />
    <property name="chs.datachecktests.maxmemory" value="512m" />
    <property name="TARGET_ECAD" value="CHS" />
    <property name="env.HISTSIZE" value="1000" />
    <property name="ant.file.ProjectSourcePaths" value="/ies/iesd_data3_nb/iesdwa/qualitygates/wa/2021.1_ADP1_DEV_installer_porting/code/iesd/infrastructure_src/src/scripts/AntScripts/commondefs.xml" />
    <property name="chshome.aol" value="/ies/iesd_data3_nb/iesdwa/qualitygates/wa/2021.1_ADP1_DEV_installer_porting/code/iesd/chs_home.aol" />
    <property name="os.arch" value="amd64" />
    <property name="JAVA_CREATE_DB" value="false" />
    <property name="debug.AnalysisBridge.updateEnvironment" value="true" />
    <property name="build.version.major" value="2021" />
    <property name="nodejs.executable" value="/ies/iesd_data3_nb/iesdwa/qualitygates/wa/2021.1_ADP1_DEV_installer_porting/code/iesd/chs_home/bld/nodejs/linux/bin/node" />
    <property name="HOSTNAME" value="ies-iesdbld18-ct72" />
    <property name="java.vm.info" value="mixed mode" />
    <property name="singletest.perfreport" value="" />
    <property name="chs.build.skiptestexports" value="true" />
    <property name="env.RESTARTED" value="0" />
    <property name="env.USER" value="iesdgrid" />
    <property name="java.class.version" value="55.0" />
    <property name="env.NHOSTS" value="1" />
    <property name="env.CHS_HOME" value="/ies/iesd_data3_nb/iesdwa/qualitygates/wa/2021.1_ADP1_DEV_installer_porting/code/iesd/chs_home" />
    <property name="ant.project.default-target" value="runtests" />
    <property name="ant.library.dir" value="/ies/iesd_data3_nb/iesdwa/qualitygates/wa/2021.1_ADP1_DEV_installer_porting/code/iesd/chs_home/bld/lib" />
    <property name="awt.toolkit" value="net.java.openjdk.cacio.ctc.CTCToolkit" />
    <property name="ant.project.name" value="Capital Integrator Tests" />
    <property name="sun.jnu.encoding" value="UTF-8" />
    <property name="env.SGE_O_LOGNAME" value="iesdgrid" />
    <property name="ant.file.type.Coverage" value="file" />
    <property name="report.frames" value="frames" />
    <property name="env.SGE_TASK_ID" value="undefined" />
    <property name="env.SGE_O_HOST" value="ies-iesd-grd002" />
    <property name="DSTAMP" value="20210622" />
    <property name="imported.basedir" value="/ies/iesd_data3_nb/iesdwa/qualitygates/wa/2021.1_ADP1_DEV_installer_porting/code/iesd/infrastructure_src/src/scripts" />
    <property name="build_env" value="linux" />
    <property name="ant.file.type.TestTargets" value="file" />
    <property name="cobertura.maxmemory" value="800M" />
    <property name="env.SGE_STDIN_PATH" value="/dev/null" />
    <property name="coverage.dir" value="/ies/iesd_data3_nb/iesdwa/qualitygates/wa/2021.1_ADP1_DEV_installer_porting/code/iesd/ctopology_src/tests/coverage" />
    <property name="env.JAVA_HOME" value="/ies/iesd_data11/iesdgridhome/tools/appsroot/aol/java/jdk-11.0.4" />
    <property name="teamwork_webapp_node.folder" value="/ies/iesd_data3_nb/iesdwa/qualitygates/wa/2021.1_ADP1_DEV_installer_porting/code/iesd/chs_home/bld/teamwork_webapp_deps/nodejs-v10.16.0/linux" />
    <property name="env.SGE_ARCH" value="lx-amd64" />
    <property name="test.jvm.args" value="-Dvalidation.extended=false             -Dvalidation.intermediateXML=false             -ea             -Xmx1024M             -Xss1024k             -XX:+HeapDumpOnOutOfMemoryError             -XX:HeapDumpPath=/ies/iesd_data3_nb/iesdwa/qualitygates/wa/2021.1_ADP1_DEV_installer_porting/code/iesd/chs_home/temp/             -javaagent:/ies/iesd_data3_nb/iesdwa/qualitygates/wa/2021.1_ADP1_DEV_installer_porting/code/iesd/chs_home/bld/lib/jmockit.jar                          -Dfile.encoding=UTF-8             -XX:+StartAttachListener" />
    <property name="file.separator" value="/" />
    <property name="java.vm.compressedOopsMode" value="32-bit" />
    <property name="line.separator" value="&#xa;" />
    <property name="teamwork_weabpp_node.executable" value="/ies/iesd_data3_nb/iesdwa/qualitygates/wa/2021.1_ADP1_DEV_installer_porting/code/iesd/chs_home/bld/teamwork_webapp_deps/nodejs-v10.16.0/linux/node" />
    <property name="gradlebuild" value="false" />
    <property name="env.PERL_MM_OPT" value="INSTALL_BASE=/home/iesdgrid/perl5" />
    <property name="env.SGE_O_MAIL" value="/var/mail/iesdgrid" />
    <property name="junit.datacheck.timeout.ms" value="1800000" />
    <property name="chsbuildtools_lib" value="/ies/iesd_data3_nb/iesdwa/qualitygates/wa/2021.1_ADP1_DEV_installer_porting/code/iesd/chs_home/bld/lib" />
    <property name="junit.timeout.ms" value="1200000" />
    <property name="Capital Integrator Tests.basedir" value="/ies/iesd_data3_nb/iesdwa/qualitygates/wa/2021.1_ADP1_DEV_installer_porting/code/iesd/ctopology_src/tests" />
    <property name="capital.testlist.files" value="chs/caplets/topo/actions/place/InsertSpliceWireEndAttrTransferTest.class&#xa;chs/caplets/topo/actions/place/IntegrateSlotHarnessExtTest.class&#xa;chs/caplets/topo/actions/place/PlaceAllActionTest.class&#xa;chs/caplets/topo/actions/place/PlaceSelectedActionTest.class&#xa;chs/caplets/topo/actions/place/PlaceSelectedGroundTest.class&#xa;chs/caplets/topo/actions/place/PlacementControllerTest.class&#xa;chs/caplets/topo/actions/place/RefineGroundTest.class&#xa;chs/caplets/topo/actions/place/SelectedGroundPlacementControllerTest.class&#xa;chs/caplets/topo/actions/place/SelectedPlacementControllerTest.class&#xa;chs/caplets/topo/actions/place/SplitBundle_dts0100527609_Test.class&#xa;chs/caplets/topo/actions/place/ThroughNodes_InsertSpliceTest.class&#xa;chs/caplets/topo/actions/place/TopologyDeviceUnplaceHandlerTest.class&#xa;chs/caplets/topo/actions/place/TopologyInvalidDevicePlaceActionTest.class&#xa;chs/caplets/topo/actions/place/TopologyPlaceActionFailTest.class&#xa;chs/caplets/topo/actions/place/TopologyPlaceActionTest.class&#xa;" />
    <property name="env.PERL5LIB" value="/home/iesdgrid/perl5/lib/perl5:" />
    <property name="env.SGE_CWD_PATH" value="/home/iesdgrid" />
    <property name="chs.build.id" value="2021.1.1.official" />
    <property name="validation.intermediateXML" value="false" />
    <property name="user.name" value="iesdgrid" />
    <property name="ant.file.type.ProjectSourcePaths" value="file" />
    <property name="capital.testlist.path" value="/ies/iesd_data3_nb/iesdwa/qualitygates/wa/2021.1_ADP1_DEV_installer_porting/code/iesd/chs_home/bld/testjobs.linux/job.573.txt" />
    <property name="env.LOGNAME" value="iesdgrid" />
    <property name="manifest.jetty.spaces" value="jetty-schemas.jar jetty-security.jar jetty-server.jar jetty-servlet.jar jetty-servlets.jar jetty-util.jar jetty-webapp.jar jetty-xml.jar apache-jsp.jar taglibs-standard-impl.jar taglibs-standard-spec.jar apache-jsp-8.jar apache-el-8.jar javax.annotation-api.jar asm.jar asm-commons.jar asm-tree.jar ecj.jar servlet-api-3.1.jar jetty-annotations.jar jetty-client.jar jetty-continuation.jar jetty-http.jar jetty-io.jar jetty-jmx.jar jetty-jndi.jar jetty-plus.jar jetty-proxy.jar" />
    <property name="env.JOB_ID" value="230783779" />
    <property name="cobertura.dir" value="/ies/iesd_data3_nb/iesdwa/qualitygates/wa/2021.1_ADP1_DEV_installer_porting/code/iesd/infrastructure_src/src/scripts/../third_party/cobertura" />
    <property name="build.version.full" value="true" />
    <property name="build.version.name" value="2021.1" />
    <property name="test.reports.dir" value="/ies/iesd_data3_nb/iesdwa/qualitygates/wa/2021.1_ADP1_DEV_installer_porting/code/iesd/chs_home/bld/testreports" />
    <property name="env.PERL_MB_OPT" value="--install_base /home/iesdgrid/perl5" />
    <property name="ant.file.TestTargets" value="/ies/iesd_data3_nb/iesdwa/qualitygates/wa/2021.1_ADP1_DEV_installer_porting/code/iesd/infrastructure_src/src/scripts/AntScripts/TestTargets.xml" />
    <property name="env.PERL_LOCAL_LIB_ROOT" value=":/home/iesdgrid/perl5" />
    <property name="env.SGE_STDERR_PATH" value="/ies/iesd_data3_nb/iesdwa/qualitygates/wa/2021.1_ADP1_DEV_installer_porting/junit_test_result/logs/linux/job.573.log" />
    <property name="env.QT_PLUGIN_PATH" value="/usr/lib64/kde4/plugins:/usr/lib/kde4/plugins" />
    <property name="env.TMP" value="/var/spool/sge/ies/tmp/230783779.1.all.q" />
    <property name="ant.home" value="/ies/iesd_data3_nb/iesdwa/qualitygates/wa/2021.1_ADP1_DEV_installer_porting/code/iesd/chs_home/bld" />
    <property name="osName" value="Linux" />
    <property name="sun.os.patch.level" value="unknown" />
    <property name="ant.version" value="Apache Ant(TM) version 1.10.4 compiled on June 19 2018" />
    <property name="env.TMPDIR" value="/var/spool/sge/ies/tmp/230783779.1.all.q" />
    <property name="env.SGE_TASK_LAST" value="undefined" />
    <property name="ant.file.Coverage" value="/ies/iesd_data3_nb/iesdwa/qualitygates/wa/2021.1_ADP1_DEV_installer_porting/code/iesd/infrastructure_src/src/scripts/AntScripts/Coverage.xml" />
    <property name="ant.file.type.chstargets" value="file" />
    <property name="cobertura.metadata.dir" value="/ies/iesd_data3_nb/iesdwa/qualitygates/wa/2021.1_ADP1_DEV_installer_porting/code/iesd/chs_home/bld/coverage/junit" />
    <property name="env.SGE_RERUN_REQUESTED" value="1" />
    <property name="junit.printsummary" value="true" />
    <property name="debugbuild" value="on" />
    <property name="env.PWD" value="/ies/iesd_data3_nb/iesdwa/qualitygates/wa/2021.1_ADP1_DEV_installer_porting/code/iesd" />
    <property name="env.LESSOPEN" value="||/usr/bin/lesspipe.sh %s" />
    <property name="ant.file.Capital Integrator Tests" value="/ies/iesd_data3_nb/iesdwa/qualitygates/wa/2021.1_ADP1_DEV_installer_porting/code/iesd/ctopology_src/tests/build.xml" />
    <property name="env.SGE_O_WORKDIR" value="/tmp/slave/ci01/workspace/SubmitQualityGatesGit" />
    <property name="out.instr.dir" value="/ies/iesd_data3_nb/iesdwa/qualitygates/wa/2021.1_ADP1_DEV_installer_porting/code/iesd/ctopology_src/tests/outinstr" />
    <property name="java.class.path" value="/ies/iesd_data3_nb/iesdwa/qualitygates/wa/2021.1_ADP1_DEV_installer_porting/code/iesd/chs_home/bld/lib/jmockit.jar:/ies/iesd_data3_nb/iesdwa/qualitygates/wa/2021.1_ADP1_DEV_installer_porting/code/iesd/chs_home/lib/xerces.jar:/ies/iesd_data3_nb/iesdwa/qualitygates/wa/2021.1_ADP1_DEV_installer_porting/code/iesd/chs_home/lib/saxon-dom.jar:/ies/iesd_data3_nb/iesdwa/qualitygates/wa/2021.1_ADP1_DEV_installer_porting/code/iesd/chs_home/bld/lib/hamcrest-core.jar:/ies/iesd_data3_nb/iesdwa/qualitygates/wa/2021.1_ADP1_DEV_installer_porting/code/iesd/chs_home/lib/commons-codec.jar:/ies/iesd_data3_nb/iesdwa/qualitygates/wa/2021.1_ADP1_DEV_installer_porting/code/iesd/chs_home/lib/commons-lang.jar:/ies/iesd_data3_nb/iesdwa/qualitygates/wa/2021.1_ADP1_DEV_installer_porting/code/iesd/chs_home/lib/saxon.jar:/ies/iesd_data3_nb/iesdwa/qualitygates/wa/2021.1_ADP1_DEV_installer_porting/code/iesd/chs_home/lib/capitalcommonlang.jar:/ies/iesd_data3_nb/iesdwa/qualitygates/wa/2021.1_ADP1_DEV_installer_porting/code/iesd/chs_home/lib/capitalannotations.jar:/ies/iesd_data3_nb/iesdwa/qualitygates/wa/2021.1_ADP1_DEV_installer_porting/code/iesd/chs_home/lib/capitalcommon.jar:/ies/iesd_data3_nb/iesdwa/qualitygates/wa/2021.1_ADP1_DEV_installer_porting/code/iesd/chs_home/lib/capitalutils.jar:/ies/iesd_data3_nb/iesdwa/qualitygates/wa/2021.1_ADP1_DEV_installer_porting/code/iesd/chs_home/lib/servicelocator.jar:/ies/iesd_data3_nb/iesdwa/qualitygates/wa/2021.1_ADP1_DEV_installer_porting/code/iesd/chs_home/lib/capitalapi.jar:/ies/iesd_data3_nb/iesdwa/qualitygates/wa/2021.1_ADP1_DEV_installer_porting/code/iesd/chs_home/lib/capitalapiextensions.jar:/ies/iesd_data3_nb/iesdwa/qualitygates/wa/2021.1_ADP1_DEV_installer_porting/code/iesd/chs_home/lib/capitaljeda.jar:/ies/iesd_data3_nb/iesdwa/qualitygates/wa/2021.1_ADP1_DEV_installer_porting/code/iesd/chs_home/lib/capitalcof.jar:/ies/iesd_data3_nb/iesdwa/qualitygates/wa/2021.1_ADP1_DEV_installer_porting/code/iesd/chs_home/lib/capitalimages.jar:/ies/iesd_data3_nb/iesdwa/qualitygates/wa/2021.1_ADP1_DEV_installer_porting/code/iesd/chs_home/lib/capitalcapman.jar:/ies/iesd_data3_nb/iesdwa/qualitygates/wa/2021.1_ADP1_DEV_installer_porting/code/iesd/chs_home/lib/capitalcofimpl.jar:/ies/iesd_data3_nb/iesdwa/qualitygates/wa/2021.1_ADP1_DEV_installer_porting/code/iesd/chs_home/lib/capitalcof_baseimpl.jar:/ies/iesd_data3_nb/iesdwa/qualitygates/wa/2021.1_ADP1_DEV_installer_porting/code/iesd/chs_home/lib/capitalcofcafimpl.jar:/ies/iesd_data3_nb/iesdwa/qualitygates/wa/2021.1_ADP1_DEV_installer_porting/code/iesd/chs_home/lib/capitalcaf.jar:/ies/iesd_data3_nb/iesdwa/qualitygates/wa/2021.1_ADP1_DEV_installer_porting/code/iesd/chs_home/lib/capitalnetworksintegration.jar:/ies/iesd_data3_nb/iesdwa/qualitygates/wa/2021.1_ADP1_DEV_installer_porting/code/iesd/chs_home/lib/capitalcofutils.jar:/ies/iesd_data3_nb/iesdwa/qualitygates/wa/2021.1_ADP1_DEV_installer_porting/code/iesd/chs_home/lib/capitalctf.jar:/ies/iesd_data3_nb/iesdwa/qualitygates/wa/2021.1_ADP1_DEV_installer_porting/code/iesd/chs_home/lib/log4j.jar:/ies/iesd_data3_nb/iesdwa/qualitygates/wa/2021.1_ADP1_DEV_installer_porting/code/iesd/chs_home/lib/jacorb.jar:/ies/iesd_data3_nb/iesdwa/qualitygates/wa/2021.1_ADP1_DEV_installer_porting/code/iesd/chs_home/lib/jacorb-omgapi.jar:/ies/iesd_data3_nb/iesdwa/qualitygates/wa/2021.1_ADP1_DEV_installer_porting/code/iesd/chs_home/lib/slf4j-api.jar:/ies/iesd_data3_nb/iesdwa/qualitygates/wa/2021.1_ADP1_DEV_installer_porting/code/iesd/chs_home/lib/slf4j-jdk.jar:/ies/iesd_data3_nb/iesdwa/qualitygates/wa/2021.1_ADP1_DEV_installer_porting/code/iesd/chs_home/lib/js.jar:/ies/iesd_data3_nb/iesdwa/qualitygates/wa/2021.1_ADP1_DEV_installer_porting/code/iesd/chs_home/lib/capitaltopo.jar:/ies/iesd_data3_nb/iesdwa/qualitygates/wa/2021.1_ADP1_DEV_installer_porting/code/iesd/chs_home/lib/capitalcanalysis.jar:/ies/iesd_data3_nb/iesdwa/qualitygates/wa/2021.1_ADP1_DEV_installer_porting/code/iesd/chs_home/lib/capitalbridges.jar:/ies/iesd_data3_nb/iesdwa/qualitygates/wa/2021.1_ADP1_DEV_installer_porting/code/iesd/chs_home/lib/capitalnxinterfaces.jar:/ies/iesd_data3_nb/iesdwa/qualitygates/wa/2021.1_ADP1_DEV_installer_porting/code/iesd/chs_home/lib/capitalbridgessdk.jar:/ies/iesd_data3_nb/iesdwa/qualitygates/wa/2021.1_ADP1_DEV_installer_porting/code/iesd/chs_home/lib/capitalbridgesui.jar:/ies/iesd_data3_nb/iesdwa/qualitygates/wa/2021.1_ADP1_DEV_installer_porting/code/iesd/chs_home/lib/commons-math.jar:/ies/iesd_data3_nb/iesdwa/qualitygates/wa/2021.1_ADP1_DEV_installer_porting/code/iesd/chs_home/bld/testlib/capitaltestsinterfaces.jar:/ies/iesd_data3_nb/iesdwa/qualitygates/wa/2021.1_ADP1_DEV_installer_porting/code/iesd/chs_home/bld/testlib/capitaltestscof.jar:/ies/iesd_data3_nb/iesdwa/qualitygates/wa/2021.1_ADP1_DEV_installer_porting/code/iesd/chs_home/bld/testlib/capitaltestscaf.jar:/ies/iesd_data3_nb/iesdwa/qualitygates/wa/2021.1_ADP1_DEV_installer_porting/code/iesd/chs_home/bld/lib/junit.jar:/ies/iesd_data3_nb/iesdwa/qualitygates/wa/2021.1_ADP1_DEV_installer_porting/code/iesd/chs_home/lib/jackson-annotations.jar:/ies/iesd_data3_nb/iesdwa/qualitygates/wa/2021.1_ADP1_DEV_installer_porting/code/iesd/chs_home/lib/jackson-core.jar:/ies/iesd_data3_nb/iesdwa/qualitygates/wa/2021.1_ADP1_DEV_installer_porting/code/iesd/chs_home/lib/jackson-databind.jar:/ies/iesd_data3_nb/iesdwa/qualitygates/wa/2021.1_ADP1_DEV_installer_porting/code/iesd/chs_home/lib/jackson-jaxrs-base.jar:/ies/iesd_data3_nb/iesdwa/qualitygates/wa/2021.1_ADP1_DEV_installer_porting/code/iesd/chs_home/lib/jackson-jaxrs-json-provider.jar:/ies/iesd_data3_nb/iesdwa/qualitygates/wa/2021.1_ADP1_DEV_installer_porting/code/iesd/chs_home/lib/capitalcview.jar:/ies/iesd_data3_nb/iesdwa/qualitygates/wa/2021.1_ADP1_DEV_installer_porting/code/iesd/chs_home/lib/capitalcintegratorassist.jar:/ies/iesd_data3_nb/iesdwa/qualitygates/wa/2021.1_ADP1_DEV_installer_porting/code/iesd/chs_home/lib/annotations.jar:/ies/iesd_data3_nb/iesdwa/qualitygates/wa/2021.1_ADP1_DEV_installer_porting/code/iesd/chs_home/lib/jxl.jar:/ies/iesd_data3_nb/iesdwa/qualitygates/wa/2021.1_ADP1_DEV_installer_porting/code/iesd/chs_home/bld/lib/uispec4j.jar:/ies/iesd_data3_nb/iesdwa/qualitygates/wa/2021.1_ADP1_DEV_installer_porting/code/iesd/chs_home/bld/lib/TSPLIB4J-0.2.jar:/ies/iesd_data3_nb/iesdwa/qualitygates/wa/2021.1_ADP1_DEV_installer_porting/code/iesd/chs_home/bld/lib/MOEAFramework-2.12.jar:/ies/iesd_data3_nb/iesdwa/qualitygates/wa/2021.1_ADP1_DEV_installer_porting/code/iesd/chs_home/lib/trove.jar:/ies/iesd_data3_nb/iesdwa/qualitygates/wa/2021.1_ADP1_DEV_installer_porting/code/iesd/chs_home/bld/testlib/capitaltestbridges.jar:/ies/iesd_data3_nb/iesdwa/qualitygates/wa/2021.1_ADP1_DEV_installer_porting/code/iesd/chs_home/lib/guava.jar:/ies/iesd_data3_nb/iesdwa/qualitygates/wa/2021.1_ADP1_DEV_installer_porting/code/iesd/chs_home/lib/opencsv.jar:/ies/iesd_data3_nb/iesdwa/qualitygates/wa/2021.1_ADP1_DEV_installer_porting/code/iesd/chs_home/lib/extensions/capitalextensions.jar:/ies/iesd_data3_nb/iesdwa/qualitygates/wa/2021.1_ADP1_DEV_installer_porting/code/iesd/chs_home/lib/capitalapiimpl.jar:/ies/iesd_data3_nb/iesdwa/qualitygates/wa/2021.1_ADP1_DEV_installer_porting/code/iesd/chs_home/lib/batik-anim.jar:/ies/iesd_data3_nb/iesdwa/qualitygates/wa/2021.1_ADP1_DEV_installer_porting/code/iesd/chs_home/lib/batik-awt-util.jar:/ies/iesd_data3_nb/iesdwa/qualitygates/wa/2021.1_ADP1_DEV_installer_porting/code/iesd/chs_home/lib/batik-bridge.jar:/ies/iesd_data3_nb/iesdwa/qualitygates/wa/2021.1_ADP1_DEV_installer_porting/code/iesd/chs_home/lib/batik-codec.jar:/ies/iesd_data3_nb/iesdwa/qualitygates/wa/2021.1_ADP1_DEV_installer_porting/code/iesd/chs_home/lib/batik-css.jar:/ies/iesd_data3_nb/iesdwa/qualitygates/wa/2021.1_ADP1_DEV_installer_porting/code/iesd/chs_home/lib/batik-dom.jar:/ies/iesd_data3_nb/iesdwa/qualitygates/wa/2021.1_ADP1_DEV_installer_porting/code/iesd/chs_home/lib/batik-ext.jar:/ies/iesd_data3_nb/iesdwa/qualitygates/wa/2021.1_ADP1_DEV_installer_porting/code/iesd/chs_home/lib/batik-extension.jar:/ies/iesd_data3_nb/iesdwa/qualitygates/wa/2021.1_ADP1_DEV_installer_porting/code/iesd/chs_home/lib/batik-gui-util.jar:/ies/iesd_data3_nb/iesdwa/qualitygates/wa/2021.1_ADP1_DEV_installer_porting/code/iesd/chs_home/lib/batik-gvt.jar:/ies/iesd_data3_nb/iesdwa/qualitygates/wa/2021.1_ADP1_DEV_installer_porting/code/iesd/chs_home/lib/batik-parser.jar:/ies/iesd_data3_nb/iesdwa/qualitygates/wa/2021.1_ADP1_DEV_installer_porting/code/iesd/chs_home/lib/batik-script.jar:/ies/iesd_data3_nb/iesdwa/qualitygates/wa/2021.1_ADP1_DEV_installer_porting/code/iesd/chs_home/lib/batik-svg-dom.jar:/ies/iesd_data3_nb/iesdwa/qualitygates/wa/2021.1_ADP1_DEV_installer_porting/code/iesd/chs_home/lib/batik-svggen.jar:/ies/iesd_data3_nb/iesdwa/qualitygates/wa/2021.1_ADP1_DEV_installer_porting/code/iesd/chs_home/lib/batik-swing.jar:/ies/iesd_data3_nb/iesdwa/qualitygates/wa/2021.1_ADP1_DEV_installer_porting/code/iesd/chs_home/lib/batik-transcoder.jar:/ies/iesd_data3_nb/iesdwa/qualitygates/wa/2021.1_ADP1_DEV_installer_porting/code/iesd/chs_home/lib/batik-util.jar:/ies/iesd_data3_nb/iesdwa/qualitygates/wa/2021.1_ADP1_DEV_installer_porting/code/iesd/chs_home/lib/batik-xml.jar:/ies/iesd_data3_nb/iesdwa/qualitygates/wa/2021.1_ADP1_DEV_installer_porting/code/iesd/chs_home/lib/batik-constants.jar:/ies/iesd_data3_nb/iesdwa/qualitygates/wa/2021.1_ADP1_DEV_installer_porting/code/iesd/chs_home/lib/batik-i18n.jar:/ies/iesd_data3_nb/iesdwa/qualitygates/wa/2021.1_ADP1_DEV_installer_porting/code/iesd/chs_home/lib/xml-apis.jar:/ies/iesd_data3_nb/iesdwa/qualitygates/wa/2021.1_ADP1_DEV_installer_porting/code/iesd/chs_home/lib/xml-apis-ext.jar:/ies/iesd_data3_nb/iesdwa/qualitygates/wa/2021.1_ADP1_DEV_installer_porting/code/iesd/chs_home/adaptors/lib/capitaledx.jar:/ies/iesd_data3_nb/iesdwa/qualitygates/wa/2021.1_ADP1_DEV_installer_porting/code/iesd/chs_home/lib/SingleEmbeddedViewer.jar:/ies/iesd_data3_nb/iesdwa/qualitygates/wa/2021.1_ADP1_DEV_installer_porting/code/iesd/chs_home/lib/javafx/Linux/lib/javafx-swt.jar:/ies/iesd_data3_nb/iesdwa/qualitygates/wa/2021.1_ADP1_DEV_installer_porting/code/iesd/chs_home/lib/javafx/Linux/lib/javafx.base.jar:/ies/iesd_data3_nb/iesdwa/qualitygates/wa/2021.1_ADP1_DEV_installer_porting/code/iesd/chs_home/lib/javafx/Linux/lib/javafx.controls.jar:/ies/iesd_data3_nb/iesdwa/qualitygates/wa/2021.1_ADP1_DEV_installer_porting/code/iesd/chs_home/lib/javafx/Linux/lib/javafx.fxml.jar:/ies/iesd_data3_nb/iesdwa/qualitygates/wa/2021.1_ADP1_DEV_installer_porting/code/iesd/chs_home/lib/javafx/Linux/lib/javafx.graphics.jar:/ies/iesd_data3_nb/iesdwa/qualitygates/wa/2021.1_ADP1_DEV_installer_porting/code/iesd/chs_home/lib/javafx/Linux/lib/javafx.media.jar:/ies/iesd_data3_nb/iesdwa/qualitygates/wa/2021.1_ADP1_DEV_installer_porting/code/iesd/chs_home/lib/javafx/Linux/lib/javafx.swing.jar:/ies/iesd_data3_nb/iesdwa/qualitygates/wa/2021.1_ADP1_DEV_installer_porting/code/iesd/chs_home/lib/javafx/Linux/lib/javafx.web.jar:/ies/iesd_data3_nb/iesdwa/qualitygates/wa/2021.1_ADP1_DEV_installer_porting/code/iesd/chs_home/lib/assertj-core.jar:/ies/iesd_data3_nb/iesdwa/qualitygates/wa/2021.1_ADP1_DEV_installer_porting/code/iesd/chs_home/bld/testlib/capitaltestsanalysis.jar:/ies/iesd_data3_nb/iesdwa/qualitygates/wa/2021.1_ADP1_DEV_installer_porting/code/iesd/chs_home/lib/JSDD.jar:/ies/iesd_data3_nb/iesdwa/qualitygates/wa/2021.1_ADP1_DEV_installer_porting/code/iesd/chs_home/lib/oauth2-oidc-sdk.jar:/ies/iesd_data3_nb/iesdwa/qualitygates/wa/2021.1_ADP1_DEV_installer_porting/code/iesd/chs_home/lib/capitalwebservices.jar:/ies/iesd_data3_nb/iesdwa/qualitygates/wa/2021.1_ADP1_DEV_installer_porting/code/iesd/chs_home/lib/capitalresources.jar:/ies/iesd_data3_nb/iesdwa/qualitygates/wa/2021.1_ADP1_DEV_installer_porting/code/iesd/chs_home/bld/lib/jdom.jar:/ies/iesd_data3_nb/iesdwa/qualitygates/wa/2021.1_ADP1_DEV_installer_porting/code/iesd/chs_home/bld/testlib/capitaltesttopo.jar:/ies/iesd_data3_nb/iesdwa/qualitygates/wa/2021.1_ADP1_DEV_installer_porting/code/iesd/chs_home/lib/capitalclibrary.jar:/ies/iesd_data3_nb/iesdwa/qualitygates/wa/2021.1_ADP1_DEV_installer_porting/code/iesd/chs_home/lib/capitalpluginapi.jar:/ies/iesd_data3_nb/iesdwa/qualitygates/wa/2021.1_ADP1_DEV_installer_porting/code/iesd/chs_home/lib/capitalbaseautomation.jar:/ies/iesd_data3_nb/iesdwa/qualitygates/wa/2021.1_ADP1_DEV_installer_porting/code/iesd/chs_home/lib/capitalapigen.jar:/ies/iesd_data3_nb/iesdwa/qualitygates/wa/2021.1_ADP1_DEV_installer_porting/code/iesd/chs_home/lib/capitalautoview.jar:/ies/iesd_data3_nb/iesdwa/qualitygates/wa/2021.1_ADP1_DEV_installer_porting/code/iesd/chs_home/lib/itext.jar:/ies/iesd_data3_nb/iesdwa/qualitygates/wa/2021.1_ADP1_DEV_installer_porting/code/iesd/chs_home/lib/jetty-schemas.jar:/ies/iesd_data3_nb/iesdwa/qualitygates/wa/2021.1_ADP1_DEV_installer_porting/code/iesd/chs_home/lib/jetty-security.jar:/ies/iesd_data3_nb/iesdwa/qualitygates/wa/2021.1_ADP1_DEV_installer_porting/code/iesd/chs_home/lib/jetty-server.jar:/ies/iesd_data3_nb/iesdwa/qualitygates/wa/2021.1_ADP1_DEV_installer_porting/code/iesd/chs_home/lib/jetty-servlet.jar:/ies/iesd_data3_nb/iesdwa/qualitygates/wa/2021.1_ADP1_DEV_installer_porting/code/iesd/chs_home/lib/jetty-servlets.jar:/ies/iesd_data3_nb/iesdwa/qualitygates/wa/2021.1_ADP1_DEV_installer_porting/code/iesd/chs_home/lib/jetty-util.jar:/ies/iesd_data3_nb/iesdwa/qualitygates/wa/2021.1_ADP1_DEV_installer_porting/code/iesd/chs_home/lib/jetty-webapp.jar:/ies/iesd_data3_nb/iesdwa/qualitygates/wa/2021.1_ADP1_DEV_installer_porting/code/iesd/chs_home/lib/jetty-xml.jar:/ies/iesd_data3_nb/iesdwa/qualitygates/wa/2021.1_ADP1_DEV_installer_porting/code/iesd/chs_home/lib/apache-jsp.jar:/ies/iesd_data3_nb/iesdwa/qualitygates/wa/2021.1_ADP1_DEV_installer_porting/code/iesd/chs_home/lib/taglibs-standard-impl.jar:/ies/iesd_data3_nb/iesdwa/qualitygates/wa/2021.1_ADP1_DEV_installer_porting/code/iesd/chs_home/lib/taglibs-standard-spec.jar:/ies/iesd_data3_nb/iesdwa/qualitygates/wa/2021.1_ADP1_DEV_installer_porting/code/iesd/chs_home/lib/apache-jsp-8.jar:/ies/iesd_data3_nb/iesdwa/qualitygates/wa/2021.1_ADP1_DEV_installer_porting/code/iesd/chs_home/lib/apache-el-8.jar:/ies/iesd_data3_nb/iesdwa/qualitygates/wa/2021.1_ADP1_DEV_installer_porting/code/iesd/chs_home/lib/javax.annotation-api.jar:/ies/iesd_data3_nb/iesdwa/qualitygates/wa/2021.1_ADP1_DEV_installer_porting/code/iesd/chs_home/lib/asm.jar:/ies/iesd_data3_nb/iesdwa/qualitygates/wa/2021.1_ADP1_DEV_installer_porting/code/iesd/chs_home/lib/asm-commons.jar:/ies/iesd_data3_nb/iesdwa/qualitygates/wa/2021.1_ADP1_DEV_installer_porting/code/iesd/chs_home/lib/asm-tree.jar:/ies/iesd_data3_nb/iesdwa/qualitygates/wa/2021.1_ADP1_DEV_installer_porting/code/iesd/chs_home/lib/ecj.jar:/ies/iesd_data3_nb/iesdwa/qualitygates/wa/2021.1_ADP1_DEV_installer_porting/code/iesd/chs_home/lib/servlet-api-3.1.jar:/ies/iesd_data3_nb/iesdwa/qualitygates/wa/2021.1_ADP1_DEV_installer_porting/code/iesd/chs_home/lib/jetty-annotations.jar:/ies/iesd_data3_nb/iesdwa/qualitygates/wa/2021.1_ADP1_DEV_installer_porting/code/iesd/chs_home/lib/jetty-client.jar:/ies/iesd_data3_nb/iesdwa/qualitygates/wa/2021.1_ADP1_DEV_installer_porting/code/iesd/chs_home/lib/jetty-continuation.jar:/ies/iesd_data3_nb/iesdwa/qualitygates/wa/2021.1_ADP1_DEV_installer_porting/code/iesd/chs_home/lib/jetty-http.jar:/ies/iesd_data3_nb/iesdwa/qualitygates/wa/2021.1_ADP1_DEV_installer_porting/code/iesd/chs_home/lib/jetty-io.jar:/ies/iesd_data3_nb/iesdwa/qualitygates/wa/2021.1_ADP1_DEV_installer_porting/code/iesd/chs_home/lib/jetty-jmx.jar:/ies/iesd_data3_nb/iesdwa/qualitygates/wa/2021.1_ADP1_DEV_installer_porting/code/iesd/chs_home/lib/jetty-jndi.jar:/ies/iesd_data3_nb/iesdwa/qualitygates/wa/2021.1_ADP1_DEV_installer_porting/code/iesd/chs_home/lib/jetty-plus.jar:/ies/iesd_data3_nb/iesdwa/qualitygates/wa/2021.1_ADP1_DEV_installer_porting/code/iesd/chs_home/lib/jetty-proxy.jar:/ies/iesd_data3_nb/iesdwa/qualitygates/wa/2021.1_ADP1_DEV_installer_porting/code/iesd/chs_home/lib/hsqldb.jar:/ies/iesd_data3_nb/iesdwa/qualitygates/wa/2021.1_ADP1_DEV_installer_porting/code/iesd/chs_home/lib/avalon-framework.jar:/ies/iesd_data3_nb/iesdwa/qualitygates/wa/2021.1_ADP1_DEV_installer_porting/code/iesd/chs_home/lib/logkit-1.2.jar:/ies/iesd_data3_nb/iesdwa/qualitygates/wa/2021.1_ADP1_DEV_installer_porting/code/iesd/chs_home/adaptors/lib/capitaldsi.jar:/ies/iesd_data3_nb/iesdwa/qualitygates/wa/2021.1_ADP1_DEV_installer_porting/code/iesd/chs_home/adaptors/lib/capitalkbl.jar:/ies/iesd_data3_nb/iesdwa/qualitygates/wa/2021.1_ADP1_DEV_installer_porting/code/iesd/chs_home/adaptors/lib/capitalhcv.jar:/ies/iesd_data3_nb/iesdwa/qualitygates/wa/2021.1_ADP1_DEV_installer_porting/code/iesd/chs_home/lib/jcommon.jar:/ies/iesd_data3_nb/iesdwa/qualitygates/wa/2021.1_ADP1_DEV_installer_porting/code/iesd/chs_home/lib/jfreechart.jar:/ies/iesd_data3_nb/iesdwa/qualitygates/wa/2021.1_ADP1_DEV_installer_porting/code/iesd/chs_home/lib/capitalreporterserverutils.jar:/ies/iesd_data3_nb/iesdwa/qualitygates/wa/2021.1_ADP1_DEV_installer_porting/code/iesd/chs_home/lib/capitalans.jar:/ies/iesd_data3_nb/iesdwa/qualitygates/wa/2021.1_ADP1_DEV_installer_porting/code/iesd/chs_home/lib/capitalpof.jar:/ies/iesd_data3_nb/iesdwa/qualitygates/wa/2021.1_ADP1_DEV_installer_porting/code/iesd/infrastructure_src/src/third_party/cobertura/cobertura.jar:/ies/iesd_data3_nb/iesdwa/qualitygates/wa/2021.1_ADP1_DEV_installer_porting/code/iesd/infrastructure_src/src/third_party/cobertura/lib/asm-3.0.jar:/ies/iesd_data3_nb/iesdwa/qualitygates/wa/2021.1_ADP1_DEV_installer_porting/code/iesd/infrastructure_src/src/third_party/cobertura/lib/asm-tree-3.0.jar:/ies/iesd_data3_nb/iesdwa/qualitygates/wa/2021.1_ADP1_DEV_installer_porting/code/iesd/infrastructure_src/src/third_party/cobertura/lib/jakarta-oro-2.0.8.jar:/ies/iesd_data3_nb/iesdwa/qualitygates/wa/2021.1_ADP1_DEV_installer_porting/code/iesd/infrastructure_src/src/third_party/cobertura/lib/log4j-1.2.9.jar:/ies/iesd_data3_nb/iesdwa/qualitygates/wa/2021.1_ADP1_DEV_installer_porting/code/iesd/chs_home/lib/capitaljms.jar:/ies/iesd_data3_nb/iesdwa/qualitygates/wa/2021.1_ADP1_DEV_installer_porting/code/iesd/chs_home/lib/capitalupdaterutils.jar:/ies/iesd_data3_nb/iesdwa/qualitygates/wa/2021.1_ADP1_DEV_installer_porting/code/iesd/chs_home/adaptors/lib/capitaltc.jar:/ies/iesd_data3_nb/iesdwa/qualitygates/wa/2021.1_ADP1_DEV_installer_porting/code/iesd/chs_home/lib/javax.activation-api.jar:/ies/iesd_data3_nb/iesdwa/qualitygates/wa/2021.1_ADP1_DEV_installer_porting/code/iesd/chs_home/lib/jaxb-api.jar:/ies/iesd_data3_nb/iesdwa/qualitygates/wa/2021.1_ADP1_DEV_installer_porting/code/iesd/chs_home/lib/javax.xml.soap-api.jar:/ies/iesd_data3_nb/iesdwa/qualitygates/wa/2021.1_ADP1_DEV_installer_porting/code/iesd/chs_home/lib/javafx.media.jar:/ies/iesd_data3_nb/iesdwa/qualitygates/wa/2021.1_ADP1_DEV_installer_porting/code/iesd/chs_home/lib/javafx.swing.jar:/ies/iesd_data3_nb/iesdwa/qualitygates/wa/2021.1_ADP1_DEV_installer_porting/code/iesd/chs_home/lib/javafx.web.jar:/ies/iesd_data3_nb/iesdwa/qualitygates/wa/2021.1_ADP1_DEV_installer_porting/code/iesd/chs_home/lib/capitalwindowslandf.jar:/ies/iesd_data3_nb/iesdwa/qualitygates/wa/2021.1_ADP1_DEV_installer_porting/code/iesd/chs_home/lib/commons-io.jar:/ies/iesd_data3_nb/iesdwa/qualitygates/wa/2021.1_ADP1_DEV_installer_porting/code/iesd/chs_home/lib/sanj.jar:/ies/iesd_data3_nb/iesdwa/qualitygates/wa/2021.1_ADP1_DEV_installer_porting/code/iesd/chs_home/lib/commons-xmlgraphics.jar:/ies/iesd_data3_nb/iesdwa/qualitygates/wa/2021.1_ADP1_DEV_installer_porting/code/iesd/chs_home/lib/jboss-rmi-api.jar:/ies/iesd_data3_nb/iesdwa/qualitygates/wa/2021.1_ADP1_DEV_installer_porting/code/iesd/chs_home/lib/velocity.jar:/ies/iesd_data3_nb/iesdwa/qualitygates/wa/2021.1_ADP1_DEV_installer_porting/code/iesd/chs_home/lib/commons-collections.jar:/ies/iesd_data3_nb/iesdwa/qualitygates/wa/2021.1_ADP1_DEV_installer_porting/code/iesd/chs_home/lib/jsoup.jar:/ies/iesd_data3_nb/iesdwa/qualitygates/wa/2021.1_ADP1_DEV_installer_porting/code/iesd/chs_home/bld/lib/xmlunit.jar:/ies/iesd_data3_nb/iesdwa/qualitygates/wa/2021.1_ADP1_DEV_installer_porting/code/iesd/chs_home/lib/capitallogic.jar:/ies/iesd_data3_nb/iesdwa/qualitygates/wa/2021.1_ADP1_DEV_installer_porting/code/iesd/chs_home/lib/jaxb-impl.jar:/ies/iesd_data3_nb/iesdwa/qualitygates/wa/2021.1_ADP1_DEV_installer_porting/code/iesd/chs_home/bld/lib/cacio-tta.jar:/ies/iesd_data3_nb/iesdwa/qualitygates/wa/2021.1_ADP1_DEV_installer_porting/code/iesd/chs_home/bld/lib/cacio-shared.jar:/ies/iesd_data3_nb/iesdwa/qualitygates/wa/2021.1_ADP1_DEV_installer_porting/code/iesd/infrastructure_src/src/third_party/assertj-swing/assertj-core.jar:/ies/iesd_data3_nb/iesdwa/qualitygates/wa/2021.1_ADP1_DEV_installer_porting/code/iesd/chs_home/bld/ilib/junit-jacoco-ant.jar:/ies/iesd_data3_nb/iesdwa/qualitygates/wa/2021.1_ADP1_DEV_installer_porting/code/iesd/chs_home/bld/jacoco/lib/jacocoagent.jar:/ies/iesd_data3_nb/iesdwa/qualitygates/wa/2021.1_ADP1_DEV_installer_porting/code/iesd/chs_home/bld/lib/ant-launcher.jar:/ies/iesd_data3_nb/iesdwa/qualitygates/wa/2021.1_ADP1_DEV_installer_porting/code/iesd/chs_home/bld/lib/ant.jar:/ies/iesd_data3_nb/iesdwa/qualitygates/wa/2021.1_ADP1_DEV_installer_porting/code/iesd/chs_home/bld/lib/ant-junit.jar:/ies/iesd_data3_nb/iesdwa/qualitygates/wa/2021.1_ADP1_DEV_installer_porting/code/iesd/chs_home/bld/lib/ant-junit4.jar:/ies/iesd_data3_nb/iesdwa/qualitygates/wa/2021.1_ADP1_DEV_installer_porting/code/iesd/chs_home/lib/socketio.jar" />
    <property name="env.REQUEST" value="gridrunner.sh" />
    <property name="env.HOME" value="/home/iesdgrid" />
    <property name="chshome" value="/ies/iesd_data3_nb/iesdwa/qualitygates/wa/2021.1_ADP1_DEV_installer_porting/code/iesd/chs_home" />
    <property name="junit.format" value="xml" />
    <property name="java.vm.vendor" value="Oracle Corporation" />
    <property name="java.util.Arrays.useLegacyMergeSort" value="true" />
    <property name="build.spversion" value="" />
    <property name="env.SGE_RERUN_JOB" value="1" />
    <property name="java.locale.providers" value="COMPAT,CLDR" />
    <property name="env.SGE_STDOUT_PATH" value="/ies/iesd_data3_nb/iesdwa/qualitygates/wa/2021.1_ADP1_DEV_installer_porting/junit_test_result/logs/linux/job.573.log" />
    <property name="ant.file.jacoco-coverage" value="/ies/iesd_data3_nb/iesdwa/qualitygates/wa/2021.1_ADP1_DEV_installer_porting/code/iesd/infrastructure_src/src/scripts/AntScripts/jacoco.xml" />
    <property name="singletest.test" value="" />
    <property name="sun.java.launcher" value="SUN_STANDARD" />
    <property name="user.country" value="US" />
    <property name="env.LD_LIBRARY_PATH" value="/ies/iesd_data11/iesdgridhome/scripts/prod/Modules/aol:" />
    <property name="cobertura.serfile" value="/ies/iesd_data3_nb/iesdwa/qualitygates/wa/2021.1_ADP1_DEV_installer_porting/code/iesd/ctopology_src/tests/outinstr/cobertura.ser" />
    <property name="class.suffix" value="class" />
    <property name="env.SGE_JOB_SPOOL_DIR" value="/var/spool/sge/ies/grd-ies-cs7-01/active_jobs/230783779.1" />
    <property name="sun.cpu.endian" value="little" />
    <property name="env.QT_GRAPHICSSYSTEM_CHECKED" value="1" />
    <property name="user.language" value="en" />
    <property name="env.SGE_ROOT" value="/ies/grid/uge86" />
    <property name="chs.extendedtests.maxmemory" value="512m" />
    <property name="junit.extended.timeout.ms" value="1200000" />
    <property name="ant.java.version" value="11" />
    <property name="cb-instrumented.dir" value="/ies/iesd_data3_nb/iesdwa/qualitygates/wa/2021.1_ADP1_DEV_installer_porting/code/iesd/ctopology_src/tests/outinstr" />
    <property name="env.BUILD_HOME" value="/ies/iesd_data3_nb/iesdwa/qualitygates/wa/2021.1_ADP1_DEV_installer_porting/code/iesd" />
    <property name="test.results.dir" value="/ies/iesd_data3_nb/iesdwa/qualitygates/wa/2021.1_ADP1_DEV_installer_porting/code/iesd/chs_home/bld/testresults/topology" />
    <property name="env.NQUEUES" value="1" />
    <property name="exports_dir" value="../exports" />
    <property name="env.TZ" value="UTC" />
    <property name="TSTAMP" value="1810" />
    <property name="jacoco.coverage.reportdir" value="/ies/iesd_data3_nb/iesdwa/qualitygates/wa/2021.1_ADP1_DEV_installer_porting/code/iesd/chs_home/bld/jacoco/coverage//junit-coverage" />
    <property name="jacoco.execfileprefix" value="linux.job.573" />
    <property name="merged.coverage.dir" value="/ies/iesd_data3_nb/iesdwa/qualitygates/wa/2021.1_ADP1_DEV_installer_porting/code/iesd/chs_home/bld/coverage/junit" />
    <property name="chshome.ixn" value="/ies/iesd_data3_nb/iesdwa/qualitygates/wa/2021.1_ADP1_DEV_installer_porting/code/iesd/chs_home.ixn" />
    <property name="singletest.report" value="" />
    <property name="junit.jar" value="bld/lib/junit.jar" />
    <property name="validation.extended" value="false" />
    <property name="java.runtime.name" value="OpenJDK Runtime Environment" />
    <property name="chs.extendedtests.dir" value="build" />
    <property name="env.QTDIR" value="/usr/lib64/qt-3.3" />
    <property name="ant.project.invoked-targets" value="runtestsonlyqg" />
    <property name="env.IESD_GRIDDATA" value="/ies/iesd_data11/iesdgridhome/data" />
    <property name="ant.file.type.AntContrib" value="file" />
    <property name="chsbuild.maxmemory" value="1024M" />
    <property name="env.QTLIB" value="/usr/lib64/qt-3.3/lib" />
    <property name="ant.core.lib" value="/ies/iesd_data3_nb/iesdwa/qualitygates/wa/2021.1_ADP1_DEV_installer_porting/code/iesd/chs_home/bld/lib/ant.jar" />
    <property name="chs.build.vob.testdata.dir" value="ctopology_src/tests/testdata" />
    <property name="java.vendor.url.bug" value="http://bugreport.java.com/bugreport/" />
    <property name="capital.skiplookandfeel" value="true" />
    <property name="jacocolistener" value="com.mentor.junitjacocoant.JaCoCoCoverageCollectingAdaptor" />
    <property name="env.MGC_VCO" value="aol" />
    <property name="src" value="src" />
    <property name="TODAY" value="June 22 2021" />
    <property name="user.dir" value="/ies/iesd_data12_nb/qualitygates/iesd-21.1/2021.1_ADP1_DEV_installer_porting/code/iesd" />
    <property name="env.REQNAME" value="gridrunner.sh" />
    <property name="classpath.string.env" value="/ies/iesd_data3_nb/iesdwa/qualitygates/wa/2021.1_ADP1_DEV_installer_porting/code/iesd/chs_home/bld/lib/jmockit.jar:/ies/iesd_data3_nb/iesdwa/qualitygates/wa/2021.1_ADP1_DEV_installer_porting/code/iesd/chs_home/lib/xerces.jar:/ies/iesd_data3_nb/iesdwa/qualitygates/wa/2021.1_ADP1_DEV_installer_porting/code/iesd/chs_home/lib/saxon-dom.jar:/ies/iesd_data3_nb/iesdwa/qualitygates/wa/2021.1_ADP1_DEV_installer_porting/code/iesd/chs_home/bld/lib/hamcrest-core.jar:/ies/iesd_data3_nb/iesdwa/qualitygates/wa/2021.1_ADP1_DEV_installer_porting/code/iesd/chs_home/lib/commons-codec.jar:/ies/iesd_data3_nb/iesdwa/qualitygates/wa/2021.1_ADP1_DEV_installer_porting/code/iesd/chs_home/lib/commons-lang.jar:/ies/iesd_data3_nb/iesdwa/qualitygates/wa/2021.1_ADP1_DEV_installer_porting/code/iesd/chs_home/lib/saxon.jar:/ies/iesd_data3_nb/iesdwa/qualitygates/wa/2021.1_ADP1_DEV_installer_porting/code/iesd/chs_home/lib/capitalcommonlang.jar:/ies/iesd_data3_nb/iesdwa/qualitygates/wa/2021.1_ADP1_DEV_installer_porting/code/iesd/chs_home/lib/capitalannotations.jar:/ies/iesd_data3_nb/iesdwa/qualitygates/wa/2021.1_ADP1_DEV_installer_porting/code/iesd/chs_home/lib/capitalcommon.jar:/ies/iesd_data3_nb/iesdwa/qualitygates/wa/2021.1_ADP1_DEV_installer_porting/code/iesd/chs_home/lib/capitalutils.jar:/ies/iesd_data3_nb/iesdwa/qualitygates/wa/2021.1_ADP1_DEV_installer_porting/code/iesd/chs_home/lib/servicelocator.jar:/ies/iesd_data3_nb/iesdwa/qualitygates/wa/2021.1_ADP1_DEV_installer_porting/code/iesd/chs_home/lib/capitalapi.jar:/ies/iesd_data3_nb/iesdwa/qualitygates/wa/2021.1_ADP1_DEV_installer_porting/code/iesd/chs_home/lib/capitalapiextensions.jar:/ies/iesd_data3_nb/iesdwa/qualitygates/wa/2021.1_ADP1_DEV_installer_porting/code/iesd/chs_home/lib/capitaljeda.jar:/ies/iesd_data3_nb/iesdwa/qualitygates/wa/2021.1_ADP1_DEV_installer_porting/code/iesd/chs_home/lib/capitalcof.jar:/ies/iesd_data3_nb/iesdwa/qualitygates/wa/2021.1_ADP1_DEV_installer_porting/code/iesd/chs_home/lib/capitalimages.jar:/ies/iesd_data3_nb/iesdwa/qualitygates/wa/2021.1_ADP1_DEV_installer_porting/code/iesd/chs_home/lib/capitalcapman.jar:/ies/iesd_data3_nb/iesdwa/qualitygates/wa/2021.1_ADP1_DEV_installer_porting/code/iesd/chs_home/lib/capitalcofimpl.jar:/ies/iesd_data3_nb/iesdwa/qualitygates/wa/2021.1_ADP1_DEV_installer_porting/code/iesd/chs_home/lib/capitalcof_baseimpl.jar:/ies/iesd_data3_nb/iesdwa/qualitygates/wa/2021.1_ADP1_DEV_installer_porting/code/iesd/chs_home/lib/capitalcofcafimpl.jar:/ies/iesd_data3_nb/iesdwa/qualitygates/wa/2021.1_ADP1_DEV_installer_porting/code/iesd/chs_home/lib/capitalcaf.jar:/ies/iesd_data3_nb/iesdwa/qualitygates/wa/2021.1_ADP1_DEV_installer_porting/code/iesd/chs_home/lib/capitalnetworksintegration.jar:/ies/iesd_data3_nb/iesdwa/qualitygates/wa/2021.1_ADP1_DEV_installer_porting/code/iesd/chs_home/lib/capitalcofutils.jar:/ies/iesd_data3_nb/iesdwa/qualitygates/wa/2021.1_ADP1_DEV_installer_porting/code/iesd/chs_home/lib/capitalctf.jar:/ies/iesd_data3_nb/iesdwa/qualitygates/wa/2021.1_ADP1_DEV_installer_porting/code/iesd/chs_home/lib/log4j.jar:/ies/iesd_data3_nb/iesdwa/qualitygates/wa/2021.1_ADP1_DEV_installer_porting/code/iesd/chs_home/lib/jacorb.jar:/ies/iesd_data3_nb/iesdwa/qualitygates/wa/2021.1_ADP1_DEV_installer_porting/code/iesd/chs_home/lib/jacorb-omgapi.jar:/ies/iesd_data3_nb/iesdwa/qualitygates/wa/2021.1_ADP1_DEV_installer_porting/code/iesd/chs_home/lib/slf4j-api.jar:/ies/iesd_data3_nb/iesdwa/qualitygates/wa/2021.1_ADP1_DEV_installer_porting/code/iesd/chs_home/lib/slf4j-jdk.jar:/ies/iesd_data3_nb/iesdwa/qualitygates/wa/2021.1_ADP1_DEV_installer_porting/code/iesd/chs_home/lib/js.jar:/ies/iesd_data3_nb/iesdwa/qualitygates/wa/2021.1_ADP1_DEV_installer_porting/code/iesd/chs_home/lib/capitaltopo.jar:/ies/iesd_data3_nb/iesdwa/qualitygates/wa/2021.1_ADP1_DEV_installer_porting/code/iesd/chs_home/lib/capitalcanalysis.jar:/ies/iesd_data3_nb/iesdwa/qualitygates/wa/2021.1_ADP1_DEV_installer_porting/code/iesd/chs_home/lib/capitalbridges.jar:/ies/iesd_data3_nb/iesdwa/qualitygates/wa/2021.1_ADP1_DEV_installer_porting/code/iesd/chs_home/lib/capitalnxinterfaces.jar:/ies/iesd_data3_nb/iesdwa/qualitygates/wa/2021.1_ADP1_DEV_installer_porting/code/iesd/chs_home/lib/capitalbridgessdk.jar:/ies/iesd_data3_nb/iesdwa/qualitygates/wa/2021.1_ADP1_DEV_installer_porting/code/iesd/chs_home/lib/capitalbridgesui.jar:/ies/iesd_data3_nb/iesdwa/qualitygates/wa/2021.1_ADP1_DEV_installer_porting/code/iesd/chs_home/lib/commons-math.jar:/ies/iesd_data3_nb/iesdwa/qualitygates/wa/2021.1_ADP1_DEV_installer_porting/code/iesd/chs_home/bld/testlib/capitaltestsinterfaces.jar:/ies/iesd_data3_nb/iesdwa/qualitygates/wa/2021.1_ADP1_DEV_installer_porting/code/iesd/chs_home/bld/testlib/capitaltestscof.jar:/ies/iesd_data3_nb/iesdwa/qualitygates/wa/2021.1_ADP1_DEV_installer_porting/code/iesd/chs_home/bld/testlib/capitaltestscaf.jar:/ies/iesd_data3_nb/iesdwa/qualitygates/wa/2021.1_ADP1_DEV_installer_porting/code/iesd/chs_home/bld/lib/junit.jar:/ies/iesd_data3_nb/iesdwa/qualitygates/wa/2021.1_ADP1_DEV_installer_porting/code/iesd/chs_home/lib/jackson-annotations.jar:/ies/iesd_data3_nb/iesdwa/qualitygates/wa/2021.1_ADP1_DEV_installer_porting/code/iesd/chs_home/lib/jackson-core.jar:/ies/iesd_data3_nb/iesdwa/qualitygates/wa/2021.1_ADP1_DEV_installer_porting/code/iesd/chs_home/lib/jackson-databind.jar:/ies/iesd_data3_nb/iesdwa/qualitygates/wa/2021.1_ADP1_DEV_installer_porting/code/iesd/chs_home/lib/jackson-jaxrs-base.jar:/ies/iesd_data3_nb/iesdwa/qualitygates/wa/2021.1_ADP1_DEV_installer_porting/code/iesd/chs_home/lib/jackson-jaxrs-json-provider.jar:/ies/iesd_data3_nb/iesdwa/qualitygates/wa/2021.1_ADP1_DEV_installer_porting/code/iesd/chs_home/lib/capitalcview.jar:/ies/iesd_data3_nb/iesdwa/qualitygates/wa/2021.1_ADP1_DEV_installer_porting/code/iesd/chs_home/lib/capitalcintegratorassist.jar:/ies/iesd_data3_nb/iesdwa/qualitygates/wa/2021.1_ADP1_DEV_installer_porting/code/iesd/chs_home/lib/annotations.jar:/ies/iesd_data3_nb/iesdwa/qualitygates/wa/2021.1_ADP1_DEV_installer_porting/code/iesd/chs_home/lib/jxl.jar:/ies/iesd_data3_nb/iesdwa/qualitygates/wa/2021.1_ADP1_DEV_installer_porting/code/iesd/chs_home/bld/lib/uispec4j.jar:/ies/iesd_data3_nb/iesdwa/qualitygates/wa/2021.1_ADP1_DEV_installer_porting/code/iesd/chs_home/bld/lib/TSPLIB4J-0.2.jar:/ies/iesd_data3_nb/iesdwa/qualitygates/wa/2021.1_ADP1_DEV_installer_porting/code/iesd/chs_home/bld/lib/MOEAFramework-2.12.jar:/ies/iesd_data3_nb/iesdwa/qualitygates/wa/2021.1_ADP1_DEV_installer_porting/code/iesd/chs_home/lib/trove.jar:/ies/iesd_data3_nb/iesdwa/qualitygates/wa/2021.1_ADP1_DEV_installer_porting/code/iesd/chs_home/bld/testlib/capitaltestbridges.jar:/ies/iesd_data3_nb/iesdwa/qualitygates/wa/2021.1_ADP1_DEV_installer_porting/code/iesd/chs_home/lib/guava.jar:/ies/iesd_data3_nb/iesdwa/qualitygates/wa/2021.1_ADP1_DEV_installer_porting/code/iesd/chs_home/lib/opencsv.jar:/ies/iesd_data3_nb/iesdwa/qualitygates/wa/2021.1_ADP1_DEV_installer_porting/code/iesd/chs_home/lib/extensions/capitalextensions.jar:/ies/iesd_data3_nb/iesdwa/qualitygates/wa/2021.1_ADP1_DEV_installer_porting/code/iesd/chs_home/lib/capitalapiimpl.jar:/ies/iesd_data3_nb/iesdwa/qualitygates/wa/2021.1_ADP1_DEV_installer_porting/code/iesd/chs_home/lib/batik-anim.jar:/ies/iesd_data3_nb/iesdwa/qualitygates/wa/2021.1_ADP1_DEV_installer_porting/code/iesd/chs_home/lib/batik-awt-util.jar:/ies/iesd_data3_nb/iesdwa/qualitygates/wa/2021.1_ADP1_DEV_installer_porting/code/iesd/chs_home/lib/batik-bridge.jar:/ies/iesd_data3_nb/iesdwa/qualitygates/wa/2021.1_ADP1_DEV_installer_porting/code/iesd/chs_home/lib/batik-codec.jar:/ies/iesd_data3_nb/iesdwa/qualitygates/wa/2021.1_ADP1_DEV_installer_porting/code/iesd/chs_home/lib/batik-css.jar:/ies/iesd_data3_nb/iesdwa/qualitygates/wa/2021.1_ADP1_DEV_installer_porting/code/iesd/chs_home/lib/batik-dom.jar:/ies/iesd_data3_nb/iesdwa/qualitygates/wa/2021.1_ADP1_DEV_installer_porting/code/iesd/chs_home/lib/batik-ext.jar:/ies/iesd_data3_nb/iesdwa/qualitygates/wa/2021.1_ADP1_DEV_installer_porting/code/iesd/chs_home/lib/batik-extension.jar:/ies/iesd_data3_nb/iesdwa/qualitygates/wa/2021.1_ADP1_DEV_installer_porting/code/iesd/chs_home/lib/batik-gui-util.jar:/ies/iesd_data3_nb/iesdwa/qualitygates/wa/2021.1_ADP1_DEV_installer_porting/code/iesd/chs_home/lib/batik-gvt.jar:/ies/iesd_data3_nb/iesdwa/qualitygates/wa/2021.1_ADP1_DEV_installer_porting/code/iesd/chs_home/lib/batik-parser.jar:/ies/iesd_data3_nb/iesdwa/qualitygates/wa/2021.1_ADP1_DEV_installer_porting/code/iesd/chs_home/lib/batik-script.jar:/ies/iesd_data3_nb/iesdwa/qualitygates/wa/2021.1_ADP1_DEV_installer_porting/code/iesd/chs_home/lib/batik-svg-dom.jar:/ies/iesd_data3_nb/iesdwa/qualitygates/wa/2021.1_ADP1_DEV_installer_porting/code/iesd/chs_home/lib/batik-svggen.jar:/ies/iesd_data3_nb/iesdwa/qualitygates/wa/2021.1_ADP1_DEV_installer_porting/code/iesd/chs_home/lib/batik-swing.jar:/ies/iesd_data3_nb/iesdwa/qualitygates/wa/2021.1_ADP1_DEV_installer_porting/code/iesd/chs_home/lib/batik-transcoder.jar:/ies/iesd_data3_nb/iesdwa/qualitygates/wa/2021.1_ADP1_DEV_installer_porting/code/iesd/chs_home/lib/batik-util.jar:/ies/iesd_data3_nb/iesdwa/qualitygates/wa/2021.1_ADP1_DEV_installer_porting/code/iesd/chs_home/lib/batik-xml.jar:/ies/iesd_data3_nb/iesdwa/qualitygates/wa/2021.1_ADP1_DEV_installer_porting/code/iesd/chs_home/lib/batik-constants.jar:/ies/iesd_data3_nb/iesdwa/qualitygates/wa/2021.1_ADP1_DEV_installer_porting/code/iesd/chs_home/lib/batik-i18n.jar:/ies/iesd_data3_nb/iesdwa/qualitygates/wa/2021.1_ADP1_DEV_installer_porting/code/iesd/chs_home/lib/xml-apis.jar:/ies/iesd_data3_nb/iesdwa/qualitygates/wa/2021.1_ADP1_DEV_installer_porting/code/iesd/chs_home/lib/xml-apis-ext.jar:/ies/iesd_data3_nb/iesdwa/qualitygates/wa/2021.1_ADP1_DEV_installer_porting/code/iesd/chs_home/adaptors/lib/capitaledx.jar:/ies/iesd_data3_nb/iesdwa/qualitygates/wa/2021.1_ADP1_DEV_installer_porting/code/iesd/chs_home/lib/SingleEmbeddedViewer.jar:/ies/iesd_data3_nb/iesdwa/qualitygates/wa/2021.1_ADP1_DEV_installer_porting/code/iesd/chs_home/lib/javafx/Linux/lib/javafx-swt.jar:/ies/iesd_data3_nb/iesdwa/qualitygates/wa/2021.1_ADP1_DEV_installer_porting/code/iesd/chs_home/lib/javafx/Linux/lib/javafx.base.jar:/ies/iesd_data3_nb/iesdwa/qualitygates/wa/2021.1_ADP1_DEV_installer_porting/code/iesd/chs_home/lib/javafx/Linux/lib/javafx.controls.jar:/ies/iesd_data3_nb/iesdwa/qualitygates/wa/2021.1_ADP1_DEV_installer_porting/code/iesd/chs_home/lib/javafx/Linux/lib/javafx.fxml.jar:/ies/iesd_data3_nb/iesdwa/qualitygates/wa/2021.1_ADP1_DEV_installer_porting/code/iesd/chs_home/lib/javafx/Linux/lib/javafx.graphics.jar:/ies/iesd_data3_nb/iesdwa/qualitygates/wa/2021.1_ADP1_DEV_installer_porting/code/iesd/chs_home/lib/javafx/Linux/lib/javafx.media.jar:/ies/iesd_data3_nb/iesdwa/qualitygates/wa/2021.1_ADP1_DEV_installer_porting/code/iesd/chs_home/lib/javafx/Linux/lib/javafx.swing.jar:/ies/iesd_data3_nb/iesdwa/qualitygates/wa/2021.1_ADP1_DEV_installer_porting/code/iesd/chs_home/lib/javafx/Linux/lib/javafx.web.jar:/ies/iesd_data3_nb/iesdwa/qualitygates/wa/2021.1_ADP1_DEV_installer_porting/code/iesd/chs_home/lib/assertj-core.jar:/ies/iesd_data3_nb/iesdwa/qualitygates/wa/2021.1_ADP1_DEV_installer_porting/code/iesd/chs_home/bld/testlib/capitaltestsanalysis.jar:/ies/iesd_data3_nb/iesdwa/qualitygates/wa/2021.1_ADP1_DEV_installer_porting/code/iesd/chs_home/lib/JSDD.jar:/ies/iesd_data3_nb/iesdwa/qualitygates/wa/2021.1_ADP1_DEV_installer_porting/code/iesd/chs_home/lib/oauth2-oidc-sdk.jar:/ies/iesd_data3_nb/iesdwa/qualitygates/wa/2021.1_ADP1_DEV_installer_porting/code/iesd/chs_home/lib/capitalwebservices.jar:/ies/iesd_data3_nb/iesdwa/qualitygates/wa/2021.1_ADP1_DEV_installer_porting/code/iesd/chs_home/lib/capitalresources.jar:/ies/iesd_data3_nb/iesdwa/qualitygates/wa/2021.1_ADP1_DEV_installer_porting/code/iesd/chs_home/bld/lib/jdom.jar:/ies/iesd_data3_nb/iesdwa/qualitygates/wa/2021.1_ADP1_DEV_installer_porting/code/iesd/chs_home/bld/testlib/capitaltesttopo.jar:/ies/iesd_data3_nb/iesdwa/qualitygates/wa/2021.1_ADP1_DEV_installer_porting/code/iesd/chs_home/lib/capitalclibrary.jar:/ies/iesd_data3_nb/iesdwa/qualitygates/wa/2021.1_ADP1_DEV_installer_porting/code/iesd/chs_home/lib/capitalpluginapi.jar:/ies/iesd_data3_nb/iesdwa/qualitygates/wa/2021.1_ADP1_DEV_installer_porting/code/iesd/chs_home/lib/capitalbaseautomation.jar:/ies/iesd_data3_nb/iesdwa/qualitygates/wa/2021.1_ADP1_DEV_installer_porting/code/iesd/chs_home/lib/capitalapigen.jar:/ies/iesd_data3_nb/iesdwa/qualitygates/wa/2021.1_ADP1_DEV_installer_porting/code/iesd/chs_home/lib/capitalautoview.jar:/ies/iesd_data3_nb/iesdwa/qualitygates/wa/2021.1_ADP1_DEV_installer_porting/code/iesd/chs_home/lib/itext.jar:/ies/iesd_data3_nb/iesdwa/qualitygates/wa/2021.1_ADP1_DEV_installer_porting/code/iesd/chs_home/lib/jetty-schemas.jar:/ies/iesd_data3_nb/iesdwa/qualitygates/wa/2021.1_ADP1_DEV_installer_porting/code/iesd/chs_home/lib/jetty-security.jar:/ies/iesd_data3_nb/iesdwa/qualitygates/wa/2021.1_ADP1_DEV_installer_porting/code/iesd/chs_home/lib/jetty-server.jar:/ies/iesd_data3_nb/iesdwa/qualitygates/wa/2021.1_ADP1_DEV_installer_porting/code/iesd/chs_home/lib/jetty-servlet.jar:/ies/iesd_data3_nb/iesdwa/qualitygates/wa/2021.1_ADP1_DEV_installer_porting/code/iesd/chs_home/lib/jetty-servlets.jar:/ies/iesd_data3_nb/iesdwa/qualitygates/wa/2021.1_ADP1_DEV_installer_porting/code/iesd/chs_home/lib/jetty-util.jar:/ies/iesd_data3_nb/iesdwa/qualitygates/wa/2021.1_ADP1_DEV_installer_porting/code/iesd/chs_home/lib/jetty-webapp.jar:/ies/iesd_data3_nb/iesdwa/qualitygates/wa/2021.1_ADP1_DEV_installer_porting/code/iesd/chs_home/lib/jetty-xml.jar:/ies/iesd_data3_nb/iesdwa/qualitygates/wa/2021.1_ADP1_DEV_installer_porting/code/iesd/chs_home/lib/apache-jsp.jar:/ies/iesd_data3_nb/iesdwa/qualitygates/wa/2021.1_ADP1_DEV_installer_porting/code/iesd/chs_home/lib/taglibs-standard-impl.jar:/ies/iesd_data3_nb/iesdwa/qualitygates/wa/2021.1_ADP1_DEV_installer_porting/code/iesd/chs_home/lib/taglibs-standard-spec.jar:/ies/iesd_data3_nb/iesdwa/qualitygates/wa/2021.1_ADP1_DEV_installer_porting/code/iesd/chs_home/lib/apache-jsp-8.jar:/ies/iesd_data3_nb/iesdwa/qualitygates/wa/2021.1_ADP1_DEV_installer_porting/code/iesd/chs_home/lib/apache-el-8.jar:/ies/iesd_data3_nb/iesdwa/qualitygates/wa/2021.1_ADP1_DEV_installer_porting/code/iesd/chs_home/lib/javax.annotation-api.jar:/ies/iesd_data3_nb/iesdwa/qualitygates/wa/2021.1_ADP1_DEV_installer_porting/code/iesd/chs_home/lib/asm.jar:/ies/iesd_data3_nb/iesdwa/qualitygates/wa/2021.1_ADP1_DEV_installer_porting/code/iesd/chs_home/lib/asm-commons.jar:/ies/iesd_data3_nb/iesdwa/qualitygates/wa/2021.1_ADP1_DEV_installer_porting/code/iesd/chs_home/lib/asm-tree.jar:/ies/iesd_data3_nb/iesdwa/qualitygates/wa/2021.1_ADP1_DEV_installer_porting/code/iesd/chs_home/lib/ecj.jar:/ies/iesd_data3_nb/iesdwa/qualitygates/wa/2021.1_ADP1_DEV_installer_porting/code/iesd/chs_home/lib/servlet-api-3.1.jar:/ies/iesd_data3_nb/iesdwa/qualitygates/wa/2021.1_ADP1_DEV_installer_porting/code/iesd/chs_home/lib/jetty-annotations.jar:/ies/iesd_data3_nb/iesdwa/qualitygates/wa/2021.1_ADP1_DEV_installer_porting/code/iesd/chs_home/lib/jetty-client.jar:/ies/iesd_data3_nb/iesdwa/qualitygates/wa/2021.1_ADP1_DEV_installer_porting/code/iesd/chs_home/lib/jetty-continuation.jar:/ies/iesd_data3_nb/iesdwa/qualitygates/wa/2021.1_ADP1_DEV_installer_porting/code/iesd/chs_home/lib/jetty-http.jar:/ies/iesd_data3_nb/iesdwa/qualitygates/wa/2021.1_ADP1_DEV_installer_porting/code/iesd/chs_home/lib/jetty-io.jar:/ies/iesd_data3_nb/iesdwa/qualitygates/wa/2021.1_ADP1_DEV_installer_porting/code/iesd/chs_home/lib/jetty-jmx.jar:/ies/iesd_data3_nb/iesdwa/qualitygates/wa/2021.1_ADP1_DEV_installer_porting/code/iesd/chs_home/lib/jetty-jndi.jar:/ies/iesd_data3_nb/iesdwa/qualitygates/wa/2021.1_ADP1_DEV_installer_porting/code/iesd/chs_home/lib/jetty-plus.jar:/ies/iesd_data3_nb/iesdwa/qualitygates/wa/2021.1_ADP1_DEV_installer_porting/code/iesd/chs_home/lib/jetty-proxy.jar:/ies/iesd_data3_nb/iesdwa/qualitygates/wa/2021.1_ADP1_DEV_installer_porting/code/iesd/chs_home/lib/hsqldb.jar:/ies/iesd_data3_nb/iesdwa/qualitygates/wa/2021.1_ADP1_DEV_installer_porting/code/iesd/chs_home/lib/avalon-framework.jar:/ies/iesd_data3_nb/iesdwa/qualitygates/wa/2021.1_ADP1_DEV_installer_porting/code/iesd/chs_home/lib/logkit-1.2.jar:/ies/iesd_data3_nb/iesdwa/qualitygates/wa/2021.1_ADP1_DEV_installer_porting/code/iesd/chs_home/adaptors/lib/capitaldsi.jar:/ies/iesd_data3_nb/iesdwa/qualitygates/wa/2021.1_ADP1_DEV_installer_porting/code/iesd/chs_home/adaptors/lib/capitalkbl.jar:/ies/iesd_data3_nb/iesdwa/qualitygates/wa/2021.1_ADP1_DEV_installer_porting/code/iesd/chs_home/adaptors/lib/capitalhcv.jar:/ies/iesd_data3_nb/iesdwa/qualitygates/wa/2021.1_ADP1_DEV_installer_porting/code/iesd/chs_home/lib/jcommon.jar:/ies/iesd_data3_nb/iesdwa/qualitygates/wa/2021.1_ADP1_DEV_installer_porting/code/iesd/chs_home/lib/jfreechart.jar:/ies/iesd_data3_nb/iesdwa/qualitygates/wa/2021.1_ADP1_DEV_installer_porting/code/iesd/chs_home/lib/capitalreporterserverutils.jar:/ies/iesd_data3_nb/iesdwa/qualitygates/wa/2021.1_ADP1_DEV_installer_porting/code/iesd/chs_home/lib/capitalans.jar:/ies/iesd_data3_nb/iesdwa/qualitygates/wa/2021.1_ADP1_DEV_installer_porting/code/iesd/chs_home/lib/capitalpof.jar:/ies/iesd_data3_nb/iesdwa/qualitygates/wa/2021.1_ADP1_DEV_installer_porting/code/iesd/infrastructure_src/src/third_party/cobertura/cobertura.jar:/ies/iesd_data3_nb/iesdwa/qualitygates/wa/2021.1_ADP1_DEV_installer_porting/code/iesd/infrastructure_src/src/third_party/cobertura/lib/asm-3.0.jar:/ies/iesd_data3_nb/iesdwa/qualitygates/wa/2021.1_ADP1_DEV_installer_porting/code/iesd/infrastructure_src/src/third_party/cobertura/lib/asm-tree-3.0.jar:/ies/iesd_data3_nb/iesdwa/qualitygates/wa/2021.1_ADP1_DEV_installer_porting/code/iesd/infrastructure_src/src/third_party/cobertura/lib/jakarta-oro-2.0.8.jar:/ies/iesd_data3_nb/iesdwa/qualitygates/wa/2021.1_ADP1_DEV_installer_porting/code/iesd/infrastructure_src/src/third_party/cobertura/lib/log4j-1.2.9.jar:/ies/iesd_data3_nb/iesdwa/qualitygates/wa/2021.1_ADP1_DEV_installer_porting/code/iesd/chs_home/lib/capitaljms.jar:/ies/iesd_data3_nb/iesdwa/qualitygates/wa/2021.1_ADP1_DEV_installer_porting/code/iesd/chs_home/lib/capitalupdaterutils.jar:/ies/iesd_data3_nb/iesdwa/qualitygates/wa/2021.1_ADP1_DEV_installer_porting/code/iesd/chs_home/adaptors/lib/capitaltc.jar:/ies/iesd_data3_nb/iesdwa/qualitygates/wa/2021.1_ADP1_DEV_installer_porting/code/iesd/chs_home/lib/javax.activation-api.jar:/ies/iesd_data3_nb/iesdwa/qualitygates/wa/2021.1_ADP1_DEV_installer_porting/code/iesd/chs_home/lib/jaxb-api.jar:/ies/iesd_data3_nb/iesdwa/qualitygates/wa/2021.1_ADP1_DEV_installer_porting/code/iesd/chs_home/lib/javax.xml.soap-api.jar:/ies/iesd_data3_nb/iesdwa/qualitygates/wa/2021.1_ADP1_DEV_installer_porting/code/iesd/chs_home/lib/javafx.media.jar:/ies/iesd_data3_nb/iesdwa/qualitygates/wa/2021.1_ADP1_DEV_installer_porting/code/iesd/chs_home/lib/javafx.swing.jar:/ies/iesd_data3_nb/iesdwa/qualitygates/wa/2021.1_ADP1_DEV_installer_porting/code/iesd/chs_home/lib/javafx.web.jar:/ies/iesd_data3_nb/iesdwa/qualitygates/wa/2021.1_ADP1_DEV_installer_porting/code/iesd/chs_home/lib/capitalwindowslandf.jar:/ies/iesd_data3_nb/iesdwa/qualitygates/wa/2021.1_ADP1_DEV_installer_porting/code/iesd/chs_home/lib/commons-io.jar:/ies/iesd_data3_nb/iesdwa/qualitygates/wa/2021.1_ADP1_DEV_installer_porting/code/iesd/chs_home/lib/sanj.jar:/ies/iesd_data3_nb/iesdwa/qualitygates/wa/2021.1_ADP1_DEV_installer_porting/code/iesd/chs_home/lib/commons-xmlgraphics.jar:/ies/iesd_data3_nb/iesdwa/qualitygates/wa/2021.1_ADP1_DEV_installer_porting/code/iesd/chs_home/lib/jboss-rmi-api.jar:/ies/iesd_data3_nb/iesdwa/qualitygates/wa/2021.1_ADP1_DEV_installer_porting/code/iesd/chs_home/lib/velocity.jar:/ies/iesd_data3_nb/iesdwa/qualitygates/wa/2021.1_ADP1_DEV_installer_porting/code/iesd/chs_home/lib/commons-collections.jar:/ies/iesd_data3_nb/iesdwa/qualitygates/wa/2021.1_ADP1_DEV_installer_porting/code/iesd/chs_home/lib/jsoup.jar:/ies/iesd_data3_nb/iesdwa/qualitygates/wa/2021.1_ADP1_DEV_installer_porting/code/iesd/chs_home/bld/lib/xmlunit.jar:/ies/iesd_data3_nb/iesdwa/qualitygates/wa/2021.1_ADP1_DEV_installer_porting/code/iesd/chs_home/lib/capitallogic.jar:/ies/iesd_data3_nb/iesdwa/qualitygates/wa/2021.1_ADP1_DEV_installer_porting/code/iesd/chs_home/lib/jaxb-impl.jar:/ies/iesd_data3_nb/iesdwa/qualitygates/wa/2021.1_ADP1_DEV_installer_porting/code/iesd/chs_home/bld/lib/cacio-tta.jar:/ies/iesd_data3_nb/iesdwa/qualitygates/wa/2021.1_ADP1_DEV_installer_porting/code/iesd/chs_home/bld/lib/cacio-shared.jar:/ies/iesd_data3_nb/iesdwa/qualitygates/wa/2021.1_ADP1_DEV_installer_porting/code/iesd/infrastructure_src/src/third_party/assertj-swing/assertj-core.jar:/ies/iesd_data3_nb/iesdwa/qualitygates/wa/2021.1_ADP1_DEV_installer_porting/code/iesd/chs_home/bld/ilib/junit-jacoco-ant.jar:/ies/iesd_data3_nb/iesdwa/qualitygates/wa/2021.1_ADP1_DEV_installer_porting/code/iesd/chs_home/bld/jacoco/lib/jacocoagent.jar:/ies/iesd_data3_nb/iesdwa/qualitygates/wa/2021.1_ADP1_DEV_installer_porting/code/iesd/chs_home/bld/lib/ant-launcher.jar:/ies/iesd_data3_nb/iesdwa/qualitygates/wa/2021.1_ADP1_DEV_installer_porting/code/iesd/chs_home/bld/lib/ant.jar:/ies/iesd_data3_nb/iesdwa/qualitygates/wa/2021.1_ADP1_DEV_installer_porting/code/iesd/chs_home/bld/lib/ant-junit.jar:/ies/iesd_data3_nb/iesdwa/qualitygates/wa/2021.1_ADP1_DEV_installer_porting/code/iesd/chs_home/bld/lib/ant-junit4.jar:/ies/iesd_data3_nb/iesdwa/qualitygates/wa/2021.1_ADP1_DEV_installer_porting/code/iesd/chs_home/lib/socketio.jar" />
    <property name="nodejs_npm.executable" value="/ies/iesd_data3_nb/iesdwa/qualitygates/wa/2021.1_ADP1_DEV_installer_porting/code/iesd/chs_home/bld/nodejs/linux/bin/npm" />
    <property name="junit.showoutput" value="false" />
    <property name="DEBUG" value="on" />
    <property name="env.SGE_ACCOUNT" value="sge" />
    <property name="env.SGE_BINARY_PATH" value="/ies/grid/uge86/bin/lx-amd64" />
    <property name="junit.haltonfailure" value="no" />
    <property name="env.NSLOTS" value="1" />
    <property name="ant.file.type.Capital Integrator Tests" value="file" />
    <property name="env.ANT_OPTS" value="-Xmx2G -Dfile.encoding=iso-8859-1" />
    <property name="java.vm.version" value="11.0.4-ojdkbuild+11" />
    <property name="ant.file.type.GradleSupport" value="file" />
    <property name="build" value="build" />
    <property name="build.version.sub" value="1" />
    <property name="capital.timestampserver.url" value="http://timestamp.entrust.net/TSS/JavaHttpTS" />
    <property name="chsbuildtools_home" value="/ies/iesd_data3_nb/iesdwa/qualitygates/wa/2021.1_ADP1_DEV_installer_porting/code/iesd/chs_home/bld" />
    <property name="gradle.executable" value="/ies/iesd_data3_nb/iesdwa/qualitygates/wa/2021.1_ADP1_DEV_installer_porting/code/iesd/chs_home/bld/gradle/bin/gradle" />
    <property name="env.SGE_EXECD_PORT" value="6471" />
  </properties>
  <testcase classname="chs.caplets.topo.actions.place.PlaceAllActionTest" name="IESCD992_secondPlacement" time="25.661" />
  <testcase classname="chs.caplets.topo.actions.place.PlaceAllActionTest" name="IESCD992_updateMappings" time="5.353" />
  <testcase classname="chs.caplets.topo.actions.place.PlaceAllActionTest" name="PDV-17431_AutoPlace" time="1.303" />
  <testcase classname="chs.caplets.topo.actions.place.PlaceAllActionTest" name="PDV-17431_AutoPlaceSharedDevice" time="1.169" />
  <testcase classname="chs.caplets.topo.actions.place.PlaceAllActionTest" name="PDV16060_HC_ConnectorSharing" time="2.352" />
  <testcase classname="chs.caplets.topo.actions.place.PlaceAllActionTest" name="PDV17620_PlaceDeviceWithOptionExpression" time="1.265" />
  <testcase classname="chs.caplets.topo.actions.place.PlaceAllActionTest" name="PDVC-2493_DevicePlaceWithSpecialization" time="1.117" />
  <testcase classname="chs.caplets.topo.actions.place.PlaceAllActionTest" name="PDVC-2493_DevicePlaceWithSpecialization2" time="1.169" />
  <testcase classname="chs.caplets.topo.actions.place.PlaceAllActionTest" name="PDVC-2493_DevicePlaceWithSpecializationAndLibraryParts" time="0.794" />
  <testcase classname="chs.caplets.topo.actions.place.PlaceAllActionTest" name="PDVC-2714_CompatibleConnectorMating" time="1.973" />
  <testcase classname="chs.caplets.topo.actions.place.PlaceAllActionTest" name="PDVC-2714_IncompatibleConnectorMating" time="1.504" />
  <testcase classname="chs.caplets.topo.actions.place.PlaceAllActionTest" name="PDVC1825_Holes" time="1.659" />
  <testcase classname="chs.caplets.topo.actions.place.PlaceAllActionTest" name="dts0100602623_SharedPinWithPinGroup" time="0.843" />
  <testcase classname="chs.caplets.topo.actions.place.PlaceAllActionTest" name="dts0100643832_PlaceDeviceWithFootprint" time="2.165">
    <failure message="Rendered image differs from the reference copy - &#xa;    Diffs: &apos;/ies/iesd_data12_nb/qualitygates/iesd-21.1/2021.1_ADP1_DEV_installer_porting/code/iesd/chs_home/bld/testdata/temp/chs/caplets/topo/actions/place/PlaceAllActionTest/reference/DIFF-dts0100643832_Plane1.png&apos;&#xa;    Rendered: &apos;/ies/iesd_data12_nb/qualitygates/iesd-21.1/2021.1_ADP1_DEV_installer_porting/code/iesd/chs_home/bld/testdata/temp/chs/caplets/topo/actions/place/PlaceAllActionTest/reference/RENDERED-dts0100643832_Plane1.png&apos;&#xa;    Golden: &apos;/ies/iesd_data12_nb/qualitygates/iesd-21.1/2021.1_ADP1_DEV_installer_porting/code/iesd/ctopology_src/tests/testdata/chs/caplets/topo/actions/place/PlaceAllActionTest/reference/dts0100643832_Plane1.png&apos;" type="junit.framework.AssertionFailedError">junit.framework.AssertionFailedError: Rendered image differs from the reference copy - 
    Diffs: &apos;/ies/iesd_data12_nb/qualitygates/iesd-21.1/2021.1_ADP1_DEV_installer_porting/code/iesd/chs_home/bld/testdata/temp/chs/caplets/topo/actions/place/PlaceAllActionTest/reference/DIFF-dts0100643832_Plane1.png&apos;
    Rendered: &apos;/ies/iesd_data12_nb/qualitygates/iesd-21.1/2021.1_ADP1_DEV_installer_porting/code/iesd/chs_home/bld/testdata/temp/chs/caplets/topo/actions/place/PlaceAllActionTest/reference/RENDERED-dts0100643832_Plane1.png&apos;
    Golden: &apos;/ies/iesd_data12_nb/qualitygates/iesd-21.1/2021.1_ADP1_DEV_installer_porting/code/iesd/ctopology_src/tests/testdata/chs/caplets/topo/actions/place/PlaceAllActionTest/reference/dts0100643832_Plane1.png&apos;
	at chs.CAFTestCase.recordFailure(CAFTestCase.java:1655)
	at chs.CAFTestCase.compareAndCheckImage(CAFTestCase.java:1750)
	at chs.CAFTestCase.runTest(CAFTestCase.java:1707)
	at chs.CAFTestCase.runTestRender(CAFTestCase.java:1669)
	at chs.CAFTestCase.runTestRender(CAFTestCase.java:1661)
	at chs.caplets.topo.actions.place.PlaceAllActionTest.postdts0100643832_PlaceDeviceWithFootprint(PlaceAllActionTest.java:151)
	at java.base/jdk.internal.reflect.NativeMethodAccessorImpl.invoke0(Native Method)
	at java.base/jdk.internal.reflect.NativeMethodAccessorImpl.invoke(NativeMethodAccessorImpl.java:62)
	at java.base/jdk.internal.reflect.DelegatingMethodAccessorImpl.invoke(DelegatingMethodAccessorImpl.java:43)
	at chs.TopoCompareTestCase.runCHSTest(TopoCompareTestCase.java:165)
	at chs.ValidateableTestCase.runTest(Unknown Source)
</failure>
  </testcase>
  <testcase classname="chs.caplets.topo.actions.place.PlaceAllActionTest" name="dts0100906901_NetAndShieldConnectedToPinOnSharedDevice" time="1.003" />
  <testcase classname="chs.caplets.topo.actions.place.PlaceAllActionTest" name="dts0100921780_PinMatching" time="1.915" />
  <testcase classname="chs.caplets.topo.actions.place.PlaceAllActionTest" name="dts0100938119_PlacementToVCWithPart" time="1.283" />
  <testcase classname="chs.caplets.topo.actions.place.PlaceAllActionTest" name="dts0100956201_PlacementRouter" time="0.969" />
  <testcase classname="chs.caplets.topo.actions.place.PlaceAllActionTest" name="dts0101005421_CustomConstraint" time="0.609" />
  <testcase classname="chs.caplets.topo.actions.place.PlaceAllActionTest" name="dts0101006363_RegexpSuppressed" time="1.177" />
  <testcase classname="chs.caplets.topo.actions.place.PlaceAllActionTest" name="dts0101089884_spuriousPartRemoval" time="0.851" />
  <testcase classname="chs.caplets.topo.actions.place.PlaceAllActionTest" name="dts0101201563_PlacementWithNonFinalisedVehicleModel" time="0.676" />
  <testcase classname="chs.caplets.topo.actions.place.PlaceAllActionTest" name="dts0101334729_HC_FootprintConstraint" time="0.956" />
  <testcase classname="chs.caplets.topo.actions.place.PlaceAllActionTest" name="dts0101334729_RingTerminal" time="0.872" />
  <testcase classname="chs.caplets.topo.actions.place.PlaceAllActionTest" name="dts0101364902_SpuriousNormalization" time="0.526" />
  <system-out><![CDATA[Using /ies/iesd_data12_nb/qualitygates/iesd-21.1/2021.1_ADP1_DEV_installer_porting/code/iesd/ctopology_src/tests/testdata/chs/caplets/topo/actions/place/PlaceAllActionTest/
====== Plugins will NOT be loaded ========
  If the test expects plugins then override CAFTestCase.disablePlugins
==========================================
//
//  V2021.1.1 [Build 608] (BETA) - 22 June 2021 (15:14 IST)
// [Commit: bbb1b5e82e6d03dbe863f004f847a91545a34b33]
// Copyright Mentor Graphics Corporation 2001-2021.
//   All Rights Reserved.
//
// This software is in pre-production form and is considered to be Beta Code that is subject to the terms of the current Mentor Graphics End-User License Agreement or your signed agreement with Mentor Graphics that contains beta terms, whichever applies
//
//  **** DEVELOPER BUILD - INTERNAL USE ONLY, NOT FOR DISTRIBUTION
//  **** Java Assertions enabled
//  Allocated Maximum Heap Size = 1024Mb
//  Application start time 2021-06-22 06:10:59 PM Coordinated Universal Time, using date format yyyy-MM-dd
//  Using JRE version 11.0.4-ojdkbuild at /ies/iesd_data11/iesdgridhome/tools/appsroot/aol/java/jdk-11.0.4
//
Loading adaptor declarations from: /ies/iesd_data12_nb/qualitygates/iesd-21.1/2021.1_ADP1_DEV_installer_porting/code/iesd/chs_home/adaptors/adaptors.xml
APP: Object Model Validation Level: HIGH 
APP: Capital Integrator initialized.
APP: This software is in pre-production form and is considered to be Beta Code that is subject to the terms of the current Mentor Graphics End-User License Agreement or your signed agreement with Mentor Graphics that contains beta terms, whichever applies
TestExecutionOrder=1,Test=PlaceAllActionTest,TestCaseName=IESCD992_secondPlacement
Using /ies/iesd_data12_nb/qualitygates/iesd-21.1/2021.1_ADP1_DEV_installer_porting/code/iesd/ctopology_src/tests/testdata/chs/caplets/topo/actions/place/PlaceAllActionTest/IESCD992_secondPlacement.xml
Validation of active object caches is enabled
Using /ies/iesd_data12_nb/qualitygates/iesd-21.1/2021.1_ADP1_DEV_installer_porting/code/iesd/ctopology_src/tests/testdata/chs/caplets/topo/actions/place/PlaceAllActionTest/reference/IESCD992_secondPlacement.xml
Using /ies/iesd_data12_nb/qualitygates/iesd-21.1/2021.1_ADP1_DEV_installer_porting/code/iesd/ctopology_src/tests/testdata/chs/caplets/topo/actions/place/PlaceAllActionTest/reference/IESCD992_secondPlacement.xml
Using /ies/iesd_data12_nb/qualitygates/iesd-21.1/2021.1_ADP1_DEV_installer_porting/code/iesd/ctopology_src/tests/testdata/chs/caplets/topo/actions/place/PlaceAllActionTest/reference/IESCD992_secondPlacement.xml
Using /ies/iesd_data12_nb/qualitygates/iesd-21.1/2021.1_ADP1_DEV_installer_porting/code/iesd/ctopology_src/tests/testdata/chs/caplets/topo/actions/place/PlaceAllActionTest/reference/IESCD992_secondPlacement.xml
TestExecutionOrder=2,Test=PlaceAllActionTest,TestCaseName=IESCD992_updateMappings
Using /ies/iesd_data12_nb/qualitygates/iesd-21.1/2021.1_ADP1_DEV_installer_porting/code/iesd/ctopology_src/tests/testdata/chs/caplets/topo/actions/place/PlaceAllActionTest/IESCD992_updateMappings.xml
Using /ies/iesd_data12_nb/qualitygates/iesd-21.1/2021.1_ADP1_DEV_installer_porting/code/iesd/ctopology_src/tests/testdata/chs/caplets/topo/actions/place/PlaceAllActionTest/reference/IESCD992_updateMappings.xml
Using /ies/iesd_data12_nb/qualitygates/iesd-21.1/2021.1_ADP1_DEV_installer_porting/code/iesd/ctopology_src/tests/testdata/chs/caplets/topo/actions/place/PlaceAllActionTest/reference/IESCD992_updateMappings.xml
Using /ies/iesd_data12_nb/qualitygates/iesd-21.1/2021.1_ADP1_DEV_installer_porting/code/iesd/ctopology_src/tests/testdata/chs/caplets/topo/actions/place/PlaceAllActionTest/reference/IESCD992_updateMappings.xml
Using /ies/iesd_data12_nb/qualitygates/iesd-21.1/2021.1_ADP1_DEV_installer_porting/code/iesd/ctopology_src/tests/testdata/chs/caplets/topo/actions/place/PlaceAllActionTest/reference/IESCD992_updateMappings.xml
TestExecutionOrder=3,Test=PlaceAllActionTest,TestCaseName=PDV-17431_AutoPlace
Using /ies/iesd_data12_nb/qualitygates/iesd-21.1/2021.1_ADP1_DEV_installer_porting/code/iesd/ctopology_src/tests/testdata/chs/caplets/topo/actions/place/PlaceAllActionTest/PDV-17431_AutoPlace.xml
Using /ies/iesd_data12_nb/qualitygates/iesd-21.1/2021.1_ADP1_DEV_installer_porting/code/iesd/ctopology_src/tests/testdata/chs/caplets/topo/actions/place/PlaceAllActionTest/reference/PDV-17431_AutoPlace.xml
Using /ies/iesd_data12_nb/qualitygates/iesd-21.1/2021.1_ADP1_DEV_installer_porting/code/iesd/ctopology_src/tests/testdata/chs/caplets/topo/actions/place/PlaceAllActionTest/reference/PDV-17431_AutoPlace.xml
Using /ies/iesd_data12_nb/qualitygates/iesd-21.1/2021.1_ADP1_DEV_installer_porting/code/iesd/ctopology_src/tests/testdata/chs/caplets/topo/actions/place/PlaceAllActionTest/reference/PDV-17431_AutoPlace.xml
Using /ies/iesd_data12_nb/qualitygates/iesd-21.1/2021.1_ADP1_DEV_installer_porting/code/iesd/ctopology_src/tests/testdata/chs/caplets/topo/actions/place/PlaceAllActionTest/reference/PDV-17431_AutoPlace.xml
TestExecutionOrder=4,Test=PlaceAllActionTest,TestCaseName=PDV-17431_AutoPlaceSharedDevice
Using /ies/iesd_data12_nb/qualitygates/iesd-21.1/2021.1_ADP1_DEV_installer_porting/code/iesd/ctopology_src/tests/testdata/chs/caplets/topo/actions/place/PlaceAllActionTest/PDV-17431_AutoPlaceSharedDevice.xml
Using /ies/iesd_data12_nb/qualitygates/iesd-21.1/2021.1_ADP1_DEV_installer_porting/code/iesd/ctopology_src/tests/testdata/chs/caplets/topo/actions/place/PlaceAllActionTest/reference/PDV-17431_AutoPlaceSharedDevice.xml
Using /ies/iesd_data12_nb/qualitygates/iesd-21.1/2021.1_ADP1_DEV_installer_porting/code/iesd/ctopology_src/tests/testdata/chs/caplets/topo/actions/place/PlaceAllActionTest/reference/PDV-17431_AutoPlaceSharedDevice.xml
Using /ies/iesd_data12_nb/qualitygates/iesd-21.1/2021.1_ADP1_DEV_installer_porting/code/iesd/ctopology_src/tests/testdata/chs/caplets/topo/actions/place/PlaceAllActionTest/reference/PDV-17431_AutoPlaceSharedDevice.xml
Using /ies/iesd_data12_nb/qualitygates/iesd-21.1/2021.1_ADP1_DEV_installer_porting/code/iesd/ctopology_src/tests/testdata/chs/caplets/topo/actions/place/PlaceAllActionTest/reference/PDV-17431_AutoPlaceSharedDevice.xml
TestExecutionOrder=5,Test=PlaceAllActionTest,TestCaseName=PDV16060_HC_ConnectorSharing
Using /ies/iesd_data12_nb/qualitygates/iesd-21.1/2021.1_ADP1_DEV_installer_porting/code/iesd/ctopology_src/tests/testdata/chs/caplets/topo/actions/place/PlaceAllActionTest/PDV16060_HC_ConnectorSharing.xml
Using /ies/iesd_data12_nb/qualitygates/iesd-21.1/2021.1_ADP1_DEV_installer_porting/code/iesd/ctopology_src/tests/testdata/chs/caplets/topo/actions/place/PlaceAllActionTest/PDV16060_HC_ConnectorSharing.parts
Using /ies/iesd_data12_nb/qualitygates/iesd-21.1/2021.1_ADP1_DEV_installer_porting/code/iesd/ctopology_src/tests/testdata/chs/caplets/topo/actions/place/PlaceAllActionTest/reference/PDV16060_HC_ConnectorSharing.xml
Using /ies/iesd_data12_nb/qualitygates/iesd-21.1/2021.1_ADP1_DEV_installer_porting/code/iesd/ctopology_src/tests/testdata/chs/caplets/topo/actions/place/PlaceAllActionTest/reference/PDV16060_HC_ConnectorSharing.xml
Using /ies/iesd_data12_nb/qualitygates/iesd-21.1/2021.1_ADP1_DEV_installer_porting/code/iesd/ctopology_src/tests/testdata/chs/caplets/topo/actions/place/PlaceAllActionTest/reference/PDV16060_HC_ConnectorSharing.xml
Using /ies/iesd_data12_nb/qualitygates/iesd-21.1/2021.1_ADP1_DEV_installer_porting/code/iesd/ctopology_src/tests/testdata/chs/caplets/topo/actions/place/PlaceAllActionTest/reference/PDV16060_HC_ConnectorSharing.xml
TestExecutionOrder=6,Test=PlaceAllActionTest,TestCaseName=PDV17620_PlaceDeviceWithOptionExpression
Using /ies/iesd_data12_nb/qualitygates/iesd-21.1/2021.1_ADP1_DEV_installer_porting/code/iesd/ctopology_src/tests/testdata/chs/caplets/topo/actions/place/PlaceAllActionTest/PDV17620_PlaceDeviceWithOptionExpression.xml
Using /ies/iesd_data12_nb/qualitygates/iesd-21.1/2021.1_ADP1_DEV_installer_porting/code/iesd/ctopology_src/tests/testdata/chs/caplets/topo/actions/place/PlaceAllActionTest/reference/PDV17620_PlaceDeviceWithOptionExpression.msgs
Using /ies/iesd_data12_nb/qualitygates/iesd-21.1/2021.1_ADP1_DEV_installer_porting/code/iesd/ctopology_src/tests/testdata/chs/caplets/topo/actions/place/PlaceAllActionTest/reference/PDV17620_PlaceDeviceWithOptionExpression.xml
Using /ies/iesd_data12_nb/qualitygates/iesd-21.1/2021.1_ADP1_DEV_installer_porting/code/iesd/ctopology_src/tests/testdata/chs/caplets/topo/actions/place/PlaceAllActionTest/reference/PDV17620_PlaceDeviceWithOptionExpression.xml
Using /ies/iesd_data12_nb/qualitygates/iesd-21.1/2021.1_ADP1_DEV_installer_porting/code/iesd/ctopology_src/tests/testdata/chs/caplets/topo/actions/place/PlaceAllActionTest/reference/PDV17620_PlaceDeviceWithOptionExpression.xml
Using /ies/iesd_data12_nb/qualitygates/iesd-21.1/2021.1_ADP1_DEV_installer_porting/code/iesd/ctopology_src/tests/testdata/chs/caplets/topo/actions/place/PlaceAllActionTest/reference/PDV17620_PlaceDeviceWithOptionExpression.xml
TestExecutionOrder=7,Test=PlaceAllActionTest,TestCaseName=PDVC-2493_DevicePlaceWithSpecialization
Using /ies/iesd_data12_nb/qualitygates/iesd-21.1/2021.1_ADP1_DEV_installer_porting/code/iesd/ctopology_src/tests/testdata/chs/caplets/topo/actions/place/PlaceAllActionTest/PDVC-2493_DevicePlaceWithSpecialization.xml
Using /ies/iesd_data12_nb/qualitygates/iesd-21.1/2021.1_ADP1_DEV_installer_porting/code/iesd/ctopology_src/tests/testdata/chs/caplets/topo/actions/place/PlaceAllActionTest/reference/PDVC-2493_DevicePlaceWithSpecialization.xml
Using /ies/iesd_data12_nb/qualitygates/iesd-21.1/2021.1_ADP1_DEV_installer_porting/code/iesd/ctopology_src/tests/testdata/chs/caplets/topo/actions/place/PlaceAllActionTest/reference/PDVC-2493_DevicePlaceWithSpecialization.xml
Using /ies/iesd_data12_nb/qualitygates/iesd-21.1/2021.1_ADP1_DEV_installer_porting/code/iesd/ctopology_src/tests/testdata/chs/caplets/topo/actions/place/PlaceAllActionTest/reference/PDVC-2493_DevicePlaceWithSpecialization.xml
Using /ies/iesd_data12_nb/qualitygates/iesd-21.1/2021.1_ADP1_DEV_installer_porting/code/iesd/ctopology_src/tests/testdata/chs/caplets/topo/actions/place/PlaceAllActionTest/reference/PDVC-2493_DevicePlaceWithSpecialization.xml
TestExecutionOrder=8,Test=PlaceAllActionTest,TestCaseName=PDVC-2493_DevicePlaceWithSpecialization2
Using /ies/iesd_data12_nb/qualitygates/iesd-21.1/2021.1_ADP1_DEV_installer_porting/code/iesd/ctopology_src/tests/testdata/chs/caplets/topo/actions/place/PlaceAllActionTest/PDVC-2493_DevicePlaceWithSpecialization2.xml
Using /ies/iesd_data12_nb/qualitygates/iesd-21.1/2021.1_ADP1_DEV_installer_porting/code/iesd/ctopology_src/tests/testdata/chs/caplets/topo/actions/place/PlaceAllActionTest/reference/PDVC-2493_DevicePlaceWithSpecialization2.xml
Using /ies/iesd_data12_nb/qualitygates/iesd-21.1/2021.1_ADP1_DEV_installer_porting/code/iesd/ctopology_src/tests/testdata/chs/caplets/topo/actions/place/PlaceAllActionTest/reference/PDVC-2493_DevicePlaceWithSpecialization2.xml
Using /ies/iesd_data12_nb/qualitygates/iesd-21.1/2021.1_ADP1_DEV_installer_porting/code/iesd/ctopology_src/tests/testdata/chs/caplets/topo/actions/place/PlaceAllActionTest/reference/PDVC-2493_DevicePlaceWithSpecialization2.xml
Using /ies/iesd_data12_nb/qualitygates/iesd-21.1/2021.1_ADP1_DEV_installer_porting/code/iesd/ctopology_src/tests/testdata/chs/caplets/topo/actions/place/PlaceAllActionTest/reference/PDVC-2493_DevicePlaceWithSpecialization2.xml
TestExecutionOrder=9,Test=PlaceAllActionTest,TestCaseName=PDVC-2493_DevicePlaceWithSpecializationAndLibraryParts
Using /ies/iesd_data12_nb/qualitygates/iesd-21.1/2021.1_ADP1_DEV_installer_porting/code/iesd/ctopology_src/tests/testdata/chs/caplets/topo/actions/place/PlaceAllActionTest/PDVC-2493_DevicePlaceWithSpecializationAndLibraryParts.xml
Using /ies/iesd_data12_nb/qualitygates/iesd-21.1/2021.1_ADP1_DEV_installer_porting/code/iesd/ctopology_src/tests/testdata/chs/caplets/topo/actions/place/PlaceAllActionTest/reference/PDVC-2493_DevicePlaceWithSpecializationAndLibraryParts.xml
Using /ies/iesd_data12_nb/qualitygates/iesd-21.1/2021.1_ADP1_DEV_installer_porting/code/iesd/ctopology_src/tests/testdata/chs/caplets/topo/actions/place/PlaceAllActionTest/reference/PDVC-2493_DevicePlaceWithSpecializationAndLibraryParts.xml
Using /ies/iesd_data12_nb/qualitygates/iesd-21.1/2021.1_ADP1_DEV_installer_porting/code/iesd/ctopology_src/tests/testdata/chs/caplets/topo/actions/place/PlaceAllActionTest/reference/PDVC-2493_DevicePlaceWithSpecializationAndLibraryParts.xml
Using /ies/iesd_data12_nb/qualitygates/iesd-21.1/2021.1_ADP1_DEV_installer_porting/code/iesd/ctopology_src/tests/testdata/chs/caplets/topo/actions/place/PlaceAllActionTest/reference/PDVC-2493_DevicePlaceWithSpecializationAndLibraryParts.xml
TestExecutionOrder=10,Test=PlaceAllActionTest,TestCaseName=PDVC-2714_CompatibleConnectorMating
Using /ies/iesd_data12_nb/qualitygates/iesd-21.1/2021.1_ADP1_DEV_installer_porting/code/iesd/ctopology_src/tests/testdata/chs/caplets/topo/actions/place/PlaceAllActionTest/PDVC-2714_CompatibleConnectorMating.xml
Using /ies/iesd_data12_nb/qualitygates/iesd-21.1/2021.1_ADP1_DEV_installer_porting/code/iesd/ctopology_src/tests/testdata/chs/caplets/topo/actions/place/PlaceAllActionTest/PDVC-2714_CompatibleConnectorMating.parts
Using /ies/iesd_data12_nb/qualitygates/iesd-21.1/2021.1_ADP1_DEV_installer_porting/code/iesd/ctopology_src/tests/testdata/chs/caplets/topo/actions/place/PlaceAllActionTest/reference/PDVC-2714_CompatibleConnectorMating.xml
Using /ies/iesd_data12_nb/qualitygates/iesd-21.1/2021.1_ADP1_DEV_installer_porting/code/iesd/ctopology_src/tests/testdata/chs/caplets/topo/actions/place/PlaceAllActionTest/reference/PDVC-2714_CompatibleConnectorMating.xml
Using /ies/iesd_data12_nb/qualitygates/iesd-21.1/2021.1_ADP1_DEV_installer_porting/code/iesd/ctopology_src/tests/testdata/chs/caplets/topo/actions/place/PlaceAllActionTest/reference/PDVC-2714_CompatibleConnectorMating.xml
Using /ies/iesd_data12_nb/qualitygates/iesd-21.1/2021.1_ADP1_DEV_installer_porting/code/iesd/ctopology_src/tests/testdata/chs/caplets/topo/actions/place/PlaceAllActionTest/reference/PDVC-2714_CompatibleConnectorMating.xml
TestExecutionOrder=11,Test=PlaceAllActionTest,TestCaseName=PDVC-2714_IncompatibleConnectorMating
Using /ies/iesd_data12_nb/qualitygates/iesd-21.1/2021.1_ADP1_DEV_installer_porting/code/iesd/ctopology_src/tests/testdata/chs/caplets/topo/actions/place/PlaceAllActionTest/PDVC-2714_IncompatibleConnectorMating.xml
Using /ies/iesd_data12_nb/qualitygates/iesd-21.1/2021.1_ADP1_DEV_installer_porting/code/iesd/ctopology_src/tests/testdata/chs/caplets/topo/actions/place/PlaceAllActionTest/PDVC-2714_IncompatibleConnectorMating.parts
Using /ies/iesd_data12_nb/qualitygates/iesd-21.1/2021.1_ADP1_DEV_installer_porting/code/iesd/ctopology_src/tests/testdata/chs/caplets/topo/actions/place/PlaceAllActionTest/reference/PDVC-2714_IncompatibleConnectorMating.xml
Using /ies/iesd_data12_nb/qualitygates/iesd-21.1/2021.1_ADP1_DEV_installer_porting/code/iesd/ctopology_src/tests/testdata/chs/caplets/topo/actions/place/PlaceAllActionTest/reference/PDVC-2714_IncompatibleConnectorMating.xml
Using /ies/iesd_data12_nb/qualitygates/iesd-21.1/2021.1_ADP1_DEV_installer_porting/code/iesd/ctopology_src/tests/testdata/chs/caplets/topo/actions/place/PlaceAllActionTest/reference/PDVC-2714_IncompatibleConnectorMating.xml
Using /ies/iesd_data12_nb/qualitygates/iesd-21.1/2021.1_ADP1_DEV_installer_porting/code/iesd/ctopology_src/tests/testdata/chs/caplets/topo/actions/place/PlaceAllActionTest/reference/PDVC-2714_IncompatibleConnectorMating.xml
TestExecutionOrder=12,Test=PlaceAllActionTest,TestCaseName=PDVC1825_Holes
Using /ies/iesd_data12_nb/qualitygates/iesd-21.1/2021.1_ADP1_DEV_installer_porting/code/iesd/ctopology_src/tests/testdata/chs/caplets/topo/actions/place/PlaceAllActionTest/PDVC1825_Holes.xml
Using /ies/iesd_data12_nb/qualitygates/iesd-21.1/2021.1_ADP1_DEV_installer_porting/code/iesd/ctopology_src/tests/testdata/chs/caplets/topo/actions/place/PlaceAllActionTest/PDVC1825_Holes.parts
Using /ies/iesd_data12_nb/qualitygates/iesd-21.1/2021.1_ADP1_DEV_installer_porting/code/iesd/ctopology_src/tests/testdata/chs/caplets/topo/actions/place/PlaceAllActionTest/reference/PDVC1825_Holes.xml
Using /ies/iesd_data12_nb/qualitygates/iesd-21.1/2021.1_ADP1_DEV_installer_porting/code/iesd/ctopology_src/tests/testdata/chs/caplets/topo/actions/place/PlaceAllActionTest/reference/PDVC1825_Holes.xml
Using /ies/iesd_data12_nb/qualitygates/iesd-21.1/2021.1_ADP1_DEV_installer_porting/code/iesd/ctopology_src/tests/testdata/chs/caplets/topo/actions/place/PlaceAllActionTest/reference/PDVC1825_Holes.xml
Using /ies/iesd_data12_nb/qualitygates/iesd-21.1/2021.1_ADP1_DEV_installer_porting/code/iesd/ctopology_src/tests/testdata/chs/caplets/topo/actions/place/PlaceAllActionTest/reference/PDVC1825_Holes.xml
TestExecutionOrder=13,Test=PlaceAllActionTest,TestCaseName=dts0100602623_SharedPinWithPinGroup
Using /ies/iesd_data12_nb/qualitygates/iesd-21.1/2021.1_ADP1_DEV_installer_porting/code/iesd/ctopology_src/tests/testdata/chs/caplets/topo/actions/place/PlaceAllActionTest/dts0100602623_SharedPinWithPinGroup.xml
Data Validation: Junk name space found in project dts0100602623_SharedPinWithPinGroup, Topology design IntegratorDesign1, Revision 1
Data Validation: Deleted name space
Using /ies/iesd_data12_nb/qualitygates/iesd-21.1/2021.1_ADP1_DEV_installer_porting/code/iesd/ctopology_src/tests/testdata/chs/caplets/topo/actions/place/PlaceAllActionTest/reference/dts0100602623_SharedPinWithPinGroup.xml
Using /ies/iesd_data12_nb/qualitygates/iesd-21.1/2021.1_ADP1_DEV_installer_porting/code/iesd/ctopology_src/tests/testdata/chs/caplets/topo/actions/place/PlaceAllActionTest/reference/dts0100602623_SharedPinWithPinGroup.xml
Using /ies/iesd_data12_nb/qualitygates/iesd-21.1/2021.1_ADP1_DEV_installer_porting/code/iesd/ctopology_src/tests/testdata/chs/caplets/topo/actions/place/PlaceAllActionTest/reference/dts0100602623_SharedPinWithPinGroup.xml
Data Validation: Junk name space found in project dts0100602623_SharedPinWithPinGroup, Topology design IntegratorDesign1, Revision 1
Data Validation: Deleted name space
Using /ies/iesd_data12_nb/qualitygates/iesd-21.1/2021.1_ADP1_DEV_installer_porting/code/iesd/ctopology_src/tests/testdata/chs/caplets/topo/actions/place/PlaceAllActionTest/reference/dts0100602623_SharedPinWithPinGroup.xml
TestExecutionOrder=14,Test=PlaceAllActionTest,TestCaseName=dts0100643832_PlaceDeviceWithFootprint
Using /ies/iesd_data12_nb/qualitygates/iesd-21.1/2021.1_ADP1_DEV_installer_porting/code/iesd/ctopology_src/tests/testdata/chs/caplets/topo/actions/place/PlaceAllActionTest/dts0100643832_PlaceDeviceWithFootprint.xml
Using /ies/iesd_data12_nb/qualitygates/iesd-21.1/2021.1_ADP1_DEV_installer_porting/code/iesd/ctopology_src/tests/testdata/chs/caplets/topo/actions/place/PlaceAllActionTest/dts0100643832_PlaceDeviceWithFootprint.parts
Using /ies/iesd_data12_nb/qualitygates/iesd-21.1/2021.1_ADP1_DEV_installer_porting/code/iesd/ctopology_src/tests/testdata/chs/caplets/topo/actions/place/PlaceAllActionTest/reference/
TestExecutionOrder=15,Test=PlaceAllActionTest,TestCaseName=dts0100906901_NetAndShieldConnectedToPinOnSharedDevice
Using /ies/iesd_data12_nb/qualitygates/iesd-21.1/2021.1_ADP1_DEV_installer_porting/code/iesd/ctopology_src/tests/testdata/chs/caplets/topo/actions/place/PlaceAllActionTest/dts0100906901_NetAndShieldConnectedToPinOnSharedDevice.xml
Using /ies/iesd_data12_nb/qualitygates/iesd-21.1/2021.1_ADP1_DEV_installer_porting/code/iesd/ctopology_src/tests/testdata/chs/caplets/topo/actions/place/PlaceAllActionTest/reference/dts0100906901_NetAndShieldConnectedToPinOnSharedDevice.xml
Using /ies/iesd_data12_nb/qualitygates/iesd-21.1/2021.1_ADP1_DEV_installer_porting/code/iesd/ctopology_src/tests/testdata/chs/caplets/topo/actions/place/PlaceAllActionTest/reference/dts0100906901_NetAndShieldConnectedToPinOnSharedDevice.xml
Using /ies/iesd_data12_nb/qualitygates/iesd-21.1/2021.1_ADP1_DEV_installer_porting/code/iesd/ctopology_src/tests/testdata/chs/caplets/topo/actions/place/PlaceAllActionTest/reference/dts0100906901_NetAndShieldConnectedToPinOnSharedDevice.xml
Using /ies/iesd_data12_nb/qualitygates/iesd-21.1/2021.1_ADP1_DEV_installer_porting/code/iesd/ctopology_src/tests/testdata/chs/caplets/topo/actions/place/PlaceAllActionTest/reference/dts0100906901_NetAndShieldConnectedToPinOnSharedDevice.xml
TestExecutionOrder=16,Test=PlaceAllActionTest,TestCaseName=dts0100921780_PinMatching
Using /ies/iesd_data12_nb/qualitygates/iesd-21.1/2021.1_ADP1_DEV_installer_porting/code/iesd/ctopology_src/tests/testdata/chs/caplets/topo/actions/place/PlaceAllActionTest/dts0100921780_PinMatching.xml
Using /ies/iesd_data12_nb/qualitygates/iesd-21.1/2021.1_ADP1_DEV_installer_porting/code/iesd/ctopology_src/tests/testdata/chs/caplets/topo/actions/place/PlaceAllActionTest/dts0100921780_PinMatching.parts
Using /ies/iesd_data12_nb/qualitygates/iesd-21.1/2021.1_ADP1_DEV_installer_porting/code/iesd/ctopology_src/tests/testdata/chs/caplets/topo/actions/place/PlaceAllActionTest/reference/dts0100921780_PinMatching.xml
Using /ies/iesd_data12_nb/qualitygates/iesd-21.1/2021.1_ADP1_DEV_installer_porting/code/iesd/ctopology_src/tests/testdata/chs/caplets/topo/actions/place/PlaceAllActionTest/reference/dts0100921780_PinMatching.xml
Using /ies/iesd_data12_nb/qualitygates/iesd-21.1/2021.1_ADP1_DEV_installer_porting/code/iesd/ctopology_src/tests/testdata/chs/caplets/topo/actions/place/PlaceAllActionTest/reference/dts0100921780_PinMatching.xml
Using /ies/iesd_data12_nb/qualitygates/iesd-21.1/2021.1_ADP1_DEV_installer_porting/code/iesd/ctopology_src/tests/testdata/chs/caplets/topo/actions/place/PlaceAllActionTest/reference/dts0100921780_PinMatching.xml
TestExecutionOrder=17,Test=PlaceAllActionTest,TestCaseName=dts0100938119_PlacementToVCWithPart
Using /ies/iesd_data12_nb/qualitygates/iesd-21.1/2021.1_ADP1_DEV_installer_porting/code/iesd/ctopology_src/tests/testdata/chs/caplets/topo/actions/place/PlaceAllActionTest/dts0100938119_PlacementToVCWithPart.xml
Using /ies/iesd_data12_nb/qualitygates/iesd-21.1/2021.1_ADP1_DEV_installer_porting/code/iesd/ctopology_src/tests/testdata/chs/caplets/topo/actions/place/PlaceAllActionTest/dts0100938119_PlacementToVCWithPart.parts
Using /ies/iesd_data12_nb/qualitygates/iesd-21.1/2021.1_ADP1_DEV_installer_porting/code/iesd/ctopology_src/tests/testdata/chs/caplets/topo/actions/place/PlaceAllActionTest/reference/dts0100938119_PlacementToVCWithPart.xml
Using /ies/iesd_data12_nb/qualitygates/iesd-21.1/2021.1_ADP1_DEV_installer_porting/code/iesd/ctopology_src/tests/testdata/chs/caplets/topo/actions/place/PlaceAllActionTest/reference/dts0100938119_PlacementToVCWithPart.xml
Using /ies/iesd_data12_nb/qualitygates/iesd-21.1/2021.1_ADP1_DEV_installer_porting/code/iesd/ctopology_src/tests/testdata/chs/caplets/topo/actions/place/PlaceAllActionTest/reference/dts0100938119_PlacementToVCWithPart.xml
Using /ies/iesd_data12_nb/qualitygates/iesd-21.1/2021.1_ADP1_DEV_installer_porting/code/iesd/ctopology_src/tests/testdata/chs/caplets/topo/actions/place/PlaceAllActionTest/reference/dts0100938119_PlacementToVCWithPart.xml
TestExecutionOrder=18,Test=PlaceAllActionTest,TestCaseName=dts0100956201_PlacementRouter
Using /ies/iesd_data12_nb/qualitygates/iesd-21.1/2021.1_ADP1_DEV_installer_porting/code/iesd/ctopology_src/tests/testdata/chs/caplets/topo/actions/place/PlaceAllActionTest/dts0100956201_PlacementRouter.xml
Using /ies/iesd_data12_nb/qualitygates/iesd-21.1/2021.1_ADP1_DEV_installer_porting/code/iesd/ctopology_src/tests/testdata/chs/caplets/topo/actions/place/PlaceAllActionTest/reference/dts0100956201_PlacementRouter.xml
Using /ies/iesd_data12_nb/qualitygates/iesd-21.1/2021.1_ADP1_DEV_installer_porting/code/iesd/ctopology_src/tests/testdata/chs/caplets/topo/actions/place/PlaceAllActionTest/reference/dts0100956201_PlacementRouter.xml
Using /ies/iesd_data12_nb/qualitygates/iesd-21.1/2021.1_ADP1_DEV_installer_porting/code/iesd/ctopology_src/tests/testdata/chs/caplets/topo/actions/place/PlaceAllActionTest/reference/dts0100956201_PlacementRouter.xml
Using /ies/iesd_data12_nb/qualitygates/iesd-21.1/2021.1_ADP1_DEV_installer_porting/code/iesd/ctopology_src/tests/testdata/chs/caplets/topo/actions/place/PlaceAllActionTest/reference/dts0100956201_PlacementRouter.xml
TestExecutionOrder=19,Test=PlaceAllActionTest,TestCaseName=dts0101005421_CustomConstraint
Using /ies/iesd_data12_nb/qualitygates/iesd-21.1/2021.1_ADP1_DEV_installer_porting/code/iesd/ctopology_src/tests/testdata/chs/caplets/topo/actions/place/PlaceAllActionTest/dts0101005421_CustomConstraint.xml
Using /ies/iesd_data12_nb/qualitygates/iesd-21.1/2021.1_ADP1_DEV_installer_porting/code/iesd/ctopology_src/tests/testdata/chs/caplets/topo/actions/place/PlaceAllActionTest/reference/dts0101005421_CustomConstraint.msgs
Using /ies/iesd_data12_nb/qualitygates/iesd-21.1/2021.1_ADP1_DEV_installer_porting/code/iesd/ctopology_src/tests/testdata/chs/caplets/topo/actions/place/PlaceAllActionTest/reference/dts0101005421_CustomConstraint.xml
Using /ies/iesd_data12_nb/qualitygates/iesd-21.1/2021.1_ADP1_DEV_installer_porting/code/iesd/ctopology_src/tests/testdata/chs/caplets/topo/actions/place/PlaceAllActionTest/reference/dts0101005421_CustomConstraint.xml
Using /ies/iesd_data12_nb/qualitygates/iesd-21.1/2021.1_ADP1_DEV_installer_porting/code/iesd/ctopology_src/tests/testdata/chs/caplets/topo/actions/place/PlaceAllActionTest/reference/dts0101005421_CustomConstraint.xml
Using /ies/iesd_data12_nb/qualitygates/iesd-21.1/2021.1_ADP1_DEV_installer_porting/code/iesd/ctopology_src/tests/testdata/chs/caplets/topo/actions/place/PlaceAllActionTest/reference/dts0101005421_CustomConstraint.xml
TestExecutionOrder=20,Test=PlaceAllActionTest,TestCaseName=dts0101006363_RegexpSuppressed
Using /ies/iesd_data12_nb/qualitygates/iesd-21.1/2021.1_ADP1_DEV_installer_porting/code/iesd/ctopology_src/tests/testdata/chs/caplets/topo/actions/place/PlaceAllActionTest/dts0101006363_RegexpSuppressed.xml
Using /ies/iesd_data12_nb/qualitygates/iesd-21.1/2021.1_ADP1_DEV_installer_porting/code/iesd/ctopology_src/tests/testdata/chs/caplets/topo/actions/place/PlaceAllActionTest/reference/dts0101006363_RegexpSuppressed.xml
Using /ies/iesd_data12_nb/qualitygates/iesd-21.1/2021.1_ADP1_DEV_installer_porting/code/iesd/ctopology_src/tests/testdata/chs/caplets/topo/actions/place/PlaceAllActionTest/reference/dts0101006363_RegexpSuppressed.xml
Using /ies/iesd_data12_nb/qualitygates/iesd-21.1/2021.1_ADP1_DEV_installer_porting/code/iesd/ctopology_src/tests/testdata/chs/caplets/topo/actions/place/PlaceAllActionTest/reference/dts0101006363_RegexpSuppressed.xml
Using /ies/iesd_data12_nb/qualitygates/iesd-21.1/2021.1_ADP1_DEV_installer_porting/code/iesd/ctopology_src/tests/testdata/chs/caplets/topo/actions/place/PlaceAllActionTest/reference/dts0101006363_RegexpSuppressed.xml
TestExecutionOrder=21,Test=PlaceAllActionTest,TestCaseName=dts0101089884_spuriousPartRemoval
Using /ies/iesd_data12_nb/qualitygates/iesd-21.1/2021.1_ADP1_DEV_installer_porting/code/iesd/ctopology_src/tests/testdata/chs/caplets/topo/actions/place/PlaceAllActionTest/dts0101089884_spuriousPartRemoval.xml
Using /ies/iesd_data12_nb/qualitygates/iesd-21.1/2021.1_ADP1_DEV_installer_porting/code/iesd/ctopology_src/tests/testdata/chs/caplets/topo/actions/place/PlaceAllActionTest/dts0101089884_spuriousPartRemoval.parts
Using /ies/iesd_data12_nb/qualitygates/iesd-21.1/2021.1_ADP1_DEV_installer_porting/code/iesd/ctopology_src/tests/testdata/chs/caplets/topo/actions/place/PlaceAllActionTest/reference/dts0101089884_spuriousPartRemoval.xml
Using /ies/iesd_data12_nb/qualitygates/iesd-21.1/2021.1_ADP1_DEV_installer_porting/code/iesd/ctopology_src/tests/testdata/chs/caplets/topo/actions/place/PlaceAllActionTest/reference/dts0101089884_spuriousPartRemoval.xml
Using /ies/iesd_data12_nb/qualitygates/iesd-21.1/2021.1_ADP1_DEV_installer_porting/code/iesd/ctopology_src/tests/testdata/chs/caplets/topo/actions/place/PlaceAllActionTest/reference/dts0101089884_spuriousPartRemoval.xml
Using /ies/iesd_data12_nb/qualitygates/iesd-21.1/2021.1_ADP1_DEV_installer_porting/code/iesd/ctopology_src/tests/testdata/chs/caplets/topo/actions/place/PlaceAllActionTest/reference/dts0101089884_spuriousPartRemoval.xml
TestExecutionOrder=22,Test=PlaceAllActionTest,TestCaseName=dts0101201563_PlacementWithNonFinalisedVehicleModel
Using /ies/iesd_data12_nb/qualitygates/iesd-21.1/2021.1_ADP1_DEV_installer_porting/code/iesd/ctopology_src/tests/testdata/chs/caplets/topo/actions/place/PlaceAllActionTest/dts0101201563_PlacementWithNonFinalisedVehicleModel.xml
Using /ies/iesd_data12_nb/qualitygates/iesd-21.1/2021.1_ADP1_DEV_installer_porting/code/iesd/ctopology_src/tests/testdata/chs/caplets/topo/actions/place/PlaceAllActionTest/reference/dts0101201563_PlacementWithNonFinalisedVehicleModel.xml
Using /ies/iesd_data12_nb/qualitygates/iesd-21.1/2021.1_ADP1_DEV_installer_porting/code/iesd/ctopology_src/tests/testdata/chs/caplets/topo/actions/place/PlaceAllActionTest/reference/dts0101201563_PlacementWithNonFinalisedVehicleModel.xml
Using /ies/iesd_data12_nb/qualitygates/iesd-21.1/2021.1_ADP1_DEV_installer_porting/code/iesd/ctopology_src/tests/testdata/chs/caplets/topo/actions/place/PlaceAllActionTest/reference/dts0101201563_PlacementWithNonFinalisedVehicleModel.xml
Using /ies/iesd_data12_nb/qualitygates/iesd-21.1/2021.1_ADP1_DEV_installer_porting/code/iesd/ctopology_src/tests/testdata/chs/caplets/topo/actions/place/PlaceAllActionTest/reference/dts0101201563_PlacementWithNonFinalisedVehicleModel.xml
TestExecutionOrder=23,Test=PlaceAllActionTest,TestCaseName=dts0101334729_HC_FootprintConstraint
Using /ies/iesd_data12_nb/qualitygates/iesd-21.1/2021.1_ADP1_DEV_installer_porting/code/iesd/ctopology_src/tests/testdata/chs/caplets/topo/actions/place/PlaceAllActionTest/dts0101334729_HC_FootprintConstraint.xml
Using /ies/iesd_data12_nb/qualitygates/iesd-21.1/2021.1_ADP1_DEV_installer_porting/code/iesd/ctopology_src/tests/testdata/chs/caplets/topo/actions/place/PlaceAllActionTest/dts0101334729_HC_FootprintConstraint.parts
Using /ies/iesd_data12_nb/qualitygates/iesd-21.1/2021.1_ADP1_DEV_installer_porting/code/iesd/ctopology_src/tests/testdata/chs/caplets/topo/actions/place/PlaceAllActionTest/reference/dts0101334729_HC_FootprintConstraint.xml
Using /ies/iesd_data12_nb/qualitygates/iesd-21.1/2021.1_ADP1_DEV_installer_porting/code/iesd/ctopology_src/tests/testdata/chs/caplets/topo/actions/place/PlaceAllActionTest/reference/dts0101334729_HC_FootprintConstraint.xml
Using /ies/iesd_data12_nb/qualitygates/iesd-21.1/2021.1_ADP1_DEV_installer_porting/code/iesd/ctopology_src/tests/testdata/chs/caplets/topo/actions/place/PlaceAllActionTest/reference/dts0101334729_HC_FootprintConstraint.xml
Using /ies/iesd_data12_nb/qualitygates/iesd-21.1/2021.1_ADP1_DEV_installer_porting/code/iesd/ctopology_src/tests/testdata/chs/caplets/topo/actions/place/PlaceAllActionTest/reference/dts0101334729_HC_FootprintConstraint.xml
TestExecutionOrder=24,Test=PlaceAllActionTest,TestCaseName=dts0101334729_RingTerminal
Using /ies/iesd_data12_nb/qualitygates/iesd-21.1/2021.1_ADP1_DEV_installer_porting/code/iesd/ctopology_src/tests/testdata/chs/caplets/topo/actions/place/PlaceAllActionTest/dts0101334729_RingTerminal.xml
Using /ies/iesd_data12_nb/qualitygates/iesd-21.1/2021.1_ADP1_DEV_installer_porting/code/iesd/ctopology_src/tests/testdata/chs/caplets/topo/actions/place/PlaceAllActionTest/dts0101334729_RingTerminal.parts
Using /ies/iesd_data12_nb/qualitygates/iesd-21.1/2021.1_ADP1_DEV_installer_porting/code/iesd/ctopology_src/tests/testdata/chs/caplets/topo/actions/place/PlaceAllActionTest/reference/dts0101334729_RingTerminal.xml
Using /ies/iesd_data12_nb/qualitygates/iesd-21.1/2021.1_ADP1_DEV_installer_porting/code/iesd/ctopology_src/tests/testdata/chs/caplets/topo/actions/place/PlaceAllActionTest/reference/dts0101334729_RingTerminal.xml
Using /ies/iesd_data12_nb/qualitygates/iesd-21.1/2021.1_ADP1_DEV_installer_porting/code/iesd/ctopology_src/tests/testdata/chs/caplets/topo/actions/place/PlaceAllActionTest/reference/dts0101334729_RingTerminal.xml
Using /ies/iesd_data12_nb/qualitygates/iesd-21.1/2021.1_ADP1_DEV_installer_porting/code/iesd/ctopology_src/tests/testdata/chs/caplets/topo/actions/place/PlaceAllActionTest/reference/dts0101334729_RingTerminal.xml
TestExecutionOrder=25,Test=PlaceAllActionTest,TestCaseName=dts0101364902_SpuriousNormalization
Using /ies/iesd_data12_nb/qualitygates/iesd-21.1/2021.1_ADP1_DEV_installer_porting/code/iesd/ctopology_src/tests/testdata/chs/caplets/topo/actions/place/PlaceAllActionTest/dts0101364902_SpuriousNormalization.xml
Using /ies/iesd_data12_nb/qualitygates/iesd-21.1/2021.1_ADP1_DEV_installer_porting/code/iesd/ctopology_src/tests/testdata/chs/caplets/topo/actions/place/PlaceAllActionTest/reference/dts0101364902_SpuriousNormalization.xml
Using /ies/iesd_data12_nb/qualitygates/iesd-21.1/2021.1_ADP1_DEV_installer_porting/code/iesd/ctopology_src/tests/testdata/chs/caplets/topo/actions/place/PlaceAllActionTest/reference/dts0101364902_SpuriousNormalization.xml
Using /ies/iesd_data12_nb/qualitygates/iesd-21.1/2021.1_ADP1_DEV_installer_porting/code/iesd/ctopology_src/tests/testdata/chs/caplets/topo/actions/place/PlaceAllActionTest/reference/dts0101364902_SpuriousNormalization.xml
Using /ies/iesd_data12_nb/qualitygates/iesd-21.1/2021.1_ADP1_DEV_installer_porting/code/iesd/ctopology_src/tests/testdata/chs/caplets/topo/actions/place/PlaceAllActionTest/reference/dts0101364902_SpuriousNormalization.xml
]]></system-out>
  <system-err><![CDATA[Diffs Found = 380, freebies = 0
]]></system-err>
</testsuite>
