<?xml version="1.0" encoding="UTF-8" ?>
<testsuite errors="0" failures="36" hostname="ies-iesdwx-a184" name="chs.common.reporting.TeamcenterLogicComponentBOMTest" skipped="0" tests="42" time="103.151" timestamp="2021-06-22T16:58:45">
  <properties>
    <property name="ant.file.type.Class Paths" value="file" />
    <property name="env.NUMBER_OF_PROCESSORS" value="4" />
    <property name="env.TERM" value="xterm-256color" />
    <property name="java.specification.version" value="11" />
    <property name="build_ixl_binaries" value="false" />
    <property name="env.USERPROFILE" value="C:\Users\iesdgrid" />
    <property name="sun.cpu.isalist" value="amd64" />
    <property name="env.EXECUTOR_NUMBER" value="0" />
    <property name="echo" value="BUILD_DATE=Jun 22 2021" />
    <property name="sun.arch.data.model" value="64" />
    <property name="chs.build.findco.fail" value="true" />
    <property name="env.BUILD_PRIORITY" value="5" />
    <property name="java.vendor.url" value="http://java.oracle.com/" />
    <property name="env.PROJ_HOME" value="G:/iesdwa/qualitygates/wa/2021.1_ADP1_DEV_installer_porting/code/iesd" />
    <property name="env.JENKINS_HOME" value="/var/lib/jenkins" />
    <property name="net.sourceforge.cobertura.datafile" value="G:\iesdwa\qualitygates\wa\2021.1_ADP1_DEV_installer_porting\code\iesd\datamodel_src\tests/outinstr/cobertura.ser" />
    <property name="env.OS" value="Windows_NT" />
    <property name="env.JOB_DISPLAY_URL" value="http://ies-iesd-ci-05.ies.mentorg.com:8080/job/runWindowsTestList/display/redirect" />
    <property name="sun.boot.library.path" value="c:\apps64\jdk-11.0.4\bin" />
    <property name="sun.java.command" value="org.apache.tools.ant.taskdefs.optional.junit.JUnitTestRunner chs.common.reporting.TeamcenterLogicComponentBOMTest skipNonTests=false filtertrace=true haltOnError=false haltOnFailure=false formatter=org.apache.tools.ant.taskdefs.optional.junit.SummaryJUnitResultFormatter showoutput=false outputtoformatters=true logfailedtests=true threadid=0 logtestlistenerevents=false formatter=org.apache.tools.ant.taskdefs.optional.junit.XMLJUnitResultFormatter,G:\iesdwa\qualitygates\wa\2021.1_ADP1_DEV_installer_porting\code\iesd\chs_home\bld\testresults\datamodel\TEST-chs.common.reporting.TeamcenterLogicComponentBOMTest.xml crashfile=G:\iesdwa\qualitygates\wa\2021.1_ADP1_DEV_installer_porting\code\iesd\datamodel_src\tests\junitvmwatcher11652827126563539374.properties propsfile=G:\iesdwa\qualitygates\wa\2021.1_ADP1_DEV_installer_porting\code\iesd\datamodel_src\tests\junit2070954909827535206.properties" />
    <property name="env.SYSTEMROOT" value="C:\Windows" />
    <property name="jdk.debug" value="release" />
    <property name="manifest.jetty" value="jetty-schemas.jar;jetty-security.jar;jetty-server.jar;jetty-servlet.jar;jetty-servlets.jar;jetty-util.jar;jetty-webapp.jar;jetty-xml.jar;apache-jsp.jar;taglibs-standard-impl.jar;taglibs-standard-spec.jar;apache-jsp-8.jar;apache-el-8.jar;javax.annotation-api.jar;asm.jar;asm-commons.jar;asm-tree.jar;ecj.jar;servlet-api-3.1.jar;jetty-annotations.jar;jetty-client.jar;jetty-continuation.jar;jetty-http.jar;jetty-io.jar;jetty-jmx.jar;jetty-jndi.jar;jetty-plus.jar;jetty-proxy.jar" />
    <property name="TARGET_OS" value="Win64" />
    <property name="java.specification.vendor" value="Oracle Corporation" />
    <property name="env.STREAM_NAME" value="2021.1_ADP1_DEV_installer_porting" />
    <property name="java.version.date" value="2019-07-16" />
    <property name="java.home" value="c:\apps64\jdk-11.0.4" />
    <property name="ant.file.type.chsbuildtasks" value="file" />
    <property name="basedir" value="G:\iesdwa\qualitygates\wa\2021.1_ADP1_DEV_installer_porting\code\iesd\datamodel_src\tests" />
    <property name="java.vm.specification.vendor" value="Oracle Corporation" />
    <property name="java.specification.name" value="Java Platform API Specification" />
    <property name="ant.file.AntContrib" value="G:\iesdwa\qualitygates\wa\2021.1_ADP1_DEV_installer_porting\code\iesd\infrastructure_src\src\scripts\AntScripts\AntContrib.xml" />
    <property name="junit.tests.maxmemory" value="2G" />
    <property name="env._JAVACMD" value="c:/apps64/jdk-11.0.4\bin\java.exe" />
    <property name="env.JENKINS_SERVER_COOKIE" value="8c4401faaf4fcb70" />
    <property name="env.LOCALAPPDATA" value="C:\Users\iesdgrid\AppData\Local" />
    <property name="env.USERDOMAIN_ROAMINGPROFILE" value="MGC" />
    <property name="ant.file.chsbuildtasks" value="G:\iesdwa\qualitygates\wa\2021.1_ADP1_DEV_installer_porting\code\iesd\infrastructure_src\src\scripts\chsbuildtasks.xml" />
    <property name="user.script" value="" />
    <property name="coverage.tool" value="jacoco" />
    <property name="sun.management.compiler" value="HotSpot 64-Bit Tiered Compilers" />
    <property name="ant.file.Class Paths" value="G:\iesdwa\qualitygates\wa\2021.1_ADP1_DEV_installer_porting\code\iesd\infrastructure_src\src\scripts\AntScripts\ClassPaths.xml" />
    <property name="env.MGC_O365_Exclusion" value="True" />
    <property name="java.runtime.version" value="11.0.4+11" />
    <property name="env.PATH" value="c:/apps64/jdk-11.0.4/bin;C:/repos/iesd/chs_home/bld/bin;C:/repos/iesd/chs_home/bin;c:/apps64/jdk-11.0.4/bin;G:/iesdwa/qualitygates/wa/2021.1_ADP1_DEV_installer_porting/code/iesd/chs_home/bld/bin;G:/iesdwa/qualitygates/wa/2021.1_ADP1_DEV_installer_porting/code/iesd/chs_home/bin;c:/apps64/jdk-11.0.4/bin;G:/iesdwa/qualitygates/wa/2021.1_ADP1_DEV_installer_porting/code/iesd/chs_home/bld/bin;G:/iesdwa/qualitygates/wa/2021.1_ADP1_DEV_installer_porting/code/iesd/chs_home/bin;c:/apps64/jdk-11.0.4/bin;G:/iesdwa/qualitygates/wa/2021.1_ADP1_DEV_installer_porting/code/iesd/chs_home/bld/bin;G:/iesdwa/qualitygates/wa/2021.1_ADP1_DEV_installer_porting/code/iesd/chs_home/bin;C:\Windows\system32;C:\Windows;C:\Windows\System32\Wbem;C:\Windows\System32\WindowsPowerShell\v1.0;C:\Windows\System32\OpenSSH;C:\Strawberry\c\bin;C:\Strawberry\perl\site\bin;C:\Strawberry\perl\bin;C:\cygwin\bin;C:\Strawberry\perl\bin;C:\tools\cygwin\bin;C:\Program Files\7-Zip;C:\Program Files\Puppet Labs\Puppet\bin;C:\Users\iesdgrid\AppData\Local\Microsoft\WindowsApps;C:\cygwin\bin;C:\cygwin64\bin;C:\strawberry\perl\bin" />
    <property name="jacoco.unittest.merged.data" value="C:/repos/iesd/chs_home/bld/jacoco/coverage//merged-coveragedata-jacoco.exec" />
    <property name="junit.fork" value="true" />
    <property name="env.ProgramW6432" value="C:\Program Files" />
    <property name="env.DriverData" value="C:\Windows\System32\Drivers\DriverData" />
    <property name="buildTestsDir" value="build-tests" />
    <property name="env.=G:" value="G:\iesdwa\qualitygates\wa\2021.1_ADP1_DEV_installer_porting\code\iesd" />
    <property name="env.PUBLIC" value="C:\Users\Public" />
    <property name="file.encoding" value="UTF-8" />
    <property name="chsbuildtools_taskdef" value="G:/iesdwa/qualitygates/wa//2021.1_ADP1_DEV_installer_porting/code/iesd/infrastructure_src/src/scripts/chsbuildtasks.xml" />
    <property name="jacoco.coverage.rootdir" value="C:/repos/iesd/chs_home/bld/jacoco/coverage/" />
    <property name="ant.file.type.jacoco-coverage" value="file" />
    <property name="java.vendor.version" value="18.9" />
    <property name="env.COMPUTERNAME" value="IES-IESDWX-A184" />
    <property name="env._" value="/cygdrive/c/Strawberry/perl/bin/perl" />
    <property name="env.HOMEPATH" value="\Users\iesdgrid" />
    <property name="env.SHLVL" value="1" />
    <property name="build.suite" value="chs" />
    <property name="env.APPDATA" value="C:\Users\iesdgrid\AppData\Roaming" />
    <property name="env.ProgramData" value="C:\ProgramData" />
    <property name="env.BUILD_CAUSE" value="MANUALTRIGGER" />
    <property name="java.io.tmpdir" value="C:\Users\iesdgrid\AppData\Local\Temp\" />
    <property name="env.IESD_SCRIPTS" value="//ies-net-cls1-data.ies.mentorg.com/iesd/iesd_data11/iesdgridhome/scripts/prod" />
    <property name="chs.datachecktests.performanceframework.maxmemory" value="4g" />
    <property name="java.version" value="11.0.4" />
    <property name="env.WORKSPACE" value="c:\slave\workspace\runWindowsTestList" />
    <property name="java.vm.specification.name" value="Java Virtual Machine Specification" />
    <property name="ant.file.type.COF Tests" value="file" />
    <property name="java.awt.printerjob" value="sun.awt.windows.WPrinterJob" />
    <property name="junit.pardatacheck.timeout.ms" value="600000" />
    <property name="env.BUILD_ID" value="5990442" />
    <property name="env.JOB_NAME" value="runWindowsTestList" />
    <property name="test.jvm.args.linux" value="" />
    <property name="build_aol_binaries" value="false" />
    <property name="COMPILE_C++" value="false" />
    <property name="java.library.path" value="c:\apps64\jdk-11.0.4\bin;C:\Windows\Sun\Java\bin;C:\Windows\system32;C:\Windows;c:/apps64/jdk-11.0.4/bin;C:/repos/iesd/chs_home/bld/bin;C:/repos/iesd/chs_home/bin;c:/apps64/jdk-11.0.4/bin;G:/iesdwa/qualitygates/wa/2021.1_ADP1_DEV_installer_porting/code/iesd/chs_home/bld/bin;G:/iesdwa/qualitygates/wa/2021.1_ADP1_DEV_installer_porting/code/iesd/chs_home/bin;c:/apps64/jdk-11.0.4/bin;G:/iesdwa/qualitygates/wa/2021.1_ADP1_DEV_installer_porting/code/iesd/chs_home/bld/bin;G:/iesdwa/qualitygates/wa/2021.1_ADP1_DEV_installer_porting/code/iesd/chs_home/bin;c:/apps64/jdk-11.0.4/bin;G:/iesdwa/qualitygates/wa/2021.1_ADP1_DEV_installer_porting/code/iesd/chs_home/bld/bin;G:/iesdwa/qualitygates/wa/2021.1_ADP1_DEV_installer_porting/code/iesd/chs_home/bin;C:\Windows\system32;C:\Windows;C:\Windows\System32\Wbem;C:\Windows\System32\WindowsPowerShell\v1.0;C:\Windows\System32\OpenSSH;C:\Strawberry\c\bin;C:\Strawberry\perl\site\bin;C:\Strawberry\perl\bin;C:\cygwin\bin;C:\Strawberry\perl\bin;C:\tools\cygwin\bin;C:\Program Files\7-Zip;C:\Program Files\Puppet Labs\Puppet\bin;C:\Users\iesdgrid\AppData\Local\Microsoft\WindowsApps;C:\cygwin\bin;C:\cygwin64\bin;C:\strawberry\perl\bin;." />
    <property name="java.vendor" value="Oracle Corporation" />
    <property name="env.HUDSON_HOME" value="/var/lib/jenkins" />
    <property name="sun.io.unicode.encoding" value="UnicodeLittle" />
    <property name="coverage.basedir" value="G:\iesdwa\qualitygates\wa\2021.1_ADP1_DEV_installer_porting\code\iesd\infrastructure_src\src\scripts\AntScripts" />
    <property name="jacoco-agent.destfile" value="G:\iesdwa\qualitygates\wa\2021.1_ADP1_DEV_installer_porting\code\iesd\datamodel_src\tests/outinstr/windows.job.3.jacoco.exec" />
    <property name="sun.desktop" value="windows" />
    <property name="ant.file.type" value="file" />
    <property name="chs.projecthome" value="G:/iesdwa/qualitygates/wa//2021.1_ADP1_DEV_installer_porting/code/iesd" />
    <property name="cobertura.output.dir" value="C:/repos/iesd/chs_home/bld/cobertura/junit/datamodel" />
    <property name="coverage.report.format" value="html" />
    <property name="chs.home" value="C:/repos/iesd/chs_home" />
    <property name="jacoco.unittest.report.dir" value="C:/repos/iesd/chs_home/bld/jacoco/coverage//junit-coverage" />
    <property name="env.CHS_AUTO_HOME" value="G:/iesdwa/qualitygates/wa/2021.1_ADP1_DEV_installer_porting/code/iesd/auto_src" />
    <property name="build_vco" value="ixw" />
    <property name="generated" value="build/autoGen" />
    <property name="user.timezone" value="" />
    <property name="build.hfversion" value="" />
    <property name="asdir" value="C:/repos/iesd/chs_home" />
    <property name="java.vm.specification.version" value="11" />
    <property name="junit.datacheck.performanceframework.timeout.ms" value="5400000" />
    <property name="os.name" value="Windows 10" />
    <property name="env.RUN_DISPLAY_URL" value="http://ies-iesd-ci-05.ies.mentorg.com:8080/job/runWindowsTestList/5990442/display/redirect" />
    <property name="env.ROOT_BUILD_CAUSE_MANUALTRIGGER" value="true" />
    <property name="JAVA_DB_TESTS" value="false" />
    <property name="ant.file.GradleSupport" value="G:\iesdwa\qualitygates\wa\2021.1_ADP1_DEV_installer_porting\code\iesd\infrastructure_src\src\scripts\AntScripts\GradleSupport.xml" />
    <property name="bldlibdir" value="C:/repos/iesd/chs_home/bld/lib" />
    <property name="test.results.base" value="G:/iesdwa/qualitygates/wa/2021.1_ADP1_DEV_installer_porting/code/iesd/chs_home/bld/testresults" />
    <property name="chsbuild.bigstack" value="-Xss1024k" />
    <property name="user.home" value="C:\Users\iesdgrid" />
    <property name="CHS_BUILD_DATE" value="22-Jun-2021 17:34:49 +0100" />
    <property name="singletest.options" value="" />
    <property name="test.reports.base" value="C:/repos/iesd/chs_home/bld/testreports" />
    <property name="coverage.classpattern.file" value="patterns.txt" />
    <property name="env.ALLUSERSPROFILE" value="C:\ProgramData" />
    <property name="framework-build" value="build/classes/java/main" />
    <property name="env.SESSIONNAME" value="Console" />
    <property name="java.awt.graphicsenv" value="sun.awt.Win32GraphicsEnvironment" />
    <property name="env.HUDSON_COOKIE" value="c201924e-1c95-41b8-8977-2e2be878e760" />
    <property name="electrical.build.version.major" value="2022" />
    <property name="env.ANT_HOME" value="C:/repos/iesd/chs_home/bld" />
    <property name="env.JENKINS_URL" value="http://ies-iesd-ci-05.ies.mentorg.com:8080/" />
    <property name="teamwork_weabpp_npm.executable" value="C:/repos/iesd/chs_home/bld/teamwork_webapp_deps/nodejs-v10.16.0/windows/npm.cmd" />
    <property name="extensionsdir" value="C:/repos/iesd/chs_home/bld/testdata/extensions/DRCMgrTest" />
    <property name="env.=\:" value="\\ies-net-cls1-data.ies.mentorg.com\iesd\iesd_data11\iesdgridhome\scripts\prod\BuildScripts\bin" />
    <property name="build.version.ident" value="official" />
    <property name="coverage.merged.datadir" value="C:/repos/iesd/chs_home/bld/coverage" />
    <property name="ant.file" value="G:\iesdwa\qualitygates\wa\2021.1_ADP1_DEV_installer_porting\code\iesd\datamodel_src\tests\build.xml" />
    <property name="path.separator" value=";" />
    <property name="chs.build.heapdumpdir" value="C:/repos/iesd/chs_home/temp/" />
    <property name="os.version" value="10.0" />
    <property name="jacoco.dir" value="G:\iesdwa\qualitygates\wa\2021.1_ADP1_DEV_installer_porting\code\iesd\infrastructure_src\src\scripts/../third_party/jacoco" />
    <property name="ant.file.chstargets" value="G:\iesdwa\qualitygates\wa\2021.1_ADP1_DEV_installer_porting\code\iesd\infrastructure_src\src\scripts\chstargets.xml" />
    <property name="ENCRYPT_JARS" value="true" />
    <property name="env.PATHEXT" value=".COM;.EXE;.BAT;.CMD;.VBS;.VBE;.JS;.JSE;.WSF;.WSH;.MSC" />
    <property name="build.version.minor" value="1" />
    <property name="cobertura.metadata.file" value="datamodel_metadata.ser" />
    <property name="env._USE_CLASSPATH" value="no" />
    <property name="env.NODE_NAME" value="ies-iesdwx-a184.mgc.mentorg.com" />
    <property name="java.vm.name" value="OpenJDK 64-Bit Server VM" />
    <property name="env.GRADLE_USER_HOME" value="/tmp" />
    <property name="chs.datachecktests.maxmemory" value="512m" />
    <property name="TARGET_ECAD" value="CHS" />
    <property name="ant.file.ProjectSourcePaths" value="G:\iesdwa\qualitygates\wa\2021.1_ADP1_DEV_installer_porting\code\iesd\infrastructure_src\src\scripts\AntScripts\commondefs.xml" />
    <property name="chshome.aol" value="G:/iesdwa/qualitygates/wa//2021.1_ADP1_DEV_installer_porting/code/iesd/chs_home.aol" />
    <property name="env.USERNAME" value="iesdgrid" />
    <property name="os.arch" value="amd64" />
    <property name="JAVA_CREATE_DB" value="false" />
    <property name="debug.AnalysisBridge.updateEnvironment" value="true" />
    <property name="build.version.major" value="2021" />
    <property name="nodejs.executable" value="C:/repos/iesd/chs_home/bld/nodejs/windows/node.exe" />
    <property name="HOSTNAME" value="ies-iesdbld18-ct72" />
    <property name="java.vm.info" value="mixed mode" />
    <property name="singletest.perfreport" value="" />
    <property name="chs.build.skiptestexports" value="true" />
    <property name="env.TEMP" value="C:\Users\iesdgrid\AppData\Local\Temp" />
    <property name="java.class.version" value="55.0" />
    <property name="env.CHS_HOME" value="C:/repos/iesd/chs_home" />
    <property name="ant.project.default-target" value="runtests" />
    <property name="awt.toolkit" value="sun.awt.windows.WToolkit" />
    <property name="ant.library.dir" value="C:\repos\iesd\chs_home\bld\lib" />
    <property name="ant.project.name" value="COF Tests" />
    <property name="env.BUILD_TAG" value="jenkins-runWindowsTestList-5990442" />
    <property name="sun.jnu.encoding" value="Cp1252" />
    <property name="env.LM_LICENSE_FILE" value="1700@mglicsvr.india.mentorg.com;1700@mglicsvr2.india.mentorg.com;1700@mglicsvr3.india.mentorg.com" />
    <property name="env.HUDSON_URL" value="http://ies-iesd-ci-05.ies.mentorg.com:8080/" />
    <property name="ant.file.type.Coverage" value="file" />
    <property name="env.CommonProgramW6432" value="C:\Program Files\Common Files" />
    <property name="env.UATDATA" value="C:\Windows\CCM\UATData\D9F8C395-CAB8-491d-B8AC-179A1FE1BE77" />
    <property name="env.BUILD_CAUSE_MANUALTRIGGER" value="true" />
    <property name="DSTAMP" value="20210622" />
    <property name="imported.basedir" value="G:\iesdwa\qualitygates\wa\2021.1_ADP1_DEV_installer_porting\code\iesd\infrastructure_src\src\scripts" />
    <property name="build_env" value="windows" />
    <property name="ant.file.type.TestTargets" value="file" />
    <property name="env.GHOSTSCRIPT_DIR" value="C:/QualityGate/LocalData/ghostscript" />
    <property name="cobertura.maxmemory" value="800M" />
    <property name="env.MGLS_LICENSE_FILE" value="1700@mglicsvr.india.mentorg.com;1700@mglicsvr2.india.mentorg.com;1700@mglicsvr3.india.mentorg.com" />
    <property name="coverage.dir" value="G:\iesdwa\qualitygates\wa\2021.1_ADP1_DEV_installer_porting\code\iesd\datamodel_src\tests/coverage" />
    <property name="env.ANT_CMD_LINE_ARGS" value=" -propertyfile G:/iesdwa/qualitygates/wa/2021.1_ADP1_DEV_installer_porting/code/iesd/build.windows.properties -Dchshome C:/repos/iesd/chs_home -Dchs.home C:/repos/iesd/chs_home -Dchsbuildtools_home C:/repos/iesd/chs_home/bld -Dtest.results.base G:/iesdwa/qualitygates/wa/2021.1_ADP1_DEV_installer_porting/code/iesd/chs_home/bld/testresults -Dchs.build.skiptestexports true -Dcapital.testlist.path G:/iesdwa/qualitygates/wa/2021.1_ADP1_DEV_installer_porting/code/iesd/chs_home/bld/testjobs.windows/job.3.txt runtestsonlyqg -f G:/iesdwa/qualitygates/wa/2021.1_ADP1_DEV_installer_porting/code/iesd/datamodel_src/tests/build.xml" />
    <property name="env.JAVA_HOME" value="c:/apps64/jdk-11.0.4" />
    <property name="teamwork_webapp_node.folder" value="C:/repos/iesd/chs_home/bld/teamwork_webapp_deps/nodejs-v10.16.0/windows" />
    <property name="env.PROGRAMFILES" value="C:\Program Files" />
    <property name="test.jvm.args" value="-Dvalidation.extended=false             -Dvalidation.intermediateXML=false             -ea             -Xmx1024M             -Xss1024k             -XX:+HeapDumpOnOutOfMemoryError             -XX:HeapDumpPath=C:/repos/iesd/chs_home/temp/             -javaagent:C:/repos/iesd/chs_home/bld/lib/jmockit.jar                          -Dfile.encoding=UTF-8            " />
    <property name="file.separator" value="\" />
    <property name="java.vm.compressedOopsMode" value="32-bit" />
    <property name="line.separator" value="&#xd;&#xa;" />
    <property name="env.PROMPT" value="$P$G" />
    <property name="gradlebuild" value="false" />
    <property name="teamwork_weabpp_node.executable" value="C:/repos/iesd/chs_home/bld/teamwork_webapp_deps/nodejs-v10.16.0/windows/node" />
    <property name="junit.datacheck.timeout.ms" value="1800000" />
    <property name="chsbuildtools_lib" value="C:/repos/iesd/chs_home/bld/lib" />
    <property name="junit.timeout.ms" value="1200000" />
    <property name="env.PROCESSOR_REVISION" value="3f00" />
    <property name="COF Tests.basedir" value="G:\iesdwa\qualitygates\wa\2021.1_ADP1_DEV_installer_porting\code\iesd\datamodel_src\tests" />
    <property name="capital.testlist.files" value="chs/cofUtils/ImportAndNewInsulationRenderTest.class&#xa;chs/cofUtils/ImportAndRenderAllBordersTest.class&#xa;chs/cofUtils/ImportAndRenderTest.class&#xa;chs/cofUtils/IntegratorScrubberImportTest.class&#xa;chs/cofUtils/PDFFontEncodingEnumTest.class&#xa;chs/cofUtils/PDFUtilsTest.class&#xa;chs/cofUtils/PrintRegionsToPDFTest.class&#xa;chs/cofUtils/PrintToPDFTest.class&#xa;chs/cofUtils/ProjectTemplateTest.class&#xa;chs/cofUtils/SVGUtilsTest.class&#xa;chs/cofUtils/SymbolLibImportAndRenderTest.class&#xa;chs/cofUtils/ZOrderRenderTest.class&#xa;chs/cofUtils/cgm/CGMCodeInternalsTest.class&#xa;chs/cofUtils/exporter/ConfigurationExporterTest.class&#xa;chs/cofUtils/exporter/sbom/workbooktemplate/WorkbookTemplatePersistenceTest.class&#xa;chs/cofUtils/exporter/securitydata/UserAccountBasedFilterRefreshTest.class&#xa;chs/cofUtils/hcv/HCVSVGGenerationComparisonTest.class&#xa;chs/cofUtils/importer/AbsoluteLineThicknessImportAndRenderTest.class&#xa;chs/cofUtils/importer/SecurityUserAccountTagBuilderPasswordTest.class&#xa;chs/cofUtils/importer/SharedConductorTagBuilderTest.class&#xa;chs/cofUtils/importer/SymbolLibraryImportTest.class&#xa;chs/cofUtils/importer/symbolimporthelper/SymbolImportHelperTest.class&#xa;chs/cog/COGGeneratedByteArraySupportTest.class&#xa;chs/common/DesignContainerPermissionCollectorTest.class&#xa;chs/common/GenericExportImportTest.class&#xa;chs/common/attr/AttributeTypeTest.class&#xa;chs/common/attr/HarnessDesignAttributeValidatorTest.class&#xa;chs/common/cache/TextLayoutCacheTest.class&#xa;chs/common/criteria/BasicCriteriaTest.class&#xa;chs/common/dump/ObjectDumperTest.class&#xa;chs/common/query/MulticoresQueryUtilsTest.class&#xa;chs/common/reporting/TeamcenterLogicComponentBOMTest.class&#xa;chs/common/reporting/embeddedReports/EmbeddedHarnessTubeBOMReportTest.class&#xa;chs/common/reporting/embeddedReports/TeamcenterSOAHarnessComponentBOMTest.class&#xa;chs/common/styles/ApplyHarnessStyleSet1Test.class&#xa;chs/common/styles/ApplyHarnessStyleSet2Test.class&#xa;chs/common/styles/ApplyHarnessStyleSet5Test.class&#xa;chs/common/styles/ApplyHarnessStyleSet6Test.class&#xa;chs/common/styles/ApplyHarnessStyleSet7Test.class&#xa;chs/common/styles/ApplyHarnessStyleSetCustomColTest.class&#xa;chs/common/styles/ApplyIntegratorStyleSet1Test.class&#xa;chs/common/styles/ApplyIntegratorStyleSet2Test.class&#xa;chs/common/styles/ApplyIntegratorStyleSet3Test.class&#xa;chs/common/styles/ApplyLogicStyleSet2Test.class&#xa;chs/common/styles/ApplyLogicStyleSet3Test.class&#xa;chs/common/styles/ApplyLogicStyleSet4Test.class&#xa;chs/common/styles/ApplyLogicStyleSet5Test.class&#xa;chs/common/styles/ApplyLogicStyleSet6Test.class&#xa;chs/common/styles/ApplyLogicStyleSet7Test.class&#xa;chs/common/styles/ApplyLogicStyleSet8Test.class&#xa;" />
    <property name="env.PSModulePath" value="C:\Program Files\WindowsPowerShell\Modules;C:\Windows\system32\WindowsPowerShell\v1.0\Modules" />
    <property name="toolssrc" value="toolssrc" />
    <property name="chs.build.id" value="2021.1.1.official" />
    <property name="env.PROCESSOR_IDENTIFIER" value="Intel64 Family 6 Model 63 Stepping 0, GenuineIntel" />
    <property name="validation.intermediateXML" value="false" />
    <property name="user.name" value="iesdgrid" />
    <property name="ant.file.type.ProjectSourcePaths" value="file" />
    <property name="capital.testlist.path" value="G:/iesdwa/qualitygates/wa/2021.1_ADP1_DEV_installer_porting/code/iesd/chs_home/bld/testjobs.windows/job.3.txt" />
    <property name="env.BUILD_URL" value="http://ies-iesd-ci-05.ies.mentorg.com:8080/job/runWindowsTestList/5990442/" />
    <property name="manifest.jetty.spaces" value="jetty-schemas.jar jetty-security.jar jetty-server.jar jetty-servlet.jar jetty-servlets.jar jetty-util.jar jetty-webapp.jar jetty-xml.jar apache-jsp.jar taglibs-standard-impl.jar taglibs-standard-spec.jar apache-jsp-8.jar apache-el-8.jar javax.annotation-api.jar asm.jar asm-commons.jar asm-tree.jar ecj.jar servlet-api-3.1.jar jetty-annotations.jar jetty-client.jar jetty-continuation.jar jetty-http.jar jetty-io.jar jetty-jmx.jar jetty-jndi.jar jetty-plus.jar jetty-proxy.jar" />
    <property name="env.JOB_URL" value="http://ies-iesd-ci-05.ies.mentorg.com:8080/job/runWindowsTestList/" />
    <property name="cobertura.dir" value="G:\iesdwa\qualitygates\wa\2021.1_ADP1_DEV_installer_porting\code\iesd\infrastructure_src\src\scripts/../third_party/cobertura" />
    <property name="build.version.full" value="true" />
    <property name="env.SYSTEMDRIVE" value="C:" />
    <property name="build.version.name" value="2021.1" />
    <property name="test.reports.dir" value="C:/repos/iesd/chs_home/bld/testreports" />
    <property name="mainbuild" value="build/classes/java/test" />
    <property name="ant.file.TestTargets" value="G:\iesdwa\qualitygates\wa\2021.1_ADP1_DEV_installer_porting\code\iesd\infrastructure_src\src\scripts\AntScripts\TestTargets.xml" />
    <property name="env.NODE_LABELS" value="IES-IESDWX-A184 ansible-configured debug ies-iesdwx-a184.mgc.mentorg.com iesdgrid ixw swarm unassignedlabelwin10 undefined_jenkins_label_2 undefined_jenkins_label_6 undefined_jenkins_label_9 w10e win10tests-v21" />
    <property name="env.BitDefender_Covered" value="True" />
    <property name="env.HOMEDRIVE" value="C:" />
    <property name="env.PROCESSOR_LEVEL" value="6" />
    <property name="env.TMP" value="C:\Users\iesdgrid\AppData\Local\Temp" />
    <property name="ant.home" value="C:/repos/iesd/chs_home/bld" />
    <property name="osName" value="Windows" />
    <property name="env.RUN_CHANGES_DISPLAY_URL" value="http://ies-iesd-ci-05.ies.mentorg.com:8080/job/runWindowsTestList/5990442/display/redirect?page=changes" />
    <property name="sun.os.patch.level" value="" />
    <property name="ant.version" value="Apache Ant(TM) version 1.10.4 compiled on June 19 2018" />
    <property name="ant.file.Coverage" value="G:\iesdwa\qualitygates\wa\2021.1_ADP1_DEV_installer_porting\code\iesd\infrastructure_src\src\scripts\AntScripts\Coverage.xml" />
    <property name="env.LOGONSERVER" value="\\SVR-IES-ADC-01" />
    <property name="ant.file.type.chstargets" value="file" />
    <property name="cobertura.metadata.dir" value="C:/repos/iesd/chs_home/bld/coverage/junit" />
    <property name="env.WINDIR" value="C:\Windows" />
    <property name="env.ROOT_BUILD_CAUSE" value="MANUALTRIGGER" />
    <property name="map_golden_dir" value="./testdata/chs/api/golden" />
    <property name="env.BUILD_NUMBER" value="5990442" />
    <property name="junit.printsummary" value="true" />
    <property name="env.HUDSON_SERVER_COOKIE" value="8c4401faaf4fcb70" />
    <property name="debugbuild" value="on" />
    <property name="env.PWD" value="G:/iesdwa/qualitygates/wa/2021.1_ADP1_DEV_installer_porting/code/iesd" />
    <property name="java.class.path" value="G:\iesdwa\qualitygates\wa\2021.1_ADP1_DEV_installer_porting\code\iesd\datamodel_src\tests\build\classes\java\test;G:\iesdwa\qualitygates\wa\2021.1_ADP1_DEV_installer_porting\code\iesd\datamodel_src\tests\build\classes\java\main;C:\repos\iesd\chs_home\lib\edx24\com.mentor.edx.api.jar;C:\repos\iesd\chs_home\lib\edx24\com.mentor.edx.common.jar;C:\repos\iesd\chs_home\lib\edx24\com.mentor.edx.licensing.jar;C:\repos\iesd\chs_home\lib\edx24\com.mentor.edx.verifier.core.jar;C:\repos\iesd\chs_home\lib\edx\SDDFlowID.jar;C:\repos\iesd\chs_home\lib\edx\com.mentor.edx.api.jar;C:\repos\iesd\chs_home\lib\edx\com.mentor.edx.common.jar;C:\repos\iesd\chs_home\lib\edx\com.mentor.edx.licensing.jar;C:\repos\iesd\chs_home\lib\edx\com.mentor.edx.ui.common.jar;C:\repos\iesd\chs_home\lib\edx\com.mentor.edx.verifier.core.jar;C:\repos\iesd\chs_home\lib\edx\CertificateManager.jar;C:\repos\iesd\chs_home\lib\edx\commons-cli-1.2.jar;C:\repos\iesd\chs_home\lib\edx\commons-codec-1.5.jar;C:\repos\iesd\chs_home\lib\edx\commons-compress-1.5.jar;C:\repos\iesd\chs_home\lib\edx\commons-io-2.0.1.jar;C:\repos\iesd\chs_home\lib\edx\commons-logging-1.1.1.jar;C:\repos\iesd\chs_home\lib\edx\jaxb-impl-2.2.4.jar;C:\repos\iesd\chs_home\lib\edx\resolver.jar;C:\repos\iesd\chs_home\lib\edx\SDDinfrasec.jar;C:\repos\iesd\chs_home\lib\edx\serializer.jar;C:\repos\iesd\chs_home\lib\edx\swingx-core-1.6.2.jar;C:\repos\iesd\chs_home\lib\webservices-api.jar;C:\repos\iesd\chs_home\lib\edx\xalan.jar;C:\repos\iesd\chs_home\lib\edx\xercesImpl.jar;C:\repos\iesd\chs_home\lib\edx\xml-apis.jar;C:\repos\iesd\chs_home\lib\edx\xmlsec-1.5.6.jar;C:\repos\iesd\chs_home\lib\capitalapi.jar;C:\repos\iesd\chs_home\lib\capitalapiextensions.jar;C:\repos\iesd\chs_home\bld\testlib\extexample.jar;C:\repos\iesd\chs_home\lib\extensions\capitalextensions.jar;C:\repos\iesd\chs_home\lib\extensions\enovia\extras\enoviaintegrationextras.jar;C:\repos\iesd\chs_home\lib\extensions\enovia\capitalenoviaintegrationimpl.jar;C:\repos\iesd\chs_home\lib\teamcenter\capitalteamcenterintegrationimpl.jar;C:\repos\iesd\chs_home\lib\extensions\rule_driven_vertical_flow\capitalrulesbasedlayout.jar;C:\repos\iesd\chs_home\bld\testlib\capitaltestsinterfaces.jar;C:\repos\iesd\chs_home\bld\lib\junit.jar;G:\iesdwa\qualitygates\wa\2021.1_ADP1_DEV_installer_porting\code\iesd\infrastructure_src\src\third_party\tce-soa\TcSoaAiStrong.jar;G:\iesdwa\qualitygates\wa\2021.1_ADP1_DEV_installer_porting\code\iesd\infrastructure_src\src\third_party\tce-soa\TcSoaAiTypes.jar;G:\iesdwa\qualitygates\wa\2021.1_ADP1_DEV_installer_porting\code\iesd\infrastructure_src\src\third_party\tce-soa\TcSoaBomStrong.jar;G:\iesdwa\qualitygates\wa\2021.1_ADP1_DEV_installer_porting\code\iesd\infrastructure_src\src\third_party\tce-soa\TcSoaBomTypes.jar;G:\iesdwa\qualitygates\wa\2021.1_ADP1_DEV_installer_porting\code\iesd\infrastructure_src\src\third_party\tce-soa\TcSoaCadStrong.jar;G:\iesdwa\qualitygates\wa\2021.1_ADP1_DEV_installer_porting\code\iesd\infrastructure_src\src\third_party\tce-soa\TcSoaCadTypes.jar;G:\iesdwa\qualitygates\wa\2021.1_ADP1_DEV_installer_porting\code\iesd\infrastructure_src\src\third_party\tce-soa\TcSoaClient.jar;G:\iesdwa\qualitygates\wa\2021.1_ADP1_DEV_installer_porting\code\iesd\infrastructure_src\src\third_party\tce-soa\TcSoaCommon.jar;G:\iesdwa\qualitygates\wa\2021.1_ADP1_DEV_installer_porting\code\iesd\infrastructure_src\src\third_party\tce-soa\TcSoaCoreStrong.jar;G:\iesdwa\qualitygates\wa\2021.1_ADP1_DEV_installer_porting\code\iesd\infrastructure_src\src\third_party\tce-soa\TcSoaCoreTypes.jar;G:\iesdwa\qualitygates\wa\2021.1_ADP1_DEV_installer_porting\code\iesd\infrastructure_src\src\third_party\tce-soa\TcSoaQueryStrong.jar;G:\iesdwa\qualitygates\wa\2021.1_ADP1_DEV_installer_porting\code\iesd\infrastructure_src\src\third_party\tce-soa\TcSoaQueryTypes.jar;G:\iesdwa\qualitygates\wa\2021.1_ADP1_DEV_installer_porting\code\iesd\infrastructure_src\src\third_party\tce-soa\TcSoaStrongModel.jar;G:\iesdwa\qualitygates\wa\2021.1_ADP1_DEV_installer_porting\code\iesd\infrastructure_src\src\third_party\tce-soa\TcSoaStructureManagementStrong.jar;G:\iesdwa\qualitygates\wa\2021.1_ADP1_DEV_installer_porting\code\iesd\infrastructure_src\src\third_party\tce-soa\TcSoaStructureManagementTypes.jar;G:\iesdwa\qualitygates\wa\2021.1_ADP1_DEV_installer_porting\code\iesd\infrastructure_src\src\third_party\tce-soa\bio-infrastructure.jar;G:\iesdwa\qualitygates\wa\2021.1_ADP1_DEV_installer_porting\code\iesd\infrastructure_src\src\third_party\tce-soa\bio-solutions.jar;G:\iesdwa\qualitygates\wa\2021.1_ADP1_DEV_installer_porting\code\iesd\infrastructure_src\src\third_party\tce-soa\bugfixedbrowser.jar;G:\iesdwa\qualitygates\wa\2021.1_ADP1_DEV_installer_porting\code\iesd\infrastructure_src\src\third_party\tce-soa\Cfg0SoaConfiguratorLoose.jar;C:\repos\iesd\chs_home\lib\swt.jar;G:\iesdwa\qualitygates\wa\2021.1_ADP1_DEV_installer_porting\code\iesd\infrastructure_src\src\third_party\tce\fccjavaclientproxy.jar;G:\iesdwa\qualitygates\wa\2021.1_ADP1_DEV_installer_porting\code\iesd\infrastructure_src\src\third_party\tce\fmsutil.jar;G:\iesdwa\qualitygates\wa\2021.1_ADP1_DEV_installer_porting\code\iesd\infrastructure_src\src\third_party\gson\gson.jar;G:\iesdwa\qualitygates\wa\2021.1_ADP1_DEV_installer_porting\code\iesd\infrastructure_src\src\third_party\tce-soa\httpclient.jar;G:\iesdwa\qualitygates\wa\2021.1_ADP1_DEV_installer_porting\code\iesd\infrastructure_src\src\third_party\tce-soa\httpcore.jar;G:\iesdwa\qualitygates\wa\2021.1_ADP1_DEV_installer_porting\code\iesd\infrastructure_src\src\third_party\tce-soa\Prg1SoaProgramPlanningAppStrong.jar;G:\iesdwa\qualitygates\wa\2021.1_ADP1_DEV_installer_porting\code\iesd\infrastructure_src\src\third_party\tce-soa\Cfg0SoaStrongModelConfigurator.jar;G:\iesdwa\qualitygates\wa\2021.1_ADP1_DEV_installer_porting\code\iesd\infrastructure_src\src\third_party\tce-soa\Evm1SoaViewMgmtAWStrong_12000.1.0.jar;G:\iesdwa\qualitygates\wa\2021.1_ADP1_DEV_installer_porting\code\iesd\infrastructure_src\src\third_party\tce-soa\Evm1SoaViewMgmtAWLoose_12000.1.0.jar;G:\iesdwa\qualitygates\wa\2021.1_ADP1_DEV_installer_porting\code\iesd\infrastructure_src\src\third_party\tce-soa\Evm1SoaViewMgmtAWTypes_12000.0.0.jar;G:\iesdwa\qualitygates\wa\2021.1_ADP1_DEV_installer_porting\code\iesd\infrastructure_src\src\third_party\tce-soa\Cif0SoaIntegrationFrameworkStrong_12000.0.0.jar;G:\iesdwa\qualitygates\wa\2021.1_ADP1_DEV_installer_porting\code\iesd\infrastructure_src\src\third_party\tce-soa\Cif0SoaStrongModelIntegrationFramework_12000.0.0.jar;G:\iesdwa\qualitygates\wa\2021.1_ADP1_DEV_installer_porting\code\iesd\infrastructure_src\src\third_party\tce-soa\Cif0SoaIntegrationFrameworkTypes_12000.0.0.jar;G:\iesdwa\qualitygates\wa\2021.1_ADP1_DEV_installer_porting\code\iesd\infrastructure_src\src\third_party\tce-soa\TcSoaBusinessModelerStrong.jar;C:\repos\iesd\chs_home\lib\annotations.jar;C:\repos\iesd\chs_home\lib\servicelocator.jar;C:\repos\iesd\chs_home\lib\saxon.jar;C:\repos\iesd\chs_home\lib\capitalcommonlang.jar;C:\repos\iesd\chs_home\lib\capitalcommon.jar;C:\repos\iesd\chs_home\lib\capitalannotations.jar;C:\repos\iesd\chs_home\lib\js.jar;C:\repos\iesd\chs_home\lib\capitalapiimpl.jar;C:\repos\iesd\chs_home\lib\commons-codec.jar;C:\repos\iesd\chs_home\lib\commons-math.jar;C:\repos\iesd\chs_home\lib\capitalutils.jar;C:\repos\iesd\chs_home\lib\capitalcof.jar;C:\repos\iesd\chs_home\lib\capitalpaging.jar;C:\repos\iesd\chs_home\lib\capitalcapman.jar;C:\repos\iesd\chs_home\lib\capitalcofimpl.jar;C:\repos\iesd\chs_home\lib\capitaledxImpl.jar;C:\repos\iesd\chs_home\lib\capitalcof_baseimpl.jar;C:\repos\iesd\chs_home\lib\capitalcofutils.jar;C:\repos\iesd\chs_home\lib\capitalprofiler.jar;C:\repos\iesd\chs_home\lib\capitalpof.jar;C:\repos\iesd\chs_home\lib\capitalverifydb.jar;C:\repos\iesd\chs_home\lib\log4j.jar;C:\repos\iesd\chs_home\lib\jacorb.jar;C:\repos\iesd\chs_home\lib\jacorb-omgapi.jar;C:\repos\iesd\chs_home\lib\slf4j-api.jar;C:\repos\iesd\chs_home\lib\slf4j-jdk.jar;C:\repos\iesd\chs_home\bld\lib\jmockit.jar;C:\repos\iesd\chs_home\lib\javax.persistence-api.jar;C:\repos\iesd\chs_home\bld\lib\hamcrest-core.jar;C:\repos\iesd\chs_home\bld\lib\httpunit.jar;C:\repos\iesd\chs_home\lib\capitalctf.jar;C:\repos\iesd\chs_home\lib\JSDD.jar;C:\repos\iesd\chs_home\lib\capitalquincy.jar;C:\repos\iesd\chs_home\lib\capitalhdmreports.jar;C:\repos\iesd\chs_home\lib\capitalxmleditor.jar;C:\repos\iesd\chs_home\bld\lib\xalan.jar;C:\repos\iesd\chs_home\bld\lib\uispec4j.jar;C:\repos\iesd\chs_home\lib\commons-collections.jar;C:\repos\iesd\chs_home\bld\lib\velocity-1.3.1.jar;C:\repos\iesd\chs_home\bld\lib\capitalAutoGen.jar;C:\repos\iesd\chs_home\bld\lib\memcached.jar;C:\repos\iesd\chs_home\lib\dtdparser.jar;C:\repos\iesd\chs_home\lib\itext.jar;C:\repos\iesd\chs_home\bld\lib\pdfrenderer.jar;C:\repos\iesd\chs_home\lib\capitalbaseautomation.jar;C:\repos\iesd\chs_home\bld\lib\xmlunit.jar;C:\repos\iesd\chs_home\bld\lib\xmlrpc-client.jar;C:\repos\iesd\chs_home\bld\lib\xmlrpc-common.jar;C:\repos\iesd\chs_home\bld\lib\ws-commons-util.jar;C:\repos\iesd\chs_home\lib\batik-anim.jar;C:\repos\iesd\chs_home\lib\batik-awt-util.jar;C:\repos\iesd\chs_home\lib\batik-bridge.jar;C:\repos\iesd\chs_home\lib\batik-codec.jar;C:\repos\iesd\chs_home\lib\batik-css.jar;C:\repos\iesd\chs_home\lib\batik-dom.jar;C:\repos\iesd\chs_home\lib\batik-ext.jar;C:\repos\iesd\chs_home\lib\batik-extension.jar;C:\repos\iesd\chs_home\lib\batik-gui-util.jar;C:\repos\iesd\chs_home\lib\batik-gvt.jar;C:\repos\iesd\chs_home\lib\batik-parser.jar;C:\repos\iesd\chs_home\lib\batik-script.jar;C:\repos\iesd\chs_home\lib\batik-svg-dom.jar;C:\repos\iesd\chs_home\lib\batik-svggen.jar;C:\repos\iesd\chs_home\lib\batik-swing.jar;C:\repos\iesd\chs_home\lib\batik-transcoder.jar;C:\repos\iesd\chs_home\lib\batik-util.jar;C:\repos\iesd\chs_home\lib\batik-xml.jar;C:\repos\iesd\chs_home\lib\batik-constants.jar;C:\repos\iesd\chs_home\lib\batik-i18n.jar;C:\repos\iesd\chs_home\lib\xml-apis.jar;C:\repos\iesd\chs_home\lib\xml-apis-ext.jar;C:\repos\iesd\chs_home\bld\lib\kabeja.jar;C:\repos\iesd\chs_home\bld\lib\kabeja-svg.jar;C:\repos\iesd\chs_home\bld\lib\kabeja-xslt.jar;C:\repos\iesd\chs_home\bld\ilib\groboutils.jar;C:\repos\iesd\chs_home\bld\lib\sigtestdev.jar;C:\repos\iesd\chs_home\bld\lib\commons-vfs.jar;C:\repos\iesd\chs_home\lib\capitalzipprocessor.jar;C:\repos\iesd\chs_home\lib\callhomefilter.jar;C:\repos\iesd\chs_home\lib\usergroupgenerator.jar;C:\repos\iesd\chs_home\lib\capitalvalidator.jar;C:\repos\iesd\chs_home\lib\capitalreporterserverutils.jar;C:\repos\iesd\chs_home\lib\capitalapisemantics.jar;C:\repos\iesd\chs_home\lib\jetty-schemas.jar;C:\repos\iesd\chs_home\lib\jetty-security.jar;C:\repos\iesd\chs_home\lib\jetty-server.jar;C:\repos\iesd\chs_home\lib\jetty-servlet.jar;C:\repos\iesd\chs_home\lib\jetty-servlets.jar;C:\repos\iesd\chs_home\lib\jetty-util.jar;C:\repos\iesd\chs_home\lib\jetty-webapp.jar;C:\repos\iesd\chs_home\lib\jetty-xml.jar;C:\repos\iesd\chs_home\lib\apache-jsp.jar;C:\repos\iesd\chs_home\lib\taglibs-standard-impl.jar;C:\repos\iesd\chs_home\lib\taglibs-standard-spec.jar;C:\repos\iesd\chs_home\lib\apache-jsp-8.jar;C:\repos\iesd\chs_home\lib\apache-el-8.jar;C:\repos\iesd\chs_home\lib\javax.annotation-api.jar;C:\repos\iesd\chs_home\lib\asm.jar;C:\repos\iesd\chs_home\lib\asm-commons.jar;C:\repos\iesd\chs_home\lib\asm-tree.jar;C:\repos\iesd\chs_home\lib\ecj.jar;C:\repos\iesd\chs_home\lib\servlet-api-3.1.jar;C:\repos\iesd\chs_home\lib\jetty-annotations.jar;C:\repos\iesd\chs_home\lib\jetty-client.jar;C:\repos\iesd\chs_home\lib\jetty-continuation.jar;C:\repos\iesd\chs_home\lib\jetty-http.jar;C:\repos\iesd\chs_home\lib\jetty-io.jar;C:\repos\iesd\chs_home\lib\jetty-jmx.jar;C:\repos\iesd\chs_home\lib\jetty-jndi.jar;C:\repos\iesd\chs_home\lib\jetty-plus.jar;C:\repos\iesd\chs_home\lib\jetty-proxy.jar;C:\repos\iesd\chs_home\lib\jxl.jar;C:\repos\iesd\chs_home\bld\hlib\asm4-xml.jar;C:\repos\iesd\chs_home\bld\hlib\asm4-util.jar;C:\repos\iesd\chs_home\bld\hlib\asm4-tree.jar;C:\repos\iesd\chs_home\bld\hlib\asm4-commons.jar;C:\repos\iesd\chs_home\bld\hlib\asm4-analysis.jar;C:\repos\iesd\chs_home\bld\hlib\asm4.jar;C:\repos\iesd\chs_home\bld\lib\jcgm-core.jar;C:\repos\iesd\chs_home\bld\lib\jcgm-image.jar;C:\repos\iesd\chs_home\bld\lib\commons-fileupload.jar;C:\repos\iesd\chs_home\lib\capitalrestresources.jar;C:\repos\iesd\chs_home\lib\javax.ws.rs-api-2.0.jar;C:\repos\iesd\chs_home\lib\javax.inject.jar;C:\repos\iesd\chs_home\lib\jersey-guava.jar;C:\repos\iesd\chs_home\lib\hk2-api.jar;C:\repos\iesd\chs_home\lib\hk2-locator.jar;C:\repos\iesd\chs_home\lib\hk2-utils.jar;C:\repos\iesd\chs_home\lib\jersey-server.jar;C:\repos\iesd\chs_home\lib\jersey-media-multipart.jar;C:\repos\iesd\chs_home\lib\jersey-common.jar;C:\repos\iesd\chs_home\lib\commons-httpclient.jar;C:\repos\iesd\chs_home\lib\jackson-annotations.jar;C:\repos\iesd\chs_home\lib\jackson-jaxrs-json-provider.jar;C:\repos\iesd\chs_home\lib\jackson-databind.jar;C:\repos\iesd\chs_home\lib\jackson-jaxrs-base.jar;C:\repos\iesd\chs_home\lib\jackson-core.jar;C:\repos\iesd\chs_home\lib\jackson-dataformat-yaml.jar;C:\repos\iesd\chs_home\lib\guava.jar;C:\repos\iesd\chs_home\lib\capitalans.jar;C:\repos\iesd\chs_home\lib\capitaljeda.jar;C:\repos\iesd\chs_home\lib\pdfbox.jar;C:\repos\iesd\chs_home\lib\jersey-container-servlet-core.jar;C:\repos\iesd\chs_home\lib\jersey-container-servlet.jar;C:\repos\iesd\chs_home\lib\jersey-client.jar;C:\repos\iesd\chs_home\bld\lib\jersey-test-framework-core.jar;C:\repos\iesd\chs_home\bld\lib\jersey-test-framework-provider-inmemory.jar;C:\repos\iesd\chs_home\lib\mimepull.jar;C:\repos\iesd\chs_home\lib\javassist.jar;C:\repos\iesd\chs_home\lib\jtidy.jar;C:\repos\iesd\chs_home\lib\edxint\capitaledxImpl.jar;C:\repos\iesd\chs_home\lib\lucene-core.jar;C:\repos\iesd\chs_home\lib\lucene-analyzers-common.jar;C:\repos\iesd\chs_home\lib\lucene-queries.jar;C:\repos\iesd\chs_home\lib\lucene-queryparser.jar;C:\repos\iesd\chs_home\lib\geronimo-jms.jar;C:\repos\iesd\chs_home\lib\jsoup.jar;C:\repos\iesd\chs_home\lib\owasp-java-html-sanitizer.jar;C:\repos\iesd\chs_home\lib\capitalupdaterutils.jar;C:\repos\iesd\chs_home\lib\capitalupdateragent.jar;C:\repos\iesd\chs_home\lib\capitaljms.jar;C:\repos\iesd\chs_home\lib\mail.jar;C:\repos\iesd\chs_home\bld\publisher\lib\capitalservicedatamanage.jar;C:\repos\iesd\chs_home\lib\capitalservicedatamanage.jar;C:\repos\iesd\chs_home\lib\javafx\Windows\lib\javafx-swt.jar;C:\repos\iesd\chs_home\lib\javafx\Windows\lib\javafx.base.jar;C:\repos\iesd\chs_home\lib\javafx\Windows\lib\javafx.controls.jar;C:\repos\iesd\chs_home\lib\javafx\Windows\lib\javafx.fxml.jar;C:\repos\iesd\chs_home\lib\javafx\Windows\lib\javafx.graphics.jar;C:\repos\iesd\chs_home\lib\javafx\Windows\lib\javafx.media.jar;C:\repos\iesd\chs_home\lib\javafx\Windows\lib\javafx.swing.jar;C:\repos\iesd\chs_home\lib\javafx\Windows\lib\javafx.web.jar;C:\repos\iesd\chs_home\lib\fop.jar;C:\repos\iesd\chs_home\lib\commons-xmlgraphics.jar;G:\iesdwa\qualitygates\wa\2021.1_ADP1_DEV_installer_porting\code\iesd\infrastructure_src\src\third_party\assertj-swing\assertj-core.jar;C:\repos\iesd\chs_home\lib\sanj.jar;C:\repos\iesd\chs_home\lib\opencsv.jar;C:\repos\iesd\chs_home\lib\lds-bo.jar;C:\repos\iesd\chs_home\lib\lds-kbl.jar;C:\repos\iesd\chs_home\lib\lds-kbl-schema.jar;C:\repos\iesd\chs_home\lib\lds-vec.jar;C:\repos\iesd\chs_home\lib\lds-vec-export.jar;C:\repos\iesd\chs_home\lib\oauth2-oidc-sdk.jar;C:\repos\iesd\chs_home\lib\xerces.jar;C:\repos\iesd\chs_home\lib\capitalcofcafimpl.jar;C:\repos\iesd\chs_home\lib\capitalcaf.jar;C:\repos\iesd\chs_home\bld\lib\jfcunit.jar;C:\repos\iesd\chs_home\lib\capitalcanalysis.jar;C:\repos\iesd\chs_home\lib\trove.jar;C:\repos\iesd\chs_home\lib\capitalclibrary.jar;C:\repos\iesd\chs_home\lib\capitalpluginapi.jar;C:\repos\iesd\chs_home\lib\capitalapigen.jar;C:\repos\iesd\chs_home\lib\capitalbridgessdk.jar;C:\repos\iesd\chs_home\lib\capitalbridges.jar;C:\repos\iesd\chs_home\lib\capitalnxinterfaces.jar;C:\repos\iesd\chs_home\lib\capitalbridgesui.jar;C:\repos\iesd\chs_home\lib\capitalcview.jar;C:\repos\iesd\chs_home\adaptors\lib\capitaldsi.jar;C:\repos\iesd\chs_home\adaptors\lib\capitalkbl.jar;C:\repos\iesd\chs_home\adaptors\lib\capitalhcv.jar;C:\repos\iesd\chs_home\lib\capitallogic.jar;C:\repos\iesd\chs_home\lib\capitaltopo.jar;C:\repos\iesd\chs_home\lib\capitalharness.jar;C:\repos\iesd\chs_home\lib\capitalresources.jar;C:\repos\iesd\chs_home\lib\capitalimages.jar;C:\repos\iesd\chs_home\lib\capitalwindowslandf.jar;C:\repos\iesd\chs_home\lib\jdom.jar;C:\repos\iesd\chs_home\lib\commons-io.jar;C:\repos\iesd\chs_home\bld\testlib\capitaltestscof.jar;G:\iesdwa\qualitygates\wa\2021.1_ADP1_DEV_installer_porting\code\iesd\datamodel_src\tests\build\classes\java\test\chs\utility;C:\repos\iesd\chs_home\lib\saxon-dom.jar;C:\repos\iesd\chs_home\lib\hsqldb.jar;C:\repos\iesd\chs_home\lib\ojdbc.jar;C:\repos\iesd\chs_home\lib\postgresqljdbc.jar;C:\repos\iesd\chs_home\lib\antlr.jar;C:\repos\iesd\chs_home\lib\byte-buddy.jar;C:\repos\iesd\chs_home\lib\classmate.jar;C:\repos\iesd\chs_home\lib\dom4j.jar;C:\repos\iesd\chs_home\lib\jaxb-api-2.3.0.jar;C:\repos\iesd\chs_home\lib\jaxb-runtime-2.3.0.jar;C:\repos\iesd\chs_home\lib\javax.activation-api.jar;C:\repos\iesd\chs_home\lib\hibernate-commons-annotations.jar;C:\repos\iesd\chs_home\lib\hibernate.jar;C:\repos\iesd\chs_home\lib\jandex.jar;C:\repos\iesd\chs_home\lib\jboss-logging.jar;C:\repos\iesd\chs_home\lib\jboss-transaction-api.jar;C:\repos\iesd\chs_home\lib\c3p0.jar;C:\repos\iesd\chs_home\lib\hibernate-c3p0.jar;C:\repos\iesd\chs_home\lib\mchange-commons.jar;C:\repos\iesd\chs_home\lib\pdf-transcoder.jar;C:\repos\iesd\chs_home\lib\commons-lang.jar;C:\repos\iesd\chs_home\lib\fontbox.jar;G:\iesdwa\qualitygates\wa\2021.1_ADP1_DEV_installer_porting\code\iesd\infrastructure_src\src\third_party\cobertura\cobertura.jar;G:\iesdwa\qualitygates\wa\2021.1_ADP1_DEV_installer_porting\code\iesd\infrastructure_src\src\third_party\cobertura\lib\asm-3.0.jar;G:\iesdwa\qualitygates\wa\2021.1_ADP1_DEV_installer_porting\code\iesd\infrastructure_src\src\third_party\cobertura\lib\asm-tree-3.0.jar;G:\iesdwa\qualitygates\wa\2021.1_ADP1_DEV_installer_porting\code\iesd\infrastructure_src\src\third_party\cobertura\lib\jakarta-oro-2.0.8.jar;G:\iesdwa\qualitygates\wa\2021.1_ADP1_DEV_installer_porting\code\iesd\infrastructure_src\src\third_party\cobertura\lib\log4j-1.2.9.jar;C:\repos\iesd\chs_home\bld\jacoco\lib\jacocoagent.jar;C:\repos\iesd\chs_home\bld\lib\mysqldriver.jar;C:\repos\iesd\chs_home\lib\jboss-rmi-api.jar;C:\repos\iesd\chs_home\lib\jaxb-api.jar;C:\repos\iesd\chs_home\lib\javax.xml.soap-api.jar;C:\repos\iesd\chs_home\lib\assertj-core.jar;C:\repos\iesd\chs_home\lib\outputmanager.jar;C:\repos\iesd\chs_home\bld\testlib\callhomesanitizertests.jar;C:\repos\iesd\chs_home\bld\testlib\capitaltestscallhomesanitizer.jar;C:\repos\iesd\chs_home\bld\ilib\OAuthClient.jar;C:\repos\iesd\chs_home\bld\ilib\google-collections.jar;C:\repos\iesd\chs_home\bld\ilib\google-oauth-client.jar;C:\repos\iesd\chs_home\bld\ilib\google-http-client.jar;C:\repos\iesd\chs_home\bld\ilib\google-http-client-jackson.jar;C:\repos\iesd\chs_home\bld\ilib\json.jar;C:\repos\iesd\chs_home\bld\ilib\gson.jar;C:\repos\iesd\chs_home\bld\ilib\snakeyaml.jar;C:\repos\iesd\chs_home\lib\OAuthClient.jar;C:\repos\iesd\chs_home\lib\validation-api.jar;C:\repos\iesd\chs_home\bld\lib\cacio-tta.jar;C:\repos\iesd\chs_home\bld\lib\cacio-shared.jar;C:\repos\iesd\chs_home\bld\ilib\junit-jacoco-ant.jar;C:\repos\iesd\chs_home\bld\lib\ant-launcher.jar;C:\repos\iesd\chs_home\bld\lib\ant.jar;C:\repos\iesd\chs_home\bld\lib\ant-junit.jar;C:\repos\iesd\chs_home\bld\lib\ant-junit4.jar;C:\repos\iesd\chs_home\lib\socketio.jar" />
    <property name="out.instr.dir" value="G:\iesdwa\qualitygates\wa\2021.1_ADP1_DEV_installer_porting\code\iesd\datamodel_src\tests/outinstr" />
    <property name="env.USERDNSDOMAIN" value="MGC.MENTORG.COM" />
    <property name="env.HOME" value="C:\cygwin\home\iesdgrid" />
    <property name="chshome" value="C:/repos/iesd/chs_home" />
    <property name="junit.format" value="xml" />
    <property name="java.vm.vendor" value="Oracle Corporation" />
    <property name="env.PROCESSOR_ARCHITECTURE" value="AMD64" />
    <property name="java.util.Arrays.useLegacyMergeSort" value="true" />
    <property name="user.variant" value="" />
    <property name="build.spversion" value="" />
    <property name="java.locale.providers" value="COMPAT,CLDR" />
    <property name="env.COMMONPROGRAMFILES" value="C:\Program Files\Common Files" />
    <property name="ant.file.jacoco-coverage" value="G:\iesdwa\qualitygates\wa\2021.1_ADP1_DEV_installer_porting\code\iesd\infrastructure_src\src\scripts\AntScripts\jacoco.xml" />
    <property name="singletest.test" value="" />
    <property name="plugindir" value="C:/repos/iesd/chs_home/bld/testdata/plugins/DRCMgrTest" />
    <property name="user.country" value="IE" />
    <property name="sun.java.launcher" value="SUN_STANDARD" />
    <property name="emma.enabled" value="true" />
    <property name="cobertura.serfile" value="G:\iesdwa\qualitygates\wa\2021.1_ADP1_DEV_installer_porting\code\iesd\datamodel_src\tests/outinstr/cobertura.ser" />
    <property name="env.USERDOMAIN" value="MGC" />
    <property name="class.suffix" value="class" />
    <property name="env.COMSPEC" value="C:\Windows\system32\cmd.exe" />
    <property name="sun.cpu.endian" value="little" />
    <property name="user.language" value="en" />
    <property name="framework-src" value="test-framework/src" />
    <property name="chs.extendedtests.maxmemory" value="512m" />
    <property name="junit.extended.timeout.ms" value="1200000" />
    <property name="ant.java.version" value="11" />
    <property name="cb-instrumented.dir" value="G:\iesdwa\qualitygates\wa\2021.1_ADP1_DEV_installer_porting\code\iesd\datamodel_src\tests/outinstr" />
    <property name="env.BUILD_HOME" value="G:/iesdwa/qualitygates/wa/2021.1_ADP1_DEV_installer_porting/code/iesd" />
    <property name="test.results.dir" value="G:/iesdwa/qualitygates/wa/2021.1_ADP1_DEV_installer_porting/code/iesd/chs_home/bld/testresults/datamodel" />
    <property name="ant.file.COF Tests" value="G:\iesdwa\qualitygates\wa\2021.1_ADP1_DEV_installer_porting\code\iesd\datamodel_src\tests\build.xml" />
    <property name="exports_dir" value="../exports" />
    <property name="TSTAMP" value="1734" />
    <property name="jacoco.coverage.reportdir" value="C:/repos/iesd/chs_home/bld/jacoco/coverage//junit-coverage" />
    <property name="jacoco.execfileprefix" value="windows.job.3" />
    <property name="chshome.ixn" value="G:/iesdwa/qualitygates/wa//2021.1_ADP1_DEV_installer_porting/code/iesd/chs_home.ixn" />
    <property name="merged.coverage.dir" value="C:/repos/iesd/chs_home/bld/coverage/junit" />
    <property name="singletest.report" value="" />
    <property name="junit.jar" value="bld/lib/junit.jar" />
    <property name="env.=C:" value="C:\repos\iesd\chs_home" />
    <property name="validation.extended" value="false" />
    <property name="java.runtime.name" value="OpenJDK Runtime Environment" />
    <property name="env.CommonProgramFiles(x86)" value="C:\Program Files (x86)\Common Files" />
    <property name="chs.extendedtests.dir" value="build/classes/java/test" />
    <property name="ant.project.invoked-targets" value="runtestsonlyqg" />
    <property name="env.BUILD_DISPLAY_NAME" value="5990442 : 2021.1_ADP1_DEV_installer_porting job.3 ies-iesdwx-a184.mgc.mentorg.com" />
    <property name="env.IESD_GRIDDATA" value="//ies-net-cls1-data.ies.mentorg.com/iesd/iesd_data11/iesdgridhome/data" />
    <property name="ant.file.type.AntContrib" value="file" />
    <property name="chsbuild.maxmemory" value="1024M" />
    <property name="ant.core.lib" value="C:\repos\iesd\chs_home\bld\lib\ant.jar" />
    <property name="java.vendor.url.bug" value="http://bugreport.java.com/bugreport/" />
    <property name="chs.build.vob.testdata.dir" value="datamodel_src/tests/testdata" />
    <property name="capital.skiplookandfeel" value="false" />
    <property name="jacocolistener" value="com.mentor.junitjacocoant.JaCoCoCoverageCollectingAdaptor" />
    <property name="src" value="src" />
    <property name="TODAY" value="June 22 2021" />
    <property name="user.dir" value="G:\iesdwa\qualitygates\wa\2021.1_ADP1_DEV_installer_porting\code\iesd" />
    <property name="classpath.string.env" value="G:\iesdwa\qualitygates\wa\2021.1_ADP1_DEV_installer_porting\code\iesd\datamodel_src\tests\build\classes\java\test;G:\iesdwa\qualitygates\wa\2021.1_ADP1_DEV_installer_porting\code\iesd\datamodel_src\tests\build\classes\java\main;C:\repos\iesd\chs_home\lib\edx24\com.mentor.edx.api.jar;C:\repos\iesd\chs_home\lib\edx24\com.mentor.edx.common.jar;C:\repos\iesd\chs_home\lib\edx24\com.mentor.edx.licensing.jar;C:\repos\iesd\chs_home\lib\edx24\com.mentor.edx.verifier.core.jar;C:\repos\iesd\chs_home\lib\edx\SDDFlowID.jar;C:\repos\iesd\chs_home\lib\edx\com.mentor.edx.api.jar;C:\repos\iesd\chs_home\lib\edx\com.mentor.edx.common.jar;C:\repos\iesd\chs_home\lib\edx\com.mentor.edx.licensing.jar;C:\repos\iesd\chs_home\lib\edx\com.mentor.edx.ui.common.jar;C:\repos\iesd\chs_home\lib\edx\com.mentor.edx.verifier.core.jar;C:\repos\iesd\chs_home\lib\edx\CertificateManager.jar;C:\repos\iesd\chs_home\lib\edx\commons-cli-1.2.jar;C:\repos\iesd\chs_home\lib\edx\commons-codec-1.5.jar;C:\repos\iesd\chs_home\lib\edx\commons-compress-1.5.jar;C:\repos\iesd\chs_home\lib\edx\commons-io-2.0.1.jar;C:\repos\iesd\chs_home\lib\edx\commons-logging-1.1.1.jar;C:\repos\iesd\chs_home\lib\edx\jaxb-impl-2.2.4.jar;C:\repos\iesd\chs_home\lib\edx\resolver.jar;C:\repos\iesd\chs_home\lib\edx\SDDinfrasec.jar;C:\repos\iesd\chs_home\lib\edx\serializer.jar;C:\repos\iesd\chs_home\lib\edx\swingx-core-1.6.2.jar;C:\repos\iesd\chs_home\lib\webservices-api.jar;C:\repos\iesd\chs_home\lib\edx\xalan.jar;C:\repos\iesd\chs_home\lib\edx\xercesImpl.jar;C:\repos\iesd\chs_home\lib\edx\xml-apis.jar;C:\repos\iesd\chs_home\lib\edx\xmlsec-1.5.6.jar;C:\repos\iesd\chs_home\lib\capitalapi.jar;C:\repos\iesd\chs_home\lib\capitalapiextensions.jar;C:\repos\iesd\chs_home\bld\testlib\extexample.jar;C:\repos\iesd\chs_home\lib\extensions\capitalextensions.jar;C:\repos\iesd\chs_home\lib\extensions\enovia\extras\enoviaintegrationextras.jar;C:\repos\iesd\chs_home\lib\extensions\enovia\capitalenoviaintegrationimpl.jar;C:\repos\iesd\chs_home\lib\teamcenter\capitalteamcenterintegrationimpl.jar;C:\repos\iesd\chs_home\lib\extensions\rule_driven_vertical_flow\capitalrulesbasedlayout.jar;C:\repos\iesd\chs_home\bld\testlib\capitaltestsinterfaces.jar;C:\repos\iesd\chs_home\bld\lib\junit.jar;G:\iesdwa\qualitygates\wa\2021.1_ADP1_DEV_installer_porting\code\iesd\infrastructure_src\src\third_party\tce-soa\TcSoaAiStrong.jar;G:\iesdwa\qualitygates\wa\2021.1_ADP1_DEV_installer_porting\code\iesd\infrastructure_src\src\third_party\tce-soa\TcSoaAiTypes.jar;G:\iesdwa\qualitygates\wa\2021.1_ADP1_DEV_installer_porting\code\iesd\infrastructure_src\src\third_party\tce-soa\TcSoaBomStrong.jar;G:\iesdwa\qualitygates\wa\2021.1_ADP1_DEV_installer_porting\code\iesd\infrastructure_src\src\third_party\tce-soa\TcSoaBomTypes.jar;G:\iesdwa\qualitygates\wa\2021.1_ADP1_DEV_installer_porting\code\iesd\infrastructure_src\src\third_party\tce-soa\TcSoaCadStrong.jar;G:\iesdwa\qualitygates\wa\2021.1_ADP1_DEV_installer_porting\code\iesd\infrastructure_src\src\third_party\tce-soa\TcSoaCadTypes.jar;G:\iesdwa\qualitygates\wa\2021.1_ADP1_DEV_installer_porting\code\iesd\infrastructure_src\src\third_party\tce-soa\TcSoaClient.jar;G:\iesdwa\qualitygates\wa\2021.1_ADP1_DEV_installer_porting\code\iesd\infrastructure_src\src\third_party\tce-soa\TcSoaCommon.jar;G:\iesdwa\qualitygates\wa\2021.1_ADP1_DEV_installer_porting\code\iesd\infrastructure_src\src\third_party\tce-soa\TcSoaCoreStrong.jar;G:\iesdwa\qualitygates\wa\2021.1_ADP1_DEV_installer_porting\code\iesd\infrastructure_src\src\third_party\tce-soa\TcSoaCoreTypes.jar;G:\iesdwa\qualitygates\wa\2021.1_ADP1_DEV_installer_porting\code\iesd\infrastructure_src\src\third_party\tce-soa\TcSoaQueryStrong.jar;G:\iesdwa\qualitygates\wa\2021.1_ADP1_DEV_installer_porting\code\iesd\infrastructure_src\src\third_party\tce-soa\TcSoaQueryTypes.jar;G:\iesdwa\qualitygates\wa\2021.1_ADP1_DEV_installer_porting\code\iesd\infrastructure_src\src\third_party\tce-soa\TcSoaStrongModel.jar;G:\iesdwa\qualitygates\wa\2021.1_ADP1_DEV_installer_porting\code\iesd\infrastructure_src\src\third_party\tce-soa\TcSoaStructureManagementStrong.jar;G:\iesdwa\qualitygates\wa\2021.1_ADP1_DEV_installer_porting\code\iesd\infrastructure_src\src\third_party\tce-soa\TcSoaStructureManagementTypes.jar;G:\iesdwa\qualitygates\wa\2021.1_ADP1_DEV_installer_porting\code\iesd\infrastructure_src\src\third_party\tce-soa\bio-infrastructure.jar;G:\iesdwa\qualitygates\wa\2021.1_ADP1_DEV_installer_porting\code\iesd\infrastructure_src\src\third_party\tce-soa\bio-solutions.jar;G:\iesdwa\qualitygates\wa\2021.1_ADP1_DEV_installer_porting\code\iesd\infrastructure_src\src\third_party\tce-soa\bugfixedbrowser.jar;G:\iesdwa\qualitygates\wa\2021.1_ADP1_DEV_installer_porting\code\iesd\infrastructure_src\src\third_party\tce-soa\Cfg0SoaConfiguratorLoose.jar;C:\repos\iesd\chs_home\lib\swt.jar;G:\iesdwa\qualitygates\wa\2021.1_ADP1_DEV_installer_porting\code\iesd\infrastructure_src\src\third_party\tce\fccjavaclientproxy.jar;G:\iesdwa\qualitygates\wa\2021.1_ADP1_DEV_installer_porting\code\iesd\infrastructure_src\src\third_party\tce\fmsutil.jar;G:\iesdwa\qualitygates\wa\2021.1_ADP1_DEV_installer_porting\code\iesd\infrastructure_src\src\third_party\gson\gson.jar;G:\iesdwa\qualitygates\wa\2021.1_ADP1_DEV_installer_porting\code\iesd\infrastructure_src\src\third_party\tce-soa\httpclient.jar;G:\iesdwa\qualitygates\wa\2021.1_ADP1_DEV_installer_porting\code\iesd\infrastructure_src\src\third_party\tce-soa\httpcore.jar;G:\iesdwa\qualitygates\wa\2021.1_ADP1_DEV_installer_porting\code\iesd\infrastructure_src\src\third_party\tce-soa\Prg1SoaProgramPlanningAppStrong.jar;G:\iesdwa\qualitygates\wa\2021.1_ADP1_DEV_installer_porting\code\iesd\infrastructure_src\src\third_party\tce-soa\Cfg0SoaStrongModelConfigurator.jar;G:\iesdwa\qualitygates\wa\2021.1_ADP1_DEV_installer_porting\code\iesd\infrastructure_src\src\third_party\tce-soa\Evm1SoaViewMgmtAWStrong_12000.1.0.jar;G:\iesdwa\qualitygates\wa\2021.1_ADP1_DEV_installer_porting\code\iesd\infrastructure_src\src\third_party\tce-soa\Evm1SoaViewMgmtAWLoose_12000.1.0.jar;G:\iesdwa\qualitygates\wa\2021.1_ADP1_DEV_installer_porting\code\iesd\infrastructure_src\src\third_party\tce-soa\Evm1SoaViewMgmtAWTypes_12000.0.0.jar;G:\iesdwa\qualitygates\wa\2021.1_ADP1_DEV_installer_porting\code\iesd\infrastructure_src\src\third_party\tce-soa\Cif0SoaIntegrationFrameworkStrong_12000.0.0.jar;G:\iesdwa\qualitygates\wa\2021.1_ADP1_DEV_installer_porting\code\iesd\infrastructure_src\src\third_party\tce-soa\Cif0SoaStrongModelIntegrationFramework_12000.0.0.jar;G:\iesdwa\qualitygates\wa\2021.1_ADP1_DEV_installer_porting\code\iesd\infrastructure_src\src\third_party\tce-soa\Cif0SoaIntegrationFrameworkTypes_12000.0.0.jar;G:\iesdwa\qualitygates\wa\2021.1_ADP1_DEV_installer_porting\code\iesd\infrastructure_src\src\third_party\tce-soa\TcSoaBusinessModelerStrong.jar;C:\repos\iesd\chs_home\lib\annotations.jar;C:\repos\iesd\chs_home\lib\servicelocator.jar;C:\repos\iesd\chs_home\lib\saxon.jar;C:\repos\iesd\chs_home\lib\capitalcommonlang.jar;C:\repos\iesd\chs_home\lib\capitalcommon.jar;C:\repos\iesd\chs_home\lib\capitalannotations.jar;C:\repos\iesd\chs_home\lib\js.jar;C:\repos\iesd\chs_home\lib\capitalapiimpl.jar;C:\repos\iesd\chs_home\lib\commons-codec.jar;C:\repos\iesd\chs_home\lib\commons-math.jar;C:\repos\iesd\chs_home\lib\capitalutils.jar;C:\repos\iesd\chs_home\lib\capitalcof.jar;C:\repos\iesd\chs_home\lib\capitalpaging.jar;C:\repos\iesd\chs_home\lib\capitalcapman.jar;C:\repos\iesd\chs_home\lib\capitalcofimpl.jar;C:\repos\iesd\chs_home\lib\capitaledxImpl.jar;C:\repos\iesd\chs_home\lib\capitalcof_baseimpl.jar;C:\repos\iesd\chs_home\lib\capitalcofutils.jar;C:\repos\iesd\chs_home\lib\capitalprofiler.jar;C:\repos\iesd\chs_home\lib\capitalpof.jar;C:\repos\iesd\chs_home\lib\capitalverifydb.jar;C:\repos\iesd\chs_home\lib\log4j.jar;C:\repos\iesd\chs_home\lib\jacorb.jar;C:\repos\iesd\chs_home\lib\jacorb-omgapi.jar;C:\repos\iesd\chs_home\lib\slf4j-api.jar;C:\repos\iesd\chs_home\lib\slf4j-jdk.jar;C:\repos\iesd\chs_home\bld\lib\jmockit.jar;C:\repos\iesd\chs_home\lib\javax.persistence-api.jar;C:\repos\iesd\chs_home\bld\lib\hamcrest-core.jar;C:\repos\iesd\chs_home\bld\lib\httpunit.jar;C:\repos\iesd\chs_home\lib\capitalctf.jar;C:\repos\iesd\chs_home\lib\JSDD.jar;C:\repos\iesd\chs_home\lib\capitalquincy.jar;C:\repos\iesd\chs_home\lib\capitalhdmreports.jar;C:\repos\iesd\chs_home\lib\capitalxmleditor.jar;C:\repos\iesd\chs_home\bld\lib\xalan.jar;C:\repos\iesd\chs_home\bld\lib\uispec4j.jar;C:\repos\iesd\chs_home\lib\commons-collections.jar;C:\repos\iesd\chs_home\bld\lib\velocity-1.3.1.jar;C:\repos\iesd\chs_home\bld\lib\capitalAutoGen.jar;C:\repos\iesd\chs_home\bld\lib\memcached.jar;C:\repos\iesd\chs_home\lib\dtdparser.jar;C:\repos\iesd\chs_home\lib\itext.jar;C:\repos\iesd\chs_home\bld\lib\pdfrenderer.jar;C:\repos\iesd\chs_home\lib\capitalbaseautomation.jar;C:\repos\iesd\chs_home\bld\lib\xmlunit.jar;C:\repos\iesd\chs_home\bld\lib\xmlrpc-client.jar;C:\repos\iesd\chs_home\bld\lib\xmlrpc-common.jar;C:\repos\iesd\chs_home\bld\lib\ws-commons-util.jar;C:\repos\iesd\chs_home\lib\batik-anim.jar;C:\repos\iesd\chs_home\lib\batik-awt-util.jar;C:\repos\iesd\chs_home\lib\batik-bridge.jar;C:\repos\iesd\chs_home\lib\batik-codec.jar;C:\repos\iesd\chs_home\lib\batik-css.jar;C:\repos\iesd\chs_home\lib\batik-dom.jar;C:\repos\iesd\chs_home\lib\batik-ext.jar;C:\repos\iesd\chs_home\lib\batik-extension.jar;C:\repos\iesd\chs_home\lib\batik-gui-util.jar;C:\repos\iesd\chs_home\lib\batik-gvt.jar;C:\repos\iesd\chs_home\lib\batik-parser.jar;C:\repos\iesd\chs_home\lib\batik-script.jar;C:\repos\iesd\chs_home\lib\batik-svg-dom.jar;C:\repos\iesd\chs_home\lib\batik-svggen.jar;C:\repos\iesd\chs_home\lib\batik-swing.jar;C:\repos\iesd\chs_home\lib\batik-transcoder.jar;C:\repos\iesd\chs_home\lib\batik-util.jar;C:\repos\iesd\chs_home\lib\batik-xml.jar;C:\repos\iesd\chs_home\lib\batik-constants.jar;C:\repos\iesd\chs_home\lib\batik-i18n.jar;C:\repos\iesd\chs_home\lib\xml-apis.jar;C:\repos\iesd\chs_home\lib\xml-apis-ext.jar;C:\repos\iesd\chs_home\bld\lib\kabeja.jar;C:\repos\iesd\chs_home\bld\lib\kabeja-svg.jar;C:\repos\iesd\chs_home\bld\lib\kabeja-xslt.jar;C:\repos\iesd\chs_home\bld\ilib\groboutils.jar;C:\repos\iesd\chs_home\bld\lib\sigtestdev.jar;C:\repos\iesd\chs_home\bld\lib\commons-vfs.jar;C:\repos\iesd\chs_home\lib\capitalzipprocessor.jar;C:\repos\iesd\chs_home\lib\callhomefilter.jar;C:\repos\iesd\chs_home\lib\usergroupgenerator.jar;C:\repos\iesd\chs_home\lib\capitalvalidator.jar;C:\repos\iesd\chs_home\lib\capitalreporterserverutils.jar;C:\repos\iesd\chs_home\lib\capitalapisemantics.jar;C:\repos\iesd\chs_home\lib\jetty-schemas.jar;C:\repos\iesd\chs_home\lib\jetty-security.jar;C:\repos\iesd\chs_home\lib\jetty-server.jar;C:\repos\iesd\chs_home\lib\jetty-servlet.jar;C:\repos\iesd\chs_home\lib\jetty-servlets.jar;C:\repos\iesd\chs_home\lib\jetty-util.jar;C:\repos\iesd\chs_home\lib\jetty-webapp.jar;C:\repos\iesd\chs_home\lib\jetty-xml.jar;C:\repos\iesd\chs_home\lib\apache-jsp.jar;C:\repos\iesd\chs_home\lib\taglibs-standard-impl.jar;C:\repos\iesd\chs_home\lib\taglibs-standard-spec.jar;C:\repos\iesd\chs_home\lib\apache-jsp-8.jar;C:\repos\iesd\chs_home\lib\apache-el-8.jar;C:\repos\iesd\chs_home\lib\javax.annotation-api.jar;C:\repos\iesd\chs_home\lib\asm.jar;C:\repos\iesd\chs_home\lib\asm-commons.jar;C:\repos\iesd\chs_home\lib\asm-tree.jar;C:\repos\iesd\chs_home\lib\ecj.jar;C:\repos\iesd\chs_home\lib\servlet-api-3.1.jar;C:\repos\iesd\chs_home\lib\jetty-annotations.jar;C:\repos\iesd\chs_home\lib\jetty-client.jar;C:\repos\iesd\chs_home\lib\jetty-continuation.jar;C:\repos\iesd\chs_home\lib\jetty-http.jar;C:\repos\iesd\chs_home\lib\jetty-io.jar;C:\repos\iesd\chs_home\lib\jetty-jmx.jar;C:\repos\iesd\chs_home\lib\jetty-jndi.jar;C:\repos\iesd\chs_home\lib\jetty-plus.jar;C:\repos\iesd\chs_home\lib\jetty-proxy.jar;C:\repos\iesd\chs_home\lib\jxl.jar;C:\repos\iesd\chs_home\bld\hlib\asm4-xml.jar;C:\repos\iesd\chs_home\bld\hlib\asm4-util.jar;C:\repos\iesd\chs_home\bld\hlib\asm4-tree.jar;C:\repos\iesd\chs_home\bld\hlib\asm4-commons.jar;C:\repos\iesd\chs_home\bld\hlib\asm4-analysis.jar;C:\repos\iesd\chs_home\bld\hlib\asm4.jar;C:\repos\iesd\chs_home\bld\lib\jcgm-core.jar;C:\repos\iesd\chs_home\bld\lib\jcgm-image.jar;C:\repos\iesd\chs_home\bld\lib\commons-fileupload.jar;C:\repos\iesd\chs_home\lib\capitalrestresources.jar;C:\repos\iesd\chs_home\lib\javax.ws.rs-api-2.0.jar;C:\repos\iesd\chs_home\lib\javax.inject.jar;C:\repos\iesd\chs_home\lib\jersey-guava.jar;C:\repos\iesd\chs_home\lib\hk2-api.jar;C:\repos\iesd\chs_home\lib\hk2-locator.jar;C:\repos\iesd\chs_home\lib\hk2-utils.jar;C:\repos\iesd\chs_home\lib\jersey-server.jar;C:\repos\iesd\chs_home\lib\jersey-media-multipart.jar;C:\repos\iesd\chs_home\lib\jersey-common.jar;C:\repos\iesd\chs_home\lib\commons-httpclient.jar;C:\repos\iesd\chs_home\lib\jackson-annotations.jar;C:\repos\iesd\chs_home\lib\jackson-jaxrs-json-provider.jar;C:\repos\iesd\chs_home\lib\jackson-databind.jar;C:\repos\iesd\chs_home\lib\jackson-jaxrs-base.jar;C:\repos\iesd\chs_home\lib\jackson-core.jar;C:\repos\iesd\chs_home\lib\jackson-dataformat-yaml.jar;C:\repos\iesd\chs_home\lib\guava.jar;C:\repos\iesd\chs_home\lib\capitalans.jar;C:\repos\iesd\chs_home\lib\capitaljeda.jar;C:\repos\iesd\chs_home\lib\pdfbox.jar;C:\repos\iesd\chs_home\lib\jersey-container-servlet-core.jar;C:\repos\iesd\chs_home\lib\jersey-container-servlet.jar;C:\repos\iesd\chs_home\lib\jersey-client.jar;C:\repos\iesd\chs_home\bld\lib\jersey-test-framework-core.jar;C:\repos\iesd\chs_home\bld\lib\jersey-test-framework-provider-inmemory.jar;C:\repos\iesd\chs_home\lib\mimepull.jar;C:\repos\iesd\chs_home\lib\javassist.jar;C:\repos\iesd\chs_home\lib\jtidy.jar;C:\repos\iesd\chs_home\lib\edxint\capitaledxImpl.jar;C:\repos\iesd\chs_home\lib\lucene-core.jar;C:\repos\iesd\chs_home\lib\lucene-analyzers-common.jar;C:\repos\iesd\chs_home\lib\lucene-queries.jar;C:\repos\iesd\chs_home\lib\lucene-queryparser.jar;C:\repos\iesd\chs_home\lib\geronimo-jms.jar;C:\repos\iesd\chs_home\lib\jsoup.jar;C:\repos\iesd\chs_home\lib\owasp-java-html-sanitizer.jar;C:\repos\iesd\chs_home\lib\capitalupdaterutils.jar;C:\repos\iesd\chs_home\lib\capitalupdateragent.jar;C:\repos\iesd\chs_home\lib\capitaljms.jar;C:\repos\iesd\chs_home\lib\mail.jar;C:\repos\iesd\chs_home\bld\publisher\lib\capitalservicedatamanage.jar;C:\repos\iesd\chs_home\lib\capitalservicedatamanage.jar;C:\repos\iesd\chs_home\lib\javafx\Windows\lib\javafx-swt.jar;C:\repos\iesd\chs_home\lib\javafx\Windows\lib\javafx.base.jar;C:\repos\iesd\chs_home\lib\javafx\Windows\lib\javafx.controls.jar;C:\repos\iesd\chs_home\lib\javafx\Windows\lib\javafx.fxml.jar;C:\repos\iesd\chs_home\lib\javafx\Windows\lib\javafx.graphics.jar;C:\repos\iesd\chs_home\lib\javafx\Windows\lib\javafx.media.jar;C:\repos\iesd\chs_home\lib\javafx\Windows\lib\javafx.swing.jar;C:\repos\iesd\chs_home\lib\javafx\Windows\lib\javafx.web.jar;C:\repos\iesd\chs_home\lib\fop.jar;C:\repos\iesd\chs_home\lib\commons-xmlgraphics.jar;G:\iesdwa\qualitygates\wa\2021.1_ADP1_DEV_installer_porting\code\iesd\infrastructure_src\src\third_party\assertj-swing\assertj-core.jar;C:\repos\iesd\chs_home\lib\sanj.jar;C:\repos\iesd\chs_home\lib\opencsv.jar;C:\repos\iesd\chs_home\lib\lds-bo.jar;C:\repos\iesd\chs_home\lib\lds-kbl.jar;C:\repos\iesd\chs_home\lib\lds-kbl-schema.jar;C:\repos\iesd\chs_home\lib\lds-vec.jar;C:\repos\iesd\chs_home\lib\lds-vec-export.jar;C:\repos\iesd\chs_home\lib\oauth2-oidc-sdk.jar;C:\repos\iesd\chs_home\lib\xerces.jar;C:\repos\iesd\chs_home\lib\capitalcofcafimpl.jar;C:\repos\iesd\chs_home\lib\capitalcaf.jar;C:\repos\iesd\chs_home\bld\lib\jfcunit.jar;C:\repos\iesd\chs_home\lib\capitalcanalysis.jar;C:\repos\iesd\chs_home\lib\trove.jar;C:\repos\iesd\chs_home\lib\capitalclibrary.jar;C:\repos\iesd\chs_home\lib\capitalpluginapi.jar;C:\repos\iesd\chs_home\lib\capitalapigen.jar;C:\repos\iesd\chs_home\lib\capitalbridgessdk.jar;C:\repos\iesd\chs_home\lib\capitalbridges.jar;C:\repos\iesd\chs_home\lib\capitalnxinterfaces.jar;C:\repos\iesd\chs_home\lib\capitalbridgesui.jar;C:\repos\iesd\chs_home\lib\capitalcview.jar;C:\repos\iesd\chs_home\adaptors\lib\capitaldsi.jar;C:\repos\iesd\chs_home\adaptors\lib\capitalkbl.jar;C:\repos\iesd\chs_home\adaptors\lib\capitalhcv.jar;C:\repos\iesd\chs_home\lib\capitallogic.jar;C:\repos\iesd\chs_home\lib\capitaltopo.jar;C:\repos\iesd\chs_home\lib\capitalharness.jar;C:\repos\iesd\chs_home\lib\capitalresources.jar;C:\repos\iesd\chs_home\lib\capitalimages.jar;C:\repos\iesd\chs_home\lib\capitalwindowslandf.jar;C:\repos\iesd\chs_home\lib\jdom.jar;C:\repos\iesd\chs_home\lib\commons-io.jar;C:\repos\iesd\chs_home\bld\testlib\capitaltestscof.jar;G:\iesdwa\qualitygates\wa\2021.1_ADP1_DEV_installer_porting\code\iesd\datamodel_src\tests\build\classes\java\test\chs\utility;C:\repos\iesd\chs_home\lib\saxon-dom.jar;C:\repos\iesd\chs_home\lib\hsqldb.jar;C:\repos\iesd\chs_home\lib\ojdbc.jar;C:\repos\iesd\chs_home\lib\postgresqljdbc.jar;C:\repos\iesd\chs_home\lib\antlr.jar;C:\repos\iesd\chs_home\lib\byte-buddy.jar;C:\repos\iesd\chs_home\lib\classmate.jar;C:\repos\iesd\chs_home\lib\dom4j.jar;C:\repos\iesd\chs_home\lib\jaxb-api-2.3.0.jar;C:\repos\iesd\chs_home\lib\jaxb-runtime-2.3.0.jar;C:\repos\iesd\chs_home\lib\javax.activation-api.jar;C:\repos\iesd\chs_home\lib\hibernate-commons-annotations.jar;C:\repos\iesd\chs_home\lib\hibernate.jar;C:\repos\iesd\chs_home\lib\jandex.jar;C:\repos\iesd\chs_home\lib\jboss-logging.jar;C:\repos\iesd\chs_home\lib\jboss-transaction-api.jar;C:\repos\iesd\chs_home\lib\c3p0.jar;C:\repos\iesd\chs_home\lib\hibernate-c3p0.jar;C:\repos\iesd\chs_home\lib\mchange-commons.jar;C:\repos\iesd\chs_home\lib\pdf-transcoder.jar;C:\repos\iesd\chs_home\lib\commons-lang.jar;C:\repos\iesd\chs_home\lib\fontbox.jar;G:\iesdwa\qualitygates\wa\2021.1_ADP1_DEV_installer_porting\code\iesd\infrastructure_src\src\third_party\cobertura\cobertura.jar;G:\iesdwa\qualitygates\wa\2021.1_ADP1_DEV_installer_porting\code\iesd\infrastructure_src\src\third_party\cobertura\lib\asm-3.0.jar;G:\iesdwa\qualitygates\wa\2021.1_ADP1_DEV_installer_porting\code\iesd\infrastructure_src\src\third_party\cobertura\lib\asm-tree-3.0.jar;G:\iesdwa\qualitygates\wa\2021.1_ADP1_DEV_installer_porting\code\iesd\infrastructure_src\src\third_party\cobertura\lib\jakarta-oro-2.0.8.jar;G:\iesdwa\qualitygates\wa\2021.1_ADP1_DEV_installer_porting\code\iesd\infrastructure_src\src\third_party\cobertura\lib\log4j-1.2.9.jar;C:\repos\iesd\chs_home\bld\jacoco\lib\jacocoagent.jar;C:\repos\iesd\chs_home\bld\lib\mysqldriver.jar;C:\repos\iesd\chs_home\lib\jboss-rmi-api.jar;C:\repos\iesd\chs_home\lib\jaxb-api.jar;C:\repos\iesd\chs_home\lib\javax.xml.soap-api.jar;C:\repos\iesd\chs_home\lib\assertj-core.jar;C:\repos\iesd\chs_home\lib\outputmanager.jar;C:\repos\iesd\chs_home\bld\testlib\callhomesanitizertests.jar;C:\repos\iesd\chs_home\bld\testlib\capitaltestscallhomesanitizer.jar;C:\repos\iesd\chs_home\bld\ilib\OAuthClient.jar;C:\repos\iesd\chs_home\bld\ilib\google-collections.jar;C:\repos\iesd\chs_home\bld\ilib\google-oauth-client.jar;C:\repos\iesd\chs_home\bld\ilib\google-http-client.jar;C:\repos\iesd\chs_home\bld\ilib\google-http-client-jackson.jar;C:\repos\iesd\chs_home\bld\ilib\json.jar;C:\repos\iesd\chs_home\bld\ilib\gson.jar;C:\repos\iesd\chs_home\bld\ilib\snakeyaml.jar;C:\repos\iesd\chs_home\lib\OAuthClient.jar;C:\repos\iesd\chs_home\lib\validation-api.jar;C:\repos\iesd\chs_home\bld\lib\cacio-tta.jar;C:\repos\iesd\chs_home\bld\lib\cacio-shared.jar;C:\repos\iesd\chs_home\bld\ilib\junit-jacoco-ant.jar;C:\repos\iesd\chs_home\bld\lib\ant-launcher.jar;C:\repos\iesd\chs_home\bld\lib\ant.jar;C:\repos\iesd\chs_home\bld\lib\ant-junit.jar;C:\repos\iesd\chs_home\bld\lib\ant-junit4.jar;C:\repos\iesd\chs_home\lib\socketio.jar" />
    <property name="nodejs_npm.executable" value="C:/repos/iesd/chs_home/bld/nodejs/windows/npm.cmd" />
    <property name="junit.showoutput" value="false" />
    <property name="junit.haltonfailure" value="no" />
    <property name="env.=D:" value="D:\" />
    <property name="DEBUG" value="on" />
    <property name="env.ProgramFiles(x86)" value="C:\Program Files (x86)" />
    <property name="env.JOB_FILE_NAME" value="job.3" />
    <property name="env.WORKSPACE_TMP" value="c:\slave\workspace\runWindowsTestList@tmp" />
    <property name="env.CHS_TEMP" value="G:/iesdwa/qualitygates/wa/2021.1_ADP1_DEV_installer_porting/code/iesd/chs_home/temp" />
    <property name="env.ANT_OPTS" value="-Xmx1G" />
    <property name="build" value="build" />
    <property name="ant.file.type.GradleSupport" value="file" />
    <property name="java.vm.version" value="11.0.4+11" />
    <property name="build.version.sub" value="1" />
    <property name="chsbuildtools_home" value="C:/repos/iesd/chs_home/bld" />
    <property name="capital.timestampserver.url" value="http://timestamp.entrust.net/TSS/JavaHttpTS" />
    <property name="env.JOB_BASE_NAME" value="runWindowsTestList" />
    <property name="gradle.executable" value="C:/repos/iesd/chs_home/bld/gradle/bin/gradle.bat" />
    <property name="env.OneDrive" value="C:\Users\iesdgrid\OneDrive" />
    <property name="templateeditorplugindir" value="C:/repos/iesd/chs_home/bld/testdata/plugins/templateeditor" />
  </properties>
  <testcase classname="chs.common.reporting.TeamcenterLogicComponentBOMTest" name="testLogicComponentBOMReport[0]" time="28.15">
    <failure message="Differences found : &#xa;Golden: &apos;C:\repos\iesd\chs_home\bld\testdata\temp\chs\common\reporting\TeamcenterLogicComponentBOMTest\reports\config1\DesignNameBasedOnPinOrdering.golden.html&apos;&#xa;Actual: &apos;C:\repos\iesd\chs_home\bld\testdata\temp\chs\common\reporting\TeamcenterLogicComponentBOMTest\reports\config1\DesignNameBasedOnPinOrdering.actual.html&apos;&#xa;mv &apos;C:\repos\iesd\chs_home\bld\testdata\temp\chs\common\reporting\TeamcenterLogicComponentBOMTest\reports\config1\DesignNameBasedOnPinOrdering.actual.html&apos; &apos;C:\repos\iesd\chs_home\bld\testdata\temp\chs\common\reporting\TeamcenterLogicComponentBOMTest\reports\config1\DesignNameBasedOnPinOrdering.golden.html&apos;&#xa;&#xa;Changed : Exp:1 - Act: 1&#xa;Exp: &lt;html xmlns:xs=&quot;http://www.w3.org/2001/XMLSchema&quot;&gt;&lt;head&gt;&lt;title&gt;Teamcenter Logic Component BOM&lt;/title&gt;&lt;script language=&quot;javascript&quot; src=&quot;/reporter/scripts/commonscript.js&quot;&gt;&lt;/script&gt;&lt;/head&gt;&lt;body onload=&quot;javascript:initializeReportPage(&apos;report.xsl&apos;)&quot;&gt;&lt;table border=&quot;0&quot; width=&quot;99%&quot;&gt;&lt;colgroup span=&quot;3&quot;&gt;&lt;/colgroup&gt;&lt;tr class=&quot;topRow&quot;&gt;&lt;td style=&quot;width:30%&quot; align=&quot;left&quot; valign=&quot;middle&quot;&gt;&lt;img id=&quot;MGLOGO&quot; width=&quot;137&quot; height=&quot;24&quot; src=&quot;/reporter/images/SiemensLogo.png&quot; /&gt;&lt;b&gt;&lt;/b&gt;&lt;/td&gt;&lt;td width=&quot;49%&quot; align=&quot;center&quot; valign=&quot;middle&quot;&gt;&lt;table width=&quot;100%&quot; border=&quot;0&quot;&gt;&lt;colgroup span=&quot;2&quot;&gt;&lt;/colgroup&gt;&lt;tr&gt;&lt;td width=&quot;25%&quot; align=&quot;left&quot;&gt;&lt;b style=&quot;color: green&quot;&gt;Report&lt;/b&gt;&lt;/td&gt;&lt;td width=&quot;75%&quot; align=&quot;left&quot;&gt;&lt;p style=&quot;color: green&quot;&gt;Teamcenter Logic Component BOM&lt;/p&gt;&lt;/td&gt;&lt;/tr&gt;&lt;tr&gt;&lt;td width=&quot;25%&quot; align=&quot;left&quot;&gt;&lt;b style=&quot;color: green&quot;&gt;User&lt;/b&gt;&lt;/td&gt;&lt;td width=&quot;75%&quot; align=&quot;left&quot;&gt;&lt;i style=&quot;color: green&quot;&gt;system&lt;/i&gt;&lt;/td&gt;&lt;/tr&gt;&lt;/table&gt;&lt;/td&gt;&lt;td align=&quot;right&quot; valign=&quot;middle&quot; width=&quot;20%&quot;&gt;&lt;img id=&quot;puck&quot; border=&quot;0&quot; width=&quot;100&quot; height=&quot;80&quot; src=&quot;/reporter/images/puck_smaller.jpg&quot; /&gt;&lt;b&gt;&lt;/b&gt;&lt;/td&gt;&lt;/tr&gt;&lt;/table&gt;&lt;table border=&quot;0&quot; cellpadding=&quot;0&quot; cellspacing=&quot;0&quot; width=&quot;99%&quot; style=&quot;font-family:Lucida Sans;font-size:12&quot; id=&quot;tableid1&quot;&gt;&lt;colgroup span=&quot;10&quot;&gt;&lt;/colgroup&gt;&lt;tr style=&quot;background-color: #CCDDFF;&quot; class=&quot;header&quot;&gt;&lt;td style=&quot;vertical-align:top;text-align:left; padding: 0px; font-weight: bold; &quot; width=&quot;10%&quot;&gt;Routing ID&lt;/td&gt;&lt;td style=&quot;vertical-align:top;text-align:left; padding: 0px; font-weight: bold; &quot; width=&quot;10%&quot;&gt;PDM_ID&lt;/td&gt;&lt;td style=&quot;vertical-align:top;text-align:left; padding: 0px; font-weight: bold; &quot; width=&quot;10%&quot;&gt;PDM_REV&lt;/td&gt;&lt;td style=&quot;vertical-align:top;text-align:left; padding: 0px; font-weight: bold; &quot; width=&quot;10%&quot;&gt;PDM_TYPE&lt;/td&gt;&lt;td style=&quot;vertical-align:top;text-align:left; padding: 0px; font-weight: bold; &quot; width=&quot;10%&quot;&gt;PDM_NAME&lt;/td&gt;&lt;td style=&quot;vertical-align:top;text-align:left; padding: 0px; font-weight: bold; &quot; width=&quot;10%&quot;&gt;Description&lt;/td&gt;&lt;td style=&quot;vertical-align:top;text-align:left; padding: 0px; font-weight: bold; &quot; width=&quot;10%&quot;&gt;SystemCode&lt;/td&gt;&lt;td style=&quot;vertical-align:top;text-align:left; padding: 0px; font-weight: bold; &quot; width=&quot;10%&quot;&gt;Room&lt;/td&gt;&lt;td style=&quot;vertical-align:top;text-align:left; padding: 0px; font-weight: bold; &quot; width=&quot;10%&quot;&gt;DesignRemarks&lt;/td&gt;&lt;td style=&quot;vertical-align:top;text-align:left; padding: 0px; font-weight: bold; &quot; width=&quot;10%&quot;&gt;Quantity&lt;/td&gt;&lt;/tr&gt;&lt;tr style=&quot;white-space: pre-wrap;background-color: #E4E4E4;&quot;&gt;&lt;td&gt;Design1:1:DEV4&lt;/td&gt;&lt;td&gt;&lt;/td&gt;&lt;td&gt;&lt;/td&gt;&lt;td&gt;&lt;/td&gt;&lt;td&gt;&lt;/td&gt;&lt;td&gt;&lt;/td&gt;&lt;td&gt;&lt;/td&gt;&lt;td&gt;&lt;/td&gt;&lt;td&gt;&lt;/td&gt;&lt;td&gt;1&lt;/td&gt;&lt;/tr&gt;&lt;tr style=&quot;white-space: pre-wrap;&quot;&gt;&lt;td&gt;Design1:1:DEV4&lt;/td&gt;&lt;td&gt;&lt;/td&gt;&lt;td&gt;&lt;/td&gt;&lt;td&gt;&lt;/td&gt;&lt;td&gt;&lt;/td&gt;&lt;td&gt;&lt;/td&gt;&lt;td&gt;&lt;/td&gt;&lt;td&gt;&lt;/td&gt;&lt;td&gt;&lt;/td&gt;&lt;td&gt;1&lt;/td&gt;&lt;/tr&gt;&lt;tr style=&quot;white-space: pre-wrap;background-color: #E4E4E4;&quot;&gt;&lt;td&gt;Design1:1:DEV5&lt;/td&gt;&lt;td&gt;&lt;/td&gt;&lt;td&gt;&lt;/td&gt;&lt;td&gt;&lt;/td&gt;&lt;td&gt;&lt;/td&gt;&lt;td&gt;&lt;/td&gt;&lt;td&gt;&lt;/td&gt;&lt;td&gt;&lt;/td&gt;&lt;td&gt;&lt;/td&gt;&lt;td&gt;1&lt;/td&gt;&lt;/tr&gt;&lt;/table&gt;&lt;table border=&quot;0&quot; cellpadding=&quot;0&quot; cellspacing=&quot;0&quot; width=&quot;99%&quot; style=&quot;font-family:Lucida Sans;font-size:12&quot; id=&quot;tableid2&quot;&gt;&lt;colgroup span=&quot;22&quot;&gt;&lt;/colgroup&gt;&lt;tr style=&quot;background-color: #CCDDFF;&quot; class=&quot;header&quot;&gt;&lt;td style=&quot;vertical-align:top;text-align:left; padding: 0px; font-weight: bold; &quot; width=&quot;4%&quot;&gt;Routing ID&lt;/td&gt;&lt;td style=&quot;vertical-align:top;text-align:left; padding: 0px; font-weight: bold; &quot; width=&quot;4%&quot;&gt;Description&lt;/td&gt;&lt;td style=&quot;vertical-align:top;text-align:left; padding: 0px; font-weight: bold; &quot; width=&quot;4%&quot;&gt;Segregation&lt;/td&gt;&lt;td style=&quot;vertical-align:top;text-align:left; padding: 0px; font-weight: bold; &quot; width=&quot;4%&quot;&gt;SystemCode&lt;/td&gt;&lt;td style=&quot;vertical-align:top;text-align:left; padding: 0px; font-weight: bold; &quot; width=&quot;4%&quot;&gt;Unmodified Length&lt;/td&gt;&lt;td style=&quot;vertical-align:top;text-align:left; padding: 0px; font-weight: bold; &quot; width=&quot;4%&quot;&gt;Max Length&lt;/td&gt;&lt;td style=&quot;vertical-align:top;text-align:left; padding: 0px; font-weight: bold; &quot; width=&quot;4%&quot;&gt;Min Length&lt;/td&gt;&lt;td style=&quot;vertical-align:top;text-align:left; padding: 0px; font-weight: bold; &quot; width=&quot;4%&quot;&gt;Bundling&lt;/td&gt;&lt;td style=&quot;vertical-align:top;text-align:left; padding: 0px; font-weight: bold; &quot; width=&quot;4%&quot;&gt;Grouping&lt;/td&gt;&lt;td style=&quot;vertical-align:top;text-align:left; padding: 0px; font-weight: bold; &quot; width=&quot;4%&quot;&gt;Multiplier&lt;/td&gt;&lt;td style=&quot;vertical-align:top;text-align:left; padding: 0px; font-weight: bold; &quot; width=&quot;4%&quot;&gt;Multiplier suffixes&lt;/td&gt;&lt;td style=&quot;vertical-align:top;text-align:left; padding: 0..." type="chs.FileServices$FSComparisonFailure">chs.FileServices$FSComparisonFailure: Differences found : 
Golden: &apos;C:\repos\iesd\chs_home\bld\testdata\temp\chs\common\reporting\TeamcenterLogicComponentBOMTest\reports\config1\DesignNameBasedOnPinOrdering.golden.html&apos;
Actual: &apos;C:\repos\iesd\chs_home\bld\testdata\temp\chs\common\reporting\TeamcenterLogicComponentBOMTest\reports\config1\DesignNameBasedOnPinOrdering.actual.html&apos;
mv &apos;C:\repos\iesd\chs_home\bld\testdata\temp\chs\common\reporting\TeamcenterLogicComponentBOMTest\reports\config1\DesignNameBasedOnPinOrdering.actual.html&apos; &apos;C:\repos\iesd\chs_home\bld\testdata\temp\chs\common\reporting\TeamcenterLogicComponentBOMTest\reports\config1\DesignNameBasedOnPinOrdering.golden.html&apos;

Changed : Exp:1 - Act: 1
Exp: &lt;html xmlns:xs=&quot;http://www.w3.org/2001/XMLSchema&quot;&gt;&lt;head&gt;&lt;title&gt;Teamcenter Logic Component BOM&lt;/title&gt;&lt;script language=&quot;javascript&quot; src=&quot;/reporter/scripts/commonscript.js&quot;&gt;&lt;/script&gt;&lt;/head&gt;&lt;body onload=&quot;javascript:initializeReportPage(&apos;report.xsl&apos;)&quot;&gt;&lt;table border=&quot;0&quot; width=&quot;99%&quot;&gt;&lt;colgroup span=&quot;3&quot;&gt;&lt;/colgroup&gt;&lt;tr class=&quot;topRow&quot;&gt;&lt;td style=&quot;width:30%&quot; align=&quot;left&quot; valign=&quot;middle&quot;&gt;&lt;img id=&quot;MGLOGO&quot; width=&quot;137&quot; height=&quot;24&quot; src=&quot;/reporter/images/SiemensLogo.png&quot; /&gt;&lt;b&gt;&lt;/b&gt;&lt;/td&gt;&lt;td width=&quot;49%&quot; align=&quot;center&quot; valign=&quot;middle&quot;&gt;&lt;table width=&quot;100%&quot; border=&quot;0&quot;&gt;&lt;colgroup span=&quot;2&quot;&gt;&lt;/colgroup&gt;&lt;tr&gt;&lt;td width=&quot;25%&quot; align=&quot;left&quot;&gt;&lt;b style=&quot;color: green&quot;&gt;Report&lt;/b&gt;&lt;/td&gt;&lt;td width=&quot;75%&quot; align=&quot;left&quot;&gt;&lt;p style=&quot;color: green&quot;&gt;Teamcenter Logic Component BOM&lt;/p&gt;&lt;/td&gt;&lt;/tr&gt;&lt;tr&gt;&lt;td width=&quot;25%&quot; align=&quot;left&quot;&gt;&lt;b style=&quot;color: green&quot;&gt;User&lt;/b&gt;&lt;/td&gt;&lt;td width=&quot;75%&quot; align=&quot;left&quot;&gt;&lt;i style=&quot;color: green&quot;&gt;system&lt;/i&gt;&lt;/td&gt;&lt;/tr&gt;&lt;/table&gt;&lt;/td&gt;&lt;td align=&quot;right&quot; valign=&quot;middle&quot; width=&quot;20%&quot;&gt;&lt;img id=&quot;puck&quot; border=&quot;0&quot; width=&quot;100&quot; height=&quot;80&quot; src=&quot;/reporter/images/puck_smaller.jpg&quot; /&gt;&lt;b&gt;&lt;/b&gt;&lt;/td&gt;&lt;/tr&gt;&lt;/table&gt;&lt;table border=&quot;0&quot; cellpadding=&quot;0&quot; cellspacing=&quot;0&quot; width=&quot;99%&quot; style=&quot;font-family:Lucida Sans;font-size:12&quot; id=&quot;tableid1&quot;&gt;&lt;colgroup span=&quot;10&quot;&gt;&lt;/colgroup&gt;&lt;tr style=&quot;background-color: #CCDDFF;&quot; class=&quot;header&quot;&gt;&lt;td style=&quot;vertical-align:top;text-align:left; padding: 0px; font-weight: bold; &quot; width=&quot;10%&quot;&gt;Routing ID&lt;/td&gt;&lt;td style=&quot;vertical-align:top;text-align:left; padding: 0px; font-weight: bold; &quot; width=&quot;10%&quot;&gt;PDM_ID&lt;/td&gt;&lt;td style=&quot;vertical-align:top;text-align:left; padding: 0px; font-weight: bold; &quot; width=&quot;10%&quot;&gt;PDM_REV&lt;/td&gt;&lt;td style=&quot;vertical-align:top;text-align:left; padding: 0px; font-weight: bold; &quot; width=&quot;10%&quot;&gt;PDM_TYPE&lt;/td&gt;&lt;td style=&quot;vertical-align:top;text-align:left; padding: 0px; font-weight: bold; &quot; width=&quot;10%&quot;&gt;PDM_NAME&lt;/td&gt;&lt;td style=&quot;vertical-align:top;text-align:left; padding: 0px; font-weight: bold; &quot; width=&quot;10%&quot;&gt;Description&lt;/td&gt;&lt;td style=&quot;vertical-align:top;text-align:left; padding: 0px; font-weight: bold; &quot; width=&quot;10%&quot;&gt;SystemCode&lt;/td&gt;&lt;td style=&quot;vertical-align:top;text-align:left; padding: 0px; font-weight: bold; &quot; width=&quot;10%&quot;&gt;Room&lt;/td&gt;&lt;td style=&quot;vertical-align:top;text-align:left; padding: 0px; font-weight: bold; &quot; width=&quot;10%&quot;&gt;DesignRemarks&lt;/td&gt;&lt;td style=&quot;vertical-align:top;text-align:left; padding: 0px; font-weight: bold; &quot; width=&quot;10%&quot;&gt;Quantity&lt;/td&gt;&lt;/tr&gt;&lt;tr style=&quot;white-space: pre-wrap;background-color: #E4E4E4;&quot;&gt;&lt;td&gt;Design1:1:DEV4&lt;/td&gt;&lt;td&gt;&lt;/td&gt;&lt;td&gt;&lt;/td&gt;&lt;td&gt;&lt;/td&gt;&lt;td&gt;&lt;/td&gt;&lt;td&gt;&lt;/td&gt;&lt;td&gt;&lt;/td&gt;&lt;td&gt;&lt;/td&gt;&lt;td&gt;&lt;/td&gt;&lt;td&gt;1&lt;/td&gt;&lt;/tr&gt;&lt;tr style=&quot;white-space: pre-wrap;&quot;&gt;&lt;td&gt;Design1:1:DEV4&lt;/td&gt;&lt;td&gt;&lt;/td&gt;&lt;td&gt;&lt;/td&gt;&lt;td&gt;&lt;/td&gt;&lt;td&gt;&lt;/td&gt;&lt;td&gt;&lt;/td&gt;&lt;td&gt;&lt;/td&gt;&lt;td&gt;&lt;/td&gt;&lt;td&gt;&lt;/td&gt;&lt;td&gt;1&lt;/td&gt;&lt;/tr&gt;&lt;tr style=&quot;white-space: pre-wrap;background-color: #E4E4E4;&quot;&gt;&lt;td&gt;Design1:1:DEV5&lt;/td&gt;&lt;td&gt;&lt;/td&gt;&lt;td&gt;&lt;/td&gt;&lt;td&gt;&lt;/td&gt;&lt;td&gt;&lt;/td&gt;&lt;td&gt;&lt;/td&gt;&lt;td&gt;&lt;/td&gt;&lt;td&gt;&lt;/td&gt;&lt;td&gt;&lt;/td&gt;&lt;td&gt;1&lt;/td&gt;&lt;/tr&gt;&lt;/table&gt;&lt;table border=&quot;0&quot; cellpadding=&quot;0&quot; cellspacing=&quot;0&quot; width=&quot;99%&quot; style=&quot;font-family:Lucida Sans;font-size:12&quot; id=&quot;tableid2&quot;&gt;&lt;colgroup span=&quot;22&quot;&gt;&lt;/colgroup&gt;&lt;tr style=&quot;background-color: #CCDDFF;&quot; class=&quot;header&quot;&gt;&lt;td style=&quot;vertical-align:top;text-align:left; padding: 0px; font-weight: bold; &quot; width=&quot;4%&quot;&gt;Routing ID&lt;/td&gt;&lt;td style=&quot;vertical-align:top;text-align:left; padding: 0px; font-weight: bold; &quot; width=&quot;4%&quot;&gt;Description&lt;/td&gt;&lt;td style=&quot;vertical-align:top;text-align:left; padding: 0px; font-weight: bold; &quot; width=&quot;4%&quot;&gt;Segregation&lt;/td&gt;&lt;td style=&quot;vertical-align:top;text-align:left; padding: 0px; font-weight: bold; &quot; width=&quot;4%&quot;&gt;SystemCode&lt;/td&gt;&lt;td style=&quot;vertical-align:top;text-align:left; padding: 0px; font-weight: bold; &quot; width=&quot;4%&quot;&gt;Unmodified Length&lt;/td&gt;&lt;td style=&quot;vertical-align:top;text-align:left; padding: 0px; font-weight: bold; &quot; width=&quot;4%&quot;&gt;Max Length&lt;/td&gt;&lt;td style=&quot;vertical-align:top;text-align:left; padding: 0px; font-weight: bold; &quot; width=&quot;4%&quot;&gt;Min Length&lt;/td&gt;&lt;td style=&quot;vertical-align:top;text-align:left; padding: 0px; font-weight: bold; &quot; width=&quot;4%&quot;&gt;Bundling&lt;/td&gt;&lt;td style=&quot;vertical-align:top;text-align:left; padding: 0px; font-weight: bold; &quot; width=&quot;4%&quot;&gt;Grouping&lt;/td&gt;&lt;td style=&quot;vertical-align:top;text-align:left; padding: 0px; font-weight: bold; &quot; width=&quot;4%&quot;&gt;Multiplier&lt;/td&gt;&lt;td style=&quot;vertical-align:top;text-align:left; padding: 0px; font-weight: bold; &quot; width=&quot;4%&quot;&gt;Multiplier suffixes&lt;/td&gt;&lt;td style=&quot;vertical-align:top;text-align:left; padding: 0...
	at chs.common.reporting.ReportTestCase.createAndCompareReports(ReportTestCase.java:102)
	at chs.common.reporting.TeamcenterLogicComponentBOMTest.testReportContent(TeamcenterLogicComponentBOMTest.java:105)
	at chs.common.reporting.TeamcenterLogicComponentBOMTest.testReportWithConfigFile(TeamcenterLogicComponentBOMTest.java:126)
	at chs.common.reporting.TeamcenterLogicComponentBOMTest.testLogicComponentBOMReport(TeamcenterLogicComponentBOMTest.java:110)
</failure>
  </testcase>
  <testcase classname="chs.common.reporting.TeamcenterLogicComponentBOMTest" name="testLogicComponentBOMReport[1]" time="1.145">
    <failure message="Differences found : &#xa;Golden: &apos;C:\repos\iesd\chs_home\bld\testdata\temp\chs\common\reporting\TeamcenterLogicComponentBOMTest\reports\config2\DesignNameBasedOnPinOrdering.golden.html&apos;&#xa;Actual: &apos;C:\repos\iesd\chs_home\bld\testdata\temp\chs\common\reporting\TeamcenterLogicComponentBOMTest\reports\config2\DesignNameBasedOnPinOrdering.actual.html&apos;&#xa;mv &apos;C:\repos\iesd\chs_home\bld\testdata\temp\chs\common\reporting\TeamcenterLogicComponentBOMTest\reports\config2\DesignNameBasedOnPinOrdering.actual.html&apos; &apos;C:\repos\iesd\chs_home\bld\testdata\temp\chs\common\reporting\TeamcenterLogicComponentBOMTest\reports\config2\DesignNameBasedOnPinOrdering.golden.html&apos;&#xa;&#xa;Changed : Exp:1 - Act: 1&#xa;Exp: &lt;html xmlns:xs=&quot;http://www.w3.org/2001/XMLSchema&quot;&gt;&lt;head&gt;&lt;title&gt;Teamcenter Logic Component BOM&lt;/title&gt;&lt;script language=&quot;javascript&quot; src=&quot;/reporter/scripts/commonscript.js&quot;&gt;&lt;/script&gt;&lt;/head&gt;&lt;body onload=&quot;javascript:initializeReportPage(&apos;report.xsl&apos;)&quot;&gt;&lt;table border=&quot;0&quot; width=&quot;99%&quot;&gt;&lt;colgroup span=&quot;3&quot;&gt;&lt;/colgroup&gt;&lt;tr class=&quot;topRow&quot;&gt;&lt;td style=&quot;width:30%&quot; align=&quot;left&quot; valign=&quot;middle&quot;&gt;&lt;img id=&quot;MGLOGO&quot; width=&quot;137&quot; height=&quot;24&quot; src=&quot;/reporter/images/SiemensLogo.png&quot; /&gt;&lt;b&gt;&lt;/b&gt;&lt;/td&gt;&lt;td width=&quot;49%&quot; align=&quot;center&quot; valign=&quot;middle&quot;&gt;&lt;table width=&quot;100%&quot; border=&quot;0&quot;&gt;&lt;colgroup span=&quot;2&quot;&gt;&lt;/colgroup&gt;&lt;tr&gt;&lt;td width=&quot;25%&quot; align=&quot;left&quot;&gt;&lt;b style=&quot;color: green&quot;&gt;Report&lt;/b&gt;&lt;/td&gt;&lt;td width=&quot;75%&quot; align=&quot;left&quot;&gt;&lt;p style=&quot;color: green&quot;&gt;Teamcenter Logic Component BOM&lt;/p&gt;&lt;/td&gt;&lt;/tr&gt;&lt;tr&gt;&lt;td width=&quot;25%&quot; align=&quot;left&quot;&gt;&lt;b style=&quot;color: green&quot;&gt;User&lt;/b&gt;&lt;/td&gt;&lt;td width=&quot;75%&quot; align=&quot;left&quot;&gt;&lt;i style=&quot;color: green&quot;&gt;system&lt;/i&gt;&lt;/td&gt;&lt;/tr&gt;&lt;/table&gt;&lt;/td&gt;&lt;td align=&quot;right&quot; valign=&quot;middle&quot; width=&quot;20%&quot;&gt;&lt;img id=&quot;puck&quot; border=&quot;0&quot; width=&quot;100&quot; height=&quot;80&quot; src=&quot;/reporter/images/puck_smaller.jpg&quot; /&gt;&lt;b&gt;&lt;/b&gt;&lt;/td&gt;&lt;/tr&gt;&lt;/table&gt;&lt;table border=&quot;0&quot; cellpadding=&quot;0&quot; cellspacing=&quot;0&quot; width=&quot;99%&quot; style=&quot;font-family:Lucida Sans;font-size:12&quot; id=&quot;tableid1&quot;&gt;&lt;colgroup span=&quot;9&quot;&gt;&lt;/colgroup&gt;&lt;tr style=&quot;background-color: #CCDDFF;&quot; class=&quot;header&quot;&gt;&lt;td style=&quot;vertical-align:top;text-align:left; padding: 0px; font-weight: bold; &quot; width=&quot;11%&quot;&gt;Routing ID&lt;/td&gt;&lt;td style=&quot;vertical-align:top;text-align:left; padding: 0px; font-weight: bold; &quot; width=&quot;11%&quot;&gt;PDM_ID&lt;/td&gt;&lt;td style=&quot;vertical-align:top;text-align:left; padding: 0px; font-weight: bold; &quot; width=&quot;11%&quot;&gt;PDM_REV&lt;/td&gt;&lt;td style=&quot;vertical-align:top;text-align:left; padding: 0px; font-weight: bold; &quot; width=&quot;11%&quot;&gt;PDM_TYPE&lt;/td&gt;&lt;td style=&quot;vertical-align:top;text-align:left; padding: 0px; font-weight: bold; &quot; width=&quot;11%&quot;&gt;PDM_NAME&lt;/td&gt;&lt;td style=&quot;vertical-align:top;text-align:left; padding: 0px; font-weight: bold; &quot; width=&quot;11%&quot;&gt;Description&lt;/td&gt;&lt;td style=&quot;vertical-align:top;text-align:left; padding: 0px; font-weight: bold; &quot; width=&quot;11%&quot;&gt;SystemCode&lt;/td&gt;&lt;td style=&quot;vertical-align:top;text-align:left; padding: 0px; font-weight: bold; &quot; width=&quot;11%&quot;&gt;Room&lt;/td&gt;&lt;td style=&quot;vertical-align:top;text-align:left; padding: 0px; font-weight: bold; &quot; width=&quot;11%&quot;&gt;DesignRemarks&lt;/td&gt;&lt;/tr&gt;&lt;tr style=&quot;white-space: pre-wrap;background-color: #E4E4E4;&quot;&gt;&lt;td&gt;Design1:1:DEV4&lt;/td&gt;&lt;td&gt;&lt;/td&gt;&lt;td&gt;&lt;/td&gt;&lt;td&gt;&lt;/td&gt;&lt;td&gt;&lt;/td&gt;&lt;td&gt;&lt;/td&gt;&lt;td&gt;&lt;/td&gt;&lt;td&gt;&lt;/td&gt;&lt;td&gt;&lt;/td&gt;&lt;/tr&gt;&lt;tr style=&quot;white-space: pre-wrap;&quot;&gt;&lt;td&gt;Design1:1:DEV4&lt;/td&gt;&lt;td&gt;&lt;/td&gt;&lt;td&gt;&lt;/td&gt;&lt;td&gt;&lt;/td&gt;&lt;td&gt;&lt;/td&gt;&lt;td&gt;&lt;/td&gt;&lt;td&gt;&lt;/td&gt;&lt;td&gt;&lt;/td&gt;&lt;td&gt;&lt;/td&gt;&lt;/tr&gt;&lt;tr style=&quot;white-space: pre-wrap;background-color: #E4E4E4;&quot;&gt;&lt;td&gt;Design1:1:DEV5&lt;/td&gt;&lt;td&gt;&lt;/td&gt;&lt;td&gt;&lt;/td&gt;&lt;td&gt;&lt;/td&gt;&lt;td&gt;&lt;/td&gt;&lt;td&gt;&lt;/td&gt;&lt;td&gt;&lt;/td&gt;&lt;td&gt;&lt;/td&gt;&lt;td&gt;&lt;/td&gt;&lt;/tr&gt;&lt;/table&gt;&lt;table border=&quot;0&quot; cellpadding=&quot;0&quot; cellspacing=&quot;0&quot; width=&quot;99%&quot; style=&quot;font-family:Lucida Sans;font-size:12&quot; id=&quot;tableid2&quot;&gt;&lt;colgroup span=&quot;22&quot;&gt;&lt;/colgroup&gt;&lt;tr style=&quot;background-color: #CCDDFF;&quot; class=&quot;header&quot;&gt;&lt;td style=&quot;vertical-align:top;text-align:left; padding: 0px; font-weight: bold; &quot; width=&quot;4%&quot;&gt;Routing ID&lt;/td&gt;&lt;td style=&quot;vertical-align:top;text-align:left; padding: 0px; font-weight: bold; &quot; width=&quot;4%&quot;&gt;Unmodified Length&lt;/td&gt;&lt;td style=&quot;vertical-align:top;text-align:left; padding: 0px; font-weight: bold; &quot; width=&quot;4%&quot;&gt;Max Length&lt;/td&gt;&lt;td style=&quot;vertical-align:top;text-align:left; padding: 0px; font-weight: bold; &quot; width=&quot;4%&quot;&gt;Min Length&lt;/td&gt;&lt;td style=&quot;vertical-align:top;text-align:left; padding: 0px; font-weight: bold; &quot; width=&quot;4%&quot;&gt;PDM_ID&lt;/td&gt;&lt;td style=&quot;vertical-align:top;text-align:left; padding: 0px; font-weight: bold; &quot; width=&quot;4%&quot;&gt;PDM_REV&lt;/td&gt;&lt;td style=&quot;vertical-align:top;text-align:left; padding: 0px; font-weight: bold; &quot; width=&quot;4%&quot;&gt;PDM_TYPE&lt;/td&gt;&lt;td style=&quot;vertical-align:top;text-align:left; padding: 0px; font-weight: bold; &quot; width=&quot;4%&quot;&gt;PDM_NAME&lt;/td&gt;&lt;td style=&quot;vertical-align:top;text-align:left; padding: 0px; font-weight: bold; &quot; width=&quot;4%&quot;&gt;Segregation&lt;/td&gt;&lt;td style=&quot;vertical-align:top;text-align:left; padding: 0px; font-weight: bold; &quot; width=&quot;4%&quot;&gt;From Device PDM_ID&lt;/td&gt;&lt;td style=&quot;vertical-align:top;text-align:left; padding: 0px; font-weight: bold; &quot; width=&quot;4%&quot;&gt;From Device PDM_REV&lt;/td&gt;&lt;td style=&quot;vertical-align:top;text-align:left; padding: 0px; font-weight: bold; &quot; width=&quot;4%&quot;&gt;From Device PDM_TYPE&lt;/td&gt;&lt;td style=&quot;vertical-align:top;text-align:left; padding: 0px; font-weight: bol..." type="chs.FileServices$FSComparisonFailure">chs.FileServices$FSComparisonFailure: Differences found : 
Golden: &apos;C:\repos\iesd\chs_home\bld\testdata\temp\chs\common\reporting\TeamcenterLogicComponentBOMTest\reports\config2\DesignNameBasedOnPinOrdering.golden.html&apos;
Actual: &apos;C:\repos\iesd\chs_home\bld\testdata\temp\chs\common\reporting\TeamcenterLogicComponentBOMTest\reports\config2\DesignNameBasedOnPinOrdering.actual.html&apos;
mv &apos;C:\repos\iesd\chs_home\bld\testdata\temp\chs\common\reporting\TeamcenterLogicComponentBOMTest\reports\config2\DesignNameBasedOnPinOrdering.actual.html&apos; &apos;C:\repos\iesd\chs_home\bld\testdata\temp\chs\common\reporting\TeamcenterLogicComponentBOMTest\reports\config2\DesignNameBasedOnPinOrdering.golden.html&apos;

Changed : Exp:1 - Act: 1
Exp: &lt;html xmlns:xs=&quot;http://www.w3.org/2001/XMLSchema&quot;&gt;&lt;head&gt;&lt;title&gt;Teamcenter Logic Component BOM&lt;/title&gt;&lt;script language=&quot;javascript&quot; src=&quot;/reporter/scripts/commonscript.js&quot;&gt;&lt;/script&gt;&lt;/head&gt;&lt;body onload=&quot;javascript:initializeReportPage(&apos;report.xsl&apos;)&quot;&gt;&lt;table border=&quot;0&quot; width=&quot;99%&quot;&gt;&lt;colgroup span=&quot;3&quot;&gt;&lt;/colgroup&gt;&lt;tr class=&quot;topRow&quot;&gt;&lt;td style=&quot;width:30%&quot; align=&quot;left&quot; valign=&quot;middle&quot;&gt;&lt;img id=&quot;MGLOGO&quot; width=&quot;137&quot; height=&quot;24&quot; src=&quot;/reporter/images/SiemensLogo.png&quot; /&gt;&lt;b&gt;&lt;/b&gt;&lt;/td&gt;&lt;td width=&quot;49%&quot; align=&quot;center&quot; valign=&quot;middle&quot;&gt;&lt;table width=&quot;100%&quot; border=&quot;0&quot;&gt;&lt;colgroup span=&quot;2&quot;&gt;&lt;/colgroup&gt;&lt;tr&gt;&lt;td width=&quot;25%&quot; align=&quot;left&quot;&gt;&lt;b style=&quot;color: green&quot;&gt;Report&lt;/b&gt;&lt;/td&gt;&lt;td width=&quot;75%&quot; align=&quot;left&quot;&gt;&lt;p style=&quot;color: green&quot;&gt;Teamcenter Logic Component BOM&lt;/p&gt;&lt;/td&gt;&lt;/tr&gt;&lt;tr&gt;&lt;td width=&quot;25%&quot; align=&quot;left&quot;&gt;&lt;b style=&quot;color: green&quot;&gt;User&lt;/b&gt;&lt;/td&gt;&lt;td width=&quot;75%&quot; align=&quot;left&quot;&gt;&lt;i style=&quot;color: green&quot;&gt;system&lt;/i&gt;&lt;/td&gt;&lt;/tr&gt;&lt;/table&gt;&lt;/td&gt;&lt;td align=&quot;right&quot; valign=&quot;middle&quot; width=&quot;20%&quot;&gt;&lt;img id=&quot;puck&quot; border=&quot;0&quot; width=&quot;100&quot; height=&quot;80&quot; src=&quot;/reporter/images/puck_smaller.jpg&quot; /&gt;&lt;b&gt;&lt;/b&gt;&lt;/td&gt;&lt;/tr&gt;&lt;/table&gt;&lt;table border=&quot;0&quot; cellpadding=&quot;0&quot; cellspacing=&quot;0&quot; width=&quot;99%&quot; style=&quot;font-family:Lucida Sans;font-size:12&quot; id=&quot;tableid1&quot;&gt;&lt;colgroup span=&quot;9&quot;&gt;&lt;/colgroup&gt;&lt;tr style=&quot;background-color: #CCDDFF;&quot; class=&quot;header&quot;&gt;&lt;td style=&quot;vertical-align:top;text-align:left; padding: 0px; font-weight: bold; &quot; width=&quot;11%&quot;&gt;Routing ID&lt;/td&gt;&lt;td style=&quot;vertical-align:top;text-align:left; padding: 0px; font-weight: bold; &quot; width=&quot;11%&quot;&gt;PDM_ID&lt;/td&gt;&lt;td style=&quot;vertical-align:top;text-align:left; padding: 0px; font-weight: bold; &quot; width=&quot;11%&quot;&gt;PDM_REV&lt;/td&gt;&lt;td style=&quot;vertical-align:top;text-align:left; padding: 0px; font-weight: bold; &quot; width=&quot;11%&quot;&gt;PDM_TYPE&lt;/td&gt;&lt;td style=&quot;vertical-align:top;text-align:left; padding: 0px; font-weight: bold; &quot; width=&quot;11%&quot;&gt;PDM_NAME&lt;/td&gt;&lt;td style=&quot;vertical-align:top;text-align:left; padding: 0px; font-weight: bold; &quot; width=&quot;11%&quot;&gt;Description&lt;/td&gt;&lt;td style=&quot;vertical-align:top;text-align:left; padding: 0px; font-weight: bold; &quot; width=&quot;11%&quot;&gt;SystemCode&lt;/td&gt;&lt;td style=&quot;vertical-align:top;text-align:left; padding: 0px; font-weight: bold; &quot; width=&quot;11%&quot;&gt;Room&lt;/td&gt;&lt;td style=&quot;vertical-align:top;text-align:left; padding: 0px; font-weight: bold; &quot; width=&quot;11%&quot;&gt;DesignRemarks&lt;/td&gt;&lt;/tr&gt;&lt;tr style=&quot;white-space: pre-wrap;background-color: #E4E4E4;&quot;&gt;&lt;td&gt;Design1:1:DEV4&lt;/td&gt;&lt;td&gt;&lt;/td&gt;&lt;td&gt;&lt;/td&gt;&lt;td&gt;&lt;/td&gt;&lt;td&gt;&lt;/td&gt;&lt;td&gt;&lt;/td&gt;&lt;td&gt;&lt;/td&gt;&lt;td&gt;&lt;/td&gt;&lt;td&gt;&lt;/td&gt;&lt;/tr&gt;&lt;tr style=&quot;white-space: pre-wrap;&quot;&gt;&lt;td&gt;Design1:1:DEV4&lt;/td&gt;&lt;td&gt;&lt;/td&gt;&lt;td&gt;&lt;/td&gt;&lt;td&gt;&lt;/td&gt;&lt;td&gt;&lt;/td&gt;&lt;td&gt;&lt;/td&gt;&lt;td&gt;&lt;/td&gt;&lt;td&gt;&lt;/td&gt;&lt;td&gt;&lt;/td&gt;&lt;/tr&gt;&lt;tr style=&quot;white-space: pre-wrap;background-color: #E4E4E4;&quot;&gt;&lt;td&gt;Design1:1:DEV5&lt;/td&gt;&lt;td&gt;&lt;/td&gt;&lt;td&gt;&lt;/td&gt;&lt;td&gt;&lt;/td&gt;&lt;td&gt;&lt;/td&gt;&lt;td&gt;&lt;/td&gt;&lt;td&gt;&lt;/td&gt;&lt;td&gt;&lt;/td&gt;&lt;td&gt;&lt;/td&gt;&lt;/tr&gt;&lt;/table&gt;&lt;table border=&quot;0&quot; cellpadding=&quot;0&quot; cellspacing=&quot;0&quot; width=&quot;99%&quot; style=&quot;font-family:Lucida Sans;font-size:12&quot; id=&quot;tableid2&quot;&gt;&lt;colgroup span=&quot;22&quot;&gt;&lt;/colgroup&gt;&lt;tr style=&quot;background-color: #CCDDFF;&quot; class=&quot;header&quot;&gt;&lt;td style=&quot;vertical-align:top;text-align:left; padding: 0px; font-weight: bold; &quot; width=&quot;4%&quot;&gt;Routing ID&lt;/td&gt;&lt;td style=&quot;vertical-align:top;text-align:left; padding: 0px; font-weight: bold; &quot; width=&quot;4%&quot;&gt;Unmodified Length&lt;/td&gt;&lt;td style=&quot;vertical-align:top;text-align:left; padding: 0px; font-weight: bold; &quot; width=&quot;4%&quot;&gt;Max Length&lt;/td&gt;&lt;td style=&quot;vertical-align:top;text-align:left; padding: 0px; font-weight: bold; &quot; width=&quot;4%&quot;&gt;Min Length&lt;/td&gt;&lt;td style=&quot;vertical-align:top;text-align:left; padding: 0px; font-weight: bold; &quot; width=&quot;4%&quot;&gt;PDM_ID&lt;/td&gt;&lt;td style=&quot;vertical-align:top;text-align:left; padding: 0px; font-weight: bold; &quot; width=&quot;4%&quot;&gt;PDM_REV&lt;/td&gt;&lt;td style=&quot;vertical-align:top;text-align:left; padding: 0px; font-weight: bold; &quot; width=&quot;4%&quot;&gt;PDM_TYPE&lt;/td&gt;&lt;td style=&quot;vertical-align:top;text-align:left; padding: 0px; font-weight: bold; &quot; width=&quot;4%&quot;&gt;PDM_NAME&lt;/td&gt;&lt;td style=&quot;vertical-align:top;text-align:left; padding: 0px; font-weight: bold; &quot; width=&quot;4%&quot;&gt;Segregation&lt;/td&gt;&lt;td style=&quot;vertical-align:top;text-align:left; padding: 0px; font-weight: bold; &quot; width=&quot;4%&quot;&gt;From Device PDM_ID&lt;/td&gt;&lt;td style=&quot;vertical-align:top;text-align:left; padding: 0px; font-weight: bold; &quot; width=&quot;4%&quot;&gt;From Device PDM_REV&lt;/td&gt;&lt;td style=&quot;vertical-align:top;text-align:left; padding: 0px; font-weight: bold; &quot; width=&quot;4%&quot;&gt;From Device PDM_TYPE&lt;/td&gt;&lt;td style=&quot;vertical-align:top;text-align:left; padding: 0px; font-weight: bol...
	at chs.common.reporting.ReportTestCase.createAndCompareReports(ReportTestCase.java:102)
	at chs.common.reporting.TeamcenterLogicComponentBOMTest.testReportContent(TeamcenterLogicComponentBOMTest.java:105)
	at chs.common.reporting.TeamcenterLogicComponentBOMTest.testReportWithConfigFile(TeamcenterLogicComponentBOMTest.java:126)
	at chs.common.reporting.TeamcenterLogicComponentBOMTest.testLogicComponentBOMReport(TeamcenterLogicComponentBOMTest.java:110)
</failure>
  </testcase>
  <testcase classname="chs.common.reporting.TeamcenterLogicComponentBOMTest" name="testLogicComponentBOMReport[2]" time="1.031">
    <failure message="Differences found : &#xa;Golden: &apos;C:\repos\iesd\chs_home\bld\testdata\temp\chs\common\reporting\TeamcenterLogicComponentBOMTest\reports\config3\DesignNameBasedOnPinOrdering.golden.html&apos;&#xa;Actual: &apos;C:\repos\iesd\chs_home\bld\testdata\temp\chs\common\reporting\TeamcenterLogicComponentBOMTest\reports\config3\DesignNameBasedOnPinOrdering.actual.html&apos;&#xa;mv &apos;C:\repos\iesd\chs_home\bld\testdata\temp\chs\common\reporting\TeamcenterLogicComponentBOMTest\reports\config3\DesignNameBasedOnPinOrdering.actual.html&apos; &apos;C:\repos\iesd\chs_home\bld\testdata\temp\chs\common\reporting\TeamcenterLogicComponentBOMTest\reports\config3\DesignNameBasedOnPinOrdering.golden.html&apos;&#xa;&#xa;Changed : Exp:1 - Act: 1&#xa;Exp: &lt;html xmlns:xs=&quot;http://www.w3.org/2001/XMLSchema&quot;&gt;&lt;head&gt;&lt;title&gt;Teamcenter Logic Component BOM&lt;/title&gt;&lt;script language=&quot;javascript&quot; src=&quot;/reporter/scripts/commonscript.js&quot;&gt;&lt;/script&gt;&lt;/head&gt;&lt;body onload=&quot;javascript:initializeReportPage(&apos;report.xsl&apos;)&quot;&gt;&lt;table border=&quot;0&quot; width=&quot;99%&quot;&gt;&lt;colgroup span=&quot;3&quot;&gt;&lt;/colgroup&gt;&lt;tr class=&quot;topRow&quot;&gt;&lt;td style=&quot;width:30%&quot; align=&quot;left&quot; valign=&quot;middle&quot;&gt;&lt;img id=&quot;MGLOGO&quot; width=&quot;137&quot; height=&quot;24&quot; src=&quot;/reporter/images/SiemensLogo.png&quot; /&gt;&lt;b&gt;&lt;/b&gt;&lt;/td&gt;&lt;td width=&quot;49%&quot; align=&quot;center&quot; valign=&quot;middle&quot;&gt;&lt;table width=&quot;100%&quot; border=&quot;0&quot;&gt;&lt;colgroup span=&quot;2&quot;&gt;&lt;/colgroup&gt;&lt;tr&gt;&lt;td width=&quot;25%&quot; align=&quot;left&quot;&gt;&lt;b style=&quot;color: green&quot;&gt;Report&lt;/b&gt;&lt;/td&gt;&lt;td width=&quot;75%&quot; align=&quot;left&quot;&gt;&lt;p style=&quot;color: green&quot;&gt;Teamcenter Logic Component BOM&lt;/p&gt;&lt;/td&gt;&lt;/tr&gt;&lt;tr&gt;&lt;td width=&quot;25%&quot; align=&quot;left&quot;&gt;&lt;b style=&quot;color: green&quot;&gt;User&lt;/b&gt;&lt;/td&gt;&lt;td width=&quot;75%&quot; align=&quot;left&quot;&gt;&lt;i style=&quot;color: green&quot;&gt;system&lt;/i&gt;&lt;/td&gt;&lt;/tr&gt;&lt;/table&gt;&lt;/td&gt;&lt;td align=&quot;right&quot; valign=&quot;middle&quot; width=&quot;20%&quot;&gt;&lt;img id=&quot;puck&quot; border=&quot;0&quot; width=&quot;100&quot; height=&quot;80&quot; src=&quot;/reporter/images/puck_smaller.jpg&quot; /&gt;&lt;b&gt;&lt;/b&gt;&lt;/td&gt;&lt;/tr&gt;&lt;/table&gt;&lt;table border=&quot;0&quot; cellpadding=&quot;0&quot; cellspacing=&quot;0&quot; width=&quot;99%&quot; style=&quot;font-family:Lucida Sans;font-size:12&quot; id=&quot;tableid1&quot;&gt;&lt;colgroup span=&quot;10&quot;&gt;&lt;/colgroup&gt;&lt;tr style=&quot;background-color: #CCDDFF;&quot; class=&quot;header&quot;&gt;&lt;td style=&quot;vertical-align:top;text-align:left; padding: 0px; font-weight: bold; &quot; width=&quot;10%&quot;&gt;Routing ID&lt;/td&gt;&lt;td style=&quot;vertical-align:top;text-align:left; padding: 0px; font-weight: bold; &quot; width=&quot;10%&quot;&gt;ICD name and Revision&lt;/td&gt;&lt;td style=&quot;vertical-align:top;text-align:left; padding: 0px; font-weight: bold; &quot; width=&quot;10%&quot;&gt;PDM_ID&lt;/td&gt;&lt;td style=&quot;vertical-align:top;text-align:left; padding: 0px; font-weight: bold; &quot; width=&quot;10%&quot;&gt;PDM_REV&lt;/td&gt;&lt;td style=&quot;vertical-align:top;text-align:left; padding: 0px; font-weight: bold; &quot; width=&quot;10%&quot;&gt;PDM_TYPE&lt;/td&gt;&lt;td style=&quot;vertical-align:top;text-align:left; padding: 0px; font-weight: bold; &quot; width=&quot;10%&quot;&gt;PDM_NAME&lt;/td&gt;&lt;td style=&quot;vertical-align:top;text-align:left; padding: 0px; font-weight: bold; &quot; width=&quot;10%&quot;&gt;Description&lt;/td&gt;&lt;td style=&quot;vertical-align:top;text-align:left; padding: 0px; font-weight: bold; &quot; width=&quot;10%&quot;&gt;SystemCode&lt;/td&gt;&lt;td style=&quot;vertical-align:top;text-align:left; padding: 0px; font-weight: bold; &quot; width=&quot;10%&quot;&gt;Room&lt;/td&gt;&lt;td style=&quot;vertical-align:top;text-align:left; padding: 0px; font-weight: bold; &quot; width=&quot;10%&quot;&gt;DesignRemarks&lt;/td&gt;&lt;/tr&gt;&lt;tr style=&quot;white-space: pre-wrap;background-color: #E4E4E4;&quot;&gt;&lt;td&gt;&lt;/td&gt;&lt;td&gt;ICD1&lt;/td&gt;&lt;td&gt;&lt;/td&gt;&lt;td&gt;&lt;/td&gt;&lt;td&gt;&lt;/td&gt;&lt;td&gt;&lt;/td&gt;&lt;td&gt;&lt;/td&gt;&lt;td&gt;&lt;/td&gt;&lt;td&gt;&lt;/td&gt;&lt;td&gt;&lt;/td&gt;&lt;/tr&gt;&lt;tr style=&quot;white-space: pre-wrap;&quot;&gt;&lt;td&gt;&lt;/td&gt;&lt;td&gt;ICD1&lt;/td&gt;&lt;td&gt;&lt;/td&gt;&lt;td&gt;&lt;/td&gt;&lt;td&gt;&lt;/td&gt;&lt;td&gt;&lt;/td&gt;&lt;td&gt;&lt;/td&gt;&lt;td&gt;&lt;/td&gt;&lt;td&gt;&lt;/td&gt;&lt;td&gt;&lt;/td&gt;&lt;/tr&gt;&lt;tr style=&quot;white-space: pre-wrap;background-color: #E4E4E4;&quot;&gt;&lt;td&gt;&lt;/td&gt;&lt;td&gt;ICD2&lt;/td&gt;&lt;td&gt;&lt;/td&gt;&lt;td&gt;&lt;/td&gt;&lt;td&gt;&lt;/td&gt;&lt;td&gt;&lt;/td&gt;&lt;td&gt;&lt;/td&gt;&lt;td&gt;&lt;/td&gt;&lt;td&gt;&lt;/td&gt;&lt;td&gt;&lt;/td&gt;&lt;/tr&gt;&lt;/table&gt;&lt;table border=&quot;0&quot; cellpadding=&quot;0&quot; cellspacing=&quot;0&quot; width=&quot;99%&quot; style=&quot;font-family:Lucida Sans;font-size:12&quot; id=&quot;tableid2&quot;&gt;&lt;colgroup span=&quot;22&quot;&gt;&lt;/colgroup&gt;&lt;tr style=&quot;background-color: #CCDDFF;&quot; class=&quot;header&quot;&gt;&lt;td style=&quot;vertical-align:top;text-align:left; padding: 0px; font-weight: bold; &quot; width=&quot;4%&quot;&gt;Routing ID&lt;/td&gt;&lt;td style=&quot;vertical-align:top;text-align:left; padding: 0px; font-weight: bold; &quot; width=&quot;4%&quot;&gt;Unmodified Length&lt;/td&gt;&lt;td style=&quot;vertical-align:top;text-align:left; padding: 0px; font-weight: bold; &quot; width=&quot;4%&quot;&gt;Max Length&lt;/td&gt;&lt;td style=&quot;vertical-align:top;text-align:left; padding: 0px; font-weight: bold; &quot; width=&quot;4%&quot;&gt;Min Length&lt;/td&gt;&lt;td style=&quot;vertical-align:top;text-align:left; padding: 0px; font-weight: bold; &quot; width=&quot;4%&quot;&gt;PDM_ID&lt;/td&gt;&lt;td style=&quot;vertical-align:top;text-align:left; padding: 0px; font-weight: bold; &quot; width=&quot;4%&quot;&gt;PDM_REV&lt;/td&gt;&lt;td style=&quot;vertical-align:top;text-align:left; padding: 0px; font-weight: bold; &quot; width=&quot;4%&quot;&gt;PDM_TYPE&lt;/td&gt;&lt;td style=&quot;vertical-align:top;text-align:left; padding: 0px; font-weight: bold; &quot; width=&quot;4%&quot;&gt;PDM_NAME&lt;/td&gt;&lt;td style=&quot;vertical-align:top;text-align:left; padding: 0px; font-weight: bold; &quot; width=&quot;4%&quot;&gt;Segregation&lt;/td&gt;&lt;td style=&quot;vertical-align:top;text-align:left; padding: 0px; font-weight: bold; &quot; width=&quot;4%&quot;&gt;From Device PDM_ID&lt;/td&gt;&lt;td style=&quot;vertical-align:top;text-align:left; padding: 0px; font-weight: bold; &quot; width=&quot;4%&quot;&gt;From Device PDM_REV&lt;/td&gt;&lt;td style=&quot;vertical-align:top;text-align:left; padding: 0px; font-weight: bol..." type="chs.FileServices$FSComparisonFailure">chs.FileServices$FSComparisonFailure: Differences found : 
Golden: &apos;C:\repos\iesd\chs_home\bld\testdata\temp\chs\common\reporting\TeamcenterLogicComponentBOMTest\reports\config3\DesignNameBasedOnPinOrdering.golden.html&apos;
Actual: &apos;C:\repos\iesd\chs_home\bld\testdata\temp\chs\common\reporting\TeamcenterLogicComponentBOMTest\reports\config3\DesignNameBasedOnPinOrdering.actual.html&apos;
mv &apos;C:\repos\iesd\chs_home\bld\testdata\temp\chs\common\reporting\TeamcenterLogicComponentBOMTest\reports\config3\DesignNameBasedOnPinOrdering.actual.html&apos; &apos;C:\repos\iesd\chs_home\bld\testdata\temp\chs\common\reporting\TeamcenterLogicComponentBOMTest\reports\config3\DesignNameBasedOnPinOrdering.golden.html&apos;

Changed : Exp:1 - Act: 1
Exp: &lt;html xmlns:xs=&quot;http://www.w3.org/2001/XMLSchema&quot;&gt;&lt;head&gt;&lt;title&gt;Teamcenter Logic Component BOM&lt;/title&gt;&lt;script language=&quot;javascript&quot; src=&quot;/reporter/scripts/commonscript.js&quot;&gt;&lt;/script&gt;&lt;/head&gt;&lt;body onload=&quot;javascript:initializeReportPage(&apos;report.xsl&apos;)&quot;&gt;&lt;table border=&quot;0&quot; width=&quot;99%&quot;&gt;&lt;colgroup span=&quot;3&quot;&gt;&lt;/colgroup&gt;&lt;tr class=&quot;topRow&quot;&gt;&lt;td style=&quot;width:30%&quot; align=&quot;left&quot; valign=&quot;middle&quot;&gt;&lt;img id=&quot;MGLOGO&quot; width=&quot;137&quot; height=&quot;24&quot; src=&quot;/reporter/images/SiemensLogo.png&quot; /&gt;&lt;b&gt;&lt;/b&gt;&lt;/td&gt;&lt;td width=&quot;49%&quot; align=&quot;center&quot; valign=&quot;middle&quot;&gt;&lt;table width=&quot;100%&quot; border=&quot;0&quot;&gt;&lt;colgroup span=&quot;2&quot;&gt;&lt;/colgroup&gt;&lt;tr&gt;&lt;td width=&quot;25%&quot; align=&quot;left&quot;&gt;&lt;b style=&quot;color: green&quot;&gt;Report&lt;/b&gt;&lt;/td&gt;&lt;td width=&quot;75%&quot; align=&quot;left&quot;&gt;&lt;p style=&quot;color: green&quot;&gt;Teamcenter Logic Component BOM&lt;/p&gt;&lt;/td&gt;&lt;/tr&gt;&lt;tr&gt;&lt;td width=&quot;25%&quot; align=&quot;left&quot;&gt;&lt;b style=&quot;color: green&quot;&gt;User&lt;/b&gt;&lt;/td&gt;&lt;td width=&quot;75%&quot; align=&quot;left&quot;&gt;&lt;i style=&quot;color: green&quot;&gt;system&lt;/i&gt;&lt;/td&gt;&lt;/tr&gt;&lt;/table&gt;&lt;/td&gt;&lt;td align=&quot;right&quot; valign=&quot;middle&quot; width=&quot;20%&quot;&gt;&lt;img id=&quot;puck&quot; border=&quot;0&quot; width=&quot;100&quot; height=&quot;80&quot; src=&quot;/reporter/images/puck_smaller.jpg&quot; /&gt;&lt;b&gt;&lt;/b&gt;&lt;/td&gt;&lt;/tr&gt;&lt;/table&gt;&lt;table border=&quot;0&quot; cellpadding=&quot;0&quot; cellspacing=&quot;0&quot; width=&quot;99%&quot; style=&quot;font-family:Lucida Sans;font-size:12&quot; id=&quot;tableid1&quot;&gt;&lt;colgroup span=&quot;10&quot;&gt;&lt;/colgroup&gt;&lt;tr style=&quot;background-color: #CCDDFF;&quot; class=&quot;header&quot;&gt;&lt;td style=&quot;vertical-align:top;text-align:left; padding: 0px; font-weight: bold; &quot; width=&quot;10%&quot;&gt;Routing ID&lt;/td&gt;&lt;td style=&quot;vertical-align:top;text-align:left; padding: 0px; font-weight: bold; &quot; width=&quot;10%&quot;&gt;ICD name and Revision&lt;/td&gt;&lt;td style=&quot;vertical-align:top;text-align:left; padding: 0px; font-weight: bold; &quot; width=&quot;10%&quot;&gt;PDM_ID&lt;/td&gt;&lt;td style=&quot;vertical-align:top;text-align:left; padding: 0px; font-weight: bold; &quot; width=&quot;10%&quot;&gt;PDM_REV&lt;/td&gt;&lt;td style=&quot;vertical-align:top;text-align:left; padding: 0px; font-weight: bold; &quot; width=&quot;10%&quot;&gt;PDM_TYPE&lt;/td&gt;&lt;td style=&quot;vertical-align:top;text-align:left; padding: 0px; font-weight: bold; &quot; width=&quot;10%&quot;&gt;PDM_NAME&lt;/td&gt;&lt;td style=&quot;vertical-align:top;text-align:left; padding: 0px; font-weight: bold; &quot; width=&quot;10%&quot;&gt;Description&lt;/td&gt;&lt;td style=&quot;vertical-align:top;text-align:left; padding: 0px; font-weight: bold; &quot; width=&quot;10%&quot;&gt;SystemCode&lt;/td&gt;&lt;td style=&quot;vertical-align:top;text-align:left; padding: 0px; font-weight: bold; &quot; width=&quot;10%&quot;&gt;Room&lt;/td&gt;&lt;td style=&quot;vertical-align:top;text-align:left; padding: 0px; font-weight: bold; &quot; width=&quot;10%&quot;&gt;DesignRemarks&lt;/td&gt;&lt;/tr&gt;&lt;tr style=&quot;white-space: pre-wrap;background-color: #E4E4E4;&quot;&gt;&lt;td&gt;&lt;/td&gt;&lt;td&gt;ICD1&lt;/td&gt;&lt;td&gt;&lt;/td&gt;&lt;td&gt;&lt;/td&gt;&lt;td&gt;&lt;/td&gt;&lt;td&gt;&lt;/td&gt;&lt;td&gt;&lt;/td&gt;&lt;td&gt;&lt;/td&gt;&lt;td&gt;&lt;/td&gt;&lt;td&gt;&lt;/td&gt;&lt;/tr&gt;&lt;tr style=&quot;white-space: pre-wrap;&quot;&gt;&lt;td&gt;&lt;/td&gt;&lt;td&gt;ICD1&lt;/td&gt;&lt;td&gt;&lt;/td&gt;&lt;td&gt;&lt;/td&gt;&lt;td&gt;&lt;/td&gt;&lt;td&gt;&lt;/td&gt;&lt;td&gt;&lt;/td&gt;&lt;td&gt;&lt;/td&gt;&lt;td&gt;&lt;/td&gt;&lt;td&gt;&lt;/td&gt;&lt;/tr&gt;&lt;tr style=&quot;white-space: pre-wrap;background-color: #E4E4E4;&quot;&gt;&lt;td&gt;&lt;/td&gt;&lt;td&gt;ICD2&lt;/td&gt;&lt;td&gt;&lt;/td&gt;&lt;td&gt;&lt;/td&gt;&lt;td&gt;&lt;/td&gt;&lt;td&gt;&lt;/td&gt;&lt;td&gt;&lt;/td&gt;&lt;td&gt;&lt;/td&gt;&lt;td&gt;&lt;/td&gt;&lt;td&gt;&lt;/td&gt;&lt;/tr&gt;&lt;/table&gt;&lt;table border=&quot;0&quot; cellpadding=&quot;0&quot; cellspacing=&quot;0&quot; width=&quot;99%&quot; style=&quot;font-family:Lucida Sans;font-size:12&quot; id=&quot;tableid2&quot;&gt;&lt;colgroup span=&quot;22&quot;&gt;&lt;/colgroup&gt;&lt;tr style=&quot;background-color: #CCDDFF;&quot; class=&quot;header&quot;&gt;&lt;td style=&quot;vertical-align:top;text-align:left; padding: 0px; font-weight: bold; &quot; width=&quot;4%&quot;&gt;Routing ID&lt;/td&gt;&lt;td style=&quot;vertical-align:top;text-align:left; padding: 0px; font-weight: bold; &quot; width=&quot;4%&quot;&gt;Unmodified Length&lt;/td&gt;&lt;td style=&quot;vertical-align:top;text-align:left; padding: 0px; font-weight: bold; &quot; width=&quot;4%&quot;&gt;Max Length&lt;/td&gt;&lt;td style=&quot;vertical-align:top;text-align:left; padding: 0px; font-weight: bold; &quot; width=&quot;4%&quot;&gt;Min Length&lt;/td&gt;&lt;td style=&quot;vertical-align:top;text-align:left; padding: 0px; font-weight: bold; &quot; width=&quot;4%&quot;&gt;PDM_ID&lt;/td&gt;&lt;td style=&quot;vertical-align:top;text-align:left; padding: 0px; font-weight: bold; &quot; width=&quot;4%&quot;&gt;PDM_REV&lt;/td&gt;&lt;td style=&quot;vertical-align:top;text-align:left; padding: 0px; font-weight: bold; &quot; width=&quot;4%&quot;&gt;PDM_TYPE&lt;/td&gt;&lt;td style=&quot;vertical-align:top;text-align:left; padding: 0px; font-weight: bold; &quot; width=&quot;4%&quot;&gt;PDM_NAME&lt;/td&gt;&lt;td style=&quot;vertical-align:top;text-align:left; padding: 0px; font-weight: bold; &quot; width=&quot;4%&quot;&gt;Segregation&lt;/td&gt;&lt;td style=&quot;vertical-align:top;text-align:left; padding: 0px; font-weight: bold; &quot; width=&quot;4%&quot;&gt;From Device PDM_ID&lt;/td&gt;&lt;td style=&quot;vertical-align:top;text-align:left; padding: 0px; font-weight: bold; &quot; width=&quot;4%&quot;&gt;From Device PDM_REV&lt;/td&gt;&lt;td style=&quot;vertical-align:top;text-align:left; padding: 0px; font-weight: bol...
	at chs.common.reporting.ReportTestCase.createAndCompareReports(ReportTestCase.java:102)
	at chs.common.reporting.TeamcenterLogicComponentBOMTest.testReportContent(TeamcenterLogicComponentBOMTest.java:105)
	at chs.common.reporting.TeamcenterLogicComponentBOMTest.testReportWithConfigFile(TeamcenterLogicComponentBOMTest.java:126)
	at chs.common.reporting.TeamcenterLogicComponentBOMTest.testLogicComponentBOMReport(TeamcenterLogicComponentBOMTest.java:110)
</failure>
  </testcase>
  <testcase classname="chs.common.reporting.TeamcenterLogicComponentBOMTest" name="testLogicComponentBOMReport[3]" time="1.644">
    <failure message="Differences found : &#xa;Golden: &apos;C:\repos\iesd\chs_home\bld\testdata\temp\chs\common\reporting\TeamcenterLogicComponentBOMTest\reports\config1\DeviceAndMulticoreWithAllProps.golden.html&apos;&#xa;Actual: &apos;C:\repos\iesd\chs_home\bld\testdata\temp\chs\common\reporting\TeamcenterLogicComponentBOMTest\reports\config1\DeviceAndMulticoreWithAllProps.actual.html&apos;&#xa;mv &apos;C:\repos\iesd\chs_home\bld\testdata\temp\chs\common\reporting\TeamcenterLogicComponentBOMTest\reports\config1\DeviceAndMulticoreWithAllProps.actual.html&apos; &apos;C:\repos\iesd\chs_home\bld\testdata\temp\chs\common\reporting\TeamcenterLogicComponentBOMTest\reports\config1\DeviceAndMulticoreWithAllProps.golden.html&apos;&#xa;&#xa;Changed : Exp:1 - Act: 1&#xa;Exp: &lt;html xmlns:xs=&quot;http://www.w3.org/2001/XMLSchema&quot;&gt;&lt;head&gt;&lt;title&gt;Teamcenter Logic Component BOM&lt;/title&gt;&lt;script language=&quot;javascript&quot; src=&quot;/reporter/scripts/commonscript.js&quot;&gt;&lt;/script&gt;&lt;/head&gt;&lt;body onload=&quot;javascript:initializeReportPage(&apos;report.xsl&apos;)&quot;&gt;&lt;table border=&quot;0&quot; width=&quot;99%&quot;&gt;&lt;colgroup span=&quot;3&quot;&gt;&lt;/colgroup&gt;&lt;tr class=&quot;topRow&quot;&gt;&lt;td style=&quot;width:30%&quot; align=&quot;left&quot; valign=&quot;middle&quot;&gt;&lt;img id=&quot;MGLOGO&quot; width=&quot;137&quot; height=&quot;24&quot; src=&quot;/reporter/images/SiemensLogo.png&quot; /&gt;&lt;b&gt;&lt;/b&gt;&lt;/td&gt;&lt;td width=&quot;49%&quot; align=&quot;center&quot; valign=&quot;middle&quot;&gt;&lt;table width=&quot;100%&quot; border=&quot;0&quot;&gt;&lt;colgroup span=&quot;2&quot;&gt;&lt;/colgroup&gt;&lt;tr&gt;&lt;td width=&quot;25%&quot; align=&quot;left&quot;&gt;&lt;b style=&quot;color: green&quot;&gt;Report&lt;/b&gt;&lt;/td&gt;&lt;td width=&quot;75%&quot; align=&quot;left&quot;&gt;&lt;p style=&quot;color: green&quot;&gt;Teamcenter Logic Component BOM&lt;/p&gt;&lt;/td&gt;&lt;/tr&gt;&lt;tr&gt;&lt;td width=&quot;25%&quot; align=&quot;left&quot;&gt;&lt;b style=&quot;color: green&quot;&gt;User&lt;/b&gt;&lt;/td&gt;&lt;td width=&quot;75%&quot; align=&quot;left&quot;&gt;&lt;i style=&quot;color: green&quot;&gt;system&lt;/i&gt;&lt;/td&gt;&lt;/tr&gt;&lt;/table&gt;&lt;/td&gt;&lt;td align=&quot;right&quot; valign=&quot;middle&quot; width=&quot;20%&quot;&gt;&lt;img id=&quot;puck&quot; border=&quot;0&quot; width=&quot;100&quot; height=&quot;80&quot; src=&quot;/reporter/images/puck_smaller.jpg&quot; /&gt;&lt;b&gt;&lt;/b&gt;&lt;/td&gt;&lt;/tr&gt;&lt;/table&gt;&lt;table border=&quot;0&quot; cellpadding=&quot;0&quot; cellspacing=&quot;0&quot; width=&quot;99%&quot; style=&quot;font-family:Lucida Sans;font-size:12&quot; id=&quot;tableid1&quot;&gt;&lt;colgroup span=&quot;10&quot;&gt;&lt;/colgroup&gt;&lt;tr style=&quot;background-color: #CCDDFF;&quot; class=&quot;header&quot;&gt;&lt;td style=&quot;vertical-align:top;text-align:left; padding: 0px; font-weight: bold; &quot; width=&quot;10%&quot;&gt;Routing ID&lt;/td&gt;&lt;td style=&quot;vertical-align:top;text-align:left; padding: 0px; font-weight: bold; &quot; width=&quot;10%&quot;&gt;PDM_ID&lt;/td&gt;&lt;td style=&quot;vertical-align:top;text-align:left; padding: 0px; font-weight: bold; &quot; width=&quot;10%&quot;&gt;PDM_REV&lt;/td&gt;&lt;td style=&quot;vertical-align:top;text-align:left; padding: 0px; font-weight: bold; &quot; width=&quot;10%&quot;&gt;PDM_TYPE&lt;/td&gt;&lt;td style=&quot;vertical-align:top;text-align:left; padding: 0px; font-weight: bold; &quot; width=&quot;10%&quot;&gt;PDM_NAME&lt;/td&gt;&lt;td style=&quot;vertical-align:top;text-align:left; padding: 0px; font-weight: bold; &quot; width=&quot;10%&quot;&gt;Description&lt;/td&gt;&lt;td style=&quot;vertical-align:top;text-align:left; padding: 0px; font-weight: bold; &quot; width=&quot;10%&quot;&gt;SystemCode&lt;/td&gt;&lt;td style=&quot;vertical-align:top;text-align:left; padding: 0px; font-weight: bold; &quot; width=&quot;10%&quot;&gt;Room&lt;/td&gt;&lt;td style=&quot;vertical-align:top;text-align:left; padding: 0px; font-weight: bold; &quot; width=&quot;10%&quot;&gt;DesignRemarks&lt;/td&gt;&lt;td style=&quot;vertical-align:top;text-align:left; padding: 0px; font-weight: bold; &quot; width=&quot;10%&quot;&gt;Quantity&lt;/td&gt;&lt;/tr&gt;&lt;tr style=&quot;white-space: pre-wrap;background-color: #E4E4E4;&quot;&gt;&lt;td&gt;Design1:1:DEV1&lt;/td&gt;&lt;td&gt;3456&lt;/td&gt;&lt;td&gt;1&lt;/td&gt;&lt;td&gt;Fnd0LogicalBlock&lt;/td&gt;&lt;td&gt;Des&lt;/td&gt;&lt;td&gt;&lt;/td&gt;&lt;td&gt;SYS&lt;/td&gt;&lt;td&gt;&lt;/td&gt;&lt;td&gt;R1&lt;/td&gt;&lt;td&gt;1&lt;/td&gt;&lt;/tr&gt;&lt;tr style=&quot;white-space: pre-wrap;&quot;&gt;&lt;td&gt;Design1:1:DEV2&lt;/td&gt;&lt;td&gt;Id2&lt;/td&gt;&lt;td&gt;3&lt;/td&gt;&lt;td&gt;&lt;/td&gt;&lt;td&gt;Device2&lt;/td&gt;&lt;td&gt;&lt;/td&gt;&lt;td&gt;&lt;/td&gt;&lt;td&gt;&lt;/td&gt;&lt;td&gt;&lt;/td&gt;&lt;td&gt;1&lt;/td&gt;&lt;/tr&gt;&lt;/table&gt;&lt;table border=&quot;0&quot; cellpadding=&quot;0&quot; cellspacing=&quot;0&quot; width=&quot;99%&quot; style=&quot;font-family:Lucida Sans;font-size:12&quot; id=&quot;tableid2&quot;&gt;&lt;colgroup span=&quot;22&quot;&gt;&lt;/colgroup&gt;&lt;tr style=&quot;background-color: #CCDDFF;&quot; class=&quot;header&quot;&gt;&lt;td style=&quot;vertical-align:top;text-align:left; padding: 0px; font-weight: bold; &quot; width=&quot;4%&quot;&gt;Routing ID&lt;/td&gt;&lt;td style=&quot;vertical-align:top;text-align:left; padding: 0px; font-weight: bold; &quot; width=&quot;4%&quot;&gt;Description&lt;/td&gt;&lt;td style=&quot;vertical-align:top;text-align:left; padding: 0px; font-weight: bold; &quot; width=&quot;4%&quot;&gt;Segregation&lt;/td&gt;&lt;td style=&quot;vertical-align:top;text-align:left; padding: 0px; font-weight: bold; &quot; width=&quot;4%&quot;&gt;SystemCode&lt;/td&gt;&lt;td style=&quot;vertical-align:top;text-align:left; padding: 0px; font-weight: bold; &quot; width=&quot;4%&quot;&gt;Unmodified Length&lt;/td&gt;&lt;td style=&quot;vertical-align:top;text-align:left; padding: 0px; font-weight: bold; &quot; width=&quot;4%&quot;&gt;Max Length&lt;/td&gt;&lt;td style=&quot;vertical-align:top;text-align:left; padding: 0px; font-weight: bold; &quot; width=&quot;4%&quot;&gt;Min Length&lt;/td&gt;&lt;td style=&quot;vertical-align:top;text-align:left; padding: 0px; font-weight: bold; &quot; width=&quot;4%&quot;&gt;Bundling&lt;/td&gt;&lt;td style=&quot;vertical-align:top;text-align:left; padding: 0px; font-weight: bold; &quot; width=&quot;4%&quot;&gt;Grouping&lt;/td&gt;&lt;td style=&quot;vertical-align:top;text-align:left; padding: 0px; font-weight: bold; &quot; width=&quot;4%&quot;&gt;Multiplier&lt;/td&gt;&lt;td style=&quot;vertical-align:top;text-align:left; padding: 0px; font-weight: bold; &quot; width=&quot;4%&quot;&gt;Multiplier suffixes&lt;/td&gt;&lt;td style=&quot;vertical-align:top;text-align:left; padding: 0px; font-weight: bold; &quot; width=&quot;4%&quot;&gt;PDM_ID&lt;/td&gt;&lt;td style=&quot;vertical-align:top;text-align:left; padding: 0px; font-weight: bo..." type="chs.FileServices$FSComparisonFailure">chs.FileServices$FSComparisonFailure: Differences found : 
Golden: &apos;C:\repos\iesd\chs_home\bld\testdata\temp\chs\common\reporting\TeamcenterLogicComponentBOMTest\reports\config1\DeviceAndMulticoreWithAllProps.golden.html&apos;
Actual: &apos;C:\repos\iesd\chs_home\bld\testdata\temp\chs\common\reporting\TeamcenterLogicComponentBOMTest\reports\config1\DeviceAndMulticoreWithAllProps.actual.html&apos;
mv &apos;C:\repos\iesd\chs_home\bld\testdata\temp\chs\common\reporting\TeamcenterLogicComponentBOMTest\reports\config1\DeviceAndMulticoreWithAllProps.actual.html&apos; &apos;C:\repos\iesd\chs_home\bld\testdata\temp\chs\common\reporting\TeamcenterLogicComponentBOMTest\reports\config1\DeviceAndMulticoreWithAllProps.golden.html&apos;

Changed : Exp:1 - Act: 1
Exp: &lt;html xmlns:xs=&quot;http://www.w3.org/2001/XMLSchema&quot;&gt;&lt;head&gt;&lt;title&gt;Teamcenter Logic Component BOM&lt;/title&gt;&lt;script language=&quot;javascript&quot; src=&quot;/reporter/scripts/commonscript.js&quot;&gt;&lt;/script&gt;&lt;/head&gt;&lt;body onload=&quot;javascript:initializeReportPage(&apos;report.xsl&apos;)&quot;&gt;&lt;table border=&quot;0&quot; width=&quot;99%&quot;&gt;&lt;colgroup span=&quot;3&quot;&gt;&lt;/colgroup&gt;&lt;tr class=&quot;topRow&quot;&gt;&lt;td style=&quot;width:30%&quot; align=&quot;left&quot; valign=&quot;middle&quot;&gt;&lt;img id=&quot;MGLOGO&quot; width=&quot;137&quot; height=&quot;24&quot; src=&quot;/reporter/images/SiemensLogo.png&quot; /&gt;&lt;b&gt;&lt;/b&gt;&lt;/td&gt;&lt;td width=&quot;49%&quot; align=&quot;center&quot; valign=&quot;middle&quot;&gt;&lt;table width=&quot;100%&quot; border=&quot;0&quot;&gt;&lt;colgroup span=&quot;2&quot;&gt;&lt;/colgroup&gt;&lt;tr&gt;&lt;td width=&quot;25%&quot; align=&quot;left&quot;&gt;&lt;b style=&quot;color: green&quot;&gt;Report&lt;/b&gt;&lt;/td&gt;&lt;td width=&quot;75%&quot; align=&quot;left&quot;&gt;&lt;p style=&quot;color: green&quot;&gt;Teamcenter Logic Component BOM&lt;/p&gt;&lt;/td&gt;&lt;/tr&gt;&lt;tr&gt;&lt;td width=&quot;25%&quot; align=&quot;left&quot;&gt;&lt;b style=&quot;color: green&quot;&gt;User&lt;/b&gt;&lt;/td&gt;&lt;td width=&quot;75%&quot; align=&quot;left&quot;&gt;&lt;i style=&quot;color: green&quot;&gt;system&lt;/i&gt;&lt;/td&gt;&lt;/tr&gt;&lt;/table&gt;&lt;/td&gt;&lt;td align=&quot;right&quot; valign=&quot;middle&quot; width=&quot;20%&quot;&gt;&lt;img id=&quot;puck&quot; border=&quot;0&quot; width=&quot;100&quot; height=&quot;80&quot; src=&quot;/reporter/images/puck_smaller.jpg&quot; /&gt;&lt;b&gt;&lt;/b&gt;&lt;/td&gt;&lt;/tr&gt;&lt;/table&gt;&lt;table border=&quot;0&quot; cellpadding=&quot;0&quot; cellspacing=&quot;0&quot; width=&quot;99%&quot; style=&quot;font-family:Lucida Sans;font-size:12&quot; id=&quot;tableid1&quot;&gt;&lt;colgroup span=&quot;10&quot;&gt;&lt;/colgroup&gt;&lt;tr style=&quot;background-color: #CCDDFF;&quot; class=&quot;header&quot;&gt;&lt;td style=&quot;vertical-align:top;text-align:left; padding: 0px; font-weight: bold; &quot; width=&quot;10%&quot;&gt;Routing ID&lt;/td&gt;&lt;td style=&quot;vertical-align:top;text-align:left; padding: 0px; font-weight: bold; &quot; width=&quot;10%&quot;&gt;PDM_ID&lt;/td&gt;&lt;td style=&quot;vertical-align:top;text-align:left; padding: 0px; font-weight: bold; &quot; width=&quot;10%&quot;&gt;PDM_REV&lt;/td&gt;&lt;td style=&quot;vertical-align:top;text-align:left; padding: 0px; font-weight: bold; &quot; width=&quot;10%&quot;&gt;PDM_TYPE&lt;/td&gt;&lt;td style=&quot;vertical-align:top;text-align:left; padding: 0px; font-weight: bold; &quot; width=&quot;10%&quot;&gt;PDM_NAME&lt;/td&gt;&lt;td style=&quot;vertical-align:top;text-align:left; padding: 0px; font-weight: bold; &quot; width=&quot;10%&quot;&gt;Description&lt;/td&gt;&lt;td style=&quot;vertical-align:top;text-align:left; padding: 0px; font-weight: bold; &quot; width=&quot;10%&quot;&gt;SystemCode&lt;/td&gt;&lt;td style=&quot;vertical-align:top;text-align:left; padding: 0px; font-weight: bold; &quot; width=&quot;10%&quot;&gt;Room&lt;/td&gt;&lt;td style=&quot;vertical-align:top;text-align:left; padding: 0px; font-weight: bold; &quot; width=&quot;10%&quot;&gt;DesignRemarks&lt;/td&gt;&lt;td style=&quot;vertical-align:top;text-align:left; padding: 0px; font-weight: bold; &quot; width=&quot;10%&quot;&gt;Quantity&lt;/td&gt;&lt;/tr&gt;&lt;tr style=&quot;white-space: pre-wrap;background-color: #E4E4E4;&quot;&gt;&lt;td&gt;Design1:1:DEV1&lt;/td&gt;&lt;td&gt;3456&lt;/td&gt;&lt;td&gt;1&lt;/td&gt;&lt;td&gt;Fnd0LogicalBlock&lt;/td&gt;&lt;td&gt;Des&lt;/td&gt;&lt;td&gt;&lt;/td&gt;&lt;td&gt;SYS&lt;/td&gt;&lt;td&gt;&lt;/td&gt;&lt;td&gt;R1&lt;/td&gt;&lt;td&gt;1&lt;/td&gt;&lt;/tr&gt;&lt;tr style=&quot;white-space: pre-wrap;&quot;&gt;&lt;td&gt;Design1:1:DEV2&lt;/td&gt;&lt;td&gt;Id2&lt;/td&gt;&lt;td&gt;3&lt;/td&gt;&lt;td&gt;&lt;/td&gt;&lt;td&gt;Device2&lt;/td&gt;&lt;td&gt;&lt;/td&gt;&lt;td&gt;&lt;/td&gt;&lt;td&gt;&lt;/td&gt;&lt;td&gt;&lt;/td&gt;&lt;td&gt;1&lt;/td&gt;&lt;/tr&gt;&lt;/table&gt;&lt;table border=&quot;0&quot; cellpadding=&quot;0&quot; cellspacing=&quot;0&quot; width=&quot;99%&quot; style=&quot;font-family:Lucida Sans;font-size:12&quot; id=&quot;tableid2&quot;&gt;&lt;colgroup span=&quot;22&quot;&gt;&lt;/colgroup&gt;&lt;tr style=&quot;background-color: #CCDDFF;&quot; class=&quot;header&quot;&gt;&lt;td style=&quot;vertical-align:top;text-align:left; padding: 0px; font-weight: bold; &quot; width=&quot;4%&quot;&gt;Routing ID&lt;/td&gt;&lt;td style=&quot;vertical-align:top;text-align:left; padding: 0px; font-weight: bold; &quot; width=&quot;4%&quot;&gt;Description&lt;/td&gt;&lt;td style=&quot;vertical-align:top;text-align:left; padding: 0px; font-weight: bold; &quot; width=&quot;4%&quot;&gt;Segregation&lt;/td&gt;&lt;td style=&quot;vertical-align:top;text-align:left; padding: 0px; font-weight: bold; &quot; width=&quot;4%&quot;&gt;SystemCode&lt;/td&gt;&lt;td style=&quot;vertical-align:top;text-align:left; padding: 0px; font-weight: bold; &quot; width=&quot;4%&quot;&gt;Unmodified Length&lt;/td&gt;&lt;td style=&quot;vertical-align:top;text-align:left; padding: 0px; font-weight: bold; &quot; width=&quot;4%&quot;&gt;Max Length&lt;/td&gt;&lt;td style=&quot;vertical-align:top;text-align:left; padding: 0px; font-weight: bold; &quot; width=&quot;4%&quot;&gt;Min Length&lt;/td&gt;&lt;td style=&quot;vertical-align:top;text-align:left; padding: 0px; font-weight: bold; &quot; width=&quot;4%&quot;&gt;Bundling&lt;/td&gt;&lt;td style=&quot;vertical-align:top;text-align:left; padding: 0px; font-weight: bold; &quot; width=&quot;4%&quot;&gt;Grouping&lt;/td&gt;&lt;td style=&quot;vertical-align:top;text-align:left; padding: 0px; font-weight: bold; &quot; width=&quot;4%&quot;&gt;Multiplier&lt;/td&gt;&lt;td style=&quot;vertical-align:top;text-align:left; padding: 0px; font-weight: bold; &quot; width=&quot;4%&quot;&gt;Multiplier suffixes&lt;/td&gt;&lt;td style=&quot;vertical-align:top;text-align:left; padding: 0px; font-weight: bold; &quot; width=&quot;4%&quot;&gt;PDM_ID&lt;/td&gt;&lt;td style=&quot;vertical-align:top;text-align:left; padding: 0px; font-weight: bo...
	at chs.common.reporting.ReportTestCase.createAndCompareReports(ReportTestCase.java:102)
	at chs.common.reporting.TeamcenterLogicComponentBOMTest.testReportContent(TeamcenterLogicComponentBOMTest.java:105)
	at chs.common.reporting.TeamcenterLogicComponentBOMTest.testReportWithConfigFile(TeamcenterLogicComponentBOMTest.java:126)
	at chs.common.reporting.TeamcenterLogicComponentBOMTest.testLogicComponentBOMReport(TeamcenterLogicComponentBOMTest.java:110)
</failure>
  </testcase>
  <testcase classname="chs.common.reporting.TeamcenterLogicComponentBOMTest" name="testLogicComponentBOMReport[4]" time="0.842">
    <failure message="Differences found : &#xa;Golden: &apos;C:\repos\iesd\chs_home\bld\testdata\temp\chs\common\reporting\TeamcenterLogicComponentBOMTest\reports\config2\DeviceAndMulticoreWithAllProps.golden.html&apos;&#xa;Actual: &apos;C:\repos\iesd\chs_home\bld\testdata\temp\chs\common\reporting\TeamcenterLogicComponentBOMTest\reports\config2\DeviceAndMulticoreWithAllProps.actual.html&apos;&#xa;mv &apos;C:\repos\iesd\chs_home\bld\testdata\temp\chs\common\reporting\TeamcenterLogicComponentBOMTest\reports\config2\DeviceAndMulticoreWithAllProps.actual.html&apos; &apos;C:\repos\iesd\chs_home\bld\testdata\temp\chs\common\reporting\TeamcenterLogicComponentBOMTest\reports\config2\DeviceAndMulticoreWithAllProps.golden.html&apos;&#xa;&#xa;Changed : Exp:1 - Act: 1&#xa;Exp: &lt;html xmlns:xs=&quot;http://www.w3.org/2001/XMLSchema&quot;&gt;&lt;head&gt;&lt;title&gt;Teamcenter Logic Component BOM&lt;/title&gt;&lt;script language=&quot;javascript&quot; src=&quot;/reporter/scripts/commonscript.js&quot;&gt;&lt;/script&gt;&lt;/head&gt;&lt;body onload=&quot;javascript:initializeReportPage(&apos;report.xsl&apos;)&quot;&gt;&lt;table border=&quot;0&quot; width=&quot;99%&quot;&gt;&lt;colgroup span=&quot;3&quot;&gt;&lt;/colgroup&gt;&lt;tr class=&quot;topRow&quot;&gt;&lt;td style=&quot;width:30%&quot; align=&quot;left&quot; valign=&quot;middle&quot;&gt;&lt;img id=&quot;MGLOGO&quot; width=&quot;137&quot; height=&quot;24&quot; src=&quot;/reporter/images/SiemensLogo.png&quot; /&gt;&lt;b&gt;&lt;/b&gt;&lt;/td&gt;&lt;td width=&quot;49%&quot; align=&quot;center&quot; valign=&quot;middle&quot;&gt;&lt;table width=&quot;100%&quot; border=&quot;0&quot;&gt;&lt;colgroup span=&quot;2&quot;&gt;&lt;/colgroup&gt;&lt;tr&gt;&lt;td width=&quot;25%&quot; align=&quot;left&quot;&gt;&lt;b style=&quot;color: green&quot;&gt;Report&lt;/b&gt;&lt;/td&gt;&lt;td width=&quot;75%&quot; align=&quot;left&quot;&gt;&lt;p style=&quot;color: green&quot;&gt;Teamcenter Logic Component BOM&lt;/p&gt;&lt;/td&gt;&lt;/tr&gt;&lt;tr&gt;&lt;td width=&quot;25%&quot; align=&quot;left&quot;&gt;&lt;b style=&quot;color: green&quot;&gt;User&lt;/b&gt;&lt;/td&gt;&lt;td width=&quot;75%&quot; align=&quot;left&quot;&gt;&lt;i style=&quot;color: green&quot;&gt;system&lt;/i&gt;&lt;/td&gt;&lt;/tr&gt;&lt;/table&gt;&lt;/td&gt;&lt;td align=&quot;right&quot; valign=&quot;middle&quot; width=&quot;20%&quot;&gt;&lt;img id=&quot;puck&quot; border=&quot;0&quot; width=&quot;100&quot; height=&quot;80&quot; src=&quot;/reporter/images/puck_smaller.jpg&quot; /&gt;&lt;b&gt;&lt;/b&gt;&lt;/td&gt;&lt;/tr&gt;&lt;/table&gt;&lt;table border=&quot;0&quot; cellpadding=&quot;0&quot; cellspacing=&quot;0&quot; width=&quot;99%&quot; style=&quot;font-family:Lucida Sans;font-size:12&quot; id=&quot;tableid1&quot;&gt;&lt;colgroup span=&quot;9&quot;&gt;&lt;/colgroup&gt;&lt;tr style=&quot;background-color: #CCDDFF;&quot; class=&quot;header&quot;&gt;&lt;td style=&quot;vertical-align:top;text-align:left; padding: 0px; font-weight: bold; &quot; width=&quot;11%&quot;&gt;Routing ID&lt;/td&gt;&lt;td style=&quot;vertical-align:top;text-align:left; padding: 0px; font-weight: bold; &quot; width=&quot;11%&quot;&gt;PDM_ID&lt;/td&gt;&lt;td style=&quot;vertical-align:top;text-align:left; padding: 0px; font-weight: bold; &quot; width=&quot;11%&quot;&gt;PDM_REV&lt;/td&gt;&lt;td style=&quot;vertical-align:top;text-align:left; padding: 0px; font-weight: bold; &quot; width=&quot;11%&quot;&gt;PDM_TYPE&lt;/td&gt;&lt;td style=&quot;vertical-align:top;text-align:left; padding: 0px; font-weight: bold; &quot; width=&quot;11%&quot;&gt;PDM_NAME&lt;/td&gt;&lt;td style=&quot;vertical-align:top;text-align:left; padding: 0px; font-weight: bold; &quot; width=&quot;11%&quot;&gt;Description&lt;/td&gt;&lt;td style=&quot;vertical-align:top;text-align:left; padding: 0px; font-weight: bold; &quot; width=&quot;11%&quot;&gt;SystemCode&lt;/td&gt;&lt;td style=&quot;vertical-align:top;text-align:left; padding: 0px; font-weight: bold; &quot; width=&quot;11%&quot;&gt;Room&lt;/td&gt;&lt;td style=&quot;vertical-align:top;text-align:left; padding: 0px; font-weight: bold; &quot; width=&quot;11%&quot;&gt;DesignRemarks&lt;/td&gt;&lt;/tr&gt;&lt;tr style=&quot;white-space: pre-wrap;background-color: #E4E4E4;&quot;&gt;&lt;td&gt;Design1:1:DEV1&lt;/td&gt;&lt;td&gt;3456&lt;/td&gt;&lt;td&gt;1&lt;/td&gt;&lt;td&gt;Fnd0LogicalBlock&lt;/td&gt;&lt;td&gt;Des&lt;/td&gt;&lt;td&gt;&lt;/td&gt;&lt;td&gt;&lt;/td&gt;&lt;td&gt;&lt;/td&gt;&lt;td&gt;R1&lt;/td&gt;&lt;/tr&gt;&lt;tr style=&quot;white-space: pre-wrap;&quot;&gt;&lt;td&gt;Design1:1:DEV2&lt;/td&gt;&lt;td&gt;Id2&lt;/td&gt;&lt;td&gt;3&lt;/td&gt;&lt;td&gt;&lt;/td&gt;&lt;td&gt;Device2&lt;/td&gt;&lt;td&gt;&lt;/td&gt;&lt;td&gt;&lt;/td&gt;&lt;td&gt;&lt;/td&gt;&lt;td&gt;&lt;/td&gt;&lt;/tr&gt;&lt;/table&gt;&lt;table border=&quot;0&quot; cellpadding=&quot;0&quot; cellspacing=&quot;0&quot; width=&quot;99%&quot; style=&quot;font-family:Lucida Sans;font-size:12&quot; id=&quot;tableid2&quot;&gt;&lt;colgroup span=&quot;22&quot;&gt;&lt;/colgroup&gt;&lt;tr style=&quot;background-color: #CCDDFF;&quot; class=&quot;header&quot;&gt;&lt;td style=&quot;vertical-align:top;text-align:left; padding: 0px; font-weight: bold; &quot; width=&quot;4%&quot;&gt;Routing ID&lt;/td&gt;&lt;td style=&quot;vertical-align:top;text-align:left; padding: 0px; font-weight: bold; &quot; width=&quot;4%&quot;&gt;Unmodified Length&lt;/td&gt;&lt;td style=&quot;vertical-align:top;text-align:left; padding: 0px; font-weight: bold; &quot; width=&quot;4%&quot;&gt;Max Length&lt;/td&gt;&lt;td style=&quot;vertical-align:top;text-align:left; padding: 0px; font-weight: bold; &quot; width=&quot;4%&quot;&gt;Min Length&lt;/td&gt;&lt;td style=&quot;vertical-align:top;text-align:left; padding: 0px; font-weight: bold; &quot; width=&quot;4%&quot;&gt;PDM_ID&lt;/td&gt;&lt;td style=&quot;vertical-align:top;text-align:left; padding: 0px; font-weight: bold; &quot; width=&quot;4%&quot;&gt;PDM_REV&lt;/td&gt;&lt;td style=&quot;vertical-align:top;text-align:left; padding: 0px; font-weight: bold; &quot; width=&quot;4%&quot;&gt;PDM_TYPE&lt;/td&gt;&lt;td style=&quot;vertical-align:top;text-align:left; padding: 0px; font-weight: bold; &quot; width=&quot;4%&quot;&gt;PDM_NAME&lt;/td&gt;&lt;td style=&quot;vertical-align:top;text-align:left; padding: 0px; font-weight: bold; &quot; width=&quot;4%&quot;&gt;Segregation&lt;/td&gt;&lt;td style=&quot;vertical-align:top;text-align:left; padding: 0px; font-weight: bold; &quot; width=&quot;4%&quot;&gt;From Device PDM_ID&lt;/td&gt;&lt;td style=&quot;vertical-align:top;text-align:left; padding: 0px; font-weight: bold; &quot; width=&quot;4%&quot;&gt;From Device PDM_REV&lt;/td&gt;&lt;td style=&quot;vertical-align:top;text-align:left; padding: 0px; font-weight: bold; &quot; width=&quot;4%&quot;&gt;From Device PDM_TYPE&lt;/td&gt;&lt;td style=&quot;vertical-align:top;text-align:left; padding: 0px; font-weight: bold; &quot; width=&quot;4%&quot;&gt;To Device PDM_ID&lt;/td&gt;&lt;td style=&quot;vertical-align:top;text-align:left; padding: 0px; font-weight: bold;..." type="chs.FileServices$FSComparisonFailure">chs.FileServices$FSComparisonFailure: Differences found : 
Golden: &apos;C:\repos\iesd\chs_home\bld\testdata\temp\chs\common\reporting\TeamcenterLogicComponentBOMTest\reports\config2\DeviceAndMulticoreWithAllProps.golden.html&apos;
Actual: &apos;C:\repos\iesd\chs_home\bld\testdata\temp\chs\common\reporting\TeamcenterLogicComponentBOMTest\reports\config2\DeviceAndMulticoreWithAllProps.actual.html&apos;
mv &apos;C:\repos\iesd\chs_home\bld\testdata\temp\chs\common\reporting\TeamcenterLogicComponentBOMTest\reports\config2\DeviceAndMulticoreWithAllProps.actual.html&apos; &apos;C:\repos\iesd\chs_home\bld\testdata\temp\chs\common\reporting\TeamcenterLogicComponentBOMTest\reports\config2\DeviceAndMulticoreWithAllProps.golden.html&apos;

Changed : Exp:1 - Act: 1
Exp: &lt;html xmlns:xs=&quot;http://www.w3.org/2001/XMLSchema&quot;&gt;&lt;head&gt;&lt;title&gt;Teamcenter Logic Component BOM&lt;/title&gt;&lt;script language=&quot;javascript&quot; src=&quot;/reporter/scripts/commonscript.js&quot;&gt;&lt;/script&gt;&lt;/head&gt;&lt;body onload=&quot;javascript:initializeReportPage(&apos;report.xsl&apos;)&quot;&gt;&lt;table border=&quot;0&quot; width=&quot;99%&quot;&gt;&lt;colgroup span=&quot;3&quot;&gt;&lt;/colgroup&gt;&lt;tr class=&quot;topRow&quot;&gt;&lt;td style=&quot;width:30%&quot; align=&quot;left&quot; valign=&quot;middle&quot;&gt;&lt;img id=&quot;MGLOGO&quot; width=&quot;137&quot; height=&quot;24&quot; src=&quot;/reporter/images/SiemensLogo.png&quot; /&gt;&lt;b&gt;&lt;/b&gt;&lt;/td&gt;&lt;td width=&quot;49%&quot; align=&quot;center&quot; valign=&quot;middle&quot;&gt;&lt;table width=&quot;100%&quot; border=&quot;0&quot;&gt;&lt;colgroup span=&quot;2&quot;&gt;&lt;/colgroup&gt;&lt;tr&gt;&lt;td width=&quot;25%&quot; align=&quot;left&quot;&gt;&lt;b style=&quot;color: green&quot;&gt;Report&lt;/b&gt;&lt;/td&gt;&lt;td width=&quot;75%&quot; align=&quot;left&quot;&gt;&lt;p style=&quot;color: green&quot;&gt;Teamcenter Logic Component BOM&lt;/p&gt;&lt;/td&gt;&lt;/tr&gt;&lt;tr&gt;&lt;td width=&quot;25%&quot; align=&quot;left&quot;&gt;&lt;b style=&quot;color: green&quot;&gt;User&lt;/b&gt;&lt;/td&gt;&lt;td width=&quot;75%&quot; align=&quot;left&quot;&gt;&lt;i style=&quot;color: green&quot;&gt;system&lt;/i&gt;&lt;/td&gt;&lt;/tr&gt;&lt;/table&gt;&lt;/td&gt;&lt;td align=&quot;right&quot; valign=&quot;middle&quot; width=&quot;20%&quot;&gt;&lt;img id=&quot;puck&quot; border=&quot;0&quot; width=&quot;100&quot; height=&quot;80&quot; src=&quot;/reporter/images/puck_smaller.jpg&quot; /&gt;&lt;b&gt;&lt;/b&gt;&lt;/td&gt;&lt;/tr&gt;&lt;/table&gt;&lt;table border=&quot;0&quot; cellpadding=&quot;0&quot; cellspacing=&quot;0&quot; width=&quot;99%&quot; style=&quot;font-family:Lucida Sans;font-size:12&quot; id=&quot;tableid1&quot;&gt;&lt;colgroup span=&quot;9&quot;&gt;&lt;/colgroup&gt;&lt;tr style=&quot;background-color: #CCDDFF;&quot; class=&quot;header&quot;&gt;&lt;td style=&quot;vertical-align:top;text-align:left; padding: 0px; font-weight: bold; &quot; width=&quot;11%&quot;&gt;Routing ID&lt;/td&gt;&lt;td style=&quot;vertical-align:top;text-align:left; padding: 0px; font-weight: bold; &quot; width=&quot;11%&quot;&gt;PDM_ID&lt;/td&gt;&lt;td style=&quot;vertical-align:top;text-align:left; padding: 0px; font-weight: bold; &quot; width=&quot;11%&quot;&gt;PDM_REV&lt;/td&gt;&lt;td style=&quot;vertical-align:top;text-align:left; padding: 0px; font-weight: bold; &quot; width=&quot;11%&quot;&gt;PDM_TYPE&lt;/td&gt;&lt;td style=&quot;vertical-align:top;text-align:left; padding: 0px; font-weight: bold; &quot; width=&quot;11%&quot;&gt;PDM_NAME&lt;/td&gt;&lt;td style=&quot;vertical-align:top;text-align:left; padding: 0px; font-weight: bold; &quot; width=&quot;11%&quot;&gt;Description&lt;/td&gt;&lt;td style=&quot;vertical-align:top;text-align:left; padding: 0px; font-weight: bold; &quot; width=&quot;11%&quot;&gt;SystemCode&lt;/td&gt;&lt;td style=&quot;vertical-align:top;text-align:left; padding: 0px; font-weight: bold; &quot; width=&quot;11%&quot;&gt;Room&lt;/td&gt;&lt;td style=&quot;vertical-align:top;text-align:left; padding: 0px; font-weight: bold; &quot; width=&quot;11%&quot;&gt;DesignRemarks&lt;/td&gt;&lt;/tr&gt;&lt;tr style=&quot;white-space: pre-wrap;background-color: #E4E4E4;&quot;&gt;&lt;td&gt;Design1:1:DEV1&lt;/td&gt;&lt;td&gt;3456&lt;/td&gt;&lt;td&gt;1&lt;/td&gt;&lt;td&gt;Fnd0LogicalBlock&lt;/td&gt;&lt;td&gt;Des&lt;/td&gt;&lt;td&gt;&lt;/td&gt;&lt;td&gt;&lt;/td&gt;&lt;td&gt;&lt;/td&gt;&lt;td&gt;R1&lt;/td&gt;&lt;/tr&gt;&lt;tr style=&quot;white-space: pre-wrap;&quot;&gt;&lt;td&gt;Design1:1:DEV2&lt;/td&gt;&lt;td&gt;Id2&lt;/td&gt;&lt;td&gt;3&lt;/td&gt;&lt;td&gt;&lt;/td&gt;&lt;td&gt;Device2&lt;/td&gt;&lt;td&gt;&lt;/td&gt;&lt;td&gt;&lt;/td&gt;&lt;td&gt;&lt;/td&gt;&lt;td&gt;&lt;/td&gt;&lt;/tr&gt;&lt;/table&gt;&lt;table border=&quot;0&quot; cellpadding=&quot;0&quot; cellspacing=&quot;0&quot; width=&quot;99%&quot; style=&quot;font-family:Lucida Sans;font-size:12&quot; id=&quot;tableid2&quot;&gt;&lt;colgroup span=&quot;22&quot;&gt;&lt;/colgroup&gt;&lt;tr style=&quot;background-color: #CCDDFF;&quot; class=&quot;header&quot;&gt;&lt;td style=&quot;vertical-align:top;text-align:left; padding: 0px; font-weight: bold; &quot; width=&quot;4%&quot;&gt;Routing ID&lt;/td&gt;&lt;td style=&quot;vertical-align:top;text-align:left; padding: 0px; font-weight: bold; &quot; width=&quot;4%&quot;&gt;Unmodified Length&lt;/td&gt;&lt;td style=&quot;vertical-align:top;text-align:left; padding: 0px; font-weight: bold; &quot; width=&quot;4%&quot;&gt;Max Length&lt;/td&gt;&lt;td style=&quot;vertical-align:top;text-align:left; padding: 0px; font-weight: bold; &quot; width=&quot;4%&quot;&gt;Min Length&lt;/td&gt;&lt;td style=&quot;vertical-align:top;text-align:left; padding: 0px; font-weight: bold; &quot; width=&quot;4%&quot;&gt;PDM_ID&lt;/td&gt;&lt;td style=&quot;vertical-align:top;text-align:left; padding: 0px; font-weight: bold; &quot; width=&quot;4%&quot;&gt;PDM_REV&lt;/td&gt;&lt;td style=&quot;vertical-align:top;text-align:left; padding: 0px; font-weight: bold; &quot; width=&quot;4%&quot;&gt;PDM_TYPE&lt;/td&gt;&lt;td style=&quot;vertical-align:top;text-align:left; padding: 0px; font-weight: bold; &quot; width=&quot;4%&quot;&gt;PDM_NAME&lt;/td&gt;&lt;td style=&quot;vertical-align:top;text-align:left; padding: 0px; font-weight: bold; &quot; width=&quot;4%&quot;&gt;Segregation&lt;/td&gt;&lt;td style=&quot;vertical-align:top;text-align:left; padding: 0px; font-weight: bold; &quot; width=&quot;4%&quot;&gt;From Device PDM_ID&lt;/td&gt;&lt;td style=&quot;vertical-align:top;text-align:left; padding: 0px; font-weight: bold; &quot; width=&quot;4%&quot;&gt;From Device PDM_REV&lt;/td&gt;&lt;td style=&quot;vertical-align:top;text-align:left; padding: 0px; font-weight: bold; &quot; width=&quot;4%&quot;&gt;From Device PDM_TYPE&lt;/td&gt;&lt;td style=&quot;vertical-align:top;text-align:left; padding: 0px; font-weight: bold; &quot; width=&quot;4%&quot;&gt;To Device PDM_ID&lt;/td&gt;&lt;td style=&quot;vertical-align:top;text-align:left; padding: 0px; font-weight: bold;...
	at chs.common.reporting.ReportTestCase.createAndCompareReports(ReportTestCase.java:102)
	at chs.common.reporting.TeamcenterLogicComponentBOMTest.testReportContent(TeamcenterLogicComponentBOMTest.java:105)
	at chs.common.reporting.TeamcenterLogicComponentBOMTest.testReportWithConfigFile(TeamcenterLogicComponentBOMTest.java:126)
	at chs.common.reporting.TeamcenterLogicComponentBOMTest.testLogicComponentBOMReport(TeamcenterLogicComponentBOMTest.java:110)
</failure>
  </testcase>
  <testcase classname="chs.common.reporting.TeamcenterLogicComponentBOMTest" name="testLogicComponentBOMReport[5]" time="0.901">
    <failure message="Differences found : &#xa;Golden: &apos;C:\repos\iesd\chs_home\bld\testdata\temp\chs\common\reporting\TeamcenterLogicComponentBOMTest\reports\config3\DeviceAndMulticoreWithAllProps.golden.html&apos;&#xa;Actual: &apos;C:\repos\iesd\chs_home\bld\testdata\temp\chs\common\reporting\TeamcenterLogicComponentBOMTest\reports\config3\DeviceAndMulticoreWithAllProps.actual.html&apos;&#xa;mv &apos;C:\repos\iesd\chs_home\bld\testdata\temp\chs\common\reporting\TeamcenterLogicComponentBOMTest\reports\config3\DeviceAndMulticoreWithAllProps.actual.html&apos; &apos;C:\repos\iesd\chs_home\bld\testdata\temp\chs\common\reporting\TeamcenterLogicComponentBOMTest\reports\config3\DeviceAndMulticoreWithAllProps.golden.html&apos;&#xa;&#xa;Changed : Exp:1 - Act: 1&#xa;Exp: &lt;html xmlns:xs=&quot;http://www.w3.org/2001/XMLSchema&quot;&gt;&lt;head&gt;&lt;title&gt;Teamcenter Logic Component BOM&lt;/title&gt;&lt;script language=&quot;javascript&quot; src=&quot;/reporter/scripts/commonscript.js&quot;&gt;&lt;/script&gt;&lt;/head&gt;&lt;body onload=&quot;javascript:initializeReportPage(&apos;report.xsl&apos;)&quot;&gt;&lt;table border=&quot;0&quot; width=&quot;99%&quot;&gt;&lt;colgroup span=&quot;3&quot;&gt;&lt;/colgroup&gt;&lt;tr class=&quot;topRow&quot;&gt;&lt;td style=&quot;width:30%&quot; align=&quot;left&quot; valign=&quot;middle&quot;&gt;&lt;img id=&quot;MGLOGO&quot; width=&quot;137&quot; height=&quot;24&quot; src=&quot;/reporter/images/SiemensLogo.png&quot; /&gt;&lt;b&gt;&lt;/b&gt;&lt;/td&gt;&lt;td width=&quot;49%&quot; align=&quot;center&quot; valign=&quot;middle&quot;&gt;&lt;table width=&quot;100%&quot; border=&quot;0&quot;&gt;&lt;colgroup span=&quot;2&quot;&gt;&lt;/colgroup&gt;&lt;tr&gt;&lt;td width=&quot;25%&quot; align=&quot;left&quot;&gt;&lt;b style=&quot;color: green&quot;&gt;Report&lt;/b&gt;&lt;/td&gt;&lt;td width=&quot;75%&quot; align=&quot;left&quot;&gt;&lt;p style=&quot;color: green&quot;&gt;Teamcenter Logic Component BOM&lt;/p&gt;&lt;/td&gt;&lt;/tr&gt;&lt;tr&gt;&lt;td width=&quot;25%&quot; align=&quot;left&quot;&gt;&lt;b style=&quot;color: green&quot;&gt;User&lt;/b&gt;&lt;/td&gt;&lt;td width=&quot;75%&quot; align=&quot;left&quot;&gt;&lt;i style=&quot;color: green&quot;&gt;system&lt;/i&gt;&lt;/td&gt;&lt;/tr&gt;&lt;/table&gt;&lt;/td&gt;&lt;td align=&quot;right&quot; valign=&quot;middle&quot; width=&quot;20%&quot;&gt;&lt;img id=&quot;puck&quot; border=&quot;0&quot; width=&quot;100&quot; height=&quot;80&quot; src=&quot;/reporter/images/puck_smaller.jpg&quot; /&gt;&lt;b&gt;&lt;/b&gt;&lt;/td&gt;&lt;/tr&gt;&lt;/table&gt;&lt;table border=&quot;0&quot; cellpadding=&quot;0&quot; cellspacing=&quot;0&quot; width=&quot;99%&quot; style=&quot;font-family:Lucida Sans;font-size:12&quot; id=&quot;tableid1&quot;&gt;&lt;colgroup span=&quot;10&quot;&gt;&lt;/colgroup&gt;&lt;tr style=&quot;background-color: #CCDDFF;&quot; class=&quot;header&quot;&gt;&lt;td style=&quot;vertical-align:top;text-align:left; padding: 0px; font-weight: bold; &quot; width=&quot;10%&quot;&gt;Routing ID&lt;/td&gt;&lt;td style=&quot;vertical-align:top;text-align:left; padding: 0px; font-weight: bold; &quot; width=&quot;10%&quot;&gt;ICD name and Revision&lt;/td&gt;&lt;td style=&quot;vertical-align:top;text-align:left; padding: 0px; font-weight: bold; &quot; width=&quot;10%&quot;&gt;PDM_ID&lt;/td&gt;&lt;td style=&quot;vertical-align:top;text-align:left; padding: 0px; font-weight: bold; &quot; width=&quot;10%&quot;&gt;PDM_REV&lt;/td&gt;&lt;td style=&quot;vertical-align:top;text-align:left; padding: 0px; font-weight: bold; &quot; width=&quot;10%&quot;&gt;PDM_TYPE&lt;/td&gt;&lt;td style=&quot;vertical-align:top;text-align:left; padding: 0px; font-weight: bold; &quot; width=&quot;10%&quot;&gt;PDM_NAME&lt;/td&gt;&lt;td style=&quot;vertical-align:top;text-align:left; padding: 0px; font-weight: bold; &quot; width=&quot;10%&quot;&gt;Description&lt;/td&gt;&lt;td style=&quot;vertical-align:top;text-align:left; padding: 0px; font-weight: bold; &quot; width=&quot;10%&quot;&gt;SystemCode&lt;/td&gt;&lt;td style=&quot;vertical-align:top;text-align:left; padding: 0px; font-weight: bold; &quot; width=&quot;10%&quot;&gt;Room&lt;/td&gt;&lt;td style=&quot;vertical-align:top;text-align:left; padding: 0px; font-weight: bold; &quot; width=&quot;10%&quot;&gt;DesignRemarks&lt;/td&gt;&lt;/tr&gt;&lt;tr style=&quot;white-space: pre-wrap;background-color: #E4E4E4;&quot;&gt;&lt;td&gt;&lt;/td&gt;&lt;td&gt;ICD1&lt;/td&gt;&lt;td&gt;&lt;/td&gt;&lt;td&gt;1&lt;/td&gt;&lt;td&gt;Fnd0LogicalBlock&lt;/td&gt;&lt;td&gt;Des&lt;/td&gt;&lt;td&gt;&lt;/td&gt;&lt;td&gt;&lt;/td&gt;&lt;td&gt;&lt;/td&gt;&lt;td&gt;R1&lt;/td&gt;&lt;/tr&gt;&lt;tr style=&quot;white-space: pre-wrap;&quot;&gt;&lt;td&gt;&lt;/td&gt;&lt;td&gt;ICD2&lt;/td&gt;&lt;td&gt;&lt;/td&gt;&lt;td&gt;3&lt;/td&gt;&lt;td&gt;&lt;/td&gt;&lt;td&gt;Device2&lt;/td&gt;&lt;td&gt;&lt;/td&gt;&lt;td&gt;Custom-Systemcode&lt;/td&gt;&lt;td&gt;&lt;/td&gt;&lt;td&gt;&lt;/td&gt;&lt;/tr&gt;&lt;/table&gt;&lt;table border=&quot;0&quot; cellpadding=&quot;0&quot; cellspacing=&quot;0&quot; width=&quot;99%&quot; style=&quot;font-family:Lucida Sans;font-size:12&quot; id=&quot;tableid2&quot;&gt;&lt;colgroup span=&quot;22&quot;&gt;&lt;/colgroup&gt;&lt;tr style=&quot;background-color: #CCDDFF;&quot; class=&quot;header&quot;&gt;&lt;td style=&quot;vertical-align:top;text-align:left; padding: 0px; font-weight: bold; &quot; width=&quot;4%&quot;&gt;Routing ID&lt;/td&gt;&lt;td style=&quot;vertical-align:top;text-align:left; padding: 0px; font-weight: bold; &quot; width=&quot;4%&quot;&gt;Unmodified Length&lt;/td&gt;&lt;td style=&quot;vertical-align:top;text-align:left; padding: 0px; font-weight: bold; &quot; width=&quot;4%&quot;&gt;Max Length&lt;/td&gt;&lt;td style=&quot;vertical-align:top;text-align:left; padding: 0px; font-weight: bold; &quot; width=&quot;4%&quot;&gt;Min Length&lt;/td&gt;&lt;td style=&quot;vertical-align:top;text-align:left; padding: 0px; font-weight: bold; &quot; width=&quot;4%&quot;&gt;PDM_ID&lt;/td&gt;&lt;td style=&quot;vertical-align:top;text-align:left; padding: 0px; font-weight: bold; &quot; width=&quot;4%&quot;&gt;PDM_REV&lt;/td&gt;&lt;td style=&quot;vertical-align:top;text-align:left; padding: 0px; font-weight: bold; &quot; width=&quot;4%&quot;&gt;PDM_TYPE&lt;/td&gt;&lt;td style=&quot;vertical-align:top;text-align:left; padding: 0px; font-weight: bold; &quot; width=&quot;4%&quot;&gt;PDM_NAME&lt;/td&gt;&lt;td style=&quot;vertical-align:top;text-align:left; padding: 0px; font-weight: bold; &quot; width=&quot;4%&quot;&gt;Segregation&lt;/td&gt;&lt;td style=&quot;vertical-align:top;text-align:left; padding: 0px; font-weight: bold; &quot; width=&quot;4%&quot;&gt;From Device PDM_ID&lt;/td&gt;&lt;td style=&quot;vertical-align:top;text-align:left; padding: 0px; font-weight: bold; &quot; width=&quot;4%&quot;&gt;From Device PDM_REV&lt;/td&gt;&lt;td style=&quot;vertical-align:top;text-align:left; padding: 0px; font-weight: bold; &quot; width=&quot;4%&quot;&gt;From Device PDM_TYPE&lt;/td&gt;&lt;td style=&quot;vertical-align:top;text-align:left; padding: 0px; fon..." type="chs.FileServices$FSComparisonFailure">chs.FileServices$FSComparisonFailure: Differences found : 
Golden: &apos;C:\repos\iesd\chs_home\bld\testdata\temp\chs\common\reporting\TeamcenterLogicComponentBOMTest\reports\config3\DeviceAndMulticoreWithAllProps.golden.html&apos;
Actual: &apos;C:\repos\iesd\chs_home\bld\testdata\temp\chs\common\reporting\TeamcenterLogicComponentBOMTest\reports\config3\DeviceAndMulticoreWithAllProps.actual.html&apos;
mv &apos;C:\repos\iesd\chs_home\bld\testdata\temp\chs\common\reporting\TeamcenterLogicComponentBOMTest\reports\config3\DeviceAndMulticoreWithAllProps.actual.html&apos; &apos;C:\repos\iesd\chs_home\bld\testdata\temp\chs\common\reporting\TeamcenterLogicComponentBOMTest\reports\config3\DeviceAndMulticoreWithAllProps.golden.html&apos;

Changed : Exp:1 - Act: 1
Exp: &lt;html xmlns:xs=&quot;http://www.w3.org/2001/XMLSchema&quot;&gt;&lt;head&gt;&lt;title&gt;Teamcenter Logic Component BOM&lt;/title&gt;&lt;script language=&quot;javascript&quot; src=&quot;/reporter/scripts/commonscript.js&quot;&gt;&lt;/script&gt;&lt;/head&gt;&lt;body onload=&quot;javascript:initializeReportPage(&apos;report.xsl&apos;)&quot;&gt;&lt;table border=&quot;0&quot; width=&quot;99%&quot;&gt;&lt;colgroup span=&quot;3&quot;&gt;&lt;/colgroup&gt;&lt;tr class=&quot;topRow&quot;&gt;&lt;td style=&quot;width:30%&quot; align=&quot;left&quot; valign=&quot;middle&quot;&gt;&lt;img id=&quot;MGLOGO&quot; width=&quot;137&quot; height=&quot;24&quot; src=&quot;/reporter/images/SiemensLogo.png&quot; /&gt;&lt;b&gt;&lt;/b&gt;&lt;/td&gt;&lt;td width=&quot;49%&quot; align=&quot;center&quot; valign=&quot;middle&quot;&gt;&lt;table width=&quot;100%&quot; border=&quot;0&quot;&gt;&lt;colgroup span=&quot;2&quot;&gt;&lt;/colgroup&gt;&lt;tr&gt;&lt;td width=&quot;25%&quot; align=&quot;left&quot;&gt;&lt;b style=&quot;color: green&quot;&gt;Report&lt;/b&gt;&lt;/td&gt;&lt;td width=&quot;75%&quot; align=&quot;left&quot;&gt;&lt;p style=&quot;color: green&quot;&gt;Teamcenter Logic Component BOM&lt;/p&gt;&lt;/td&gt;&lt;/tr&gt;&lt;tr&gt;&lt;td width=&quot;25%&quot; align=&quot;left&quot;&gt;&lt;b style=&quot;color: green&quot;&gt;User&lt;/b&gt;&lt;/td&gt;&lt;td width=&quot;75%&quot; align=&quot;left&quot;&gt;&lt;i style=&quot;color: green&quot;&gt;system&lt;/i&gt;&lt;/td&gt;&lt;/tr&gt;&lt;/table&gt;&lt;/td&gt;&lt;td align=&quot;right&quot; valign=&quot;middle&quot; width=&quot;20%&quot;&gt;&lt;img id=&quot;puck&quot; border=&quot;0&quot; width=&quot;100&quot; height=&quot;80&quot; src=&quot;/reporter/images/puck_smaller.jpg&quot; /&gt;&lt;b&gt;&lt;/b&gt;&lt;/td&gt;&lt;/tr&gt;&lt;/table&gt;&lt;table border=&quot;0&quot; cellpadding=&quot;0&quot; cellspacing=&quot;0&quot; width=&quot;99%&quot; style=&quot;font-family:Lucida Sans;font-size:12&quot; id=&quot;tableid1&quot;&gt;&lt;colgroup span=&quot;10&quot;&gt;&lt;/colgroup&gt;&lt;tr style=&quot;background-color: #CCDDFF;&quot; class=&quot;header&quot;&gt;&lt;td style=&quot;vertical-align:top;text-align:left; padding: 0px; font-weight: bold; &quot; width=&quot;10%&quot;&gt;Routing ID&lt;/td&gt;&lt;td style=&quot;vertical-align:top;text-align:left; padding: 0px; font-weight: bold; &quot; width=&quot;10%&quot;&gt;ICD name and Revision&lt;/td&gt;&lt;td style=&quot;vertical-align:top;text-align:left; padding: 0px; font-weight: bold; &quot; width=&quot;10%&quot;&gt;PDM_ID&lt;/td&gt;&lt;td style=&quot;vertical-align:top;text-align:left; padding: 0px; font-weight: bold; &quot; width=&quot;10%&quot;&gt;PDM_REV&lt;/td&gt;&lt;td style=&quot;vertical-align:top;text-align:left; padding: 0px; font-weight: bold; &quot; width=&quot;10%&quot;&gt;PDM_TYPE&lt;/td&gt;&lt;td style=&quot;vertical-align:top;text-align:left; padding: 0px; font-weight: bold; &quot; width=&quot;10%&quot;&gt;PDM_NAME&lt;/td&gt;&lt;td style=&quot;vertical-align:top;text-align:left; padding: 0px; font-weight: bold; &quot; width=&quot;10%&quot;&gt;Description&lt;/td&gt;&lt;td style=&quot;vertical-align:top;text-align:left; padding: 0px; font-weight: bold; &quot; width=&quot;10%&quot;&gt;SystemCode&lt;/td&gt;&lt;td style=&quot;vertical-align:top;text-align:left; padding: 0px; font-weight: bold; &quot; width=&quot;10%&quot;&gt;Room&lt;/td&gt;&lt;td style=&quot;vertical-align:top;text-align:left; padding: 0px; font-weight: bold; &quot; width=&quot;10%&quot;&gt;DesignRemarks&lt;/td&gt;&lt;/tr&gt;&lt;tr style=&quot;white-space: pre-wrap;background-color: #E4E4E4;&quot;&gt;&lt;td&gt;&lt;/td&gt;&lt;td&gt;ICD1&lt;/td&gt;&lt;td&gt;&lt;/td&gt;&lt;td&gt;1&lt;/td&gt;&lt;td&gt;Fnd0LogicalBlock&lt;/td&gt;&lt;td&gt;Des&lt;/td&gt;&lt;td&gt;&lt;/td&gt;&lt;td&gt;&lt;/td&gt;&lt;td&gt;&lt;/td&gt;&lt;td&gt;R1&lt;/td&gt;&lt;/tr&gt;&lt;tr style=&quot;white-space: pre-wrap;&quot;&gt;&lt;td&gt;&lt;/td&gt;&lt;td&gt;ICD2&lt;/td&gt;&lt;td&gt;&lt;/td&gt;&lt;td&gt;3&lt;/td&gt;&lt;td&gt;&lt;/td&gt;&lt;td&gt;Device2&lt;/td&gt;&lt;td&gt;&lt;/td&gt;&lt;td&gt;Custom-Systemcode&lt;/td&gt;&lt;td&gt;&lt;/td&gt;&lt;td&gt;&lt;/td&gt;&lt;/tr&gt;&lt;/table&gt;&lt;table border=&quot;0&quot; cellpadding=&quot;0&quot; cellspacing=&quot;0&quot; width=&quot;99%&quot; style=&quot;font-family:Lucida Sans;font-size:12&quot; id=&quot;tableid2&quot;&gt;&lt;colgroup span=&quot;22&quot;&gt;&lt;/colgroup&gt;&lt;tr style=&quot;background-color: #CCDDFF;&quot; class=&quot;header&quot;&gt;&lt;td style=&quot;vertical-align:top;text-align:left; padding: 0px; font-weight: bold; &quot; width=&quot;4%&quot;&gt;Routing ID&lt;/td&gt;&lt;td style=&quot;vertical-align:top;text-align:left; padding: 0px; font-weight: bold; &quot; width=&quot;4%&quot;&gt;Unmodified Length&lt;/td&gt;&lt;td style=&quot;vertical-align:top;text-align:left; padding: 0px; font-weight: bold; &quot; width=&quot;4%&quot;&gt;Max Length&lt;/td&gt;&lt;td style=&quot;vertical-align:top;text-align:left; padding: 0px; font-weight: bold; &quot; width=&quot;4%&quot;&gt;Min Length&lt;/td&gt;&lt;td style=&quot;vertical-align:top;text-align:left; padding: 0px; font-weight: bold; &quot; width=&quot;4%&quot;&gt;PDM_ID&lt;/td&gt;&lt;td style=&quot;vertical-align:top;text-align:left; padding: 0px; font-weight: bold; &quot; width=&quot;4%&quot;&gt;PDM_REV&lt;/td&gt;&lt;td style=&quot;vertical-align:top;text-align:left; padding: 0px; font-weight: bold; &quot; width=&quot;4%&quot;&gt;PDM_TYPE&lt;/td&gt;&lt;td style=&quot;vertical-align:top;text-align:left; padding: 0px; font-weight: bold; &quot; width=&quot;4%&quot;&gt;PDM_NAME&lt;/td&gt;&lt;td style=&quot;vertical-align:top;text-align:left; padding: 0px; font-weight: bold; &quot; width=&quot;4%&quot;&gt;Segregation&lt;/td&gt;&lt;td style=&quot;vertical-align:top;text-align:left; padding: 0px; font-weight: bold; &quot; width=&quot;4%&quot;&gt;From Device PDM_ID&lt;/td&gt;&lt;td style=&quot;vertical-align:top;text-align:left; padding: 0px; font-weight: bold; &quot; width=&quot;4%&quot;&gt;From Device PDM_REV&lt;/td&gt;&lt;td style=&quot;vertical-align:top;text-align:left; padding: 0px; font-weight: bold; &quot; width=&quot;4%&quot;&gt;From Device PDM_TYPE&lt;/td&gt;&lt;td style=&quot;vertical-align:top;text-align:left; padding: 0px; fon...
	at chs.common.reporting.ReportTestCase.createAndCompareReports(ReportTestCase.java:102)
	at chs.common.reporting.TeamcenterLogicComponentBOMTest.testReportContent(TeamcenterLogicComponentBOMTest.java:105)
	at chs.common.reporting.TeamcenterLogicComponentBOMTest.testReportWithConfigFile(TeamcenterLogicComponentBOMTest.java:126)
	at chs.common.reporting.TeamcenterLogicComponentBOMTest.testLogicComponentBOMReport(TeamcenterLogicComponentBOMTest.java:110)
</failure>
  </testcase>
  <testcase classname="chs.common.reporting.TeamcenterLogicComponentBOMTest" name="testLogicComponentBOMReport[6]" time="0.96">
    <failure message="Differences found : &#xa;Golden: &apos;C:\repos\iesd\chs_home\bld\testdata\temp\chs\common\reporting\TeamcenterLogicComponentBOMTest\reports\config1\DeviceWithRemarksAndSystemCode.golden.html&apos;&#xa;Actual: &apos;C:\repos\iesd\chs_home\bld\testdata\temp\chs\common\reporting\TeamcenterLogicComponentBOMTest\reports\config1\DeviceWithRemarksAndSystemCode.actual.html&apos;&#xa;mv &apos;C:\repos\iesd\chs_home\bld\testdata\temp\chs\common\reporting\TeamcenterLogicComponentBOMTest\reports\config1\DeviceWithRemarksAndSystemCode.actual.html&apos; &apos;C:\repos\iesd\chs_home\bld\testdata\temp\chs\common\reporting\TeamcenterLogicComponentBOMTest\reports\config1\DeviceWithRemarksAndSystemCode.golden.html&apos;&#xa;&#xa;Changed : Exp:1 - Act: 1&#xa;Exp: &lt;html xmlns:xs=&quot;http://www.w3.org/2001/XMLSchema&quot;&gt;&lt;head&gt;&lt;title&gt;Teamcenter Logic Component BOM&lt;/title&gt;&lt;script language=&quot;javascript&quot; src=&quot;/reporter/scripts/commonscript.js&quot;&gt;&lt;/script&gt;&lt;/head&gt;&lt;body onload=&quot;javascript:initializeReportPage(&apos;report.xsl&apos;)&quot;&gt;&lt;table border=&quot;0&quot; width=&quot;99%&quot;&gt;&lt;colgroup span=&quot;3&quot;&gt;&lt;/colgroup&gt;&lt;tr class=&quot;topRow&quot;&gt;&lt;td style=&quot;width:30%&quot; align=&quot;left&quot; valign=&quot;middle&quot;&gt;&lt;img id=&quot;MGLOGO&quot; width=&quot;137&quot; height=&quot;24&quot; src=&quot;/reporter/images/SiemensLogo.png&quot; /&gt;&lt;b&gt;&lt;/b&gt;&lt;/td&gt;&lt;td width=&quot;49%&quot; align=&quot;center&quot; valign=&quot;middle&quot;&gt;&lt;table width=&quot;100%&quot; border=&quot;0&quot;&gt;&lt;colgroup span=&quot;2&quot;&gt;&lt;/colgroup&gt;&lt;tr&gt;&lt;td width=&quot;25%&quot; align=&quot;left&quot;&gt;&lt;b style=&quot;color: green&quot;&gt;Report&lt;/b&gt;&lt;/td&gt;&lt;td width=&quot;75%&quot; align=&quot;left&quot;&gt;&lt;p style=&quot;color: green&quot;&gt;Teamcenter Logic Component BOM&lt;/p&gt;&lt;/td&gt;&lt;/tr&gt;&lt;tr&gt;&lt;td width=&quot;25%&quot; align=&quot;left&quot;&gt;&lt;b style=&quot;color: green&quot;&gt;User&lt;/b&gt;&lt;/td&gt;&lt;td width=&quot;75%&quot; align=&quot;left&quot;&gt;&lt;i style=&quot;color: green&quot;&gt;system&lt;/i&gt;&lt;/td&gt;&lt;/tr&gt;&lt;/table&gt;&lt;/td&gt;&lt;td align=&quot;right&quot; valign=&quot;middle&quot; width=&quot;20%&quot;&gt;&lt;img id=&quot;puck&quot; border=&quot;0&quot; width=&quot;100&quot; height=&quot;80&quot; src=&quot;/reporter/images/puck_smaller.jpg&quot; /&gt;&lt;b&gt;&lt;/b&gt;&lt;/td&gt;&lt;/tr&gt;&lt;/table&gt;&lt;table border=&quot;0&quot; cellpadding=&quot;0&quot; cellspacing=&quot;0&quot; width=&quot;99%&quot; style=&quot;font-family:Lucida Sans;font-size:12&quot; id=&quot;tableid1&quot;&gt;&lt;colgroup span=&quot;10&quot;&gt;&lt;/colgroup&gt;&lt;tr style=&quot;background-color: #CCDDFF;&quot; class=&quot;header&quot;&gt;&lt;td style=&quot;vertical-align:top;text-align:left; padding: 0px; font-weight: bold; &quot; width=&quot;10%&quot;&gt;Routing ID&lt;/td&gt;&lt;td style=&quot;vertical-align:top;text-align:left; padding: 0px; font-weight: bold; &quot; width=&quot;10%&quot;&gt;PDM_ID&lt;/td&gt;&lt;td style=&quot;vertical-align:top;text-align:left; padding: 0px; font-weight: bold; &quot; width=&quot;10%&quot;&gt;PDM_REV&lt;/td&gt;&lt;td style=&quot;vertical-align:top;text-align:left; padding: 0px; font-weight: bold; &quot; width=&quot;10%&quot;&gt;PDM_TYPE&lt;/td&gt;&lt;td style=&quot;vertical-align:top;text-align:left; padding: 0px; font-weight: bold; &quot; width=&quot;10%&quot;&gt;PDM_NAME&lt;/td&gt;&lt;td style=&quot;vertical-align:top;text-align:left; padding: 0px; font-weight: bold; &quot; width=&quot;10%&quot;&gt;Description&lt;/td&gt;&lt;td style=&quot;vertical-align:top;text-align:left; padding: 0px; font-weight: bold; &quot; width=&quot;10%&quot;&gt;SystemCode&lt;/td&gt;&lt;td style=&quot;vertical-align:top;text-align:left; padding: 0px; font-weight: bold; &quot; width=&quot;10%&quot;&gt;Room&lt;/td&gt;&lt;td style=&quot;vertical-align:top;text-align:left; padding: 0px; font-weight: bold; &quot; width=&quot;10%&quot;&gt;DesignRemarks&lt;/td&gt;&lt;td style=&quot;vertical-align:top;text-align:left; padding: 0px; font-weight: bold; &quot; width=&quot;10%&quot;&gt;Quantity&lt;/td&gt;&lt;/tr&gt;&lt;tr style=&quot;white-space: pre-wrap;background-color: #E4E4E4;&quot;&gt;&lt;td&gt;Design1:1:DEV1&lt;/td&gt;&lt;td&gt;&lt;/td&gt;&lt;td&gt;&lt;/td&gt;&lt;td&gt;&lt;/td&gt;&lt;td&gt;&lt;/td&gt;&lt;td&gt;&lt;/td&gt;&lt;td&gt;SYS1&lt;/td&gt;&lt;td&gt;&lt;/td&gt;&lt;td&gt;R1&lt;/td&gt;&lt;td&gt;1&lt;/td&gt;&lt;/tr&gt;&lt;tr style=&quot;white-space: pre-wrap;&quot;&gt;&lt;td&gt;Design1:1:DEV2&lt;/td&gt;&lt;td&gt;&lt;/td&gt;&lt;td&gt;&lt;/td&gt;&lt;td&gt;&lt;/td&gt;&lt;td&gt;&lt;/td&gt;&lt;td&gt;&lt;/td&gt;&lt;td&gt;SYS2&lt;/td&gt;&lt;td&gt;&lt;/td&gt;&lt;td&gt;R2&lt;/td&gt;&lt;td&gt;1&lt;/td&gt;&lt;/tr&gt;&lt;/table&gt;&lt;table border=&quot;0&quot; cellpadding=&quot;0&quot; cellspacing=&quot;0&quot; width=&quot;99%&quot; style=&quot;font-family:Lucida Sans;font-size:12&quot; id=&quot;tableid2&quot;&gt;&lt;colgroup span=&quot;22&quot;&gt;&lt;/colgroup&gt;&lt;tr style=&quot;background-color: #CCDDFF;&quot; class=&quot;header&quot;&gt;&lt;td style=&quot;vertical-align:top;text-align:left; padding: 0px; font-weight: bold; &quot; width=&quot;4%&quot;&gt;Routing ID&lt;/td&gt;&lt;td style=&quot;vertical-align:top;text-align:left; padding: 0px; font-weight: bold; &quot; width=&quot;4%&quot;&gt;Description&lt;/td&gt;&lt;td style=&quot;vertical-align:top;text-align:left; padding: 0px; font-weight: bold; &quot; width=&quot;4%&quot;&gt;Segregation&lt;/td&gt;&lt;td style=&quot;vertical-align:top;text-align:left; padding: 0px; font-weight: bold; &quot; width=&quot;4%&quot;&gt;SystemCode&lt;/td&gt;&lt;td style=&quot;vertical-align:top;text-align:left; padding: 0px; font-weight: bold; &quot; width=&quot;4%&quot;&gt;Unmodified Length&lt;/td&gt;&lt;td style=&quot;vertical-align:top;text-align:left; padding: 0px; font-weight: bold; &quot; width=&quot;4%&quot;&gt;Max Length&lt;/td&gt;&lt;td style=&quot;vertical-align:top;text-align:left; padding: 0px; font-weight: bold; &quot; width=&quot;4%&quot;&gt;Min Length&lt;/td&gt;&lt;td style=&quot;vertical-align:top;text-align:left; padding: 0px; font-weight: bold; &quot; width=&quot;4%&quot;&gt;Bundling&lt;/td&gt;&lt;td style=&quot;vertical-align:top;text-align:left; padding: 0px; font-weight: bold; &quot; width=&quot;4%&quot;&gt;Grouping&lt;/td&gt;&lt;td style=&quot;vertical-align:top;text-align:left; padding: 0px; font-weight: bold; &quot; width=&quot;4%&quot;&gt;Multiplier&lt;/td&gt;&lt;td style=&quot;vertical-align:top;text-align:left; padding: 0px; font-weight: bold; &quot; width=&quot;4%&quot;&gt;Multiplier suffixes&lt;/td&gt;&lt;td style=&quot;vertical-align:top;text-align:left; padding: 0px; font-weight: bold; &quot; width=&quot;4%&quot;&gt;PDM_ID&lt;/td&gt;&lt;td style=&quot;vertical-align:top;text-align:left; padding: 0px; font-weight: bold; &quot; width=&quot;4%&quot;&gt;PDM_REV&lt;/td..." type="chs.FileServices$FSComparisonFailure">chs.FileServices$FSComparisonFailure: Differences found : 
Golden: &apos;C:\repos\iesd\chs_home\bld\testdata\temp\chs\common\reporting\TeamcenterLogicComponentBOMTest\reports\config1\DeviceWithRemarksAndSystemCode.golden.html&apos;
Actual: &apos;C:\repos\iesd\chs_home\bld\testdata\temp\chs\common\reporting\TeamcenterLogicComponentBOMTest\reports\config1\DeviceWithRemarksAndSystemCode.actual.html&apos;
mv &apos;C:\repos\iesd\chs_home\bld\testdata\temp\chs\common\reporting\TeamcenterLogicComponentBOMTest\reports\config1\DeviceWithRemarksAndSystemCode.actual.html&apos; &apos;C:\repos\iesd\chs_home\bld\testdata\temp\chs\common\reporting\TeamcenterLogicComponentBOMTest\reports\config1\DeviceWithRemarksAndSystemCode.golden.html&apos;

Changed : Exp:1 - Act: 1
Exp: &lt;html xmlns:xs=&quot;http://www.w3.org/2001/XMLSchema&quot;&gt;&lt;head&gt;&lt;title&gt;Teamcenter Logic Component BOM&lt;/title&gt;&lt;script language=&quot;javascript&quot; src=&quot;/reporter/scripts/commonscript.js&quot;&gt;&lt;/script&gt;&lt;/head&gt;&lt;body onload=&quot;javascript:initializeReportPage(&apos;report.xsl&apos;)&quot;&gt;&lt;table border=&quot;0&quot; width=&quot;99%&quot;&gt;&lt;colgroup span=&quot;3&quot;&gt;&lt;/colgroup&gt;&lt;tr class=&quot;topRow&quot;&gt;&lt;td style=&quot;width:30%&quot; align=&quot;left&quot; valign=&quot;middle&quot;&gt;&lt;img id=&quot;MGLOGO&quot; width=&quot;137&quot; height=&quot;24&quot; src=&quot;/reporter/images/SiemensLogo.png&quot; /&gt;&lt;b&gt;&lt;/b&gt;&lt;/td&gt;&lt;td width=&quot;49%&quot; align=&quot;center&quot; valign=&quot;middle&quot;&gt;&lt;table width=&quot;100%&quot; border=&quot;0&quot;&gt;&lt;colgroup span=&quot;2&quot;&gt;&lt;/colgroup&gt;&lt;tr&gt;&lt;td width=&quot;25%&quot; align=&quot;left&quot;&gt;&lt;b style=&quot;color: green&quot;&gt;Report&lt;/b&gt;&lt;/td&gt;&lt;td width=&quot;75%&quot; align=&quot;left&quot;&gt;&lt;p style=&quot;color: green&quot;&gt;Teamcenter Logic Component BOM&lt;/p&gt;&lt;/td&gt;&lt;/tr&gt;&lt;tr&gt;&lt;td width=&quot;25%&quot; align=&quot;left&quot;&gt;&lt;b style=&quot;color: green&quot;&gt;User&lt;/b&gt;&lt;/td&gt;&lt;td width=&quot;75%&quot; align=&quot;left&quot;&gt;&lt;i style=&quot;color: green&quot;&gt;system&lt;/i&gt;&lt;/td&gt;&lt;/tr&gt;&lt;/table&gt;&lt;/td&gt;&lt;td align=&quot;right&quot; valign=&quot;middle&quot; width=&quot;20%&quot;&gt;&lt;img id=&quot;puck&quot; border=&quot;0&quot; width=&quot;100&quot; height=&quot;80&quot; src=&quot;/reporter/images/puck_smaller.jpg&quot; /&gt;&lt;b&gt;&lt;/b&gt;&lt;/td&gt;&lt;/tr&gt;&lt;/table&gt;&lt;table border=&quot;0&quot; cellpadding=&quot;0&quot; cellspacing=&quot;0&quot; width=&quot;99%&quot; style=&quot;font-family:Lucida Sans;font-size:12&quot; id=&quot;tableid1&quot;&gt;&lt;colgroup span=&quot;10&quot;&gt;&lt;/colgroup&gt;&lt;tr style=&quot;background-color: #CCDDFF;&quot; class=&quot;header&quot;&gt;&lt;td style=&quot;vertical-align:top;text-align:left; padding: 0px; font-weight: bold; &quot; width=&quot;10%&quot;&gt;Routing ID&lt;/td&gt;&lt;td style=&quot;vertical-align:top;text-align:left; padding: 0px; font-weight: bold; &quot; width=&quot;10%&quot;&gt;PDM_ID&lt;/td&gt;&lt;td style=&quot;vertical-align:top;text-align:left; padding: 0px; font-weight: bold; &quot; width=&quot;10%&quot;&gt;PDM_REV&lt;/td&gt;&lt;td style=&quot;vertical-align:top;text-align:left; padding: 0px; font-weight: bold; &quot; width=&quot;10%&quot;&gt;PDM_TYPE&lt;/td&gt;&lt;td style=&quot;vertical-align:top;text-align:left; padding: 0px; font-weight: bold; &quot; width=&quot;10%&quot;&gt;PDM_NAME&lt;/td&gt;&lt;td style=&quot;vertical-align:top;text-align:left; padding: 0px; font-weight: bold; &quot; width=&quot;10%&quot;&gt;Description&lt;/td&gt;&lt;td style=&quot;vertical-align:top;text-align:left; padding: 0px; font-weight: bold; &quot; width=&quot;10%&quot;&gt;SystemCode&lt;/td&gt;&lt;td style=&quot;vertical-align:top;text-align:left; padding: 0px; font-weight: bold; &quot; width=&quot;10%&quot;&gt;Room&lt;/td&gt;&lt;td style=&quot;vertical-align:top;text-align:left; padding: 0px; font-weight: bold; &quot; width=&quot;10%&quot;&gt;DesignRemarks&lt;/td&gt;&lt;td style=&quot;vertical-align:top;text-align:left; padding: 0px; font-weight: bold; &quot; width=&quot;10%&quot;&gt;Quantity&lt;/td&gt;&lt;/tr&gt;&lt;tr style=&quot;white-space: pre-wrap;background-color: #E4E4E4;&quot;&gt;&lt;td&gt;Design1:1:DEV1&lt;/td&gt;&lt;td&gt;&lt;/td&gt;&lt;td&gt;&lt;/td&gt;&lt;td&gt;&lt;/td&gt;&lt;td&gt;&lt;/td&gt;&lt;td&gt;&lt;/td&gt;&lt;td&gt;SYS1&lt;/td&gt;&lt;td&gt;&lt;/td&gt;&lt;td&gt;R1&lt;/td&gt;&lt;td&gt;1&lt;/td&gt;&lt;/tr&gt;&lt;tr style=&quot;white-space: pre-wrap;&quot;&gt;&lt;td&gt;Design1:1:DEV2&lt;/td&gt;&lt;td&gt;&lt;/td&gt;&lt;td&gt;&lt;/td&gt;&lt;td&gt;&lt;/td&gt;&lt;td&gt;&lt;/td&gt;&lt;td&gt;&lt;/td&gt;&lt;td&gt;SYS2&lt;/td&gt;&lt;td&gt;&lt;/td&gt;&lt;td&gt;R2&lt;/td&gt;&lt;td&gt;1&lt;/td&gt;&lt;/tr&gt;&lt;/table&gt;&lt;table border=&quot;0&quot; cellpadding=&quot;0&quot; cellspacing=&quot;0&quot; width=&quot;99%&quot; style=&quot;font-family:Lucida Sans;font-size:12&quot; id=&quot;tableid2&quot;&gt;&lt;colgroup span=&quot;22&quot;&gt;&lt;/colgroup&gt;&lt;tr style=&quot;background-color: #CCDDFF;&quot; class=&quot;header&quot;&gt;&lt;td style=&quot;vertical-align:top;text-align:left; padding: 0px; font-weight: bold; &quot; width=&quot;4%&quot;&gt;Routing ID&lt;/td&gt;&lt;td style=&quot;vertical-align:top;text-align:left; padding: 0px; font-weight: bold; &quot; width=&quot;4%&quot;&gt;Description&lt;/td&gt;&lt;td style=&quot;vertical-align:top;text-align:left; padding: 0px; font-weight: bold; &quot; width=&quot;4%&quot;&gt;Segregation&lt;/td&gt;&lt;td style=&quot;vertical-align:top;text-align:left; padding: 0px; font-weight: bold; &quot; width=&quot;4%&quot;&gt;SystemCode&lt;/td&gt;&lt;td style=&quot;vertical-align:top;text-align:left; padding: 0px; font-weight: bold; &quot; width=&quot;4%&quot;&gt;Unmodified Length&lt;/td&gt;&lt;td style=&quot;vertical-align:top;text-align:left; padding: 0px; font-weight: bold; &quot; width=&quot;4%&quot;&gt;Max Length&lt;/td&gt;&lt;td style=&quot;vertical-align:top;text-align:left; padding: 0px; font-weight: bold; &quot; width=&quot;4%&quot;&gt;Min Length&lt;/td&gt;&lt;td style=&quot;vertical-align:top;text-align:left; padding: 0px; font-weight: bold; &quot; width=&quot;4%&quot;&gt;Bundling&lt;/td&gt;&lt;td style=&quot;vertical-align:top;text-align:left; padding: 0px; font-weight: bold; &quot; width=&quot;4%&quot;&gt;Grouping&lt;/td&gt;&lt;td style=&quot;vertical-align:top;text-align:left; padding: 0px; font-weight: bold; &quot; width=&quot;4%&quot;&gt;Multiplier&lt;/td&gt;&lt;td style=&quot;vertical-align:top;text-align:left; padding: 0px; font-weight: bold; &quot; width=&quot;4%&quot;&gt;Multiplier suffixes&lt;/td&gt;&lt;td style=&quot;vertical-align:top;text-align:left; padding: 0px; font-weight: bold; &quot; width=&quot;4%&quot;&gt;PDM_ID&lt;/td&gt;&lt;td style=&quot;vertical-align:top;text-align:left; padding: 0px; font-weight: bold; &quot; width=&quot;4%&quot;&gt;PDM_REV&lt;/td...
	at chs.common.reporting.ReportTestCase.createAndCompareReports(ReportTestCase.java:102)
	at chs.common.reporting.TeamcenterLogicComponentBOMTest.testReportContent(TeamcenterLogicComponentBOMTest.java:105)
	at chs.common.reporting.TeamcenterLogicComponentBOMTest.testReportWithConfigFile(TeamcenterLogicComponentBOMTest.java:126)
	at chs.common.reporting.TeamcenterLogicComponentBOMTest.testLogicComponentBOMReport(TeamcenterLogicComponentBOMTest.java:110)
</failure>
  </testcase>
  <testcase classname="chs.common.reporting.TeamcenterLogicComponentBOMTest" name="testLogicComponentBOMReport[7]" time="0.757">
    <failure message="Differences found : &#xa;Golden: &apos;C:\repos\iesd\chs_home\bld\testdata\temp\chs\common\reporting\TeamcenterLogicComponentBOMTest\reports\config2\DeviceWithRemarksAndSystemCode.golden.html&apos;&#xa;Actual: &apos;C:\repos\iesd\chs_home\bld\testdata\temp\chs\common\reporting\TeamcenterLogicComponentBOMTest\reports\config2\DeviceWithRemarksAndSystemCode.actual.html&apos;&#xa;mv &apos;C:\repos\iesd\chs_home\bld\testdata\temp\chs\common\reporting\TeamcenterLogicComponentBOMTest\reports\config2\DeviceWithRemarksAndSystemCode.actual.html&apos; &apos;C:\repos\iesd\chs_home\bld\testdata\temp\chs\common\reporting\TeamcenterLogicComponentBOMTest\reports\config2\DeviceWithRemarksAndSystemCode.golden.html&apos;&#xa;&#xa;Changed : Exp:1 - Act: 1&#xa;Exp: &lt;html xmlns:xs=&quot;http://www.w3.org/2001/XMLSchema&quot;&gt;&lt;head&gt;&lt;title&gt;Teamcenter Logic Component BOM&lt;/title&gt;&lt;script language=&quot;javascript&quot; src=&quot;/reporter/scripts/commonscript.js&quot;&gt;&lt;/script&gt;&lt;/head&gt;&lt;body onload=&quot;javascript:initializeReportPage(&apos;report.xsl&apos;)&quot;&gt;&lt;table border=&quot;0&quot; width=&quot;99%&quot;&gt;&lt;colgroup span=&quot;3&quot;&gt;&lt;/colgroup&gt;&lt;tr class=&quot;topRow&quot;&gt;&lt;td style=&quot;width:30%&quot; align=&quot;left&quot; valign=&quot;middle&quot;&gt;&lt;img id=&quot;MGLOGO&quot; width=&quot;137&quot; height=&quot;24&quot; src=&quot;/reporter/images/SiemensLogo.png&quot; /&gt;&lt;b&gt;&lt;/b&gt;&lt;/td&gt;&lt;td width=&quot;49%&quot; align=&quot;center&quot; valign=&quot;middle&quot;&gt;&lt;table width=&quot;100%&quot; border=&quot;0&quot;&gt;&lt;colgroup span=&quot;2&quot;&gt;&lt;/colgroup&gt;&lt;tr&gt;&lt;td width=&quot;25%&quot; align=&quot;left&quot;&gt;&lt;b style=&quot;color: green&quot;&gt;Report&lt;/b&gt;&lt;/td&gt;&lt;td width=&quot;75%&quot; align=&quot;left&quot;&gt;&lt;p style=&quot;color: green&quot;&gt;Teamcenter Logic Component BOM&lt;/p&gt;&lt;/td&gt;&lt;/tr&gt;&lt;tr&gt;&lt;td width=&quot;25%&quot; align=&quot;left&quot;&gt;&lt;b style=&quot;color: green&quot;&gt;User&lt;/b&gt;&lt;/td&gt;&lt;td width=&quot;75%&quot; align=&quot;left&quot;&gt;&lt;i style=&quot;color: green&quot;&gt;system&lt;/i&gt;&lt;/td&gt;&lt;/tr&gt;&lt;/table&gt;&lt;/td&gt;&lt;td align=&quot;right&quot; valign=&quot;middle&quot; width=&quot;20%&quot;&gt;&lt;img id=&quot;puck&quot; border=&quot;0&quot; width=&quot;100&quot; height=&quot;80&quot; src=&quot;/reporter/images/puck_smaller.jpg&quot; /&gt;&lt;b&gt;&lt;/b&gt;&lt;/td&gt;&lt;/tr&gt;&lt;/table&gt;&lt;table border=&quot;0&quot; cellpadding=&quot;0&quot; cellspacing=&quot;0&quot; width=&quot;99%&quot; style=&quot;font-family:Lucida Sans;font-size:12&quot; id=&quot;tableid1&quot;&gt;&lt;colgroup span=&quot;9&quot;&gt;&lt;/colgroup&gt;&lt;tr style=&quot;background-color: #CCDDFF;&quot; class=&quot;header&quot;&gt;&lt;td style=&quot;vertical-align:top;text-align:left; padding: 0px; font-weight: bold; &quot; width=&quot;11%&quot;&gt;Routing ID&lt;/td&gt;&lt;td style=&quot;vertical-align:top;text-align:left; padding: 0px; font-weight: bold; &quot; width=&quot;11%&quot;&gt;PDM_ID&lt;/td&gt;&lt;td style=&quot;vertical-align:top;text-align:left; padding: 0px; font-weight: bold; &quot; width=&quot;11%&quot;&gt;PDM_REV&lt;/td&gt;&lt;td style=&quot;vertical-align:top;text-align:left; padding: 0px; font-weight: bold; &quot; width=&quot;11%&quot;&gt;PDM_TYPE&lt;/td&gt;&lt;td style=&quot;vertical-align:top;text-align:left; padding: 0px; font-weight: bold; &quot; width=&quot;11%&quot;&gt;PDM_NAME&lt;/td&gt;&lt;td style=&quot;vertical-align:top;text-align:left; padding: 0px; font-weight: bold; &quot; width=&quot;11%&quot;&gt;Description&lt;/td&gt;&lt;td style=&quot;vertical-align:top;text-align:left; padding: 0px; font-weight: bold; &quot; width=&quot;11%&quot;&gt;SystemCode&lt;/td&gt;&lt;td style=&quot;vertical-align:top;text-align:left; padding: 0px; font-weight: bold; &quot; width=&quot;11%&quot;&gt;Room&lt;/td&gt;&lt;td style=&quot;vertical-align:top;text-align:left; padding: 0px; font-weight: bold; &quot; width=&quot;11%&quot;&gt;DesignRemarks&lt;/td&gt;&lt;/tr&gt;&lt;tr style=&quot;white-space: pre-wrap;background-color: #E4E4E4;&quot;&gt;&lt;td&gt;Design1:1:DEV1&lt;/td&gt;&lt;td&gt;&lt;/td&gt;&lt;td&gt;&lt;/td&gt;&lt;td&gt;&lt;/td&gt;&lt;td&gt;&lt;/td&gt;&lt;td&gt;&lt;/td&gt;&lt;td&gt;CP2&lt;/td&gt;&lt;td&gt;&lt;/td&gt;&lt;td&gt;R1&lt;/td&gt;&lt;/tr&gt;&lt;tr style=&quot;white-space: pre-wrap;&quot;&gt;&lt;td&gt;Design1:1:DEV2&lt;/td&gt;&lt;td&gt;&lt;/td&gt;&lt;td&gt;&lt;/td&gt;&lt;td&gt;&lt;/td&gt;&lt;td&gt;&lt;/td&gt;&lt;td&gt;&lt;/td&gt;&lt;td&gt;&lt;/td&gt;&lt;td&gt;&lt;/td&gt;&lt;td&gt;R2&lt;/td&gt;&lt;/tr&gt;&lt;/table&gt;&lt;table border=&quot;0&quot; cellpadding=&quot;0&quot; cellspacing=&quot;0&quot; width=&quot;99%&quot; style=&quot;font-family:Lucida Sans;font-size:12&quot; id=&quot;tableid2&quot;&gt;&lt;colgroup span=&quot;22&quot;&gt;&lt;/colgroup&gt;&lt;tr style=&quot;background-color: #CCDDFF;&quot; class=&quot;header&quot;&gt;&lt;td style=&quot;vertical-align:top;text-align:left; padding: 0px; font-weight: bold; &quot; width=&quot;4%&quot;&gt;Routing ID&lt;/td&gt;&lt;td style=&quot;vertical-align:top;text-align:left; padding: 0px; font-weight: bold; &quot; width=&quot;4%&quot;&gt;Unmodified Length&lt;/td&gt;&lt;td style=&quot;vertical-align:top;text-align:left; padding: 0px; font-weight: bold; &quot; width=&quot;4%&quot;&gt;Max Length&lt;/td&gt;&lt;td style=&quot;vertical-align:top;text-align:left; padding: 0px; font-weight: bold; &quot; width=&quot;4%&quot;&gt;Min Length&lt;/td&gt;&lt;td style=&quot;vertical-align:top;text-align:left; padding: 0px; font-weight: bold; &quot; width=&quot;4%&quot;&gt;PDM_ID&lt;/td&gt;&lt;td style=&quot;vertical-align:top;text-align:left; padding: 0px; font-weight: bold; &quot; width=&quot;4%&quot;&gt;PDM_REV&lt;/td&gt;&lt;td style=&quot;vertical-align:top;text-align:left; padding: 0px; font-weight: bold; &quot; width=&quot;4%&quot;&gt;PDM_TYPE&lt;/td&gt;&lt;td style=&quot;vertical-align:top;text-align:left; padding: 0px; font-weight: bold; &quot; width=&quot;4%&quot;&gt;PDM_NAME&lt;/td&gt;&lt;td style=&quot;vertical-align:top;text-align:left; padding: 0px; font-weight: bold; &quot; width=&quot;4%&quot;&gt;Segregation&lt;/td&gt;&lt;td style=&quot;vertical-align:top;text-align:left; padding: 0px; font-weight: bold; &quot; width=&quot;4%&quot;&gt;From Device PDM_ID&lt;/td&gt;&lt;td style=&quot;vertical-align:top;text-align:left; padding: 0px; font-weight: bold; &quot; width=&quot;4%&quot;&gt;From Device PDM_REV&lt;/td&gt;&lt;td style=&quot;vertical-align:top;text-align:left; padding: 0px; font-weight: bold; &quot; width=&quot;4%&quot;&gt;From Device PDM_TYPE&lt;/td&gt;&lt;td style=&quot;vertical-align:top;text-align:left; padding: 0px; font-weight: bold; &quot; width=&quot;4%&quot;&gt;To Device PDM_ID&lt;/td&gt;&lt;td style=&quot;vertical-align:top;text-align:left; padding: 0px; font-weight: bold; &quot; width=&quot;4%&quot;&gt;To Device PDM_RE..." type="chs.FileServices$FSComparisonFailure">chs.FileServices$FSComparisonFailure: Differences found : 
Golden: &apos;C:\repos\iesd\chs_home\bld\testdata\temp\chs\common\reporting\TeamcenterLogicComponentBOMTest\reports\config2\DeviceWithRemarksAndSystemCode.golden.html&apos;
Actual: &apos;C:\repos\iesd\chs_home\bld\testdata\temp\chs\common\reporting\TeamcenterLogicComponentBOMTest\reports\config2\DeviceWithRemarksAndSystemCode.actual.html&apos;
mv &apos;C:\repos\iesd\chs_home\bld\testdata\temp\chs\common\reporting\TeamcenterLogicComponentBOMTest\reports\config2\DeviceWithRemarksAndSystemCode.actual.html&apos; &apos;C:\repos\iesd\chs_home\bld\testdata\temp\chs\common\reporting\TeamcenterLogicComponentBOMTest\reports\config2\DeviceWithRemarksAndSystemCode.golden.html&apos;

Changed : Exp:1 - Act: 1
Exp: &lt;html xmlns:xs=&quot;http://www.w3.org/2001/XMLSchema&quot;&gt;&lt;head&gt;&lt;title&gt;Teamcenter Logic Component BOM&lt;/title&gt;&lt;script language=&quot;javascript&quot; src=&quot;/reporter/scripts/commonscript.js&quot;&gt;&lt;/script&gt;&lt;/head&gt;&lt;body onload=&quot;javascript:initializeReportPage(&apos;report.xsl&apos;)&quot;&gt;&lt;table border=&quot;0&quot; width=&quot;99%&quot;&gt;&lt;colgroup span=&quot;3&quot;&gt;&lt;/colgroup&gt;&lt;tr class=&quot;topRow&quot;&gt;&lt;td style=&quot;width:30%&quot; align=&quot;left&quot; valign=&quot;middle&quot;&gt;&lt;img id=&quot;MGLOGO&quot; width=&quot;137&quot; height=&quot;24&quot; src=&quot;/reporter/images/SiemensLogo.png&quot; /&gt;&lt;b&gt;&lt;/b&gt;&lt;/td&gt;&lt;td width=&quot;49%&quot; align=&quot;center&quot; valign=&quot;middle&quot;&gt;&lt;table width=&quot;100%&quot; border=&quot;0&quot;&gt;&lt;colgroup span=&quot;2&quot;&gt;&lt;/colgroup&gt;&lt;tr&gt;&lt;td width=&quot;25%&quot; align=&quot;left&quot;&gt;&lt;b style=&quot;color: green&quot;&gt;Report&lt;/b&gt;&lt;/td&gt;&lt;td width=&quot;75%&quot; align=&quot;left&quot;&gt;&lt;p style=&quot;color: green&quot;&gt;Teamcenter Logic Component BOM&lt;/p&gt;&lt;/td&gt;&lt;/tr&gt;&lt;tr&gt;&lt;td width=&quot;25%&quot; align=&quot;left&quot;&gt;&lt;b style=&quot;color: green&quot;&gt;User&lt;/b&gt;&lt;/td&gt;&lt;td width=&quot;75%&quot; align=&quot;left&quot;&gt;&lt;i style=&quot;color: green&quot;&gt;system&lt;/i&gt;&lt;/td&gt;&lt;/tr&gt;&lt;/table&gt;&lt;/td&gt;&lt;td align=&quot;right&quot; valign=&quot;middle&quot; width=&quot;20%&quot;&gt;&lt;img id=&quot;puck&quot; border=&quot;0&quot; width=&quot;100&quot; height=&quot;80&quot; src=&quot;/reporter/images/puck_smaller.jpg&quot; /&gt;&lt;b&gt;&lt;/b&gt;&lt;/td&gt;&lt;/tr&gt;&lt;/table&gt;&lt;table border=&quot;0&quot; cellpadding=&quot;0&quot; cellspacing=&quot;0&quot; width=&quot;99%&quot; style=&quot;font-family:Lucida Sans;font-size:12&quot; id=&quot;tableid1&quot;&gt;&lt;colgroup span=&quot;9&quot;&gt;&lt;/colgroup&gt;&lt;tr style=&quot;background-color: #CCDDFF;&quot; class=&quot;header&quot;&gt;&lt;td style=&quot;vertical-align:top;text-align:left; padding: 0px; font-weight: bold; &quot; width=&quot;11%&quot;&gt;Routing ID&lt;/td&gt;&lt;td style=&quot;vertical-align:top;text-align:left; padding: 0px; font-weight: bold; &quot; width=&quot;11%&quot;&gt;PDM_ID&lt;/td&gt;&lt;td style=&quot;vertical-align:top;text-align:left; padding: 0px; font-weight: bold; &quot; width=&quot;11%&quot;&gt;PDM_REV&lt;/td&gt;&lt;td style=&quot;vertical-align:top;text-align:left; padding: 0px; font-weight: bold; &quot; width=&quot;11%&quot;&gt;PDM_TYPE&lt;/td&gt;&lt;td style=&quot;vertical-align:top;text-align:left; padding: 0px; font-weight: bold; &quot; width=&quot;11%&quot;&gt;PDM_NAME&lt;/td&gt;&lt;td style=&quot;vertical-align:top;text-align:left; padding: 0px; font-weight: bold; &quot; width=&quot;11%&quot;&gt;Description&lt;/td&gt;&lt;td style=&quot;vertical-align:top;text-align:left; padding: 0px; font-weight: bold; &quot; width=&quot;11%&quot;&gt;SystemCode&lt;/td&gt;&lt;td style=&quot;vertical-align:top;text-align:left; padding: 0px; font-weight: bold; &quot; width=&quot;11%&quot;&gt;Room&lt;/td&gt;&lt;td style=&quot;vertical-align:top;text-align:left; padding: 0px; font-weight: bold; &quot; width=&quot;11%&quot;&gt;DesignRemarks&lt;/td&gt;&lt;/tr&gt;&lt;tr style=&quot;white-space: pre-wrap;background-color: #E4E4E4;&quot;&gt;&lt;td&gt;Design1:1:DEV1&lt;/td&gt;&lt;td&gt;&lt;/td&gt;&lt;td&gt;&lt;/td&gt;&lt;td&gt;&lt;/td&gt;&lt;td&gt;&lt;/td&gt;&lt;td&gt;&lt;/td&gt;&lt;td&gt;CP2&lt;/td&gt;&lt;td&gt;&lt;/td&gt;&lt;td&gt;R1&lt;/td&gt;&lt;/tr&gt;&lt;tr style=&quot;white-space: pre-wrap;&quot;&gt;&lt;td&gt;Design1:1:DEV2&lt;/td&gt;&lt;td&gt;&lt;/td&gt;&lt;td&gt;&lt;/td&gt;&lt;td&gt;&lt;/td&gt;&lt;td&gt;&lt;/td&gt;&lt;td&gt;&lt;/td&gt;&lt;td&gt;&lt;/td&gt;&lt;td&gt;&lt;/td&gt;&lt;td&gt;R2&lt;/td&gt;&lt;/tr&gt;&lt;/table&gt;&lt;table border=&quot;0&quot; cellpadding=&quot;0&quot; cellspacing=&quot;0&quot; width=&quot;99%&quot; style=&quot;font-family:Lucida Sans;font-size:12&quot; id=&quot;tableid2&quot;&gt;&lt;colgroup span=&quot;22&quot;&gt;&lt;/colgroup&gt;&lt;tr style=&quot;background-color: #CCDDFF;&quot; class=&quot;header&quot;&gt;&lt;td style=&quot;vertical-align:top;text-align:left; padding: 0px; font-weight: bold; &quot; width=&quot;4%&quot;&gt;Routing ID&lt;/td&gt;&lt;td style=&quot;vertical-align:top;text-align:left; padding: 0px; font-weight: bold; &quot; width=&quot;4%&quot;&gt;Unmodified Length&lt;/td&gt;&lt;td style=&quot;vertical-align:top;text-align:left; padding: 0px; font-weight: bold; &quot; width=&quot;4%&quot;&gt;Max Length&lt;/td&gt;&lt;td style=&quot;vertical-align:top;text-align:left; padding: 0px; font-weight: bold; &quot; width=&quot;4%&quot;&gt;Min Length&lt;/td&gt;&lt;td style=&quot;vertical-align:top;text-align:left; padding: 0px; font-weight: bold; &quot; width=&quot;4%&quot;&gt;PDM_ID&lt;/td&gt;&lt;td style=&quot;vertical-align:top;text-align:left; padding: 0px; font-weight: bold; &quot; width=&quot;4%&quot;&gt;PDM_REV&lt;/td&gt;&lt;td style=&quot;vertical-align:top;text-align:left; padding: 0px; font-weight: bold; &quot; width=&quot;4%&quot;&gt;PDM_TYPE&lt;/td&gt;&lt;td style=&quot;vertical-align:top;text-align:left; padding: 0px; font-weight: bold; &quot; width=&quot;4%&quot;&gt;PDM_NAME&lt;/td&gt;&lt;td style=&quot;vertical-align:top;text-align:left; padding: 0px; font-weight: bold; &quot; width=&quot;4%&quot;&gt;Segregation&lt;/td&gt;&lt;td style=&quot;vertical-align:top;text-align:left; padding: 0px; font-weight: bold; &quot; width=&quot;4%&quot;&gt;From Device PDM_ID&lt;/td&gt;&lt;td style=&quot;vertical-align:top;text-align:left; padding: 0px; font-weight: bold; &quot; width=&quot;4%&quot;&gt;From Device PDM_REV&lt;/td&gt;&lt;td style=&quot;vertical-align:top;text-align:left; padding: 0px; font-weight: bold; &quot; width=&quot;4%&quot;&gt;From Device PDM_TYPE&lt;/td&gt;&lt;td style=&quot;vertical-align:top;text-align:left; padding: 0px; font-weight: bold; &quot; width=&quot;4%&quot;&gt;To Device PDM_ID&lt;/td&gt;&lt;td style=&quot;vertical-align:top;text-align:left; padding: 0px; font-weight: bold; &quot; width=&quot;4%&quot;&gt;To Device PDM_RE...
	at chs.common.reporting.ReportTestCase.createAndCompareReports(ReportTestCase.java:102)
	at chs.common.reporting.TeamcenterLogicComponentBOMTest.testReportContent(TeamcenterLogicComponentBOMTest.java:105)
	at chs.common.reporting.TeamcenterLogicComponentBOMTest.testReportWithConfigFile(TeamcenterLogicComponentBOMTest.java:126)
	at chs.common.reporting.TeamcenterLogicComponentBOMTest.testLogicComponentBOMReport(TeamcenterLogicComponentBOMTest.java:110)
</failure>
  </testcase>
  <testcase classname="chs.common.reporting.TeamcenterLogicComponentBOMTest" name="testLogicComponentBOMReport[8]" time="0.637">
    <failure message="Differences found : &#xa;Golden: &apos;C:\repos\iesd\chs_home\bld\testdata\temp\chs\common\reporting\TeamcenterLogicComponentBOMTest\reports\config3\DeviceWithRemarksAndSystemCode.golden.html&apos;&#xa;Actual: &apos;C:\repos\iesd\chs_home\bld\testdata\temp\chs\common\reporting\TeamcenterLogicComponentBOMTest\reports\config3\DeviceWithRemarksAndSystemCode.actual.html&apos;&#xa;mv &apos;C:\repos\iesd\chs_home\bld\testdata\temp\chs\common\reporting\TeamcenterLogicComponentBOMTest\reports\config3\DeviceWithRemarksAndSystemCode.actual.html&apos; &apos;C:\repos\iesd\chs_home\bld\testdata\temp\chs\common\reporting\TeamcenterLogicComponentBOMTest\reports\config3\DeviceWithRemarksAndSystemCode.golden.html&apos;&#xa;&#xa;Changed : Exp:1 - Act: 1&#xa;Exp: &lt;html xmlns:xs=&quot;http://www.w3.org/2001/XMLSchema&quot;&gt;&lt;head&gt;&lt;title&gt;Teamcenter Logic Component BOM&lt;/title&gt;&lt;script language=&quot;javascript&quot; src=&quot;/reporter/scripts/commonscript.js&quot;&gt;&lt;/script&gt;&lt;/head&gt;&lt;body onload=&quot;javascript:initializeReportPage(&apos;report.xsl&apos;)&quot;&gt;&lt;table border=&quot;0&quot; width=&quot;99%&quot;&gt;&lt;colgroup span=&quot;3&quot;&gt;&lt;/colgroup&gt;&lt;tr class=&quot;topRow&quot;&gt;&lt;td style=&quot;width:30%&quot; align=&quot;left&quot; valign=&quot;middle&quot;&gt;&lt;img id=&quot;MGLOGO&quot; width=&quot;137&quot; height=&quot;24&quot; src=&quot;/reporter/images/SiemensLogo.png&quot; /&gt;&lt;b&gt;&lt;/b&gt;&lt;/td&gt;&lt;td width=&quot;49%&quot; align=&quot;center&quot; valign=&quot;middle&quot;&gt;&lt;table width=&quot;100%&quot; border=&quot;0&quot;&gt;&lt;colgroup span=&quot;2&quot;&gt;&lt;/colgroup&gt;&lt;tr&gt;&lt;td width=&quot;25%&quot; align=&quot;left&quot;&gt;&lt;b style=&quot;color: green&quot;&gt;Report&lt;/b&gt;&lt;/td&gt;&lt;td width=&quot;75%&quot; align=&quot;left&quot;&gt;&lt;p style=&quot;color: green&quot;&gt;Teamcenter Logic Component BOM&lt;/p&gt;&lt;/td&gt;&lt;/tr&gt;&lt;tr&gt;&lt;td width=&quot;25%&quot; align=&quot;left&quot;&gt;&lt;b style=&quot;color: green&quot;&gt;User&lt;/b&gt;&lt;/td&gt;&lt;td width=&quot;75%&quot; align=&quot;left&quot;&gt;&lt;i style=&quot;color: green&quot;&gt;system&lt;/i&gt;&lt;/td&gt;&lt;/tr&gt;&lt;/table&gt;&lt;/td&gt;&lt;td align=&quot;right&quot; valign=&quot;middle&quot; width=&quot;20%&quot;&gt;&lt;img id=&quot;puck&quot; border=&quot;0&quot; width=&quot;100&quot; height=&quot;80&quot; src=&quot;/reporter/images/puck_smaller.jpg&quot; /&gt;&lt;b&gt;&lt;/b&gt;&lt;/td&gt;&lt;/tr&gt;&lt;/table&gt;&lt;table border=&quot;0&quot; cellpadding=&quot;0&quot; cellspacing=&quot;0&quot; width=&quot;99%&quot; style=&quot;font-family:Lucida Sans;font-size:12&quot; id=&quot;tableid1&quot;&gt;&lt;colgroup span=&quot;10&quot;&gt;&lt;/colgroup&gt;&lt;tr style=&quot;background-color: #CCDDFF;&quot; class=&quot;header&quot;&gt;&lt;td style=&quot;vertical-align:top;text-align:left; padding: 0px; font-weight: bold; &quot; width=&quot;10%&quot;&gt;Routing ID&lt;/td&gt;&lt;td style=&quot;vertical-align:top;text-align:left; padding: 0px; font-weight: bold; &quot; width=&quot;10%&quot;&gt;ICD name and Revision&lt;/td&gt;&lt;td style=&quot;vertical-align:top;text-align:left; padding: 0px; font-weight: bold; &quot; width=&quot;10%&quot;&gt;PDM_ID&lt;/td&gt;&lt;td style=&quot;vertical-align:top;text-align:left; padding: 0px; font-weight: bold; &quot; width=&quot;10%&quot;&gt;PDM_REV&lt;/td&gt;&lt;td style=&quot;vertical-align:top;text-align:left; padding: 0px; font-weight: bold; &quot; width=&quot;10%&quot;&gt;PDM_TYPE&lt;/td&gt;&lt;td style=&quot;vertical-align:top;text-align:left; padding: 0px; font-weight: bold; &quot; width=&quot;10%&quot;&gt;PDM_NAME&lt;/td&gt;&lt;td style=&quot;vertical-align:top;text-align:left; padding: 0px; font-weight: bold; &quot; width=&quot;10%&quot;&gt;Description&lt;/td&gt;&lt;td style=&quot;vertical-align:top;text-align:left; padding: 0px; font-weight: bold; &quot; width=&quot;10%&quot;&gt;SystemCode&lt;/td&gt;&lt;td style=&quot;vertical-align:top;text-align:left; padding: 0px; font-weight: bold; &quot; width=&quot;10%&quot;&gt;Room&lt;/td&gt;&lt;td style=&quot;vertical-align:top;text-align:left; padding: 0px; font-weight: bold; &quot; width=&quot;10%&quot;&gt;DesignRemarks&lt;/td&gt;&lt;/tr&gt;&lt;tr style=&quot;white-space: pre-wrap;background-color: #E4E4E4;&quot;&gt;&lt;td&gt;&lt;/td&gt;&lt;td&gt;ICD1&lt;/td&gt;&lt;td&gt;&lt;/td&gt;&lt;td&gt;&lt;/td&gt;&lt;td&gt;&lt;/td&gt;&lt;td&gt;&lt;/td&gt;&lt;td&gt;&lt;/td&gt;&lt;td&gt;&lt;/td&gt;&lt;td&gt;&lt;/td&gt;&lt;td&gt;R1&lt;/td&gt;&lt;/tr&gt;&lt;tr style=&quot;white-space: pre-wrap;&quot;&gt;&lt;td&gt;&lt;/td&gt;&lt;td&gt;ICD2&lt;/td&gt;&lt;td&gt;&lt;/td&gt;&lt;td&gt;&lt;/td&gt;&lt;td&gt;&lt;/td&gt;&lt;td&gt;&lt;/td&gt;&lt;td&gt;&lt;/td&gt;&lt;td&gt;CP7&lt;/td&gt;&lt;td&gt;&lt;/td&gt;&lt;td&gt;R2&lt;/td&gt;&lt;/tr&gt;&lt;/table&gt;&lt;table border=&quot;0&quot; cellpadding=&quot;0&quot; cellspacing=&quot;0&quot; width=&quot;99%&quot; style=&quot;font-family:Lucida Sans;font-size:12&quot; id=&quot;tableid2&quot;&gt;&lt;colgroup span=&quot;22&quot;&gt;&lt;/colgroup&gt;&lt;tr style=&quot;background-color: #CCDDFF;&quot; class=&quot;header&quot;&gt;&lt;td style=&quot;vertical-align:top;text-align:left; padding: 0px; font-weight: bold; &quot; width=&quot;4%&quot;&gt;Routing ID&lt;/td&gt;&lt;td style=&quot;vertical-align:top;text-align:left; padding: 0px; font-weight: bold; &quot; width=&quot;4%&quot;&gt;Unmodified Length&lt;/td&gt;&lt;td style=&quot;vertical-align:top;text-align:left; padding: 0px; font-weight: bold; &quot; width=&quot;4%&quot;&gt;Max Length&lt;/td&gt;&lt;td style=&quot;vertical-align:top;text-align:left; padding: 0px; font-weight: bold; &quot; width=&quot;4%&quot;&gt;Min Length&lt;/td&gt;&lt;td style=&quot;vertical-align:top;text-align:left; padding: 0px; font-weight: bold; &quot; width=&quot;4%&quot;&gt;PDM_ID&lt;/td&gt;&lt;td style=&quot;vertical-align:top;text-align:left; padding: 0px; font-weight: bold; &quot; width=&quot;4%&quot;&gt;PDM_REV&lt;/td&gt;&lt;td style=&quot;vertical-align:top;text-align:left; padding: 0px; font-weight: bold; &quot; width=&quot;4%&quot;&gt;PDM_TYPE&lt;/td&gt;&lt;td style=&quot;vertical-align:top;text-align:left; padding: 0px; font-weight: bold; &quot; width=&quot;4%&quot;&gt;PDM_NAME&lt;/td&gt;&lt;td style=&quot;vertical-align:top;text-align:left; padding: 0px; font-weight: bold; &quot; width=&quot;4%&quot;&gt;Segregation&lt;/td&gt;&lt;td style=&quot;vertical-align:top;text-align:left; padding: 0px; font-weight: bold; &quot; width=&quot;4%&quot;&gt;From Device PDM_ID&lt;/td&gt;&lt;td style=&quot;vertical-align:top;text-align:left; padding: 0px; font-weight: bold; &quot; width=&quot;4%&quot;&gt;From Device PDM_REV&lt;/td&gt;&lt;td style=&quot;vertical-align:top;text-align:left; padding: 0px; font-weight: bold; &quot; width=&quot;4%&quot;&gt;From Device PDM_TYPE&lt;/td&gt;&lt;td style=&quot;vertical-align:top;text-align:left; padding: 0px; font-weight: bold; &quot; width=&quot;4%&quot;&gt;To Device P..." type="chs.FileServices$FSComparisonFailure">chs.FileServices$FSComparisonFailure: Differences found : 
Golden: &apos;C:\repos\iesd\chs_home\bld\testdata\temp\chs\common\reporting\TeamcenterLogicComponentBOMTest\reports\config3\DeviceWithRemarksAndSystemCode.golden.html&apos;
Actual: &apos;C:\repos\iesd\chs_home\bld\testdata\temp\chs\common\reporting\TeamcenterLogicComponentBOMTest\reports\config3\DeviceWithRemarksAndSystemCode.actual.html&apos;
mv &apos;C:\repos\iesd\chs_home\bld\testdata\temp\chs\common\reporting\TeamcenterLogicComponentBOMTest\reports\config3\DeviceWithRemarksAndSystemCode.actual.html&apos; &apos;C:\repos\iesd\chs_home\bld\testdata\temp\chs\common\reporting\TeamcenterLogicComponentBOMTest\reports\config3\DeviceWithRemarksAndSystemCode.golden.html&apos;

Changed : Exp:1 - Act: 1
Exp: &lt;html xmlns:xs=&quot;http://www.w3.org/2001/XMLSchema&quot;&gt;&lt;head&gt;&lt;title&gt;Teamcenter Logic Component BOM&lt;/title&gt;&lt;script language=&quot;javascript&quot; src=&quot;/reporter/scripts/commonscript.js&quot;&gt;&lt;/script&gt;&lt;/head&gt;&lt;body onload=&quot;javascript:initializeReportPage(&apos;report.xsl&apos;)&quot;&gt;&lt;table border=&quot;0&quot; width=&quot;99%&quot;&gt;&lt;colgroup span=&quot;3&quot;&gt;&lt;/colgroup&gt;&lt;tr class=&quot;topRow&quot;&gt;&lt;td style=&quot;width:30%&quot; align=&quot;left&quot; valign=&quot;middle&quot;&gt;&lt;img id=&quot;MGLOGO&quot; width=&quot;137&quot; height=&quot;24&quot; src=&quot;/reporter/images/SiemensLogo.png&quot; /&gt;&lt;b&gt;&lt;/b&gt;&lt;/td&gt;&lt;td width=&quot;49%&quot; align=&quot;center&quot; valign=&quot;middle&quot;&gt;&lt;table width=&quot;100%&quot; border=&quot;0&quot;&gt;&lt;colgroup span=&quot;2&quot;&gt;&lt;/colgroup&gt;&lt;tr&gt;&lt;td width=&quot;25%&quot; align=&quot;left&quot;&gt;&lt;b style=&quot;color: green&quot;&gt;Report&lt;/b&gt;&lt;/td&gt;&lt;td width=&quot;75%&quot; align=&quot;left&quot;&gt;&lt;p style=&quot;color: green&quot;&gt;Teamcenter Logic Component BOM&lt;/p&gt;&lt;/td&gt;&lt;/tr&gt;&lt;tr&gt;&lt;td width=&quot;25%&quot; align=&quot;left&quot;&gt;&lt;b style=&quot;color: green&quot;&gt;User&lt;/b&gt;&lt;/td&gt;&lt;td width=&quot;75%&quot; align=&quot;left&quot;&gt;&lt;i style=&quot;color: green&quot;&gt;system&lt;/i&gt;&lt;/td&gt;&lt;/tr&gt;&lt;/table&gt;&lt;/td&gt;&lt;td align=&quot;right&quot; valign=&quot;middle&quot; width=&quot;20%&quot;&gt;&lt;img id=&quot;puck&quot; border=&quot;0&quot; width=&quot;100&quot; height=&quot;80&quot; src=&quot;/reporter/images/puck_smaller.jpg&quot; /&gt;&lt;b&gt;&lt;/b&gt;&lt;/td&gt;&lt;/tr&gt;&lt;/table&gt;&lt;table border=&quot;0&quot; cellpadding=&quot;0&quot; cellspacing=&quot;0&quot; width=&quot;99%&quot; style=&quot;font-family:Lucida Sans;font-size:12&quot; id=&quot;tableid1&quot;&gt;&lt;colgroup span=&quot;10&quot;&gt;&lt;/colgroup&gt;&lt;tr style=&quot;background-color: #CCDDFF;&quot; class=&quot;header&quot;&gt;&lt;td style=&quot;vertical-align:top;text-align:left; padding: 0px; font-weight: bold; &quot; width=&quot;10%&quot;&gt;Routing ID&lt;/td&gt;&lt;td style=&quot;vertical-align:top;text-align:left; padding: 0px; font-weight: bold; &quot; width=&quot;10%&quot;&gt;ICD name and Revision&lt;/td&gt;&lt;td style=&quot;vertical-align:top;text-align:left; padding: 0px; font-weight: bold; &quot; width=&quot;10%&quot;&gt;PDM_ID&lt;/td&gt;&lt;td style=&quot;vertical-align:top;text-align:left; padding: 0px; font-weight: bold; &quot; width=&quot;10%&quot;&gt;PDM_REV&lt;/td&gt;&lt;td style=&quot;vertical-align:top;text-align:left; padding: 0px; font-weight: bold; &quot; width=&quot;10%&quot;&gt;PDM_TYPE&lt;/td&gt;&lt;td style=&quot;vertical-align:top;text-align:left; padding: 0px; font-weight: bold; &quot; width=&quot;10%&quot;&gt;PDM_NAME&lt;/td&gt;&lt;td style=&quot;vertical-align:top;text-align:left; padding: 0px; font-weight: bold; &quot; width=&quot;10%&quot;&gt;Description&lt;/td&gt;&lt;td style=&quot;vertical-align:top;text-align:left; padding: 0px; font-weight: bold; &quot; width=&quot;10%&quot;&gt;SystemCode&lt;/td&gt;&lt;td style=&quot;vertical-align:top;text-align:left; padding: 0px; font-weight: bold; &quot; width=&quot;10%&quot;&gt;Room&lt;/td&gt;&lt;td style=&quot;vertical-align:top;text-align:left; padding: 0px; font-weight: bold; &quot; width=&quot;10%&quot;&gt;DesignRemarks&lt;/td&gt;&lt;/tr&gt;&lt;tr style=&quot;white-space: pre-wrap;background-color: #E4E4E4;&quot;&gt;&lt;td&gt;&lt;/td&gt;&lt;td&gt;ICD1&lt;/td&gt;&lt;td&gt;&lt;/td&gt;&lt;td&gt;&lt;/td&gt;&lt;td&gt;&lt;/td&gt;&lt;td&gt;&lt;/td&gt;&lt;td&gt;&lt;/td&gt;&lt;td&gt;&lt;/td&gt;&lt;td&gt;&lt;/td&gt;&lt;td&gt;R1&lt;/td&gt;&lt;/tr&gt;&lt;tr style=&quot;white-space: pre-wrap;&quot;&gt;&lt;td&gt;&lt;/td&gt;&lt;td&gt;ICD2&lt;/td&gt;&lt;td&gt;&lt;/td&gt;&lt;td&gt;&lt;/td&gt;&lt;td&gt;&lt;/td&gt;&lt;td&gt;&lt;/td&gt;&lt;td&gt;&lt;/td&gt;&lt;td&gt;CP7&lt;/td&gt;&lt;td&gt;&lt;/td&gt;&lt;td&gt;R2&lt;/td&gt;&lt;/tr&gt;&lt;/table&gt;&lt;table border=&quot;0&quot; cellpadding=&quot;0&quot; cellspacing=&quot;0&quot; width=&quot;99%&quot; style=&quot;font-family:Lucida Sans;font-size:12&quot; id=&quot;tableid2&quot;&gt;&lt;colgroup span=&quot;22&quot;&gt;&lt;/colgroup&gt;&lt;tr style=&quot;background-color: #CCDDFF;&quot; class=&quot;header&quot;&gt;&lt;td style=&quot;vertical-align:top;text-align:left; padding: 0px; font-weight: bold; &quot; width=&quot;4%&quot;&gt;Routing ID&lt;/td&gt;&lt;td style=&quot;vertical-align:top;text-align:left; padding: 0px; font-weight: bold; &quot; width=&quot;4%&quot;&gt;Unmodified Length&lt;/td&gt;&lt;td style=&quot;vertical-align:top;text-align:left; padding: 0px; font-weight: bold; &quot; width=&quot;4%&quot;&gt;Max Length&lt;/td&gt;&lt;td style=&quot;vertical-align:top;text-align:left; padding: 0px; font-weight: bold; &quot; width=&quot;4%&quot;&gt;Min Length&lt;/td&gt;&lt;td style=&quot;vertical-align:top;text-align:left; padding: 0px; font-weight: bold; &quot; width=&quot;4%&quot;&gt;PDM_ID&lt;/td&gt;&lt;td style=&quot;vertical-align:top;text-align:left; padding: 0px; font-weight: bold; &quot; width=&quot;4%&quot;&gt;PDM_REV&lt;/td&gt;&lt;td style=&quot;vertical-align:top;text-align:left; padding: 0px; font-weight: bold; &quot; width=&quot;4%&quot;&gt;PDM_TYPE&lt;/td&gt;&lt;td style=&quot;vertical-align:top;text-align:left; padding: 0px; font-weight: bold; &quot; width=&quot;4%&quot;&gt;PDM_NAME&lt;/td&gt;&lt;td style=&quot;vertical-align:top;text-align:left; padding: 0px; font-weight: bold; &quot; width=&quot;4%&quot;&gt;Segregation&lt;/td&gt;&lt;td style=&quot;vertical-align:top;text-align:left; padding: 0px; font-weight: bold; &quot; width=&quot;4%&quot;&gt;From Device PDM_ID&lt;/td&gt;&lt;td style=&quot;vertical-align:top;text-align:left; padding: 0px; font-weight: bold; &quot; width=&quot;4%&quot;&gt;From Device PDM_REV&lt;/td&gt;&lt;td style=&quot;vertical-align:top;text-align:left; padding: 0px; font-weight: bold; &quot; width=&quot;4%&quot;&gt;From Device PDM_TYPE&lt;/td&gt;&lt;td style=&quot;vertical-align:top;text-align:left; padding: 0px; font-weight: bold; &quot; width=&quot;4%&quot;&gt;To Device P...
	at chs.common.reporting.ReportTestCase.createAndCompareReports(ReportTestCase.java:102)
	at chs.common.reporting.TeamcenterLogicComponentBOMTest.testReportContent(TeamcenterLogicComponentBOMTest.java:105)
	at chs.common.reporting.TeamcenterLogicComponentBOMTest.testReportWithConfigFile(TeamcenterLogicComponentBOMTest.java:126)
	at chs.common.reporting.TeamcenterLogicComponentBOMTest.testLogicComponentBOMReport(TeamcenterLogicComponentBOMTest.java:110)
</failure>
  </testcase>
  <testcase classname="chs.common.reporting.TeamcenterLogicComponentBOMTest" name="testLogicComponentBOMReport[9]" time="0.75">
    <failure message="Differences found : &#xa;Golden: &apos;C:\repos\iesd\chs_home\bld\testdata\temp\chs\common\reporting\TeamcenterLogicComponentBOMTest\reports\config1\FloatPropertyValidation.golden.html&apos;&#xa;Actual: &apos;C:\repos\iesd\chs_home\bld\testdata\temp\chs\common\reporting\TeamcenterLogicComponentBOMTest\reports\config1\FloatPropertyValidation.actual.html&apos;&#xa;mv &apos;C:\repos\iesd\chs_home\bld\testdata\temp\chs\common\reporting\TeamcenterLogicComponentBOMTest\reports\config1\FloatPropertyValidation.actual.html&apos; &apos;C:\repos\iesd\chs_home\bld\testdata\temp\chs\common\reporting\TeamcenterLogicComponentBOMTest\reports\config1\FloatPropertyValidation.golden.html&apos;&#xa;&#xa;Changed : Exp:1 - Act: 1&#xa;Exp: &lt;html xmlns:xs=&quot;http://www.w3.org/2001/XMLSchema&quot;&gt;&lt;head&gt;&lt;title&gt;Teamcenter Logic Component BOM&lt;/title&gt;&lt;script language=&quot;javascript&quot; src=&quot;/reporter/scripts/commonscript.js&quot;&gt;&lt;/script&gt;&lt;/head&gt;&lt;body onload=&quot;javascript:initializeReportPage(&apos;report.xsl&apos;)&quot;&gt;&lt;table border=&quot;0&quot; width=&quot;99%&quot;&gt;&lt;colgroup span=&quot;3&quot;&gt;&lt;/colgroup&gt;&lt;tr class=&quot;topRow&quot;&gt;&lt;td style=&quot;width:30%&quot; align=&quot;left&quot; valign=&quot;middle&quot;&gt;&lt;img id=&quot;MGLOGO&quot; width=&quot;137&quot; height=&quot;24&quot; src=&quot;/reporter/images/SiemensLogo.png&quot; /&gt;&lt;b&gt;&lt;/b&gt;&lt;/td&gt;&lt;td width=&quot;49%&quot; align=&quot;center&quot; valign=&quot;middle&quot;&gt;&lt;table width=&quot;100%&quot; border=&quot;0&quot;&gt;&lt;colgroup span=&quot;2&quot;&gt;&lt;/colgroup&gt;&lt;tr&gt;&lt;td width=&quot;25%&quot; align=&quot;left&quot;&gt;&lt;b style=&quot;color: green&quot;&gt;Report&lt;/b&gt;&lt;/td&gt;&lt;td width=&quot;75%&quot; align=&quot;left&quot;&gt;&lt;p style=&quot;color: green&quot;&gt;Teamcenter Logic Component BOM&lt;/p&gt;&lt;/td&gt;&lt;/tr&gt;&lt;tr&gt;&lt;td width=&quot;25%&quot; align=&quot;left&quot;&gt;&lt;b style=&quot;color: green&quot;&gt;User&lt;/b&gt;&lt;/td&gt;&lt;td width=&quot;75%&quot; align=&quot;left&quot;&gt;&lt;i style=&quot;color: green&quot;&gt;system&lt;/i&gt;&lt;/td&gt;&lt;/tr&gt;&lt;/table&gt;&lt;/td&gt;&lt;td align=&quot;right&quot; valign=&quot;middle&quot; width=&quot;20%&quot;&gt;&lt;img id=&quot;puck&quot; border=&quot;0&quot; width=&quot;100&quot; height=&quot;80&quot; src=&quot;/reporter/images/puck_smaller.jpg&quot; /&gt;&lt;b&gt;&lt;/b&gt;&lt;/td&gt;&lt;/tr&gt;&lt;/table&gt;&lt;table border=&quot;0&quot; cellpadding=&quot;0&quot; cellspacing=&quot;0&quot; width=&quot;99%&quot; style=&quot;font-family:Lucida Sans;font-size:12&quot; id=&quot;tableid1&quot;&gt;&lt;colgroup span=&quot;10&quot;&gt;&lt;/colgroup&gt;&lt;tr style=&quot;background-color: #CCDDFF;&quot; class=&quot;header&quot;&gt;&lt;td style=&quot;vertical-align:top;text-align:left; padding: 0px; font-weight: bold; &quot; width=&quot;10%&quot;&gt;Routing ID&lt;/td&gt;&lt;td style=&quot;vertical-align:top;text-align:left; padding: 0px; font-weight: bold; &quot; width=&quot;10%&quot;&gt;PDM_ID&lt;/td&gt;&lt;td style=&quot;vertical-align:top;text-align:left; padding: 0px; font-weight: bold; &quot; width=&quot;10%&quot;&gt;PDM_REV&lt;/td&gt;&lt;td style=&quot;vertical-align:top;text-align:left; padding: 0px; font-weight: bold; &quot; width=&quot;10%&quot;&gt;PDM_TYPE&lt;/td&gt;&lt;td style=&quot;vertical-align:top;text-align:left; padding: 0px; font-weight: bold; &quot; width=&quot;10%&quot;&gt;PDM_NAME&lt;/td&gt;&lt;td style=&quot;vertical-align:top;text-align:left; padding: 0px; font-weight: bold; &quot; width=&quot;10%&quot;&gt;Description&lt;/td&gt;&lt;td style=&quot;vertical-align:top;text-align:left; padding: 0px; font-weight: bold; &quot; width=&quot;10%&quot;&gt;SystemCode&lt;/td&gt;&lt;td style=&quot;vertical-align:top;text-align:left; padding: 0px; font-weight: bold; &quot; width=&quot;10%&quot;&gt;Room&lt;/td&gt;&lt;td style=&quot;vertical-align:top;text-align:left; padding: 0px; font-weight: bold; &quot; width=&quot;10%&quot;&gt;DesignRemarks&lt;/td&gt;&lt;td style=&quot;vertical-align:top;text-align:left; padding: 0px; font-weight: bold; &quot; width=&quot;10%&quot;&gt;Quantity&lt;/td&gt;&lt;/tr&gt;&lt;/table&gt;&lt;table border=&quot;0&quot; cellpadding=&quot;0&quot; cellspacing=&quot;0&quot; width=&quot;99%&quot; style=&quot;font-family:Lucida Sans;font-size:12&quot; id=&quot;tableid2&quot;&gt;&lt;colgroup span=&quot;22&quot;&gt;&lt;/colgroup&gt;&lt;tr style=&quot;background-color: #CCDDFF;&quot; class=&quot;header&quot;&gt;&lt;td style=&quot;vertical-align:top;text-align:left; padding: 0px; font-weight: bold; &quot; width=&quot;4%&quot;&gt;Routing ID&lt;/td&gt;&lt;td style=&quot;vertical-align:top;text-align:left; padding: 0px; font-weight: bold; &quot; width=&quot;4%&quot;&gt;Description&lt;/td&gt;&lt;td style=&quot;vertical-align:top;text-align:left; padding: 0px; font-weight: bold; &quot; width=&quot;4%&quot;&gt;Segregation&lt;/td&gt;&lt;td style=&quot;vertical-align:top;text-align:left; padding: 0px; font-weight: bold; &quot; width=&quot;4%&quot;&gt;SystemCode&lt;/td&gt;&lt;td style=&quot;vertical-align:top;text-align:left; padding: 0px; font-weight: bold; &quot; width=&quot;4%&quot;&gt;Unmodified Length&lt;/td&gt;&lt;td style=&quot;vertical-align:top;text-align:left; padding: 0px; font-weight: bold; &quot; width=&quot;4%&quot;&gt;Max Length&lt;/td&gt;&lt;td style=&quot;vertical-align:top;text-align:left; padding: 0px; font-weight: bold; &quot; width=&quot;4%&quot;&gt;Min Length&lt;/td&gt;&lt;td style=&quot;vertical-align:top;text-align:left; padding: 0px; font-weight: bold; &quot; width=&quot;4%&quot;&gt;Bundling&lt;/td&gt;&lt;td style=&quot;vertical-align:top;text-align:left; padding: 0px; font-weight: bold; &quot; width=&quot;4%&quot;&gt;Grouping&lt;/td&gt;&lt;td style=&quot;vertical-align:top;text-align:left; padding: 0px; font-weight: bold; &quot; width=&quot;4%&quot;&gt;Multiplier&lt;/td&gt;&lt;td style=&quot;vertical-align:top;text-align:left; padding: 0px; font-weight: bold; &quot; width=&quot;4%&quot;&gt;Multiplier suffixes&lt;/td&gt;&lt;td style=&quot;vertical-align:top;text-align:left; padding: 0px; font-weight: bold; &quot; width=&quot;4%&quot;&gt;PDM_ID&lt;/td&gt;&lt;td style=&quot;vertical-align:top;text-align:left; padding: 0px; font-weight: bold; &quot; width=&quot;4%&quot;&gt;PDM_REV&lt;/td&gt;&lt;td style=&quot;vertical-align:top;text-align:left; padding: 0px; font-weight: bold; &quot; width=&quot;4%&quot;&gt;PDM_TYPE&lt;/td&gt;&lt;td style=&quot;vertical-align:top;text-align:left; padding: 0px; font-weight: bold; &quot; width=&quot;4%&quot;&gt;PDM_NAME&lt;/td&gt;&lt;td style=&quot;vertical-align:top;text-align:left; padding: 0px; font-weight: bold; &quot; width=&quot;4%&quot;&gt;From Device PDM_ID&lt;/td&gt;&lt;td style=&quot;vertical-align:t..." type="chs.FileServices$FSComparisonFailure">chs.FileServices$FSComparisonFailure: Differences found : 
Golden: &apos;C:\repos\iesd\chs_home\bld\testdata\temp\chs\common\reporting\TeamcenterLogicComponentBOMTest\reports\config1\FloatPropertyValidation.golden.html&apos;
Actual: &apos;C:\repos\iesd\chs_home\bld\testdata\temp\chs\common\reporting\TeamcenterLogicComponentBOMTest\reports\config1\FloatPropertyValidation.actual.html&apos;
mv &apos;C:\repos\iesd\chs_home\bld\testdata\temp\chs\common\reporting\TeamcenterLogicComponentBOMTest\reports\config1\FloatPropertyValidation.actual.html&apos; &apos;C:\repos\iesd\chs_home\bld\testdata\temp\chs\common\reporting\TeamcenterLogicComponentBOMTest\reports\config1\FloatPropertyValidation.golden.html&apos;

Changed : Exp:1 - Act: 1
Exp: &lt;html xmlns:xs=&quot;http://www.w3.org/2001/XMLSchema&quot;&gt;&lt;head&gt;&lt;title&gt;Teamcenter Logic Component BOM&lt;/title&gt;&lt;script language=&quot;javascript&quot; src=&quot;/reporter/scripts/commonscript.js&quot;&gt;&lt;/script&gt;&lt;/head&gt;&lt;body onload=&quot;javascript:initializeReportPage(&apos;report.xsl&apos;)&quot;&gt;&lt;table border=&quot;0&quot; width=&quot;99%&quot;&gt;&lt;colgroup span=&quot;3&quot;&gt;&lt;/colgroup&gt;&lt;tr class=&quot;topRow&quot;&gt;&lt;td style=&quot;width:30%&quot; align=&quot;left&quot; valign=&quot;middle&quot;&gt;&lt;img id=&quot;MGLOGO&quot; width=&quot;137&quot; height=&quot;24&quot; src=&quot;/reporter/images/SiemensLogo.png&quot; /&gt;&lt;b&gt;&lt;/b&gt;&lt;/td&gt;&lt;td width=&quot;49%&quot; align=&quot;center&quot; valign=&quot;middle&quot;&gt;&lt;table width=&quot;100%&quot; border=&quot;0&quot;&gt;&lt;colgroup span=&quot;2&quot;&gt;&lt;/colgroup&gt;&lt;tr&gt;&lt;td width=&quot;25%&quot; align=&quot;left&quot;&gt;&lt;b style=&quot;color: green&quot;&gt;Report&lt;/b&gt;&lt;/td&gt;&lt;td width=&quot;75%&quot; align=&quot;left&quot;&gt;&lt;p style=&quot;color: green&quot;&gt;Teamcenter Logic Component BOM&lt;/p&gt;&lt;/td&gt;&lt;/tr&gt;&lt;tr&gt;&lt;td width=&quot;25%&quot; align=&quot;left&quot;&gt;&lt;b style=&quot;color: green&quot;&gt;User&lt;/b&gt;&lt;/td&gt;&lt;td width=&quot;75%&quot; align=&quot;left&quot;&gt;&lt;i style=&quot;color: green&quot;&gt;system&lt;/i&gt;&lt;/td&gt;&lt;/tr&gt;&lt;/table&gt;&lt;/td&gt;&lt;td align=&quot;right&quot; valign=&quot;middle&quot; width=&quot;20%&quot;&gt;&lt;img id=&quot;puck&quot; border=&quot;0&quot; width=&quot;100&quot; height=&quot;80&quot; src=&quot;/reporter/images/puck_smaller.jpg&quot; /&gt;&lt;b&gt;&lt;/b&gt;&lt;/td&gt;&lt;/tr&gt;&lt;/table&gt;&lt;table border=&quot;0&quot; cellpadding=&quot;0&quot; cellspacing=&quot;0&quot; width=&quot;99%&quot; style=&quot;font-family:Lucida Sans;font-size:12&quot; id=&quot;tableid1&quot;&gt;&lt;colgroup span=&quot;10&quot;&gt;&lt;/colgroup&gt;&lt;tr style=&quot;background-color: #CCDDFF;&quot; class=&quot;header&quot;&gt;&lt;td style=&quot;vertical-align:top;text-align:left; padding: 0px; font-weight: bold; &quot; width=&quot;10%&quot;&gt;Routing ID&lt;/td&gt;&lt;td style=&quot;vertical-align:top;text-align:left; padding: 0px; font-weight: bold; &quot; width=&quot;10%&quot;&gt;PDM_ID&lt;/td&gt;&lt;td style=&quot;vertical-align:top;text-align:left; padding: 0px; font-weight: bold; &quot; width=&quot;10%&quot;&gt;PDM_REV&lt;/td&gt;&lt;td style=&quot;vertical-align:top;text-align:left; padding: 0px; font-weight: bold; &quot; width=&quot;10%&quot;&gt;PDM_TYPE&lt;/td&gt;&lt;td style=&quot;vertical-align:top;text-align:left; padding: 0px; font-weight: bold; &quot; width=&quot;10%&quot;&gt;PDM_NAME&lt;/td&gt;&lt;td style=&quot;vertical-align:top;text-align:left; padding: 0px; font-weight: bold; &quot; width=&quot;10%&quot;&gt;Description&lt;/td&gt;&lt;td style=&quot;vertical-align:top;text-align:left; padding: 0px; font-weight: bold; &quot; width=&quot;10%&quot;&gt;SystemCode&lt;/td&gt;&lt;td style=&quot;vertical-align:top;text-align:left; padding: 0px; font-weight: bold; &quot; width=&quot;10%&quot;&gt;Room&lt;/td&gt;&lt;td style=&quot;vertical-align:top;text-align:left; padding: 0px; font-weight: bold; &quot; width=&quot;10%&quot;&gt;DesignRemarks&lt;/td&gt;&lt;td style=&quot;vertical-align:top;text-align:left; padding: 0px; font-weight: bold; &quot; width=&quot;10%&quot;&gt;Quantity&lt;/td&gt;&lt;/tr&gt;&lt;/table&gt;&lt;table border=&quot;0&quot; cellpadding=&quot;0&quot; cellspacing=&quot;0&quot; width=&quot;99%&quot; style=&quot;font-family:Lucida Sans;font-size:12&quot; id=&quot;tableid2&quot;&gt;&lt;colgroup span=&quot;22&quot;&gt;&lt;/colgroup&gt;&lt;tr style=&quot;background-color: #CCDDFF;&quot; class=&quot;header&quot;&gt;&lt;td style=&quot;vertical-align:top;text-align:left; padding: 0px; font-weight: bold; &quot; width=&quot;4%&quot;&gt;Routing ID&lt;/td&gt;&lt;td style=&quot;vertical-align:top;text-align:left; padding: 0px; font-weight: bold; &quot; width=&quot;4%&quot;&gt;Description&lt;/td&gt;&lt;td style=&quot;vertical-align:top;text-align:left; padding: 0px; font-weight: bold; &quot; width=&quot;4%&quot;&gt;Segregation&lt;/td&gt;&lt;td style=&quot;vertical-align:top;text-align:left; padding: 0px; font-weight: bold; &quot; width=&quot;4%&quot;&gt;SystemCode&lt;/td&gt;&lt;td style=&quot;vertical-align:top;text-align:left; padding: 0px; font-weight: bold; &quot; width=&quot;4%&quot;&gt;Unmodified Length&lt;/td&gt;&lt;td style=&quot;vertical-align:top;text-align:left; padding: 0px; font-weight: bold; &quot; width=&quot;4%&quot;&gt;Max Length&lt;/td&gt;&lt;td style=&quot;vertical-align:top;text-align:left; padding: 0px; font-weight: bold; &quot; width=&quot;4%&quot;&gt;Min Length&lt;/td&gt;&lt;td style=&quot;vertical-align:top;text-align:left; padding: 0px; font-weight: bold; &quot; width=&quot;4%&quot;&gt;Bundling&lt;/td&gt;&lt;td style=&quot;vertical-align:top;text-align:left; padding: 0px; font-weight: bold; &quot; width=&quot;4%&quot;&gt;Grouping&lt;/td&gt;&lt;td style=&quot;vertical-align:top;text-align:left; padding: 0px; font-weight: bold; &quot; width=&quot;4%&quot;&gt;Multiplier&lt;/td&gt;&lt;td style=&quot;vertical-align:top;text-align:left; padding: 0px; font-weight: bold; &quot; width=&quot;4%&quot;&gt;Multiplier suffixes&lt;/td&gt;&lt;td style=&quot;vertical-align:top;text-align:left; padding: 0px; font-weight: bold; &quot; width=&quot;4%&quot;&gt;PDM_ID&lt;/td&gt;&lt;td style=&quot;vertical-align:top;text-align:left; padding: 0px; font-weight: bold; &quot; width=&quot;4%&quot;&gt;PDM_REV&lt;/td&gt;&lt;td style=&quot;vertical-align:top;text-align:left; padding: 0px; font-weight: bold; &quot; width=&quot;4%&quot;&gt;PDM_TYPE&lt;/td&gt;&lt;td style=&quot;vertical-align:top;text-align:left; padding: 0px; font-weight: bold; &quot; width=&quot;4%&quot;&gt;PDM_NAME&lt;/td&gt;&lt;td style=&quot;vertical-align:top;text-align:left; padding: 0px; font-weight: bold; &quot; width=&quot;4%&quot;&gt;From Device PDM_ID&lt;/td&gt;&lt;td style=&quot;vertical-align:t...
	at chs.common.reporting.ReportTestCase.createAndCompareReports(ReportTestCase.java:102)
	at chs.common.reporting.TeamcenterLogicComponentBOMTest.testReportContent(TeamcenterLogicComponentBOMTest.java:105)
	at chs.common.reporting.TeamcenterLogicComponentBOMTest.testReportWithConfigFile(TeamcenterLogicComponentBOMTest.java:126)
	at chs.common.reporting.TeamcenterLogicComponentBOMTest.testLogicComponentBOMReport(TeamcenterLogicComponentBOMTest.java:110)
</failure>
  </testcase>
  <testcase classname="chs.common.reporting.TeamcenterLogicComponentBOMTest" name="testLogicComponentBOMReport[10]" time="0.568">
    <failure message="Differences found : &#xa;Golden: &apos;C:\repos\iesd\chs_home\bld\testdata\temp\chs\common\reporting\TeamcenterLogicComponentBOMTest\reports\config2\FloatPropertyValidation.golden.html&apos;&#xa;Actual: &apos;C:\repos\iesd\chs_home\bld\testdata\temp\chs\common\reporting\TeamcenterLogicComponentBOMTest\reports\config2\FloatPropertyValidation.actual.html&apos;&#xa;mv &apos;C:\repos\iesd\chs_home\bld\testdata\temp\chs\common\reporting\TeamcenterLogicComponentBOMTest\reports\config2\FloatPropertyValidation.actual.html&apos; &apos;C:\repos\iesd\chs_home\bld\testdata\temp\chs\common\reporting\TeamcenterLogicComponentBOMTest\reports\config2\FloatPropertyValidation.golden.html&apos;&#xa;&#xa;Changed : Exp:1 - Act: 1&#xa;Exp: &lt;html xmlns:xs=&quot;http://www.w3.org/2001/XMLSchema&quot;&gt;&lt;head&gt;&lt;title&gt;Teamcenter Logic Component BOM&lt;/title&gt;&lt;script language=&quot;javascript&quot; src=&quot;/reporter/scripts/commonscript.js&quot;&gt;&lt;/script&gt;&lt;/head&gt;&lt;body onload=&quot;javascript:initializeReportPage(&apos;report.xsl&apos;)&quot;&gt;&lt;table border=&quot;0&quot; width=&quot;99%&quot;&gt;&lt;colgroup span=&quot;3&quot;&gt;&lt;/colgroup&gt;&lt;tr class=&quot;topRow&quot;&gt;&lt;td style=&quot;width:30%&quot; align=&quot;left&quot; valign=&quot;middle&quot;&gt;&lt;img id=&quot;MGLOGO&quot; width=&quot;137&quot; height=&quot;24&quot; src=&quot;/reporter/images/SiemensLogo.png&quot; /&gt;&lt;b&gt;&lt;/b&gt;&lt;/td&gt;&lt;td width=&quot;49%&quot; align=&quot;center&quot; valign=&quot;middle&quot;&gt;&lt;table width=&quot;100%&quot; border=&quot;0&quot;&gt;&lt;colgroup span=&quot;2&quot;&gt;&lt;/colgroup&gt;&lt;tr&gt;&lt;td width=&quot;25%&quot; align=&quot;left&quot;&gt;&lt;b style=&quot;color: green&quot;&gt;Report&lt;/b&gt;&lt;/td&gt;&lt;td width=&quot;75%&quot; align=&quot;left&quot;&gt;&lt;p style=&quot;color: green&quot;&gt;Teamcenter Logic Component BOM&lt;/p&gt;&lt;/td&gt;&lt;/tr&gt;&lt;tr&gt;&lt;td width=&quot;25%&quot; align=&quot;left&quot;&gt;&lt;b style=&quot;color: green&quot;&gt;User&lt;/b&gt;&lt;/td&gt;&lt;td width=&quot;75%&quot; align=&quot;left&quot;&gt;&lt;i style=&quot;color: green&quot;&gt;system&lt;/i&gt;&lt;/td&gt;&lt;/tr&gt;&lt;/table&gt;&lt;/td&gt;&lt;td align=&quot;right&quot; valign=&quot;middle&quot; width=&quot;20%&quot;&gt;&lt;img id=&quot;puck&quot; border=&quot;0&quot; width=&quot;100&quot; height=&quot;80&quot; src=&quot;/reporter/images/puck_smaller.jpg&quot; /&gt;&lt;b&gt;&lt;/b&gt;&lt;/td&gt;&lt;/tr&gt;&lt;/table&gt;&lt;table border=&quot;0&quot; cellpadding=&quot;0&quot; cellspacing=&quot;0&quot; width=&quot;99%&quot; style=&quot;font-family:Lucida Sans;font-size:12&quot; id=&quot;tableid1&quot;&gt;&lt;colgroup span=&quot;9&quot;&gt;&lt;/colgroup&gt;&lt;tr style=&quot;background-color: #CCDDFF;&quot; class=&quot;header&quot;&gt;&lt;td style=&quot;vertical-align:top;text-align:left; padding: 0px; font-weight: bold; &quot; width=&quot;11%&quot;&gt;Routing ID&lt;/td&gt;&lt;td style=&quot;vertical-align:top;text-align:left; padding: 0px; font-weight: bold; &quot; width=&quot;11%&quot;&gt;PDM_ID&lt;/td&gt;&lt;td style=&quot;vertical-align:top;text-align:left; padding: 0px; font-weight: bold; &quot; width=&quot;11%&quot;&gt;PDM_REV&lt;/td&gt;&lt;td style=&quot;vertical-align:top;text-align:left; padding: 0px; font-weight: bold; &quot; width=&quot;11%&quot;&gt;PDM_TYPE&lt;/td&gt;&lt;td style=&quot;vertical-align:top;text-align:left; padding: 0px; font-weight: bold; &quot; width=&quot;11%&quot;&gt;PDM_NAME&lt;/td&gt;&lt;td style=&quot;vertical-align:top;text-align:left; padding: 0px; font-weight: bold; &quot; width=&quot;11%&quot;&gt;Description&lt;/td&gt;&lt;td style=&quot;vertical-align:top;text-align:left; padding: 0px; font-weight: bold; &quot; width=&quot;11%&quot;&gt;SystemCode&lt;/td&gt;&lt;td style=&quot;vertical-align:top;text-align:left; padding: 0px; font-weight: bold; &quot; width=&quot;11%&quot;&gt;Room&lt;/td&gt;&lt;td style=&quot;vertical-align:top;text-align:left; padding: 0px; font-weight: bold; &quot; width=&quot;11%&quot;&gt;DesignRemarks&lt;/td&gt;&lt;/tr&gt;&lt;/table&gt;&lt;table border=&quot;0&quot; cellpadding=&quot;0&quot; cellspacing=&quot;0&quot; width=&quot;99%&quot; style=&quot;font-family:Lucida Sans;font-size:12&quot; id=&quot;tableid2&quot;&gt;&lt;colgroup span=&quot;22&quot;&gt;&lt;/colgroup&gt;&lt;tr style=&quot;background-color: #CCDDFF;&quot; class=&quot;header&quot;&gt;&lt;td style=&quot;vertical-align:top;text-align:left; padding: 0px; font-weight: bold; &quot; width=&quot;4%&quot;&gt;Routing ID&lt;/td&gt;&lt;td style=&quot;vertical-align:top;text-align:left; padding: 0px; font-weight: bold; &quot; width=&quot;4%&quot;&gt;Unmodified Length&lt;/td&gt;&lt;td style=&quot;vertical-align:top;text-align:left; padding: 0px; font-weight: bold; &quot; width=&quot;4%&quot;&gt;Max Length&lt;/td&gt;&lt;td style=&quot;vertical-align:top;text-align:left; padding: 0px; font-weight: bold; &quot; width=&quot;4%&quot;&gt;Min Length&lt;/td&gt;&lt;td style=&quot;vertical-align:top;text-align:left; padding: 0px; font-weight: bold; &quot; width=&quot;4%&quot;&gt;PDM_ID&lt;/td&gt;&lt;td style=&quot;vertical-align:top;text-align:left; padding: 0px; font-weight: bold; &quot; width=&quot;4%&quot;&gt;PDM_REV&lt;/td&gt;&lt;td style=&quot;vertical-align:top;text-align:left; padding: 0px; font-weight: bold; &quot; width=&quot;4%&quot;&gt;PDM_TYPE&lt;/td&gt;&lt;td style=&quot;vertical-align:top;text-align:left; padding: 0px; font-weight: bold; &quot; width=&quot;4%&quot;&gt;PDM_NAME&lt;/td&gt;&lt;td style=&quot;vertical-align:top;text-align:left; padding: 0px; font-weight: bold; &quot; width=&quot;4%&quot;&gt;Segregation&lt;/td&gt;&lt;td style=&quot;vertical-align:top;text-align:left; padding: 0px; font-weight: bold; &quot; width=&quot;4%&quot;&gt;From Device PDM_ID&lt;/td&gt;&lt;td style=&quot;vertical-align:top;text-align:left; padding: 0px; font-weight: bold; &quot; width=&quot;4%&quot;&gt;From Device PDM_REV&lt;/td&gt;&lt;td style=&quot;vertical-align:top;text-align:left; padding: 0px; font-weight: bold; &quot; width=&quot;4%&quot;&gt;From Device PDM_TYPE&lt;/td&gt;&lt;td style=&quot;vertical-align:top;text-align:left; padding: 0px; font-weight: bold; &quot; width=&quot;4%&quot;&gt;To Device PDM_ID&lt;/td&gt;&lt;td style=&quot;vertical-align:top;text-align:left; padding: 0px; font-weight: bold; &quot; width=&quot;4%&quot;&gt;To Device PDM_REV&lt;/td&gt;&lt;td style=&quot;vertical-align:top;text-align:left; padding: 0px; font-weight: bold; &quot; width=&quot;4%&quot;&gt;To Device PDM_TYPE&lt;/td&gt;&lt;td style=&quot;vertical-align:top;text-align:left; padding: 0px; font-weight: bold; &quot; width=&quot;4%&quot;&gt;SystemCode&lt;/td&gt;&lt;td style=&quot;vertical-align:top;text-align:left; padding: 0px; font-weight: bold; &quot; width=&quot;4%&quot;&gt;Descript..." type="chs.FileServices$FSComparisonFailure">chs.FileServices$FSComparisonFailure: Differences found : 
Golden: &apos;C:\repos\iesd\chs_home\bld\testdata\temp\chs\common\reporting\TeamcenterLogicComponentBOMTest\reports\config2\FloatPropertyValidation.golden.html&apos;
Actual: &apos;C:\repos\iesd\chs_home\bld\testdata\temp\chs\common\reporting\TeamcenterLogicComponentBOMTest\reports\config2\FloatPropertyValidation.actual.html&apos;
mv &apos;C:\repos\iesd\chs_home\bld\testdata\temp\chs\common\reporting\TeamcenterLogicComponentBOMTest\reports\config2\FloatPropertyValidation.actual.html&apos; &apos;C:\repos\iesd\chs_home\bld\testdata\temp\chs\common\reporting\TeamcenterLogicComponentBOMTest\reports\config2\FloatPropertyValidation.golden.html&apos;

Changed : Exp:1 - Act: 1
Exp: &lt;html xmlns:xs=&quot;http://www.w3.org/2001/XMLSchema&quot;&gt;&lt;head&gt;&lt;title&gt;Teamcenter Logic Component BOM&lt;/title&gt;&lt;script language=&quot;javascript&quot; src=&quot;/reporter/scripts/commonscript.js&quot;&gt;&lt;/script&gt;&lt;/head&gt;&lt;body onload=&quot;javascript:initializeReportPage(&apos;report.xsl&apos;)&quot;&gt;&lt;table border=&quot;0&quot; width=&quot;99%&quot;&gt;&lt;colgroup span=&quot;3&quot;&gt;&lt;/colgroup&gt;&lt;tr class=&quot;topRow&quot;&gt;&lt;td style=&quot;width:30%&quot; align=&quot;left&quot; valign=&quot;middle&quot;&gt;&lt;img id=&quot;MGLOGO&quot; width=&quot;137&quot; height=&quot;24&quot; src=&quot;/reporter/images/SiemensLogo.png&quot; /&gt;&lt;b&gt;&lt;/b&gt;&lt;/td&gt;&lt;td width=&quot;49%&quot; align=&quot;center&quot; valign=&quot;middle&quot;&gt;&lt;table width=&quot;100%&quot; border=&quot;0&quot;&gt;&lt;colgroup span=&quot;2&quot;&gt;&lt;/colgroup&gt;&lt;tr&gt;&lt;td width=&quot;25%&quot; align=&quot;left&quot;&gt;&lt;b style=&quot;color: green&quot;&gt;Report&lt;/b&gt;&lt;/td&gt;&lt;td width=&quot;75%&quot; align=&quot;left&quot;&gt;&lt;p style=&quot;color: green&quot;&gt;Teamcenter Logic Component BOM&lt;/p&gt;&lt;/td&gt;&lt;/tr&gt;&lt;tr&gt;&lt;td width=&quot;25%&quot; align=&quot;left&quot;&gt;&lt;b style=&quot;color: green&quot;&gt;User&lt;/b&gt;&lt;/td&gt;&lt;td width=&quot;75%&quot; align=&quot;left&quot;&gt;&lt;i style=&quot;color: green&quot;&gt;system&lt;/i&gt;&lt;/td&gt;&lt;/tr&gt;&lt;/table&gt;&lt;/td&gt;&lt;td align=&quot;right&quot; valign=&quot;middle&quot; width=&quot;20%&quot;&gt;&lt;img id=&quot;puck&quot; border=&quot;0&quot; width=&quot;100&quot; height=&quot;80&quot; src=&quot;/reporter/images/puck_smaller.jpg&quot; /&gt;&lt;b&gt;&lt;/b&gt;&lt;/td&gt;&lt;/tr&gt;&lt;/table&gt;&lt;table border=&quot;0&quot; cellpadding=&quot;0&quot; cellspacing=&quot;0&quot; width=&quot;99%&quot; style=&quot;font-family:Lucida Sans;font-size:12&quot; id=&quot;tableid1&quot;&gt;&lt;colgroup span=&quot;9&quot;&gt;&lt;/colgroup&gt;&lt;tr style=&quot;background-color: #CCDDFF;&quot; class=&quot;header&quot;&gt;&lt;td style=&quot;vertical-align:top;text-align:left; padding: 0px; font-weight: bold; &quot; width=&quot;11%&quot;&gt;Routing ID&lt;/td&gt;&lt;td style=&quot;vertical-align:top;text-align:left; padding: 0px; font-weight: bold; &quot; width=&quot;11%&quot;&gt;PDM_ID&lt;/td&gt;&lt;td style=&quot;vertical-align:top;text-align:left; padding: 0px; font-weight: bold; &quot; width=&quot;11%&quot;&gt;PDM_REV&lt;/td&gt;&lt;td style=&quot;vertical-align:top;text-align:left; padding: 0px; font-weight: bold; &quot; width=&quot;11%&quot;&gt;PDM_TYPE&lt;/td&gt;&lt;td style=&quot;vertical-align:top;text-align:left; padding: 0px; font-weight: bold; &quot; width=&quot;11%&quot;&gt;PDM_NAME&lt;/td&gt;&lt;td style=&quot;vertical-align:top;text-align:left; padding: 0px; font-weight: bold; &quot; width=&quot;11%&quot;&gt;Description&lt;/td&gt;&lt;td style=&quot;vertical-align:top;text-align:left; padding: 0px; font-weight: bold; &quot; width=&quot;11%&quot;&gt;SystemCode&lt;/td&gt;&lt;td style=&quot;vertical-align:top;text-align:left; padding: 0px; font-weight: bold; &quot; width=&quot;11%&quot;&gt;Room&lt;/td&gt;&lt;td style=&quot;vertical-align:top;text-align:left; padding: 0px; font-weight: bold; &quot; width=&quot;11%&quot;&gt;DesignRemarks&lt;/td&gt;&lt;/tr&gt;&lt;/table&gt;&lt;table border=&quot;0&quot; cellpadding=&quot;0&quot; cellspacing=&quot;0&quot; width=&quot;99%&quot; style=&quot;font-family:Lucida Sans;font-size:12&quot; id=&quot;tableid2&quot;&gt;&lt;colgroup span=&quot;22&quot;&gt;&lt;/colgroup&gt;&lt;tr style=&quot;background-color: #CCDDFF;&quot; class=&quot;header&quot;&gt;&lt;td style=&quot;vertical-align:top;text-align:left; padding: 0px; font-weight: bold; &quot; width=&quot;4%&quot;&gt;Routing ID&lt;/td&gt;&lt;td style=&quot;vertical-align:top;text-align:left; padding: 0px; font-weight: bold; &quot; width=&quot;4%&quot;&gt;Unmodified Length&lt;/td&gt;&lt;td style=&quot;vertical-align:top;text-align:left; padding: 0px; font-weight: bold; &quot; width=&quot;4%&quot;&gt;Max Length&lt;/td&gt;&lt;td style=&quot;vertical-align:top;text-align:left; padding: 0px; font-weight: bold; &quot; width=&quot;4%&quot;&gt;Min Length&lt;/td&gt;&lt;td style=&quot;vertical-align:top;text-align:left; padding: 0px; font-weight: bold; &quot; width=&quot;4%&quot;&gt;PDM_ID&lt;/td&gt;&lt;td style=&quot;vertical-align:top;text-align:left; padding: 0px; font-weight: bold; &quot; width=&quot;4%&quot;&gt;PDM_REV&lt;/td&gt;&lt;td style=&quot;vertical-align:top;text-align:left; padding: 0px; font-weight: bold; &quot; width=&quot;4%&quot;&gt;PDM_TYPE&lt;/td&gt;&lt;td style=&quot;vertical-align:top;text-align:left; padding: 0px; font-weight: bold; &quot; width=&quot;4%&quot;&gt;PDM_NAME&lt;/td&gt;&lt;td style=&quot;vertical-align:top;text-align:left; padding: 0px; font-weight: bold; &quot; width=&quot;4%&quot;&gt;Segregation&lt;/td&gt;&lt;td style=&quot;vertical-align:top;text-align:left; padding: 0px; font-weight: bold; &quot; width=&quot;4%&quot;&gt;From Device PDM_ID&lt;/td&gt;&lt;td style=&quot;vertical-align:top;text-align:left; padding: 0px; font-weight: bold; &quot; width=&quot;4%&quot;&gt;From Device PDM_REV&lt;/td&gt;&lt;td style=&quot;vertical-align:top;text-align:left; padding: 0px; font-weight: bold; &quot; width=&quot;4%&quot;&gt;From Device PDM_TYPE&lt;/td&gt;&lt;td style=&quot;vertical-align:top;text-align:left; padding: 0px; font-weight: bold; &quot; width=&quot;4%&quot;&gt;To Device PDM_ID&lt;/td&gt;&lt;td style=&quot;vertical-align:top;text-align:left; padding: 0px; font-weight: bold; &quot; width=&quot;4%&quot;&gt;To Device PDM_REV&lt;/td&gt;&lt;td style=&quot;vertical-align:top;text-align:left; padding: 0px; font-weight: bold; &quot; width=&quot;4%&quot;&gt;To Device PDM_TYPE&lt;/td&gt;&lt;td style=&quot;vertical-align:top;text-align:left; padding: 0px; font-weight: bold; &quot; width=&quot;4%&quot;&gt;SystemCode&lt;/td&gt;&lt;td style=&quot;vertical-align:top;text-align:left; padding: 0px; font-weight: bold; &quot; width=&quot;4%&quot;&gt;Descript...
	at chs.common.reporting.ReportTestCase.createAndCompareReports(ReportTestCase.java:102)
	at chs.common.reporting.TeamcenterLogicComponentBOMTest.testReportContent(TeamcenterLogicComponentBOMTest.java:105)
	at chs.common.reporting.TeamcenterLogicComponentBOMTest.testReportWithConfigFile(TeamcenterLogicComponentBOMTest.java:126)
	at chs.common.reporting.TeamcenterLogicComponentBOMTest.testLogicComponentBOMReport(TeamcenterLogicComponentBOMTest.java:110)
</failure>
  </testcase>
  <testcase classname="chs.common.reporting.TeamcenterLogicComponentBOMTest" name="testLogicComponentBOMReport[11]" time="0.545">
    <failure message="Differences found : &#xa;Golden: &apos;C:\repos\iesd\chs_home\bld\testdata\temp\chs\common\reporting\TeamcenterLogicComponentBOMTest\reports\config3\FloatPropertyValidation.golden.html&apos;&#xa;Actual: &apos;C:\repos\iesd\chs_home\bld\testdata\temp\chs\common\reporting\TeamcenterLogicComponentBOMTest\reports\config3\FloatPropertyValidation.actual.html&apos;&#xa;mv &apos;C:\repos\iesd\chs_home\bld\testdata\temp\chs\common\reporting\TeamcenterLogicComponentBOMTest\reports\config3\FloatPropertyValidation.actual.html&apos; &apos;C:\repos\iesd\chs_home\bld\testdata\temp\chs\common\reporting\TeamcenterLogicComponentBOMTest\reports\config3\FloatPropertyValidation.golden.html&apos;&#xa;&#xa;Changed : Exp:1 - Act: 1&#xa;Exp: &lt;html xmlns:xs=&quot;http://www.w3.org/2001/XMLSchema&quot;&gt;&lt;head&gt;&lt;title&gt;Teamcenter Logic Component BOM&lt;/title&gt;&lt;script language=&quot;javascript&quot; src=&quot;/reporter/scripts/commonscript.js&quot;&gt;&lt;/script&gt;&lt;/head&gt;&lt;body onload=&quot;javascript:initializeReportPage(&apos;report.xsl&apos;)&quot;&gt;&lt;table border=&quot;0&quot; width=&quot;99%&quot;&gt;&lt;colgroup span=&quot;3&quot;&gt;&lt;/colgroup&gt;&lt;tr class=&quot;topRow&quot;&gt;&lt;td style=&quot;width:30%&quot; align=&quot;left&quot; valign=&quot;middle&quot;&gt;&lt;img id=&quot;MGLOGO&quot; width=&quot;137&quot; height=&quot;24&quot; src=&quot;/reporter/images/SiemensLogo.png&quot; /&gt;&lt;b&gt;&lt;/b&gt;&lt;/td&gt;&lt;td width=&quot;49%&quot; align=&quot;center&quot; valign=&quot;middle&quot;&gt;&lt;table width=&quot;100%&quot; border=&quot;0&quot;&gt;&lt;colgroup span=&quot;2&quot;&gt;&lt;/colgroup&gt;&lt;tr&gt;&lt;td width=&quot;25%&quot; align=&quot;left&quot;&gt;&lt;b style=&quot;color: green&quot;&gt;Report&lt;/b&gt;&lt;/td&gt;&lt;td width=&quot;75%&quot; align=&quot;left&quot;&gt;&lt;p style=&quot;color: green&quot;&gt;Teamcenter Logic Component BOM&lt;/p&gt;&lt;/td&gt;&lt;/tr&gt;&lt;tr&gt;&lt;td width=&quot;25%&quot; align=&quot;left&quot;&gt;&lt;b style=&quot;color: green&quot;&gt;User&lt;/b&gt;&lt;/td&gt;&lt;td width=&quot;75%&quot; align=&quot;left&quot;&gt;&lt;i style=&quot;color: green&quot;&gt;system&lt;/i&gt;&lt;/td&gt;&lt;/tr&gt;&lt;/table&gt;&lt;/td&gt;&lt;td align=&quot;right&quot; valign=&quot;middle&quot; width=&quot;20%&quot;&gt;&lt;img id=&quot;puck&quot; border=&quot;0&quot; width=&quot;100&quot; height=&quot;80&quot; src=&quot;/reporter/images/puck_smaller.jpg&quot; /&gt;&lt;b&gt;&lt;/b&gt;&lt;/td&gt;&lt;/tr&gt;&lt;/table&gt;&lt;table border=&quot;0&quot; cellpadding=&quot;0&quot; cellspacing=&quot;0&quot; width=&quot;99%&quot; style=&quot;font-family:Lucida Sans;font-size:12&quot; id=&quot;tableid1&quot;&gt;&lt;colgroup span=&quot;10&quot;&gt;&lt;/colgroup&gt;&lt;tr style=&quot;background-color: #CCDDFF;&quot; class=&quot;header&quot;&gt;&lt;td style=&quot;vertical-align:top;text-align:left; padding: 0px; font-weight: bold; &quot; width=&quot;10%&quot;&gt;Routing ID&lt;/td&gt;&lt;td style=&quot;vertical-align:top;text-align:left; padding: 0px; font-weight: bold; &quot; width=&quot;10%&quot;&gt;ICD name and Revision&lt;/td&gt;&lt;td style=&quot;vertical-align:top;text-align:left; padding: 0px; font-weight: bold; &quot; width=&quot;10%&quot;&gt;PDM_ID&lt;/td&gt;&lt;td style=&quot;vertical-align:top;text-align:left; padding: 0px; font-weight: bold; &quot; width=&quot;10%&quot;&gt;PDM_REV&lt;/td&gt;&lt;td style=&quot;vertical-align:top;text-align:left; padding: 0px; font-weight: bold; &quot; width=&quot;10%&quot;&gt;PDM_TYPE&lt;/td&gt;&lt;td style=&quot;vertical-align:top;text-align:left; padding: 0px; font-weight: bold; &quot; width=&quot;10%&quot;&gt;PDM_NAME&lt;/td&gt;&lt;td style=&quot;vertical-align:top;text-align:left; padding: 0px; font-weight: bold; &quot; width=&quot;10%&quot;&gt;Description&lt;/td&gt;&lt;td style=&quot;vertical-align:top;text-align:left; padding: 0px; font-weight: bold; &quot; width=&quot;10%&quot;&gt;SystemCode&lt;/td&gt;&lt;td style=&quot;vertical-align:top;text-align:left; padding: 0px; font-weight: bold; &quot; width=&quot;10%&quot;&gt;Room&lt;/td&gt;&lt;td style=&quot;vertical-align:top;text-align:left; padding: 0px; font-weight: bold; &quot; width=&quot;10%&quot;&gt;DesignRemarks&lt;/td&gt;&lt;/tr&gt;&lt;/table&gt;&lt;table border=&quot;0&quot; cellpadding=&quot;0&quot; cellspacing=&quot;0&quot; width=&quot;99%&quot; style=&quot;font-family:Lucida Sans;font-size:12&quot; id=&quot;tableid2&quot;&gt;&lt;colgroup span=&quot;22&quot;&gt;&lt;/colgroup&gt;&lt;tr style=&quot;background-color: #CCDDFF;&quot; class=&quot;header&quot;&gt;&lt;td style=&quot;vertical-align:top;text-align:left; padding: 0px; font-weight: bold; &quot; width=&quot;4%&quot;&gt;Routing ID&lt;/td&gt;&lt;td style=&quot;vertical-align:top;text-align:left; padding: 0px; font-weight: bold; &quot; width=&quot;4%&quot;&gt;Unmodified Length&lt;/td&gt;&lt;td style=&quot;vertical-align:top;text-align:left; padding: 0px; font-weight: bold; &quot; width=&quot;4%&quot;&gt;Max Length&lt;/td&gt;&lt;td style=&quot;vertical-align:top;text-align:left; padding: 0px; font-weight: bold; &quot; width=&quot;4%&quot;&gt;Min Length&lt;/td&gt;&lt;td style=&quot;vertical-align:top;text-align:left; padding: 0px; font-weight: bold; &quot; width=&quot;4%&quot;&gt;PDM_ID&lt;/td&gt;&lt;td style=&quot;vertical-align:top;text-align:left; padding: 0px; font-weight: bold; &quot; width=&quot;4%&quot;&gt;PDM_REV&lt;/td&gt;&lt;td style=&quot;vertical-align:top;text-align:left; padding: 0px; font-weight: bold; &quot; width=&quot;4%&quot;&gt;PDM_TYPE&lt;/td&gt;&lt;td style=&quot;vertical-align:top;text-align:left; padding: 0px; font-weight: bold; &quot; width=&quot;4%&quot;&gt;PDM_NAME&lt;/td&gt;&lt;td style=&quot;vertical-align:top;text-align:left; padding: 0px; font-weight: bold; &quot; width=&quot;4%&quot;&gt;Segregation&lt;/td&gt;&lt;td style=&quot;vertical-align:top;text-align:left; padding: 0px; font-weight: bold; &quot; width=&quot;4%&quot;&gt;From Device PDM_ID&lt;/td&gt;&lt;td style=&quot;vertical-align:top;text-align:left; padding: 0px; font-weight: bold; &quot; width=&quot;4%&quot;&gt;From Device PDM_REV&lt;/td&gt;&lt;td style=&quot;vertical-align:top;text-align:left; padding: 0px; font-weight: bold; &quot; width=&quot;4%&quot;&gt;From Device PDM_TYPE&lt;/td&gt;&lt;td style=&quot;vertical-align:top;text-align:left; padding: 0px; font-weight: bold; &quot; width=&quot;4%&quot;&gt;To Device PDM_ID&lt;/td&gt;&lt;td style=&quot;vertical-align:top;text-align:left; padding: 0px; font-weight: bold; &quot; width=&quot;4%&quot;&gt;To Device PDM_REV&lt;/td&gt;&lt;td style=&quot;vertical-align:top;text-align:left; padding: 0px; font-weight: bold; &quot; width=&quot;4%&quot;&gt;To Device PDM_TYPE&lt;/td&gt;&lt;td style=&quot;vertical-align:top;text-align:left; padding: 0px; font-weight: bold; &quot; width=..." type="chs.FileServices$FSComparisonFailure">chs.FileServices$FSComparisonFailure: Differences found : 
Golden: &apos;C:\repos\iesd\chs_home\bld\testdata\temp\chs\common\reporting\TeamcenterLogicComponentBOMTest\reports\config3\FloatPropertyValidation.golden.html&apos;
Actual: &apos;C:\repos\iesd\chs_home\bld\testdata\temp\chs\common\reporting\TeamcenterLogicComponentBOMTest\reports\config3\FloatPropertyValidation.actual.html&apos;
mv &apos;C:\repos\iesd\chs_home\bld\testdata\temp\chs\common\reporting\TeamcenterLogicComponentBOMTest\reports\config3\FloatPropertyValidation.actual.html&apos; &apos;C:\repos\iesd\chs_home\bld\testdata\temp\chs\common\reporting\TeamcenterLogicComponentBOMTest\reports\config3\FloatPropertyValidation.golden.html&apos;

Changed : Exp:1 - Act: 1
Exp: &lt;html xmlns:xs=&quot;http://www.w3.org/2001/XMLSchema&quot;&gt;&lt;head&gt;&lt;title&gt;Teamcenter Logic Component BOM&lt;/title&gt;&lt;script language=&quot;javascript&quot; src=&quot;/reporter/scripts/commonscript.js&quot;&gt;&lt;/script&gt;&lt;/head&gt;&lt;body onload=&quot;javascript:initializeReportPage(&apos;report.xsl&apos;)&quot;&gt;&lt;table border=&quot;0&quot; width=&quot;99%&quot;&gt;&lt;colgroup span=&quot;3&quot;&gt;&lt;/colgroup&gt;&lt;tr class=&quot;topRow&quot;&gt;&lt;td style=&quot;width:30%&quot; align=&quot;left&quot; valign=&quot;middle&quot;&gt;&lt;img id=&quot;MGLOGO&quot; width=&quot;137&quot; height=&quot;24&quot; src=&quot;/reporter/images/SiemensLogo.png&quot; /&gt;&lt;b&gt;&lt;/b&gt;&lt;/td&gt;&lt;td width=&quot;49%&quot; align=&quot;center&quot; valign=&quot;middle&quot;&gt;&lt;table width=&quot;100%&quot; border=&quot;0&quot;&gt;&lt;colgroup span=&quot;2&quot;&gt;&lt;/colgroup&gt;&lt;tr&gt;&lt;td width=&quot;25%&quot; align=&quot;left&quot;&gt;&lt;b style=&quot;color: green&quot;&gt;Report&lt;/b&gt;&lt;/td&gt;&lt;td width=&quot;75%&quot; align=&quot;left&quot;&gt;&lt;p style=&quot;color: green&quot;&gt;Teamcenter Logic Component BOM&lt;/p&gt;&lt;/td&gt;&lt;/tr&gt;&lt;tr&gt;&lt;td width=&quot;25%&quot; align=&quot;left&quot;&gt;&lt;b style=&quot;color: green&quot;&gt;User&lt;/b&gt;&lt;/td&gt;&lt;td width=&quot;75%&quot; align=&quot;left&quot;&gt;&lt;i style=&quot;color: green&quot;&gt;system&lt;/i&gt;&lt;/td&gt;&lt;/tr&gt;&lt;/table&gt;&lt;/td&gt;&lt;td align=&quot;right&quot; valign=&quot;middle&quot; width=&quot;20%&quot;&gt;&lt;img id=&quot;puck&quot; border=&quot;0&quot; width=&quot;100&quot; height=&quot;80&quot; src=&quot;/reporter/images/puck_smaller.jpg&quot; /&gt;&lt;b&gt;&lt;/b&gt;&lt;/td&gt;&lt;/tr&gt;&lt;/table&gt;&lt;table border=&quot;0&quot; cellpadding=&quot;0&quot; cellspacing=&quot;0&quot; width=&quot;99%&quot; style=&quot;font-family:Lucida Sans;font-size:12&quot; id=&quot;tableid1&quot;&gt;&lt;colgroup span=&quot;10&quot;&gt;&lt;/colgroup&gt;&lt;tr style=&quot;background-color: #CCDDFF;&quot; class=&quot;header&quot;&gt;&lt;td style=&quot;vertical-align:top;text-align:left; padding: 0px; font-weight: bold; &quot; width=&quot;10%&quot;&gt;Routing ID&lt;/td&gt;&lt;td style=&quot;vertical-align:top;text-align:left; padding: 0px; font-weight: bold; &quot; width=&quot;10%&quot;&gt;ICD name and Revision&lt;/td&gt;&lt;td style=&quot;vertical-align:top;text-align:left; padding: 0px; font-weight: bold; &quot; width=&quot;10%&quot;&gt;PDM_ID&lt;/td&gt;&lt;td style=&quot;vertical-align:top;text-align:left; padding: 0px; font-weight: bold; &quot; width=&quot;10%&quot;&gt;PDM_REV&lt;/td&gt;&lt;td style=&quot;vertical-align:top;text-align:left; padding: 0px; font-weight: bold; &quot; width=&quot;10%&quot;&gt;PDM_TYPE&lt;/td&gt;&lt;td style=&quot;vertical-align:top;text-align:left; padding: 0px; font-weight: bold; &quot; width=&quot;10%&quot;&gt;PDM_NAME&lt;/td&gt;&lt;td style=&quot;vertical-align:top;text-align:left; padding: 0px; font-weight: bold; &quot; width=&quot;10%&quot;&gt;Description&lt;/td&gt;&lt;td style=&quot;vertical-align:top;text-align:left; padding: 0px; font-weight: bold; &quot; width=&quot;10%&quot;&gt;SystemCode&lt;/td&gt;&lt;td style=&quot;vertical-align:top;text-align:left; padding: 0px; font-weight: bold; &quot; width=&quot;10%&quot;&gt;Room&lt;/td&gt;&lt;td style=&quot;vertical-align:top;text-align:left; padding: 0px; font-weight: bold; &quot; width=&quot;10%&quot;&gt;DesignRemarks&lt;/td&gt;&lt;/tr&gt;&lt;/table&gt;&lt;table border=&quot;0&quot; cellpadding=&quot;0&quot; cellspacing=&quot;0&quot; width=&quot;99%&quot; style=&quot;font-family:Lucida Sans;font-size:12&quot; id=&quot;tableid2&quot;&gt;&lt;colgroup span=&quot;22&quot;&gt;&lt;/colgroup&gt;&lt;tr style=&quot;background-color: #CCDDFF;&quot; class=&quot;header&quot;&gt;&lt;td style=&quot;vertical-align:top;text-align:left; padding: 0px; font-weight: bold; &quot; width=&quot;4%&quot;&gt;Routing ID&lt;/td&gt;&lt;td style=&quot;vertical-align:top;text-align:left; padding: 0px; font-weight: bold; &quot; width=&quot;4%&quot;&gt;Unmodified Length&lt;/td&gt;&lt;td style=&quot;vertical-align:top;text-align:left; padding: 0px; font-weight: bold; &quot; width=&quot;4%&quot;&gt;Max Length&lt;/td&gt;&lt;td style=&quot;vertical-align:top;text-align:left; padding: 0px; font-weight: bold; &quot; width=&quot;4%&quot;&gt;Min Length&lt;/td&gt;&lt;td style=&quot;vertical-align:top;text-align:left; padding: 0px; font-weight: bold; &quot; width=&quot;4%&quot;&gt;PDM_ID&lt;/td&gt;&lt;td style=&quot;vertical-align:top;text-align:left; padding: 0px; font-weight: bold; &quot; width=&quot;4%&quot;&gt;PDM_REV&lt;/td&gt;&lt;td style=&quot;vertical-align:top;text-align:left; padding: 0px; font-weight: bold; &quot; width=&quot;4%&quot;&gt;PDM_TYPE&lt;/td&gt;&lt;td style=&quot;vertical-align:top;text-align:left; padding: 0px; font-weight: bold; &quot; width=&quot;4%&quot;&gt;PDM_NAME&lt;/td&gt;&lt;td style=&quot;vertical-align:top;text-align:left; padding: 0px; font-weight: bold; &quot; width=&quot;4%&quot;&gt;Segregation&lt;/td&gt;&lt;td style=&quot;vertical-align:top;text-align:left; padding: 0px; font-weight: bold; &quot; width=&quot;4%&quot;&gt;From Device PDM_ID&lt;/td&gt;&lt;td style=&quot;vertical-align:top;text-align:left; padding: 0px; font-weight: bold; &quot; width=&quot;4%&quot;&gt;From Device PDM_REV&lt;/td&gt;&lt;td style=&quot;vertical-align:top;text-align:left; padding: 0px; font-weight: bold; &quot; width=&quot;4%&quot;&gt;From Device PDM_TYPE&lt;/td&gt;&lt;td style=&quot;vertical-align:top;text-align:left; padding: 0px; font-weight: bold; &quot; width=&quot;4%&quot;&gt;To Device PDM_ID&lt;/td&gt;&lt;td style=&quot;vertical-align:top;text-align:left; padding: 0px; font-weight: bold; &quot; width=&quot;4%&quot;&gt;To Device PDM_REV&lt;/td&gt;&lt;td style=&quot;vertical-align:top;text-align:left; padding: 0px; font-weight: bold; &quot; width=&quot;4%&quot;&gt;To Device PDM_TYPE&lt;/td&gt;&lt;td style=&quot;vertical-align:top;text-align:left; padding: 0px; font-weight: bold; &quot; width=...
	at chs.common.reporting.ReportTestCase.createAndCompareReports(ReportTestCase.java:102)
	at chs.common.reporting.TeamcenterLogicComponentBOMTest.testReportContent(TeamcenterLogicComponentBOMTest.java:105)
	at chs.common.reporting.TeamcenterLogicComponentBOMTest.testReportWithConfigFile(TeamcenterLogicComponentBOMTest.java:126)
	at chs.common.reporting.TeamcenterLogicComponentBOMTest.testLogicComponentBOMReport(TeamcenterLogicComponentBOMTest.java:110)
</failure>
  </testcase>
  <testcase classname="chs.common.reporting.TeamcenterLogicComponentBOMTest" name="testLogicComponentBOMReport[12]" time="0.834">
    <failure message="Differences found : &#xa;Golden: &apos;C:\repos\iesd\chs_home\bld\testdata\temp\chs\common\reporting\TeamcenterLogicComponentBOMTest\reports\config1\From Device - To Device.golden.html&apos;&#xa;Actual: &apos;C:\repos\iesd\chs_home\bld\testdata\temp\chs\common\reporting\TeamcenterLogicComponentBOMTest\reports\config1\From Device - To Device.actual.html&apos;&#xa;mv &apos;C:\repos\iesd\chs_home\bld\testdata\temp\chs\common\reporting\TeamcenterLogicComponentBOMTest\reports\config1\From Device - To Device.actual.html&apos; &apos;C:\repos\iesd\chs_home\bld\testdata\temp\chs\common\reporting\TeamcenterLogicComponentBOMTest\reports\config1\From Device - To Device.golden.html&apos;&#xa;&#xa;Changed : Exp:1 - Act: 1&#xa;Exp: &lt;html xmlns:xs=&quot;http://www.w3.org/2001/XMLSchema&quot;&gt;&lt;head&gt;&lt;title&gt;Teamcenter Logic Component BOM&lt;/title&gt;&lt;script language=&quot;javascript&quot; src=&quot;/reporter/scripts/commonscript.js&quot;&gt;&lt;/script&gt;&lt;/head&gt;&lt;body onload=&quot;javascript:initializeReportPage(&apos;report.xsl&apos;)&quot;&gt;&lt;table border=&quot;0&quot; width=&quot;99%&quot;&gt;&lt;colgroup span=&quot;3&quot;&gt;&lt;/colgroup&gt;&lt;tr class=&quot;topRow&quot;&gt;&lt;td style=&quot;width:30%&quot; align=&quot;left&quot; valign=&quot;middle&quot;&gt;&lt;img id=&quot;MGLOGO&quot; width=&quot;137&quot; height=&quot;24&quot; src=&quot;/reporter/images/SiemensLogo.png&quot; /&gt;&lt;b&gt;&lt;/b&gt;&lt;/td&gt;&lt;td width=&quot;49%&quot; align=&quot;center&quot; valign=&quot;middle&quot;&gt;&lt;table width=&quot;100%&quot; border=&quot;0&quot;&gt;&lt;colgroup span=&quot;2&quot;&gt;&lt;/colgroup&gt;&lt;tr&gt;&lt;td width=&quot;25%&quot; align=&quot;left&quot;&gt;&lt;b style=&quot;color: green&quot;&gt;Report&lt;/b&gt;&lt;/td&gt;&lt;td width=&quot;75%&quot; align=&quot;left&quot;&gt;&lt;p style=&quot;color: green&quot;&gt;Teamcenter Logic Component BOM&lt;/p&gt;&lt;/td&gt;&lt;/tr&gt;&lt;tr&gt;&lt;td width=&quot;25%&quot; align=&quot;left&quot;&gt;&lt;b style=&quot;color: green&quot;&gt;User&lt;/b&gt;&lt;/td&gt;&lt;td width=&quot;75%&quot; align=&quot;left&quot;&gt;&lt;i style=&quot;color: green&quot;&gt;system&lt;/i&gt;&lt;/td&gt;&lt;/tr&gt;&lt;/table&gt;&lt;/td&gt;&lt;td align=&quot;right&quot; valign=&quot;middle&quot; width=&quot;20%&quot;&gt;&lt;img id=&quot;puck&quot; border=&quot;0&quot; width=&quot;100&quot; height=&quot;80&quot; src=&quot;/reporter/images/puck_smaller.jpg&quot; /&gt;&lt;b&gt;&lt;/b&gt;&lt;/td&gt;&lt;/tr&gt;&lt;/table&gt;&lt;table border=&quot;0&quot; cellpadding=&quot;0&quot; cellspacing=&quot;0&quot; width=&quot;99%&quot; style=&quot;font-family:Lucida Sans;font-size:12&quot; id=&quot;tableid1&quot;&gt;&lt;colgroup span=&quot;10&quot;&gt;&lt;/colgroup&gt;&lt;tr style=&quot;background-color: #CCDDFF;&quot; class=&quot;header&quot;&gt;&lt;td style=&quot;vertical-align:top;text-align:left; padding: 0px; font-weight: bold; &quot; width=&quot;10%&quot;&gt;Routing ID&lt;/td&gt;&lt;td style=&quot;vertical-align:top;text-align:left; padding: 0px; font-weight: bold; &quot; width=&quot;10%&quot;&gt;PDM_ID&lt;/td&gt;&lt;td style=&quot;vertical-align:top;text-align:left; padding: 0px; font-weight: bold; &quot; width=&quot;10%&quot;&gt;PDM_REV&lt;/td&gt;&lt;td style=&quot;vertical-align:top;text-align:left; padding: 0px; font-weight: bold; &quot; width=&quot;10%&quot;&gt;PDM_TYPE&lt;/td&gt;&lt;td style=&quot;vertical-align:top;text-align:left; padding: 0px; font-weight: bold; &quot; width=&quot;10%&quot;&gt;PDM_NAME&lt;/td&gt;&lt;td style=&quot;vertical-align:top;text-align:left; padding: 0px; font-weight: bold; &quot; width=&quot;10%&quot;&gt;Description&lt;/td&gt;&lt;td style=&quot;vertical-align:top;text-align:left; padding: 0px; font-weight: bold; &quot; width=&quot;10%&quot;&gt;SystemCode&lt;/td&gt;&lt;td style=&quot;vertical-align:top;text-align:left; padding: 0px; font-weight: bold; &quot; width=&quot;10%&quot;&gt;Room&lt;/td&gt;&lt;td style=&quot;vertical-align:top;text-align:left; padding: 0px; font-weight: bold; &quot; width=&quot;10%&quot;&gt;DesignRemarks&lt;/td&gt;&lt;td style=&quot;vertical-align:top;text-align:left; padding: 0px; font-weight: bold; &quot; width=&quot;10%&quot;&gt;Quantity&lt;/td&gt;&lt;/tr&gt;&lt;tr style=&quot;white-space: pre-wrap;background-color: #E4E4E4;&quot;&gt;&lt;td&gt;Design1:1:DEV1&lt;/td&gt;&lt;td&gt;&lt;/td&gt;&lt;td&gt;&lt;/td&gt;&lt;td&gt;&lt;/td&gt;&lt;td&gt;&lt;/td&gt;&lt;td&gt;&lt;/td&gt;&lt;td&gt;&lt;/td&gt;&lt;td&gt;&lt;/td&gt;&lt;td&gt;&lt;/td&gt;&lt;td&gt;1&lt;/td&gt;&lt;/tr&gt;&lt;tr style=&quot;white-space: pre-wrap;&quot;&gt;&lt;td&gt;Design1:1:DEV2&lt;/td&gt;&lt;td&gt;&lt;/td&gt;&lt;td&gt;&lt;/td&gt;&lt;td&gt;&lt;/td&gt;&lt;td&gt;&lt;/td&gt;&lt;td&gt;&lt;/td&gt;&lt;td&gt;&lt;/td&gt;&lt;td&gt;&lt;/td&gt;&lt;td&gt;&lt;/td&gt;&lt;td&gt;1&lt;/td&gt;&lt;/tr&gt;&lt;tr style=&quot;white-space: pre-wrap;background-color: #E4E4E4;&quot;&gt;&lt;td&gt;Design1:1:DEV3&lt;/td&gt;&lt;td&gt;&lt;/td&gt;&lt;td&gt;&lt;/td&gt;&lt;td&gt;&lt;/td&gt;&lt;td&gt;&lt;/td&gt;&lt;td&gt;&lt;/td&gt;&lt;td&gt;&lt;/td&gt;&lt;td&gt;&lt;/td&gt;&lt;td&gt;R1&lt;/td&gt;&lt;td&gt;1&lt;/td&gt;&lt;/tr&gt;&lt;tr style=&quot;white-space: pre-wrap;&quot;&gt;&lt;td&gt;Design1:1:DEV4&lt;/td&gt;&lt;td&gt;&lt;/td&gt;&lt;td&gt;&lt;/td&gt;&lt;td&gt;&lt;/td&gt;&lt;td&gt;&lt;/td&gt;&lt;td&gt;&lt;/td&gt;&lt;td&gt;&lt;/td&gt;&lt;td&gt;&lt;/td&gt;&lt;td&gt;R2&lt;/td&gt;&lt;td&gt;1&lt;/td&gt;&lt;/tr&gt;&lt;/table&gt;&lt;table border=&quot;0&quot; cellpadding=&quot;0&quot; cellspacing=&quot;0&quot; width=&quot;99%&quot; style=&quot;font-family:Lucida Sans;font-size:12&quot; id=&quot;tableid2&quot;&gt;&lt;colgroup span=&quot;22&quot;&gt;&lt;/colgroup&gt;&lt;tr style=&quot;background-color: #CCDDFF;&quot; class=&quot;header&quot;&gt;&lt;td style=&quot;vertical-align:top;text-align:left; padding: 0px; font-weight: bold; &quot; width=&quot;4%&quot;&gt;Routing ID&lt;/td&gt;&lt;td style=&quot;vertical-align:top;text-align:left; padding: 0px; font-weight: bold; &quot; width=&quot;4%&quot;&gt;Description&lt;/td&gt;&lt;td style=&quot;vertical-align:top;text-align:left; padding: 0px; font-weight: bold; &quot; width=&quot;4%&quot;&gt;Segregation&lt;/td&gt;&lt;td style=&quot;vertical-align:top;text-align:left; padding: 0px; font-weight: bold; &quot; width=&quot;4%&quot;&gt;SystemCode&lt;/td&gt;&lt;td style=&quot;vertical-align:top;text-align:left; padding: 0px; font-weight: bold; &quot; width=&quot;4%&quot;&gt;Unmodified Length&lt;/td&gt;&lt;td style=&quot;vertical-align:top;text-align:left; padding: 0px; font-weight: bold; &quot; width=&quot;4%&quot;&gt;Max Length&lt;/td&gt;&lt;td style=&quot;vertical-align:top;text-align:left; padding: 0px; font-weight: bold; &quot; width=&quot;4%&quot;&gt;Min Length&lt;/td&gt;&lt;td style=&quot;vertical-align:top;text-align:left; padding: 0px; font-weight: bold; &quot; width=&quot;4%&quot;&gt;Bundling&lt;/td&gt;&lt;td style=&quot;vertical-align:top;text-align:left; padding: 0px; font-weight: bold; &quot; width=&quot;4%&quot;&gt;Grouping&lt;/td&gt;&lt;td style=&quot;vertical-align:top;text-align:left; padding: 0px; font-weight: bold; &quot; width=&quot;4%&quot;&gt;Multiplier&lt;/td&gt;&lt;td style=&quot;vertical-align:top;text-align:left..." type="chs.FileServices$FSComparisonFailure">chs.FileServices$FSComparisonFailure: Differences found : 
Golden: &apos;C:\repos\iesd\chs_home\bld\testdata\temp\chs\common\reporting\TeamcenterLogicComponentBOMTest\reports\config1\From Device - To Device.golden.html&apos;
Actual: &apos;C:\repos\iesd\chs_home\bld\testdata\temp\chs\common\reporting\TeamcenterLogicComponentBOMTest\reports\config1\From Device - To Device.actual.html&apos;
mv &apos;C:\repos\iesd\chs_home\bld\testdata\temp\chs\common\reporting\TeamcenterLogicComponentBOMTest\reports\config1\From Device - To Device.actual.html&apos; &apos;C:\repos\iesd\chs_home\bld\testdata\temp\chs\common\reporting\TeamcenterLogicComponentBOMTest\reports\config1\From Device - To Device.golden.html&apos;

Changed : Exp:1 - Act: 1
Exp: &lt;html xmlns:xs=&quot;http://www.w3.org/2001/XMLSchema&quot;&gt;&lt;head&gt;&lt;title&gt;Teamcenter Logic Component BOM&lt;/title&gt;&lt;script language=&quot;javascript&quot; src=&quot;/reporter/scripts/commonscript.js&quot;&gt;&lt;/script&gt;&lt;/head&gt;&lt;body onload=&quot;javascript:initializeReportPage(&apos;report.xsl&apos;)&quot;&gt;&lt;table border=&quot;0&quot; width=&quot;99%&quot;&gt;&lt;colgroup span=&quot;3&quot;&gt;&lt;/colgroup&gt;&lt;tr class=&quot;topRow&quot;&gt;&lt;td style=&quot;width:30%&quot; align=&quot;left&quot; valign=&quot;middle&quot;&gt;&lt;img id=&quot;MGLOGO&quot; width=&quot;137&quot; height=&quot;24&quot; src=&quot;/reporter/images/SiemensLogo.png&quot; /&gt;&lt;b&gt;&lt;/b&gt;&lt;/td&gt;&lt;td width=&quot;49%&quot; align=&quot;center&quot; valign=&quot;middle&quot;&gt;&lt;table width=&quot;100%&quot; border=&quot;0&quot;&gt;&lt;colgroup span=&quot;2&quot;&gt;&lt;/colgroup&gt;&lt;tr&gt;&lt;td width=&quot;25%&quot; align=&quot;left&quot;&gt;&lt;b style=&quot;color: green&quot;&gt;Report&lt;/b&gt;&lt;/td&gt;&lt;td width=&quot;75%&quot; align=&quot;left&quot;&gt;&lt;p style=&quot;color: green&quot;&gt;Teamcenter Logic Component BOM&lt;/p&gt;&lt;/td&gt;&lt;/tr&gt;&lt;tr&gt;&lt;td width=&quot;25%&quot; align=&quot;left&quot;&gt;&lt;b style=&quot;color: green&quot;&gt;User&lt;/b&gt;&lt;/td&gt;&lt;td width=&quot;75%&quot; align=&quot;left&quot;&gt;&lt;i style=&quot;color: green&quot;&gt;system&lt;/i&gt;&lt;/td&gt;&lt;/tr&gt;&lt;/table&gt;&lt;/td&gt;&lt;td align=&quot;right&quot; valign=&quot;middle&quot; width=&quot;20%&quot;&gt;&lt;img id=&quot;puck&quot; border=&quot;0&quot; width=&quot;100&quot; height=&quot;80&quot; src=&quot;/reporter/images/puck_smaller.jpg&quot; /&gt;&lt;b&gt;&lt;/b&gt;&lt;/td&gt;&lt;/tr&gt;&lt;/table&gt;&lt;table border=&quot;0&quot; cellpadding=&quot;0&quot; cellspacing=&quot;0&quot; width=&quot;99%&quot; style=&quot;font-family:Lucida Sans;font-size:12&quot; id=&quot;tableid1&quot;&gt;&lt;colgroup span=&quot;10&quot;&gt;&lt;/colgroup&gt;&lt;tr style=&quot;background-color: #CCDDFF;&quot; class=&quot;header&quot;&gt;&lt;td style=&quot;vertical-align:top;text-align:left; padding: 0px; font-weight: bold; &quot; width=&quot;10%&quot;&gt;Routing ID&lt;/td&gt;&lt;td style=&quot;vertical-align:top;text-align:left; padding: 0px; font-weight: bold; &quot; width=&quot;10%&quot;&gt;PDM_ID&lt;/td&gt;&lt;td style=&quot;vertical-align:top;text-align:left; padding: 0px; font-weight: bold; &quot; width=&quot;10%&quot;&gt;PDM_REV&lt;/td&gt;&lt;td style=&quot;vertical-align:top;text-align:left; padding: 0px; font-weight: bold; &quot; width=&quot;10%&quot;&gt;PDM_TYPE&lt;/td&gt;&lt;td style=&quot;vertical-align:top;text-align:left; padding: 0px; font-weight: bold; &quot; width=&quot;10%&quot;&gt;PDM_NAME&lt;/td&gt;&lt;td style=&quot;vertical-align:top;text-align:left; padding: 0px; font-weight: bold; &quot; width=&quot;10%&quot;&gt;Description&lt;/td&gt;&lt;td style=&quot;vertical-align:top;text-align:left; padding: 0px; font-weight: bold; &quot; width=&quot;10%&quot;&gt;SystemCode&lt;/td&gt;&lt;td style=&quot;vertical-align:top;text-align:left; padding: 0px; font-weight: bold; &quot; width=&quot;10%&quot;&gt;Room&lt;/td&gt;&lt;td style=&quot;vertical-align:top;text-align:left; padding: 0px; font-weight: bold; &quot; width=&quot;10%&quot;&gt;DesignRemarks&lt;/td&gt;&lt;td style=&quot;vertical-align:top;text-align:left; padding: 0px; font-weight: bold; &quot; width=&quot;10%&quot;&gt;Quantity&lt;/td&gt;&lt;/tr&gt;&lt;tr style=&quot;white-space: pre-wrap;background-color: #E4E4E4;&quot;&gt;&lt;td&gt;Design1:1:DEV1&lt;/td&gt;&lt;td&gt;&lt;/td&gt;&lt;td&gt;&lt;/td&gt;&lt;td&gt;&lt;/td&gt;&lt;td&gt;&lt;/td&gt;&lt;td&gt;&lt;/td&gt;&lt;td&gt;&lt;/td&gt;&lt;td&gt;&lt;/td&gt;&lt;td&gt;&lt;/td&gt;&lt;td&gt;1&lt;/td&gt;&lt;/tr&gt;&lt;tr style=&quot;white-space: pre-wrap;&quot;&gt;&lt;td&gt;Design1:1:DEV2&lt;/td&gt;&lt;td&gt;&lt;/td&gt;&lt;td&gt;&lt;/td&gt;&lt;td&gt;&lt;/td&gt;&lt;td&gt;&lt;/td&gt;&lt;td&gt;&lt;/td&gt;&lt;td&gt;&lt;/td&gt;&lt;td&gt;&lt;/td&gt;&lt;td&gt;&lt;/td&gt;&lt;td&gt;1&lt;/td&gt;&lt;/tr&gt;&lt;tr style=&quot;white-space: pre-wrap;background-color: #E4E4E4;&quot;&gt;&lt;td&gt;Design1:1:DEV3&lt;/td&gt;&lt;td&gt;&lt;/td&gt;&lt;td&gt;&lt;/td&gt;&lt;td&gt;&lt;/td&gt;&lt;td&gt;&lt;/td&gt;&lt;td&gt;&lt;/td&gt;&lt;td&gt;&lt;/td&gt;&lt;td&gt;&lt;/td&gt;&lt;td&gt;R1&lt;/td&gt;&lt;td&gt;1&lt;/td&gt;&lt;/tr&gt;&lt;tr style=&quot;white-space: pre-wrap;&quot;&gt;&lt;td&gt;Design1:1:DEV4&lt;/td&gt;&lt;td&gt;&lt;/td&gt;&lt;td&gt;&lt;/td&gt;&lt;td&gt;&lt;/td&gt;&lt;td&gt;&lt;/td&gt;&lt;td&gt;&lt;/td&gt;&lt;td&gt;&lt;/td&gt;&lt;td&gt;&lt;/td&gt;&lt;td&gt;R2&lt;/td&gt;&lt;td&gt;1&lt;/td&gt;&lt;/tr&gt;&lt;/table&gt;&lt;table border=&quot;0&quot; cellpadding=&quot;0&quot; cellspacing=&quot;0&quot; width=&quot;99%&quot; style=&quot;font-family:Lucida Sans;font-size:12&quot; id=&quot;tableid2&quot;&gt;&lt;colgroup span=&quot;22&quot;&gt;&lt;/colgroup&gt;&lt;tr style=&quot;background-color: #CCDDFF;&quot; class=&quot;header&quot;&gt;&lt;td style=&quot;vertical-align:top;text-align:left; padding: 0px; font-weight: bold; &quot; width=&quot;4%&quot;&gt;Routing ID&lt;/td&gt;&lt;td style=&quot;vertical-align:top;text-align:left; padding: 0px; font-weight: bold; &quot; width=&quot;4%&quot;&gt;Description&lt;/td&gt;&lt;td style=&quot;vertical-align:top;text-align:left; padding: 0px; font-weight: bold; &quot; width=&quot;4%&quot;&gt;Segregation&lt;/td&gt;&lt;td style=&quot;vertical-align:top;text-align:left; padding: 0px; font-weight: bold; &quot; width=&quot;4%&quot;&gt;SystemCode&lt;/td&gt;&lt;td style=&quot;vertical-align:top;text-align:left; padding: 0px; font-weight: bold; &quot; width=&quot;4%&quot;&gt;Unmodified Length&lt;/td&gt;&lt;td style=&quot;vertical-align:top;text-align:left; padding: 0px; font-weight: bold; &quot; width=&quot;4%&quot;&gt;Max Length&lt;/td&gt;&lt;td style=&quot;vertical-align:top;text-align:left; padding: 0px; font-weight: bold; &quot; width=&quot;4%&quot;&gt;Min Length&lt;/td&gt;&lt;td style=&quot;vertical-align:top;text-align:left; padding: 0px; font-weight: bold; &quot; width=&quot;4%&quot;&gt;Bundling&lt;/td&gt;&lt;td style=&quot;vertical-align:top;text-align:left; padding: 0px; font-weight: bold; &quot; width=&quot;4%&quot;&gt;Grouping&lt;/td&gt;&lt;td style=&quot;vertical-align:top;text-align:left; padding: 0px; font-weight: bold; &quot; width=&quot;4%&quot;&gt;Multiplier&lt;/td&gt;&lt;td style=&quot;vertical-align:top;text-align:left...
	at chs.common.reporting.ReportTestCase.createAndCompareReports(ReportTestCase.java:102)
	at chs.common.reporting.TeamcenterLogicComponentBOMTest.testReportContent(TeamcenterLogicComponentBOMTest.java:105)
	at chs.common.reporting.TeamcenterLogicComponentBOMTest.testReportWithConfigFile(TeamcenterLogicComponentBOMTest.java:126)
	at chs.common.reporting.TeamcenterLogicComponentBOMTest.testLogicComponentBOMReport(TeamcenterLogicComponentBOMTest.java:110)
</failure>
  </testcase>
  <testcase classname="chs.common.reporting.TeamcenterLogicComponentBOMTest" name="testLogicComponentBOMReport[13]" time="0.663">
    <failure message="Differences found : &#xa;Golden: &apos;C:\repos\iesd\chs_home\bld\testdata\temp\chs\common\reporting\TeamcenterLogicComponentBOMTest\reports\config2\From Device - To Device.golden.html&apos;&#xa;Actual: &apos;C:\repos\iesd\chs_home\bld\testdata\temp\chs\common\reporting\TeamcenterLogicComponentBOMTest\reports\config2\From Device - To Device.actual.html&apos;&#xa;mv &apos;C:\repos\iesd\chs_home\bld\testdata\temp\chs\common\reporting\TeamcenterLogicComponentBOMTest\reports\config2\From Device - To Device.actual.html&apos; &apos;C:\repos\iesd\chs_home\bld\testdata\temp\chs\common\reporting\TeamcenterLogicComponentBOMTest\reports\config2\From Device - To Device.golden.html&apos;&#xa;&#xa;Changed : Exp:1 - Act: 1&#xa;Exp: &lt;html xmlns:xs=&quot;http://www.w3.org/2001/XMLSchema&quot;&gt;&lt;head&gt;&lt;title&gt;Teamcenter Logic Component BOM&lt;/title&gt;&lt;script language=&quot;javascript&quot; src=&quot;/reporter/scripts/commonscript.js&quot;&gt;&lt;/script&gt;&lt;/head&gt;&lt;body onload=&quot;javascript:initializeReportPage(&apos;report.xsl&apos;)&quot;&gt;&lt;table border=&quot;0&quot; width=&quot;99%&quot;&gt;&lt;colgroup span=&quot;3&quot;&gt;&lt;/colgroup&gt;&lt;tr class=&quot;topRow&quot;&gt;&lt;td style=&quot;width:30%&quot; align=&quot;left&quot; valign=&quot;middle&quot;&gt;&lt;img id=&quot;MGLOGO&quot; width=&quot;137&quot; height=&quot;24&quot; src=&quot;/reporter/images/SiemensLogo.png&quot; /&gt;&lt;b&gt;&lt;/b&gt;&lt;/td&gt;&lt;td width=&quot;49%&quot; align=&quot;center&quot; valign=&quot;middle&quot;&gt;&lt;table width=&quot;100%&quot; border=&quot;0&quot;&gt;&lt;colgroup span=&quot;2&quot;&gt;&lt;/colgroup&gt;&lt;tr&gt;&lt;td width=&quot;25%&quot; align=&quot;left&quot;&gt;&lt;b style=&quot;color: green&quot;&gt;Report&lt;/b&gt;&lt;/td&gt;&lt;td width=&quot;75%&quot; align=&quot;left&quot;&gt;&lt;p style=&quot;color: green&quot;&gt;Teamcenter Logic Component BOM&lt;/p&gt;&lt;/td&gt;&lt;/tr&gt;&lt;tr&gt;&lt;td width=&quot;25%&quot; align=&quot;left&quot;&gt;&lt;b style=&quot;color: green&quot;&gt;User&lt;/b&gt;&lt;/td&gt;&lt;td width=&quot;75%&quot; align=&quot;left&quot;&gt;&lt;i style=&quot;color: green&quot;&gt;system&lt;/i&gt;&lt;/td&gt;&lt;/tr&gt;&lt;/table&gt;&lt;/td&gt;&lt;td align=&quot;right&quot; valign=&quot;middle&quot; width=&quot;20%&quot;&gt;&lt;img id=&quot;puck&quot; border=&quot;0&quot; width=&quot;100&quot; height=&quot;80&quot; src=&quot;/reporter/images/puck_smaller.jpg&quot; /&gt;&lt;b&gt;&lt;/b&gt;&lt;/td&gt;&lt;/tr&gt;&lt;/table&gt;&lt;table border=&quot;0&quot; cellpadding=&quot;0&quot; cellspacing=&quot;0&quot; width=&quot;99%&quot; style=&quot;font-family:Lucida Sans;font-size:12&quot; id=&quot;tableid1&quot;&gt;&lt;colgroup span=&quot;9&quot;&gt;&lt;/colgroup&gt;&lt;tr style=&quot;background-color: #CCDDFF;&quot; class=&quot;header&quot;&gt;&lt;td style=&quot;vertical-align:top;text-align:left; padding: 0px; font-weight: bold; &quot; width=&quot;11%&quot;&gt;Routing ID&lt;/td&gt;&lt;td style=&quot;vertical-align:top;text-align:left; padding: 0px; font-weight: bold; &quot; width=&quot;11%&quot;&gt;PDM_ID&lt;/td&gt;&lt;td style=&quot;vertical-align:top;text-align:left; padding: 0px; font-weight: bold; &quot; width=&quot;11%&quot;&gt;PDM_REV&lt;/td&gt;&lt;td style=&quot;vertical-align:top;text-align:left; padding: 0px; font-weight: bold; &quot; width=&quot;11%&quot;&gt;PDM_TYPE&lt;/td&gt;&lt;td style=&quot;vertical-align:top;text-align:left; padding: 0px; font-weight: bold; &quot; width=&quot;11%&quot;&gt;PDM_NAME&lt;/td&gt;&lt;td style=&quot;vertical-align:top;text-align:left; padding: 0px; font-weight: bold; &quot; width=&quot;11%&quot;&gt;Description&lt;/td&gt;&lt;td style=&quot;vertical-align:top;text-align:left; padding: 0px; font-weight: bold; &quot; width=&quot;11%&quot;&gt;SystemCode&lt;/td&gt;&lt;td style=&quot;vertical-align:top;text-align:left; padding: 0px; font-weight: bold; &quot; width=&quot;11%&quot;&gt;Room&lt;/td&gt;&lt;td style=&quot;vertical-align:top;text-align:left; padding: 0px; font-weight: bold; &quot; width=&quot;11%&quot;&gt;DesignRemarks&lt;/td&gt;&lt;/tr&gt;&lt;tr style=&quot;white-space: pre-wrap;background-color: #E4E4E4;&quot;&gt;&lt;td&gt;Design1:1:DEV1&lt;/td&gt;&lt;td&gt;&lt;/td&gt;&lt;td&gt;&lt;/td&gt;&lt;td&gt;&lt;/td&gt;&lt;td&gt;&lt;/td&gt;&lt;td&gt;&lt;/td&gt;&lt;td&gt;ICD1&lt;/td&gt;&lt;td&gt;&lt;/td&gt;&lt;td&gt;&lt;/td&gt;&lt;/tr&gt;&lt;tr style=&quot;white-space: pre-wrap;&quot;&gt;&lt;td&gt;Design1:1:DEV2&lt;/td&gt;&lt;td&gt;&lt;/td&gt;&lt;td&gt;&lt;/td&gt;&lt;td&gt;&lt;/td&gt;&lt;td&gt;&lt;/td&gt;&lt;td&gt;&lt;/td&gt;&lt;td&gt;ICD1&lt;/td&gt;&lt;td&gt;&lt;/td&gt;&lt;td&gt;&lt;/td&gt;&lt;/tr&gt;&lt;tr style=&quot;white-space: pre-wrap;background-color: #E4E4E4;&quot;&gt;&lt;td&gt;Design1:1:DEV3&lt;/td&gt;&lt;td&gt;&lt;/td&gt;&lt;td&gt;&lt;/td&gt;&lt;td&gt;&lt;/td&gt;&lt;td&gt;&lt;/td&gt;&lt;td&gt;&lt;/td&gt;&lt;td&gt;&lt;/td&gt;&lt;td&gt;&lt;/td&gt;&lt;td&gt;R1&lt;/td&gt;&lt;/tr&gt;&lt;tr style=&quot;white-space: pre-wrap;&quot;&gt;&lt;td&gt;Design1:1:DEV4&lt;/td&gt;&lt;td&gt;&lt;/td&gt;&lt;td&gt;&lt;/td&gt;&lt;td&gt;&lt;/td&gt;&lt;td&gt;&lt;/td&gt;&lt;td&gt;&lt;/td&gt;&lt;td&gt;&lt;/td&gt;&lt;td&gt;&lt;/td&gt;&lt;td&gt;R2&lt;/td&gt;&lt;/tr&gt;&lt;/table&gt;&lt;table border=&quot;0&quot; cellpadding=&quot;0&quot; cellspacing=&quot;0&quot; width=&quot;99%&quot; style=&quot;font-family:Lucida Sans;font-size:12&quot; id=&quot;tableid2&quot;&gt;&lt;colgroup span=&quot;22&quot;&gt;&lt;/colgroup&gt;&lt;tr style=&quot;background-color: #CCDDFF;&quot; class=&quot;header&quot;&gt;&lt;td style=&quot;vertical-align:top;text-align:left; padding: 0px; font-weight: bold; &quot; width=&quot;4%&quot;&gt;Routing ID&lt;/td&gt;&lt;td style=&quot;vertical-align:top;text-align:left; padding: 0px; font-weight: bold; &quot; width=&quot;4%&quot;&gt;Unmodified Length&lt;/td&gt;&lt;td style=&quot;vertical-align:top;text-align:left; padding: 0px; font-weight: bold; &quot; width=&quot;4%&quot;&gt;Max Length&lt;/td&gt;&lt;td style=&quot;vertical-align:top;text-align:left; padding: 0px; font-weight: bold; &quot; width=&quot;4%&quot;&gt;Min Length&lt;/td&gt;&lt;td style=&quot;vertical-align:top;text-align:left; padding: 0px; font-weight: bold; &quot; width=&quot;4%&quot;&gt;PDM_ID&lt;/td&gt;&lt;td style=&quot;vertical-align:top;text-align:left; padding: 0px; font-weight: bold; &quot; width=&quot;4%&quot;&gt;PDM_REV&lt;/td&gt;&lt;td style=&quot;vertical-align:top;text-align:left; padding: 0px; font-weight: bold; &quot; width=&quot;4%&quot;&gt;PDM_TYPE&lt;/td&gt;&lt;td style=&quot;vertical-align:top;text-align:left; padding: 0px; font-weight: bold; &quot; width=&quot;4%&quot;&gt;PDM_NAME&lt;/td&gt;&lt;td style=&quot;vertical-align:top;text-align:left; padding: 0px; font-weight: bold; &quot; width=&quot;4%&quot;&gt;Segregation&lt;/td&gt;&lt;td style=&quot;vertical-align:top;text-align:left; padding: 0px; font-weight: bold; &quot; width=&quot;4%&quot;&gt;From Device PDM_ID&lt;/td&gt;&lt;td style=&quot;vertical-align:top;text-align:left; padding: 0px; font-weight: bold; &quot; width=&quot;4%&quot;&gt;From Device PDM_REV&lt;/td&gt;&lt;td style=&quot;vertical-align:top;text-align:left; padding: 0px; font-we..." type="chs.FileServices$FSComparisonFailure">chs.FileServices$FSComparisonFailure: Differences found : 
Golden: &apos;C:\repos\iesd\chs_home\bld\testdata\temp\chs\common\reporting\TeamcenterLogicComponentBOMTest\reports\config2\From Device - To Device.golden.html&apos;
Actual: &apos;C:\repos\iesd\chs_home\bld\testdata\temp\chs\common\reporting\TeamcenterLogicComponentBOMTest\reports\config2\From Device - To Device.actual.html&apos;
mv &apos;C:\repos\iesd\chs_home\bld\testdata\temp\chs\common\reporting\TeamcenterLogicComponentBOMTest\reports\config2\From Device - To Device.actual.html&apos; &apos;C:\repos\iesd\chs_home\bld\testdata\temp\chs\common\reporting\TeamcenterLogicComponentBOMTest\reports\config2\From Device - To Device.golden.html&apos;

Changed : Exp:1 - Act: 1
Exp: &lt;html xmlns:xs=&quot;http://www.w3.org/2001/XMLSchema&quot;&gt;&lt;head&gt;&lt;title&gt;Teamcenter Logic Component BOM&lt;/title&gt;&lt;script language=&quot;javascript&quot; src=&quot;/reporter/scripts/commonscript.js&quot;&gt;&lt;/script&gt;&lt;/head&gt;&lt;body onload=&quot;javascript:initializeReportPage(&apos;report.xsl&apos;)&quot;&gt;&lt;table border=&quot;0&quot; width=&quot;99%&quot;&gt;&lt;colgroup span=&quot;3&quot;&gt;&lt;/colgroup&gt;&lt;tr class=&quot;topRow&quot;&gt;&lt;td style=&quot;width:30%&quot; align=&quot;left&quot; valign=&quot;middle&quot;&gt;&lt;img id=&quot;MGLOGO&quot; width=&quot;137&quot; height=&quot;24&quot; src=&quot;/reporter/images/SiemensLogo.png&quot; /&gt;&lt;b&gt;&lt;/b&gt;&lt;/td&gt;&lt;td width=&quot;49%&quot; align=&quot;center&quot; valign=&quot;middle&quot;&gt;&lt;table width=&quot;100%&quot; border=&quot;0&quot;&gt;&lt;colgroup span=&quot;2&quot;&gt;&lt;/colgroup&gt;&lt;tr&gt;&lt;td width=&quot;25%&quot; align=&quot;left&quot;&gt;&lt;b style=&quot;color: green&quot;&gt;Report&lt;/b&gt;&lt;/td&gt;&lt;td width=&quot;75%&quot; align=&quot;left&quot;&gt;&lt;p style=&quot;color: green&quot;&gt;Teamcenter Logic Component BOM&lt;/p&gt;&lt;/td&gt;&lt;/tr&gt;&lt;tr&gt;&lt;td width=&quot;25%&quot; align=&quot;left&quot;&gt;&lt;b style=&quot;color: green&quot;&gt;User&lt;/b&gt;&lt;/td&gt;&lt;td width=&quot;75%&quot; align=&quot;left&quot;&gt;&lt;i style=&quot;color: green&quot;&gt;system&lt;/i&gt;&lt;/td&gt;&lt;/tr&gt;&lt;/table&gt;&lt;/td&gt;&lt;td align=&quot;right&quot; valign=&quot;middle&quot; width=&quot;20%&quot;&gt;&lt;img id=&quot;puck&quot; border=&quot;0&quot; width=&quot;100&quot; height=&quot;80&quot; src=&quot;/reporter/images/puck_smaller.jpg&quot; /&gt;&lt;b&gt;&lt;/b&gt;&lt;/td&gt;&lt;/tr&gt;&lt;/table&gt;&lt;table border=&quot;0&quot; cellpadding=&quot;0&quot; cellspacing=&quot;0&quot; width=&quot;99%&quot; style=&quot;font-family:Lucida Sans;font-size:12&quot; id=&quot;tableid1&quot;&gt;&lt;colgroup span=&quot;9&quot;&gt;&lt;/colgroup&gt;&lt;tr style=&quot;background-color: #CCDDFF;&quot; class=&quot;header&quot;&gt;&lt;td style=&quot;vertical-align:top;text-align:left; padding: 0px; font-weight: bold; &quot; width=&quot;11%&quot;&gt;Routing ID&lt;/td&gt;&lt;td style=&quot;vertical-align:top;text-align:left; padding: 0px; font-weight: bold; &quot; width=&quot;11%&quot;&gt;PDM_ID&lt;/td&gt;&lt;td style=&quot;vertical-align:top;text-align:left; padding: 0px; font-weight: bold; &quot; width=&quot;11%&quot;&gt;PDM_REV&lt;/td&gt;&lt;td style=&quot;vertical-align:top;text-align:left; padding: 0px; font-weight: bold; &quot; width=&quot;11%&quot;&gt;PDM_TYPE&lt;/td&gt;&lt;td style=&quot;vertical-align:top;text-align:left; padding: 0px; font-weight: bold; &quot; width=&quot;11%&quot;&gt;PDM_NAME&lt;/td&gt;&lt;td style=&quot;vertical-align:top;text-align:left; padding: 0px; font-weight: bold; &quot; width=&quot;11%&quot;&gt;Description&lt;/td&gt;&lt;td style=&quot;vertical-align:top;text-align:left; padding: 0px; font-weight: bold; &quot; width=&quot;11%&quot;&gt;SystemCode&lt;/td&gt;&lt;td style=&quot;vertical-align:top;text-align:left; padding: 0px; font-weight: bold; &quot; width=&quot;11%&quot;&gt;Room&lt;/td&gt;&lt;td style=&quot;vertical-align:top;text-align:left; padding: 0px; font-weight: bold; &quot; width=&quot;11%&quot;&gt;DesignRemarks&lt;/td&gt;&lt;/tr&gt;&lt;tr style=&quot;white-space: pre-wrap;background-color: #E4E4E4;&quot;&gt;&lt;td&gt;Design1:1:DEV1&lt;/td&gt;&lt;td&gt;&lt;/td&gt;&lt;td&gt;&lt;/td&gt;&lt;td&gt;&lt;/td&gt;&lt;td&gt;&lt;/td&gt;&lt;td&gt;&lt;/td&gt;&lt;td&gt;ICD1&lt;/td&gt;&lt;td&gt;&lt;/td&gt;&lt;td&gt;&lt;/td&gt;&lt;/tr&gt;&lt;tr style=&quot;white-space: pre-wrap;&quot;&gt;&lt;td&gt;Design1:1:DEV2&lt;/td&gt;&lt;td&gt;&lt;/td&gt;&lt;td&gt;&lt;/td&gt;&lt;td&gt;&lt;/td&gt;&lt;td&gt;&lt;/td&gt;&lt;td&gt;&lt;/td&gt;&lt;td&gt;ICD1&lt;/td&gt;&lt;td&gt;&lt;/td&gt;&lt;td&gt;&lt;/td&gt;&lt;/tr&gt;&lt;tr style=&quot;white-space: pre-wrap;background-color: #E4E4E4;&quot;&gt;&lt;td&gt;Design1:1:DEV3&lt;/td&gt;&lt;td&gt;&lt;/td&gt;&lt;td&gt;&lt;/td&gt;&lt;td&gt;&lt;/td&gt;&lt;td&gt;&lt;/td&gt;&lt;td&gt;&lt;/td&gt;&lt;td&gt;&lt;/td&gt;&lt;td&gt;&lt;/td&gt;&lt;td&gt;R1&lt;/td&gt;&lt;/tr&gt;&lt;tr style=&quot;white-space: pre-wrap;&quot;&gt;&lt;td&gt;Design1:1:DEV4&lt;/td&gt;&lt;td&gt;&lt;/td&gt;&lt;td&gt;&lt;/td&gt;&lt;td&gt;&lt;/td&gt;&lt;td&gt;&lt;/td&gt;&lt;td&gt;&lt;/td&gt;&lt;td&gt;&lt;/td&gt;&lt;td&gt;&lt;/td&gt;&lt;td&gt;R2&lt;/td&gt;&lt;/tr&gt;&lt;/table&gt;&lt;table border=&quot;0&quot; cellpadding=&quot;0&quot; cellspacing=&quot;0&quot; width=&quot;99%&quot; style=&quot;font-family:Lucida Sans;font-size:12&quot; id=&quot;tableid2&quot;&gt;&lt;colgroup span=&quot;22&quot;&gt;&lt;/colgroup&gt;&lt;tr style=&quot;background-color: #CCDDFF;&quot; class=&quot;header&quot;&gt;&lt;td style=&quot;vertical-align:top;text-align:left; padding: 0px; font-weight: bold; &quot; width=&quot;4%&quot;&gt;Routing ID&lt;/td&gt;&lt;td style=&quot;vertical-align:top;text-align:left; padding: 0px; font-weight: bold; &quot; width=&quot;4%&quot;&gt;Unmodified Length&lt;/td&gt;&lt;td style=&quot;vertical-align:top;text-align:left; padding: 0px; font-weight: bold; &quot; width=&quot;4%&quot;&gt;Max Length&lt;/td&gt;&lt;td style=&quot;vertical-align:top;text-align:left; padding: 0px; font-weight: bold; &quot; width=&quot;4%&quot;&gt;Min Length&lt;/td&gt;&lt;td style=&quot;vertical-align:top;text-align:left; padding: 0px; font-weight: bold; &quot; width=&quot;4%&quot;&gt;PDM_ID&lt;/td&gt;&lt;td style=&quot;vertical-align:top;text-align:left; padding: 0px; font-weight: bold; &quot; width=&quot;4%&quot;&gt;PDM_REV&lt;/td&gt;&lt;td style=&quot;vertical-align:top;text-align:left; padding: 0px; font-weight: bold; &quot; width=&quot;4%&quot;&gt;PDM_TYPE&lt;/td&gt;&lt;td style=&quot;vertical-align:top;text-align:left; padding: 0px; font-weight: bold; &quot; width=&quot;4%&quot;&gt;PDM_NAME&lt;/td&gt;&lt;td style=&quot;vertical-align:top;text-align:left; padding: 0px; font-weight: bold; &quot; width=&quot;4%&quot;&gt;Segregation&lt;/td&gt;&lt;td style=&quot;vertical-align:top;text-align:left; padding: 0px; font-weight: bold; &quot; width=&quot;4%&quot;&gt;From Device PDM_ID&lt;/td&gt;&lt;td style=&quot;vertical-align:top;text-align:left; padding: 0px; font-weight: bold; &quot; width=&quot;4%&quot;&gt;From Device PDM_REV&lt;/td&gt;&lt;td style=&quot;vertical-align:top;text-align:left; padding: 0px; font-we...
	at chs.common.reporting.ReportTestCase.createAndCompareReports(ReportTestCase.java:102)
	at chs.common.reporting.TeamcenterLogicComponentBOMTest.testReportContent(TeamcenterLogicComponentBOMTest.java:105)
	at chs.common.reporting.TeamcenterLogicComponentBOMTest.testReportWithConfigFile(TeamcenterLogicComponentBOMTest.java:126)
	at chs.common.reporting.TeamcenterLogicComponentBOMTest.testLogicComponentBOMReport(TeamcenterLogicComponentBOMTest.java:110)
</failure>
  </testcase>
  <testcase classname="chs.common.reporting.TeamcenterLogicComponentBOMTest" name="testLogicComponentBOMReport[14]" time="0.693">
    <failure message="Differences found : &#xa;Golden: &apos;C:\repos\iesd\chs_home\bld\testdata\temp\chs\common\reporting\TeamcenterLogicComponentBOMTest\reports\config3\From Device - To Device.golden.html&apos;&#xa;Actual: &apos;C:\repos\iesd\chs_home\bld\testdata\temp\chs\common\reporting\TeamcenterLogicComponentBOMTest\reports\config3\From Device - To Device.actual.html&apos;&#xa;mv &apos;C:\repos\iesd\chs_home\bld\testdata\temp\chs\common\reporting\TeamcenterLogicComponentBOMTest\reports\config3\From Device - To Device.actual.html&apos; &apos;C:\repos\iesd\chs_home\bld\testdata\temp\chs\common\reporting\TeamcenterLogicComponentBOMTest\reports\config3\From Device - To Device.golden.html&apos;&#xa;&#xa;Changed : Exp:1 - Act: 1&#xa;Exp: &lt;html xmlns:xs=&quot;http://www.w3.org/2001/XMLSchema&quot;&gt;&lt;head&gt;&lt;title&gt;Teamcenter Logic Component BOM&lt;/title&gt;&lt;script language=&quot;javascript&quot; src=&quot;/reporter/scripts/commonscript.js&quot;&gt;&lt;/script&gt;&lt;/head&gt;&lt;body onload=&quot;javascript:initializeReportPage(&apos;report.xsl&apos;)&quot;&gt;&lt;table border=&quot;0&quot; width=&quot;99%&quot;&gt;&lt;colgroup span=&quot;3&quot;&gt;&lt;/colgroup&gt;&lt;tr class=&quot;topRow&quot;&gt;&lt;td style=&quot;width:30%&quot; align=&quot;left&quot; valign=&quot;middle&quot;&gt;&lt;img id=&quot;MGLOGO&quot; width=&quot;137&quot; height=&quot;24&quot; src=&quot;/reporter/images/SiemensLogo.png&quot; /&gt;&lt;b&gt;&lt;/b&gt;&lt;/td&gt;&lt;td width=&quot;49%&quot; align=&quot;center&quot; valign=&quot;middle&quot;&gt;&lt;table width=&quot;100%&quot; border=&quot;0&quot;&gt;&lt;colgroup span=&quot;2&quot;&gt;&lt;/colgroup&gt;&lt;tr&gt;&lt;td width=&quot;25%&quot; align=&quot;left&quot;&gt;&lt;b style=&quot;color: green&quot;&gt;Report&lt;/b&gt;&lt;/td&gt;&lt;td width=&quot;75%&quot; align=&quot;left&quot;&gt;&lt;p style=&quot;color: green&quot;&gt;Teamcenter Logic Component BOM&lt;/p&gt;&lt;/td&gt;&lt;/tr&gt;&lt;tr&gt;&lt;td width=&quot;25%&quot; align=&quot;left&quot;&gt;&lt;b style=&quot;color: green&quot;&gt;User&lt;/b&gt;&lt;/td&gt;&lt;td width=&quot;75%&quot; align=&quot;left&quot;&gt;&lt;i style=&quot;color: green&quot;&gt;system&lt;/i&gt;&lt;/td&gt;&lt;/tr&gt;&lt;/table&gt;&lt;/td&gt;&lt;td align=&quot;right&quot; valign=&quot;middle&quot; width=&quot;20%&quot;&gt;&lt;img id=&quot;puck&quot; border=&quot;0&quot; width=&quot;100&quot; height=&quot;80&quot; src=&quot;/reporter/images/puck_smaller.jpg&quot; /&gt;&lt;b&gt;&lt;/b&gt;&lt;/td&gt;&lt;/tr&gt;&lt;/table&gt;&lt;table border=&quot;0&quot; cellpadding=&quot;0&quot; cellspacing=&quot;0&quot; width=&quot;99%&quot; style=&quot;font-family:Lucida Sans;font-size:12&quot; id=&quot;tableid1&quot;&gt;&lt;colgroup span=&quot;10&quot;&gt;&lt;/colgroup&gt;&lt;tr style=&quot;background-color: #CCDDFF;&quot; class=&quot;header&quot;&gt;&lt;td style=&quot;vertical-align:top;text-align:left; padding: 0px; font-weight: bold; &quot; width=&quot;10%&quot;&gt;Routing ID&lt;/td&gt;&lt;td style=&quot;vertical-align:top;text-align:left; padding: 0px; font-weight: bold; &quot; width=&quot;10%&quot;&gt;ICD name and Revision&lt;/td&gt;&lt;td style=&quot;vertical-align:top;text-align:left; padding: 0px; font-weight: bold; &quot; width=&quot;10%&quot;&gt;PDM_ID&lt;/td&gt;&lt;td style=&quot;vertical-align:top;text-align:left; padding: 0px; font-weight: bold; &quot; width=&quot;10%&quot;&gt;PDM_REV&lt;/td&gt;&lt;td style=&quot;vertical-align:top;text-align:left; padding: 0px; font-weight: bold; &quot; width=&quot;10%&quot;&gt;PDM_TYPE&lt;/td&gt;&lt;td style=&quot;vertical-align:top;text-align:left; padding: 0px; font-weight: bold; &quot; width=&quot;10%&quot;&gt;PDM_NAME&lt;/td&gt;&lt;td style=&quot;vertical-align:top;text-align:left; padding: 0px; font-weight: bold; &quot; width=&quot;10%&quot;&gt;Description&lt;/td&gt;&lt;td style=&quot;vertical-align:top;text-align:left; padding: 0px; font-weight: bold; &quot; width=&quot;10%&quot;&gt;SystemCode&lt;/td&gt;&lt;td style=&quot;vertical-align:top;text-align:left; padding: 0px; font-weight: bold; &quot; width=&quot;10%&quot;&gt;Room&lt;/td&gt;&lt;td style=&quot;vertical-align:top;text-align:left; padding: 0px; font-weight: bold; &quot; width=&quot;10%&quot;&gt;DesignRemarks&lt;/td&gt;&lt;/tr&gt;&lt;tr style=&quot;white-space: pre-wrap;background-color: #E4E4E4;&quot;&gt;&lt;td&gt;&lt;/td&gt;&lt;td&gt;ICD1&lt;/td&gt;&lt;td&gt;&lt;/td&gt;&lt;td&gt;&lt;/td&gt;&lt;td&gt;&lt;/td&gt;&lt;td&gt;&lt;/td&gt;&lt;td&gt;&lt;/td&gt;&lt;td&gt;&lt;/td&gt;&lt;td&gt;&lt;/td&gt;&lt;td&gt;&lt;/td&gt;&lt;/tr&gt;&lt;tr style=&quot;white-space: pre-wrap;&quot;&gt;&lt;td&gt;&lt;/td&gt;&lt;td&gt;ICD2&lt;/td&gt;&lt;td&gt;&lt;/td&gt;&lt;td&gt;&lt;/td&gt;&lt;td&gt;&lt;/td&gt;&lt;td&gt;&lt;/td&gt;&lt;td&gt;&lt;/td&gt;&lt;td&gt;&lt;/td&gt;&lt;td&gt;&lt;/td&gt;&lt;td&gt;R1&lt;/td&gt;&lt;/tr&gt;&lt;tr style=&quot;white-space: pre-wrap;background-color: #E4E4E4;&quot;&gt;&lt;td&gt;&lt;/td&gt;&lt;td&gt;ICD3&lt;/td&gt;&lt;td&gt;&lt;/td&gt;&lt;td&gt;&lt;/td&gt;&lt;td&gt;&lt;/td&gt;&lt;td&gt;&lt;/td&gt;&lt;td&gt;&lt;/td&gt;&lt;td&gt;&lt;/td&gt;&lt;td&gt;&lt;/td&gt;&lt;td&gt;&lt;/td&gt;&lt;/tr&gt;&lt;tr style=&quot;white-space: pre-wrap;&quot;&gt;&lt;td&gt;&lt;/td&gt;&lt;td&gt;ICD4&lt;/td&gt;&lt;td&gt;&lt;/td&gt;&lt;td&gt;&lt;/td&gt;&lt;td&gt;&lt;/td&gt;&lt;td&gt;&lt;/td&gt;&lt;td&gt;&lt;/td&gt;&lt;td&gt;&lt;/td&gt;&lt;td&gt;&lt;/td&gt;&lt;td&gt;R2&lt;/td&gt;&lt;/tr&gt;&lt;/table&gt;&lt;table border=&quot;0&quot; cellpadding=&quot;0&quot; cellspacing=&quot;0&quot; width=&quot;99%&quot; style=&quot;font-family:Lucida Sans;font-size:12&quot; id=&quot;tableid2&quot;&gt;&lt;colgroup span=&quot;22&quot;&gt;&lt;/colgroup&gt;&lt;tr style=&quot;background-color: #CCDDFF;&quot; class=&quot;header&quot;&gt;&lt;td style=&quot;vertical-align:top;text-align:left; padding: 0px; font-weight: bold; &quot; width=&quot;4%&quot;&gt;Routing ID&lt;/td&gt;&lt;td style=&quot;vertical-align:top;text-align:left; padding: 0px; font-weight: bold; &quot; width=&quot;4%&quot;&gt;Unmodified Length&lt;/td&gt;&lt;td style=&quot;vertical-align:top;text-align:left; padding: 0px; font-weight: bold; &quot; width=&quot;4%&quot;&gt;Max Length&lt;/td&gt;&lt;td style=&quot;vertical-align:top;text-align:left; padding: 0px; font-weight: bold; &quot; width=&quot;4%&quot;&gt;Min Length&lt;/td&gt;&lt;td style=&quot;vertical-align:top;text-align:left; padding: 0px; font-weight: bold; &quot; width=&quot;4%&quot;&gt;PDM_ID&lt;/td&gt;&lt;td style=&quot;vertical-align:top;text-align:left; padding: 0px; font-weight: bold; &quot; width=&quot;4%&quot;&gt;PDM_REV&lt;/td&gt;&lt;td style=&quot;vertical-align:top;text-align:left; padding: 0px; font-weight: bold; &quot; width=&quot;4%&quot;&gt;PDM_TYPE&lt;/td&gt;&lt;td style=&quot;vertical-align:top;text-align:left; padding: 0px; font-weight: bold; &quot; width=&quot;4%&quot;&gt;PDM_NAME&lt;/td&gt;&lt;td style=&quot;vertical-align:top;text-align:left; padding: 0px; font-weight: bold; &quot; width=&quot;4%&quot;&gt;Segregation&lt;/td&gt;&lt;td style=&quot;vertical-align:top;text-align:left; padding: 0px; font-weight: bold; &quot; width=&quot;4%&quot;&gt;From Device PDM_ID&lt;/td&gt;&lt;td style=&quot;vertical-align:top;text-align:left; padding: 0px; font-weight: bo..." type="chs.FileServices$FSComparisonFailure">chs.FileServices$FSComparisonFailure: Differences found : 
Golden: &apos;C:\repos\iesd\chs_home\bld\testdata\temp\chs\common\reporting\TeamcenterLogicComponentBOMTest\reports\config3\From Device - To Device.golden.html&apos;
Actual: &apos;C:\repos\iesd\chs_home\bld\testdata\temp\chs\common\reporting\TeamcenterLogicComponentBOMTest\reports\config3\From Device - To Device.actual.html&apos;
mv &apos;C:\repos\iesd\chs_home\bld\testdata\temp\chs\common\reporting\TeamcenterLogicComponentBOMTest\reports\config3\From Device - To Device.actual.html&apos; &apos;C:\repos\iesd\chs_home\bld\testdata\temp\chs\common\reporting\TeamcenterLogicComponentBOMTest\reports\config3\From Device - To Device.golden.html&apos;

Changed : Exp:1 - Act: 1
Exp: &lt;html xmlns:xs=&quot;http://www.w3.org/2001/XMLSchema&quot;&gt;&lt;head&gt;&lt;title&gt;Teamcenter Logic Component BOM&lt;/title&gt;&lt;script language=&quot;javascript&quot; src=&quot;/reporter/scripts/commonscript.js&quot;&gt;&lt;/script&gt;&lt;/head&gt;&lt;body onload=&quot;javascript:initializeReportPage(&apos;report.xsl&apos;)&quot;&gt;&lt;table border=&quot;0&quot; width=&quot;99%&quot;&gt;&lt;colgroup span=&quot;3&quot;&gt;&lt;/colgroup&gt;&lt;tr class=&quot;topRow&quot;&gt;&lt;td style=&quot;width:30%&quot; align=&quot;left&quot; valign=&quot;middle&quot;&gt;&lt;img id=&quot;MGLOGO&quot; width=&quot;137&quot; height=&quot;24&quot; src=&quot;/reporter/images/SiemensLogo.png&quot; /&gt;&lt;b&gt;&lt;/b&gt;&lt;/td&gt;&lt;td width=&quot;49%&quot; align=&quot;center&quot; valign=&quot;middle&quot;&gt;&lt;table width=&quot;100%&quot; border=&quot;0&quot;&gt;&lt;colgroup span=&quot;2&quot;&gt;&lt;/colgroup&gt;&lt;tr&gt;&lt;td width=&quot;25%&quot; align=&quot;left&quot;&gt;&lt;b style=&quot;color: green&quot;&gt;Report&lt;/b&gt;&lt;/td&gt;&lt;td width=&quot;75%&quot; align=&quot;left&quot;&gt;&lt;p style=&quot;color: green&quot;&gt;Teamcenter Logic Component BOM&lt;/p&gt;&lt;/td&gt;&lt;/tr&gt;&lt;tr&gt;&lt;td width=&quot;25%&quot; align=&quot;left&quot;&gt;&lt;b style=&quot;color: green&quot;&gt;User&lt;/b&gt;&lt;/td&gt;&lt;td width=&quot;75%&quot; align=&quot;left&quot;&gt;&lt;i style=&quot;color: green&quot;&gt;system&lt;/i&gt;&lt;/td&gt;&lt;/tr&gt;&lt;/table&gt;&lt;/td&gt;&lt;td align=&quot;right&quot; valign=&quot;middle&quot; width=&quot;20%&quot;&gt;&lt;img id=&quot;puck&quot; border=&quot;0&quot; width=&quot;100&quot; height=&quot;80&quot; src=&quot;/reporter/images/puck_smaller.jpg&quot; /&gt;&lt;b&gt;&lt;/b&gt;&lt;/td&gt;&lt;/tr&gt;&lt;/table&gt;&lt;table border=&quot;0&quot; cellpadding=&quot;0&quot; cellspacing=&quot;0&quot; width=&quot;99%&quot; style=&quot;font-family:Lucida Sans;font-size:12&quot; id=&quot;tableid1&quot;&gt;&lt;colgroup span=&quot;10&quot;&gt;&lt;/colgroup&gt;&lt;tr style=&quot;background-color: #CCDDFF;&quot; class=&quot;header&quot;&gt;&lt;td style=&quot;vertical-align:top;text-align:left; padding: 0px; font-weight: bold; &quot; width=&quot;10%&quot;&gt;Routing ID&lt;/td&gt;&lt;td style=&quot;vertical-align:top;text-align:left; padding: 0px; font-weight: bold; &quot; width=&quot;10%&quot;&gt;ICD name and Revision&lt;/td&gt;&lt;td style=&quot;vertical-align:top;text-align:left; padding: 0px; font-weight: bold; &quot; width=&quot;10%&quot;&gt;PDM_ID&lt;/td&gt;&lt;td style=&quot;vertical-align:top;text-align:left; padding: 0px; font-weight: bold; &quot; width=&quot;10%&quot;&gt;PDM_REV&lt;/td&gt;&lt;td style=&quot;vertical-align:top;text-align:left; padding: 0px; font-weight: bold; &quot; width=&quot;10%&quot;&gt;PDM_TYPE&lt;/td&gt;&lt;td style=&quot;vertical-align:top;text-align:left; padding: 0px; font-weight: bold; &quot; width=&quot;10%&quot;&gt;PDM_NAME&lt;/td&gt;&lt;td style=&quot;vertical-align:top;text-align:left; padding: 0px; font-weight: bold; &quot; width=&quot;10%&quot;&gt;Description&lt;/td&gt;&lt;td style=&quot;vertical-align:top;text-align:left; padding: 0px; font-weight: bold; &quot; width=&quot;10%&quot;&gt;SystemCode&lt;/td&gt;&lt;td style=&quot;vertical-align:top;text-align:left; padding: 0px; font-weight: bold; &quot; width=&quot;10%&quot;&gt;Room&lt;/td&gt;&lt;td style=&quot;vertical-align:top;text-align:left; padding: 0px; font-weight: bold; &quot; width=&quot;10%&quot;&gt;DesignRemarks&lt;/td&gt;&lt;/tr&gt;&lt;tr style=&quot;white-space: pre-wrap;background-color: #E4E4E4;&quot;&gt;&lt;td&gt;&lt;/td&gt;&lt;td&gt;ICD1&lt;/td&gt;&lt;td&gt;&lt;/td&gt;&lt;td&gt;&lt;/td&gt;&lt;td&gt;&lt;/td&gt;&lt;td&gt;&lt;/td&gt;&lt;td&gt;&lt;/td&gt;&lt;td&gt;&lt;/td&gt;&lt;td&gt;&lt;/td&gt;&lt;td&gt;&lt;/td&gt;&lt;/tr&gt;&lt;tr style=&quot;white-space: pre-wrap;&quot;&gt;&lt;td&gt;&lt;/td&gt;&lt;td&gt;ICD2&lt;/td&gt;&lt;td&gt;&lt;/td&gt;&lt;td&gt;&lt;/td&gt;&lt;td&gt;&lt;/td&gt;&lt;td&gt;&lt;/td&gt;&lt;td&gt;&lt;/td&gt;&lt;td&gt;&lt;/td&gt;&lt;td&gt;&lt;/td&gt;&lt;td&gt;R1&lt;/td&gt;&lt;/tr&gt;&lt;tr style=&quot;white-space: pre-wrap;background-color: #E4E4E4;&quot;&gt;&lt;td&gt;&lt;/td&gt;&lt;td&gt;ICD3&lt;/td&gt;&lt;td&gt;&lt;/td&gt;&lt;td&gt;&lt;/td&gt;&lt;td&gt;&lt;/td&gt;&lt;td&gt;&lt;/td&gt;&lt;td&gt;&lt;/td&gt;&lt;td&gt;&lt;/td&gt;&lt;td&gt;&lt;/td&gt;&lt;td&gt;&lt;/td&gt;&lt;/tr&gt;&lt;tr style=&quot;white-space: pre-wrap;&quot;&gt;&lt;td&gt;&lt;/td&gt;&lt;td&gt;ICD4&lt;/td&gt;&lt;td&gt;&lt;/td&gt;&lt;td&gt;&lt;/td&gt;&lt;td&gt;&lt;/td&gt;&lt;td&gt;&lt;/td&gt;&lt;td&gt;&lt;/td&gt;&lt;td&gt;&lt;/td&gt;&lt;td&gt;&lt;/td&gt;&lt;td&gt;R2&lt;/td&gt;&lt;/tr&gt;&lt;/table&gt;&lt;table border=&quot;0&quot; cellpadding=&quot;0&quot; cellspacing=&quot;0&quot; width=&quot;99%&quot; style=&quot;font-family:Lucida Sans;font-size:12&quot; id=&quot;tableid2&quot;&gt;&lt;colgroup span=&quot;22&quot;&gt;&lt;/colgroup&gt;&lt;tr style=&quot;background-color: #CCDDFF;&quot; class=&quot;header&quot;&gt;&lt;td style=&quot;vertical-align:top;text-align:left; padding: 0px; font-weight: bold; &quot; width=&quot;4%&quot;&gt;Routing ID&lt;/td&gt;&lt;td style=&quot;vertical-align:top;text-align:left; padding: 0px; font-weight: bold; &quot; width=&quot;4%&quot;&gt;Unmodified Length&lt;/td&gt;&lt;td style=&quot;vertical-align:top;text-align:left; padding: 0px; font-weight: bold; &quot; width=&quot;4%&quot;&gt;Max Length&lt;/td&gt;&lt;td style=&quot;vertical-align:top;text-align:left; padding: 0px; font-weight: bold; &quot; width=&quot;4%&quot;&gt;Min Length&lt;/td&gt;&lt;td style=&quot;vertical-align:top;text-align:left; padding: 0px; font-weight: bold; &quot; width=&quot;4%&quot;&gt;PDM_ID&lt;/td&gt;&lt;td style=&quot;vertical-align:top;text-align:left; padding: 0px; font-weight: bold; &quot; width=&quot;4%&quot;&gt;PDM_REV&lt;/td&gt;&lt;td style=&quot;vertical-align:top;text-align:left; padding: 0px; font-weight: bold; &quot; width=&quot;4%&quot;&gt;PDM_TYPE&lt;/td&gt;&lt;td style=&quot;vertical-align:top;text-align:left; padding: 0px; font-weight: bold; &quot; width=&quot;4%&quot;&gt;PDM_NAME&lt;/td&gt;&lt;td style=&quot;vertical-align:top;text-align:left; padding: 0px; font-weight: bold; &quot; width=&quot;4%&quot;&gt;Segregation&lt;/td&gt;&lt;td style=&quot;vertical-align:top;text-align:left; padding: 0px; font-weight: bold; &quot; width=&quot;4%&quot;&gt;From Device PDM_ID&lt;/td&gt;&lt;td style=&quot;vertical-align:top;text-align:left; padding: 0px; font-weight: bo...
	at chs.common.reporting.ReportTestCase.createAndCompareReports(ReportTestCase.java:102)
	at chs.common.reporting.TeamcenterLogicComponentBOMTest.testReportContent(TeamcenterLogicComponentBOMTest.java:105)
	at chs.common.reporting.TeamcenterLogicComponentBOMTest.testReportWithConfigFile(TeamcenterLogicComponentBOMTest.java:126)
	at chs.common.reporting.TeamcenterLogicComponentBOMTest.testLogicComponentBOMReport(TeamcenterLogicComponentBOMTest.java:110)
</failure>
  </testcase>
  <testcase classname="chs.common.reporting.TeamcenterLogicComponentBOMTest" name="testLogicComponentBOMReport[15]" time="0.816">
    <failure message="Differences found : &#xa;Golden: &apos;C:\repos\iesd\chs_home\bld\testdata\temp\chs\common\reporting\TeamcenterLogicComponentBOMTest\reports\config1\MARINE-555.golden.html&apos;&#xa;Actual: &apos;C:\repos\iesd\chs_home\bld\testdata\temp\chs\common\reporting\TeamcenterLogicComponentBOMTest\reports\config1\MARINE-555.actual.html&apos;&#xa;mv &apos;C:\repos\iesd\chs_home\bld\testdata\temp\chs\common\reporting\TeamcenterLogicComponentBOMTest\reports\config1\MARINE-555.actual.html&apos; &apos;C:\repos\iesd\chs_home\bld\testdata\temp\chs\common\reporting\TeamcenterLogicComponentBOMTest\reports\config1\MARINE-555.golden.html&apos;&#xa;&#xa;Changed : Exp:1 - Act: 1&#xa;Exp: &lt;html xmlns:xs=&quot;http://www.w3.org/2001/XMLSchema&quot;&gt;&lt;head&gt;&lt;title&gt;Teamcenter Logic Component BOM&lt;/title&gt;&lt;script language=&quot;javascript&quot; src=&quot;/reporter/scripts/commonscript.js&quot;&gt;&lt;/script&gt;&lt;/head&gt;&lt;body onload=&quot;javascript:initializeReportPage(&apos;report.xsl&apos;)&quot;&gt;&lt;table border=&quot;0&quot; width=&quot;99%&quot;&gt;&lt;colgroup span=&quot;3&quot;&gt;&lt;/colgroup&gt;&lt;tr class=&quot;topRow&quot;&gt;&lt;td style=&quot;width:30%&quot; align=&quot;left&quot; valign=&quot;middle&quot;&gt;&lt;img id=&quot;MGLOGO&quot; width=&quot;137&quot; height=&quot;24&quot; src=&quot;/reporter/images/SiemensLogo.png&quot; /&gt;&lt;b&gt;&lt;/b&gt;&lt;/td&gt;&lt;td width=&quot;49%&quot; align=&quot;center&quot; valign=&quot;middle&quot;&gt;&lt;table width=&quot;100%&quot; border=&quot;0&quot;&gt;&lt;colgroup span=&quot;2&quot;&gt;&lt;/colgroup&gt;&lt;tr&gt;&lt;td width=&quot;25%&quot; align=&quot;left&quot;&gt;&lt;b style=&quot;color: green&quot;&gt;Report&lt;/b&gt;&lt;/td&gt;&lt;td width=&quot;75%&quot; align=&quot;left&quot;&gt;&lt;p style=&quot;color: green&quot;&gt;Teamcenter Logic Component BOM&lt;/p&gt;&lt;/td&gt;&lt;/tr&gt;&lt;tr&gt;&lt;td width=&quot;25%&quot; align=&quot;left&quot;&gt;&lt;b style=&quot;color: green&quot;&gt;User&lt;/b&gt;&lt;/td&gt;&lt;td width=&quot;75%&quot; align=&quot;left&quot;&gt;&lt;i style=&quot;color: green&quot;&gt;system&lt;/i&gt;&lt;/td&gt;&lt;/tr&gt;&lt;/table&gt;&lt;/td&gt;&lt;td align=&quot;right&quot; valign=&quot;middle&quot; width=&quot;20%&quot;&gt;&lt;img id=&quot;puck&quot; border=&quot;0&quot; width=&quot;100&quot; height=&quot;80&quot; src=&quot;/reporter/images/puck_smaller.jpg&quot; /&gt;&lt;b&gt;&lt;/b&gt;&lt;/td&gt;&lt;/tr&gt;&lt;/table&gt;&lt;table border=&quot;0&quot; cellpadding=&quot;0&quot; cellspacing=&quot;0&quot; width=&quot;99%&quot; style=&quot;font-family:Lucida Sans;font-size:12&quot; id=&quot;tableid1&quot;&gt;&lt;colgroup span=&quot;10&quot;&gt;&lt;/colgroup&gt;&lt;tr style=&quot;background-color: #CCDDFF;&quot; class=&quot;header&quot;&gt;&lt;td style=&quot;vertical-align:top;text-align:left; padding: 0px; font-weight: bold; &quot; width=&quot;10%&quot;&gt;Routing ID&lt;/td&gt;&lt;td style=&quot;vertical-align:top;text-align:left; padding: 0px; font-weight: bold; &quot; width=&quot;10%&quot;&gt;PDM_ID&lt;/td&gt;&lt;td style=&quot;vertical-align:top;text-align:left; padding: 0px; font-weight: bold; &quot; width=&quot;10%&quot;&gt;PDM_REV&lt;/td&gt;&lt;td style=&quot;vertical-align:top;text-align:left; padding: 0px; font-weight: bold; &quot; width=&quot;10%&quot;&gt;PDM_TYPE&lt;/td&gt;&lt;td style=&quot;vertical-align:top;text-align:left; padding: 0px; font-weight: bold; &quot; width=&quot;10%&quot;&gt;PDM_NAME&lt;/td&gt;&lt;td style=&quot;vertical-align:top;text-align:left; padding: 0px; font-weight: bold; &quot; width=&quot;10%&quot;&gt;Description&lt;/td&gt;&lt;td style=&quot;vertical-align:top;text-align:left; padding: 0px; font-weight: bold; &quot; width=&quot;10%&quot;&gt;SystemCode&lt;/td&gt;&lt;td style=&quot;vertical-align:top;text-align:left; padding: 0px; font-weight: bold; &quot; width=&quot;10%&quot;&gt;Room&lt;/td&gt;&lt;td style=&quot;vertical-align:top;text-align:left; padding: 0px; font-weight: bold; &quot; width=&quot;10%&quot;&gt;DesignRemarks&lt;/td&gt;&lt;td style=&quot;vertical-align:top;text-align:left; padding: 0px; font-weight: bold; &quot; width=&quot;10%&quot;&gt;Quantity&lt;/td&gt;&lt;/tr&gt;&lt;tr style=&quot;white-space: pre-wrap;background-color: #E4E4E4;&quot;&gt;&lt;td&gt;ABCD:1:DEV1&lt;/td&gt;&lt;td&gt;&lt;/td&gt;&lt;td&gt;&lt;/td&gt;&lt;td&gt;&lt;/td&gt;&lt;td&gt;&lt;/td&gt;&lt;td&gt;&lt;/td&gt;&lt;td&gt;&lt;/td&gt;&lt;td&gt;&lt;/td&gt;&lt;td&gt;&lt;/td&gt;&lt;td&gt;1&lt;/td&gt;&lt;/tr&gt;&lt;tr style=&quot;white-space: pre-wrap;&quot;&gt;&lt;td&gt;ABCD:1:DEV1&lt;/td&gt;&lt;td&gt;&lt;/td&gt;&lt;td&gt;&lt;/td&gt;&lt;td&gt;&lt;/td&gt;&lt;td&gt;&lt;/td&gt;&lt;td&gt;&lt;/td&gt;&lt;td&gt;&lt;/td&gt;&lt;td&gt;&lt;/td&gt;&lt;td&gt;&lt;/td&gt;&lt;td&gt;1&lt;/td&gt;&lt;/tr&gt;&lt;/table&gt;&lt;table border=&quot;0&quot; cellpadding=&quot;0&quot; cellspacing=&quot;0&quot; width=&quot;99%&quot; style=&quot;font-family:Lucida Sans;font-size:12&quot; id=&quot;tableid2&quot;&gt;&lt;colgroup span=&quot;22&quot;&gt;&lt;/colgroup&gt;&lt;tr style=&quot;background-color: #CCDDFF;&quot; class=&quot;header&quot;&gt;&lt;td style=&quot;vertical-align:top;text-align:left; padding: 0px; font-weight: bold; &quot; width=&quot;4%&quot;&gt;Routing ID&lt;/td&gt;&lt;td style=&quot;vertical-align:top;text-align:left; padding: 0px; font-weight: bold; &quot; width=&quot;4%&quot;&gt;Description&lt;/td&gt;&lt;td style=&quot;vertical-align:top;text-align:left; padding: 0px; font-weight: bold; &quot; width=&quot;4%&quot;&gt;Segregation&lt;/td&gt;&lt;td style=&quot;vertical-align:top;text-align:left; padding: 0px; font-weight: bold; &quot; width=&quot;4%&quot;&gt;SystemCode&lt;/td&gt;&lt;td style=&quot;vertical-align:top;text-align:left; padding: 0px; font-weight: bold; &quot; width=&quot;4%&quot;&gt;Unmodified Length&lt;/td&gt;&lt;td style=&quot;vertical-align:top;text-align:left; padding: 0px; font-weight: bold; &quot; width=&quot;4%&quot;&gt;Max Length&lt;/td&gt;&lt;td style=&quot;vertical-align:top;text-align:left; padding: 0px; font-weight: bold; &quot; width=&quot;4%&quot;&gt;Min Length&lt;/td&gt;&lt;td style=&quot;vertical-align:top;text-align:left; padding: 0px; font-weight: bold; &quot; width=&quot;4%&quot;&gt;Bundling&lt;/td&gt;&lt;td style=&quot;vertical-align:top;text-align:left; padding: 0px; font-weight: bold; &quot; width=&quot;4%&quot;&gt;Grouping&lt;/td&gt;&lt;td style=&quot;vertical-align:top;text-align:left; padding: 0px; font-weight: bold; &quot; width=&quot;4%&quot;&gt;Multiplier&lt;/td&gt;&lt;td style=&quot;vertical-align:top;text-align:left; padding: 0px; font-weight: bold; &quot; width=&quot;4%&quot;&gt;Multiplier suffixes&lt;/td&gt;&lt;td style=&quot;vertical-align:top;text-align:left; padding: 0px; font-weight: bold; &quot; width=&quot;4%&quot;&gt;PDM_ID&lt;/td&gt;&lt;td style=&quot;vertical-align:top;text-align:left; padding: 0px; font-weight: bold; &quot; width=&quot;4%&quot;&gt;PDM_REV&lt;/td&gt;&lt;td style=&quot;vertical-align:top;text-align:left; padding: 0px; font-weight: bold; &quot; width=&quot;4%&quot;&gt;PDM_..." type="chs.FileServices$FSComparisonFailure">chs.FileServices$FSComparisonFailure: Differences found : 
Golden: &apos;C:\repos\iesd\chs_home\bld\testdata\temp\chs\common\reporting\TeamcenterLogicComponentBOMTest\reports\config1\MARINE-555.golden.html&apos;
Actual: &apos;C:\repos\iesd\chs_home\bld\testdata\temp\chs\common\reporting\TeamcenterLogicComponentBOMTest\reports\config1\MARINE-555.actual.html&apos;
mv &apos;C:\repos\iesd\chs_home\bld\testdata\temp\chs\common\reporting\TeamcenterLogicComponentBOMTest\reports\config1\MARINE-555.actual.html&apos; &apos;C:\repos\iesd\chs_home\bld\testdata\temp\chs\common\reporting\TeamcenterLogicComponentBOMTest\reports\config1\MARINE-555.golden.html&apos;

Changed : Exp:1 - Act: 1
Exp: &lt;html xmlns:xs=&quot;http://www.w3.org/2001/XMLSchema&quot;&gt;&lt;head&gt;&lt;title&gt;Teamcenter Logic Component BOM&lt;/title&gt;&lt;script language=&quot;javascript&quot; src=&quot;/reporter/scripts/commonscript.js&quot;&gt;&lt;/script&gt;&lt;/head&gt;&lt;body onload=&quot;javascript:initializeReportPage(&apos;report.xsl&apos;)&quot;&gt;&lt;table border=&quot;0&quot; width=&quot;99%&quot;&gt;&lt;colgroup span=&quot;3&quot;&gt;&lt;/colgroup&gt;&lt;tr class=&quot;topRow&quot;&gt;&lt;td style=&quot;width:30%&quot; align=&quot;left&quot; valign=&quot;middle&quot;&gt;&lt;img id=&quot;MGLOGO&quot; width=&quot;137&quot; height=&quot;24&quot; src=&quot;/reporter/images/SiemensLogo.png&quot; /&gt;&lt;b&gt;&lt;/b&gt;&lt;/td&gt;&lt;td width=&quot;49%&quot; align=&quot;center&quot; valign=&quot;middle&quot;&gt;&lt;table width=&quot;100%&quot; border=&quot;0&quot;&gt;&lt;colgroup span=&quot;2&quot;&gt;&lt;/colgroup&gt;&lt;tr&gt;&lt;td width=&quot;25%&quot; align=&quot;left&quot;&gt;&lt;b style=&quot;color: green&quot;&gt;Report&lt;/b&gt;&lt;/td&gt;&lt;td width=&quot;75%&quot; align=&quot;left&quot;&gt;&lt;p style=&quot;color: green&quot;&gt;Teamcenter Logic Component BOM&lt;/p&gt;&lt;/td&gt;&lt;/tr&gt;&lt;tr&gt;&lt;td width=&quot;25%&quot; align=&quot;left&quot;&gt;&lt;b style=&quot;color: green&quot;&gt;User&lt;/b&gt;&lt;/td&gt;&lt;td width=&quot;75%&quot; align=&quot;left&quot;&gt;&lt;i style=&quot;color: green&quot;&gt;system&lt;/i&gt;&lt;/td&gt;&lt;/tr&gt;&lt;/table&gt;&lt;/td&gt;&lt;td align=&quot;right&quot; valign=&quot;middle&quot; width=&quot;20%&quot;&gt;&lt;img id=&quot;puck&quot; border=&quot;0&quot; width=&quot;100&quot; height=&quot;80&quot; src=&quot;/reporter/images/puck_smaller.jpg&quot; /&gt;&lt;b&gt;&lt;/b&gt;&lt;/td&gt;&lt;/tr&gt;&lt;/table&gt;&lt;table border=&quot;0&quot; cellpadding=&quot;0&quot; cellspacing=&quot;0&quot; width=&quot;99%&quot; style=&quot;font-family:Lucida Sans;font-size:12&quot; id=&quot;tableid1&quot;&gt;&lt;colgroup span=&quot;10&quot;&gt;&lt;/colgroup&gt;&lt;tr style=&quot;background-color: #CCDDFF;&quot; class=&quot;header&quot;&gt;&lt;td style=&quot;vertical-align:top;text-align:left; padding: 0px; font-weight: bold; &quot; width=&quot;10%&quot;&gt;Routing ID&lt;/td&gt;&lt;td style=&quot;vertical-align:top;text-align:left; padding: 0px; font-weight: bold; &quot; width=&quot;10%&quot;&gt;PDM_ID&lt;/td&gt;&lt;td style=&quot;vertical-align:top;text-align:left; padding: 0px; font-weight: bold; &quot; width=&quot;10%&quot;&gt;PDM_REV&lt;/td&gt;&lt;td style=&quot;vertical-align:top;text-align:left; padding: 0px; font-weight: bold; &quot; width=&quot;10%&quot;&gt;PDM_TYPE&lt;/td&gt;&lt;td style=&quot;vertical-align:top;text-align:left; padding: 0px; font-weight: bold; &quot; width=&quot;10%&quot;&gt;PDM_NAME&lt;/td&gt;&lt;td style=&quot;vertical-align:top;text-align:left; padding: 0px; font-weight: bold; &quot; width=&quot;10%&quot;&gt;Description&lt;/td&gt;&lt;td style=&quot;vertical-align:top;text-align:left; padding: 0px; font-weight: bold; &quot; width=&quot;10%&quot;&gt;SystemCode&lt;/td&gt;&lt;td style=&quot;vertical-align:top;text-align:left; padding: 0px; font-weight: bold; &quot; width=&quot;10%&quot;&gt;Room&lt;/td&gt;&lt;td style=&quot;vertical-align:top;text-align:left; padding: 0px; font-weight: bold; &quot; width=&quot;10%&quot;&gt;DesignRemarks&lt;/td&gt;&lt;td style=&quot;vertical-align:top;text-align:left; padding: 0px; font-weight: bold; &quot; width=&quot;10%&quot;&gt;Quantity&lt;/td&gt;&lt;/tr&gt;&lt;tr style=&quot;white-space: pre-wrap;background-color: #E4E4E4;&quot;&gt;&lt;td&gt;ABCD:1:DEV1&lt;/td&gt;&lt;td&gt;&lt;/td&gt;&lt;td&gt;&lt;/td&gt;&lt;td&gt;&lt;/td&gt;&lt;td&gt;&lt;/td&gt;&lt;td&gt;&lt;/td&gt;&lt;td&gt;&lt;/td&gt;&lt;td&gt;&lt;/td&gt;&lt;td&gt;&lt;/td&gt;&lt;td&gt;1&lt;/td&gt;&lt;/tr&gt;&lt;tr style=&quot;white-space: pre-wrap;&quot;&gt;&lt;td&gt;ABCD:1:DEV1&lt;/td&gt;&lt;td&gt;&lt;/td&gt;&lt;td&gt;&lt;/td&gt;&lt;td&gt;&lt;/td&gt;&lt;td&gt;&lt;/td&gt;&lt;td&gt;&lt;/td&gt;&lt;td&gt;&lt;/td&gt;&lt;td&gt;&lt;/td&gt;&lt;td&gt;&lt;/td&gt;&lt;td&gt;1&lt;/td&gt;&lt;/tr&gt;&lt;/table&gt;&lt;table border=&quot;0&quot; cellpadding=&quot;0&quot; cellspacing=&quot;0&quot; width=&quot;99%&quot; style=&quot;font-family:Lucida Sans;font-size:12&quot; id=&quot;tableid2&quot;&gt;&lt;colgroup span=&quot;22&quot;&gt;&lt;/colgroup&gt;&lt;tr style=&quot;background-color: #CCDDFF;&quot; class=&quot;header&quot;&gt;&lt;td style=&quot;vertical-align:top;text-align:left; padding: 0px; font-weight: bold; &quot; width=&quot;4%&quot;&gt;Routing ID&lt;/td&gt;&lt;td style=&quot;vertical-align:top;text-align:left; padding: 0px; font-weight: bold; &quot; width=&quot;4%&quot;&gt;Description&lt;/td&gt;&lt;td style=&quot;vertical-align:top;text-align:left; padding: 0px; font-weight: bold; &quot; width=&quot;4%&quot;&gt;Segregation&lt;/td&gt;&lt;td style=&quot;vertical-align:top;text-align:left; padding: 0px; font-weight: bold; &quot; width=&quot;4%&quot;&gt;SystemCode&lt;/td&gt;&lt;td style=&quot;vertical-align:top;text-align:left; padding: 0px; font-weight: bold; &quot; width=&quot;4%&quot;&gt;Unmodified Length&lt;/td&gt;&lt;td style=&quot;vertical-align:top;text-align:left; padding: 0px; font-weight: bold; &quot; width=&quot;4%&quot;&gt;Max Length&lt;/td&gt;&lt;td style=&quot;vertical-align:top;text-align:left; padding: 0px; font-weight: bold; &quot; width=&quot;4%&quot;&gt;Min Length&lt;/td&gt;&lt;td style=&quot;vertical-align:top;text-align:left; padding: 0px; font-weight: bold; &quot; width=&quot;4%&quot;&gt;Bundling&lt;/td&gt;&lt;td style=&quot;vertical-align:top;text-align:left; padding: 0px; font-weight: bold; &quot; width=&quot;4%&quot;&gt;Grouping&lt;/td&gt;&lt;td style=&quot;vertical-align:top;text-align:left; padding: 0px; font-weight: bold; &quot; width=&quot;4%&quot;&gt;Multiplier&lt;/td&gt;&lt;td style=&quot;vertical-align:top;text-align:left; padding: 0px; font-weight: bold; &quot; width=&quot;4%&quot;&gt;Multiplier suffixes&lt;/td&gt;&lt;td style=&quot;vertical-align:top;text-align:left; padding: 0px; font-weight: bold; &quot; width=&quot;4%&quot;&gt;PDM_ID&lt;/td&gt;&lt;td style=&quot;vertical-align:top;text-align:left; padding: 0px; font-weight: bold; &quot; width=&quot;4%&quot;&gt;PDM_REV&lt;/td&gt;&lt;td style=&quot;vertical-align:top;text-align:left; padding: 0px; font-weight: bold; &quot; width=&quot;4%&quot;&gt;PDM_...
	at chs.common.reporting.ReportTestCase.createAndCompareReports(ReportTestCase.java:102)
	at chs.common.reporting.TeamcenterLogicComponentBOMTest.testReportContent(TeamcenterLogicComponentBOMTest.java:105)
	at chs.common.reporting.TeamcenterLogicComponentBOMTest.testReportWithConfigFile(TeamcenterLogicComponentBOMTest.java:126)
	at chs.common.reporting.TeamcenterLogicComponentBOMTest.testLogicComponentBOMReport(TeamcenterLogicComponentBOMTest.java:110)
</failure>
  </testcase>
  <testcase classname="chs.common.reporting.TeamcenterLogicComponentBOMTest" name="testLogicComponentBOMReport[16]" time="0.563">
    <failure message="Differences found : &#xa;Golden: &apos;C:\repos\iesd\chs_home\bld\testdata\temp\chs\common\reporting\TeamcenterLogicComponentBOMTest\reports\config2\MARINE-555.golden.html&apos;&#xa;Actual: &apos;C:\repos\iesd\chs_home\bld\testdata\temp\chs\common\reporting\TeamcenterLogicComponentBOMTest\reports\config2\MARINE-555.actual.html&apos;&#xa;mv &apos;C:\repos\iesd\chs_home\bld\testdata\temp\chs\common\reporting\TeamcenterLogicComponentBOMTest\reports\config2\MARINE-555.actual.html&apos; &apos;C:\repos\iesd\chs_home\bld\testdata\temp\chs\common\reporting\TeamcenterLogicComponentBOMTest\reports\config2\MARINE-555.golden.html&apos;&#xa;&#xa;Changed : Exp:1 - Act: 1&#xa;Exp: &lt;html xmlns:xs=&quot;http://www.w3.org/2001/XMLSchema&quot;&gt;&lt;head&gt;&lt;title&gt;Teamcenter Logic Component BOM&lt;/title&gt;&lt;script language=&quot;javascript&quot; src=&quot;/reporter/scripts/commonscript.js&quot;&gt;&lt;/script&gt;&lt;/head&gt;&lt;body onload=&quot;javascript:initializeReportPage(&apos;report.xsl&apos;)&quot;&gt;&lt;table border=&quot;0&quot; width=&quot;99%&quot;&gt;&lt;colgroup span=&quot;3&quot;&gt;&lt;/colgroup&gt;&lt;tr class=&quot;topRow&quot;&gt;&lt;td style=&quot;width:30%&quot; align=&quot;left&quot; valign=&quot;middle&quot;&gt;&lt;img id=&quot;MGLOGO&quot; width=&quot;137&quot; height=&quot;24&quot; src=&quot;/reporter/images/SiemensLogo.png&quot; /&gt;&lt;b&gt;&lt;/b&gt;&lt;/td&gt;&lt;td width=&quot;49%&quot; align=&quot;center&quot; valign=&quot;middle&quot;&gt;&lt;table width=&quot;100%&quot; border=&quot;0&quot;&gt;&lt;colgroup span=&quot;2&quot;&gt;&lt;/colgroup&gt;&lt;tr&gt;&lt;td width=&quot;25%&quot; align=&quot;left&quot;&gt;&lt;b style=&quot;color: green&quot;&gt;Report&lt;/b&gt;&lt;/td&gt;&lt;td width=&quot;75%&quot; align=&quot;left&quot;&gt;&lt;p style=&quot;color: green&quot;&gt;Teamcenter Logic Component BOM&lt;/p&gt;&lt;/td&gt;&lt;/tr&gt;&lt;tr&gt;&lt;td width=&quot;25%&quot; align=&quot;left&quot;&gt;&lt;b style=&quot;color: green&quot;&gt;User&lt;/b&gt;&lt;/td&gt;&lt;td width=&quot;75%&quot; align=&quot;left&quot;&gt;&lt;i style=&quot;color: green&quot;&gt;system&lt;/i&gt;&lt;/td&gt;&lt;/tr&gt;&lt;/table&gt;&lt;/td&gt;&lt;td align=&quot;right&quot; valign=&quot;middle&quot; width=&quot;20%&quot;&gt;&lt;img id=&quot;puck&quot; border=&quot;0&quot; width=&quot;100&quot; height=&quot;80&quot; src=&quot;/reporter/images/puck_smaller.jpg&quot; /&gt;&lt;b&gt;&lt;/b&gt;&lt;/td&gt;&lt;/tr&gt;&lt;/table&gt;&lt;table border=&quot;0&quot; cellpadding=&quot;0&quot; cellspacing=&quot;0&quot; width=&quot;99%&quot; style=&quot;font-family:Lucida Sans;font-size:12&quot; id=&quot;tableid1&quot;&gt;&lt;colgroup span=&quot;9&quot;&gt;&lt;/colgroup&gt;&lt;tr style=&quot;background-color: #CCDDFF;&quot; class=&quot;header&quot;&gt;&lt;td style=&quot;vertical-align:top;text-align:left; padding: 0px; font-weight: bold; &quot; width=&quot;11%&quot;&gt;Routing ID&lt;/td&gt;&lt;td style=&quot;vertical-align:top;text-align:left; padding: 0px; font-weight: bold; &quot; width=&quot;11%&quot;&gt;PDM_ID&lt;/td&gt;&lt;td style=&quot;vertical-align:top;text-align:left; padding: 0px; font-weight: bold; &quot; width=&quot;11%&quot;&gt;PDM_REV&lt;/td&gt;&lt;td style=&quot;vertical-align:top;text-align:left; padding: 0px; font-weight: bold; &quot; width=&quot;11%&quot;&gt;PDM_TYPE&lt;/td&gt;&lt;td style=&quot;vertical-align:top;text-align:left; padding: 0px; font-weight: bold; &quot; width=&quot;11%&quot;&gt;PDM_NAME&lt;/td&gt;&lt;td style=&quot;vertical-align:top;text-align:left; padding: 0px; font-weight: bold; &quot; width=&quot;11%&quot;&gt;Description&lt;/td&gt;&lt;td style=&quot;vertical-align:top;text-align:left; padding: 0px; font-weight: bold; &quot; width=&quot;11%&quot;&gt;SystemCode&lt;/td&gt;&lt;td style=&quot;vertical-align:top;text-align:left; padding: 0px; font-weight: bold; &quot; width=&quot;11%&quot;&gt;Room&lt;/td&gt;&lt;td style=&quot;vertical-align:top;text-align:left; padding: 0px; font-weight: bold; &quot; width=&quot;11%&quot;&gt;DesignRemarks&lt;/td&gt;&lt;/tr&gt;&lt;tr style=&quot;white-space: pre-wrap;background-color: #E4E4E4;&quot;&gt;&lt;td&gt;ABCD:1:DEV1&lt;/td&gt;&lt;td&gt;&lt;/td&gt;&lt;td&gt;&lt;/td&gt;&lt;td&gt;&lt;/td&gt;&lt;td&gt;&lt;/td&gt;&lt;td&gt;&lt;/td&gt;&lt;td&gt;ICD1&lt;/td&gt;&lt;td&gt;&lt;/td&gt;&lt;td&gt;&lt;/td&gt;&lt;/tr&gt;&lt;tr style=&quot;white-space: pre-wrap;&quot;&gt;&lt;td&gt;ABCD:1:DEV1&lt;/td&gt;&lt;td&gt;&lt;/td&gt;&lt;td&gt;&lt;/td&gt;&lt;td&gt;&lt;/td&gt;&lt;td&gt;&lt;/td&gt;&lt;td&gt;&lt;/td&gt;&lt;td&gt;ICD1&lt;/td&gt;&lt;td&gt;&lt;/td&gt;&lt;td&gt;&lt;/td&gt;&lt;/tr&gt;&lt;/table&gt;&lt;table border=&quot;0&quot; cellpadding=&quot;0&quot; cellspacing=&quot;0&quot; width=&quot;99%&quot; style=&quot;font-family:Lucida Sans;font-size:12&quot; id=&quot;tableid2&quot;&gt;&lt;colgroup span=&quot;22&quot;&gt;&lt;/colgroup&gt;&lt;tr style=&quot;background-color: #CCDDFF;&quot; class=&quot;header&quot;&gt;&lt;td style=&quot;vertical-align:top;text-align:left; padding: 0px; font-weight: bold; &quot; width=&quot;4%&quot;&gt;Routing ID&lt;/td&gt;&lt;td style=&quot;vertical-align:top;text-align:left; padding: 0px; font-weight: bold; &quot; width=&quot;4%&quot;&gt;Unmodified Length&lt;/td&gt;&lt;td style=&quot;vertical-align:top;text-align:left; padding: 0px; font-weight: bold; &quot; width=&quot;4%&quot;&gt;Max Length&lt;/td&gt;&lt;td style=&quot;vertical-align:top;text-align:left; padding: 0px; font-weight: bold; &quot; width=&quot;4%&quot;&gt;Min Length&lt;/td&gt;&lt;td style=&quot;vertical-align:top;text-align:left; padding: 0px; font-weight: bold; &quot; width=&quot;4%&quot;&gt;PDM_ID&lt;/td&gt;&lt;td style=&quot;vertical-align:top;text-align:left; padding: 0px; font-weight: bold; &quot; width=&quot;4%&quot;&gt;PDM_REV&lt;/td&gt;&lt;td style=&quot;vertical-align:top;text-align:left; padding: 0px; font-weight: bold; &quot; width=&quot;4%&quot;&gt;PDM_TYPE&lt;/td&gt;&lt;td style=&quot;vertical-align:top;text-align:left; padding: 0px; font-weight: bold; &quot; width=&quot;4%&quot;&gt;PDM_NAME&lt;/td&gt;&lt;td style=&quot;vertical-align:top;text-align:left; padding: 0px; font-weight: bold; &quot; width=&quot;4%&quot;&gt;Segregation&lt;/td&gt;&lt;td style=&quot;vertical-align:top;text-align:left; padding: 0px; font-weight: bold; &quot; width=&quot;4%&quot;&gt;From Device PDM_ID&lt;/td&gt;&lt;td style=&quot;vertical-align:top;text-align:left; padding: 0px; font-weight: bold; &quot; width=&quot;4%&quot;&gt;From Device PDM_REV&lt;/td&gt;&lt;td style=&quot;vertical-align:top;text-align:left; padding: 0px; font-weight: bold; &quot; width=&quot;4%&quot;&gt;From Device PDM_TYPE&lt;/td&gt;&lt;td style=&quot;vertical-align:top;text-align:left; padding: 0px; font-weight: bold; &quot; width=&quot;4%&quot;&gt;To Device PDM_ID&lt;/td&gt;&lt;td style=&quot;vertical-align:top;text-align:left; padding: 0px; font-weight: bold; &quot; width=&quot;4%&quot;&gt;To Device PDM_REV&lt;/td&gt;&lt;td style=&quot;vertical-align:top;text-align:left; padding: 0px; font-weight: bold;..." type="chs.FileServices$FSComparisonFailure">chs.FileServices$FSComparisonFailure: Differences found : 
Golden: &apos;C:\repos\iesd\chs_home\bld\testdata\temp\chs\common\reporting\TeamcenterLogicComponentBOMTest\reports\config2\MARINE-555.golden.html&apos;
Actual: &apos;C:\repos\iesd\chs_home\bld\testdata\temp\chs\common\reporting\TeamcenterLogicComponentBOMTest\reports\config2\MARINE-555.actual.html&apos;
mv &apos;C:\repos\iesd\chs_home\bld\testdata\temp\chs\common\reporting\TeamcenterLogicComponentBOMTest\reports\config2\MARINE-555.actual.html&apos; &apos;C:\repos\iesd\chs_home\bld\testdata\temp\chs\common\reporting\TeamcenterLogicComponentBOMTest\reports\config2\MARINE-555.golden.html&apos;

Changed : Exp:1 - Act: 1
Exp: &lt;html xmlns:xs=&quot;http://www.w3.org/2001/XMLSchema&quot;&gt;&lt;head&gt;&lt;title&gt;Teamcenter Logic Component BOM&lt;/title&gt;&lt;script language=&quot;javascript&quot; src=&quot;/reporter/scripts/commonscript.js&quot;&gt;&lt;/script&gt;&lt;/head&gt;&lt;body onload=&quot;javascript:initializeReportPage(&apos;report.xsl&apos;)&quot;&gt;&lt;table border=&quot;0&quot; width=&quot;99%&quot;&gt;&lt;colgroup span=&quot;3&quot;&gt;&lt;/colgroup&gt;&lt;tr class=&quot;topRow&quot;&gt;&lt;td style=&quot;width:30%&quot; align=&quot;left&quot; valign=&quot;middle&quot;&gt;&lt;img id=&quot;MGLOGO&quot; width=&quot;137&quot; height=&quot;24&quot; src=&quot;/reporter/images/SiemensLogo.png&quot; /&gt;&lt;b&gt;&lt;/b&gt;&lt;/td&gt;&lt;td width=&quot;49%&quot; align=&quot;center&quot; valign=&quot;middle&quot;&gt;&lt;table width=&quot;100%&quot; border=&quot;0&quot;&gt;&lt;colgroup span=&quot;2&quot;&gt;&lt;/colgroup&gt;&lt;tr&gt;&lt;td width=&quot;25%&quot; align=&quot;left&quot;&gt;&lt;b style=&quot;color: green&quot;&gt;Report&lt;/b&gt;&lt;/td&gt;&lt;td width=&quot;75%&quot; align=&quot;left&quot;&gt;&lt;p style=&quot;color: green&quot;&gt;Teamcenter Logic Component BOM&lt;/p&gt;&lt;/td&gt;&lt;/tr&gt;&lt;tr&gt;&lt;td width=&quot;25%&quot; align=&quot;left&quot;&gt;&lt;b style=&quot;color: green&quot;&gt;User&lt;/b&gt;&lt;/td&gt;&lt;td width=&quot;75%&quot; align=&quot;left&quot;&gt;&lt;i style=&quot;color: green&quot;&gt;system&lt;/i&gt;&lt;/td&gt;&lt;/tr&gt;&lt;/table&gt;&lt;/td&gt;&lt;td align=&quot;right&quot; valign=&quot;middle&quot; width=&quot;20%&quot;&gt;&lt;img id=&quot;puck&quot; border=&quot;0&quot; width=&quot;100&quot; height=&quot;80&quot; src=&quot;/reporter/images/puck_smaller.jpg&quot; /&gt;&lt;b&gt;&lt;/b&gt;&lt;/td&gt;&lt;/tr&gt;&lt;/table&gt;&lt;table border=&quot;0&quot; cellpadding=&quot;0&quot; cellspacing=&quot;0&quot; width=&quot;99%&quot; style=&quot;font-family:Lucida Sans;font-size:12&quot; id=&quot;tableid1&quot;&gt;&lt;colgroup span=&quot;9&quot;&gt;&lt;/colgroup&gt;&lt;tr style=&quot;background-color: #CCDDFF;&quot; class=&quot;header&quot;&gt;&lt;td style=&quot;vertical-align:top;text-align:left; padding: 0px; font-weight: bold; &quot; width=&quot;11%&quot;&gt;Routing ID&lt;/td&gt;&lt;td style=&quot;vertical-align:top;text-align:left; padding: 0px; font-weight: bold; &quot; width=&quot;11%&quot;&gt;PDM_ID&lt;/td&gt;&lt;td style=&quot;vertical-align:top;text-align:left; padding: 0px; font-weight: bold; &quot; width=&quot;11%&quot;&gt;PDM_REV&lt;/td&gt;&lt;td style=&quot;vertical-align:top;text-align:left; padding: 0px; font-weight: bold; &quot; width=&quot;11%&quot;&gt;PDM_TYPE&lt;/td&gt;&lt;td style=&quot;vertical-align:top;text-align:left; padding: 0px; font-weight: bold; &quot; width=&quot;11%&quot;&gt;PDM_NAME&lt;/td&gt;&lt;td style=&quot;vertical-align:top;text-align:left; padding: 0px; font-weight: bold; &quot; width=&quot;11%&quot;&gt;Description&lt;/td&gt;&lt;td style=&quot;vertical-align:top;text-align:left; padding: 0px; font-weight: bold; &quot; width=&quot;11%&quot;&gt;SystemCode&lt;/td&gt;&lt;td style=&quot;vertical-align:top;text-align:left; padding: 0px; font-weight: bold; &quot; width=&quot;11%&quot;&gt;Room&lt;/td&gt;&lt;td style=&quot;vertical-align:top;text-align:left; padding: 0px; font-weight: bold; &quot; width=&quot;11%&quot;&gt;DesignRemarks&lt;/td&gt;&lt;/tr&gt;&lt;tr style=&quot;white-space: pre-wrap;background-color: #E4E4E4;&quot;&gt;&lt;td&gt;ABCD:1:DEV1&lt;/td&gt;&lt;td&gt;&lt;/td&gt;&lt;td&gt;&lt;/td&gt;&lt;td&gt;&lt;/td&gt;&lt;td&gt;&lt;/td&gt;&lt;td&gt;&lt;/td&gt;&lt;td&gt;ICD1&lt;/td&gt;&lt;td&gt;&lt;/td&gt;&lt;td&gt;&lt;/td&gt;&lt;/tr&gt;&lt;tr style=&quot;white-space: pre-wrap;&quot;&gt;&lt;td&gt;ABCD:1:DEV1&lt;/td&gt;&lt;td&gt;&lt;/td&gt;&lt;td&gt;&lt;/td&gt;&lt;td&gt;&lt;/td&gt;&lt;td&gt;&lt;/td&gt;&lt;td&gt;&lt;/td&gt;&lt;td&gt;ICD1&lt;/td&gt;&lt;td&gt;&lt;/td&gt;&lt;td&gt;&lt;/td&gt;&lt;/tr&gt;&lt;/table&gt;&lt;table border=&quot;0&quot; cellpadding=&quot;0&quot; cellspacing=&quot;0&quot; width=&quot;99%&quot; style=&quot;font-family:Lucida Sans;font-size:12&quot; id=&quot;tableid2&quot;&gt;&lt;colgroup span=&quot;22&quot;&gt;&lt;/colgroup&gt;&lt;tr style=&quot;background-color: #CCDDFF;&quot; class=&quot;header&quot;&gt;&lt;td style=&quot;vertical-align:top;text-align:left; padding: 0px; font-weight: bold; &quot; width=&quot;4%&quot;&gt;Routing ID&lt;/td&gt;&lt;td style=&quot;vertical-align:top;text-align:left; padding: 0px; font-weight: bold; &quot; width=&quot;4%&quot;&gt;Unmodified Length&lt;/td&gt;&lt;td style=&quot;vertical-align:top;text-align:left; padding: 0px; font-weight: bold; &quot; width=&quot;4%&quot;&gt;Max Length&lt;/td&gt;&lt;td style=&quot;vertical-align:top;text-align:left; padding: 0px; font-weight: bold; &quot; width=&quot;4%&quot;&gt;Min Length&lt;/td&gt;&lt;td style=&quot;vertical-align:top;text-align:left; padding: 0px; font-weight: bold; &quot; width=&quot;4%&quot;&gt;PDM_ID&lt;/td&gt;&lt;td style=&quot;vertical-align:top;text-align:left; padding: 0px; font-weight: bold; &quot; width=&quot;4%&quot;&gt;PDM_REV&lt;/td&gt;&lt;td style=&quot;vertical-align:top;text-align:left; padding: 0px; font-weight: bold; &quot; width=&quot;4%&quot;&gt;PDM_TYPE&lt;/td&gt;&lt;td style=&quot;vertical-align:top;text-align:left; padding: 0px; font-weight: bold; &quot; width=&quot;4%&quot;&gt;PDM_NAME&lt;/td&gt;&lt;td style=&quot;vertical-align:top;text-align:left; padding: 0px; font-weight: bold; &quot; width=&quot;4%&quot;&gt;Segregation&lt;/td&gt;&lt;td style=&quot;vertical-align:top;text-align:left; padding: 0px; font-weight: bold; &quot; width=&quot;4%&quot;&gt;From Device PDM_ID&lt;/td&gt;&lt;td style=&quot;vertical-align:top;text-align:left; padding: 0px; font-weight: bold; &quot; width=&quot;4%&quot;&gt;From Device PDM_REV&lt;/td&gt;&lt;td style=&quot;vertical-align:top;text-align:left; padding: 0px; font-weight: bold; &quot; width=&quot;4%&quot;&gt;From Device PDM_TYPE&lt;/td&gt;&lt;td style=&quot;vertical-align:top;text-align:left; padding: 0px; font-weight: bold; &quot; width=&quot;4%&quot;&gt;To Device PDM_ID&lt;/td&gt;&lt;td style=&quot;vertical-align:top;text-align:left; padding: 0px; font-weight: bold; &quot; width=&quot;4%&quot;&gt;To Device PDM_REV&lt;/td&gt;&lt;td style=&quot;vertical-align:top;text-align:left; padding: 0px; font-weight: bold;...
	at chs.common.reporting.ReportTestCase.createAndCompareReports(ReportTestCase.java:102)
	at chs.common.reporting.TeamcenterLogicComponentBOMTest.testReportContent(TeamcenterLogicComponentBOMTest.java:105)
	at chs.common.reporting.TeamcenterLogicComponentBOMTest.testReportWithConfigFile(TeamcenterLogicComponentBOMTest.java:126)
	at chs.common.reporting.TeamcenterLogicComponentBOMTest.testLogicComponentBOMReport(TeamcenterLogicComponentBOMTest.java:110)
</failure>
  </testcase>
  <testcase classname="chs.common.reporting.TeamcenterLogicComponentBOMTest" name="testLogicComponentBOMReport[17]" time="0.703">
    <failure message="Differences found : &#xa;Golden: &apos;C:\repos\iesd\chs_home\bld\testdata\temp\chs\common\reporting\TeamcenterLogicComponentBOMTest\reports\config3\MARINE-555.golden.html&apos;&#xa;Actual: &apos;C:\repos\iesd\chs_home\bld\testdata\temp\chs\common\reporting\TeamcenterLogicComponentBOMTest\reports\config3\MARINE-555.actual.html&apos;&#xa;mv &apos;C:\repos\iesd\chs_home\bld\testdata\temp\chs\common\reporting\TeamcenterLogicComponentBOMTest\reports\config3\MARINE-555.actual.html&apos; &apos;C:\repos\iesd\chs_home\bld\testdata\temp\chs\common\reporting\TeamcenterLogicComponentBOMTest\reports\config3\MARINE-555.golden.html&apos;&#xa;&#xa;Changed : Exp:1 - Act: 1&#xa;Exp: &lt;html xmlns:xs=&quot;http://www.w3.org/2001/XMLSchema&quot;&gt;&lt;head&gt;&lt;title&gt;Teamcenter Logic Component BOM&lt;/title&gt;&lt;script language=&quot;javascript&quot; src=&quot;/reporter/scripts/commonscript.js&quot;&gt;&lt;/script&gt;&lt;/head&gt;&lt;body onload=&quot;javascript:initializeReportPage(&apos;report.xsl&apos;)&quot;&gt;&lt;table border=&quot;0&quot; width=&quot;99%&quot;&gt;&lt;colgroup span=&quot;3&quot;&gt;&lt;/colgroup&gt;&lt;tr class=&quot;topRow&quot;&gt;&lt;td style=&quot;width:30%&quot; align=&quot;left&quot; valign=&quot;middle&quot;&gt;&lt;img id=&quot;MGLOGO&quot; width=&quot;137&quot; height=&quot;24&quot; src=&quot;/reporter/images/SiemensLogo.png&quot; /&gt;&lt;b&gt;&lt;/b&gt;&lt;/td&gt;&lt;td width=&quot;49%&quot; align=&quot;center&quot; valign=&quot;middle&quot;&gt;&lt;table width=&quot;100%&quot; border=&quot;0&quot;&gt;&lt;colgroup span=&quot;2&quot;&gt;&lt;/colgroup&gt;&lt;tr&gt;&lt;td width=&quot;25%&quot; align=&quot;left&quot;&gt;&lt;b style=&quot;color: green&quot;&gt;Report&lt;/b&gt;&lt;/td&gt;&lt;td width=&quot;75%&quot; align=&quot;left&quot;&gt;&lt;p style=&quot;color: green&quot;&gt;Teamcenter Logic Component BOM&lt;/p&gt;&lt;/td&gt;&lt;/tr&gt;&lt;tr&gt;&lt;td width=&quot;25%&quot; align=&quot;left&quot;&gt;&lt;b style=&quot;color: green&quot;&gt;User&lt;/b&gt;&lt;/td&gt;&lt;td width=&quot;75%&quot; align=&quot;left&quot;&gt;&lt;i style=&quot;color: green&quot;&gt;system&lt;/i&gt;&lt;/td&gt;&lt;/tr&gt;&lt;/table&gt;&lt;/td&gt;&lt;td align=&quot;right&quot; valign=&quot;middle&quot; width=&quot;20%&quot;&gt;&lt;img id=&quot;puck&quot; border=&quot;0&quot; width=&quot;100&quot; height=&quot;80&quot; src=&quot;/reporter/images/puck_smaller.jpg&quot; /&gt;&lt;b&gt;&lt;/b&gt;&lt;/td&gt;&lt;/tr&gt;&lt;/table&gt;&lt;table border=&quot;0&quot; cellpadding=&quot;0&quot; cellspacing=&quot;0&quot; width=&quot;99%&quot; style=&quot;font-family:Lucida Sans;font-size:12&quot; id=&quot;tableid1&quot;&gt;&lt;colgroup span=&quot;10&quot;&gt;&lt;/colgroup&gt;&lt;tr style=&quot;background-color: #CCDDFF;&quot; class=&quot;header&quot;&gt;&lt;td style=&quot;vertical-align:top;text-align:left; padding: 0px; font-weight: bold; &quot; width=&quot;10%&quot;&gt;Routing ID&lt;/td&gt;&lt;td style=&quot;vertical-align:top;text-align:left; padding: 0px; font-weight: bold; &quot; width=&quot;10%&quot;&gt;ICD name and Revision&lt;/td&gt;&lt;td style=&quot;vertical-align:top;text-align:left; padding: 0px; font-weight: bold; &quot; width=&quot;10%&quot;&gt;PDM_ID&lt;/td&gt;&lt;td style=&quot;vertical-align:top;text-align:left; padding: 0px; font-weight: bold; &quot; width=&quot;10%&quot;&gt;PDM_REV&lt;/td&gt;&lt;td style=&quot;vertical-align:top;text-align:left; padding: 0px; font-weight: bold; &quot; width=&quot;10%&quot;&gt;PDM_TYPE&lt;/td&gt;&lt;td style=&quot;vertical-align:top;text-align:left; padding: 0px; font-weight: bold; &quot; width=&quot;10%&quot;&gt;PDM_NAME&lt;/td&gt;&lt;td style=&quot;vertical-align:top;text-align:left; padding: 0px; font-weight: bold; &quot; width=&quot;10%&quot;&gt;Description&lt;/td&gt;&lt;td style=&quot;vertical-align:top;text-align:left; padding: 0px; font-weight: bold; &quot; width=&quot;10%&quot;&gt;SystemCode&lt;/td&gt;&lt;td style=&quot;vertical-align:top;text-align:left; padding: 0px; font-weight: bold; &quot; width=&quot;10%&quot;&gt;Room&lt;/td&gt;&lt;td style=&quot;vertical-align:top;text-align:left; padding: 0px; font-weight: bold; &quot; width=&quot;10%&quot;&gt;DesignRemarks&lt;/td&gt;&lt;/tr&gt;&lt;tr style=&quot;white-space: pre-wrap;background-color: #E4E4E4;&quot;&gt;&lt;td&gt;ICD1&lt;/td&gt;&lt;td&gt;ICD1&lt;/td&gt;&lt;td&gt;&lt;/td&gt;&lt;td&gt;&lt;/td&gt;&lt;td&gt;&lt;/td&gt;&lt;td&gt;&lt;/td&gt;&lt;td&gt;&lt;/td&gt;&lt;td&gt;&lt;/td&gt;&lt;td&gt;&lt;/td&gt;&lt;td&gt;&lt;/td&gt;&lt;/tr&gt;&lt;tr style=&quot;white-space: pre-wrap;&quot;&gt;&lt;td&gt;ICD1&lt;/td&gt;&lt;td&gt;ICD1&lt;/td&gt;&lt;td&gt;&lt;/td&gt;&lt;td&gt;&lt;/td&gt;&lt;td&gt;&lt;/td&gt;&lt;td&gt;&lt;/td&gt;&lt;td&gt;&lt;/td&gt;&lt;td&gt;&lt;/td&gt;&lt;td&gt;&lt;/td&gt;&lt;td&gt;&lt;/td&gt;&lt;/tr&gt;&lt;/table&gt;&lt;table border=&quot;0&quot; cellpadding=&quot;0&quot; cellspacing=&quot;0&quot; width=&quot;99%&quot; style=&quot;font-family:Lucida Sans;font-size:12&quot; id=&quot;tableid2&quot;&gt;&lt;colgroup span=&quot;22&quot;&gt;&lt;/colgroup&gt;&lt;tr style=&quot;background-color: #CCDDFF;&quot; class=&quot;header&quot;&gt;&lt;td style=&quot;vertical-align:top;text-align:left; padding: 0px; font-weight: bold; &quot; width=&quot;4%&quot;&gt;Routing ID&lt;/td&gt;&lt;td style=&quot;vertical-align:top;text-align:left; padding: 0px; font-weight: bold; &quot; width=&quot;4%&quot;&gt;Unmodified Length&lt;/td&gt;&lt;td style=&quot;vertical-align:top;text-align:left; padding: 0px; font-weight: bold; &quot; width=&quot;4%&quot;&gt;Max Length&lt;/td&gt;&lt;td style=&quot;vertical-align:top;text-align:left; padding: 0px; font-weight: bold; &quot; width=&quot;4%&quot;&gt;Min Length&lt;/td&gt;&lt;td style=&quot;vertical-align:top;text-align:left; padding: 0px; font-weight: bold; &quot; width=&quot;4%&quot;&gt;PDM_ID&lt;/td&gt;&lt;td style=&quot;vertical-align:top;text-align:left; padding: 0px; font-weight: bold; &quot; width=&quot;4%&quot;&gt;PDM_REV&lt;/td&gt;&lt;td style=&quot;vertical-align:top;text-align:left; padding: 0px; font-weight: bold; &quot; width=&quot;4%&quot;&gt;PDM_TYPE&lt;/td&gt;&lt;td style=&quot;vertical-align:top;text-align:left; padding: 0px; font-weight: bold; &quot; width=&quot;4%&quot;&gt;PDM_NAME&lt;/td&gt;&lt;td style=&quot;vertical-align:top;text-align:left; padding: 0px; font-weight: bold; &quot; width=&quot;4%&quot;&gt;Segregation&lt;/td&gt;&lt;td style=&quot;vertical-align:top;text-align:left; padding: 0px; font-weight: bold; &quot; width=&quot;4%&quot;&gt;From Device PDM_ID&lt;/td&gt;&lt;td style=&quot;vertical-align:top;text-align:left; padding: 0px; font-weight: bold; &quot; width=&quot;4%&quot;&gt;From Device PDM_REV&lt;/td&gt;&lt;td style=&quot;vertical-align:top;text-align:left; padding: 0px; font-weight: bold; &quot; width=&quot;4%&quot;&gt;From Device PDM_TYPE&lt;/td&gt;&lt;td style=&quot;vertical-align:top;text-align:left; padding: 0px; font-weight: bold; &quot; width=&quot;4%&quot;&gt;To Device PDM_ID&lt;/td&gt;&lt;td style=&quot;vertical-align:top;text-align:left; padding: 0px; font-wei..." type="chs.FileServices$FSComparisonFailure">chs.FileServices$FSComparisonFailure: Differences found : 
Golden: &apos;C:\repos\iesd\chs_home\bld\testdata\temp\chs\common\reporting\TeamcenterLogicComponentBOMTest\reports\config3\MARINE-555.golden.html&apos;
Actual: &apos;C:\repos\iesd\chs_home\bld\testdata\temp\chs\common\reporting\TeamcenterLogicComponentBOMTest\reports\config3\MARINE-555.actual.html&apos;
mv &apos;C:\repos\iesd\chs_home\bld\testdata\temp\chs\common\reporting\TeamcenterLogicComponentBOMTest\reports\config3\MARINE-555.actual.html&apos; &apos;C:\repos\iesd\chs_home\bld\testdata\temp\chs\common\reporting\TeamcenterLogicComponentBOMTest\reports\config3\MARINE-555.golden.html&apos;

Changed : Exp:1 - Act: 1
Exp: &lt;html xmlns:xs=&quot;http://www.w3.org/2001/XMLSchema&quot;&gt;&lt;head&gt;&lt;title&gt;Teamcenter Logic Component BOM&lt;/title&gt;&lt;script language=&quot;javascript&quot; src=&quot;/reporter/scripts/commonscript.js&quot;&gt;&lt;/script&gt;&lt;/head&gt;&lt;body onload=&quot;javascript:initializeReportPage(&apos;report.xsl&apos;)&quot;&gt;&lt;table border=&quot;0&quot; width=&quot;99%&quot;&gt;&lt;colgroup span=&quot;3&quot;&gt;&lt;/colgroup&gt;&lt;tr class=&quot;topRow&quot;&gt;&lt;td style=&quot;width:30%&quot; align=&quot;left&quot; valign=&quot;middle&quot;&gt;&lt;img id=&quot;MGLOGO&quot; width=&quot;137&quot; height=&quot;24&quot; src=&quot;/reporter/images/SiemensLogo.png&quot; /&gt;&lt;b&gt;&lt;/b&gt;&lt;/td&gt;&lt;td width=&quot;49%&quot; align=&quot;center&quot; valign=&quot;middle&quot;&gt;&lt;table width=&quot;100%&quot; border=&quot;0&quot;&gt;&lt;colgroup span=&quot;2&quot;&gt;&lt;/colgroup&gt;&lt;tr&gt;&lt;td width=&quot;25%&quot; align=&quot;left&quot;&gt;&lt;b style=&quot;color: green&quot;&gt;Report&lt;/b&gt;&lt;/td&gt;&lt;td width=&quot;75%&quot; align=&quot;left&quot;&gt;&lt;p style=&quot;color: green&quot;&gt;Teamcenter Logic Component BOM&lt;/p&gt;&lt;/td&gt;&lt;/tr&gt;&lt;tr&gt;&lt;td width=&quot;25%&quot; align=&quot;left&quot;&gt;&lt;b style=&quot;color: green&quot;&gt;User&lt;/b&gt;&lt;/td&gt;&lt;td width=&quot;75%&quot; align=&quot;left&quot;&gt;&lt;i style=&quot;color: green&quot;&gt;system&lt;/i&gt;&lt;/td&gt;&lt;/tr&gt;&lt;/table&gt;&lt;/td&gt;&lt;td align=&quot;right&quot; valign=&quot;middle&quot; width=&quot;20%&quot;&gt;&lt;img id=&quot;puck&quot; border=&quot;0&quot; width=&quot;100&quot; height=&quot;80&quot; src=&quot;/reporter/images/puck_smaller.jpg&quot; /&gt;&lt;b&gt;&lt;/b&gt;&lt;/td&gt;&lt;/tr&gt;&lt;/table&gt;&lt;table border=&quot;0&quot; cellpadding=&quot;0&quot; cellspacing=&quot;0&quot; width=&quot;99%&quot; style=&quot;font-family:Lucida Sans;font-size:12&quot; id=&quot;tableid1&quot;&gt;&lt;colgroup span=&quot;10&quot;&gt;&lt;/colgroup&gt;&lt;tr style=&quot;background-color: #CCDDFF;&quot; class=&quot;header&quot;&gt;&lt;td style=&quot;vertical-align:top;text-align:left; padding: 0px; font-weight: bold; &quot; width=&quot;10%&quot;&gt;Routing ID&lt;/td&gt;&lt;td style=&quot;vertical-align:top;text-align:left; padding: 0px; font-weight: bold; &quot; width=&quot;10%&quot;&gt;ICD name and Revision&lt;/td&gt;&lt;td style=&quot;vertical-align:top;text-align:left; padding: 0px; font-weight: bold; &quot; width=&quot;10%&quot;&gt;PDM_ID&lt;/td&gt;&lt;td style=&quot;vertical-align:top;text-align:left; padding: 0px; font-weight: bold; &quot; width=&quot;10%&quot;&gt;PDM_REV&lt;/td&gt;&lt;td style=&quot;vertical-align:top;text-align:left; padding: 0px; font-weight: bold; &quot; width=&quot;10%&quot;&gt;PDM_TYPE&lt;/td&gt;&lt;td style=&quot;vertical-align:top;text-align:left; padding: 0px; font-weight: bold; &quot; width=&quot;10%&quot;&gt;PDM_NAME&lt;/td&gt;&lt;td style=&quot;vertical-align:top;text-align:left; padding: 0px; font-weight: bold; &quot; width=&quot;10%&quot;&gt;Description&lt;/td&gt;&lt;td style=&quot;vertical-align:top;text-align:left; padding: 0px; font-weight: bold; &quot; width=&quot;10%&quot;&gt;SystemCode&lt;/td&gt;&lt;td style=&quot;vertical-align:top;text-align:left; padding: 0px; font-weight: bold; &quot; width=&quot;10%&quot;&gt;Room&lt;/td&gt;&lt;td style=&quot;vertical-align:top;text-align:left; padding: 0px; font-weight: bold; &quot; width=&quot;10%&quot;&gt;DesignRemarks&lt;/td&gt;&lt;/tr&gt;&lt;tr style=&quot;white-space: pre-wrap;background-color: #E4E4E4;&quot;&gt;&lt;td&gt;ICD1&lt;/td&gt;&lt;td&gt;ICD1&lt;/td&gt;&lt;td&gt;&lt;/td&gt;&lt;td&gt;&lt;/td&gt;&lt;td&gt;&lt;/td&gt;&lt;td&gt;&lt;/td&gt;&lt;td&gt;&lt;/td&gt;&lt;td&gt;&lt;/td&gt;&lt;td&gt;&lt;/td&gt;&lt;td&gt;&lt;/td&gt;&lt;/tr&gt;&lt;tr style=&quot;white-space: pre-wrap;&quot;&gt;&lt;td&gt;ICD1&lt;/td&gt;&lt;td&gt;ICD1&lt;/td&gt;&lt;td&gt;&lt;/td&gt;&lt;td&gt;&lt;/td&gt;&lt;td&gt;&lt;/td&gt;&lt;td&gt;&lt;/td&gt;&lt;td&gt;&lt;/td&gt;&lt;td&gt;&lt;/td&gt;&lt;td&gt;&lt;/td&gt;&lt;td&gt;&lt;/td&gt;&lt;/tr&gt;&lt;/table&gt;&lt;table border=&quot;0&quot; cellpadding=&quot;0&quot; cellspacing=&quot;0&quot; width=&quot;99%&quot; style=&quot;font-family:Lucida Sans;font-size:12&quot; id=&quot;tableid2&quot;&gt;&lt;colgroup span=&quot;22&quot;&gt;&lt;/colgroup&gt;&lt;tr style=&quot;background-color: #CCDDFF;&quot; class=&quot;header&quot;&gt;&lt;td style=&quot;vertical-align:top;text-align:left; padding: 0px; font-weight: bold; &quot; width=&quot;4%&quot;&gt;Routing ID&lt;/td&gt;&lt;td style=&quot;vertical-align:top;text-align:left; padding: 0px; font-weight: bold; &quot; width=&quot;4%&quot;&gt;Unmodified Length&lt;/td&gt;&lt;td style=&quot;vertical-align:top;text-align:left; padding: 0px; font-weight: bold; &quot; width=&quot;4%&quot;&gt;Max Length&lt;/td&gt;&lt;td style=&quot;vertical-align:top;text-align:left; padding: 0px; font-weight: bold; &quot; width=&quot;4%&quot;&gt;Min Length&lt;/td&gt;&lt;td style=&quot;vertical-align:top;text-align:left; padding: 0px; font-weight: bold; &quot; width=&quot;4%&quot;&gt;PDM_ID&lt;/td&gt;&lt;td style=&quot;vertical-align:top;text-align:left; padding: 0px; font-weight: bold; &quot; width=&quot;4%&quot;&gt;PDM_REV&lt;/td&gt;&lt;td style=&quot;vertical-align:top;text-align:left; padding: 0px; font-weight: bold; &quot; width=&quot;4%&quot;&gt;PDM_TYPE&lt;/td&gt;&lt;td style=&quot;vertical-align:top;text-align:left; padding: 0px; font-weight: bold; &quot; width=&quot;4%&quot;&gt;PDM_NAME&lt;/td&gt;&lt;td style=&quot;vertical-align:top;text-align:left; padding: 0px; font-weight: bold; &quot; width=&quot;4%&quot;&gt;Segregation&lt;/td&gt;&lt;td style=&quot;vertical-align:top;text-align:left; padding: 0px; font-weight: bold; &quot; width=&quot;4%&quot;&gt;From Device PDM_ID&lt;/td&gt;&lt;td style=&quot;vertical-align:top;text-align:left; padding: 0px; font-weight: bold; &quot; width=&quot;4%&quot;&gt;From Device PDM_REV&lt;/td&gt;&lt;td style=&quot;vertical-align:top;text-align:left; padding: 0px; font-weight: bold; &quot; width=&quot;4%&quot;&gt;From Device PDM_TYPE&lt;/td&gt;&lt;td style=&quot;vertical-align:top;text-align:left; padding: 0px; font-weight: bold; &quot; width=&quot;4%&quot;&gt;To Device PDM_ID&lt;/td&gt;&lt;td style=&quot;vertical-align:top;text-align:left; padding: 0px; font-wei...
	at chs.common.reporting.ReportTestCase.createAndCompareReports(ReportTestCase.java:102)
	at chs.common.reporting.TeamcenterLogicComponentBOMTest.testReportContent(TeamcenterLogicComponentBOMTest.java:105)
	at chs.common.reporting.TeamcenterLogicComponentBOMTest.testReportWithConfigFile(TeamcenterLogicComponentBOMTest.java:126)
	at chs.common.reporting.TeamcenterLogicComponentBOMTest.testLogicComponentBOMReport(TeamcenterLogicComponentBOMTest.java:110)
</failure>
  </testcase>
  <testcase classname="chs.common.reporting.TeamcenterLogicComponentBOMTest" name="testLogicComponentBOMReport[18]" time="0.75">
    <failure message="Differences found : &#xa;Golden: &apos;C:\repos\iesd\chs_home\bld\testdata\temp\chs\common\reporting\TeamcenterLogicComponentBOMTest\reports\config1\MoreThanOneHomeMulticore.golden.html&apos;&#xa;Actual: &apos;C:\repos\iesd\chs_home\bld\testdata\temp\chs\common\reporting\TeamcenterLogicComponentBOMTest\reports\config1\MoreThanOneHomeMulticore.actual.html&apos;&#xa;mv &apos;C:\repos\iesd\chs_home\bld\testdata\temp\chs\common\reporting\TeamcenterLogicComponentBOMTest\reports\config1\MoreThanOneHomeMulticore.actual.html&apos; &apos;C:\repos\iesd\chs_home\bld\testdata\temp\chs\common\reporting\TeamcenterLogicComponentBOMTest\reports\config1\MoreThanOneHomeMulticore.golden.html&apos;&#xa;&#xa;Changed : Exp:1 - Act: 1&#xa;Exp: &lt;html xmlns:xs=&quot;http://www.w3.org/2001/XMLSchema&quot;&gt;&lt;head&gt;&lt;title&gt;Teamcenter Logic Component BOM&lt;/title&gt;&lt;script language=&quot;javascript&quot; src=&quot;/reporter/scripts/commonscript.js&quot;&gt;&lt;/script&gt;&lt;/head&gt;&lt;body onload=&quot;javascript:initializeReportPage(&apos;report.xsl&apos;)&quot;&gt;&lt;table border=&quot;0&quot; width=&quot;99%&quot;&gt;&lt;colgroup span=&quot;3&quot;&gt;&lt;/colgroup&gt;&lt;tr class=&quot;topRow&quot;&gt;&lt;td style=&quot;width:30%&quot; align=&quot;left&quot; valign=&quot;middle&quot;&gt;&lt;img id=&quot;MGLOGO&quot; width=&quot;137&quot; height=&quot;24&quot; src=&quot;/reporter/images/SiemensLogo.png&quot; /&gt;&lt;b&gt;&lt;/b&gt;&lt;/td&gt;&lt;td width=&quot;49%&quot; align=&quot;center&quot; valign=&quot;middle&quot;&gt;&lt;table width=&quot;100%&quot; border=&quot;0&quot;&gt;&lt;colgroup span=&quot;2&quot;&gt;&lt;/colgroup&gt;&lt;tr&gt;&lt;td width=&quot;25%&quot; align=&quot;left&quot;&gt;&lt;b style=&quot;color: green&quot;&gt;Report&lt;/b&gt;&lt;/td&gt;&lt;td width=&quot;75%&quot; align=&quot;left&quot;&gt;&lt;p style=&quot;color: green&quot;&gt;Teamcenter Logic Component BOM&lt;/p&gt;&lt;/td&gt;&lt;/tr&gt;&lt;tr&gt;&lt;td width=&quot;25%&quot; align=&quot;left&quot;&gt;&lt;b style=&quot;color: green&quot;&gt;User&lt;/b&gt;&lt;/td&gt;&lt;td width=&quot;75%&quot; align=&quot;left&quot;&gt;&lt;i style=&quot;color: green&quot;&gt;system&lt;/i&gt;&lt;/td&gt;&lt;/tr&gt;&lt;/table&gt;&lt;/td&gt;&lt;td align=&quot;right&quot; valign=&quot;middle&quot; width=&quot;20%&quot;&gt;&lt;img id=&quot;puck&quot; border=&quot;0&quot; width=&quot;100&quot; height=&quot;80&quot; src=&quot;/reporter/images/puck_smaller.jpg&quot; /&gt;&lt;b&gt;&lt;/b&gt;&lt;/td&gt;&lt;/tr&gt;&lt;/table&gt;&lt;table border=&quot;0&quot; cellpadding=&quot;0&quot; cellspacing=&quot;0&quot; width=&quot;99%&quot; style=&quot;font-family:Lucida Sans;font-size:12&quot; id=&quot;tableid1&quot;&gt;&lt;colgroup span=&quot;10&quot;&gt;&lt;/colgroup&gt;&lt;tr style=&quot;background-color: #CCDDFF;&quot; class=&quot;header&quot;&gt;&lt;td style=&quot;vertical-align:top;text-align:left; padding: 0px; font-weight: bold; &quot; width=&quot;10%&quot;&gt;Routing ID&lt;/td&gt;&lt;td style=&quot;vertical-align:top;text-align:left; padding: 0px; font-weight: bold; &quot; width=&quot;10%&quot;&gt;PDM_ID&lt;/td&gt;&lt;td style=&quot;vertical-align:top;text-align:left; padding: 0px; font-weight: bold; &quot; width=&quot;10%&quot;&gt;PDM_REV&lt;/td&gt;&lt;td style=&quot;vertical-align:top;text-align:left; padding: 0px; font-weight: bold; &quot; width=&quot;10%&quot;&gt;PDM_TYPE&lt;/td&gt;&lt;td style=&quot;vertical-align:top;text-align:left; padding: 0px; font-weight: bold; &quot; width=&quot;10%&quot;&gt;PDM_NAME&lt;/td&gt;&lt;td style=&quot;vertical-align:top;text-align:left; padding: 0px; font-weight: bold; &quot; width=&quot;10%&quot;&gt;Description&lt;/td&gt;&lt;td style=&quot;vertical-align:top;text-align:left; padding: 0px; font-weight: bold; &quot; width=&quot;10%&quot;&gt;SystemCode&lt;/td&gt;&lt;td style=&quot;vertical-align:top;text-align:left; padding: 0px; font-weight: bold; &quot; width=&quot;10%&quot;&gt;Room&lt;/td&gt;&lt;td style=&quot;vertical-align:top;text-align:left; padding: 0px; font-weight: bold; &quot; width=&quot;10%&quot;&gt;DesignRemarks&lt;/td&gt;&lt;td style=&quot;vertical-align:top;text-align:left; padding: 0px; font-weight: bold; &quot; width=&quot;10%&quot;&gt;Quantity&lt;/td&gt;&lt;/tr&gt;&lt;/table&gt;&lt;table border=&quot;0&quot; cellpadding=&quot;0&quot; cellspacing=&quot;0&quot; width=&quot;99%&quot; style=&quot;font-family:Lucida Sans;font-size:12&quot; id=&quot;tableid2&quot;&gt;&lt;colgroup span=&quot;22&quot;&gt;&lt;/colgroup&gt;&lt;tr style=&quot;background-color: #CCDDFF;&quot; class=&quot;header&quot;&gt;&lt;td style=&quot;vertical-align:top;text-align:left; padding: 0px; font-weight: bold; &quot; width=&quot;4%&quot;&gt;Routing ID&lt;/td&gt;&lt;td style=&quot;vertical-align:top;text-align:left; padding: 0px; font-weight: bold; &quot; width=&quot;4%&quot;&gt;Description&lt;/td&gt;&lt;td style=&quot;vertical-align:top;text-align:left; padding: 0px; font-weight: bold; &quot; width=&quot;4%&quot;&gt;Segregation&lt;/td&gt;&lt;td style=&quot;vertical-align:top;text-align:left; padding: 0px; font-weight: bold; &quot; width=&quot;4%&quot;&gt;SystemCode&lt;/td&gt;&lt;td style=&quot;vertical-align:top;text-align:left; padding: 0px; font-weight: bold; &quot; width=&quot;4%&quot;&gt;Unmodified Length&lt;/td&gt;&lt;td style=&quot;vertical-align:top;text-align:left; padding: 0px; font-weight: bold; &quot; width=&quot;4%&quot;&gt;Max Length&lt;/td&gt;&lt;td style=&quot;vertical-align:top;text-align:left; padding: 0px; font-weight: bold; &quot; width=&quot;4%&quot;&gt;Min Length&lt;/td&gt;&lt;td style=&quot;vertical-align:top;text-align:left; padding: 0px; font-weight: bold; &quot; width=&quot;4%&quot;&gt;Bundling&lt;/td&gt;&lt;td style=&quot;vertical-align:top;text-align:left; padding: 0px; font-weight: bold; &quot; width=&quot;4%&quot;&gt;Grouping&lt;/td&gt;&lt;td style=&quot;vertical-align:top;text-align:left; padding: 0px; font-weight: bold; &quot; width=&quot;4%&quot;&gt;Multiplier&lt;/td&gt;&lt;td style=&quot;vertical-align:top;text-align:left; padding: 0px; font-weight: bold; &quot; width=&quot;4%&quot;&gt;Multiplier suffixes&lt;/td&gt;&lt;td style=&quot;vertical-align:top;text-align:left; padding: 0px; font-weight: bold; &quot; width=&quot;4%&quot;&gt;PDM_ID&lt;/td&gt;&lt;td style=&quot;vertical-align:top;text-align:left; padding: 0px; font-weight: bold; &quot; width=&quot;4%&quot;&gt;PDM_REV&lt;/td&gt;&lt;td style=&quot;vertical-align:top;text-align:left; padding: 0px; font-weight: bold; &quot; width=&quot;4%&quot;&gt;PDM_TYPE&lt;/td&gt;&lt;td style=&quot;vertical-align:top;text-align:left; padding: 0px; font-weight: bold; &quot; width=&quot;4%&quot;&gt;PDM_NAME&lt;/td&gt;&lt;td style=&quot;vertical-align:top;text-align:left; padding: 0px; font-weight: bold; &quot; width=&quot;4%&quot;&gt;From Device PDM_ID&lt;/td&gt;&lt;td style=&quot;vertical-ali..." type="chs.FileServices$FSComparisonFailure">chs.FileServices$FSComparisonFailure: Differences found : 
Golden: &apos;C:\repos\iesd\chs_home\bld\testdata\temp\chs\common\reporting\TeamcenterLogicComponentBOMTest\reports\config1\MoreThanOneHomeMulticore.golden.html&apos;
Actual: &apos;C:\repos\iesd\chs_home\bld\testdata\temp\chs\common\reporting\TeamcenterLogicComponentBOMTest\reports\config1\MoreThanOneHomeMulticore.actual.html&apos;
mv &apos;C:\repos\iesd\chs_home\bld\testdata\temp\chs\common\reporting\TeamcenterLogicComponentBOMTest\reports\config1\MoreThanOneHomeMulticore.actual.html&apos; &apos;C:\repos\iesd\chs_home\bld\testdata\temp\chs\common\reporting\TeamcenterLogicComponentBOMTest\reports\config1\MoreThanOneHomeMulticore.golden.html&apos;

Changed : Exp:1 - Act: 1
Exp: &lt;html xmlns:xs=&quot;http://www.w3.org/2001/XMLSchema&quot;&gt;&lt;head&gt;&lt;title&gt;Teamcenter Logic Component BOM&lt;/title&gt;&lt;script language=&quot;javascript&quot; src=&quot;/reporter/scripts/commonscript.js&quot;&gt;&lt;/script&gt;&lt;/head&gt;&lt;body onload=&quot;javascript:initializeReportPage(&apos;report.xsl&apos;)&quot;&gt;&lt;table border=&quot;0&quot; width=&quot;99%&quot;&gt;&lt;colgroup span=&quot;3&quot;&gt;&lt;/colgroup&gt;&lt;tr class=&quot;topRow&quot;&gt;&lt;td style=&quot;width:30%&quot; align=&quot;left&quot; valign=&quot;middle&quot;&gt;&lt;img id=&quot;MGLOGO&quot; width=&quot;137&quot; height=&quot;24&quot; src=&quot;/reporter/images/SiemensLogo.png&quot; /&gt;&lt;b&gt;&lt;/b&gt;&lt;/td&gt;&lt;td width=&quot;49%&quot; align=&quot;center&quot; valign=&quot;middle&quot;&gt;&lt;table width=&quot;100%&quot; border=&quot;0&quot;&gt;&lt;colgroup span=&quot;2&quot;&gt;&lt;/colgroup&gt;&lt;tr&gt;&lt;td width=&quot;25%&quot; align=&quot;left&quot;&gt;&lt;b style=&quot;color: green&quot;&gt;Report&lt;/b&gt;&lt;/td&gt;&lt;td width=&quot;75%&quot; align=&quot;left&quot;&gt;&lt;p style=&quot;color: green&quot;&gt;Teamcenter Logic Component BOM&lt;/p&gt;&lt;/td&gt;&lt;/tr&gt;&lt;tr&gt;&lt;td width=&quot;25%&quot; align=&quot;left&quot;&gt;&lt;b style=&quot;color: green&quot;&gt;User&lt;/b&gt;&lt;/td&gt;&lt;td width=&quot;75%&quot; align=&quot;left&quot;&gt;&lt;i style=&quot;color: green&quot;&gt;system&lt;/i&gt;&lt;/td&gt;&lt;/tr&gt;&lt;/table&gt;&lt;/td&gt;&lt;td align=&quot;right&quot; valign=&quot;middle&quot; width=&quot;20%&quot;&gt;&lt;img id=&quot;puck&quot; border=&quot;0&quot; width=&quot;100&quot; height=&quot;80&quot; src=&quot;/reporter/images/puck_smaller.jpg&quot; /&gt;&lt;b&gt;&lt;/b&gt;&lt;/td&gt;&lt;/tr&gt;&lt;/table&gt;&lt;table border=&quot;0&quot; cellpadding=&quot;0&quot; cellspacing=&quot;0&quot; width=&quot;99%&quot; style=&quot;font-family:Lucida Sans;font-size:12&quot; id=&quot;tableid1&quot;&gt;&lt;colgroup span=&quot;10&quot;&gt;&lt;/colgroup&gt;&lt;tr style=&quot;background-color: #CCDDFF;&quot; class=&quot;header&quot;&gt;&lt;td style=&quot;vertical-align:top;text-align:left; padding: 0px; font-weight: bold; &quot; width=&quot;10%&quot;&gt;Routing ID&lt;/td&gt;&lt;td style=&quot;vertical-align:top;text-align:left; padding: 0px; font-weight: bold; &quot; width=&quot;10%&quot;&gt;PDM_ID&lt;/td&gt;&lt;td style=&quot;vertical-align:top;text-align:left; padding: 0px; font-weight: bold; &quot; width=&quot;10%&quot;&gt;PDM_REV&lt;/td&gt;&lt;td style=&quot;vertical-align:top;text-align:left; padding: 0px; font-weight: bold; &quot; width=&quot;10%&quot;&gt;PDM_TYPE&lt;/td&gt;&lt;td style=&quot;vertical-align:top;text-align:left; padding: 0px; font-weight: bold; &quot; width=&quot;10%&quot;&gt;PDM_NAME&lt;/td&gt;&lt;td style=&quot;vertical-align:top;text-align:left; padding: 0px; font-weight: bold; &quot; width=&quot;10%&quot;&gt;Description&lt;/td&gt;&lt;td style=&quot;vertical-align:top;text-align:left; padding: 0px; font-weight: bold; &quot; width=&quot;10%&quot;&gt;SystemCode&lt;/td&gt;&lt;td style=&quot;vertical-align:top;text-align:left; padding: 0px; font-weight: bold; &quot; width=&quot;10%&quot;&gt;Room&lt;/td&gt;&lt;td style=&quot;vertical-align:top;text-align:left; padding: 0px; font-weight: bold; &quot; width=&quot;10%&quot;&gt;DesignRemarks&lt;/td&gt;&lt;td style=&quot;vertical-align:top;text-align:left; padding: 0px; font-weight: bold; &quot; width=&quot;10%&quot;&gt;Quantity&lt;/td&gt;&lt;/tr&gt;&lt;/table&gt;&lt;table border=&quot;0&quot; cellpadding=&quot;0&quot; cellspacing=&quot;0&quot; width=&quot;99%&quot; style=&quot;font-family:Lucida Sans;font-size:12&quot; id=&quot;tableid2&quot;&gt;&lt;colgroup span=&quot;22&quot;&gt;&lt;/colgroup&gt;&lt;tr style=&quot;background-color: #CCDDFF;&quot; class=&quot;header&quot;&gt;&lt;td style=&quot;vertical-align:top;text-align:left; padding: 0px; font-weight: bold; &quot; width=&quot;4%&quot;&gt;Routing ID&lt;/td&gt;&lt;td style=&quot;vertical-align:top;text-align:left; padding: 0px; font-weight: bold; &quot; width=&quot;4%&quot;&gt;Description&lt;/td&gt;&lt;td style=&quot;vertical-align:top;text-align:left; padding: 0px; font-weight: bold; &quot; width=&quot;4%&quot;&gt;Segregation&lt;/td&gt;&lt;td style=&quot;vertical-align:top;text-align:left; padding: 0px; font-weight: bold; &quot; width=&quot;4%&quot;&gt;SystemCode&lt;/td&gt;&lt;td style=&quot;vertical-align:top;text-align:left; padding: 0px; font-weight: bold; &quot; width=&quot;4%&quot;&gt;Unmodified Length&lt;/td&gt;&lt;td style=&quot;vertical-align:top;text-align:left; padding: 0px; font-weight: bold; &quot; width=&quot;4%&quot;&gt;Max Length&lt;/td&gt;&lt;td style=&quot;vertical-align:top;text-align:left; padding: 0px; font-weight: bold; &quot; width=&quot;4%&quot;&gt;Min Length&lt;/td&gt;&lt;td style=&quot;vertical-align:top;text-align:left; padding: 0px; font-weight: bold; &quot; width=&quot;4%&quot;&gt;Bundling&lt;/td&gt;&lt;td style=&quot;vertical-align:top;text-align:left; padding: 0px; font-weight: bold; &quot; width=&quot;4%&quot;&gt;Grouping&lt;/td&gt;&lt;td style=&quot;vertical-align:top;text-align:left; padding: 0px; font-weight: bold; &quot; width=&quot;4%&quot;&gt;Multiplier&lt;/td&gt;&lt;td style=&quot;vertical-align:top;text-align:left; padding: 0px; font-weight: bold; &quot; width=&quot;4%&quot;&gt;Multiplier suffixes&lt;/td&gt;&lt;td style=&quot;vertical-align:top;text-align:left; padding: 0px; font-weight: bold; &quot; width=&quot;4%&quot;&gt;PDM_ID&lt;/td&gt;&lt;td style=&quot;vertical-align:top;text-align:left; padding: 0px; font-weight: bold; &quot; width=&quot;4%&quot;&gt;PDM_REV&lt;/td&gt;&lt;td style=&quot;vertical-align:top;text-align:left; padding: 0px; font-weight: bold; &quot; width=&quot;4%&quot;&gt;PDM_TYPE&lt;/td&gt;&lt;td style=&quot;vertical-align:top;text-align:left; padding: 0px; font-weight: bold; &quot; width=&quot;4%&quot;&gt;PDM_NAME&lt;/td&gt;&lt;td style=&quot;vertical-align:top;text-align:left; padding: 0px; font-weight: bold; &quot; width=&quot;4%&quot;&gt;From Device PDM_ID&lt;/td&gt;&lt;td style=&quot;vertical-ali...
	at chs.common.reporting.ReportTestCase.createAndCompareReports(ReportTestCase.java:102)
	at chs.common.reporting.TeamcenterLogicComponentBOMTest.testReportContent(TeamcenterLogicComponentBOMTest.java:105)
	at chs.common.reporting.TeamcenterLogicComponentBOMTest.testReportWithConfigFile(TeamcenterLogicComponentBOMTest.java:126)
	at chs.common.reporting.TeamcenterLogicComponentBOMTest.testLogicComponentBOMReport(TeamcenterLogicComponentBOMTest.java:110)
</failure>
  </testcase>
  <testcase classname="chs.common.reporting.TeamcenterLogicComponentBOMTest" name="testLogicComponentBOMReport[19]" time="0.622">
    <failure message="Differences found : &#xa;Golden: &apos;C:\repos\iesd\chs_home\bld\testdata\temp\chs\common\reporting\TeamcenterLogicComponentBOMTest\reports\config2\MoreThanOneHomeMulticore.golden.html&apos;&#xa;Actual: &apos;C:\repos\iesd\chs_home\bld\testdata\temp\chs\common\reporting\TeamcenterLogicComponentBOMTest\reports\config2\MoreThanOneHomeMulticore.actual.html&apos;&#xa;mv &apos;C:\repos\iesd\chs_home\bld\testdata\temp\chs\common\reporting\TeamcenterLogicComponentBOMTest\reports\config2\MoreThanOneHomeMulticore.actual.html&apos; &apos;C:\repos\iesd\chs_home\bld\testdata\temp\chs\common\reporting\TeamcenterLogicComponentBOMTest\reports\config2\MoreThanOneHomeMulticore.golden.html&apos;&#xa;&#xa;Changed : Exp:1 - Act: 1&#xa;Exp: &lt;html xmlns:xs=&quot;http://www.w3.org/2001/XMLSchema&quot;&gt;&lt;head&gt;&lt;title&gt;Teamcenter Logic Component BOM&lt;/title&gt;&lt;script language=&quot;javascript&quot; src=&quot;/reporter/scripts/commonscript.js&quot;&gt;&lt;/script&gt;&lt;/head&gt;&lt;body onload=&quot;javascript:initializeReportPage(&apos;report.xsl&apos;)&quot;&gt;&lt;table border=&quot;0&quot; width=&quot;99%&quot;&gt;&lt;colgroup span=&quot;3&quot;&gt;&lt;/colgroup&gt;&lt;tr class=&quot;topRow&quot;&gt;&lt;td style=&quot;width:30%&quot; align=&quot;left&quot; valign=&quot;middle&quot;&gt;&lt;img id=&quot;MGLOGO&quot; width=&quot;137&quot; height=&quot;24&quot; src=&quot;/reporter/images/SiemensLogo.png&quot; /&gt;&lt;b&gt;&lt;/b&gt;&lt;/td&gt;&lt;td width=&quot;49%&quot; align=&quot;center&quot; valign=&quot;middle&quot;&gt;&lt;table width=&quot;100%&quot; border=&quot;0&quot;&gt;&lt;colgroup span=&quot;2&quot;&gt;&lt;/colgroup&gt;&lt;tr&gt;&lt;td width=&quot;25%&quot; align=&quot;left&quot;&gt;&lt;b style=&quot;color: green&quot;&gt;Report&lt;/b&gt;&lt;/td&gt;&lt;td width=&quot;75%&quot; align=&quot;left&quot;&gt;&lt;p style=&quot;color: green&quot;&gt;Teamcenter Logic Component BOM&lt;/p&gt;&lt;/td&gt;&lt;/tr&gt;&lt;tr&gt;&lt;td width=&quot;25%&quot; align=&quot;left&quot;&gt;&lt;b style=&quot;color: green&quot;&gt;User&lt;/b&gt;&lt;/td&gt;&lt;td width=&quot;75%&quot; align=&quot;left&quot;&gt;&lt;i style=&quot;color: green&quot;&gt;system&lt;/i&gt;&lt;/td&gt;&lt;/tr&gt;&lt;/table&gt;&lt;/td&gt;&lt;td align=&quot;right&quot; valign=&quot;middle&quot; width=&quot;20%&quot;&gt;&lt;img id=&quot;puck&quot; border=&quot;0&quot; width=&quot;100&quot; height=&quot;80&quot; src=&quot;/reporter/images/puck_smaller.jpg&quot; /&gt;&lt;b&gt;&lt;/b&gt;&lt;/td&gt;&lt;/tr&gt;&lt;/table&gt;&lt;table border=&quot;0&quot; cellpadding=&quot;0&quot; cellspacing=&quot;0&quot; width=&quot;99%&quot; style=&quot;font-family:Lucida Sans;font-size:12&quot; id=&quot;tableid1&quot;&gt;&lt;colgroup span=&quot;9&quot;&gt;&lt;/colgroup&gt;&lt;tr style=&quot;background-color: #CCDDFF;&quot; class=&quot;header&quot;&gt;&lt;td style=&quot;vertical-align:top;text-align:left; padding: 0px; font-weight: bold; &quot; width=&quot;11%&quot;&gt;Routing ID&lt;/td&gt;&lt;td style=&quot;vertical-align:top;text-align:left; padding: 0px; font-weight: bold; &quot; width=&quot;11%&quot;&gt;PDM_ID&lt;/td&gt;&lt;td style=&quot;vertical-align:top;text-align:left; padding: 0px; font-weight: bold; &quot; width=&quot;11%&quot;&gt;PDM_REV&lt;/td&gt;&lt;td style=&quot;vertical-align:top;text-align:left; padding: 0px; font-weight: bold; &quot; width=&quot;11%&quot;&gt;PDM_TYPE&lt;/td&gt;&lt;td style=&quot;vertical-align:top;text-align:left; padding: 0px; font-weight: bold; &quot; width=&quot;11%&quot;&gt;PDM_NAME&lt;/td&gt;&lt;td style=&quot;vertical-align:top;text-align:left; padding: 0px; font-weight: bold; &quot; width=&quot;11%&quot;&gt;Description&lt;/td&gt;&lt;td style=&quot;vertical-align:top;text-align:left; padding: 0px; font-weight: bold; &quot; width=&quot;11%&quot;&gt;SystemCode&lt;/td&gt;&lt;td style=&quot;vertical-align:top;text-align:left; padding: 0px; font-weight: bold; &quot; width=&quot;11%&quot;&gt;Room&lt;/td&gt;&lt;td style=&quot;vertical-align:top;text-align:left; padding: 0px; font-weight: bold; &quot; width=&quot;11%&quot;&gt;DesignRemarks&lt;/td&gt;&lt;/tr&gt;&lt;/table&gt;&lt;table border=&quot;0&quot; cellpadding=&quot;0&quot; cellspacing=&quot;0&quot; width=&quot;99%&quot; style=&quot;font-family:Lucida Sans;font-size:12&quot; id=&quot;tableid2&quot;&gt;&lt;colgroup span=&quot;22&quot;&gt;&lt;/colgroup&gt;&lt;tr style=&quot;background-color: #CCDDFF;&quot; class=&quot;header&quot;&gt;&lt;td style=&quot;vertical-align:top;text-align:left; padding: 0px; font-weight: bold; &quot; width=&quot;4%&quot;&gt;Routing ID&lt;/td&gt;&lt;td style=&quot;vertical-align:top;text-align:left; padding: 0px; font-weight: bold; &quot; width=&quot;4%&quot;&gt;Unmodified Length&lt;/td&gt;&lt;td style=&quot;vertical-align:top;text-align:left; padding: 0px; font-weight: bold; &quot; width=&quot;4%&quot;&gt;Max Length&lt;/td&gt;&lt;td style=&quot;vertical-align:top;text-align:left; padding: 0px; font-weight: bold; &quot; width=&quot;4%&quot;&gt;Min Length&lt;/td&gt;&lt;td style=&quot;vertical-align:top;text-align:left; padding: 0px; font-weight: bold; &quot; width=&quot;4%&quot;&gt;PDM_ID&lt;/td&gt;&lt;td style=&quot;vertical-align:top;text-align:left; padding: 0px; font-weight: bold; &quot; width=&quot;4%&quot;&gt;PDM_REV&lt;/td&gt;&lt;td style=&quot;vertical-align:top;text-align:left; padding: 0px; font-weight: bold; &quot; width=&quot;4%&quot;&gt;PDM_TYPE&lt;/td&gt;&lt;td style=&quot;vertical-align:top;text-align:left; padding: 0px; font-weight: bold; &quot; width=&quot;4%&quot;&gt;PDM_NAME&lt;/td&gt;&lt;td style=&quot;vertical-align:top;text-align:left; padding: 0px; font-weight: bold; &quot; width=&quot;4%&quot;&gt;Segregation&lt;/td&gt;&lt;td style=&quot;vertical-align:top;text-align:left; padding: 0px; font-weight: bold; &quot; width=&quot;4%&quot;&gt;From Device PDM_ID&lt;/td&gt;&lt;td style=&quot;vertical-align:top;text-align:left; padding: 0px; font-weight: bold; &quot; width=&quot;4%&quot;&gt;From Device PDM_REV&lt;/td&gt;&lt;td style=&quot;vertical-align:top;text-align:left; padding: 0px; font-weight: bold; &quot; width=&quot;4%&quot;&gt;From Device PDM_TYPE&lt;/td&gt;&lt;td style=&quot;vertical-align:top;text-align:left; padding: 0px; font-weight: bold; &quot; width=&quot;4%&quot;&gt;To Device PDM_ID&lt;/td&gt;&lt;td style=&quot;vertical-align:top;text-align:left; padding: 0px; font-weight: bold; &quot; width=&quot;4%&quot;&gt;To Device PDM_REV&lt;/td&gt;&lt;td style=&quot;vertical-align:top;text-align:left; padding: 0px; font-weight: bold; &quot; width=&quot;4%&quot;&gt;To Device PDM_TYPE&lt;/td&gt;&lt;td style=&quot;vertical-align:top;text-align:left; padding: 0px; font-weight: bold; &quot; width=&quot;4%&quot;&gt;SystemCode&lt;/td&gt;&lt;td style=&quot;vertical-align:top;text-align:left; padding: 0px; font-weight: bold; &quot; width=&quot;4%&quot;&gt;Desc..." type="chs.FileServices$FSComparisonFailure">chs.FileServices$FSComparisonFailure: Differences found : 
Golden: &apos;C:\repos\iesd\chs_home\bld\testdata\temp\chs\common\reporting\TeamcenterLogicComponentBOMTest\reports\config2\MoreThanOneHomeMulticore.golden.html&apos;
Actual: &apos;C:\repos\iesd\chs_home\bld\testdata\temp\chs\common\reporting\TeamcenterLogicComponentBOMTest\reports\config2\MoreThanOneHomeMulticore.actual.html&apos;
mv &apos;C:\repos\iesd\chs_home\bld\testdata\temp\chs\common\reporting\TeamcenterLogicComponentBOMTest\reports\config2\MoreThanOneHomeMulticore.actual.html&apos; &apos;C:\repos\iesd\chs_home\bld\testdata\temp\chs\common\reporting\TeamcenterLogicComponentBOMTest\reports\config2\MoreThanOneHomeMulticore.golden.html&apos;

Changed : Exp:1 - Act: 1
Exp: &lt;html xmlns:xs=&quot;http://www.w3.org/2001/XMLSchema&quot;&gt;&lt;head&gt;&lt;title&gt;Teamcenter Logic Component BOM&lt;/title&gt;&lt;script language=&quot;javascript&quot; src=&quot;/reporter/scripts/commonscript.js&quot;&gt;&lt;/script&gt;&lt;/head&gt;&lt;body onload=&quot;javascript:initializeReportPage(&apos;report.xsl&apos;)&quot;&gt;&lt;table border=&quot;0&quot; width=&quot;99%&quot;&gt;&lt;colgroup span=&quot;3&quot;&gt;&lt;/colgroup&gt;&lt;tr class=&quot;topRow&quot;&gt;&lt;td style=&quot;width:30%&quot; align=&quot;left&quot; valign=&quot;middle&quot;&gt;&lt;img id=&quot;MGLOGO&quot; width=&quot;137&quot; height=&quot;24&quot; src=&quot;/reporter/images/SiemensLogo.png&quot; /&gt;&lt;b&gt;&lt;/b&gt;&lt;/td&gt;&lt;td width=&quot;49%&quot; align=&quot;center&quot; valign=&quot;middle&quot;&gt;&lt;table width=&quot;100%&quot; border=&quot;0&quot;&gt;&lt;colgroup span=&quot;2&quot;&gt;&lt;/colgroup&gt;&lt;tr&gt;&lt;td width=&quot;25%&quot; align=&quot;left&quot;&gt;&lt;b style=&quot;color: green&quot;&gt;Report&lt;/b&gt;&lt;/td&gt;&lt;td width=&quot;75%&quot; align=&quot;left&quot;&gt;&lt;p style=&quot;color: green&quot;&gt;Teamcenter Logic Component BOM&lt;/p&gt;&lt;/td&gt;&lt;/tr&gt;&lt;tr&gt;&lt;td width=&quot;25%&quot; align=&quot;left&quot;&gt;&lt;b style=&quot;color: green&quot;&gt;User&lt;/b&gt;&lt;/td&gt;&lt;td width=&quot;75%&quot; align=&quot;left&quot;&gt;&lt;i style=&quot;color: green&quot;&gt;system&lt;/i&gt;&lt;/td&gt;&lt;/tr&gt;&lt;/table&gt;&lt;/td&gt;&lt;td align=&quot;right&quot; valign=&quot;middle&quot; width=&quot;20%&quot;&gt;&lt;img id=&quot;puck&quot; border=&quot;0&quot; width=&quot;100&quot; height=&quot;80&quot; src=&quot;/reporter/images/puck_smaller.jpg&quot; /&gt;&lt;b&gt;&lt;/b&gt;&lt;/td&gt;&lt;/tr&gt;&lt;/table&gt;&lt;table border=&quot;0&quot; cellpadding=&quot;0&quot; cellspacing=&quot;0&quot; width=&quot;99%&quot; style=&quot;font-family:Lucida Sans;font-size:12&quot; id=&quot;tableid1&quot;&gt;&lt;colgroup span=&quot;9&quot;&gt;&lt;/colgroup&gt;&lt;tr style=&quot;background-color: #CCDDFF;&quot; class=&quot;header&quot;&gt;&lt;td style=&quot;vertical-align:top;text-align:left; padding: 0px; font-weight: bold; &quot; width=&quot;11%&quot;&gt;Routing ID&lt;/td&gt;&lt;td style=&quot;vertical-align:top;text-align:left; padding: 0px; font-weight: bold; &quot; width=&quot;11%&quot;&gt;PDM_ID&lt;/td&gt;&lt;td style=&quot;vertical-align:top;text-align:left; padding: 0px; font-weight: bold; &quot; width=&quot;11%&quot;&gt;PDM_REV&lt;/td&gt;&lt;td style=&quot;vertical-align:top;text-align:left; padding: 0px; font-weight: bold; &quot; width=&quot;11%&quot;&gt;PDM_TYPE&lt;/td&gt;&lt;td style=&quot;vertical-align:top;text-align:left; padding: 0px; font-weight: bold; &quot; width=&quot;11%&quot;&gt;PDM_NAME&lt;/td&gt;&lt;td style=&quot;vertical-align:top;text-align:left; padding: 0px; font-weight: bold; &quot; width=&quot;11%&quot;&gt;Description&lt;/td&gt;&lt;td style=&quot;vertical-align:top;text-align:left; padding: 0px; font-weight: bold; &quot; width=&quot;11%&quot;&gt;SystemCode&lt;/td&gt;&lt;td style=&quot;vertical-align:top;text-align:left; padding: 0px; font-weight: bold; &quot; width=&quot;11%&quot;&gt;Room&lt;/td&gt;&lt;td style=&quot;vertical-align:top;text-align:left; padding: 0px; font-weight: bold; &quot; width=&quot;11%&quot;&gt;DesignRemarks&lt;/td&gt;&lt;/tr&gt;&lt;/table&gt;&lt;table border=&quot;0&quot; cellpadding=&quot;0&quot; cellspacing=&quot;0&quot; width=&quot;99%&quot; style=&quot;font-family:Lucida Sans;font-size:12&quot; id=&quot;tableid2&quot;&gt;&lt;colgroup span=&quot;22&quot;&gt;&lt;/colgroup&gt;&lt;tr style=&quot;background-color: #CCDDFF;&quot; class=&quot;header&quot;&gt;&lt;td style=&quot;vertical-align:top;text-align:left; padding: 0px; font-weight: bold; &quot; width=&quot;4%&quot;&gt;Routing ID&lt;/td&gt;&lt;td style=&quot;vertical-align:top;text-align:left; padding: 0px; font-weight: bold; &quot; width=&quot;4%&quot;&gt;Unmodified Length&lt;/td&gt;&lt;td style=&quot;vertical-align:top;text-align:left; padding: 0px; font-weight: bold; &quot; width=&quot;4%&quot;&gt;Max Length&lt;/td&gt;&lt;td style=&quot;vertical-align:top;text-align:left; padding: 0px; font-weight: bold; &quot; width=&quot;4%&quot;&gt;Min Length&lt;/td&gt;&lt;td style=&quot;vertical-align:top;text-align:left; padding: 0px; font-weight: bold; &quot; width=&quot;4%&quot;&gt;PDM_ID&lt;/td&gt;&lt;td style=&quot;vertical-align:top;text-align:left; padding: 0px; font-weight: bold; &quot; width=&quot;4%&quot;&gt;PDM_REV&lt;/td&gt;&lt;td style=&quot;vertical-align:top;text-align:left; padding: 0px; font-weight: bold; &quot; width=&quot;4%&quot;&gt;PDM_TYPE&lt;/td&gt;&lt;td style=&quot;vertical-align:top;text-align:left; padding: 0px; font-weight: bold; &quot; width=&quot;4%&quot;&gt;PDM_NAME&lt;/td&gt;&lt;td style=&quot;vertical-align:top;text-align:left; padding: 0px; font-weight: bold; &quot; width=&quot;4%&quot;&gt;Segregation&lt;/td&gt;&lt;td style=&quot;vertical-align:top;text-align:left; padding: 0px; font-weight: bold; &quot; width=&quot;4%&quot;&gt;From Device PDM_ID&lt;/td&gt;&lt;td style=&quot;vertical-align:top;text-align:left; padding: 0px; font-weight: bold; &quot; width=&quot;4%&quot;&gt;From Device PDM_REV&lt;/td&gt;&lt;td style=&quot;vertical-align:top;text-align:left; padding: 0px; font-weight: bold; &quot; width=&quot;4%&quot;&gt;From Device PDM_TYPE&lt;/td&gt;&lt;td style=&quot;vertical-align:top;text-align:left; padding: 0px; font-weight: bold; &quot; width=&quot;4%&quot;&gt;To Device PDM_ID&lt;/td&gt;&lt;td style=&quot;vertical-align:top;text-align:left; padding: 0px; font-weight: bold; &quot; width=&quot;4%&quot;&gt;To Device PDM_REV&lt;/td&gt;&lt;td style=&quot;vertical-align:top;text-align:left; padding: 0px; font-weight: bold; &quot; width=&quot;4%&quot;&gt;To Device PDM_TYPE&lt;/td&gt;&lt;td style=&quot;vertical-align:top;text-align:left; padding: 0px; font-weight: bold; &quot; width=&quot;4%&quot;&gt;SystemCode&lt;/td&gt;&lt;td style=&quot;vertical-align:top;text-align:left; padding: 0px; font-weight: bold; &quot; width=&quot;4%&quot;&gt;Desc...
	at chs.common.reporting.ReportTestCase.createAndCompareReports(ReportTestCase.java:102)
	at chs.common.reporting.TeamcenterLogicComponentBOMTest.testReportContent(TeamcenterLogicComponentBOMTest.java:105)
	at chs.common.reporting.TeamcenterLogicComponentBOMTest.testReportWithConfigFile(TeamcenterLogicComponentBOMTest.java:126)
	at chs.common.reporting.TeamcenterLogicComponentBOMTest.testLogicComponentBOMReport(TeamcenterLogicComponentBOMTest.java:110)
</failure>
  </testcase>
  <testcase classname="chs.common.reporting.TeamcenterLogicComponentBOMTest" name="testLogicComponentBOMReport[20]" time="0.545">
    <failure message="Differences found : &#xa;Golden: &apos;C:\repos\iesd\chs_home\bld\testdata\temp\chs\common\reporting\TeamcenterLogicComponentBOMTest\reports\config3\MoreThanOneHomeMulticore.golden.html&apos;&#xa;Actual: &apos;C:\repos\iesd\chs_home\bld\testdata\temp\chs\common\reporting\TeamcenterLogicComponentBOMTest\reports\config3\MoreThanOneHomeMulticore.actual.html&apos;&#xa;mv &apos;C:\repos\iesd\chs_home\bld\testdata\temp\chs\common\reporting\TeamcenterLogicComponentBOMTest\reports\config3\MoreThanOneHomeMulticore.actual.html&apos; &apos;C:\repos\iesd\chs_home\bld\testdata\temp\chs\common\reporting\TeamcenterLogicComponentBOMTest\reports\config3\MoreThanOneHomeMulticore.golden.html&apos;&#xa;&#xa;Changed : Exp:1 - Act: 1&#xa;Exp: &lt;html xmlns:xs=&quot;http://www.w3.org/2001/XMLSchema&quot;&gt;&lt;head&gt;&lt;title&gt;Teamcenter Logic Component BOM&lt;/title&gt;&lt;script language=&quot;javascript&quot; src=&quot;/reporter/scripts/commonscript.js&quot;&gt;&lt;/script&gt;&lt;/head&gt;&lt;body onload=&quot;javascript:initializeReportPage(&apos;report.xsl&apos;)&quot;&gt;&lt;table border=&quot;0&quot; width=&quot;99%&quot;&gt;&lt;colgroup span=&quot;3&quot;&gt;&lt;/colgroup&gt;&lt;tr class=&quot;topRow&quot;&gt;&lt;td style=&quot;width:30%&quot; align=&quot;left&quot; valign=&quot;middle&quot;&gt;&lt;img id=&quot;MGLOGO&quot; width=&quot;137&quot; height=&quot;24&quot; src=&quot;/reporter/images/SiemensLogo.png&quot; /&gt;&lt;b&gt;&lt;/b&gt;&lt;/td&gt;&lt;td width=&quot;49%&quot; align=&quot;center&quot; valign=&quot;middle&quot;&gt;&lt;table width=&quot;100%&quot; border=&quot;0&quot;&gt;&lt;colgroup span=&quot;2&quot;&gt;&lt;/colgroup&gt;&lt;tr&gt;&lt;td width=&quot;25%&quot; align=&quot;left&quot;&gt;&lt;b style=&quot;color: green&quot;&gt;Report&lt;/b&gt;&lt;/td&gt;&lt;td width=&quot;75%&quot; align=&quot;left&quot;&gt;&lt;p style=&quot;color: green&quot;&gt;Teamcenter Logic Component BOM&lt;/p&gt;&lt;/td&gt;&lt;/tr&gt;&lt;tr&gt;&lt;td width=&quot;25%&quot; align=&quot;left&quot;&gt;&lt;b style=&quot;color: green&quot;&gt;User&lt;/b&gt;&lt;/td&gt;&lt;td width=&quot;75%&quot; align=&quot;left&quot;&gt;&lt;i style=&quot;color: green&quot;&gt;system&lt;/i&gt;&lt;/td&gt;&lt;/tr&gt;&lt;/table&gt;&lt;/td&gt;&lt;td align=&quot;right&quot; valign=&quot;middle&quot; width=&quot;20%&quot;&gt;&lt;img id=&quot;puck&quot; border=&quot;0&quot; width=&quot;100&quot; height=&quot;80&quot; src=&quot;/reporter/images/puck_smaller.jpg&quot; /&gt;&lt;b&gt;&lt;/b&gt;&lt;/td&gt;&lt;/tr&gt;&lt;/table&gt;&lt;table border=&quot;0&quot; cellpadding=&quot;0&quot; cellspacing=&quot;0&quot; width=&quot;99%&quot; style=&quot;font-family:Lucida Sans;font-size:12&quot; id=&quot;tableid1&quot;&gt;&lt;colgroup span=&quot;10&quot;&gt;&lt;/colgroup&gt;&lt;tr style=&quot;background-color: #CCDDFF;&quot; class=&quot;header&quot;&gt;&lt;td style=&quot;vertical-align:top;text-align:left; padding: 0px; font-weight: bold; &quot; width=&quot;10%&quot;&gt;Routing ID&lt;/td&gt;&lt;td style=&quot;vertical-align:top;text-align:left; padding: 0px; font-weight: bold; &quot; width=&quot;10%&quot;&gt;ICD name and Revision&lt;/td&gt;&lt;td style=&quot;vertical-align:top;text-align:left; padding: 0px; font-weight: bold; &quot; width=&quot;10%&quot;&gt;PDM_ID&lt;/td&gt;&lt;td style=&quot;vertical-align:top;text-align:left; padding: 0px; font-weight: bold; &quot; width=&quot;10%&quot;&gt;PDM_REV&lt;/td&gt;&lt;td style=&quot;vertical-align:top;text-align:left; padding: 0px; font-weight: bold; &quot; width=&quot;10%&quot;&gt;PDM_TYPE&lt;/td&gt;&lt;td style=&quot;vertical-align:top;text-align:left; padding: 0px; font-weight: bold; &quot; width=&quot;10%&quot;&gt;PDM_NAME&lt;/td&gt;&lt;td style=&quot;vertical-align:top;text-align:left; padding: 0px; font-weight: bold; &quot; width=&quot;10%&quot;&gt;Description&lt;/td&gt;&lt;td style=&quot;vertical-align:top;text-align:left; padding: 0px; font-weight: bold; &quot; width=&quot;10%&quot;&gt;SystemCode&lt;/td&gt;&lt;td style=&quot;vertical-align:top;text-align:left; padding: 0px; font-weight: bold; &quot; width=&quot;10%&quot;&gt;Room&lt;/td&gt;&lt;td style=&quot;vertical-align:top;text-align:left; padding: 0px; font-weight: bold; &quot; width=&quot;10%&quot;&gt;DesignRemarks&lt;/td&gt;&lt;/tr&gt;&lt;/table&gt;&lt;table border=&quot;0&quot; cellpadding=&quot;0&quot; cellspacing=&quot;0&quot; width=&quot;99%&quot; style=&quot;font-family:Lucida Sans;font-size:12&quot; id=&quot;tableid2&quot;&gt;&lt;colgroup span=&quot;22&quot;&gt;&lt;/colgroup&gt;&lt;tr style=&quot;background-color: #CCDDFF;&quot; class=&quot;header&quot;&gt;&lt;td style=&quot;vertical-align:top;text-align:left; padding: 0px; font-weight: bold; &quot; width=&quot;4%&quot;&gt;Routing ID&lt;/td&gt;&lt;td style=&quot;vertical-align:top;text-align:left; padding: 0px; font-weight: bold; &quot; width=&quot;4%&quot;&gt;Unmodified Length&lt;/td&gt;&lt;td style=&quot;vertical-align:top;text-align:left; padding: 0px; font-weight: bold; &quot; width=&quot;4%&quot;&gt;Max Length&lt;/td&gt;&lt;td style=&quot;vertical-align:top;text-align:left; padding: 0px; font-weight: bold; &quot; width=&quot;4%&quot;&gt;Min Length&lt;/td&gt;&lt;td style=&quot;vertical-align:top;text-align:left; padding: 0px; font-weight: bold; &quot; width=&quot;4%&quot;&gt;PDM_ID&lt;/td&gt;&lt;td style=&quot;vertical-align:top;text-align:left; padding: 0px; font-weight: bold; &quot; width=&quot;4%&quot;&gt;PDM_REV&lt;/td&gt;&lt;td style=&quot;vertical-align:top;text-align:left; padding: 0px; font-weight: bold; &quot; width=&quot;4%&quot;&gt;PDM_TYPE&lt;/td&gt;&lt;td style=&quot;vertical-align:top;text-align:left; padding: 0px; font-weight: bold; &quot; width=&quot;4%&quot;&gt;PDM_NAME&lt;/td&gt;&lt;td style=&quot;vertical-align:top;text-align:left; padding: 0px; font-weight: bold; &quot; width=&quot;4%&quot;&gt;Segregation&lt;/td&gt;&lt;td style=&quot;vertical-align:top;text-align:left; padding: 0px; font-weight: bold; &quot; width=&quot;4%&quot;&gt;From Device PDM_ID&lt;/td&gt;&lt;td style=&quot;vertical-align:top;text-align:left; padding: 0px; font-weight: bold; &quot; width=&quot;4%&quot;&gt;From Device PDM_REV&lt;/td&gt;&lt;td style=&quot;vertical-align:top;text-align:left; padding: 0px; font-weight: bold; &quot; width=&quot;4%&quot;&gt;From Device PDM_TYPE&lt;/td&gt;&lt;td style=&quot;vertical-align:top;text-align:left; padding: 0px; font-weight: bold; &quot; width=&quot;4%&quot;&gt;To Device PDM_ID&lt;/td&gt;&lt;td style=&quot;vertical-align:top;text-align:left; padding: 0px; font-weight: bold; &quot; width=&quot;4%&quot;&gt;To Device PDM_REV&lt;/td&gt;&lt;td style=&quot;vertical-align:top;text-align:left; padding: 0px; font-weight: bold; &quot; width=&quot;4%&quot;&gt;To Device PDM_TYPE&lt;/td&gt;&lt;td style=&quot;vertical-align:top;text-align:left; padding: 0px; font-weight: bold; &quot; wi..." type="chs.FileServices$FSComparisonFailure">chs.FileServices$FSComparisonFailure: Differences found : 
Golden: &apos;C:\repos\iesd\chs_home\bld\testdata\temp\chs\common\reporting\TeamcenterLogicComponentBOMTest\reports\config3\MoreThanOneHomeMulticore.golden.html&apos;
Actual: &apos;C:\repos\iesd\chs_home\bld\testdata\temp\chs\common\reporting\TeamcenterLogicComponentBOMTest\reports\config3\MoreThanOneHomeMulticore.actual.html&apos;
mv &apos;C:\repos\iesd\chs_home\bld\testdata\temp\chs\common\reporting\TeamcenterLogicComponentBOMTest\reports\config3\MoreThanOneHomeMulticore.actual.html&apos; &apos;C:\repos\iesd\chs_home\bld\testdata\temp\chs\common\reporting\TeamcenterLogicComponentBOMTest\reports\config3\MoreThanOneHomeMulticore.golden.html&apos;

Changed : Exp:1 - Act: 1
Exp: &lt;html xmlns:xs=&quot;http://www.w3.org/2001/XMLSchema&quot;&gt;&lt;head&gt;&lt;title&gt;Teamcenter Logic Component BOM&lt;/title&gt;&lt;script language=&quot;javascript&quot; src=&quot;/reporter/scripts/commonscript.js&quot;&gt;&lt;/script&gt;&lt;/head&gt;&lt;body onload=&quot;javascript:initializeReportPage(&apos;report.xsl&apos;)&quot;&gt;&lt;table border=&quot;0&quot; width=&quot;99%&quot;&gt;&lt;colgroup span=&quot;3&quot;&gt;&lt;/colgroup&gt;&lt;tr class=&quot;topRow&quot;&gt;&lt;td style=&quot;width:30%&quot; align=&quot;left&quot; valign=&quot;middle&quot;&gt;&lt;img id=&quot;MGLOGO&quot; width=&quot;137&quot; height=&quot;24&quot; src=&quot;/reporter/images/SiemensLogo.png&quot; /&gt;&lt;b&gt;&lt;/b&gt;&lt;/td&gt;&lt;td width=&quot;49%&quot; align=&quot;center&quot; valign=&quot;middle&quot;&gt;&lt;table width=&quot;100%&quot; border=&quot;0&quot;&gt;&lt;colgroup span=&quot;2&quot;&gt;&lt;/colgroup&gt;&lt;tr&gt;&lt;td width=&quot;25%&quot; align=&quot;left&quot;&gt;&lt;b style=&quot;color: green&quot;&gt;Report&lt;/b&gt;&lt;/td&gt;&lt;td width=&quot;75%&quot; align=&quot;left&quot;&gt;&lt;p style=&quot;color: green&quot;&gt;Teamcenter Logic Component BOM&lt;/p&gt;&lt;/td&gt;&lt;/tr&gt;&lt;tr&gt;&lt;td width=&quot;25%&quot; align=&quot;left&quot;&gt;&lt;b style=&quot;color: green&quot;&gt;User&lt;/b&gt;&lt;/td&gt;&lt;td width=&quot;75%&quot; align=&quot;left&quot;&gt;&lt;i style=&quot;color: green&quot;&gt;system&lt;/i&gt;&lt;/td&gt;&lt;/tr&gt;&lt;/table&gt;&lt;/td&gt;&lt;td align=&quot;right&quot; valign=&quot;middle&quot; width=&quot;20%&quot;&gt;&lt;img id=&quot;puck&quot; border=&quot;0&quot; width=&quot;100&quot; height=&quot;80&quot; src=&quot;/reporter/images/puck_smaller.jpg&quot; /&gt;&lt;b&gt;&lt;/b&gt;&lt;/td&gt;&lt;/tr&gt;&lt;/table&gt;&lt;table border=&quot;0&quot; cellpadding=&quot;0&quot; cellspacing=&quot;0&quot; width=&quot;99%&quot; style=&quot;font-family:Lucida Sans;font-size:12&quot; id=&quot;tableid1&quot;&gt;&lt;colgroup span=&quot;10&quot;&gt;&lt;/colgroup&gt;&lt;tr style=&quot;background-color: #CCDDFF;&quot; class=&quot;header&quot;&gt;&lt;td style=&quot;vertical-align:top;text-align:left; padding: 0px; font-weight: bold; &quot; width=&quot;10%&quot;&gt;Routing ID&lt;/td&gt;&lt;td style=&quot;vertical-align:top;text-align:left; padding: 0px; font-weight: bold; &quot; width=&quot;10%&quot;&gt;ICD name and Revision&lt;/td&gt;&lt;td style=&quot;vertical-align:top;text-align:left; padding: 0px; font-weight: bold; &quot; width=&quot;10%&quot;&gt;PDM_ID&lt;/td&gt;&lt;td style=&quot;vertical-align:top;text-align:left; padding: 0px; font-weight: bold; &quot; width=&quot;10%&quot;&gt;PDM_REV&lt;/td&gt;&lt;td style=&quot;vertical-align:top;text-align:left; padding: 0px; font-weight: bold; &quot; width=&quot;10%&quot;&gt;PDM_TYPE&lt;/td&gt;&lt;td style=&quot;vertical-align:top;text-align:left; padding: 0px; font-weight: bold; &quot; width=&quot;10%&quot;&gt;PDM_NAME&lt;/td&gt;&lt;td style=&quot;vertical-align:top;text-align:left; padding: 0px; font-weight: bold; &quot; width=&quot;10%&quot;&gt;Description&lt;/td&gt;&lt;td style=&quot;vertical-align:top;text-align:left; padding: 0px; font-weight: bold; &quot; width=&quot;10%&quot;&gt;SystemCode&lt;/td&gt;&lt;td style=&quot;vertical-align:top;text-align:left; padding: 0px; font-weight: bold; &quot; width=&quot;10%&quot;&gt;Room&lt;/td&gt;&lt;td style=&quot;vertical-align:top;text-align:left; padding: 0px; font-weight: bold; &quot; width=&quot;10%&quot;&gt;DesignRemarks&lt;/td&gt;&lt;/tr&gt;&lt;/table&gt;&lt;table border=&quot;0&quot; cellpadding=&quot;0&quot; cellspacing=&quot;0&quot; width=&quot;99%&quot; style=&quot;font-family:Lucida Sans;font-size:12&quot; id=&quot;tableid2&quot;&gt;&lt;colgroup span=&quot;22&quot;&gt;&lt;/colgroup&gt;&lt;tr style=&quot;background-color: #CCDDFF;&quot; class=&quot;header&quot;&gt;&lt;td style=&quot;vertical-align:top;text-align:left; padding: 0px; font-weight: bold; &quot; width=&quot;4%&quot;&gt;Routing ID&lt;/td&gt;&lt;td style=&quot;vertical-align:top;text-align:left; padding: 0px; font-weight: bold; &quot; width=&quot;4%&quot;&gt;Unmodified Length&lt;/td&gt;&lt;td style=&quot;vertical-align:top;text-align:left; padding: 0px; font-weight: bold; &quot; width=&quot;4%&quot;&gt;Max Length&lt;/td&gt;&lt;td style=&quot;vertical-align:top;text-align:left; padding: 0px; font-weight: bold; &quot; width=&quot;4%&quot;&gt;Min Length&lt;/td&gt;&lt;td style=&quot;vertical-align:top;text-align:left; padding: 0px; font-weight: bold; &quot; width=&quot;4%&quot;&gt;PDM_ID&lt;/td&gt;&lt;td style=&quot;vertical-align:top;text-align:left; padding: 0px; font-weight: bold; &quot; width=&quot;4%&quot;&gt;PDM_REV&lt;/td&gt;&lt;td style=&quot;vertical-align:top;text-align:left; padding: 0px; font-weight: bold; &quot; width=&quot;4%&quot;&gt;PDM_TYPE&lt;/td&gt;&lt;td style=&quot;vertical-align:top;text-align:left; padding: 0px; font-weight: bold; &quot; width=&quot;4%&quot;&gt;PDM_NAME&lt;/td&gt;&lt;td style=&quot;vertical-align:top;text-align:left; padding: 0px; font-weight: bold; &quot; width=&quot;4%&quot;&gt;Segregation&lt;/td&gt;&lt;td style=&quot;vertical-align:top;text-align:left; padding: 0px; font-weight: bold; &quot; width=&quot;4%&quot;&gt;From Device PDM_ID&lt;/td&gt;&lt;td style=&quot;vertical-align:top;text-align:left; padding: 0px; font-weight: bold; &quot; width=&quot;4%&quot;&gt;From Device PDM_REV&lt;/td&gt;&lt;td style=&quot;vertical-align:top;text-align:left; padding: 0px; font-weight: bold; &quot; width=&quot;4%&quot;&gt;From Device PDM_TYPE&lt;/td&gt;&lt;td style=&quot;vertical-align:top;text-align:left; padding: 0px; font-weight: bold; &quot; width=&quot;4%&quot;&gt;To Device PDM_ID&lt;/td&gt;&lt;td style=&quot;vertical-align:top;text-align:left; padding: 0px; font-weight: bold; &quot; width=&quot;4%&quot;&gt;To Device PDM_REV&lt;/td&gt;&lt;td style=&quot;vertical-align:top;text-align:left; padding: 0px; font-weight: bold; &quot; width=&quot;4%&quot;&gt;To Device PDM_TYPE&lt;/td&gt;&lt;td style=&quot;vertical-align:top;text-align:left; padding: 0px; font-weight: bold; &quot; wi...
	at chs.common.reporting.ReportTestCase.createAndCompareReports(ReportTestCase.java:102)
	at chs.common.reporting.TeamcenterLogicComponentBOMTest.testReportContent(TeamcenterLogicComponentBOMTest.java:105)
	at chs.common.reporting.TeamcenterLogicComponentBOMTest.testReportWithConfigFile(TeamcenterLogicComponentBOMTest.java:126)
	at chs.common.reporting.TeamcenterLogicComponentBOMTest.testLogicComponentBOMReport(TeamcenterLogicComponentBOMTest.java:110)
</failure>
  </testcase>
  <testcase classname="chs.common.reporting.TeamcenterLogicComponentBOMTest" name="testLogicComponentBOMReport[21]" time="0.574" />
  <testcase classname="chs.common.reporting.TeamcenterLogicComponentBOMTest" name="testLogicComponentBOMReport[22]" time="0.493" />
  <testcase classname="chs.common.reporting.TeamcenterLogicComponentBOMTest" name="testLogicComponentBOMReport[23]" time="0.538" />
  <testcase classname="chs.common.reporting.TeamcenterLogicComponentBOMTest" name="testLogicComponentBOMReport[24]" time="0.778">
    <failure message="Differences found : &#xa;Golden: &apos;C:\repos\iesd\chs_home\bld\testdata\temp\chs\common\reporting\TeamcenterLogicComponentBOMTest\reports\config1\NoHomeMulticores.golden.html&apos;&#xa;Actual: &apos;C:\repos\iesd\chs_home\bld\testdata\temp\chs\common\reporting\TeamcenterLogicComponentBOMTest\reports\config1\NoHomeMulticores.actual.html&apos;&#xa;mv &apos;C:\repos\iesd\chs_home\bld\testdata\temp\chs\common\reporting\TeamcenterLogicComponentBOMTest\reports\config1\NoHomeMulticores.actual.html&apos; &apos;C:\repos\iesd\chs_home\bld\testdata\temp\chs\common\reporting\TeamcenterLogicComponentBOMTest\reports\config1\NoHomeMulticores.golden.html&apos;&#xa;&#xa;Changed : Exp:1 - Act: 1&#xa;Exp: &lt;html xmlns:xs=&quot;http://www.w3.org/2001/XMLSchema&quot;&gt;&lt;head&gt;&lt;title&gt;Teamcenter Logic Component BOM&lt;/title&gt;&lt;script language=&quot;javascript&quot; src=&quot;/reporter/scripts/commonscript.js&quot;&gt;&lt;/script&gt;&lt;/head&gt;&lt;body onload=&quot;javascript:initializeReportPage(&apos;report.xsl&apos;)&quot;&gt;&lt;table border=&quot;0&quot; width=&quot;99%&quot;&gt;&lt;colgroup span=&quot;3&quot;&gt;&lt;/colgroup&gt;&lt;tr class=&quot;topRow&quot;&gt;&lt;td style=&quot;width:30%&quot; align=&quot;left&quot; valign=&quot;middle&quot;&gt;&lt;img id=&quot;MGLOGO&quot; width=&quot;137&quot; height=&quot;24&quot; src=&quot;/reporter/images/SiemensLogo.png&quot; /&gt;&lt;b&gt;&lt;/b&gt;&lt;/td&gt;&lt;td width=&quot;49%&quot; align=&quot;center&quot; valign=&quot;middle&quot;&gt;&lt;table width=&quot;100%&quot; border=&quot;0&quot;&gt;&lt;colgroup span=&quot;2&quot;&gt;&lt;/colgroup&gt;&lt;tr&gt;&lt;td width=&quot;25%&quot; align=&quot;left&quot;&gt;&lt;b style=&quot;color: green&quot;&gt;Report&lt;/b&gt;&lt;/td&gt;&lt;td width=&quot;75%&quot; align=&quot;left&quot;&gt;&lt;p style=&quot;color: green&quot;&gt;Teamcenter Logic Component BOM&lt;/p&gt;&lt;/td&gt;&lt;/tr&gt;&lt;tr&gt;&lt;td width=&quot;25%&quot; align=&quot;left&quot;&gt;&lt;b style=&quot;color: green&quot;&gt;User&lt;/b&gt;&lt;/td&gt;&lt;td width=&quot;75%&quot; align=&quot;left&quot;&gt;&lt;i style=&quot;color: green&quot;&gt;system&lt;/i&gt;&lt;/td&gt;&lt;/tr&gt;&lt;/table&gt;&lt;/td&gt;&lt;td align=&quot;right&quot; valign=&quot;middle&quot; width=&quot;20%&quot;&gt;&lt;img id=&quot;puck&quot; border=&quot;0&quot; width=&quot;100&quot; height=&quot;80&quot; src=&quot;/reporter/images/puck_smaller.jpg&quot; /&gt;&lt;b&gt;&lt;/b&gt;&lt;/td&gt;&lt;/tr&gt;&lt;/table&gt;&lt;table border=&quot;0&quot; cellpadding=&quot;0&quot; cellspacing=&quot;0&quot; width=&quot;99%&quot; style=&quot;font-family:Lucida Sans;font-size:12&quot; id=&quot;tableid1&quot;&gt;&lt;colgroup span=&quot;10&quot;&gt;&lt;/colgroup&gt;&lt;tr style=&quot;background-color: #CCDDFF;&quot; class=&quot;header&quot;&gt;&lt;td style=&quot;vertical-align:top;text-align:left; padding: 0px; font-weight: bold; &quot; width=&quot;10%&quot;&gt;Routing ID&lt;/td&gt;&lt;td style=&quot;vertical-align:top;text-align:left; padding: 0px; font-weight: bold; &quot; width=&quot;10%&quot;&gt;PDM_ID&lt;/td&gt;&lt;td style=&quot;vertical-align:top;text-align:left; padding: 0px; font-weight: bold; &quot; width=&quot;10%&quot;&gt;PDM_REV&lt;/td&gt;&lt;td style=&quot;vertical-align:top;text-align:left; padding: 0px; font-weight: bold; &quot; width=&quot;10%&quot;&gt;PDM_TYPE&lt;/td&gt;&lt;td style=&quot;vertical-align:top;text-align:left; padding: 0px; font-weight: bold; &quot; width=&quot;10%&quot;&gt;PDM_NAME&lt;/td&gt;&lt;td style=&quot;vertical-align:top;text-align:left; padding: 0px; font-weight: bold; &quot; width=&quot;10%&quot;&gt;Description&lt;/td&gt;&lt;td style=&quot;vertical-align:top;text-align:left; padding: 0px; font-weight: bold; &quot; width=&quot;10%&quot;&gt;SystemCode&lt;/td&gt;&lt;td style=&quot;vertical-align:top;text-align:left; padding: 0px; font-weight: bold; &quot; width=&quot;10%&quot;&gt;Room&lt;/td&gt;&lt;td style=&quot;vertical-align:top;text-align:left; padding: 0px; font-weight: bold; &quot; width=&quot;10%&quot;&gt;DesignRemarks&lt;/td&gt;&lt;td style=&quot;vertical-align:top;text-align:left; padding: 0px; font-weight: bold; &quot; width=&quot;10%&quot;&gt;Quantity&lt;/td&gt;&lt;/tr&gt;&lt;tr style=&quot;white-space: pre-wrap;background-color: #E4E4E4;&quot;&gt;&lt;td&gt;Design1:1:DEV2&lt;/td&gt;&lt;td&gt;&lt;/td&gt;&lt;td&gt;&lt;/td&gt;&lt;td&gt;&lt;/td&gt;&lt;td&gt;&lt;/td&gt;&lt;td&gt;&lt;/td&gt;&lt;td&gt;&lt;/td&gt;&lt;td&gt;&lt;/td&gt;&lt;td&gt;&lt;/td&gt;&lt;td&gt;1&lt;/td&gt;&lt;/tr&gt;&lt;tr style=&quot;white-space: pre-wrap;&quot;&gt;&lt;td&gt;Design1:1:DEV3&lt;/td&gt;&lt;td&gt;&lt;/td&gt;&lt;td&gt;&lt;/td&gt;&lt;td&gt;&lt;/td&gt;&lt;td&gt;&lt;/td&gt;&lt;td&gt;&lt;/td&gt;&lt;td&gt;&lt;/td&gt;&lt;td&gt;&lt;/td&gt;&lt;td&gt;&lt;/td&gt;&lt;td&gt;1&lt;/td&gt;&lt;/tr&gt;&lt;/table&gt;&lt;table border=&quot;0&quot; cellpadding=&quot;0&quot; cellspacing=&quot;0&quot; width=&quot;99%&quot; style=&quot;font-family:Lucida Sans;font-size:12&quot; id=&quot;tableid2&quot;&gt;&lt;colgroup span=&quot;22&quot;&gt;&lt;/colgroup&gt;&lt;tr style=&quot;background-color: #CCDDFF;&quot; class=&quot;header&quot;&gt;&lt;td style=&quot;vertical-align:top;text-align:left; padding: 0px; font-weight: bold; &quot; width=&quot;4%&quot;&gt;Routing ID&lt;/td&gt;&lt;td style=&quot;vertical-align:top;text-align:left; padding: 0px; font-weight: bold; &quot; width=&quot;4%&quot;&gt;Description&lt;/td&gt;&lt;td style=&quot;vertical-align:top;text-align:left; padding: 0px; font-weight: bold; &quot; width=&quot;4%&quot;&gt;Segregation&lt;/td&gt;&lt;td style=&quot;vertical-align:top;text-align:left; padding: 0px; font-weight: bold; &quot; width=&quot;4%&quot;&gt;SystemCode&lt;/td&gt;&lt;td style=&quot;vertical-align:top;text-align:left; padding: 0px; font-weight: bold; &quot; width=&quot;4%&quot;&gt;Unmodified Length&lt;/td&gt;&lt;td style=&quot;vertical-align:top;text-align:left; padding: 0px; font-weight: bold; &quot; width=&quot;4%&quot;&gt;Max Length&lt;/td&gt;&lt;td style=&quot;vertical-align:top;text-align:left; padding: 0px; font-weight: bold; &quot; width=&quot;4%&quot;&gt;Min Length&lt;/td&gt;&lt;td style=&quot;vertical-align:top;text-align:left; padding: 0px; font-weight: bold; &quot; width=&quot;4%&quot;&gt;Bundling&lt;/td&gt;&lt;td style=&quot;vertical-align:top;text-align:left; padding: 0px; font-weight: bold; &quot; width=&quot;4%&quot;&gt;Grouping&lt;/td&gt;&lt;td style=&quot;vertical-align:top;text-align:left; padding: 0px; font-weight: bold; &quot; width=&quot;4%&quot;&gt;Multiplier&lt;/td&gt;&lt;td style=&quot;vertical-align:top;text-align:left; padding: 0px; font-weight: bold; &quot; width=&quot;4%&quot;&gt;Multiplier suffixes&lt;/td&gt;&lt;td style=&quot;vertical-align:top;text-align:left; padding: 0px; font-weight: bold; &quot; width=&quot;4%&quot;&gt;PDM_ID&lt;/td&gt;&lt;td style=&quot;vertical-align:top;text-align:left; padding: 0px; font-weight: bold; &quot; width=&quot;4%&quot;&gt;PDM_REV&lt;/td&gt;&lt;td style=&quot;vertical-align:top;text-align:left; padding: 0px; font-w..." type="chs.FileServices$FSComparisonFailure">chs.FileServices$FSComparisonFailure: Differences found : 
Golden: &apos;C:\repos\iesd\chs_home\bld\testdata\temp\chs\common\reporting\TeamcenterLogicComponentBOMTest\reports\config1\NoHomeMulticores.golden.html&apos;
Actual: &apos;C:\repos\iesd\chs_home\bld\testdata\temp\chs\common\reporting\TeamcenterLogicComponentBOMTest\reports\config1\NoHomeMulticores.actual.html&apos;
mv &apos;C:\repos\iesd\chs_home\bld\testdata\temp\chs\common\reporting\TeamcenterLogicComponentBOMTest\reports\config1\NoHomeMulticores.actual.html&apos; &apos;C:\repos\iesd\chs_home\bld\testdata\temp\chs\common\reporting\TeamcenterLogicComponentBOMTest\reports\config1\NoHomeMulticores.golden.html&apos;

Changed : Exp:1 - Act: 1
Exp: &lt;html xmlns:xs=&quot;http://www.w3.org/2001/XMLSchema&quot;&gt;&lt;head&gt;&lt;title&gt;Teamcenter Logic Component BOM&lt;/title&gt;&lt;script language=&quot;javascript&quot; src=&quot;/reporter/scripts/commonscript.js&quot;&gt;&lt;/script&gt;&lt;/head&gt;&lt;body onload=&quot;javascript:initializeReportPage(&apos;report.xsl&apos;)&quot;&gt;&lt;table border=&quot;0&quot; width=&quot;99%&quot;&gt;&lt;colgroup span=&quot;3&quot;&gt;&lt;/colgroup&gt;&lt;tr class=&quot;topRow&quot;&gt;&lt;td style=&quot;width:30%&quot; align=&quot;left&quot; valign=&quot;middle&quot;&gt;&lt;img id=&quot;MGLOGO&quot; width=&quot;137&quot; height=&quot;24&quot; src=&quot;/reporter/images/SiemensLogo.png&quot; /&gt;&lt;b&gt;&lt;/b&gt;&lt;/td&gt;&lt;td width=&quot;49%&quot; align=&quot;center&quot; valign=&quot;middle&quot;&gt;&lt;table width=&quot;100%&quot; border=&quot;0&quot;&gt;&lt;colgroup span=&quot;2&quot;&gt;&lt;/colgroup&gt;&lt;tr&gt;&lt;td width=&quot;25%&quot; align=&quot;left&quot;&gt;&lt;b style=&quot;color: green&quot;&gt;Report&lt;/b&gt;&lt;/td&gt;&lt;td width=&quot;75%&quot; align=&quot;left&quot;&gt;&lt;p style=&quot;color: green&quot;&gt;Teamcenter Logic Component BOM&lt;/p&gt;&lt;/td&gt;&lt;/tr&gt;&lt;tr&gt;&lt;td width=&quot;25%&quot; align=&quot;left&quot;&gt;&lt;b style=&quot;color: green&quot;&gt;User&lt;/b&gt;&lt;/td&gt;&lt;td width=&quot;75%&quot; align=&quot;left&quot;&gt;&lt;i style=&quot;color: green&quot;&gt;system&lt;/i&gt;&lt;/td&gt;&lt;/tr&gt;&lt;/table&gt;&lt;/td&gt;&lt;td align=&quot;right&quot; valign=&quot;middle&quot; width=&quot;20%&quot;&gt;&lt;img id=&quot;puck&quot; border=&quot;0&quot; width=&quot;100&quot; height=&quot;80&quot; src=&quot;/reporter/images/puck_smaller.jpg&quot; /&gt;&lt;b&gt;&lt;/b&gt;&lt;/td&gt;&lt;/tr&gt;&lt;/table&gt;&lt;table border=&quot;0&quot; cellpadding=&quot;0&quot; cellspacing=&quot;0&quot; width=&quot;99%&quot; style=&quot;font-family:Lucida Sans;font-size:12&quot; id=&quot;tableid1&quot;&gt;&lt;colgroup span=&quot;10&quot;&gt;&lt;/colgroup&gt;&lt;tr style=&quot;background-color: #CCDDFF;&quot; class=&quot;header&quot;&gt;&lt;td style=&quot;vertical-align:top;text-align:left; padding: 0px; font-weight: bold; &quot; width=&quot;10%&quot;&gt;Routing ID&lt;/td&gt;&lt;td style=&quot;vertical-align:top;text-align:left; padding: 0px; font-weight: bold; &quot; width=&quot;10%&quot;&gt;PDM_ID&lt;/td&gt;&lt;td style=&quot;vertical-align:top;text-align:left; padding: 0px; font-weight: bold; &quot; width=&quot;10%&quot;&gt;PDM_REV&lt;/td&gt;&lt;td style=&quot;vertical-align:top;text-align:left; padding: 0px; font-weight: bold; &quot; width=&quot;10%&quot;&gt;PDM_TYPE&lt;/td&gt;&lt;td style=&quot;vertical-align:top;text-align:left; padding: 0px; font-weight: bold; &quot; width=&quot;10%&quot;&gt;PDM_NAME&lt;/td&gt;&lt;td style=&quot;vertical-align:top;text-align:left; padding: 0px; font-weight: bold; &quot; width=&quot;10%&quot;&gt;Description&lt;/td&gt;&lt;td style=&quot;vertical-align:top;text-align:left; padding: 0px; font-weight: bold; &quot; width=&quot;10%&quot;&gt;SystemCode&lt;/td&gt;&lt;td style=&quot;vertical-align:top;text-align:left; padding: 0px; font-weight: bold; &quot; width=&quot;10%&quot;&gt;Room&lt;/td&gt;&lt;td style=&quot;vertical-align:top;text-align:left; padding: 0px; font-weight: bold; &quot; width=&quot;10%&quot;&gt;DesignRemarks&lt;/td&gt;&lt;td style=&quot;vertical-align:top;text-align:left; padding: 0px; font-weight: bold; &quot; width=&quot;10%&quot;&gt;Quantity&lt;/td&gt;&lt;/tr&gt;&lt;tr style=&quot;white-space: pre-wrap;background-color: #E4E4E4;&quot;&gt;&lt;td&gt;Design1:1:DEV2&lt;/td&gt;&lt;td&gt;&lt;/td&gt;&lt;td&gt;&lt;/td&gt;&lt;td&gt;&lt;/td&gt;&lt;td&gt;&lt;/td&gt;&lt;td&gt;&lt;/td&gt;&lt;td&gt;&lt;/td&gt;&lt;td&gt;&lt;/td&gt;&lt;td&gt;&lt;/td&gt;&lt;td&gt;1&lt;/td&gt;&lt;/tr&gt;&lt;tr style=&quot;white-space: pre-wrap;&quot;&gt;&lt;td&gt;Design1:1:DEV3&lt;/td&gt;&lt;td&gt;&lt;/td&gt;&lt;td&gt;&lt;/td&gt;&lt;td&gt;&lt;/td&gt;&lt;td&gt;&lt;/td&gt;&lt;td&gt;&lt;/td&gt;&lt;td&gt;&lt;/td&gt;&lt;td&gt;&lt;/td&gt;&lt;td&gt;&lt;/td&gt;&lt;td&gt;1&lt;/td&gt;&lt;/tr&gt;&lt;/table&gt;&lt;table border=&quot;0&quot; cellpadding=&quot;0&quot; cellspacing=&quot;0&quot; width=&quot;99%&quot; style=&quot;font-family:Lucida Sans;font-size:12&quot; id=&quot;tableid2&quot;&gt;&lt;colgroup span=&quot;22&quot;&gt;&lt;/colgroup&gt;&lt;tr style=&quot;background-color: #CCDDFF;&quot; class=&quot;header&quot;&gt;&lt;td style=&quot;vertical-align:top;text-align:left; padding: 0px; font-weight: bold; &quot; width=&quot;4%&quot;&gt;Routing ID&lt;/td&gt;&lt;td style=&quot;vertical-align:top;text-align:left; padding: 0px; font-weight: bold; &quot; width=&quot;4%&quot;&gt;Description&lt;/td&gt;&lt;td style=&quot;vertical-align:top;text-align:left; padding: 0px; font-weight: bold; &quot; width=&quot;4%&quot;&gt;Segregation&lt;/td&gt;&lt;td style=&quot;vertical-align:top;text-align:left; padding: 0px; font-weight: bold; &quot; width=&quot;4%&quot;&gt;SystemCode&lt;/td&gt;&lt;td style=&quot;vertical-align:top;text-align:left; padding: 0px; font-weight: bold; &quot; width=&quot;4%&quot;&gt;Unmodified Length&lt;/td&gt;&lt;td style=&quot;vertical-align:top;text-align:left; padding: 0px; font-weight: bold; &quot; width=&quot;4%&quot;&gt;Max Length&lt;/td&gt;&lt;td style=&quot;vertical-align:top;text-align:left; padding: 0px; font-weight: bold; &quot; width=&quot;4%&quot;&gt;Min Length&lt;/td&gt;&lt;td style=&quot;vertical-align:top;text-align:left; padding: 0px; font-weight: bold; &quot; width=&quot;4%&quot;&gt;Bundling&lt;/td&gt;&lt;td style=&quot;vertical-align:top;text-align:left; padding: 0px; font-weight: bold; &quot; width=&quot;4%&quot;&gt;Grouping&lt;/td&gt;&lt;td style=&quot;vertical-align:top;text-align:left; padding: 0px; font-weight: bold; &quot; width=&quot;4%&quot;&gt;Multiplier&lt;/td&gt;&lt;td style=&quot;vertical-align:top;text-align:left; padding: 0px; font-weight: bold; &quot; width=&quot;4%&quot;&gt;Multiplier suffixes&lt;/td&gt;&lt;td style=&quot;vertical-align:top;text-align:left; padding: 0px; font-weight: bold; &quot; width=&quot;4%&quot;&gt;PDM_ID&lt;/td&gt;&lt;td style=&quot;vertical-align:top;text-align:left; padding: 0px; font-weight: bold; &quot; width=&quot;4%&quot;&gt;PDM_REV&lt;/td&gt;&lt;td style=&quot;vertical-align:top;text-align:left; padding: 0px; font-w...
	at chs.common.reporting.ReportTestCase.createAndCompareReports(ReportTestCase.java:102)
	at chs.common.reporting.TeamcenterLogicComponentBOMTest.testReportContent(TeamcenterLogicComponentBOMTest.java:105)
	at chs.common.reporting.TeamcenterLogicComponentBOMTest.testReportWithConfigFile(TeamcenterLogicComponentBOMTest.java:126)
	at chs.common.reporting.TeamcenterLogicComponentBOMTest.testLogicComponentBOMReport(TeamcenterLogicComponentBOMTest.java:110)
</failure>
  </testcase>
  <testcase classname="chs.common.reporting.TeamcenterLogicComponentBOMTest" name="testLogicComponentBOMReport[25]" time="0.682">
    <failure message="Differences found : &#xa;Golden: &apos;C:\repos\iesd\chs_home\bld\testdata\temp\chs\common\reporting\TeamcenterLogicComponentBOMTest\reports\config2\NoHomeMulticores.golden.html&apos;&#xa;Actual: &apos;C:\repos\iesd\chs_home\bld\testdata\temp\chs\common\reporting\TeamcenterLogicComponentBOMTest\reports\config2\NoHomeMulticores.actual.html&apos;&#xa;mv &apos;C:\repos\iesd\chs_home\bld\testdata\temp\chs\common\reporting\TeamcenterLogicComponentBOMTest\reports\config2\NoHomeMulticores.actual.html&apos; &apos;C:\repos\iesd\chs_home\bld\testdata\temp\chs\common\reporting\TeamcenterLogicComponentBOMTest\reports\config2\NoHomeMulticores.golden.html&apos;&#xa;&#xa;Changed : Exp:1 - Act: 1&#xa;Exp: &lt;html xmlns:xs=&quot;http://www.w3.org/2001/XMLSchema&quot;&gt;&lt;head&gt;&lt;title&gt;Teamcenter Logic Component BOM&lt;/title&gt;&lt;script language=&quot;javascript&quot; src=&quot;/reporter/scripts/commonscript.js&quot;&gt;&lt;/script&gt;&lt;/head&gt;&lt;body onload=&quot;javascript:initializeReportPage(&apos;report.xsl&apos;)&quot;&gt;&lt;table border=&quot;0&quot; width=&quot;99%&quot;&gt;&lt;colgroup span=&quot;3&quot;&gt;&lt;/colgroup&gt;&lt;tr class=&quot;topRow&quot;&gt;&lt;td style=&quot;width:30%&quot; align=&quot;left&quot; valign=&quot;middle&quot;&gt;&lt;img id=&quot;MGLOGO&quot; width=&quot;137&quot; height=&quot;24&quot; src=&quot;/reporter/images/SiemensLogo.png&quot; /&gt;&lt;b&gt;&lt;/b&gt;&lt;/td&gt;&lt;td width=&quot;49%&quot; align=&quot;center&quot; valign=&quot;middle&quot;&gt;&lt;table width=&quot;100%&quot; border=&quot;0&quot;&gt;&lt;colgroup span=&quot;2&quot;&gt;&lt;/colgroup&gt;&lt;tr&gt;&lt;td width=&quot;25%&quot; align=&quot;left&quot;&gt;&lt;b style=&quot;color: green&quot;&gt;Report&lt;/b&gt;&lt;/td&gt;&lt;td width=&quot;75%&quot; align=&quot;left&quot;&gt;&lt;p style=&quot;color: green&quot;&gt;Teamcenter Logic Component BOM&lt;/p&gt;&lt;/td&gt;&lt;/tr&gt;&lt;tr&gt;&lt;td width=&quot;25%&quot; align=&quot;left&quot;&gt;&lt;b style=&quot;color: green&quot;&gt;User&lt;/b&gt;&lt;/td&gt;&lt;td width=&quot;75%&quot; align=&quot;left&quot;&gt;&lt;i style=&quot;color: green&quot;&gt;system&lt;/i&gt;&lt;/td&gt;&lt;/tr&gt;&lt;/table&gt;&lt;/td&gt;&lt;td align=&quot;right&quot; valign=&quot;middle&quot; width=&quot;20%&quot;&gt;&lt;img id=&quot;puck&quot; border=&quot;0&quot; width=&quot;100&quot; height=&quot;80&quot; src=&quot;/reporter/images/puck_smaller.jpg&quot; /&gt;&lt;b&gt;&lt;/b&gt;&lt;/td&gt;&lt;/tr&gt;&lt;/table&gt;&lt;table border=&quot;0&quot; cellpadding=&quot;0&quot; cellspacing=&quot;0&quot; width=&quot;99%&quot; style=&quot;font-family:Lucida Sans;font-size:12&quot; id=&quot;tableid1&quot;&gt;&lt;colgroup span=&quot;9&quot;&gt;&lt;/colgroup&gt;&lt;tr style=&quot;background-color: #CCDDFF;&quot; class=&quot;header&quot;&gt;&lt;td style=&quot;vertical-align:top;text-align:left; padding: 0px; font-weight: bold; &quot; width=&quot;11%&quot;&gt;Routing ID&lt;/td&gt;&lt;td style=&quot;vertical-align:top;text-align:left; padding: 0px; font-weight: bold; &quot; width=&quot;11%&quot;&gt;PDM_ID&lt;/td&gt;&lt;td style=&quot;vertical-align:top;text-align:left; padding: 0px; font-weight: bold; &quot; width=&quot;11%&quot;&gt;PDM_REV&lt;/td&gt;&lt;td style=&quot;vertical-align:top;text-align:left; padding: 0px; font-weight: bold; &quot; width=&quot;11%&quot;&gt;PDM_TYPE&lt;/td&gt;&lt;td style=&quot;vertical-align:top;text-align:left; padding: 0px; font-weight: bold; &quot; width=&quot;11%&quot;&gt;PDM_NAME&lt;/td&gt;&lt;td style=&quot;vertical-align:top;text-align:left; padding: 0px; font-weight: bold; &quot; width=&quot;11%&quot;&gt;Description&lt;/td&gt;&lt;td style=&quot;vertical-align:top;text-align:left; padding: 0px; font-weight: bold; &quot; width=&quot;11%&quot;&gt;SystemCode&lt;/td&gt;&lt;td style=&quot;vertical-align:top;text-align:left; padding: 0px; font-weight: bold; &quot; width=&quot;11%&quot;&gt;Room&lt;/td&gt;&lt;td style=&quot;vertical-align:top;text-align:left; padding: 0px; font-weight: bold; &quot; width=&quot;11%&quot;&gt;DesignRemarks&lt;/td&gt;&lt;/tr&gt;&lt;tr style=&quot;white-space: pre-wrap;background-color: #E4E4E4;&quot;&gt;&lt;td&gt;Design1:1:DEV2&lt;/td&gt;&lt;td&gt;&lt;/td&gt;&lt;td&gt;&lt;/td&gt;&lt;td&gt;&lt;/td&gt;&lt;td&gt;&lt;/td&gt;&lt;td&gt;&lt;/td&gt;&lt;td&gt;ICD2&lt;/td&gt;&lt;td&gt;&lt;/td&gt;&lt;td&gt;&lt;/td&gt;&lt;/tr&gt;&lt;tr style=&quot;white-space: pre-wrap;&quot;&gt;&lt;td&gt;Design1:1:DEV3&lt;/td&gt;&lt;td&gt;&lt;/td&gt;&lt;td&gt;&lt;/td&gt;&lt;td&gt;&lt;/td&gt;&lt;td&gt;&lt;/td&gt;&lt;td&gt;&lt;/td&gt;&lt;td&gt;ICD1&lt;/td&gt;&lt;td&gt;&lt;/td&gt;&lt;td&gt;&lt;/td&gt;&lt;/tr&gt;&lt;/table&gt;&lt;table border=&quot;0&quot; cellpadding=&quot;0&quot; cellspacing=&quot;0&quot; width=&quot;99%&quot; style=&quot;font-family:Lucida Sans;font-size:12&quot; id=&quot;tableid2&quot;&gt;&lt;colgroup span=&quot;22&quot;&gt;&lt;/colgroup&gt;&lt;tr style=&quot;background-color: #CCDDFF;&quot; class=&quot;header&quot;&gt;&lt;td style=&quot;vertical-align:top;text-align:left; padding: 0px; font-weight: bold; &quot; width=&quot;4%&quot;&gt;Routing ID&lt;/td&gt;&lt;td style=&quot;vertical-align:top;text-align:left; padding: 0px; font-weight: bold; &quot; width=&quot;4%&quot;&gt;Unmodified Length&lt;/td&gt;&lt;td style=&quot;vertical-align:top;text-align:left; padding: 0px; font-weight: bold; &quot; width=&quot;4%&quot;&gt;Max Length&lt;/td&gt;&lt;td style=&quot;vertical-align:top;text-align:left; padding: 0px; font-weight: bold; &quot; width=&quot;4%&quot;&gt;Min Length&lt;/td&gt;&lt;td style=&quot;vertical-align:top;text-align:left; padding: 0px; font-weight: bold; &quot; width=&quot;4%&quot;&gt;PDM_ID&lt;/td&gt;&lt;td style=&quot;vertical-align:top;text-align:left; padding: 0px; font-weight: bold; &quot; width=&quot;4%&quot;&gt;PDM_REV&lt;/td&gt;&lt;td style=&quot;vertical-align:top;text-align:left; padding: 0px; font-weight: bold; &quot; width=&quot;4%&quot;&gt;PDM_TYPE&lt;/td&gt;&lt;td style=&quot;vertical-align:top;text-align:left; padding: 0px; font-weight: bold; &quot; width=&quot;4%&quot;&gt;PDM_NAME&lt;/td&gt;&lt;td style=&quot;vertical-align:top;text-align:left; padding: 0px; font-weight: bold; &quot; width=&quot;4%&quot;&gt;Segregation&lt;/td&gt;&lt;td style=&quot;vertical-align:top;text-align:left; padding: 0px; font-weight: bold; &quot; width=&quot;4%&quot;&gt;From Device PDM_ID&lt;/td&gt;&lt;td style=&quot;vertical-align:top;text-align:left; padding: 0px; font-weight: bold; &quot; width=&quot;4%&quot;&gt;From Device PDM_REV&lt;/td&gt;&lt;td style=&quot;vertical-align:top;text-align:left; padding: 0px; font-weight: bold; &quot; width=&quot;4%&quot;&gt;From Device PDM_TYPE&lt;/td&gt;&lt;td style=&quot;vertical-align:top;text-align:left; padding: 0px; font-weight: bold; &quot; width=&quot;4%&quot;&gt;To Device PDM_ID&lt;/td&gt;&lt;td style=&quot;vertical-align:top;text-align:left; padding: 0px; font-weight: bold; &quot; width=&quot;4%&quot;&gt;To Device PDM_REV&lt;/td&gt;&lt;td style=&quot;vertical-align:top;text-align:left; pa..." type="chs.FileServices$FSComparisonFailure">chs.FileServices$FSComparisonFailure: Differences found : 
Golden: &apos;C:\repos\iesd\chs_home\bld\testdata\temp\chs\common\reporting\TeamcenterLogicComponentBOMTest\reports\config2\NoHomeMulticores.golden.html&apos;
Actual: &apos;C:\repos\iesd\chs_home\bld\testdata\temp\chs\common\reporting\TeamcenterLogicComponentBOMTest\reports\config2\NoHomeMulticores.actual.html&apos;
mv &apos;C:\repos\iesd\chs_home\bld\testdata\temp\chs\common\reporting\TeamcenterLogicComponentBOMTest\reports\config2\NoHomeMulticores.actual.html&apos; &apos;C:\repos\iesd\chs_home\bld\testdata\temp\chs\common\reporting\TeamcenterLogicComponentBOMTest\reports\config2\NoHomeMulticores.golden.html&apos;

Changed : Exp:1 - Act: 1
Exp: &lt;html xmlns:xs=&quot;http://www.w3.org/2001/XMLSchema&quot;&gt;&lt;head&gt;&lt;title&gt;Teamcenter Logic Component BOM&lt;/title&gt;&lt;script language=&quot;javascript&quot; src=&quot;/reporter/scripts/commonscript.js&quot;&gt;&lt;/script&gt;&lt;/head&gt;&lt;body onload=&quot;javascript:initializeReportPage(&apos;report.xsl&apos;)&quot;&gt;&lt;table border=&quot;0&quot; width=&quot;99%&quot;&gt;&lt;colgroup span=&quot;3&quot;&gt;&lt;/colgroup&gt;&lt;tr class=&quot;topRow&quot;&gt;&lt;td style=&quot;width:30%&quot; align=&quot;left&quot; valign=&quot;middle&quot;&gt;&lt;img id=&quot;MGLOGO&quot; width=&quot;137&quot; height=&quot;24&quot; src=&quot;/reporter/images/SiemensLogo.png&quot; /&gt;&lt;b&gt;&lt;/b&gt;&lt;/td&gt;&lt;td width=&quot;49%&quot; align=&quot;center&quot; valign=&quot;middle&quot;&gt;&lt;table width=&quot;100%&quot; border=&quot;0&quot;&gt;&lt;colgroup span=&quot;2&quot;&gt;&lt;/colgroup&gt;&lt;tr&gt;&lt;td width=&quot;25%&quot; align=&quot;left&quot;&gt;&lt;b style=&quot;color: green&quot;&gt;Report&lt;/b&gt;&lt;/td&gt;&lt;td width=&quot;75%&quot; align=&quot;left&quot;&gt;&lt;p style=&quot;color: green&quot;&gt;Teamcenter Logic Component BOM&lt;/p&gt;&lt;/td&gt;&lt;/tr&gt;&lt;tr&gt;&lt;td width=&quot;25%&quot; align=&quot;left&quot;&gt;&lt;b style=&quot;color: green&quot;&gt;User&lt;/b&gt;&lt;/td&gt;&lt;td width=&quot;75%&quot; align=&quot;left&quot;&gt;&lt;i style=&quot;color: green&quot;&gt;system&lt;/i&gt;&lt;/td&gt;&lt;/tr&gt;&lt;/table&gt;&lt;/td&gt;&lt;td align=&quot;right&quot; valign=&quot;middle&quot; width=&quot;20%&quot;&gt;&lt;img id=&quot;puck&quot; border=&quot;0&quot; width=&quot;100&quot; height=&quot;80&quot; src=&quot;/reporter/images/puck_smaller.jpg&quot; /&gt;&lt;b&gt;&lt;/b&gt;&lt;/td&gt;&lt;/tr&gt;&lt;/table&gt;&lt;table border=&quot;0&quot; cellpadding=&quot;0&quot; cellspacing=&quot;0&quot; width=&quot;99%&quot; style=&quot;font-family:Lucida Sans;font-size:12&quot; id=&quot;tableid1&quot;&gt;&lt;colgroup span=&quot;9&quot;&gt;&lt;/colgroup&gt;&lt;tr style=&quot;background-color: #CCDDFF;&quot; class=&quot;header&quot;&gt;&lt;td style=&quot;vertical-align:top;text-align:left; padding: 0px; font-weight: bold; &quot; width=&quot;11%&quot;&gt;Routing ID&lt;/td&gt;&lt;td style=&quot;vertical-align:top;text-align:left; padding: 0px; font-weight: bold; &quot; width=&quot;11%&quot;&gt;PDM_ID&lt;/td&gt;&lt;td style=&quot;vertical-align:top;text-align:left; padding: 0px; font-weight: bold; &quot; width=&quot;11%&quot;&gt;PDM_REV&lt;/td&gt;&lt;td style=&quot;vertical-align:top;text-align:left; padding: 0px; font-weight: bold; &quot; width=&quot;11%&quot;&gt;PDM_TYPE&lt;/td&gt;&lt;td style=&quot;vertical-align:top;text-align:left; padding: 0px; font-weight: bold; &quot; width=&quot;11%&quot;&gt;PDM_NAME&lt;/td&gt;&lt;td style=&quot;vertical-align:top;text-align:left; padding: 0px; font-weight: bold; &quot; width=&quot;11%&quot;&gt;Description&lt;/td&gt;&lt;td style=&quot;vertical-align:top;text-align:left; padding: 0px; font-weight: bold; &quot; width=&quot;11%&quot;&gt;SystemCode&lt;/td&gt;&lt;td style=&quot;vertical-align:top;text-align:left; padding: 0px; font-weight: bold; &quot; width=&quot;11%&quot;&gt;Room&lt;/td&gt;&lt;td style=&quot;vertical-align:top;text-align:left; padding: 0px; font-weight: bold; &quot; width=&quot;11%&quot;&gt;DesignRemarks&lt;/td&gt;&lt;/tr&gt;&lt;tr style=&quot;white-space: pre-wrap;background-color: #E4E4E4;&quot;&gt;&lt;td&gt;Design1:1:DEV2&lt;/td&gt;&lt;td&gt;&lt;/td&gt;&lt;td&gt;&lt;/td&gt;&lt;td&gt;&lt;/td&gt;&lt;td&gt;&lt;/td&gt;&lt;td&gt;&lt;/td&gt;&lt;td&gt;ICD2&lt;/td&gt;&lt;td&gt;&lt;/td&gt;&lt;td&gt;&lt;/td&gt;&lt;/tr&gt;&lt;tr style=&quot;white-space: pre-wrap;&quot;&gt;&lt;td&gt;Design1:1:DEV3&lt;/td&gt;&lt;td&gt;&lt;/td&gt;&lt;td&gt;&lt;/td&gt;&lt;td&gt;&lt;/td&gt;&lt;td&gt;&lt;/td&gt;&lt;td&gt;&lt;/td&gt;&lt;td&gt;ICD1&lt;/td&gt;&lt;td&gt;&lt;/td&gt;&lt;td&gt;&lt;/td&gt;&lt;/tr&gt;&lt;/table&gt;&lt;table border=&quot;0&quot; cellpadding=&quot;0&quot; cellspacing=&quot;0&quot; width=&quot;99%&quot; style=&quot;font-family:Lucida Sans;font-size:12&quot; id=&quot;tableid2&quot;&gt;&lt;colgroup span=&quot;22&quot;&gt;&lt;/colgroup&gt;&lt;tr style=&quot;background-color: #CCDDFF;&quot; class=&quot;header&quot;&gt;&lt;td style=&quot;vertical-align:top;text-align:left; padding: 0px; font-weight: bold; &quot; width=&quot;4%&quot;&gt;Routing ID&lt;/td&gt;&lt;td style=&quot;vertical-align:top;text-align:left; padding: 0px; font-weight: bold; &quot; width=&quot;4%&quot;&gt;Unmodified Length&lt;/td&gt;&lt;td style=&quot;vertical-align:top;text-align:left; padding: 0px; font-weight: bold; &quot; width=&quot;4%&quot;&gt;Max Length&lt;/td&gt;&lt;td style=&quot;vertical-align:top;text-align:left; padding: 0px; font-weight: bold; &quot; width=&quot;4%&quot;&gt;Min Length&lt;/td&gt;&lt;td style=&quot;vertical-align:top;text-align:left; padding: 0px; font-weight: bold; &quot; width=&quot;4%&quot;&gt;PDM_ID&lt;/td&gt;&lt;td style=&quot;vertical-align:top;text-align:left; padding: 0px; font-weight: bold; &quot; width=&quot;4%&quot;&gt;PDM_REV&lt;/td&gt;&lt;td style=&quot;vertical-align:top;text-align:left; padding: 0px; font-weight: bold; &quot; width=&quot;4%&quot;&gt;PDM_TYPE&lt;/td&gt;&lt;td style=&quot;vertical-align:top;text-align:left; padding: 0px; font-weight: bold; &quot; width=&quot;4%&quot;&gt;PDM_NAME&lt;/td&gt;&lt;td style=&quot;vertical-align:top;text-align:left; padding: 0px; font-weight: bold; &quot; width=&quot;4%&quot;&gt;Segregation&lt;/td&gt;&lt;td style=&quot;vertical-align:top;text-align:left; padding: 0px; font-weight: bold; &quot; width=&quot;4%&quot;&gt;From Device PDM_ID&lt;/td&gt;&lt;td style=&quot;vertical-align:top;text-align:left; padding: 0px; font-weight: bold; &quot; width=&quot;4%&quot;&gt;From Device PDM_REV&lt;/td&gt;&lt;td style=&quot;vertical-align:top;text-align:left; padding: 0px; font-weight: bold; &quot; width=&quot;4%&quot;&gt;From Device PDM_TYPE&lt;/td&gt;&lt;td style=&quot;vertical-align:top;text-align:left; padding: 0px; font-weight: bold; &quot; width=&quot;4%&quot;&gt;To Device PDM_ID&lt;/td&gt;&lt;td style=&quot;vertical-align:top;text-align:left; padding: 0px; font-weight: bold; &quot; width=&quot;4%&quot;&gt;To Device PDM_REV&lt;/td&gt;&lt;td style=&quot;vertical-align:top;text-align:left; pa...
	at chs.common.reporting.ReportTestCase.createAndCompareReports(ReportTestCase.java:102)
	at chs.common.reporting.TeamcenterLogicComponentBOMTest.testReportContent(TeamcenterLogicComponentBOMTest.java:105)
	at chs.common.reporting.TeamcenterLogicComponentBOMTest.testReportWithConfigFile(TeamcenterLogicComponentBOMTest.java:126)
	at chs.common.reporting.TeamcenterLogicComponentBOMTest.testLogicComponentBOMReport(TeamcenterLogicComponentBOMTest.java:110)
</failure>
  </testcase>
  <testcase classname="chs.common.reporting.TeamcenterLogicComponentBOMTest" name="testLogicComponentBOMReport[26]" time="0.618">
    <failure message="Differences found : &#xa;Golden: &apos;C:\repos\iesd\chs_home\bld\testdata\temp\chs\common\reporting\TeamcenterLogicComponentBOMTest\reports\config3\NoHomeMulticores.golden.html&apos;&#xa;Actual: &apos;C:\repos\iesd\chs_home\bld\testdata\temp\chs\common\reporting\TeamcenterLogicComponentBOMTest\reports\config3\NoHomeMulticores.actual.html&apos;&#xa;mv &apos;C:\repos\iesd\chs_home\bld\testdata\temp\chs\common\reporting\TeamcenterLogicComponentBOMTest\reports\config3\NoHomeMulticores.actual.html&apos; &apos;C:\repos\iesd\chs_home\bld\testdata\temp\chs\common\reporting\TeamcenterLogicComponentBOMTest\reports\config3\NoHomeMulticores.golden.html&apos;&#xa;&#xa;Changed : Exp:1 - Act: 1&#xa;Exp: &lt;html xmlns:xs=&quot;http://www.w3.org/2001/XMLSchema&quot;&gt;&lt;head&gt;&lt;title&gt;Teamcenter Logic Component BOM&lt;/title&gt;&lt;script language=&quot;javascript&quot; src=&quot;/reporter/scripts/commonscript.js&quot;&gt;&lt;/script&gt;&lt;/head&gt;&lt;body onload=&quot;javascript:initializeReportPage(&apos;report.xsl&apos;)&quot;&gt;&lt;table border=&quot;0&quot; width=&quot;99%&quot;&gt;&lt;colgroup span=&quot;3&quot;&gt;&lt;/colgroup&gt;&lt;tr class=&quot;topRow&quot;&gt;&lt;td style=&quot;width:30%&quot; align=&quot;left&quot; valign=&quot;middle&quot;&gt;&lt;img id=&quot;MGLOGO&quot; width=&quot;137&quot; height=&quot;24&quot; src=&quot;/reporter/images/SiemensLogo.png&quot; /&gt;&lt;b&gt;&lt;/b&gt;&lt;/td&gt;&lt;td width=&quot;49%&quot; align=&quot;center&quot; valign=&quot;middle&quot;&gt;&lt;table width=&quot;100%&quot; border=&quot;0&quot;&gt;&lt;colgroup span=&quot;2&quot;&gt;&lt;/colgroup&gt;&lt;tr&gt;&lt;td width=&quot;25%&quot; align=&quot;left&quot;&gt;&lt;b style=&quot;color: green&quot;&gt;Report&lt;/b&gt;&lt;/td&gt;&lt;td width=&quot;75%&quot; align=&quot;left&quot;&gt;&lt;p style=&quot;color: green&quot;&gt;Teamcenter Logic Component BOM&lt;/p&gt;&lt;/td&gt;&lt;/tr&gt;&lt;tr&gt;&lt;td width=&quot;25%&quot; align=&quot;left&quot;&gt;&lt;b style=&quot;color: green&quot;&gt;User&lt;/b&gt;&lt;/td&gt;&lt;td width=&quot;75%&quot; align=&quot;left&quot;&gt;&lt;i style=&quot;color: green&quot;&gt;system&lt;/i&gt;&lt;/td&gt;&lt;/tr&gt;&lt;/table&gt;&lt;/td&gt;&lt;td align=&quot;right&quot; valign=&quot;middle&quot; width=&quot;20%&quot;&gt;&lt;img id=&quot;puck&quot; border=&quot;0&quot; width=&quot;100&quot; height=&quot;80&quot; src=&quot;/reporter/images/puck_smaller.jpg&quot; /&gt;&lt;b&gt;&lt;/b&gt;&lt;/td&gt;&lt;/tr&gt;&lt;/table&gt;&lt;table border=&quot;0&quot; cellpadding=&quot;0&quot; cellspacing=&quot;0&quot; width=&quot;99%&quot; style=&quot;font-family:Lucida Sans;font-size:12&quot; id=&quot;tableid1&quot;&gt;&lt;colgroup span=&quot;10&quot;&gt;&lt;/colgroup&gt;&lt;tr style=&quot;background-color: #CCDDFF;&quot; class=&quot;header&quot;&gt;&lt;td style=&quot;vertical-align:top;text-align:left; padding: 0px; font-weight: bold; &quot; width=&quot;10%&quot;&gt;Routing ID&lt;/td&gt;&lt;td style=&quot;vertical-align:top;text-align:left; padding: 0px; font-weight: bold; &quot; width=&quot;10%&quot;&gt;ICD name and Revision&lt;/td&gt;&lt;td style=&quot;vertical-align:top;text-align:left; padding: 0px; font-weight: bold; &quot; width=&quot;10%&quot;&gt;PDM_ID&lt;/td&gt;&lt;td style=&quot;vertical-align:top;text-align:left; padding: 0px; font-weight: bold; &quot; width=&quot;10%&quot;&gt;PDM_REV&lt;/td&gt;&lt;td style=&quot;vertical-align:top;text-align:left; padding: 0px; font-weight: bold; &quot; width=&quot;10%&quot;&gt;PDM_TYPE&lt;/td&gt;&lt;td style=&quot;vertical-align:top;text-align:left; padding: 0px; font-weight: bold; &quot; width=&quot;10%&quot;&gt;PDM_NAME&lt;/td&gt;&lt;td style=&quot;vertical-align:top;text-align:left; padding: 0px; font-weight: bold; &quot; width=&quot;10%&quot;&gt;Description&lt;/td&gt;&lt;td style=&quot;vertical-align:top;text-align:left; padding: 0px; font-weight: bold; &quot; width=&quot;10%&quot;&gt;SystemCode&lt;/td&gt;&lt;td style=&quot;vertical-align:top;text-align:left; padding: 0px; font-weight: bold; &quot; width=&quot;10%&quot;&gt;Room&lt;/td&gt;&lt;td style=&quot;vertical-align:top;text-align:left; padding: 0px; font-weight: bold; &quot; width=&quot;10%&quot;&gt;DesignRemarks&lt;/td&gt;&lt;/tr&gt;&lt;tr style=&quot;white-space: pre-wrap;background-color: #E4E4E4;&quot;&gt;&lt;td&gt;ICD1&lt;/td&gt;&lt;td&gt;ICD1&lt;/td&gt;&lt;td&gt;&lt;/td&gt;&lt;td&gt;&lt;/td&gt;&lt;td&gt;&lt;/td&gt;&lt;td&gt;&lt;/td&gt;&lt;td&gt;&lt;/td&gt;&lt;td&gt;&lt;/td&gt;&lt;td&gt;&lt;/td&gt;&lt;td&gt;&lt;/td&gt;&lt;/tr&gt;&lt;tr style=&quot;white-space: pre-wrap;&quot;&gt;&lt;td&gt;ICD2&lt;/td&gt;&lt;td&gt;ICD2&lt;/td&gt;&lt;td&gt;&lt;/td&gt;&lt;td&gt;&lt;/td&gt;&lt;td&gt;&lt;/td&gt;&lt;td&gt;&lt;/td&gt;&lt;td&gt;&lt;/td&gt;&lt;td&gt;&lt;/td&gt;&lt;td&gt;&lt;/td&gt;&lt;td&gt;&lt;/td&gt;&lt;/tr&gt;&lt;/table&gt;&lt;table border=&quot;0&quot; cellpadding=&quot;0&quot; cellspacing=&quot;0&quot; width=&quot;99%&quot; style=&quot;font-family:Lucida Sans;font-size:12&quot; id=&quot;tableid2&quot;&gt;&lt;colgroup span=&quot;22&quot;&gt;&lt;/colgroup&gt;&lt;tr style=&quot;background-color: #CCDDFF;&quot; class=&quot;header&quot;&gt;&lt;td style=&quot;vertical-align:top;text-align:left; padding: 0px; font-weight: bold; &quot; width=&quot;4%&quot;&gt;Routing ID&lt;/td&gt;&lt;td style=&quot;vertical-align:top;text-align:left; padding: 0px; font-weight: bold; &quot; width=&quot;4%&quot;&gt;Unmodified Length&lt;/td&gt;&lt;td style=&quot;vertical-align:top;text-align:left; padding: 0px; font-weight: bold; &quot; width=&quot;4%&quot;&gt;Max Length&lt;/td&gt;&lt;td style=&quot;vertical-align:top;text-align:left; padding: 0px; font-weight: bold; &quot; width=&quot;4%&quot;&gt;Min Length&lt;/td&gt;&lt;td style=&quot;vertical-align:top;text-align:left; padding: 0px; font-weight: bold; &quot; width=&quot;4%&quot;&gt;PDM_ID&lt;/td&gt;&lt;td style=&quot;vertical-align:top;text-align:left; padding: 0px; font-weight: bold; &quot; width=&quot;4%&quot;&gt;PDM_REV&lt;/td&gt;&lt;td style=&quot;vertical-align:top;text-align:left; padding: 0px; font-weight: bold; &quot; width=&quot;4%&quot;&gt;PDM_TYPE&lt;/td&gt;&lt;td style=&quot;vertical-align:top;text-align:left; padding: 0px; font-weight: bold; &quot; width=&quot;4%&quot;&gt;PDM_NAME&lt;/td&gt;&lt;td style=&quot;vertical-align:top;text-align:left; padding: 0px; font-weight: bold; &quot; width=&quot;4%&quot;&gt;Segregation&lt;/td&gt;&lt;td style=&quot;vertical-align:top;text-align:left; padding: 0px; font-weight: bold; &quot; width=&quot;4%&quot;&gt;From Device PDM_ID&lt;/td&gt;&lt;td style=&quot;vertical-align:top;text-align:left; padding: 0px; font-weight: bold; &quot; width=&quot;4%&quot;&gt;From Device PDM_REV&lt;/td&gt;&lt;td style=&quot;vertical-align:top;text-align:left; padding: 0px; font-weight: bold; &quot; width=&quot;4%&quot;&gt;From Device PDM_TYPE&lt;/td&gt;&lt;td style=&quot;vertical-align:top;text-align:left; padding: 0px; font-weight: bold; &quot; width=&quot;4%&quot;&gt;To Device PDM_ID&lt;/td&gt;&lt;td style=&quot;vertical-align:top;text-align:left..." type="chs.FileServices$FSComparisonFailure">chs.FileServices$FSComparisonFailure: Differences found : 
Golden: &apos;C:\repos\iesd\chs_home\bld\testdata\temp\chs\common\reporting\TeamcenterLogicComponentBOMTest\reports\config3\NoHomeMulticores.golden.html&apos;
Actual: &apos;C:\repos\iesd\chs_home\bld\testdata\temp\chs\common\reporting\TeamcenterLogicComponentBOMTest\reports\config3\NoHomeMulticores.actual.html&apos;
mv &apos;C:\repos\iesd\chs_home\bld\testdata\temp\chs\common\reporting\TeamcenterLogicComponentBOMTest\reports\config3\NoHomeMulticores.actual.html&apos; &apos;C:\repos\iesd\chs_home\bld\testdata\temp\chs\common\reporting\TeamcenterLogicComponentBOMTest\reports\config3\NoHomeMulticores.golden.html&apos;

Changed : Exp:1 - Act: 1
Exp: &lt;html xmlns:xs=&quot;http://www.w3.org/2001/XMLSchema&quot;&gt;&lt;head&gt;&lt;title&gt;Teamcenter Logic Component BOM&lt;/title&gt;&lt;script language=&quot;javascript&quot; src=&quot;/reporter/scripts/commonscript.js&quot;&gt;&lt;/script&gt;&lt;/head&gt;&lt;body onload=&quot;javascript:initializeReportPage(&apos;report.xsl&apos;)&quot;&gt;&lt;table border=&quot;0&quot; width=&quot;99%&quot;&gt;&lt;colgroup span=&quot;3&quot;&gt;&lt;/colgroup&gt;&lt;tr class=&quot;topRow&quot;&gt;&lt;td style=&quot;width:30%&quot; align=&quot;left&quot; valign=&quot;middle&quot;&gt;&lt;img id=&quot;MGLOGO&quot; width=&quot;137&quot; height=&quot;24&quot; src=&quot;/reporter/images/SiemensLogo.png&quot; /&gt;&lt;b&gt;&lt;/b&gt;&lt;/td&gt;&lt;td width=&quot;49%&quot; align=&quot;center&quot; valign=&quot;middle&quot;&gt;&lt;table width=&quot;100%&quot; border=&quot;0&quot;&gt;&lt;colgroup span=&quot;2&quot;&gt;&lt;/colgroup&gt;&lt;tr&gt;&lt;td width=&quot;25%&quot; align=&quot;left&quot;&gt;&lt;b style=&quot;color: green&quot;&gt;Report&lt;/b&gt;&lt;/td&gt;&lt;td width=&quot;75%&quot; align=&quot;left&quot;&gt;&lt;p style=&quot;color: green&quot;&gt;Teamcenter Logic Component BOM&lt;/p&gt;&lt;/td&gt;&lt;/tr&gt;&lt;tr&gt;&lt;td width=&quot;25%&quot; align=&quot;left&quot;&gt;&lt;b style=&quot;color: green&quot;&gt;User&lt;/b&gt;&lt;/td&gt;&lt;td width=&quot;75%&quot; align=&quot;left&quot;&gt;&lt;i style=&quot;color: green&quot;&gt;system&lt;/i&gt;&lt;/td&gt;&lt;/tr&gt;&lt;/table&gt;&lt;/td&gt;&lt;td align=&quot;right&quot; valign=&quot;middle&quot; width=&quot;20%&quot;&gt;&lt;img id=&quot;puck&quot; border=&quot;0&quot; width=&quot;100&quot; height=&quot;80&quot; src=&quot;/reporter/images/puck_smaller.jpg&quot; /&gt;&lt;b&gt;&lt;/b&gt;&lt;/td&gt;&lt;/tr&gt;&lt;/table&gt;&lt;table border=&quot;0&quot; cellpadding=&quot;0&quot; cellspacing=&quot;0&quot; width=&quot;99%&quot; style=&quot;font-family:Lucida Sans;font-size:12&quot; id=&quot;tableid1&quot;&gt;&lt;colgroup span=&quot;10&quot;&gt;&lt;/colgroup&gt;&lt;tr style=&quot;background-color: #CCDDFF;&quot; class=&quot;header&quot;&gt;&lt;td style=&quot;vertical-align:top;text-align:left; padding: 0px; font-weight: bold; &quot; width=&quot;10%&quot;&gt;Routing ID&lt;/td&gt;&lt;td style=&quot;vertical-align:top;text-align:left; padding: 0px; font-weight: bold; &quot; width=&quot;10%&quot;&gt;ICD name and Revision&lt;/td&gt;&lt;td style=&quot;vertical-align:top;text-align:left; padding: 0px; font-weight: bold; &quot; width=&quot;10%&quot;&gt;PDM_ID&lt;/td&gt;&lt;td style=&quot;vertical-align:top;text-align:left; padding: 0px; font-weight: bold; &quot; width=&quot;10%&quot;&gt;PDM_REV&lt;/td&gt;&lt;td style=&quot;vertical-align:top;text-align:left; padding: 0px; font-weight: bold; &quot; width=&quot;10%&quot;&gt;PDM_TYPE&lt;/td&gt;&lt;td style=&quot;vertical-align:top;text-align:left; padding: 0px; font-weight: bold; &quot; width=&quot;10%&quot;&gt;PDM_NAME&lt;/td&gt;&lt;td style=&quot;vertical-align:top;text-align:left; padding: 0px; font-weight: bold; &quot; width=&quot;10%&quot;&gt;Description&lt;/td&gt;&lt;td style=&quot;vertical-align:top;text-align:left; padding: 0px; font-weight: bold; &quot; width=&quot;10%&quot;&gt;SystemCode&lt;/td&gt;&lt;td style=&quot;vertical-align:top;text-align:left; padding: 0px; font-weight: bold; &quot; width=&quot;10%&quot;&gt;Room&lt;/td&gt;&lt;td style=&quot;vertical-align:top;text-align:left; padding: 0px; font-weight: bold; &quot; width=&quot;10%&quot;&gt;DesignRemarks&lt;/td&gt;&lt;/tr&gt;&lt;tr style=&quot;white-space: pre-wrap;background-color: #E4E4E4;&quot;&gt;&lt;td&gt;ICD1&lt;/td&gt;&lt;td&gt;ICD1&lt;/td&gt;&lt;td&gt;&lt;/td&gt;&lt;td&gt;&lt;/td&gt;&lt;td&gt;&lt;/td&gt;&lt;td&gt;&lt;/td&gt;&lt;td&gt;&lt;/td&gt;&lt;td&gt;&lt;/td&gt;&lt;td&gt;&lt;/td&gt;&lt;td&gt;&lt;/td&gt;&lt;/tr&gt;&lt;tr style=&quot;white-space: pre-wrap;&quot;&gt;&lt;td&gt;ICD2&lt;/td&gt;&lt;td&gt;ICD2&lt;/td&gt;&lt;td&gt;&lt;/td&gt;&lt;td&gt;&lt;/td&gt;&lt;td&gt;&lt;/td&gt;&lt;td&gt;&lt;/td&gt;&lt;td&gt;&lt;/td&gt;&lt;td&gt;&lt;/td&gt;&lt;td&gt;&lt;/td&gt;&lt;td&gt;&lt;/td&gt;&lt;/tr&gt;&lt;/table&gt;&lt;table border=&quot;0&quot; cellpadding=&quot;0&quot; cellspacing=&quot;0&quot; width=&quot;99%&quot; style=&quot;font-family:Lucida Sans;font-size:12&quot; id=&quot;tableid2&quot;&gt;&lt;colgroup span=&quot;22&quot;&gt;&lt;/colgroup&gt;&lt;tr style=&quot;background-color: #CCDDFF;&quot; class=&quot;header&quot;&gt;&lt;td style=&quot;vertical-align:top;text-align:left; padding: 0px; font-weight: bold; &quot; width=&quot;4%&quot;&gt;Routing ID&lt;/td&gt;&lt;td style=&quot;vertical-align:top;text-align:left; padding: 0px; font-weight: bold; &quot; width=&quot;4%&quot;&gt;Unmodified Length&lt;/td&gt;&lt;td style=&quot;vertical-align:top;text-align:left; padding: 0px; font-weight: bold; &quot; width=&quot;4%&quot;&gt;Max Length&lt;/td&gt;&lt;td style=&quot;vertical-align:top;text-align:left; padding: 0px; font-weight: bold; &quot; width=&quot;4%&quot;&gt;Min Length&lt;/td&gt;&lt;td style=&quot;vertical-align:top;text-align:left; padding: 0px; font-weight: bold; &quot; width=&quot;4%&quot;&gt;PDM_ID&lt;/td&gt;&lt;td style=&quot;vertical-align:top;text-align:left; padding: 0px; font-weight: bold; &quot; width=&quot;4%&quot;&gt;PDM_REV&lt;/td&gt;&lt;td style=&quot;vertical-align:top;text-align:left; padding: 0px; font-weight: bold; &quot; width=&quot;4%&quot;&gt;PDM_TYPE&lt;/td&gt;&lt;td style=&quot;vertical-align:top;text-align:left; padding: 0px; font-weight: bold; &quot; width=&quot;4%&quot;&gt;PDM_NAME&lt;/td&gt;&lt;td style=&quot;vertical-align:top;text-align:left; padding: 0px; font-weight: bold; &quot; width=&quot;4%&quot;&gt;Segregation&lt;/td&gt;&lt;td style=&quot;vertical-align:top;text-align:left; padding: 0px; font-weight: bold; &quot; width=&quot;4%&quot;&gt;From Device PDM_ID&lt;/td&gt;&lt;td style=&quot;vertical-align:top;text-align:left; padding: 0px; font-weight: bold; &quot; width=&quot;4%&quot;&gt;From Device PDM_REV&lt;/td&gt;&lt;td style=&quot;vertical-align:top;text-align:left; padding: 0px; font-weight: bold; &quot; width=&quot;4%&quot;&gt;From Device PDM_TYPE&lt;/td&gt;&lt;td style=&quot;vertical-align:top;text-align:left; padding: 0px; font-weight: bold; &quot; width=&quot;4%&quot;&gt;To Device PDM_ID&lt;/td&gt;&lt;td style=&quot;vertical-align:top;text-align:left...
	at chs.common.reporting.ReportTestCase.createAndCompareReports(ReportTestCase.java:102)
	at chs.common.reporting.TeamcenterLogicComponentBOMTest.testReportContent(TeamcenterLogicComponentBOMTest.java:105)
	at chs.common.reporting.TeamcenterLogicComponentBOMTest.testReportWithConfigFile(TeamcenterLogicComponentBOMTest.java:126)
	at chs.common.reporting.TeamcenterLogicComponentBOMTest.testLogicComponentBOMReport(TeamcenterLogicComponentBOMTest.java:110)
</failure>
  </testcase>
  <testcase classname="chs.common.reporting.TeamcenterLogicComponentBOMTest" name="testLogicComponentBOMReport[27]" time="0.721">
    <failure message="Differences found : &#xa;Golden: &apos;C:\repos\iesd\chs_home\bld\testdata\temp\chs\common\reporting\TeamcenterLogicComponentBOMTest\reports\config1\OneDeviceWithAllProps.golden.html&apos;&#xa;Actual: &apos;C:\repos\iesd\chs_home\bld\testdata\temp\chs\common\reporting\TeamcenterLogicComponentBOMTest\reports\config1\OneDeviceWithAllProps.actual.html&apos;&#xa;mv &apos;C:\repos\iesd\chs_home\bld\testdata\temp\chs\common\reporting\TeamcenterLogicComponentBOMTest\reports\config1\OneDeviceWithAllProps.actual.html&apos; &apos;C:\repos\iesd\chs_home\bld\testdata\temp\chs\common\reporting\TeamcenterLogicComponentBOMTest\reports\config1\OneDeviceWithAllProps.golden.html&apos;&#xa;&#xa;Changed : Exp:1 - Act: 1&#xa;Exp: &lt;html xmlns:xs=&quot;http://www.w3.org/2001/XMLSchema&quot;&gt;&lt;head&gt;&lt;title&gt;Teamcenter Logic Component BOM&lt;/title&gt;&lt;script language=&quot;javascript&quot; src=&quot;/reporter/scripts/commonscript.js&quot;&gt;&lt;/script&gt;&lt;/head&gt;&lt;body onload=&quot;javascript:initializeReportPage(&apos;report.xsl&apos;)&quot;&gt;&lt;table border=&quot;0&quot; width=&quot;99%&quot;&gt;&lt;colgroup span=&quot;3&quot;&gt;&lt;/colgroup&gt;&lt;tr class=&quot;topRow&quot;&gt;&lt;td style=&quot;width:30%&quot; align=&quot;left&quot; valign=&quot;middle&quot;&gt;&lt;img id=&quot;MGLOGO&quot; width=&quot;137&quot; height=&quot;24&quot; src=&quot;/reporter/images/SiemensLogo.png&quot; /&gt;&lt;b&gt;&lt;/b&gt;&lt;/td&gt;&lt;td width=&quot;49%&quot; align=&quot;center&quot; valign=&quot;middle&quot;&gt;&lt;table width=&quot;100%&quot; border=&quot;0&quot;&gt;&lt;colgroup span=&quot;2&quot;&gt;&lt;/colgroup&gt;&lt;tr&gt;&lt;td width=&quot;25%&quot; align=&quot;left&quot;&gt;&lt;b style=&quot;color: green&quot;&gt;Report&lt;/b&gt;&lt;/td&gt;&lt;td width=&quot;75%&quot; align=&quot;left&quot;&gt;&lt;p style=&quot;color: green&quot;&gt;Teamcenter Logic Component BOM&lt;/p&gt;&lt;/td&gt;&lt;/tr&gt;&lt;tr&gt;&lt;td width=&quot;25%&quot; align=&quot;left&quot;&gt;&lt;b style=&quot;color: green&quot;&gt;User&lt;/b&gt;&lt;/td&gt;&lt;td width=&quot;75%&quot; align=&quot;left&quot;&gt;&lt;i style=&quot;color: green&quot;&gt;system&lt;/i&gt;&lt;/td&gt;&lt;/tr&gt;&lt;/table&gt;&lt;/td&gt;&lt;td align=&quot;right&quot; valign=&quot;middle&quot; width=&quot;20%&quot;&gt;&lt;img id=&quot;puck&quot; border=&quot;0&quot; width=&quot;100&quot; height=&quot;80&quot; src=&quot;/reporter/images/puck_smaller.jpg&quot; /&gt;&lt;b&gt;&lt;/b&gt;&lt;/td&gt;&lt;/tr&gt;&lt;/table&gt;&lt;table border=&quot;0&quot; cellpadding=&quot;0&quot; cellspacing=&quot;0&quot; width=&quot;99%&quot; style=&quot;font-family:Lucida Sans;font-size:12&quot; id=&quot;tableid1&quot;&gt;&lt;colgroup span=&quot;10&quot;&gt;&lt;/colgroup&gt;&lt;tr style=&quot;background-color: #CCDDFF;&quot; class=&quot;header&quot;&gt;&lt;td style=&quot;vertical-align:top;text-align:left; padding: 0px; font-weight: bold; &quot; width=&quot;10%&quot;&gt;Routing ID&lt;/td&gt;&lt;td style=&quot;vertical-align:top;text-align:left; padding: 0px; font-weight: bold; &quot; width=&quot;10%&quot;&gt;PDM_ID&lt;/td&gt;&lt;td style=&quot;vertical-align:top;text-align:left; padding: 0px; font-weight: bold; &quot; width=&quot;10%&quot;&gt;PDM_REV&lt;/td&gt;&lt;td style=&quot;vertical-align:top;text-align:left; padding: 0px; font-weight: bold; &quot; width=&quot;10%&quot;&gt;PDM_TYPE&lt;/td&gt;&lt;td style=&quot;vertical-align:top;text-align:left; padding: 0px; font-weight: bold; &quot; width=&quot;10%&quot;&gt;PDM_NAME&lt;/td&gt;&lt;td style=&quot;vertical-align:top;text-align:left; padding: 0px; font-weight: bold; &quot; width=&quot;10%&quot;&gt;Description&lt;/td&gt;&lt;td style=&quot;vertical-align:top;text-align:left; padding: 0px; font-weight: bold; &quot; width=&quot;10%&quot;&gt;SystemCode&lt;/td&gt;&lt;td style=&quot;vertical-align:top;text-align:left; padding: 0px; font-weight: bold; &quot; width=&quot;10%&quot;&gt;Room&lt;/td&gt;&lt;td style=&quot;vertical-align:top;text-align:left; padding: 0px; font-weight: bold; &quot; width=&quot;10%&quot;&gt;DesignRemarks&lt;/td&gt;&lt;td style=&quot;vertical-align:top;text-align:left; padding: 0px; font-weight: bold; &quot; width=&quot;10%&quot;&gt;Quantity&lt;/td&gt;&lt;/tr&gt;&lt;tr style=&quot;white-space: pre-wrap;background-color: #E4E4E4;&quot;&gt;&lt;td&gt;Design1:1:DEV1&lt;/td&gt;&lt;td&gt;ID&lt;/td&gt;&lt;td&gt;Rev&lt;/td&gt;&lt;td&gt;Type&lt;/td&gt;&lt;td&gt;Name&lt;/td&gt;&lt;td&gt;&lt;/td&gt;&lt;td&gt;&lt;/td&gt;&lt;td&gt;&lt;/td&gt;&lt;td&gt;&lt;/td&gt;&lt;td&gt;1&lt;/td&gt;&lt;/tr&gt;&lt;/table&gt;&lt;table border=&quot;0&quot; cellpadding=&quot;0&quot; cellspacing=&quot;0&quot; width=&quot;99%&quot; style=&quot;font-family:Lucida Sans;font-size:12&quot; id=&quot;tableid2&quot;&gt;&lt;colgroup span=&quot;22&quot;&gt;&lt;/colgroup&gt;&lt;tr style=&quot;background-color: #CCDDFF;&quot; class=&quot;header&quot;&gt;&lt;td style=&quot;vertical-align:top;text-align:left; padding: 0px; font-weight: bold; &quot; width=&quot;4%&quot;&gt;Routing ID&lt;/td&gt;&lt;td style=&quot;vertical-align:top;text-align:left; padding: 0px; font-weight: bold; &quot; width=&quot;4%&quot;&gt;Description&lt;/td&gt;&lt;td style=&quot;vertical-align:top;text-align:left; padding: 0px; font-weight: bold; &quot; width=&quot;4%&quot;&gt;Segregation&lt;/td&gt;&lt;td style=&quot;vertical-align:top;text-align:left; padding: 0px; font-weight: bold; &quot; width=&quot;4%&quot;&gt;SystemCode&lt;/td&gt;&lt;td style=&quot;vertical-align:top;text-align:left; padding: 0px; font-weight: bold; &quot; width=&quot;4%&quot;&gt;Unmodified Length&lt;/td&gt;&lt;td style=&quot;vertical-align:top;text-align:left; padding: 0px; font-weight: bold; &quot; width=&quot;4%&quot;&gt;Max Length&lt;/td&gt;&lt;td style=&quot;vertical-align:top;text-align:left; padding: 0px; font-weight: bold; &quot; width=&quot;4%&quot;&gt;Min Length&lt;/td&gt;&lt;td style=&quot;vertical-align:top;text-align:left; padding: 0px; font-weight: bold; &quot; width=&quot;4%&quot;&gt;Bundling&lt;/td&gt;&lt;td style=&quot;vertical-align:top;text-align:left; padding: 0px; font-weight: bold; &quot; width=&quot;4%&quot;&gt;Grouping&lt;/td&gt;&lt;td style=&quot;vertical-align:top;text-align:left; padding: 0px; font-weight: bold; &quot; width=&quot;4%&quot;&gt;Multiplier&lt;/td&gt;&lt;td style=&quot;vertical-align:top;text-align:left; padding: 0px; font-weight: bold; &quot; width=&quot;4%&quot;&gt;Multiplier suffixes&lt;/td&gt;&lt;td style=&quot;vertical-align:top;text-align:left; padding: 0px; font-weight: bold; &quot; width=&quot;4%&quot;&gt;PDM_ID&lt;/td&gt;&lt;td style=&quot;vertical-align:top;text-align:left; padding: 0px; font-weight: bold; &quot; width=&quot;4%&quot;&gt;PDM_REV&lt;/td&gt;&lt;td style=&quot;vertical-align:top;text-align:left; padding: 0px; font-weight: bold; &quot; width=&quot;4%&quot;&gt;PDM_TYPE&lt;/td&gt;&lt;td style=&quot;vertical-align:top;text-align:left; padding: 0px; font-weight:..." type="chs.FileServices$FSComparisonFailure">chs.FileServices$FSComparisonFailure: Differences found : 
Golden: &apos;C:\repos\iesd\chs_home\bld\testdata\temp\chs\common\reporting\TeamcenterLogicComponentBOMTest\reports\config1\OneDeviceWithAllProps.golden.html&apos;
Actual: &apos;C:\repos\iesd\chs_home\bld\testdata\temp\chs\common\reporting\TeamcenterLogicComponentBOMTest\reports\config1\OneDeviceWithAllProps.actual.html&apos;
mv &apos;C:\repos\iesd\chs_home\bld\testdata\temp\chs\common\reporting\TeamcenterLogicComponentBOMTest\reports\config1\OneDeviceWithAllProps.actual.html&apos; &apos;C:\repos\iesd\chs_home\bld\testdata\temp\chs\common\reporting\TeamcenterLogicComponentBOMTest\reports\config1\OneDeviceWithAllProps.golden.html&apos;

Changed : Exp:1 - Act: 1
Exp: &lt;html xmlns:xs=&quot;http://www.w3.org/2001/XMLSchema&quot;&gt;&lt;head&gt;&lt;title&gt;Teamcenter Logic Component BOM&lt;/title&gt;&lt;script language=&quot;javascript&quot; src=&quot;/reporter/scripts/commonscript.js&quot;&gt;&lt;/script&gt;&lt;/head&gt;&lt;body onload=&quot;javascript:initializeReportPage(&apos;report.xsl&apos;)&quot;&gt;&lt;table border=&quot;0&quot; width=&quot;99%&quot;&gt;&lt;colgroup span=&quot;3&quot;&gt;&lt;/colgroup&gt;&lt;tr class=&quot;topRow&quot;&gt;&lt;td style=&quot;width:30%&quot; align=&quot;left&quot; valign=&quot;middle&quot;&gt;&lt;img id=&quot;MGLOGO&quot; width=&quot;137&quot; height=&quot;24&quot; src=&quot;/reporter/images/SiemensLogo.png&quot; /&gt;&lt;b&gt;&lt;/b&gt;&lt;/td&gt;&lt;td width=&quot;49%&quot; align=&quot;center&quot; valign=&quot;middle&quot;&gt;&lt;table width=&quot;100%&quot; border=&quot;0&quot;&gt;&lt;colgroup span=&quot;2&quot;&gt;&lt;/colgroup&gt;&lt;tr&gt;&lt;td width=&quot;25%&quot; align=&quot;left&quot;&gt;&lt;b style=&quot;color: green&quot;&gt;Report&lt;/b&gt;&lt;/td&gt;&lt;td width=&quot;75%&quot; align=&quot;left&quot;&gt;&lt;p style=&quot;color: green&quot;&gt;Teamcenter Logic Component BOM&lt;/p&gt;&lt;/td&gt;&lt;/tr&gt;&lt;tr&gt;&lt;td width=&quot;25%&quot; align=&quot;left&quot;&gt;&lt;b style=&quot;color: green&quot;&gt;User&lt;/b&gt;&lt;/td&gt;&lt;td width=&quot;75%&quot; align=&quot;left&quot;&gt;&lt;i style=&quot;color: green&quot;&gt;system&lt;/i&gt;&lt;/td&gt;&lt;/tr&gt;&lt;/table&gt;&lt;/td&gt;&lt;td align=&quot;right&quot; valign=&quot;middle&quot; width=&quot;20%&quot;&gt;&lt;img id=&quot;puck&quot; border=&quot;0&quot; width=&quot;100&quot; height=&quot;80&quot; src=&quot;/reporter/images/puck_smaller.jpg&quot; /&gt;&lt;b&gt;&lt;/b&gt;&lt;/td&gt;&lt;/tr&gt;&lt;/table&gt;&lt;table border=&quot;0&quot; cellpadding=&quot;0&quot; cellspacing=&quot;0&quot; width=&quot;99%&quot; style=&quot;font-family:Lucida Sans;font-size:12&quot; id=&quot;tableid1&quot;&gt;&lt;colgroup span=&quot;10&quot;&gt;&lt;/colgroup&gt;&lt;tr style=&quot;background-color: #CCDDFF;&quot; class=&quot;header&quot;&gt;&lt;td style=&quot;vertical-align:top;text-align:left; padding: 0px; font-weight: bold; &quot; width=&quot;10%&quot;&gt;Routing ID&lt;/td&gt;&lt;td style=&quot;vertical-align:top;text-align:left; padding: 0px; font-weight: bold; &quot; width=&quot;10%&quot;&gt;PDM_ID&lt;/td&gt;&lt;td style=&quot;vertical-align:top;text-align:left; padding: 0px; font-weight: bold; &quot; width=&quot;10%&quot;&gt;PDM_REV&lt;/td&gt;&lt;td style=&quot;vertical-align:top;text-align:left; padding: 0px; font-weight: bold; &quot; width=&quot;10%&quot;&gt;PDM_TYPE&lt;/td&gt;&lt;td style=&quot;vertical-align:top;text-align:left; padding: 0px; font-weight: bold; &quot; width=&quot;10%&quot;&gt;PDM_NAME&lt;/td&gt;&lt;td style=&quot;vertical-align:top;text-align:left; padding: 0px; font-weight: bold; &quot; width=&quot;10%&quot;&gt;Description&lt;/td&gt;&lt;td style=&quot;vertical-align:top;text-align:left; padding: 0px; font-weight: bold; &quot; width=&quot;10%&quot;&gt;SystemCode&lt;/td&gt;&lt;td style=&quot;vertical-align:top;text-align:left; padding: 0px; font-weight: bold; &quot; width=&quot;10%&quot;&gt;Room&lt;/td&gt;&lt;td style=&quot;vertical-align:top;text-align:left; padding: 0px; font-weight: bold; &quot; width=&quot;10%&quot;&gt;DesignRemarks&lt;/td&gt;&lt;td style=&quot;vertical-align:top;text-align:left; padding: 0px; font-weight: bold; &quot; width=&quot;10%&quot;&gt;Quantity&lt;/td&gt;&lt;/tr&gt;&lt;tr style=&quot;white-space: pre-wrap;background-color: #E4E4E4;&quot;&gt;&lt;td&gt;Design1:1:DEV1&lt;/td&gt;&lt;td&gt;ID&lt;/td&gt;&lt;td&gt;Rev&lt;/td&gt;&lt;td&gt;Type&lt;/td&gt;&lt;td&gt;Name&lt;/td&gt;&lt;td&gt;&lt;/td&gt;&lt;td&gt;&lt;/td&gt;&lt;td&gt;&lt;/td&gt;&lt;td&gt;&lt;/td&gt;&lt;td&gt;1&lt;/td&gt;&lt;/tr&gt;&lt;/table&gt;&lt;table border=&quot;0&quot; cellpadding=&quot;0&quot; cellspacing=&quot;0&quot; width=&quot;99%&quot; style=&quot;font-family:Lucida Sans;font-size:12&quot; id=&quot;tableid2&quot;&gt;&lt;colgroup span=&quot;22&quot;&gt;&lt;/colgroup&gt;&lt;tr style=&quot;background-color: #CCDDFF;&quot; class=&quot;header&quot;&gt;&lt;td style=&quot;vertical-align:top;text-align:left; padding: 0px; font-weight: bold; &quot; width=&quot;4%&quot;&gt;Routing ID&lt;/td&gt;&lt;td style=&quot;vertical-align:top;text-align:left; padding: 0px; font-weight: bold; &quot; width=&quot;4%&quot;&gt;Description&lt;/td&gt;&lt;td style=&quot;vertical-align:top;text-align:left; padding: 0px; font-weight: bold; &quot; width=&quot;4%&quot;&gt;Segregation&lt;/td&gt;&lt;td style=&quot;vertical-align:top;text-align:left; padding: 0px; font-weight: bold; &quot; width=&quot;4%&quot;&gt;SystemCode&lt;/td&gt;&lt;td style=&quot;vertical-align:top;text-align:left; padding: 0px; font-weight: bold; &quot; width=&quot;4%&quot;&gt;Unmodified Length&lt;/td&gt;&lt;td style=&quot;vertical-align:top;text-align:left; padding: 0px; font-weight: bold; &quot; width=&quot;4%&quot;&gt;Max Length&lt;/td&gt;&lt;td style=&quot;vertical-align:top;text-align:left; padding: 0px; font-weight: bold; &quot; width=&quot;4%&quot;&gt;Min Length&lt;/td&gt;&lt;td style=&quot;vertical-align:top;text-align:left; padding: 0px; font-weight: bold; &quot; width=&quot;4%&quot;&gt;Bundling&lt;/td&gt;&lt;td style=&quot;vertical-align:top;text-align:left; padding: 0px; font-weight: bold; &quot; width=&quot;4%&quot;&gt;Grouping&lt;/td&gt;&lt;td style=&quot;vertical-align:top;text-align:left; padding: 0px; font-weight: bold; &quot; width=&quot;4%&quot;&gt;Multiplier&lt;/td&gt;&lt;td style=&quot;vertical-align:top;text-align:left; padding: 0px; font-weight: bold; &quot; width=&quot;4%&quot;&gt;Multiplier suffixes&lt;/td&gt;&lt;td style=&quot;vertical-align:top;text-align:left; padding: 0px; font-weight: bold; &quot; width=&quot;4%&quot;&gt;PDM_ID&lt;/td&gt;&lt;td style=&quot;vertical-align:top;text-align:left; padding: 0px; font-weight: bold; &quot; width=&quot;4%&quot;&gt;PDM_REV&lt;/td&gt;&lt;td style=&quot;vertical-align:top;text-align:left; padding: 0px; font-weight: bold; &quot; width=&quot;4%&quot;&gt;PDM_TYPE&lt;/td&gt;&lt;td style=&quot;vertical-align:top;text-align:left; padding: 0px; font-weight:...
	at chs.common.reporting.ReportTestCase.createAndCompareReports(ReportTestCase.java:102)
	at chs.common.reporting.TeamcenterLogicComponentBOMTest.testReportContent(TeamcenterLogicComponentBOMTest.java:105)
	at chs.common.reporting.TeamcenterLogicComponentBOMTest.testReportWithConfigFile(TeamcenterLogicComponentBOMTest.java:126)
	at chs.common.reporting.TeamcenterLogicComponentBOMTest.testLogicComponentBOMReport(TeamcenterLogicComponentBOMTest.java:110)
</failure>
  </testcase>
  <testcase classname="chs.common.reporting.TeamcenterLogicComponentBOMTest" name="testLogicComponentBOMReport[28]" time="0.471">
    <failure message="Differences found : &#xa;Golden: &apos;C:\repos\iesd\chs_home\bld\testdata\temp\chs\common\reporting\TeamcenterLogicComponentBOMTest\reports\config2\OneDeviceWithAllProps.golden.html&apos;&#xa;Actual: &apos;C:\repos\iesd\chs_home\bld\testdata\temp\chs\common\reporting\TeamcenterLogicComponentBOMTest\reports\config2\OneDeviceWithAllProps.actual.html&apos;&#xa;mv &apos;C:\repos\iesd\chs_home\bld\testdata\temp\chs\common\reporting\TeamcenterLogicComponentBOMTest\reports\config2\OneDeviceWithAllProps.actual.html&apos; &apos;C:\repos\iesd\chs_home\bld\testdata\temp\chs\common\reporting\TeamcenterLogicComponentBOMTest\reports\config2\OneDeviceWithAllProps.golden.html&apos;&#xa;&#xa;Changed : Exp:1 - Act: 1&#xa;Exp: &lt;html xmlns:xs=&quot;http://www.w3.org/2001/XMLSchema&quot;&gt;&lt;head&gt;&lt;title&gt;Teamcenter Logic Component BOM&lt;/title&gt;&lt;script language=&quot;javascript&quot; src=&quot;/reporter/scripts/commonscript.js&quot;&gt;&lt;/script&gt;&lt;/head&gt;&lt;body onload=&quot;javascript:initializeReportPage(&apos;report.xsl&apos;)&quot;&gt;&lt;table border=&quot;0&quot; width=&quot;99%&quot;&gt;&lt;colgroup span=&quot;3&quot;&gt;&lt;/colgroup&gt;&lt;tr class=&quot;topRow&quot;&gt;&lt;td style=&quot;width:30%&quot; align=&quot;left&quot; valign=&quot;middle&quot;&gt;&lt;img id=&quot;MGLOGO&quot; width=&quot;137&quot; height=&quot;24&quot; src=&quot;/reporter/images/SiemensLogo.png&quot; /&gt;&lt;b&gt;&lt;/b&gt;&lt;/td&gt;&lt;td width=&quot;49%&quot; align=&quot;center&quot; valign=&quot;middle&quot;&gt;&lt;table width=&quot;100%&quot; border=&quot;0&quot;&gt;&lt;colgroup span=&quot;2&quot;&gt;&lt;/colgroup&gt;&lt;tr&gt;&lt;td width=&quot;25%&quot; align=&quot;left&quot;&gt;&lt;b style=&quot;color: green&quot;&gt;Report&lt;/b&gt;&lt;/td&gt;&lt;td width=&quot;75%&quot; align=&quot;left&quot;&gt;&lt;p style=&quot;color: green&quot;&gt;Teamcenter Logic Component BOM&lt;/p&gt;&lt;/td&gt;&lt;/tr&gt;&lt;tr&gt;&lt;td width=&quot;25%&quot; align=&quot;left&quot;&gt;&lt;b style=&quot;color: green&quot;&gt;User&lt;/b&gt;&lt;/td&gt;&lt;td width=&quot;75%&quot; align=&quot;left&quot;&gt;&lt;i style=&quot;color: green&quot;&gt;system&lt;/i&gt;&lt;/td&gt;&lt;/tr&gt;&lt;/table&gt;&lt;/td&gt;&lt;td align=&quot;right&quot; valign=&quot;middle&quot; width=&quot;20%&quot;&gt;&lt;img id=&quot;puck&quot; border=&quot;0&quot; width=&quot;100&quot; height=&quot;80&quot; src=&quot;/reporter/images/puck_smaller.jpg&quot; /&gt;&lt;b&gt;&lt;/b&gt;&lt;/td&gt;&lt;/tr&gt;&lt;/table&gt;&lt;table border=&quot;0&quot; cellpadding=&quot;0&quot; cellspacing=&quot;0&quot; width=&quot;99%&quot; style=&quot;font-family:Lucida Sans;font-size:12&quot; id=&quot;tableid1&quot;&gt;&lt;colgroup span=&quot;9&quot;&gt;&lt;/colgroup&gt;&lt;tr style=&quot;background-color: #CCDDFF;&quot; class=&quot;header&quot;&gt;&lt;td style=&quot;vertical-align:top;text-align:left; padding: 0px; font-weight: bold; &quot; width=&quot;11%&quot;&gt;Routing ID&lt;/td&gt;&lt;td style=&quot;vertical-align:top;text-align:left; padding: 0px; font-weight: bold; &quot; width=&quot;11%&quot;&gt;PDM_ID&lt;/td&gt;&lt;td style=&quot;vertical-align:top;text-align:left; padding: 0px; font-weight: bold; &quot; width=&quot;11%&quot;&gt;PDM_REV&lt;/td&gt;&lt;td style=&quot;vertical-align:top;text-align:left; padding: 0px; font-weight: bold; &quot; width=&quot;11%&quot;&gt;PDM_TYPE&lt;/td&gt;&lt;td style=&quot;vertical-align:top;text-align:left; padding: 0px; font-weight: bold; &quot; width=&quot;11%&quot;&gt;PDM_NAME&lt;/td&gt;&lt;td style=&quot;vertical-align:top;text-align:left; padding: 0px; font-weight: bold; &quot; width=&quot;11%&quot;&gt;Description&lt;/td&gt;&lt;td style=&quot;vertical-align:top;text-align:left; padding: 0px; font-weight: bold; &quot; width=&quot;11%&quot;&gt;SystemCode&lt;/td&gt;&lt;td style=&quot;vertical-align:top;text-align:left; padding: 0px; font-weight: bold; &quot; width=&quot;11%&quot;&gt;Room&lt;/td&gt;&lt;td style=&quot;vertical-align:top;text-align:left; padding: 0px; font-weight: bold; &quot; width=&quot;11%&quot;&gt;DesignRemarks&lt;/td&gt;&lt;/tr&gt;&lt;tr style=&quot;white-space: pre-wrap;background-color: #E4E4E4;&quot;&gt;&lt;td&gt;Design1:1:DEV1&lt;/td&gt;&lt;td&gt;ID&lt;/td&gt;&lt;td&gt;Rev&lt;/td&gt;&lt;td&gt;Type&lt;/td&gt;&lt;td&gt;Name&lt;/td&gt;&lt;td&gt;&lt;/td&gt;&lt;td&gt;Value2&lt;/td&gt;&lt;td&gt;&lt;/td&gt;&lt;td&gt;&lt;/td&gt;&lt;/tr&gt;&lt;/table&gt;&lt;table border=&quot;0&quot; cellpadding=&quot;0&quot; cellspacing=&quot;0&quot; width=&quot;99%&quot; style=&quot;font-family:Lucida Sans;font-size:12&quot; id=&quot;tableid2&quot;&gt;&lt;colgroup span=&quot;22&quot;&gt;&lt;/colgroup&gt;&lt;tr style=&quot;background-color: #CCDDFF;&quot; class=&quot;header&quot;&gt;&lt;td style=&quot;vertical-align:top;text-align:left; padding: 0px; font-weight: bold; &quot; width=&quot;4%&quot;&gt;Routing ID&lt;/td&gt;&lt;td style=&quot;vertical-align:top;text-align:left; padding: 0px; font-weight: bold; &quot; width=&quot;4%&quot;&gt;Unmodified Length&lt;/td&gt;&lt;td style=&quot;vertical-align:top;text-align:left; padding: 0px; font-weight: bold; &quot; width=&quot;4%&quot;&gt;Max Length&lt;/td&gt;&lt;td style=&quot;vertical-align:top;text-align:left; padding: 0px; font-weight: bold; &quot; width=&quot;4%&quot;&gt;Min Length&lt;/td&gt;&lt;td style=&quot;vertical-align:top;text-align:left; padding: 0px; font-weight: bold; &quot; width=&quot;4%&quot;&gt;PDM_ID&lt;/td&gt;&lt;td style=&quot;vertical-align:top;text-align:left; padding: 0px; font-weight: bold; &quot; width=&quot;4%&quot;&gt;PDM_REV&lt;/td&gt;&lt;td style=&quot;vertical-align:top;text-align:left; padding: 0px; font-weight: bold; &quot; width=&quot;4%&quot;&gt;PDM_TYPE&lt;/td&gt;&lt;td style=&quot;vertical-align:top;text-align:left; padding: 0px; font-weight: bold; &quot; width=&quot;4%&quot;&gt;PDM_NAME&lt;/td&gt;&lt;td style=&quot;vertical-align:top;text-align:left; padding: 0px; font-weight: bold; &quot; width=&quot;4%&quot;&gt;Segregation&lt;/td&gt;&lt;td style=&quot;vertical-align:top;text-align:left; padding: 0px; font-weight: bold; &quot; width=&quot;4%&quot;&gt;From Device PDM_ID&lt;/td&gt;&lt;td style=&quot;vertical-align:top;text-align:left; padding: 0px; font-weight: bold; &quot; width=&quot;4%&quot;&gt;From Device PDM_REV&lt;/td&gt;&lt;td style=&quot;vertical-align:top;text-align:left; padding: 0px; font-weight: bold; &quot; width=&quot;4%&quot;&gt;From Device PDM_TYPE&lt;/td&gt;&lt;td style=&quot;vertical-align:top;text-align:left; padding: 0px; font-weight: bold; &quot; width=&quot;4%&quot;&gt;To Device PDM_ID&lt;/td&gt;&lt;td style=&quot;vertical-align:top;text-align:left; padding: 0px; font-weight: bold; &quot; width=&quot;4%&quot;&gt;To Device PDM_REV&lt;/td&gt;&lt;td style=&quot;vertical-align:top;text-align:left; padding: 0px; font-weight: bold; &quot; width=&quot;4%&quot;&gt;To Device PDM_TYPE&lt;/td&gt;&lt;td style=&quot;vertical-align:top;text-al..." type="chs.FileServices$FSComparisonFailure">chs.FileServices$FSComparisonFailure: Differences found : 
Golden: &apos;C:\repos\iesd\chs_home\bld\testdata\temp\chs\common\reporting\TeamcenterLogicComponentBOMTest\reports\config2\OneDeviceWithAllProps.golden.html&apos;
Actual: &apos;C:\repos\iesd\chs_home\bld\testdata\temp\chs\common\reporting\TeamcenterLogicComponentBOMTest\reports\config2\OneDeviceWithAllProps.actual.html&apos;
mv &apos;C:\repos\iesd\chs_home\bld\testdata\temp\chs\common\reporting\TeamcenterLogicComponentBOMTest\reports\config2\OneDeviceWithAllProps.actual.html&apos; &apos;C:\repos\iesd\chs_home\bld\testdata\temp\chs\common\reporting\TeamcenterLogicComponentBOMTest\reports\config2\OneDeviceWithAllProps.golden.html&apos;

Changed : Exp:1 - Act: 1
Exp: &lt;html xmlns:xs=&quot;http://www.w3.org/2001/XMLSchema&quot;&gt;&lt;head&gt;&lt;title&gt;Teamcenter Logic Component BOM&lt;/title&gt;&lt;script language=&quot;javascript&quot; src=&quot;/reporter/scripts/commonscript.js&quot;&gt;&lt;/script&gt;&lt;/head&gt;&lt;body onload=&quot;javascript:initializeReportPage(&apos;report.xsl&apos;)&quot;&gt;&lt;table border=&quot;0&quot; width=&quot;99%&quot;&gt;&lt;colgroup span=&quot;3&quot;&gt;&lt;/colgroup&gt;&lt;tr class=&quot;topRow&quot;&gt;&lt;td style=&quot;width:30%&quot; align=&quot;left&quot; valign=&quot;middle&quot;&gt;&lt;img id=&quot;MGLOGO&quot; width=&quot;137&quot; height=&quot;24&quot; src=&quot;/reporter/images/SiemensLogo.png&quot; /&gt;&lt;b&gt;&lt;/b&gt;&lt;/td&gt;&lt;td width=&quot;49%&quot; align=&quot;center&quot; valign=&quot;middle&quot;&gt;&lt;table width=&quot;100%&quot; border=&quot;0&quot;&gt;&lt;colgroup span=&quot;2&quot;&gt;&lt;/colgroup&gt;&lt;tr&gt;&lt;td width=&quot;25%&quot; align=&quot;left&quot;&gt;&lt;b style=&quot;color: green&quot;&gt;Report&lt;/b&gt;&lt;/td&gt;&lt;td width=&quot;75%&quot; align=&quot;left&quot;&gt;&lt;p style=&quot;color: green&quot;&gt;Teamcenter Logic Component BOM&lt;/p&gt;&lt;/td&gt;&lt;/tr&gt;&lt;tr&gt;&lt;td width=&quot;25%&quot; align=&quot;left&quot;&gt;&lt;b style=&quot;color: green&quot;&gt;User&lt;/b&gt;&lt;/td&gt;&lt;td width=&quot;75%&quot; align=&quot;left&quot;&gt;&lt;i style=&quot;color: green&quot;&gt;system&lt;/i&gt;&lt;/td&gt;&lt;/tr&gt;&lt;/table&gt;&lt;/td&gt;&lt;td align=&quot;right&quot; valign=&quot;middle&quot; width=&quot;20%&quot;&gt;&lt;img id=&quot;puck&quot; border=&quot;0&quot; width=&quot;100&quot; height=&quot;80&quot; src=&quot;/reporter/images/puck_smaller.jpg&quot; /&gt;&lt;b&gt;&lt;/b&gt;&lt;/td&gt;&lt;/tr&gt;&lt;/table&gt;&lt;table border=&quot;0&quot; cellpadding=&quot;0&quot; cellspacing=&quot;0&quot; width=&quot;99%&quot; style=&quot;font-family:Lucida Sans;font-size:12&quot; id=&quot;tableid1&quot;&gt;&lt;colgroup span=&quot;9&quot;&gt;&lt;/colgroup&gt;&lt;tr style=&quot;background-color: #CCDDFF;&quot; class=&quot;header&quot;&gt;&lt;td style=&quot;vertical-align:top;text-align:left; padding: 0px; font-weight: bold; &quot; width=&quot;11%&quot;&gt;Routing ID&lt;/td&gt;&lt;td style=&quot;vertical-align:top;text-align:left; padding: 0px; font-weight: bold; &quot; width=&quot;11%&quot;&gt;PDM_ID&lt;/td&gt;&lt;td style=&quot;vertical-align:top;text-align:left; padding: 0px; font-weight: bold; &quot; width=&quot;11%&quot;&gt;PDM_REV&lt;/td&gt;&lt;td style=&quot;vertical-align:top;text-align:left; padding: 0px; font-weight: bold; &quot; width=&quot;11%&quot;&gt;PDM_TYPE&lt;/td&gt;&lt;td style=&quot;vertical-align:top;text-align:left; padding: 0px; font-weight: bold; &quot; width=&quot;11%&quot;&gt;PDM_NAME&lt;/td&gt;&lt;td style=&quot;vertical-align:top;text-align:left; padding: 0px; font-weight: bold; &quot; width=&quot;11%&quot;&gt;Description&lt;/td&gt;&lt;td style=&quot;vertical-align:top;text-align:left; padding: 0px; font-weight: bold; &quot; width=&quot;11%&quot;&gt;SystemCode&lt;/td&gt;&lt;td style=&quot;vertical-align:top;text-align:left; padding: 0px; font-weight: bold; &quot; width=&quot;11%&quot;&gt;Room&lt;/td&gt;&lt;td style=&quot;vertical-align:top;text-align:left; padding: 0px; font-weight: bold; &quot; width=&quot;11%&quot;&gt;DesignRemarks&lt;/td&gt;&lt;/tr&gt;&lt;tr style=&quot;white-space: pre-wrap;background-color: #E4E4E4;&quot;&gt;&lt;td&gt;Design1:1:DEV1&lt;/td&gt;&lt;td&gt;ID&lt;/td&gt;&lt;td&gt;Rev&lt;/td&gt;&lt;td&gt;Type&lt;/td&gt;&lt;td&gt;Name&lt;/td&gt;&lt;td&gt;&lt;/td&gt;&lt;td&gt;Value2&lt;/td&gt;&lt;td&gt;&lt;/td&gt;&lt;td&gt;&lt;/td&gt;&lt;/tr&gt;&lt;/table&gt;&lt;table border=&quot;0&quot; cellpadding=&quot;0&quot; cellspacing=&quot;0&quot; width=&quot;99%&quot; style=&quot;font-family:Lucida Sans;font-size:12&quot; id=&quot;tableid2&quot;&gt;&lt;colgroup span=&quot;22&quot;&gt;&lt;/colgroup&gt;&lt;tr style=&quot;background-color: #CCDDFF;&quot; class=&quot;header&quot;&gt;&lt;td style=&quot;vertical-align:top;text-align:left; padding: 0px; font-weight: bold; &quot; width=&quot;4%&quot;&gt;Routing ID&lt;/td&gt;&lt;td style=&quot;vertical-align:top;text-align:left; padding: 0px; font-weight: bold; &quot; width=&quot;4%&quot;&gt;Unmodified Length&lt;/td&gt;&lt;td style=&quot;vertical-align:top;text-align:left; padding: 0px; font-weight: bold; &quot; width=&quot;4%&quot;&gt;Max Length&lt;/td&gt;&lt;td style=&quot;vertical-align:top;text-align:left; padding: 0px; font-weight: bold; &quot; width=&quot;4%&quot;&gt;Min Length&lt;/td&gt;&lt;td style=&quot;vertical-align:top;text-align:left; padding: 0px; font-weight: bold; &quot; width=&quot;4%&quot;&gt;PDM_ID&lt;/td&gt;&lt;td style=&quot;vertical-align:top;text-align:left; padding: 0px; font-weight: bold; &quot; width=&quot;4%&quot;&gt;PDM_REV&lt;/td&gt;&lt;td style=&quot;vertical-align:top;text-align:left; padding: 0px; font-weight: bold; &quot; width=&quot;4%&quot;&gt;PDM_TYPE&lt;/td&gt;&lt;td style=&quot;vertical-align:top;text-align:left; padding: 0px; font-weight: bold; &quot; width=&quot;4%&quot;&gt;PDM_NAME&lt;/td&gt;&lt;td style=&quot;vertical-align:top;text-align:left; padding: 0px; font-weight: bold; &quot; width=&quot;4%&quot;&gt;Segregation&lt;/td&gt;&lt;td style=&quot;vertical-align:top;text-align:left; padding: 0px; font-weight: bold; &quot; width=&quot;4%&quot;&gt;From Device PDM_ID&lt;/td&gt;&lt;td style=&quot;vertical-align:top;text-align:left; padding: 0px; font-weight: bold; &quot; width=&quot;4%&quot;&gt;From Device PDM_REV&lt;/td&gt;&lt;td style=&quot;vertical-align:top;text-align:left; padding: 0px; font-weight: bold; &quot; width=&quot;4%&quot;&gt;From Device PDM_TYPE&lt;/td&gt;&lt;td style=&quot;vertical-align:top;text-align:left; padding: 0px; font-weight: bold; &quot; width=&quot;4%&quot;&gt;To Device PDM_ID&lt;/td&gt;&lt;td style=&quot;vertical-align:top;text-align:left; padding: 0px; font-weight: bold; &quot; width=&quot;4%&quot;&gt;To Device PDM_REV&lt;/td&gt;&lt;td style=&quot;vertical-align:top;text-align:left; padding: 0px; font-weight: bold; &quot; width=&quot;4%&quot;&gt;To Device PDM_TYPE&lt;/td&gt;&lt;td style=&quot;vertical-align:top;text-al...
	at chs.common.reporting.ReportTestCase.createAndCompareReports(ReportTestCase.java:102)
	at chs.common.reporting.TeamcenterLogicComponentBOMTest.testReportContent(TeamcenterLogicComponentBOMTest.java:105)
	at chs.common.reporting.TeamcenterLogicComponentBOMTest.testReportWithConfigFile(TeamcenterLogicComponentBOMTest.java:126)
	at chs.common.reporting.TeamcenterLogicComponentBOMTest.testLogicComponentBOMReport(TeamcenterLogicComponentBOMTest.java:110)
</failure>
  </testcase>
  <testcase classname="chs.common.reporting.TeamcenterLogicComponentBOMTest" name="testLogicComponentBOMReport[29]" time="0.521">
    <failure message="Differences found : &#xa;Golden: &apos;C:\repos\iesd\chs_home\bld\testdata\temp\chs\common\reporting\TeamcenterLogicComponentBOMTest\reports\config3\OneDeviceWithAllProps.golden.html&apos;&#xa;Actual: &apos;C:\repos\iesd\chs_home\bld\testdata\temp\chs\common\reporting\TeamcenterLogicComponentBOMTest\reports\config3\OneDeviceWithAllProps.actual.html&apos;&#xa;mv &apos;C:\repos\iesd\chs_home\bld\testdata\temp\chs\common\reporting\TeamcenterLogicComponentBOMTest\reports\config3\OneDeviceWithAllProps.actual.html&apos; &apos;C:\repos\iesd\chs_home\bld\testdata\temp\chs\common\reporting\TeamcenterLogicComponentBOMTest\reports\config3\OneDeviceWithAllProps.golden.html&apos;&#xa;&#xa;Changed : Exp:1 - Act: 1&#xa;Exp: &lt;html xmlns:xs=&quot;http://www.w3.org/2001/XMLSchema&quot;&gt;&lt;head&gt;&lt;title&gt;Teamcenter Logic Component BOM&lt;/title&gt;&lt;script language=&quot;javascript&quot; src=&quot;/reporter/scripts/commonscript.js&quot;&gt;&lt;/script&gt;&lt;/head&gt;&lt;body onload=&quot;javascript:initializeReportPage(&apos;report.xsl&apos;)&quot;&gt;&lt;table border=&quot;0&quot; width=&quot;99%&quot;&gt;&lt;colgroup span=&quot;3&quot;&gt;&lt;/colgroup&gt;&lt;tr class=&quot;topRow&quot;&gt;&lt;td style=&quot;width:30%&quot; align=&quot;left&quot; valign=&quot;middle&quot;&gt;&lt;img id=&quot;MGLOGO&quot; width=&quot;137&quot; height=&quot;24&quot; src=&quot;/reporter/images/SiemensLogo.png&quot; /&gt;&lt;b&gt;&lt;/b&gt;&lt;/td&gt;&lt;td width=&quot;49%&quot; align=&quot;center&quot; valign=&quot;middle&quot;&gt;&lt;table width=&quot;100%&quot; border=&quot;0&quot;&gt;&lt;colgroup span=&quot;2&quot;&gt;&lt;/colgroup&gt;&lt;tr&gt;&lt;td width=&quot;25%&quot; align=&quot;left&quot;&gt;&lt;b style=&quot;color: green&quot;&gt;Report&lt;/b&gt;&lt;/td&gt;&lt;td width=&quot;75%&quot; align=&quot;left&quot;&gt;&lt;p style=&quot;color: green&quot;&gt;Teamcenter Logic Component BOM&lt;/p&gt;&lt;/td&gt;&lt;/tr&gt;&lt;tr&gt;&lt;td width=&quot;25%&quot; align=&quot;left&quot;&gt;&lt;b style=&quot;color: green&quot;&gt;User&lt;/b&gt;&lt;/td&gt;&lt;td width=&quot;75%&quot; align=&quot;left&quot;&gt;&lt;i style=&quot;color: green&quot;&gt;system&lt;/i&gt;&lt;/td&gt;&lt;/tr&gt;&lt;/table&gt;&lt;/td&gt;&lt;td align=&quot;right&quot; valign=&quot;middle&quot; width=&quot;20%&quot;&gt;&lt;img id=&quot;puck&quot; border=&quot;0&quot; width=&quot;100&quot; height=&quot;80&quot; src=&quot;/reporter/images/puck_smaller.jpg&quot; /&gt;&lt;b&gt;&lt;/b&gt;&lt;/td&gt;&lt;/tr&gt;&lt;/table&gt;&lt;table border=&quot;0&quot; cellpadding=&quot;0&quot; cellspacing=&quot;0&quot; width=&quot;99%&quot; style=&quot;font-family:Lucida Sans;font-size:12&quot; id=&quot;tableid1&quot;&gt;&lt;colgroup span=&quot;10&quot;&gt;&lt;/colgroup&gt;&lt;tr style=&quot;background-color: #CCDDFF;&quot; class=&quot;header&quot;&gt;&lt;td style=&quot;vertical-align:top;text-align:left; padding: 0px; font-weight: bold; &quot; width=&quot;10%&quot;&gt;Routing ID&lt;/td&gt;&lt;td style=&quot;vertical-align:top;text-align:left; padding: 0px; font-weight: bold; &quot; width=&quot;10%&quot;&gt;ICD name and Revision&lt;/td&gt;&lt;td style=&quot;vertical-align:top;text-align:left; padding: 0px; font-weight: bold; &quot; width=&quot;10%&quot;&gt;PDM_ID&lt;/td&gt;&lt;td style=&quot;vertical-align:top;text-align:left; padding: 0px; font-weight: bold; &quot; width=&quot;10%&quot;&gt;PDM_REV&lt;/td&gt;&lt;td style=&quot;vertical-align:top;text-align:left; padding: 0px; font-weight: bold; &quot; width=&quot;10%&quot;&gt;PDM_TYPE&lt;/td&gt;&lt;td style=&quot;vertical-align:top;text-align:left; padding: 0px; font-weight: bold; &quot; width=&quot;10%&quot;&gt;PDM_NAME&lt;/td&gt;&lt;td style=&quot;vertical-align:top;text-align:left; padding: 0px; font-weight: bold; &quot; width=&quot;10%&quot;&gt;Description&lt;/td&gt;&lt;td style=&quot;vertical-align:top;text-align:left; padding: 0px; font-weight: bold; &quot; width=&quot;10%&quot;&gt;SystemCode&lt;/td&gt;&lt;td style=&quot;vertical-align:top;text-align:left; padding: 0px; font-weight: bold; &quot; width=&quot;10%&quot;&gt;Room&lt;/td&gt;&lt;td style=&quot;vertical-align:top;text-align:left; padding: 0px; font-weight: bold; &quot; width=&quot;10%&quot;&gt;DesignRemarks&lt;/td&gt;&lt;/tr&gt;&lt;tr style=&quot;white-space: pre-wrap;background-color: #E4E4E4;&quot;&gt;&lt;td&gt;Value1&lt;/td&gt;&lt;td&gt;ICD1&lt;/td&gt;&lt;td&gt;Value5&lt;/td&gt;&lt;td&gt;Rev&lt;/td&gt;&lt;td&gt;Type&lt;/td&gt;&lt;td&gt;Name&lt;/td&gt;&lt;td&gt;Value6&lt;/td&gt;&lt;td&gt;Value7&lt;/td&gt;&lt;td&gt;&lt;/td&gt;&lt;td&gt;&lt;/td&gt;&lt;/tr&gt;&lt;/table&gt;&lt;table border=&quot;0&quot; cellpadding=&quot;0&quot; cellspacing=&quot;0&quot; width=&quot;99%&quot; style=&quot;font-family:Lucida Sans;font-size:12&quot; id=&quot;tableid2&quot;&gt;&lt;colgroup span=&quot;22&quot;&gt;&lt;/colgroup&gt;&lt;tr style=&quot;background-color: #CCDDFF;&quot; class=&quot;header&quot;&gt;&lt;td style=&quot;vertical-align:top;text-align:left; padding: 0px; font-weight: bold; &quot; width=&quot;4%&quot;&gt;Routing ID&lt;/td&gt;&lt;td style=&quot;vertical-align:top;text-align:left; padding: 0px; font-weight: bold; &quot; width=&quot;4%&quot;&gt;Unmodified Length&lt;/td&gt;&lt;td style=&quot;vertical-align:top;text-align:left; padding: 0px; font-weight: bold; &quot; width=&quot;4%&quot;&gt;Max Length&lt;/td&gt;&lt;td style=&quot;vertical-align:top;text-align:left; padding: 0px; font-weight: bold; &quot; width=&quot;4%&quot;&gt;Min Length&lt;/td&gt;&lt;td style=&quot;vertical-align:top;text-align:left; padding: 0px; font-weight: bold; &quot; width=&quot;4%&quot;&gt;PDM_ID&lt;/td&gt;&lt;td style=&quot;vertical-align:top;text-align:left; padding: 0px; font-weight: bold; &quot; width=&quot;4%&quot;&gt;PDM_REV&lt;/td&gt;&lt;td style=&quot;vertical-align:top;text-align:left; padding: 0px; font-weight: bold; &quot; width=&quot;4%&quot;&gt;PDM_TYPE&lt;/td&gt;&lt;td style=&quot;vertical-align:top;text-align:left; padding: 0px; font-weight: bold; &quot; width=&quot;4%&quot;&gt;PDM_NAME&lt;/td&gt;&lt;td style=&quot;vertical-align:top;text-align:left; padding: 0px; font-weight: bold; &quot; width=&quot;4%&quot;&gt;Segregation&lt;/td&gt;&lt;td style=&quot;vertical-align:top;text-align:left; padding: 0px; font-weight: bold; &quot; width=&quot;4%&quot;&gt;From Device PDM_ID&lt;/td&gt;&lt;td style=&quot;vertical-align:top;text-align:left; padding: 0px; font-weight: bold; &quot; width=&quot;4%&quot;&gt;From Device PDM_REV&lt;/td&gt;&lt;td style=&quot;vertical-align:top;text-align:left; padding: 0px; font-weight: bold; &quot; width=&quot;4%&quot;&gt;From Device PDM_TYPE&lt;/td&gt;&lt;td style=&quot;vertical-align:top;text-align:left; padding: 0px; font-weight: bold; &quot; width=&quot;4%&quot;&gt;To Device PDM_ID&lt;/td&gt;&lt;td style=&quot;vertical-align:top;text-align:left; padding: 0px; font-weight: bold; &quot; width=&quot;4%&quot;&gt;To Device PDM_REV&lt;/td&gt;&lt;td style=&quot;vertic..." type="chs.FileServices$FSComparisonFailure">chs.FileServices$FSComparisonFailure: Differences found : 
Golden: &apos;C:\repos\iesd\chs_home\bld\testdata\temp\chs\common\reporting\TeamcenterLogicComponentBOMTest\reports\config3\OneDeviceWithAllProps.golden.html&apos;
Actual: &apos;C:\repos\iesd\chs_home\bld\testdata\temp\chs\common\reporting\TeamcenterLogicComponentBOMTest\reports\config3\OneDeviceWithAllProps.actual.html&apos;
mv &apos;C:\repos\iesd\chs_home\bld\testdata\temp\chs\common\reporting\TeamcenterLogicComponentBOMTest\reports\config3\OneDeviceWithAllProps.actual.html&apos; &apos;C:\repos\iesd\chs_home\bld\testdata\temp\chs\common\reporting\TeamcenterLogicComponentBOMTest\reports\config3\OneDeviceWithAllProps.golden.html&apos;

Changed : Exp:1 - Act: 1
Exp: &lt;html xmlns:xs=&quot;http://www.w3.org/2001/XMLSchema&quot;&gt;&lt;head&gt;&lt;title&gt;Teamcenter Logic Component BOM&lt;/title&gt;&lt;script language=&quot;javascript&quot; src=&quot;/reporter/scripts/commonscript.js&quot;&gt;&lt;/script&gt;&lt;/head&gt;&lt;body onload=&quot;javascript:initializeReportPage(&apos;report.xsl&apos;)&quot;&gt;&lt;table border=&quot;0&quot; width=&quot;99%&quot;&gt;&lt;colgroup span=&quot;3&quot;&gt;&lt;/colgroup&gt;&lt;tr class=&quot;topRow&quot;&gt;&lt;td style=&quot;width:30%&quot; align=&quot;left&quot; valign=&quot;middle&quot;&gt;&lt;img id=&quot;MGLOGO&quot; width=&quot;137&quot; height=&quot;24&quot; src=&quot;/reporter/images/SiemensLogo.png&quot; /&gt;&lt;b&gt;&lt;/b&gt;&lt;/td&gt;&lt;td width=&quot;49%&quot; align=&quot;center&quot; valign=&quot;middle&quot;&gt;&lt;table width=&quot;100%&quot; border=&quot;0&quot;&gt;&lt;colgroup span=&quot;2&quot;&gt;&lt;/colgroup&gt;&lt;tr&gt;&lt;td width=&quot;25%&quot; align=&quot;left&quot;&gt;&lt;b style=&quot;color: green&quot;&gt;Report&lt;/b&gt;&lt;/td&gt;&lt;td width=&quot;75%&quot; align=&quot;left&quot;&gt;&lt;p style=&quot;color: green&quot;&gt;Teamcenter Logic Component BOM&lt;/p&gt;&lt;/td&gt;&lt;/tr&gt;&lt;tr&gt;&lt;td width=&quot;25%&quot; align=&quot;left&quot;&gt;&lt;b style=&quot;color: green&quot;&gt;User&lt;/b&gt;&lt;/td&gt;&lt;td width=&quot;75%&quot; align=&quot;left&quot;&gt;&lt;i style=&quot;color: green&quot;&gt;system&lt;/i&gt;&lt;/td&gt;&lt;/tr&gt;&lt;/table&gt;&lt;/td&gt;&lt;td align=&quot;right&quot; valign=&quot;middle&quot; width=&quot;20%&quot;&gt;&lt;img id=&quot;puck&quot; border=&quot;0&quot; width=&quot;100&quot; height=&quot;80&quot; src=&quot;/reporter/images/puck_smaller.jpg&quot; /&gt;&lt;b&gt;&lt;/b&gt;&lt;/td&gt;&lt;/tr&gt;&lt;/table&gt;&lt;table border=&quot;0&quot; cellpadding=&quot;0&quot; cellspacing=&quot;0&quot; width=&quot;99%&quot; style=&quot;font-family:Lucida Sans;font-size:12&quot; id=&quot;tableid1&quot;&gt;&lt;colgroup span=&quot;10&quot;&gt;&lt;/colgroup&gt;&lt;tr style=&quot;background-color: #CCDDFF;&quot; class=&quot;header&quot;&gt;&lt;td style=&quot;vertical-align:top;text-align:left; padding: 0px; font-weight: bold; &quot; width=&quot;10%&quot;&gt;Routing ID&lt;/td&gt;&lt;td style=&quot;vertical-align:top;text-align:left; padding: 0px; font-weight: bold; &quot; width=&quot;10%&quot;&gt;ICD name and Revision&lt;/td&gt;&lt;td style=&quot;vertical-align:top;text-align:left; padding: 0px; font-weight: bold; &quot; width=&quot;10%&quot;&gt;PDM_ID&lt;/td&gt;&lt;td style=&quot;vertical-align:top;text-align:left; padding: 0px; font-weight: bold; &quot; width=&quot;10%&quot;&gt;PDM_REV&lt;/td&gt;&lt;td style=&quot;vertical-align:top;text-align:left; padding: 0px; font-weight: bold; &quot; width=&quot;10%&quot;&gt;PDM_TYPE&lt;/td&gt;&lt;td style=&quot;vertical-align:top;text-align:left; padding: 0px; font-weight: bold; &quot; width=&quot;10%&quot;&gt;PDM_NAME&lt;/td&gt;&lt;td style=&quot;vertical-align:top;text-align:left; padding: 0px; font-weight: bold; &quot; width=&quot;10%&quot;&gt;Description&lt;/td&gt;&lt;td style=&quot;vertical-align:top;text-align:left; padding: 0px; font-weight: bold; &quot; width=&quot;10%&quot;&gt;SystemCode&lt;/td&gt;&lt;td style=&quot;vertical-align:top;text-align:left; padding: 0px; font-weight: bold; &quot; width=&quot;10%&quot;&gt;Room&lt;/td&gt;&lt;td style=&quot;vertical-align:top;text-align:left; padding: 0px; font-weight: bold; &quot; width=&quot;10%&quot;&gt;DesignRemarks&lt;/td&gt;&lt;/tr&gt;&lt;tr style=&quot;white-space: pre-wrap;background-color: #E4E4E4;&quot;&gt;&lt;td&gt;Value1&lt;/td&gt;&lt;td&gt;ICD1&lt;/td&gt;&lt;td&gt;Value5&lt;/td&gt;&lt;td&gt;Rev&lt;/td&gt;&lt;td&gt;Type&lt;/td&gt;&lt;td&gt;Name&lt;/td&gt;&lt;td&gt;Value6&lt;/td&gt;&lt;td&gt;Value7&lt;/td&gt;&lt;td&gt;&lt;/td&gt;&lt;td&gt;&lt;/td&gt;&lt;/tr&gt;&lt;/table&gt;&lt;table border=&quot;0&quot; cellpadding=&quot;0&quot; cellspacing=&quot;0&quot; width=&quot;99%&quot; style=&quot;font-family:Lucida Sans;font-size:12&quot; id=&quot;tableid2&quot;&gt;&lt;colgroup span=&quot;22&quot;&gt;&lt;/colgroup&gt;&lt;tr style=&quot;background-color: #CCDDFF;&quot; class=&quot;header&quot;&gt;&lt;td style=&quot;vertical-align:top;text-align:left; padding: 0px; font-weight: bold; &quot; width=&quot;4%&quot;&gt;Routing ID&lt;/td&gt;&lt;td style=&quot;vertical-align:top;text-align:left; padding: 0px; font-weight: bold; &quot; width=&quot;4%&quot;&gt;Unmodified Length&lt;/td&gt;&lt;td style=&quot;vertical-align:top;text-align:left; padding: 0px; font-weight: bold; &quot; width=&quot;4%&quot;&gt;Max Length&lt;/td&gt;&lt;td style=&quot;vertical-align:top;text-align:left; padding: 0px; font-weight: bold; &quot; width=&quot;4%&quot;&gt;Min Length&lt;/td&gt;&lt;td style=&quot;vertical-align:top;text-align:left; padding: 0px; font-weight: bold; &quot; width=&quot;4%&quot;&gt;PDM_ID&lt;/td&gt;&lt;td style=&quot;vertical-align:top;text-align:left; padding: 0px; font-weight: bold; &quot; width=&quot;4%&quot;&gt;PDM_REV&lt;/td&gt;&lt;td style=&quot;vertical-align:top;text-align:left; padding: 0px; font-weight: bold; &quot; width=&quot;4%&quot;&gt;PDM_TYPE&lt;/td&gt;&lt;td style=&quot;vertical-align:top;text-align:left; padding: 0px; font-weight: bold; &quot; width=&quot;4%&quot;&gt;PDM_NAME&lt;/td&gt;&lt;td style=&quot;vertical-align:top;text-align:left; padding: 0px; font-weight: bold; &quot; width=&quot;4%&quot;&gt;Segregation&lt;/td&gt;&lt;td style=&quot;vertical-align:top;text-align:left; padding: 0px; font-weight: bold; &quot; width=&quot;4%&quot;&gt;From Device PDM_ID&lt;/td&gt;&lt;td style=&quot;vertical-align:top;text-align:left; padding: 0px; font-weight: bold; &quot; width=&quot;4%&quot;&gt;From Device PDM_REV&lt;/td&gt;&lt;td style=&quot;vertical-align:top;text-align:left; padding: 0px; font-weight: bold; &quot; width=&quot;4%&quot;&gt;From Device PDM_TYPE&lt;/td&gt;&lt;td style=&quot;vertical-align:top;text-align:left; padding: 0px; font-weight: bold; &quot; width=&quot;4%&quot;&gt;To Device PDM_ID&lt;/td&gt;&lt;td style=&quot;vertical-align:top;text-align:left; padding: 0px; font-weight: bold; &quot; width=&quot;4%&quot;&gt;To Device PDM_REV&lt;/td&gt;&lt;td style=&quot;vertic...
	at chs.common.reporting.ReportTestCase.createAndCompareReports(ReportTestCase.java:102)
	at chs.common.reporting.TeamcenterLogicComponentBOMTest.testReportContent(TeamcenterLogicComponentBOMTest.java:105)
	at chs.common.reporting.TeamcenterLogicComponentBOMTest.testReportWithConfigFile(TeamcenterLogicComponentBOMTest.java:126)
	at chs.common.reporting.TeamcenterLogicComponentBOMTest.testLogicComponentBOMReport(TeamcenterLogicComponentBOMTest.java:110)
</failure>
  </testcase>
  <testcase classname="chs.common.reporting.TeamcenterLogicComponentBOMTest" name="testLogicComponentBOMReport[30]" time="0.539">
    <failure message="Differences found : &#xa;Golden: &apos;C:\repos\iesd\chs_home\bld\testdata\temp\chs\common\reporting\TeamcenterLogicComponentBOMTest\reports\config1\OneHomeMulticore.golden.html&apos;&#xa;Actual: &apos;C:\repos\iesd\chs_home\bld\testdata\temp\chs\common\reporting\TeamcenterLogicComponentBOMTest\reports\config1\OneHomeMulticore.actual.html&apos;&#xa;mv &apos;C:\repos\iesd\chs_home\bld\testdata\temp\chs\common\reporting\TeamcenterLogicComponentBOMTest\reports\config1\OneHomeMulticore.actual.html&apos; &apos;C:\repos\iesd\chs_home\bld\testdata\temp\chs\common\reporting\TeamcenterLogicComponentBOMTest\reports\config1\OneHomeMulticore.golden.html&apos;&#xa;&#xa;Changed : Exp:1 - Act: 1&#xa;Exp: &lt;html xmlns:xs=&quot;http://www.w3.org/2001/XMLSchema&quot;&gt;&lt;head&gt;&lt;title&gt;Teamcenter Logic Component BOM&lt;/title&gt;&lt;script language=&quot;javascript&quot; src=&quot;/reporter/scripts/commonscript.js&quot;&gt;&lt;/script&gt;&lt;/head&gt;&lt;body onload=&quot;javascript:initializeReportPage(&apos;report.xsl&apos;)&quot;&gt;&lt;table border=&quot;0&quot; width=&quot;99%&quot;&gt;&lt;colgroup span=&quot;3&quot;&gt;&lt;/colgroup&gt;&lt;tr class=&quot;topRow&quot;&gt;&lt;td style=&quot;width:30%&quot; align=&quot;left&quot; valign=&quot;middle&quot;&gt;&lt;img id=&quot;MGLOGO&quot; width=&quot;137&quot; height=&quot;24&quot; src=&quot;/reporter/images/SiemensLogo.png&quot; /&gt;&lt;b&gt;&lt;/b&gt;&lt;/td&gt;&lt;td width=&quot;49%&quot; align=&quot;center&quot; valign=&quot;middle&quot;&gt;&lt;table width=&quot;100%&quot; border=&quot;0&quot;&gt;&lt;colgroup span=&quot;2&quot;&gt;&lt;/colgroup&gt;&lt;tr&gt;&lt;td width=&quot;25%&quot; align=&quot;left&quot;&gt;&lt;b style=&quot;color: green&quot;&gt;Report&lt;/b&gt;&lt;/td&gt;&lt;td width=&quot;75%&quot; align=&quot;left&quot;&gt;&lt;p style=&quot;color: green&quot;&gt;Teamcenter Logic Component BOM&lt;/p&gt;&lt;/td&gt;&lt;/tr&gt;&lt;tr&gt;&lt;td width=&quot;25%&quot; align=&quot;left&quot;&gt;&lt;b style=&quot;color: green&quot;&gt;User&lt;/b&gt;&lt;/td&gt;&lt;td width=&quot;75%&quot; align=&quot;left&quot;&gt;&lt;i style=&quot;color: green&quot;&gt;system&lt;/i&gt;&lt;/td&gt;&lt;/tr&gt;&lt;/table&gt;&lt;/td&gt;&lt;td align=&quot;right&quot; valign=&quot;middle&quot; width=&quot;20%&quot;&gt;&lt;img id=&quot;puck&quot; border=&quot;0&quot; width=&quot;100&quot; height=&quot;80&quot; src=&quot;/reporter/images/puck_smaller.jpg&quot; /&gt;&lt;b&gt;&lt;/b&gt;&lt;/td&gt;&lt;/tr&gt;&lt;/table&gt;&lt;table border=&quot;0&quot; cellpadding=&quot;0&quot; cellspacing=&quot;0&quot; width=&quot;99%&quot; style=&quot;font-family:Lucida Sans;font-size:12&quot; id=&quot;tableid1&quot;&gt;&lt;colgroup span=&quot;10&quot;&gt;&lt;/colgroup&gt;&lt;tr style=&quot;background-color: #CCDDFF;&quot; class=&quot;header&quot;&gt;&lt;td style=&quot;vertical-align:top;text-align:left; padding: 0px; font-weight: bold; &quot; width=&quot;10%&quot;&gt;Routing ID&lt;/td&gt;&lt;td style=&quot;vertical-align:top;text-align:left; padding: 0px; font-weight: bold; &quot; width=&quot;10%&quot;&gt;PDM_ID&lt;/td&gt;&lt;td style=&quot;vertical-align:top;text-align:left; padding: 0px; font-weight: bold; &quot; width=&quot;10%&quot;&gt;PDM_REV&lt;/td&gt;&lt;td style=&quot;vertical-align:top;text-align:left; padding: 0px; font-weight: bold; &quot; width=&quot;10%&quot;&gt;PDM_TYPE&lt;/td&gt;&lt;td style=&quot;vertical-align:top;text-align:left; padding: 0px; font-weight: bold; &quot; width=&quot;10%&quot;&gt;PDM_NAME&lt;/td&gt;&lt;td style=&quot;vertical-align:top;text-align:left; padding: 0px; font-weight: bold; &quot; width=&quot;10%&quot;&gt;Description&lt;/td&gt;&lt;td style=&quot;vertical-align:top;text-align:left; padding: 0px; font-weight: bold; &quot; width=&quot;10%&quot;&gt;SystemCode&lt;/td&gt;&lt;td style=&quot;vertical-align:top;text-align:left; padding: 0px; font-weight: bold; &quot; width=&quot;10%&quot;&gt;Room&lt;/td&gt;&lt;td style=&quot;vertical-align:top;text-align:left; padding: 0px; font-weight: bold; &quot; width=&quot;10%&quot;&gt;DesignRemarks&lt;/td&gt;&lt;td style=&quot;vertical-align:top;text-align:left; padding: 0px; font-weight: bold; &quot; width=&quot;10%&quot;&gt;Quantity&lt;/td&gt;&lt;/tr&gt;&lt;/table&gt;&lt;table border=&quot;0&quot; cellpadding=&quot;0&quot; cellspacing=&quot;0&quot; width=&quot;99%&quot; style=&quot;font-family:Lucida Sans;font-size:12&quot; id=&quot;tableid2&quot;&gt;&lt;colgroup span=&quot;22&quot;&gt;&lt;/colgroup&gt;&lt;tr style=&quot;background-color: #CCDDFF;&quot; class=&quot;header&quot;&gt;&lt;td style=&quot;vertical-align:top;text-align:left; padding: 0px; font-weight: bold; &quot; width=&quot;4%&quot;&gt;Routing ID&lt;/td&gt;&lt;td style=&quot;vertical-align:top;text-align:left; padding: 0px; font-weight: bold; &quot; width=&quot;4%&quot;&gt;Description&lt;/td&gt;&lt;td style=&quot;vertical-align:top;text-align:left; padding: 0px; font-weight: bold; &quot; width=&quot;4%&quot;&gt;Segregation&lt;/td&gt;&lt;td style=&quot;vertical-align:top;text-align:left; padding: 0px; font-weight: bold; &quot; width=&quot;4%&quot;&gt;SystemCode&lt;/td&gt;&lt;td style=&quot;vertical-align:top;text-align:left; padding: 0px; font-weight: bold; &quot; width=&quot;4%&quot;&gt;Unmodified Length&lt;/td&gt;&lt;td style=&quot;vertical-align:top;text-align:left; padding: 0px; font-weight: bold; &quot; width=&quot;4%&quot;&gt;Max Length&lt;/td&gt;&lt;td style=&quot;vertical-align:top;text-align:left; padding: 0px; font-weight: bold; &quot; width=&quot;4%&quot;&gt;Min Length&lt;/td&gt;&lt;td style=&quot;vertical-align:top;text-align:left; padding: 0px; font-weight: bold; &quot; width=&quot;4%&quot;&gt;Bundling&lt;/td&gt;&lt;td style=&quot;vertical-align:top;text-align:left; padding: 0px; font-weight: bold; &quot; width=&quot;4%&quot;&gt;Grouping&lt;/td&gt;&lt;td style=&quot;vertical-align:top;text-align:left; padding: 0px; font-weight: bold; &quot; width=&quot;4%&quot;&gt;Multiplier&lt;/td&gt;&lt;td style=&quot;vertical-align:top;text-align:left; padding: 0px; font-weight: bold; &quot; width=&quot;4%&quot;&gt;Multiplier suffixes&lt;/td&gt;&lt;td style=&quot;vertical-align:top;text-align:left; padding: 0px; font-weight: bold; &quot; width=&quot;4%&quot;&gt;PDM_ID&lt;/td&gt;&lt;td style=&quot;vertical-align:top;text-align:left; padding: 0px; font-weight: bold; &quot; width=&quot;4%&quot;&gt;PDM_REV&lt;/td&gt;&lt;td style=&quot;vertical-align:top;text-align:left; padding: 0px; font-weight: bold; &quot; width=&quot;4%&quot;&gt;PDM_TYPE&lt;/td&gt;&lt;td style=&quot;vertical-align:top;text-align:left; padding: 0px; font-weight: bold; &quot; width=&quot;4%&quot;&gt;PDM_NAME&lt;/td&gt;&lt;td style=&quot;vertical-align:top;text-align:left; padding: 0px; font-weight: bold; &quot; width=&quot;4%&quot;&gt;From Device PDM_ID&lt;/td&gt;&lt;td style=&quot;vertical-align:top;text-align:left; padding:..." type="chs.FileServices$FSComparisonFailure">chs.FileServices$FSComparisonFailure: Differences found : 
Golden: &apos;C:\repos\iesd\chs_home\bld\testdata\temp\chs\common\reporting\TeamcenterLogicComponentBOMTest\reports\config1\OneHomeMulticore.golden.html&apos;
Actual: &apos;C:\repos\iesd\chs_home\bld\testdata\temp\chs\common\reporting\TeamcenterLogicComponentBOMTest\reports\config1\OneHomeMulticore.actual.html&apos;
mv &apos;C:\repos\iesd\chs_home\bld\testdata\temp\chs\common\reporting\TeamcenterLogicComponentBOMTest\reports\config1\OneHomeMulticore.actual.html&apos; &apos;C:\repos\iesd\chs_home\bld\testdata\temp\chs\common\reporting\TeamcenterLogicComponentBOMTest\reports\config1\OneHomeMulticore.golden.html&apos;

Changed : Exp:1 - Act: 1
Exp: &lt;html xmlns:xs=&quot;http://www.w3.org/2001/XMLSchema&quot;&gt;&lt;head&gt;&lt;title&gt;Teamcenter Logic Component BOM&lt;/title&gt;&lt;script language=&quot;javascript&quot; src=&quot;/reporter/scripts/commonscript.js&quot;&gt;&lt;/script&gt;&lt;/head&gt;&lt;body onload=&quot;javascript:initializeReportPage(&apos;report.xsl&apos;)&quot;&gt;&lt;table border=&quot;0&quot; width=&quot;99%&quot;&gt;&lt;colgroup span=&quot;3&quot;&gt;&lt;/colgroup&gt;&lt;tr class=&quot;topRow&quot;&gt;&lt;td style=&quot;width:30%&quot; align=&quot;left&quot; valign=&quot;middle&quot;&gt;&lt;img id=&quot;MGLOGO&quot; width=&quot;137&quot; height=&quot;24&quot; src=&quot;/reporter/images/SiemensLogo.png&quot; /&gt;&lt;b&gt;&lt;/b&gt;&lt;/td&gt;&lt;td width=&quot;49%&quot; align=&quot;center&quot; valign=&quot;middle&quot;&gt;&lt;table width=&quot;100%&quot; border=&quot;0&quot;&gt;&lt;colgroup span=&quot;2&quot;&gt;&lt;/colgroup&gt;&lt;tr&gt;&lt;td width=&quot;25%&quot; align=&quot;left&quot;&gt;&lt;b style=&quot;color: green&quot;&gt;Report&lt;/b&gt;&lt;/td&gt;&lt;td width=&quot;75%&quot; align=&quot;left&quot;&gt;&lt;p style=&quot;color: green&quot;&gt;Teamcenter Logic Component BOM&lt;/p&gt;&lt;/td&gt;&lt;/tr&gt;&lt;tr&gt;&lt;td width=&quot;25%&quot; align=&quot;left&quot;&gt;&lt;b style=&quot;color: green&quot;&gt;User&lt;/b&gt;&lt;/td&gt;&lt;td width=&quot;75%&quot; align=&quot;left&quot;&gt;&lt;i style=&quot;color: green&quot;&gt;system&lt;/i&gt;&lt;/td&gt;&lt;/tr&gt;&lt;/table&gt;&lt;/td&gt;&lt;td align=&quot;right&quot; valign=&quot;middle&quot; width=&quot;20%&quot;&gt;&lt;img id=&quot;puck&quot; border=&quot;0&quot; width=&quot;100&quot; height=&quot;80&quot; src=&quot;/reporter/images/puck_smaller.jpg&quot; /&gt;&lt;b&gt;&lt;/b&gt;&lt;/td&gt;&lt;/tr&gt;&lt;/table&gt;&lt;table border=&quot;0&quot; cellpadding=&quot;0&quot; cellspacing=&quot;0&quot; width=&quot;99%&quot; style=&quot;font-family:Lucida Sans;font-size:12&quot; id=&quot;tableid1&quot;&gt;&lt;colgroup span=&quot;10&quot;&gt;&lt;/colgroup&gt;&lt;tr style=&quot;background-color: #CCDDFF;&quot; class=&quot;header&quot;&gt;&lt;td style=&quot;vertical-align:top;text-align:left; padding: 0px; font-weight: bold; &quot; width=&quot;10%&quot;&gt;Routing ID&lt;/td&gt;&lt;td style=&quot;vertical-align:top;text-align:left; padding: 0px; font-weight: bold; &quot; width=&quot;10%&quot;&gt;PDM_ID&lt;/td&gt;&lt;td style=&quot;vertical-align:top;text-align:left; padding: 0px; font-weight: bold; &quot; width=&quot;10%&quot;&gt;PDM_REV&lt;/td&gt;&lt;td style=&quot;vertical-align:top;text-align:left; padding: 0px; font-weight: bold; &quot; width=&quot;10%&quot;&gt;PDM_TYPE&lt;/td&gt;&lt;td style=&quot;vertical-align:top;text-align:left; padding: 0px; font-weight: bold; &quot; width=&quot;10%&quot;&gt;PDM_NAME&lt;/td&gt;&lt;td style=&quot;vertical-align:top;text-align:left; padding: 0px; font-weight: bold; &quot; width=&quot;10%&quot;&gt;Description&lt;/td&gt;&lt;td style=&quot;vertical-align:top;text-align:left; padding: 0px; font-weight: bold; &quot; width=&quot;10%&quot;&gt;SystemCode&lt;/td&gt;&lt;td style=&quot;vertical-align:top;text-align:left; padding: 0px; font-weight: bold; &quot; width=&quot;10%&quot;&gt;Room&lt;/td&gt;&lt;td style=&quot;vertical-align:top;text-align:left; padding: 0px; font-weight: bold; &quot; width=&quot;10%&quot;&gt;DesignRemarks&lt;/td&gt;&lt;td style=&quot;vertical-align:top;text-align:left; padding: 0px; font-weight: bold; &quot; width=&quot;10%&quot;&gt;Quantity&lt;/td&gt;&lt;/tr&gt;&lt;/table&gt;&lt;table border=&quot;0&quot; cellpadding=&quot;0&quot; cellspacing=&quot;0&quot; width=&quot;99%&quot; style=&quot;font-family:Lucida Sans;font-size:12&quot; id=&quot;tableid2&quot;&gt;&lt;colgroup span=&quot;22&quot;&gt;&lt;/colgroup&gt;&lt;tr style=&quot;background-color: #CCDDFF;&quot; class=&quot;header&quot;&gt;&lt;td style=&quot;vertical-align:top;text-align:left; padding: 0px; font-weight: bold; &quot; width=&quot;4%&quot;&gt;Routing ID&lt;/td&gt;&lt;td style=&quot;vertical-align:top;text-align:left; padding: 0px; font-weight: bold; &quot; width=&quot;4%&quot;&gt;Description&lt;/td&gt;&lt;td style=&quot;vertical-align:top;text-align:left; padding: 0px; font-weight: bold; &quot; width=&quot;4%&quot;&gt;Segregation&lt;/td&gt;&lt;td style=&quot;vertical-align:top;text-align:left; padding: 0px; font-weight: bold; &quot; width=&quot;4%&quot;&gt;SystemCode&lt;/td&gt;&lt;td style=&quot;vertical-align:top;text-align:left; padding: 0px; font-weight: bold; &quot; width=&quot;4%&quot;&gt;Unmodified Length&lt;/td&gt;&lt;td style=&quot;vertical-align:top;text-align:left; padding: 0px; font-weight: bold; &quot; width=&quot;4%&quot;&gt;Max Length&lt;/td&gt;&lt;td style=&quot;vertical-align:top;text-align:left; padding: 0px; font-weight: bold; &quot; width=&quot;4%&quot;&gt;Min Length&lt;/td&gt;&lt;td style=&quot;vertical-align:top;text-align:left; padding: 0px; font-weight: bold; &quot; width=&quot;4%&quot;&gt;Bundling&lt;/td&gt;&lt;td style=&quot;vertical-align:top;text-align:left; padding: 0px; font-weight: bold; &quot; width=&quot;4%&quot;&gt;Grouping&lt;/td&gt;&lt;td style=&quot;vertical-align:top;text-align:left; padding: 0px; font-weight: bold; &quot; width=&quot;4%&quot;&gt;Multiplier&lt;/td&gt;&lt;td style=&quot;vertical-align:top;text-align:left; padding: 0px; font-weight: bold; &quot; width=&quot;4%&quot;&gt;Multiplier suffixes&lt;/td&gt;&lt;td style=&quot;vertical-align:top;text-align:left; padding: 0px; font-weight: bold; &quot; width=&quot;4%&quot;&gt;PDM_ID&lt;/td&gt;&lt;td style=&quot;vertical-align:top;text-align:left; padding: 0px; font-weight: bold; &quot; width=&quot;4%&quot;&gt;PDM_REV&lt;/td&gt;&lt;td style=&quot;vertical-align:top;text-align:left; padding: 0px; font-weight: bold; &quot; width=&quot;4%&quot;&gt;PDM_TYPE&lt;/td&gt;&lt;td style=&quot;vertical-align:top;text-align:left; padding: 0px; font-weight: bold; &quot; width=&quot;4%&quot;&gt;PDM_NAME&lt;/td&gt;&lt;td style=&quot;vertical-align:top;text-align:left; padding: 0px; font-weight: bold; &quot; width=&quot;4%&quot;&gt;From Device PDM_ID&lt;/td&gt;&lt;td style=&quot;vertical-align:top;text-align:left; padding:...
	at chs.common.reporting.ReportTestCase.createAndCompareReports(ReportTestCase.java:102)
	at chs.common.reporting.TeamcenterLogicComponentBOMTest.testReportContent(TeamcenterLogicComponentBOMTest.java:105)
	at chs.common.reporting.TeamcenterLogicComponentBOMTest.testReportWithConfigFile(TeamcenterLogicComponentBOMTest.java:126)
	at chs.common.reporting.TeamcenterLogicComponentBOMTest.testLogicComponentBOMReport(TeamcenterLogicComponentBOMTest.java:110)
</failure>
  </testcase>
  <testcase classname="chs.common.reporting.TeamcenterLogicComponentBOMTest" name="testLogicComponentBOMReport[31]" time="0.561">
    <failure message="Differences found : &#xa;Golden: &apos;C:\repos\iesd\chs_home\bld\testdata\temp\chs\common\reporting\TeamcenterLogicComponentBOMTest\reports\config2\OneHomeMulticore.golden.html&apos;&#xa;Actual: &apos;C:\repos\iesd\chs_home\bld\testdata\temp\chs\common\reporting\TeamcenterLogicComponentBOMTest\reports\config2\OneHomeMulticore.actual.html&apos;&#xa;mv &apos;C:\repos\iesd\chs_home\bld\testdata\temp\chs\common\reporting\TeamcenterLogicComponentBOMTest\reports\config2\OneHomeMulticore.actual.html&apos; &apos;C:\repos\iesd\chs_home\bld\testdata\temp\chs\common\reporting\TeamcenterLogicComponentBOMTest\reports\config2\OneHomeMulticore.golden.html&apos;&#xa;&#xa;Changed : Exp:1 - Act: 1&#xa;Exp: &lt;html xmlns:xs=&quot;http://www.w3.org/2001/XMLSchema&quot;&gt;&lt;head&gt;&lt;title&gt;Teamcenter Logic Component BOM&lt;/title&gt;&lt;script language=&quot;javascript&quot; src=&quot;/reporter/scripts/commonscript.js&quot;&gt;&lt;/script&gt;&lt;/head&gt;&lt;body onload=&quot;javascript:initializeReportPage(&apos;report.xsl&apos;)&quot;&gt;&lt;table border=&quot;0&quot; width=&quot;99%&quot;&gt;&lt;colgroup span=&quot;3&quot;&gt;&lt;/colgroup&gt;&lt;tr class=&quot;topRow&quot;&gt;&lt;td style=&quot;width:30%&quot; align=&quot;left&quot; valign=&quot;middle&quot;&gt;&lt;img id=&quot;MGLOGO&quot; width=&quot;137&quot; height=&quot;24&quot; src=&quot;/reporter/images/SiemensLogo.png&quot; /&gt;&lt;b&gt;&lt;/b&gt;&lt;/td&gt;&lt;td width=&quot;49%&quot; align=&quot;center&quot; valign=&quot;middle&quot;&gt;&lt;table width=&quot;100%&quot; border=&quot;0&quot;&gt;&lt;colgroup span=&quot;2&quot;&gt;&lt;/colgroup&gt;&lt;tr&gt;&lt;td width=&quot;25%&quot; align=&quot;left&quot;&gt;&lt;b style=&quot;color: green&quot;&gt;Report&lt;/b&gt;&lt;/td&gt;&lt;td width=&quot;75%&quot; align=&quot;left&quot;&gt;&lt;p style=&quot;color: green&quot;&gt;Teamcenter Logic Component BOM&lt;/p&gt;&lt;/td&gt;&lt;/tr&gt;&lt;tr&gt;&lt;td width=&quot;25%&quot; align=&quot;left&quot;&gt;&lt;b style=&quot;color: green&quot;&gt;User&lt;/b&gt;&lt;/td&gt;&lt;td width=&quot;75%&quot; align=&quot;left&quot;&gt;&lt;i style=&quot;color: green&quot;&gt;system&lt;/i&gt;&lt;/td&gt;&lt;/tr&gt;&lt;/table&gt;&lt;/td&gt;&lt;td align=&quot;right&quot; valign=&quot;middle&quot; width=&quot;20%&quot;&gt;&lt;img id=&quot;puck&quot; border=&quot;0&quot; width=&quot;100&quot; height=&quot;80&quot; src=&quot;/reporter/images/puck_smaller.jpg&quot; /&gt;&lt;b&gt;&lt;/b&gt;&lt;/td&gt;&lt;/tr&gt;&lt;/table&gt;&lt;table border=&quot;0&quot; cellpadding=&quot;0&quot; cellspacing=&quot;0&quot; width=&quot;99%&quot; style=&quot;font-family:Lucida Sans;font-size:12&quot; id=&quot;tableid1&quot;&gt;&lt;colgroup span=&quot;9&quot;&gt;&lt;/colgroup&gt;&lt;tr style=&quot;background-color: #CCDDFF;&quot; class=&quot;header&quot;&gt;&lt;td style=&quot;vertical-align:top;text-align:left; padding: 0px; font-weight: bold; &quot; width=&quot;11%&quot;&gt;Routing ID&lt;/td&gt;&lt;td style=&quot;vertical-align:top;text-align:left; padding: 0px; font-weight: bold; &quot; width=&quot;11%&quot;&gt;PDM_ID&lt;/td&gt;&lt;td style=&quot;vertical-align:top;text-align:left; padding: 0px; font-weight: bold; &quot; width=&quot;11%&quot;&gt;PDM_REV&lt;/td&gt;&lt;td style=&quot;vertical-align:top;text-align:left; padding: 0px; font-weight: bold; &quot; width=&quot;11%&quot;&gt;PDM_TYPE&lt;/td&gt;&lt;td style=&quot;vertical-align:top;text-align:left; padding: 0px; font-weight: bold; &quot; width=&quot;11%&quot;&gt;PDM_NAME&lt;/td&gt;&lt;td style=&quot;vertical-align:top;text-align:left; padding: 0px; font-weight: bold; &quot; width=&quot;11%&quot;&gt;Description&lt;/td&gt;&lt;td style=&quot;vertical-align:top;text-align:left; padding: 0px; font-weight: bold; &quot; width=&quot;11%&quot;&gt;SystemCode&lt;/td&gt;&lt;td style=&quot;vertical-align:top;text-align:left; padding: 0px; font-weight: bold; &quot; width=&quot;11%&quot;&gt;Room&lt;/td&gt;&lt;td style=&quot;vertical-align:top;text-align:left; padding: 0px; font-weight: bold; &quot; width=&quot;11%&quot;&gt;DesignRemarks&lt;/td&gt;&lt;/tr&gt;&lt;/table&gt;&lt;table border=&quot;0&quot; cellpadding=&quot;0&quot; cellspacing=&quot;0&quot; width=&quot;99%&quot; style=&quot;font-family:Lucida Sans;font-size:12&quot; id=&quot;tableid2&quot;&gt;&lt;colgroup span=&quot;22&quot;&gt;&lt;/colgroup&gt;&lt;tr style=&quot;background-color: #CCDDFF;&quot; class=&quot;header&quot;&gt;&lt;td style=&quot;vertical-align:top;text-align:left; padding: 0px; font-weight: bold; &quot; width=&quot;4%&quot;&gt;Routing ID&lt;/td&gt;&lt;td style=&quot;vertical-align:top;text-align:left; padding: 0px; font-weight: bold; &quot; width=&quot;4%&quot;&gt;Unmodified Length&lt;/td&gt;&lt;td style=&quot;vertical-align:top;text-align:left; padding: 0px; font-weight: bold; &quot; width=&quot;4%&quot;&gt;Max Length&lt;/td&gt;&lt;td style=&quot;vertical-align:top;text-align:left; padding: 0px; font-weight: bold; &quot; width=&quot;4%&quot;&gt;Min Length&lt;/td&gt;&lt;td style=&quot;vertical-align:top;text-align:left; padding: 0px; font-weight: bold; &quot; width=&quot;4%&quot;&gt;PDM_ID&lt;/td&gt;&lt;td style=&quot;vertical-align:top;text-align:left; padding: 0px; font-weight: bold; &quot; width=&quot;4%&quot;&gt;PDM_REV&lt;/td&gt;&lt;td style=&quot;vertical-align:top;text-align:left; padding: 0px; font-weight: bold; &quot; width=&quot;4%&quot;&gt;PDM_TYPE&lt;/td&gt;&lt;td style=&quot;vertical-align:top;text-align:left; padding: 0px; font-weight: bold; &quot; width=&quot;4%&quot;&gt;PDM_NAME&lt;/td&gt;&lt;td style=&quot;vertical-align:top;text-align:left; padding: 0px; font-weight: bold; &quot; width=&quot;4%&quot;&gt;Segregation&lt;/td&gt;&lt;td style=&quot;vertical-align:top;text-align:left; padding: 0px; font-weight: bold; &quot; width=&quot;4%&quot;&gt;From Device PDM_ID&lt;/td&gt;&lt;td style=&quot;vertical-align:top;text-align:left; padding: 0px; font-weight: bold; &quot; width=&quot;4%&quot;&gt;From Device PDM_REV&lt;/td&gt;&lt;td style=&quot;vertical-align:top;text-align:left; padding: 0px; font-weight: bold; &quot; width=&quot;4%&quot;&gt;From Device PDM_TYPE&lt;/td&gt;&lt;td style=&quot;vertical-align:top;text-align:left; padding: 0px; font-weight: bold; &quot; width=&quot;4%&quot;&gt;To Device PDM_ID&lt;/td&gt;&lt;td style=&quot;vertical-align:top;text-align:left; padding: 0px; font-weight: bold; &quot; width=&quot;4%&quot;&gt;To Device PDM_REV&lt;/td&gt;&lt;td style=&quot;vertical-align:top;text-align:left; padding: 0px; font-weight: bold; &quot; width=&quot;4%&quot;&gt;To Device PDM_TYPE&lt;/td&gt;&lt;td style=&quot;vertical-align:top;text-align:left; padding: 0px; font-weight: bold; &quot; width=&quot;4%&quot;&gt;SystemCode&lt;/td&gt;&lt;td style=&quot;vertical-align:top;text-align:left; padding: 0px; font-weight: bold; &quot; width=&quot;4%&quot;&gt;Description&lt;/td&gt;&lt;td style=&quot;vertical-..." type="chs.FileServices$FSComparisonFailure">chs.FileServices$FSComparisonFailure: Differences found : 
Golden: &apos;C:\repos\iesd\chs_home\bld\testdata\temp\chs\common\reporting\TeamcenterLogicComponentBOMTest\reports\config2\OneHomeMulticore.golden.html&apos;
Actual: &apos;C:\repos\iesd\chs_home\bld\testdata\temp\chs\common\reporting\TeamcenterLogicComponentBOMTest\reports\config2\OneHomeMulticore.actual.html&apos;
mv &apos;C:\repos\iesd\chs_home\bld\testdata\temp\chs\common\reporting\TeamcenterLogicComponentBOMTest\reports\config2\OneHomeMulticore.actual.html&apos; &apos;C:\repos\iesd\chs_home\bld\testdata\temp\chs\common\reporting\TeamcenterLogicComponentBOMTest\reports\config2\OneHomeMulticore.golden.html&apos;

Changed : Exp:1 - Act: 1
Exp: &lt;html xmlns:xs=&quot;http://www.w3.org/2001/XMLSchema&quot;&gt;&lt;head&gt;&lt;title&gt;Teamcenter Logic Component BOM&lt;/title&gt;&lt;script language=&quot;javascript&quot; src=&quot;/reporter/scripts/commonscript.js&quot;&gt;&lt;/script&gt;&lt;/head&gt;&lt;body onload=&quot;javascript:initializeReportPage(&apos;report.xsl&apos;)&quot;&gt;&lt;table border=&quot;0&quot; width=&quot;99%&quot;&gt;&lt;colgroup span=&quot;3&quot;&gt;&lt;/colgroup&gt;&lt;tr class=&quot;topRow&quot;&gt;&lt;td style=&quot;width:30%&quot; align=&quot;left&quot; valign=&quot;middle&quot;&gt;&lt;img id=&quot;MGLOGO&quot; width=&quot;137&quot; height=&quot;24&quot; src=&quot;/reporter/images/SiemensLogo.png&quot; /&gt;&lt;b&gt;&lt;/b&gt;&lt;/td&gt;&lt;td width=&quot;49%&quot; align=&quot;center&quot; valign=&quot;middle&quot;&gt;&lt;table width=&quot;100%&quot; border=&quot;0&quot;&gt;&lt;colgroup span=&quot;2&quot;&gt;&lt;/colgroup&gt;&lt;tr&gt;&lt;td width=&quot;25%&quot; align=&quot;left&quot;&gt;&lt;b style=&quot;color: green&quot;&gt;Report&lt;/b&gt;&lt;/td&gt;&lt;td width=&quot;75%&quot; align=&quot;left&quot;&gt;&lt;p style=&quot;color: green&quot;&gt;Teamcenter Logic Component BOM&lt;/p&gt;&lt;/td&gt;&lt;/tr&gt;&lt;tr&gt;&lt;td width=&quot;25%&quot; align=&quot;left&quot;&gt;&lt;b style=&quot;color: green&quot;&gt;User&lt;/b&gt;&lt;/td&gt;&lt;td width=&quot;75%&quot; align=&quot;left&quot;&gt;&lt;i style=&quot;color: green&quot;&gt;system&lt;/i&gt;&lt;/td&gt;&lt;/tr&gt;&lt;/table&gt;&lt;/td&gt;&lt;td align=&quot;right&quot; valign=&quot;middle&quot; width=&quot;20%&quot;&gt;&lt;img id=&quot;puck&quot; border=&quot;0&quot; width=&quot;100&quot; height=&quot;80&quot; src=&quot;/reporter/images/puck_smaller.jpg&quot; /&gt;&lt;b&gt;&lt;/b&gt;&lt;/td&gt;&lt;/tr&gt;&lt;/table&gt;&lt;table border=&quot;0&quot; cellpadding=&quot;0&quot; cellspacing=&quot;0&quot; width=&quot;99%&quot; style=&quot;font-family:Lucida Sans;font-size:12&quot; id=&quot;tableid1&quot;&gt;&lt;colgroup span=&quot;9&quot;&gt;&lt;/colgroup&gt;&lt;tr style=&quot;background-color: #CCDDFF;&quot; class=&quot;header&quot;&gt;&lt;td style=&quot;vertical-align:top;text-align:left; padding: 0px; font-weight: bold; &quot; width=&quot;11%&quot;&gt;Routing ID&lt;/td&gt;&lt;td style=&quot;vertical-align:top;text-align:left; padding: 0px; font-weight: bold; &quot; width=&quot;11%&quot;&gt;PDM_ID&lt;/td&gt;&lt;td style=&quot;vertical-align:top;text-align:left; padding: 0px; font-weight: bold; &quot; width=&quot;11%&quot;&gt;PDM_REV&lt;/td&gt;&lt;td style=&quot;vertical-align:top;text-align:left; padding: 0px; font-weight: bold; &quot; width=&quot;11%&quot;&gt;PDM_TYPE&lt;/td&gt;&lt;td style=&quot;vertical-align:top;text-align:left; padding: 0px; font-weight: bold; &quot; width=&quot;11%&quot;&gt;PDM_NAME&lt;/td&gt;&lt;td style=&quot;vertical-align:top;text-align:left; padding: 0px; font-weight: bold; &quot; width=&quot;11%&quot;&gt;Description&lt;/td&gt;&lt;td style=&quot;vertical-align:top;text-align:left; padding: 0px; font-weight: bold; &quot; width=&quot;11%&quot;&gt;SystemCode&lt;/td&gt;&lt;td style=&quot;vertical-align:top;text-align:left; padding: 0px; font-weight: bold; &quot; width=&quot;11%&quot;&gt;Room&lt;/td&gt;&lt;td style=&quot;vertical-align:top;text-align:left; padding: 0px; font-weight: bold; &quot; width=&quot;11%&quot;&gt;DesignRemarks&lt;/td&gt;&lt;/tr&gt;&lt;/table&gt;&lt;table border=&quot;0&quot; cellpadding=&quot;0&quot; cellspacing=&quot;0&quot; width=&quot;99%&quot; style=&quot;font-family:Lucida Sans;font-size:12&quot; id=&quot;tableid2&quot;&gt;&lt;colgroup span=&quot;22&quot;&gt;&lt;/colgroup&gt;&lt;tr style=&quot;background-color: #CCDDFF;&quot; class=&quot;header&quot;&gt;&lt;td style=&quot;vertical-align:top;text-align:left; padding: 0px; font-weight: bold; &quot; width=&quot;4%&quot;&gt;Routing ID&lt;/td&gt;&lt;td style=&quot;vertical-align:top;text-align:left; padding: 0px; font-weight: bold; &quot; width=&quot;4%&quot;&gt;Unmodified Length&lt;/td&gt;&lt;td style=&quot;vertical-align:top;text-align:left; padding: 0px; font-weight: bold; &quot; width=&quot;4%&quot;&gt;Max Length&lt;/td&gt;&lt;td style=&quot;vertical-align:top;text-align:left; padding: 0px; font-weight: bold; &quot; width=&quot;4%&quot;&gt;Min Length&lt;/td&gt;&lt;td style=&quot;vertical-align:top;text-align:left; padding: 0px; font-weight: bold; &quot; width=&quot;4%&quot;&gt;PDM_ID&lt;/td&gt;&lt;td style=&quot;vertical-align:top;text-align:left; padding: 0px; font-weight: bold; &quot; width=&quot;4%&quot;&gt;PDM_REV&lt;/td&gt;&lt;td style=&quot;vertical-align:top;text-align:left; padding: 0px; font-weight: bold; &quot; width=&quot;4%&quot;&gt;PDM_TYPE&lt;/td&gt;&lt;td style=&quot;vertical-align:top;text-align:left; padding: 0px; font-weight: bold; &quot; width=&quot;4%&quot;&gt;PDM_NAME&lt;/td&gt;&lt;td style=&quot;vertical-align:top;text-align:left; padding: 0px; font-weight: bold; &quot; width=&quot;4%&quot;&gt;Segregation&lt;/td&gt;&lt;td style=&quot;vertical-align:top;text-align:left; padding: 0px; font-weight: bold; &quot; width=&quot;4%&quot;&gt;From Device PDM_ID&lt;/td&gt;&lt;td style=&quot;vertical-align:top;text-align:left; padding: 0px; font-weight: bold; &quot; width=&quot;4%&quot;&gt;From Device PDM_REV&lt;/td&gt;&lt;td style=&quot;vertical-align:top;text-align:left; padding: 0px; font-weight: bold; &quot; width=&quot;4%&quot;&gt;From Device PDM_TYPE&lt;/td&gt;&lt;td style=&quot;vertical-align:top;text-align:left; padding: 0px; font-weight: bold; &quot; width=&quot;4%&quot;&gt;To Device PDM_ID&lt;/td&gt;&lt;td style=&quot;vertical-align:top;text-align:left; padding: 0px; font-weight: bold; &quot; width=&quot;4%&quot;&gt;To Device PDM_REV&lt;/td&gt;&lt;td style=&quot;vertical-align:top;text-align:left; padding: 0px; font-weight: bold; &quot; width=&quot;4%&quot;&gt;To Device PDM_TYPE&lt;/td&gt;&lt;td style=&quot;vertical-align:top;text-align:left; padding: 0px; font-weight: bold; &quot; width=&quot;4%&quot;&gt;SystemCode&lt;/td&gt;&lt;td style=&quot;vertical-align:top;text-align:left; padding: 0px; font-weight: bold; &quot; width=&quot;4%&quot;&gt;Description&lt;/td&gt;&lt;td style=&quot;vertical-...
	at chs.common.reporting.ReportTestCase.createAndCompareReports(ReportTestCase.java:102)
	at chs.common.reporting.TeamcenterLogicComponentBOMTest.testReportContent(TeamcenterLogicComponentBOMTest.java:105)
	at chs.common.reporting.TeamcenterLogicComponentBOMTest.testReportWithConfigFile(TeamcenterLogicComponentBOMTest.java:126)
	at chs.common.reporting.TeamcenterLogicComponentBOMTest.testLogicComponentBOMReport(TeamcenterLogicComponentBOMTest.java:110)
</failure>
  </testcase>
  <testcase classname="chs.common.reporting.TeamcenterLogicComponentBOMTest" name="testLogicComponentBOMReport[32]" time="0.515">
    <failure message="Differences found : &#xa;Golden: &apos;C:\repos\iesd\chs_home\bld\testdata\temp\chs\common\reporting\TeamcenterLogicComponentBOMTest\reports\config3\OneHomeMulticore.golden.html&apos;&#xa;Actual: &apos;C:\repos\iesd\chs_home\bld\testdata\temp\chs\common\reporting\TeamcenterLogicComponentBOMTest\reports\config3\OneHomeMulticore.actual.html&apos;&#xa;mv &apos;C:\repos\iesd\chs_home\bld\testdata\temp\chs\common\reporting\TeamcenterLogicComponentBOMTest\reports\config3\OneHomeMulticore.actual.html&apos; &apos;C:\repos\iesd\chs_home\bld\testdata\temp\chs\common\reporting\TeamcenterLogicComponentBOMTest\reports\config3\OneHomeMulticore.golden.html&apos;&#xa;&#xa;Changed : Exp:1 - Act: 1&#xa;Exp: &lt;html xmlns:xs=&quot;http://www.w3.org/2001/XMLSchema&quot;&gt;&lt;head&gt;&lt;title&gt;Teamcenter Logic Component BOM&lt;/title&gt;&lt;script language=&quot;javascript&quot; src=&quot;/reporter/scripts/commonscript.js&quot;&gt;&lt;/script&gt;&lt;/head&gt;&lt;body onload=&quot;javascript:initializeReportPage(&apos;report.xsl&apos;)&quot;&gt;&lt;table border=&quot;0&quot; width=&quot;99%&quot;&gt;&lt;colgroup span=&quot;3&quot;&gt;&lt;/colgroup&gt;&lt;tr class=&quot;topRow&quot;&gt;&lt;td style=&quot;width:30%&quot; align=&quot;left&quot; valign=&quot;middle&quot;&gt;&lt;img id=&quot;MGLOGO&quot; width=&quot;137&quot; height=&quot;24&quot; src=&quot;/reporter/images/SiemensLogo.png&quot; /&gt;&lt;b&gt;&lt;/b&gt;&lt;/td&gt;&lt;td width=&quot;49%&quot; align=&quot;center&quot; valign=&quot;middle&quot;&gt;&lt;table width=&quot;100%&quot; border=&quot;0&quot;&gt;&lt;colgroup span=&quot;2&quot;&gt;&lt;/colgroup&gt;&lt;tr&gt;&lt;td width=&quot;25%&quot; align=&quot;left&quot;&gt;&lt;b style=&quot;color: green&quot;&gt;Report&lt;/b&gt;&lt;/td&gt;&lt;td width=&quot;75%&quot; align=&quot;left&quot;&gt;&lt;p style=&quot;color: green&quot;&gt;Teamcenter Logic Component BOM&lt;/p&gt;&lt;/td&gt;&lt;/tr&gt;&lt;tr&gt;&lt;td width=&quot;25%&quot; align=&quot;left&quot;&gt;&lt;b style=&quot;color: green&quot;&gt;User&lt;/b&gt;&lt;/td&gt;&lt;td width=&quot;75%&quot; align=&quot;left&quot;&gt;&lt;i style=&quot;color: green&quot;&gt;system&lt;/i&gt;&lt;/td&gt;&lt;/tr&gt;&lt;/table&gt;&lt;/td&gt;&lt;td align=&quot;right&quot; valign=&quot;middle&quot; width=&quot;20%&quot;&gt;&lt;img id=&quot;puck&quot; border=&quot;0&quot; width=&quot;100&quot; height=&quot;80&quot; src=&quot;/reporter/images/puck_smaller.jpg&quot; /&gt;&lt;b&gt;&lt;/b&gt;&lt;/td&gt;&lt;/tr&gt;&lt;/table&gt;&lt;table border=&quot;0&quot; cellpadding=&quot;0&quot; cellspacing=&quot;0&quot; width=&quot;99%&quot; style=&quot;font-family:Lucida Sans;font-size:12&quot; id=&quot;tableid1&quot;&gt;&lt;colgroup span=&quot;10&quot;&gt;&lt;/colgroup&gt;&lt;tr style=&quot;background-color: #CCDDFF;&quot; class=&quot;header&quot;&gt;&lt;td style=&quot;vertical-align:top;text-align:left; padding: 0px; font-weight: bold; &quot; width=&quot;10%&quot;&gt;Routing ID&lt;/td&gt;&lt;td style=&quot;vertical-align:top;text-align:left; padding: 0px; font-weight: bold; &quot; width=&quot;10%&quot;&gt;ICD name and Revision&lt;/td&gt;&lt;td style=&quot;vertical-align:top;text-align:left; padding: 0px; font-weight: bold; &quot; width=&quot;10%&quot;&gt;PDM_ID&lt;/td&gt;&lt;td style=&quot;vertical-align:top;text-align:left; padding: 0px; font-weight: bold; &quot; width=&quot;10%&quot;&gt;PDM_REV&lt;/td&gt;&lt;td style=&quot;vertical-align:top;text-align:left; padding: 0px; font-weight: bold; &quot; width=&quot;10%&quot;&gt;PDM_TYPE&lt;/td&gt;&lt;td style=&quot;vertical-align:top;text-align:left; padding: 0px; font-weight: bold; &quot; width=&quot;10%&quot;&gt;PDM_NAME&lt;/td&gt;&lt;td style=&quot;vertical-align:top;text-align:left; padding: 0px; font-weight: bold; &quot; width=&quot;10%&quot;&gt;Description&lt;/td&gt;&lt;td style=&quot;vertical-align:top;text-align:left; padding: 0px; font-weight: bold; &quot; width=&quot;10%&quot;&gt;SystemCode&lt;/td&gt;&lt;td style=&quot;vertical-align:top;text-align:left; padding: 0px; font-weight: bold; &quot; width=&quot;10%&quot;&gt;Room&lt;/td&gt;&lt;td style=&quot;vertical-align:top;text-align:left; padding: 0px; font-weight: bold; &quot; width=&quot;10%&quot;&gt;DesignRemarks&lt;/td&gt;&lt;/tr&gt;&lt;/table&gt;&lt;table border=&quot;0&quot; cellpadding=&quot;0&quot; cellspacing=&quot;0&quot; width=&quot;99%&quot; style=&quot;font-family:Lucida Sans;font-size:12&quot; id=&quot;tableid2&quot;&gt;&lt;colgroup span=&quot;22&quot;&gt;&lt;/colgroup&gt;&lt;tr style=&quot;background-color: #CCDDFF;&quot; class=&quot;header&quot;&gt;&lt;td style=&quot;vertical-align:top;text-align:left; padding: 0px; font-weight: bold; &quot; width=&quot;4%&quot;&gt;Routing ID&lt;/td&gt;&lt;td style=&quot;vertical-align:top;text-align:left; padding: 0px; font-weight: bold; &quot; width=&quot;4%&quot;&gt;Unmodified Length&lt;/td&gt;&lt;td style=&quot;vertical-align:top;text-align:left; padding: 0px; font-weight: bold; &quot; width=&quot;4%&quot;&gt;Max Length&lt;/td&gt;&lt;td style=&quot;vertical-align:top;text-align:left; padding: 0px; font-weight: bold; &quot; width=&quot;4%&quot;&gt;Min Length&lt;/td&gt;&lt;td style=&quot;vertical-align:top;text-align:left; padding: 0px; font-weight: bold; &quot; width=&quot;4%&quot;&gt;PDM_ID&lt;/td&gt;&lt;td style=&quot;vertical-align:top;text-align:left; padding: 0px; font-weight: bold; &quot; width=&quot;4%&quot;&gt;PDM_REV&lt;/td&gt;&lt;td style=&quot;vertical-align:top;text-align:left; padding: 0px; font-weight: bold; &quot; width=&quot;4%&quot;&gt;PDM_TYPE&lt;/td&gt;&lt;td style=&quot;vertical-align:top;text-align:left; padding: 0px; font-weight: bold; &quot; width=&quot;4%&quot;&gt;PDM_NAME&lt;/td&gt;&lt;td style=&quot;vertical-align:top;text-align:left; padding: 0px; font-weight: bold; &quot; width=&quot;4%&quot;&gt;Segregation&lt;/td&gt;&lt;td style=&quot;vertical-align:top;text-align:left; padding: 0px; font-weight: bold; &quot; width=&quot;4%&quot;&gt;From Device PDM_ID&lt;/td&gt;&lt;td style=&quot;vertical-align:top;text-align:left; padding: 0px; font-weight: bold; &quot; width=&quot;4%&quot;&gt;From Device PDM_REV&lt;/td&gt;&lt;td style=&quot;vertical-align:top;text-align:left; padding: 0px; font-weight: bold; &quot; width=&quot;4%&quot;&gt;From Device PDM_TYPE&lt;/td&gt;&lt;td style=&quot;vertical-align:top;text-align:left; padding: 0px; font-weight: bold; &quot; width=&quot;4%&quot;&gt;To Device PDM_ID&lt;/td&gt;&lt;td style=&quot;vertical-align:top;text-align:left; padding: 0px; font-weight: bold; &quot; width=&quot;4%&quot;&gt;To Device PDM_REV&lt;/td&gt;&lt;td style=&quot;vertical-align:top;text-align:left; padding: 0px; font-weight: bold; &quot; width=&quot;4%&quot;&gt;To Device PDM_TYPE&lt;/td&gt;&lt;td style=&quot;vertical-align:top;text-align:left; padding: 0px; font-weight: bold; &quot; width=&quot;4%&quot;&gt;SystemCode&lt;/td&gt;&lt;td styl..." type="chs.FileServices$FSComparisonFailure">chs.FileServices$FSComparisonFailure: Differences found : 
Golden: &apos;C:\repos\iesd\chs_home\bld\testdata\temp\chs\common\reporting\TeamcenterLogicComponentBOMTest\reports\config3\OneHomeMulticore.golden.html&apos;
Actual: &apos;C:\repos\iesd\chs_home\bld\testdata\temp\chs\common\reporting\TeamcenterLogicComponentBOMTest\reports\config3\OneHomeMulticore.actual.html&apos;
mv &apos;C:\repos\iesd\chs_home\bld\testdata\temp\chs\common\reporting\TeamcenterLogicComponentBOMTest\reports\config3\OneHomeMulticore.actual.html&apos; &apos;C:\repos\iesd\chs_home\bld\testdata\temp\chs\common\reporting\TeamcenterLogicComponentBOMTest\reports\config3\OneHomeMulticore.golden.html&apos;

Changed : Exp:1 - Act: 1
Exp: &lt;html xmlns:xs=&quot;http://www.w3.org/2001/XMLSchema&quot;&gt;&lt;head&gt;&lt;title&gt;Teamcenter Logic Component BOM&lt;/title&gt;&lt;script language=&quot;javascript&quot; src=&quot;/reporter/scripts/commonscript.js&quot;&gt;&lt;/script&gt;&lt;/head&gt;&lt;body onload=&quot;javascript:initializeReportPage(&apos;report.xsl&apos;)&quot;&gt;&lt;table border=&quot;0&quot; width=&quot;99%&quot;&gt;&lt;colgroup span=&quot;3&quot;&gt;&lt;/colgroup&gt;&lt;tr class=&quot;topRow&quot;&gt;&lt;td style=&quot;width:30%&quot; align=&quot;left&quot; valign=&quot;middle&quot;&gt;&lt;img id=&quot;MGLOGO&quot; width=&quot;137&quot; height=&quot;24&quot; src=&quot;/reporter/images/SiemensLogo.png&quot; /&gt;&lt;b&gt;&lt;/b&gt;&lt;/td&gt;&lt;td width=&quot;49%&quot; align=&quot;center&quot; valign=&quot;middle&quot;&gt;&lt;table width=&quot;100%&quot; border=&quot;0&quot;&gt;&lt;colgroup span=&quot;2&quot;&gt;&lt;/colgroup&gt;&lt;tr&gt;&lt;td width=&quot;25%&quot; align=&quot;left&quot;&gt;&lt;b style=&quot;color: green&quot;&gt;Report&lt;/b&gt;&lt;/td&gt;&lt;td width=&quot;75%&quot; align=&quot;left&quot;&gt;&lt;p style=&quot;color: green&quot;&gt;Teamcenter Logic Component BOM&lt;/p&gt;&lt;/td&gt;&lt;/tr&gt;&lt;tr&gt;&lt;td width=&quot;25%&quot; align=&quot;left&quot;&gt;&lt;b style=&quot;color: green&quot;&gt;User&lt;/b&gt;&lt;/td&gt;&lt;td width=&quot;75%&quot; align=&quot;left&quot;&gt;&lt;i style=&quot;color: green&quot;&gt;system&lt;/i&gt;&lt;/td&gt;&lt;/tr&gt;&lt;/table&gt;&lt;/td&gt;&lt;td align=&quot;right&quot; valign=&quot;middle&quot; width=&quot;20%&quot;&gt;&lt;img id=&quot;puck&quot; border=&quot;0&quot; width=&quot;100&quot; height=&quot;80&quot; src=&quot;/reporter/images/puck_smaller.jpg&quot; /&gt;&lt;b&gt;&lt;/b&gt;&lt;/td&gt;&lt;/tr&gt;&lt;/table&gt;&lt;table border=&quot;0&quot; cellpadding=&quot;0&quot; cellspacing=&quot;0&quot; width=&quot;99%&quot; style=&quot;font-family:Lucida Sans;font-size:12&quot; id=&quot;tableid1&quot;&gt;&lt;colgroup span=&quot;10&quot;&gt;&lt;/colgroup&gt;&lt;tr style=&quot;background-color: #CCDDFF;&quot; class=&quot;header&quot;&gt;&lt;td style=&quot;vertical-align:top;text-align:left; padding: 0px; font-weight: bold; &quot; width=&quot;10%&quot;&gt;Routing ID&lt;/td&gt;&lt;td style=&quot;vertical-align:top;text-align:left; padding: 0px; font-weight: bold; &quot; width=&quot;10%&quot;&gt;ICD name and Revision&lt;/td&gt;&lt;td style=&quot;vertical-align:top;text-align:left; padding: 0px; font-weight: bold; &quot; width=&quot;10%&quot;&gt;PDM_ID&lt;/td&gt;&lt;td style=&quot;vertical-align:top;text-align:left; padding: 0px; font-weight: bold; &quot; width=&quot;10%&quot;&gt;PDM_REV&lt;/td&gt;&lt;td style=&quot;vertical-align:top;text-align:left; padding: 0px; font-weight: bold; &quot; width=&quot;10%&quot;&gt;PDM_TYPE&lt;/td&gt;&lt;td style=&quot;vertical-align:top;text-align:left; padding: 0px; font-weight: bold; &quot; width=&quot;10%&quot;&gt;PDM_NAME&lt;/td&gt;&lt;td style=&quot;vertical-align:top;text-align:left; padding: 0px; font-weight: bold; &quot; width=&quot;10%&quot;&gt;Description&lt;/td&gt;&lt;td style=&quot;vertical-align:top;text-align:left; padding: 0px; font-weight: bold; &quot; width=&quot;10%&quot;&gt;SystemCode&lt;/td&gt;&lt;td style=&quot;vertical-align:top;text-align:left; padding: 0px; font-weight: bold; &quot; width=&quot;10%&quot;&gt;Room&lt;/td&gt;&lt;td style=&quot;vertical-align:top;text-align:left; padding: 0px; font-weight: bold; &quot; width=&quot;10%&quot;&gt;DesignRemarks&lt;/td&gt;&lt;/tr&gt;&lt;/table&gt;&lt;table border=&quot;0&quot; cellpadding=&quot;0&quot; cellspacing=&quot;0&quot; width=&quot;99%&quot; style=&quot;font-family:Lucida Sans;font-size:12&quot; id=&quot;tableid2&quot;&gt;&lt;colgroup span=&quot;22&quot;&gt;&lt;/colgroup&gt;&lt;tr style=&quot;background-color: #CCDDFF;&quot; class=&quot;header&quot;&gt;&lt;td style=&quot;vertical-align:top;text-align:left; padding: 0px; font-weight: bold; &quot; width=&quot;4%&quot;&gt;Routing ID&lt;/td&gt;&lt;td style=&quot;vertical-align:top;text-align:left; padding: 0px; font-weight: bold; &quot; width=&quot;4%&quot;&gt;Unmodified Length&lt;/td&gt;&lt;td style=&quot;vertical-align:top;text-align:left; padding: 0px; font-weight: bold; &quot; width=&quot;4%&quot;&gt;Max Length&lt;/td&gt;&lt;td style=&quot;vertical-align:top;text-align:left; padding: 0px; font-weight: bold; &quot; width=&quot;4%&quot;&gt;Min Length&lt;/td&gt;&lt;td style=&quot;vertical-align:top;text-align:left; padding: 0px; font-weight: bold; &quot; width=&quot;4%&quot;&gt;PDM_ID&lt;/td&gt;&lt;td style=&quot;vertical-align:top;text-align:left; padding: 0px; font-weight: bold; &quot; width=&quot;4%&quot;&gt;PDM_REV&lt;/td&gt;&lt;td style=&quot;vertical-align:top;text-align:left; padding: 0px; font-weight: bold; &quot; width=&quot;4%&quot;&gt;PDM_TYPE&lt;/td&gt;&lt;td style=&quot;vertical-align:top;text-align:left; padding: 0px; font-weight: bold; &quot; width=&quot;4%&quot;&gt;PDM_NAME&lt;/td&gt;&lt;td style=&quot;vertical-align:top;text-align:left; padding: 0px; font-weight: bold; &quot; width=&quot;4%&quot;&gt;Segregation&lt;/td&gt;&lt;td style=&quot;vertical-align:top;text-align:left; padding: 0px; font-weight: bold; &quot; width=&quot;4%&quot;&gt;From Device PDM_ID&lt;/td&gt;&lt;td style=&quot;vertical-align:top;text-align:left; padding: 0px; font-weight: bold; &quot; width=&quot;4%&quot;&gt;From Device PDM_REV&lt;/td&gt;&lt;td style=&quot;vertical-align:top;text-align:left; padding: 0px; font-weight: bold; &quot; width=&quot;4%&quot;&gt;From Device PDM_TYPE&lt;/td&gt;&lt;td style=&quot;vertical-align:top;text-align:left; padding: 0px; font-weight: bold; &quot; width=&quot;4%&quot;&gt;To Device PDM_ID&lt;/td&gt;&lt;td style=&quot;vertical-align:top;text-align:left; padding: 0px; font-weight: bold; &quot; width=&quot;4%&quot;&gt;To Device PDM_REV&lt;/td&gt;&lt;td style=&quot;vertical-align:top;text-align:left; padding: 0px; font-weight: bold; &quot; width=&quot;4%&quot;&gt;To Device PDM_TYPE&lt;/td&gt;&lt;td style=&quot;vertical-align:top;text-align:left; padding: 0px; font-weight: bold; &quot; width=&quot;4%&quot;&gt;SystemCode&lt;/td&gt;&lt;td styl...
	at chs.common.reporting.ReportTestCase.createAndCompareReports(ReportTestCase.java:102)
	at chs.common.reporting.TeamcenterLogicComponentBOMTest.testReportContent(TeamcenterLogicComponentBOMTest.java:105)
	at chs.common.reporting.TeamcenterLogicComponentBOMTest.testReportWithConfigFile(TeamcenterLogicComponentBOMTest.java:126)
	at chs.common.reporting.TeamcenterLogicComponentBOMTest.testLogicComponentBOMReport(TeamcenterLogicComponentBOMTest.java:110)
</failure>
  </testcase>
  <testcase classname="chs.common.reporting.TeamcenterLogicComponentBOMTest" name="testLogicComponentBOMReport[33]" time="0.594" />
  <testcase classname="chs.common.reporting.TeamcenterLogicComponentBOMTest" name="testLogicComponentBOMReport[34]" time="0.442" />
  <testcase classname="chs.common.reporting.TeamcenterLogicComponentBOMTest" name="testLogicComponentBOMReport[35]" time="0.479" />
  <testcase classname="chs.common.reporting.TeamcenterLogicComponentBOMTest" name="testLogicComponentBOMReport[36]" time="19.232">
    <failure message="Differences found : &#xa;Golden: &apos;C:\repos\iesd\chs_home\bld\testdata\temp\chs\common\reporting\TeamcenterLogicComponentBOMTest\reports\config1\SDPDesignShared_Instances.golden.html&apos;&#xa;Actual: &apos;C:\repos\iesd\chs_home\bld\testdata\temp\chs\common\reporting\TeamcenterLogicComponentBOMTest\reports\config1\SDPDesignShared_Instances.actual.html&apos;&#xa;mv &apos;C:\repos\iesd\chs_home\bld\testdata\temp\chs\common\reporting\TeamcenterLogicComponentBOMTest\reports\config1\SDPDesignShared_Instances.actual.html&apos; &apos;C:\repos\iesd\chs_home\bld\testdata\temp\chs\common\reporting\TeamcenterLogicComponentBOMTest\reports\config1\SDPDesignShared_Instances.golden.html&apos;&#xa;&#xa;Changed : Exp:1 - Act: 1&#xa;Exp: &lt;html xmlns:xs=&quot;http://www.w3.org/2001/XMLSchema&quot;&gt;&lt;head&gt;&lt;title&gt;Teamcenter Logic Component BOM&lt;/title&gt;&lt;script language=&quot;javascript&quot; src=&quot;/reporter/scripts/commonscript.js&quot;&gt;&lt;/script&gt;&lt;/head&gt;&lt;body onload=&quot;javascript:initializeReportPage(&apos;report.xsl&apos;)&quot;&gt;&lt;table border=&quot;0&quot; width=&quot;99%&quot;&gt;&lt;colgroup span=&quot;3&quot;&gt;&lt;/colgroup&gt;&lt;tr class=&quot;topRow&quot;&gt;&lt;td style=&quot;width:30%&quot; align=&quot;left&quot; valign=&quot;middle&quot;&gt;&lt;img id=&quot;MGLOGO&quot; width=&quot;137&quot; height=&quot;24&quot; src=&quot;/reporter/images/SiemensLogo.png&quot; /&gt;&lt;b&gt;&lt;/b&gt;&lt;/td&gt;&lt;td width=&quot;49%&quot; align=&quot;center&quot; valign=&quot;middle&quot;&gt;&lt;table width=&quot;100%&quot; border=&quot;0&quot;&gt;&lt;colgroup span=&quot;2&quot;&gt;&lt;/colgroup&gt;&lt;tr&gt;&lt;td width=&quot;25%&quot; align=&quot;left&quot;&gt;&lt;b style=&quot;color: green&quot;&gt;Report&lt;/b&gt;&lt;/td&gt;&lt;td width=&quot;75%&quot; align=&quot;left&quot;&gt;&lt;p style=&quot;color: green&quot;&gt;Teamcenter Logic Component BOM&lt;/p&gt;&lt;/td&gt;&lt;/tr&gt;&lt;tr&gt;&lt;td width=&quot;25%&quot; align=&quot;left&quot;&gt;&lt;b style=&quot;color: green&quot;&gt;User&lt;/b&gt;&lt;/td&gt;&lt;td width=&quot;75%&quot; align=&quot;left&quot;&gt;&lt;i style=&quot;color: green&quot;&gt;system&lt;/i&gt;&lt;/td&gt;&lt;/tr&gt;&lt;/table&gt;&lt;/td&gt;&lt;td align=&quot;right&quot; valign=&quot;middle&quot; width=&quot;20%&quot;&gt;&lt;img id=&quot;puck&quot; border=&quot;0&quot; width=&quot;100&quot; height=&quot;80&quot; src=&quot;/reporter/images/puck_smaller.jpg&quot; /&gt;&lt;b&gt;&lt;/b&gt;&lt;/td&gt;&lt;/tr&gt;&lt;/table&gt;&lt;table border=&quot;0&quot; cellpadding=&quot;0&quot; cellspacing=&quot;0&quot; width=&quot;99%&quot; style=&quot;font-family:Lucida Sans;font-size:12&quot; id=&quot;tableid1&quot;&gt;&lt;colgroup span=&quot;10&quot;&gt;&lt;/colgroup&gt;&lt;tr style=&quot;background-color: #CCDDFF;&quot; class=&quot;header&quot;&gt;&lt;td style=&quot;vertical-align:top;text-align:left; padding: 0px; font-weight: bold; &quot; width=&quot;10%&quot;&gt;Routing ID&lt;/td&gt;&lt;td style=&quot;vertical-align:top;text-align:left; padding: 0px; font-weight: bold; &quot; width=&quot;10%&quot;&gt;PDM_ID&lt;/td&gt;&lt;td style=&quot;vertical-align:top;text-align:left; padding: 0px; font-weight: bold; &quot; width=&quot;10%&quot;&gt;PDM_REV&lt;/td&gt;&lt;td style=&quot;vertical-align:top;text-align:left; padding: 0px; font-weight: bold; &quot; width=&quot;10%&quot;&gt;PDM_TYPE&lt;/td&gt;&lt;td style=&quot;vertical-align:top;text-align:left; padding: 0px; font-weight: bold; &quot; width=&quot;10%&quot;&gt;PDM_NAME&lt;/td&gt;&lt;td style=&quot;vertical-align:top;text-align:left; padding: 0px; font-weight: bold; &quot; width=&quot;10%&quot;&gt;Description&lt;/td&gt;&lt;td style=&quot;vertical-align:top;text-align:left; padding: 0px; font-weight: bold; &quot; width=&quot;10%&quot;&gt;SystemCode&lt;/td&gt;&lt;td style=&quot;vertical-align:top;text-align:left; padding: 0px; font-weight: bold; &quot; width=&quot;10%&quot;&gt;Room&lt;/td&gt;&lt;td style=&quot;vertical-align:top;text-align:left; padding: 0px; font-weight: bold; &quot; width=&quot;10%&quot;&gt;DesignRemarks&lt;/td&gt;&lt;td style=&quot;vertical-align:top;text-align:left; padding: 0px; font-weight: bold; &quot; width=&quot;10%&quot;&gt;Quantity&lt;/td&gt;&lt;/tr&gt;&lt;tr style=&quot;white-space: pre-wrap;background-color: #E4E4E4;&quot;&gt;&lt;td&gt;Design1:2:AUDIO UNIT&lt;/td&gt;&lt;td&gt;&lt;/td&gt;&lt;td&gt;&lt;/td&gt;&lt;td&gt;&lt;/td&gt;&lt;td&gt;&lt;/td&gt;&lt;td&gt;AUDIO UNIT&lt;/td&gt;&lt;td&gt;&lt;/td&gt;&lt;td&gt;&lt;/td&gt;&lt;td&gt;&lt;/td&gt;&lt;td&gt;1&lt;/td&gt;&lt;/tr&gt;&lt;tr style=&quot;white-space: pre-wrap;&quot;&gt;&lt;td&gt;Design1:2:AUDIO UNIT&lt;/td&gt;&lt;td&gt;&lt;/td&gt;&lt;td&gt;&lt;/td&gt;&lt;td&gt;&lt;/td&gt;&lt;td&gt;&lt;/td&gt;&lt;td&gt;AUDIO UNIT&lt;/td&gt;&lt;td&gt;&lt;/td&gt;&lt;td&gt;&lt;/td&gt;&lt;td&gt;&lt;/td&gt;&lt;td&gt;1&lt;/td&gt;&lt;/tr&gt;&lt;tr style=&quot;white-space: pre-wrap;background-color: #E4E4E4;&quot;&gt;&lt;td&gt;Design1:2:AUDIO UNIT&lt;/td&gt;&lt;td&gt;&lt;/td&gt;&lt;td&gt;&lt;/td&gt;&lt;td&gt;&lt;/td&gt;&lt;td&gt;&lt;/td&gt;&lt;td&gt;AUDIO UNIT&lt;/td&gt;&lt;td&gt;&lt;/td&gt;&lt;td&gt;&lt;/td&gt;&lt;td&gt;&lt;/td&gt;&lt;td&gt;1&lt;/td&gt;&lt;/tr&gt;&lt;tr style=&quot;white-space: pre-wrap;&quot;&gt;&lt;td&gt;Design1:2:AUDIO UNIT&lt;/td&gt;&lt;td&gt;&lt;/td&gt;&lt;td&gt;&lt;/td&gt;&lt;td&gt;&lt;/td&gt;&lt;td&gt;&lt;/td&gt;&lt;td&gt;AUDIO UNIT&lt;/td&gt;&lt;td&gt;&lt;/td&gt;&lt;td&gt;&lt;/td&gt;&lt;td&gt;&lt;/td&gt;&lt;td&gt;1&lt;/td&gt;&lt;/tr&gt;&lt;tr style=&quot;white-space: pre-wrap;background-color: #E4E4E4;&quot;&gt;&lt;td&gt;Design1:2:DB&lt;/td&gt;&lt;td&gt;&lt;/td&gt;&lt;td&gt;&lt;/td&gt;&lt;td&gt;&lt;/td&gt;&lt;td&gt;&lt;/td&gt;&lt;td&gt;&lt;/td&gt;&lt;td&gt;&lt;/td&gt;&lt;td&gt;&lt;/td&gt;&lt;td&gt;&lt;/td&gt;&lt;td&gt;1&lt;/td&gt;&lt;/tr&gt;&lt;tr style=&quot;white-space: pre-wrap;&quot;&gt;&lt;td&gt;Design1:2:DB&lt;/td&gt;&lt;td&gt;&lt;/td&gt;&lt;td&gt;&lt;/td&gt;&lt;td&gt;&lt;/td&gt;&lt;td&gt;&lt;/td&gt;&lt;td&gt;&lt;/td&gt;&lt;td&gt;&lt;/td&gt;&lt;td&gt;&lt;/td&gt;&lt;td&gt;&lt;/td&gt;&lt;td&gt;1&lt;/td&gt;&lt;/tr&gt;&lt;tr style=&quot;white-space: pre-wrap;background-color: #E4E4E4;&quot;&gt;&lt;td&gt;Design1:2:DB&lt;/td&gt;&lt;td&gt;&lt;/td&gt;&lt;td&gt;&lt;/td&gt;&lt;td&gt;&lt;/td&gt;&lt;td&gt;&lt;/td&gt;&lt;td&gt;&lt;/td&gt;&lt;td&gt;&lt;/td&gt;&lt;td&gt;&lt;/td&gt;&lt;td&gt;&lt;/td&gt;&lt;td&gt;1&lt;/td&gt;&lt;/tr&gt;&lt;tr style=&quot;white-space: pre-wrap;&quot;&gt;&lt;td&gt;Design1:2:DB&lt;/td&gt;&lt;td&gt;&lt;/td&gt;&lt;td&gt;&lt;/td&gt;&lt;td&gt;&lt;/td&gt;&lt;td&gt;&lt;/td&gt;&lt;td&gt;&lt;/td&gt;&lt;td&gt;&lt;/td&gt;&lt;td&gt;&lt;/td&gt;&lt;td&gt;&lt;/td&gt;&lt;td&gt;1&lt;/td&gt;&lt;/tr&gt;&lt;tr style=&quot;white-space: pre-wrap;background-color: #E4E4E4;&quot;&gt;&lt;td&gt;Design3:1:CD CHANGER&lt;/td&gt;&lt;td&gt;&lt;/td&gt;&lt;td&gt;&lt;/td&gt;&lt;td&gt;&lt;/td&gt;&lt;td&gt;&lt;/td&gt;&lt;td&gt;CD CHANGER&lt;/td&gt;&lt;td&gt;&lt;/td&gt;&lt;td&gt;&lt;/td&gt;&lt;td&gt;&lt;/td&gt;&lt;td&gt;1&lt;/td&gt;&lt;/tr&gt;&lt;tr style=&quot;white-space: pre-wrap;&quot;&gt;&lt;td&gt;Design3:1:CD CHANGER&lt;/td&gt;&lt;td&gt;&lt;/td&gt;&lt;td&gt;&lt;/td&gt;&lt;td&gt;&lt;/td&gt;&lt;td&gt;&lt;/td&gt;&lt;td&gt;CD CHANGER&lt;/td&gt;&lt;td&gt;&lt;/td&gt;&lt;td&gt;&lt;/td&gt;&lt;td&gt;&lt;/td&gt;&lt;td&gt;1&lt;/td&gt;&lt;/tr&gt;&lt;tr style=&quot;white-space: pre-wrap;background-color: #E4E4E4;&quot;&gt;&lt;td&gt;Design3:1:CD CHANGER&lt;/td&gt;&lt;td&gt;&lt;/td&gt;&lt;td&gt;&lt;/td&gt;&lt;td&gt;&lt;/td&gt;&lt;td&gt;&lt;/td&gt;&lt;td&gt;CD CHANGER&lt;/td&gt;&lt;td&gt;&lt;/td&gt;&lt;td&gt;&lt;/td&gt;&lt;td&gt;&lt;/td&gt;&lt;td&gt;1&lt;/td&gt;&lt;/tr&gt;&lt;tr style=&quot;white-space: pre-wrap;&quot;&gt;&lt;td&gt;Design3:1:DEV314&lt;/td&gt;&lt;td&gt;&lt;/td&gt;&lt;td&gt;&lt;/td&gt;&lt;td&gt;&lt;/td&gt;&lt;td&gt;&lt;/td&gt;&lt;td&gt;&lt;/td&gt;&lt;td&gt;&lt;/td&gt;&lt;td..." type="chs.FileServices$FSComparisonFailure">chs.FileServices$FSComparisonFailure: Differences found : 
Golden: &apos;C:\repos\iesd\chs_home\bld\testdata\temp\chs\common\reporting\TeamcenterLogicComponentBOMTest\reports\config1\SDPDesignShared_Instances.golden.html&apos;
Actual: &apos;C:\repos\iesd\chs_home\bld\testdata\temp\chs\common\reporting\TeamcenterLogicComponentBOMTest\reports\config1\SDPDesignShared_Instances.actual.html&apos;
mv &apos;C:\repos\iesd\chs_home\bld\testdata\temp\chs\common\reporting\TeamcenterLogicComponentBOMTest\reports\config1\SDPDesignShared_Instances.actual.html&apos; &apos;C:\repos\iesd\chs_home\bld\testdata\temp\chs\common\reporting\TeamcenterLogicComponentBOMTest\reports\config1\SDPDesignShared_Instances.golden.html&apos;

Changed : Exp:1 - Act: 1
Exp: &lt;html xmlns:xs=&quot;http://www.w3.org/2001/XMLSchema&quot;&gt;&lt;head&gt;&lt;title&gt;Teamcenter Logic Component BOM&lt;/title&gt;&lt;script language=&quot;javascript&quot; src=&quot;/reporter/scripts/commonscript.js&quot;&gt;&lt;/script&gt;&lt;/head&gt;&lt;body onload=&quot;javascript:initializeReportPage(&apos;report.xsl&apos;)&quot;&gt;&lt;table border=&quot;0&quot; width=&quot;99%&quot;&gt;&lt;colgroup span=&quot;3&quot;&gt;&lt;/colgroup&gt;&lt;tr class=&quot;topRow&quot;&gt;&lt;td style=&quot;width:30%&quot; align=&quot;left&quot; valign=&quot;middle&quot;&gt;&lt;img id=&quot;MGLOGO&quot; width=&quot;137&quot; height=&quot;24&quot; src=&quot;/reporter/images/SiemensLogo.png&quot; /&gt;&lt;b&gt;&lt;/b&gt;&lt;/td&gt;&lt;td width=&quot;49%&quot; align=&quot;center&quot; valign=&quot;middle&quot;&gt;&lt;table width=&quot;100%&quot; border=&quot;0&quot;&gt;&lt;colgroup span=&quot;2&quot;&gt;&lt;/colgroup&gt;&lt;tr&gt;&lt;td width=&quot;25%&quot; align=&quot;left&quot;&gt;&lt;b style=&quot;color: green&quot;&gt;Report&lt;/b&gt;&lt;/td&gt;&lt;td width=&quot;75%&quot; align=&quot;left&quot;&gt;&lt;p style=&quot;color: green&quot;&gt;Teamcenter Logic Component BOM&lt;/p&gt;&lt;/td&gt;&lt;/tr&gt;&lt;tr&gt;&lt;td width=&quot;25%&quot; align=&quot;left&quot;&gt;&lt;b style=&quot;color: green&quot;&gt;User&lt;/b&gt;&lt;/td&gt;&lt;td width=&quot;75%&quot; align=&quot;left&quot;&gt;&lt;i style=&quot;color: green&quot;&gt;system&lt;/i&gt;&lt;/td&gt;&lt;/tr&gt;&lt;/table&gt;&lt;/td&gt;&lt;td align=&quot;right&quot; valign=&quot;middle&quot; width=&quot;20%&quot;&gt;&lt;img id=&quot;puck&quot; border=&quot;0&quot; width=&quot;100&quot; height=&quot;80&quot; src=&quot;/reporter/images/puck_smaller.jpg&quot; /&gt;&lt;b&gt;&lt;/b&gt;&lt;/td&gt;&lt;/tr&gt;&lt;/table&gt;&lt;table border=&quot;0&quot; cellpadding=&quot;0&quot; cellspacing=&quot;0&quot; width=&quot;99%&quot; style=&quot;font-family:Lucida Sans;font-size:12&quot; id=&quot;tableid1&quot;&gt;&lt;colgroup span=&quot;10&quot;&gt;&lt;/colgroup&gt;&lt;tr style=&quot;background-color: #CCDDFF;&quot; class=&quot;header&quot;&gt;&lt;td style=&quot;vertical-align:top;text-align:left; padding: 0px; font-weight: bold; &quot; width=&quot;10%&quot;&gt;Routing ID&lt;/td&gt;&lt;td style=&quot;vertical-align:top;text-align:left; padding: 0px; font-weight: bold; &quot; width=&quot;10%&quot;&gt;PDM_ID&lt;/td&gt;&lt;td style=&quot;vertical-align:top;text-align:left; padding: 0px; font-weight: bold; &quot; width=&quot;10%&quot;&gt;PDM_REV&lt;/td&gt;&lt;td style=&quot;vertical-align:top;text-align:left; padding: 0px; font-weight: bold; &quot; width=&quot;10%&quot;&gt;PDM_TYPE&lt;/td&gt;&lt;td style=&quot;vertical-align:top;text-align:left; padding: 0px; font-weight: bold; &quot; width=&quot;10%&quot;&gt;PDM_NAME&lt;/td&gt;&lt;td style=&quot;vertical-align:top;text-align:left; padding: 0px; font-weight: bold; &quot; width=&quot;10%&quot;&gt;Description&lt;/td&gt;&lt;td style=&quot;vertical-align:top;text-align:left; padding: 0px; font-weight: bold; &quot; width=&quot;10%&quot;&gt;SystemCode&lt;/td&gt;&lt;td style=&quot;vertical-align:top;text-align:left; padding: 0px; font-weight: bold; &quot; width=&quot;10%&quot;&gt;Room&lt;/td&gt;&lt;td style=&quot;vertical-align:top;text-align:left; padding: 0px; font-weight: bold; &quot; width=&quot;10%&quot;&gt;DesignRemarks&lt;/td&gt;&lt;td style=&quot;vertical-align:top;text-align:left; padding: 0px; font-weight: bold; &quot; width=&quot;10%&quot;&gt;Quantity&lt;/td&gt;&lt;/tr&gt;&lt;tr style=&quot;white-space: pre-wrap;background-color: #E4E4E4;&quot;&gt;&lt;td&gt;Design1:2:AUDIO UNIT&lt;/td&gt;&lt;td&gt;&lt;/td&gt;&lt;td&gt;&lt;/td&gt;&lt;td&gt;&lt;/td&gt;&lt;td&gt;&lt;/td&gt;&lt;td&gt;AUDIO UNIT&lt;/td&gt;&lt;td&gt;&lt;/td&gt;&lt;td&gt;&lt;/td&gt;&lt;td&gt;&lt;/td&gt;&lt;td&gt;1&lt;/td&gt;&lt;/tr&gt;&lt;tr style=&quot;white-space: pre-wrap;&quot;&gt;&lt;td&gt;Design1:2:AUDIO UNIT&lt;/td&gt;&lt;td&gt;&lt;/td&gt;&lt;td&gt;&lt;/td&gt;&lt;td&gt;&lt;/td&gt;&lt;td&gt;&lt;/td&gt;&lt;td&gt;AUDIO UNIT&lt;/td&gt;&lt;td&gt;&lt;/td&gt;&lt;td&gt;&lt;/td&gt;&lt;td&gt;&lt;/td&gt;&lt;td&gt;1&lt;/td&gt;&lt;/tr&gt;&lt;tr style=&quot;white-space: pre-wrap;background-color: #E4E4E4;&quot;&gt;&lt;td&gt;Design1:2:AUDIO UNIT&lt;/td&gt;&lt;td&gt;&lt;/td&gt;&lt;td&gt;&lt;/td&gt;&lt;td&gt;&lt;/td&gt;&lt;td&gt;&lt;/td&gt;&lt;td&gt;AUDIO UNIT&lt;/td&gt;&lt;td&gt;&lt;/td&gt;&lt;td&gt;&lt;/td&gt;&lt;td&gt;&lt;/td&gt;&lt;td&gt;1&lt;/td&gt;&lt;/tr&gt;&lt;tr style=&quot;white-space: pre-wrap;&quot;&gt;&lt;td&gt;Design1:2:AUDIO UNIT&lt;/td&gt;&lt;td&gt;&lt;/td&gt;&lt;td&gt;&lt;/td&gt;&lt;td&gt;&lt;/td&gt;&lt;td&gt;&lt;/td&gt;&lt;td&gt;AUDIO UNIT&lt;/td&gt;&lt;td&gt;&lt;/td&gt;&lt;td&gt;&lt;/td&gt;&lt;td&gt;&lt;/td&gt;&lt;td&gt;1&lt;/td&gt;&lt;/tr&gt;&lt;tr style=&quot;white-space: pre-wrap;background-color: #E4E4E4;&quot;&gt;&lt;td&gt;Design1:2:DB&lt;/td&gt;&lt;td&gt;&lt;/td&gt;&lt;td&gt;&lt;/td&gt;&lt;td&gt;&lt;/td&gt;&lt;td&gt;&lt;/td&gt;&lt;td&gt;&lt;/td&gt;&lt;td&gt;&lt;/td&gt;&lt;td&gt;&lt;/td&gt;&lt;td&gt;&lt;/td&gt;&lt;td&gt;1&lt;/td&gt;&lt;/tr&gt;&lt;tr style=&quot;white-space: pre-wrap;&quot;&gt;&lt;td&gt;Design1:2:DB&lt;/td&gt;&lt;td&gt;&lt;/td&gt;&lt;td&gt;&lt;/td&gt;&lt;td&gt;&lt;/td&gt;&lt;td&gt;&lt;/td&gt;&lt;td&gt;&lt;/td&gt;&lt;td&gt;&lt;/td&gt;&lt;td&gt;&lt;/td&gt;&lt;td&gt;&lt;/td&gt;&lt;td&gt;1&lt;/td&gt;&lt;/tr&gt;&lt;tr style=&quot;white-space: pre-wrap;background-color: #E4E4E4;&quot;&gt;&lt;td&gt;Design1:2:DB&lt;/td&gt;&lt;td&gt;&lt;/td&gt;&lt;td&gt;&lt;/td&gt;&lt;td&gt;&lt;/td&gt;&lt;td&gt;&lt;/td&gt;&lt;td&gt;&lt;/td&gt;&lt;td&gt;&lt;/td&gt;&lt;td&gt;&lt;/td&gt;&lt;td&gt;&lt;/td&gt;&lt;td&gt;1&lt;/td&gt;&lt;/tr&gt;&lt;tr style=&quot;white-space: pre-wrap;&quot;&gt;&lt;td&gt;Design1:2:DB&lt;/td&gt;&lt;td&gt;&lt;/td&gt;&lt;td&gt;&lt;/td&gt;&lt;td&gt;&lt;/td&gt;&lt;td&gt;&lt;/td&gt;&lt;td&gt;&lt;/td&gt;&lt;td&gt;&lt;/td&gt;&lt;td&gt;&lt;/td&gt;&lt;td&gt;&lt;/td&gt;&lt;td&gt;1&lt;/td&gt;&lt;/tr&gt;&lt;tr style=&quot;white-space: pre-wrap;background-color: #E4E4E4;&quot;&gt;&lt;td&gt;Design3:1:CD CHANGER&lt;/td&gt;&lt;td&gt;&lt;/td&gt;&lt;td&gt;&lt;/td&gt;&lt;td&gt;&lt;/td&gt;&lt;td&gt;&lt;/td&gt;&lt;td&gt;CD CHANGER&lt;/td&gt;&lt;td&gt;&lt;/td&gt;&lt;td&gt;&lt;/td&gt;&lt;td&gt;&lt;/td&gt;&lt;td&gt;1&lt;/td&gt;&lt;/tr&gt;&lt;tr style=&quot;white-space: pre-wrap;&quot;&gt;&lt;td&gt;Design3:1:CD CHANGER&lt;/td&gt;&lt;td&gt;&lt;/td&gt;&lt;td&gt;&lt;/td&gt;&lt;td&gt;&lt;/td&gt;&lt;td&gt;&lt;/td&gt;&lt;td&gt;CD CHANGER&lt;/td&gt;&lt;td&gt;&lt;/td&gt;&lt;td&gt;&lt;/td&gt;&lt;td&gt;&lt;/td&gt;&lt;td&gt;1&lt;/td&gt;&lt;/tr&gt;&lt;tr style=&quot;white-space: pre-wrap;background-color: #E4E4E4;&quot;&gt;&lt;td&gt;Design3:1:CD CHANGER&lt;/td&gt;&lt;td&gt;&lt;/td&gt;&lt;td&gt;&lt;/td&gt;&lt;td&gt;&lt;/td&gt;&lt;td&gt;&lt;/td&gt;&lt;td&gt;CD CHANGER&lt;/td&gt;&lt;td&gt;&lt;/td&gt;&lt;td&gt;&lt;/td&gt;&lt;td&gt;&lt;/td&gt;&lt;td&gt;1&lt;/td&gt;&lt;/tr&gt;&lt;tr style=&quot;white-space: pre-wrap;&quot;&gt;&lt;td&gt;Design3:1:DEV314&lt;/td&gt;&lt;td&gt;&lt;/td&gt;&lt;td&gt;&lt;/td&gt;&lt;td&gt;&lt;/td&gt;&lt;td&gt;&lt;/td&gt;&lt;td&gt;&lt;/td&gt;&lt;td&gt;&lt;/td&gt;&lt;td...
	at chs.common.reporting.ReportTestCase.createAndCompareReports(ReportTestCase.java:102)
	at chs.common.reporting.TeamcenterLogicComponentBOMTest.testReportContent(TeamcenterLogicComponentBOMTest.java:105)
	at chs.common.reporting.TeamcenterLogicComponentBOMTest.testReportWithConfigFile(TeamcenterLogicComponentBOMTest.java:126)
	at chs.common.reporting.TeamcenterLogicComponentBOMTest.testLogicComponentBOMReport(TeamcenterLogicComponentBOMTest.java:110)
</failure>
  </testcase>
  <testcase classname="chs.common.reporting.TeamcenterLogicComponentBOMTest" name="testLogicComponentBOMReport[37]" time="14.233">
    <failure message="Differences found : &#xa;Golden: &apos;C:\repos\iesd\chs_home\bld\testdata\temp\chs\common\reporting\TeamcenterLogicComponentBOMTest\reports\config2\SDPDesignShared_Instances.golden.html&apos;&#xa;Actual: &apos;C:\repos\iesd\chs_home\bld\testdata\temp\chs\common\reporting\TeamcenterLogicComponentBOMTest\reports\config2\SDPDesignShared_Instances.actual.html&apos;&#xa;mv &apos;C:\repos\iesd\chs_home\bld\testdata\temp\chs\common\reporting\TeamcenterLogicComponentBOMTest\reports\config2\SDPDesignShared_Instances.actual.html&apos; &apos;C:\repos\iesd\chs_home\bld\testdata\temp\chs\common\reporting\TeamcenterLogicComponentBOMTest\reports\config2\SDPDesignShared_Instances.golden.html&apos;&#xa;&#xa;Changed : Exp:1 - Act: 1&#xa;Exp: &lt;html xmlns:xs=&quot;http://www.w3.org/2001/XMLSchema&quot;&gt;&lt;head&gt;&lt;title&gt;Teamcenter Logic Component BOM&lt;/title&gt;&lt;script language=&quot;javascript&quot; src=&quot;/reporter/scripts/commonscript.js&quot;&gt;&lt;/script&gt;&lt;/head&gt;&lt;body onload=&quot;javascript:initializeReportPage(&apos;report.xsl&apos;)&quot;&gt;&lt;table border=&quot;0&quot; width=&quot;99%&quot;&gt;&lt;colgroup span=&quot;3&quot;&gt;&lt;/colgroup&gt;&lt;tr class=&quot;topRow&quot;&gt;&lt;td style=&quot;width:30%&quot; align=&quot;left&quot; valign=&quot;middle&quot;&gt;&lt;img id=&quot;MGLOGO&quot; width=&quot;137&quot; height=&quot;24&quot; src=&quot;/reporter/images/SiemensLogo.png&quot; /&gt;&lt;b&gt;&lt;/b&gt;&lt;/td&gt;&lt;td width=&quot;49%&quot; align=&quot;center&quot; valign=&quot;middle&quot;&gt;&lt;table width=&quot;100%&quot; border=&quot;0&quot;&gt;&lt;colgroup span=&quot;2&quot;&gt;&lt;/colgroup&gt;&lt;tr&gt;&lt;td width=&quot;25%&quot; align=&quot;left&quot;&gt;&lt;b style=&quot;color: green&quot;&gt;Report&lt;/b&gt;&lt;/td&gt;&lt;td width=&quot;75%&quot; align=&quot;left&quot;&gt;&lt;p style=&quot;color: green&quot;&gt;Teamcenter Logic Component BOM&lt;/p&gt;&lt;/td&gt;&lt;/tr&gt;&lt;tr&gt;&lt;td width=&quot;25%&quot; align=&quot;left&quot;&gt;&lt;b style=&quot;color: green&quot;&gt;User&lt;/b&gt;&lt;/td&gt;&lt;td width=&quot;75%&quot; align=&quot;left&quot;&gt;&lt;i style=&quot;color: green&quot;&gt;system&lt;/i&gt;&lt;/td&gt;&lt;/tr&gt;&lt;/table&gt;&lt;/td&gt;&lt;td align=&quot;right&quot; valign=&quot;middle&quot; width=&quot;20%&quot;&gt;&lt;img id=&quot;puck&quot; border=&quot;0&quot; width=&quot;100&quot; height=&quot;80&quot; src=&quot;/reporter/images/puck_smaller.jpg&quot; /&gt;&lt;b&gt;&lt;/b&gt;&lt;/td&gt;&lt;/tr&gt;&lt;/table&gt;&lt;table border=&quot;0&quot; cellpadding=&quot;0&quot; cellspacing=&quot;0&quot; width=&quot;99%&quot; style=&quot;font-family:Lucida Sans;font-size:12&quot; id=&quot;tableid1&quot;&gt;&lt;colgroup span=&quot;9&quot;&gt;&lt;/colgroup&gt;&lt;tr style=&quot;background-color: #CCDDFF;&quot; class=&quot;header&quot;&gt;&lt;td style=&quot;vertical-align:top;text-align:left; padding: 0px; font-weight: bold; &quot; width=&quot;11%&quot;&gt;Routing ID&lt;/td&gt;&lt;td style=&quot;vertical-align:top;text-align:left; padding: 0px; font-weight: bold; &quot; width=&quot;11%&quot;&gt;PDM_ID&lt;/td&gt;&lt;td style=&quot;vertical-align:top;text-align:left; padding: 0px; font-weight: bold; &quot; width=&quot;11%&quot;&gt;PDM_REV&lt;/td&gt;&lt;td style=&quot;vertical-align:top;text-align:left; padding: 0px; font-weight: bold; &quot; width=&quot;11%&quot;&gt;PDM_TYPE&lt;/td&gt;&lt;td style=&quot;vertical-align:top;text-align:left; padding: 0px; font-weight: bold; &quot; width=&quot;11%&quot;&gt;PDM_NAME&lt;/td&gt;&lt;td style=&quot;vertical-align:top;text-align:left; padding: 0px; font-weight: bold; &quot; width=&quot;11%&quot;&gt;Description&lt;/td&gt;&lt;td style=&quot;vertical-align:top;text-align:left; padding: 0px; font-weight: bold; &quot; width=&quot;11%&quot;&gt;SystemCode&lt;/td&gt;&lt;td style=&quot;vertical-align:top;text-align:left; padding: 0px; font-weight: bold; &quot; width=&quot;11%&quot;&gt;Room&lt;/td&gt;&lt;td style=&quot;vertical-align:top;text-align:left; padding: 0px; font-weight: bold; &quot; width=&quot;11%&quot;&gt;DesignRemarks&lt;/td&gt;&lt;/tr&gt;&lt;tr style=&quot;white-space: pre-wrap;background-color: #E4E4E4;&quot;&gt;&lt;td&gt;Design1:2:AUDIO UNIT&lt;/td&gt;&lt;td&gt;&lt;/td&gt;&lt;td&gt;&lt;/td&gt;&lt;td&gt;&lt;/td&gt;&lt;td&gt;&lt;/td&gt;&lt;td&gt;AUDIO UNIT&lt;/td&gt;&lt;td&gt;&lt;/td&gt;&lt;td&gt;&lt;/td&gt;&lt;td&gt;&lt;/td&gt;&lt;/tr&gt;&lt;tr style=&quot;white-space: pre-wrap;&quot;&gt;&lt;td&gt;Design1:2:AUDIO UNIT&lt;/td&gt;&lt;td&gt;&lt;/td&gt;&lt;td&gt;&lt;/td&gt;&lt;td&gt;&lt;/td&gt;&lt;td&gt;&lt;/td&gt;&lt;td&gt;AUDIO UNIT&lt;/td&gt;&lt;td&gt;&lt;/td&gt;&lt;td&gt;&lt;/td&gt;&lt;td&gt;&lt;/td&gt;&lt;/tr&gt;&lt;tr style=&quot;white-space: pre-wrap;background-color: #E4E4E4;&quot;&gt;&lt;td&gt;Design1:2:AUDIO UNIT&lt;/td&gt;&lt;td&gt;&lt;/td&gt;&lt;td&gt;&lt;/td&gt;&lt;td&gt;&lt;/td&gt;&lt;td&gt;&lt;/td&gt;&lt;td&gt;AUDIO UNIT&lt;/td&gt;&lt;td&gt;&lt;/td&gt;&lt;td&gt;&lt;/td&gt;&lt;td&gt;&lt;/td&gt;&lt;/tr&gt;&lt;tr style=&quot;white-space: pre-wrap;&quot;&gt;&lt;td&gt;Design1:2:AUDIO UNIT&lt;/td&gt;&lt;td&gt;&lt;/td&gt;&lt;td&gt;&lt;/td&gt;&lt;td&gt;&lt;/td&gt;&lt;td&gt;&lt;/td&gt;&lt;td&gt;AUDIO UNIT&lt;/td&gt;&lt;td&gt;&lt;/td&gt;&lt;td&gt;&lt;/td&gt;&lt;td&gt;&lt;/td&gt;&lt;/tr&gt;&lt;tr style=&quot;white-space: pre-wrap;background-color: #E4E4E4;&quot;&gt;&lt;td&gt;Design1:2:DB&lt;/td&gt;&lt;td&gt;&lt;/td&gt;&lt;td&gt;&lt;/td&gt;&lt;td&gt;&lt;/td&gt;&lt;td&gt;&lt;/td&gt;&lt;td&gt;&lt;/td&gt;&lt;td&gt;&lt;/td&gt;&lt;td&gt;&lt;/td&gt;&lt;td&gt;&lt;/td&gt;&lt;/tr&gt;&lt;tr style=&quot;white-space: pre-wrap;&quot;&gt;&lt;td&gt;Design1:2:DB&lt;/td&gt;&lt;td&gt;&lt;/td&gt;&lt;td&gt;&lt;/td&gt;&lt;td&gt;&lt;/td&gt;&lt;td&gt;&lt;/td&gt;&lt;td&gt;&lt;/td&gt;&lt;td&gt;&lt;/td&gt;&lt;td&gt;&lt;/td&gt;&lt;td&gt;&lt;/td&gt;&lt;/tr&gt;&lt;tr style=&quot;white-space: pre-wrap;background-color: #E4E4E4;&quot;&gt;&lt;td&gt;Design1:2:DB&lt;/td&gt;&lt;td&gt;&lt;/td&gt;&lt;td&gt;&lt;/td&gt;&lt;td&gt;&lt;/td&gt;&lt;td&gt;&lt;/td&gt;&lt;td&gt;&lt;/td&gt;&lt;td&gt;&lt;/td&gt;&lt;td&gt;&lt;/td&gt;&lt;td&gt;&lt;/td&gt;&lt;/tr&gt;&lt;tr style=&quot;white-space: pre-wrap;&quot;&gt;&lt;td&gt;Design1:2:DB&lt;/td&gt;&lt;td&gt;&lt;/td&gt;&lt;td&gt;&lt;/td&gt;&lt;td&gt;&lt;/td&gt;&lt;td&gt;&lt;/td&gt;&lt;td&gt;&lt;/td&gt;&lt;td&gt;&lt;/td&gt;&lt;td&gt;&lt;/td&gt;&lt;td&gt;&lt;/td&gt;&lt;/tr&gt;&lt;tr style=&quot;white-space: pre-wrap;background-color: #E4E4E4;&quot;&gt;&lt;td&gt;Design3:1:CD CHANGER&lt;/td&gt;&lt;td&gt;&lt;/td&gt;&lt;td&gt;&lt;/td&gt;&lt;td&gt;&lt;/td&gt;&lt;td&gt;&lt;/td&gt;&lt;td&gt;CD CHANGER&lt;/td&gt;&lt;td&gt;&lt;/td&gt;&lt;td&gt;&lt;/td&gt;&lt;td&gt;&lt;/td&gt;&lt;/tr&gt;&lt;tr style=&quot;white-space: pre-wrap;&quot;&gt;&lt;td&gt;Design3:1:CD CHANGER&lt;/td&gt;&lt;td&gt;&lt;/td&gt;&lt;td&gt;&lt;/td&gt;&lt;td&gt;&lt;/td&gt;&lt;td&gt;&lt;/td&gt;&lt;td&gt;CD CHANGER&lt;/td&gt;&lt;td&gt;&lt;/td&gt;&lt;td&gt;&lt;/td&gt;&lt;td&gt;&lt;/td&gt;&lt;/tr&gt;&lt;tr style=&quot;white-space: pre-wrap;background-color: #E4E4E4;&quot;&gt;&lt;td&gt;Design3:1:CD CHANGER&lt;/td&gt;&lt;td&gt;&lt;/td&gt;&lt;td&gt;&lt;/td&gt;&lt;td&gt;&lt;/td&gt;&lt;td&gt;&lt;/td&gt;&lt;td&gt;CD CHANGER&lt;/td&gt;&lt;td&gt;&lt;/td&gt;&lt;td&gt;&lt;/td&gt;&lt;td&gt;&lt;/td&gt;&lt;/tr&gt;&lt;tr style=&quot;white-space: pre-wrap;&quot;&gt;&lt;td&gt;Design3:1:DEV314&lt;/td&gt;&lt;td&gt;&lt;/td&gt;&lt;td&gt;&lt;/td&gt;&lt;td&gt;&lt;/td&gt;&lt;td&gt;&lt;/td&gt;&lt;td&gt;&lt;/td&gt;&lt;td&gt;&lt;/td&gt;&lt;td&gt;&lt;/td&gt;&lt;td&gt;&lt;/td&gt;&lt;/tr&gt;&lt;tr style=&quot;white-space: pre-wrap;background-color: #E4E4E4;&quot;&gt;&lt;td&gt;Design3:1:DEV316&lt;/td&gt;&lt;td&gt;&lt;/td&gt;&lt;td&gt;&lt;/td&gt;&lt;td&gt;&lt;/td&gt;&lt;td&gt;&lt;/td&gt;&lt;td&gt;&lt;/td&gt;&lt;td&gt;&lt;/td&gt;&lt;td&gt;&lt;/td&gt;&lt;td&gt;&lt;/td&gt;&lt;/tr&gt;&lt;tr style=&quot;white-space: pre-wrap;&quot;&gt;..." type="chs.FileServices$FSComparisonFailure">chs.FileServices$FSComparisonFailure: Differences found : 
Golden: &apos;C:\repos\iesd\chs_home\bld\testdata\temp\chs\common\reporting\TeamcenterLogicComponentBOMTest\reports\config2\SDPDesignShared_Instances.golden.html&apos;
Actual: &apos;C:\repos\iesd\chs_home\bld\testdata\temp\chs\common\reporting\TeamcenterLogicComponentBOMTest\reports\config2\SDPDesignShared_Instances.actual.html&apos;
mv &apos;C:\repos\iesd\chs_home\bld\testdata\temp\chs\common\reporting\TeamcenterLogicComponentBOMTest\reports\config2\SDPDesignShared_Instances.actual.html&apos; &apos;C:\repos\iesd\chs_home\bld\testdata\temp\chs\common\reporting\TeamcenterLogicComponentBOMTest\reports\config2\SDPDesignShared_Instances.golden.html&apos;

Changed : Exp:1 - Act: 1
Exp: &lt;html xmlns:xs=&quot;http://www.w3.org/2001/XMLSchema&quot;&gt;&lt;head&gt;&lt;title&gt;Teamcenter Logic Component BOM&lt;/title&gt;&lt;script language=&quot;javascript&quot; src=&quot;/reporter/scripts/commonscript.js&quot;&gt;&lt;/script&gt;&lt;/head&gt;&lt;body onload=&quot;javascript:initializeReportPage(&apos;report.xsl&apos;)&quot;&gt;&lt;table border=&quot;0&quot; width=&quot;99%&quot;&gt;&lt;colgroup span=&quot;3&quot;&gt;&lt;/colgroup&gt;&lt;tr class=&quot;topRow&quot;&gt;&lt;td style=&quot;width:30%&quot; align=&quot;left&quot; valign=&quot;middle&quot;&gt;&lt;img id=&quot;MGLOGO&quot; width=&quot;137&quot; height=&quot;24&quot; src=&quot;/reporter/images/SiemensLogo.png&quot; /&gt;&lt;b&gt;&lt;/b&gt;&lt;/td&gt;&lt;td width=&quot;49%&quot; align=&quot;center&quot; valign=&quot;middle&quot;&gt;&lt;table width=&quot;100%&quot; border=&quot;0&quot;&gt;&lt;colgroup span=&quot;2&quot;&gt;&lt;/colgroup&gt;&lt;tr&gt;&lt;td width=&quot;25%&quot; align=&quot;left&quot;&gt;&lt;b style=&quot;color: green&quot;&gt;Report&lt;/b&gt;&lt;/td&gt;&lt;td width=&quot;75%&quot; align=&quot;left&quot;&gt;&lt;p style=&quot;color: green&quot;&gt;Teamcenter Logic Component BOM&lt;/p&gt;&lt;/td&gt;&lt;/tr&gt;&lt;tr&gt;&lt;td width=&quot;25%&quot; align=&quot;left&quot;&gt;&lt;b style=&quot;color: green&quot;&gt;User&lt;/b&gt;&lt;/td&gt;&lt;td width=&quot;75%&quot; align=&quot;left&quot;&gt;&lt;i style=&quot;color: green&quot;&gt;system&lt;/i&gt;&lt;/td&gt;&lt;/tr&gt;&lt;/table&gt;&lt;/td&gt;&lt;td align=&quot;right&quot; valign=&quot;middle&quot; width=&quot;20%&quot;&gt;&lt;img id=&quot;puck&quot; border=&quot;0&quot; width=&quot;100&quot; height=&quot;80&quot; src=&quot;/reporter/images/puck_smaller.jpg&quot; /&gt;&lt;b&gt;&lt;/b&gt;&lt;/td&gt;&lt;/tr&gt;&lt;/table&gt;&lt;table border=&quot;0&quot; cellpadding=&quot;0&quot; cellspacing=&quot;0&quot; width=&quot;99%&quot; style=&quot;font-family:Lucida Sans;font-size:12&quot; id=&quot;tableid1&quot;&gt;&lt;colgroup span=&quot;9&quot;&gt;&lt;/colgroup&gt;&lt;tr style=&quot;background-color: #CCDDFF;&quot; class=&quot;header&quot;&gt;&lt;td style=&quot;vertical-align:top;text-align:left; padding: 0px; font-weight: bold; &quot; width=&quot;11%&quot;&gt;Routing ID&lt;/td&gt;&lt;td style=&quot;vertical-align:top;text-align:left; padding: 0px; font-weight: bold; &quot; width=&quot;11%&quot;&gt;PDM_ID&lt;/td&gt;&lt;td style=&quot;vertical-align:top;text-align:left; padding: 0px; font-weight: bold; &quot; width=&quot;11%&quot;&gt;PDM_REV&lt;/td&gt;&lt;td style=&quot;vertical-align:top;text-align:left; padding: 0px; font-weight: bold; &quot; width=&quot;11%&quot;&gt;PDM_TYPE&lt;/td&gt;&lt;td style=&quot;vertical-align:top;text-align:left; padding: 0px; font-weight: bold; &quot; width=&quot;11%&quot;&gt;PDM_NAME&lt;/td&gt;&lt;td style=&quot;vertical-align:top;text-align:left; padding: 0px; font-weight: bold; &quot; width=&quot;11%&quot;&gt;Description&lt;/td&gt;&lt;td style=&quot;vertical-align:top;text-align:left; padding: 0px; font-weight: bold; &quot; width=&quot;11%&quot;&gt;SystemCode&lt;/td&gt;&lt;td style=&quot;vertical-align:top;text-align:left; padding: 0px; font-weight: bold; &quot; width=&quot;11%&quot;&gt;Room&lt;/td&gt;&lt;td style=&quot;vertical-align:top;text-align:left; padding: 0px; font-weight: bold; &quot; width=&quot;11%&quot;&gt;DesignRemarks&lt;/td&gt;&lt;/tr&gt;&lt;tr style=&quot;white-space: pre-wrap;background-color: #E4E4E4;&quot;&gt;&lt;td&gt;Design1:2:AUDIO UNIT&lt;/td&gt;&lt;td&gt;&lt;/td&gt;&lt;td&gt;&lt;/td&gt;&lt;td&gt;&lt;/td&gt;&lt;td&gt;&lt;/td&gt;&lt;td&gt;AUDIO UNIT&lt;/td&gt;&lt;td&gt;&lt;/td&gt;&lt;td&gt;&lt;/td&gt;&lt;td&gt;&lt;/td&gt;&lt;/tr&gt;&lt;tr style=&quot;white-space: pre-wrap;&quot;&gt;&lt;td&gt;Design1:2:AUDIO UNIT&lt;/td&gt;&lt;td&gt;&lt;/td&gt;&lt;td&gt;&lt;/td&gt;&lt;td&gt;&lt;/td&gt;&lt;td&gt;&lt;/td&gt;&lt;td&gt;AUDIO UNIT&lt;/td&gt;&lt;td&gt;&lt;/td&gt;&lt;td&gt;&lt;/td&gt;&lt;td&gt;&lt;/td&gt;&lt;/tr&gt;&lt;tr style=&quot;white-space: pre-wrap;background-color: #E4E4E4;&quot;&gt;&lt;td&gt;Design1:2:AUDIO UNIT&lt;/td&gt;&lt;td&gt;&lt;/td&gt;&lt;td&gt;&lt;/td&gt;&lt;td&gt;&lt;/td&gt;&lt;td&gt;&lt;/td&gt;&lt;td&gt;AUDIO UNIT&lt;/td&gt;&lt;td&gt;&lt;/td&gt;&lt;td&gt;&lt;/td&gt;&lt;td&gt;&lt;/td&gt;&lt;/tr&gt;&lt;tr style=&quot;white-space: pre-wrap;&quot;&gt;&lt;td&gt;Design1:2:AUDIO UNIT&lt;/td&gt;&lt;td&gt;&lt;/td&gt;&lt;td&gt;&lt;/td&gt;&lt;td&gt;&lt;/td&gt;&lt;td&gt;&lt;/td&gt;&lt;td&gt;AUDIO UNIT&lt;/td&gt;&lt;td&gt;&lt;/td&gt;&lt;td&gt;&lt;/td&gt;&lt;td&gt;&lt;/td&gt;&lt;/tr&gt;&lt;tr style=&quot;white-space: pre-wrap;background-color: #E4E4E4;&quot;&gt;&lt;td&gt;Design1:2:DB&lt;/td&gt;&lt;td&gt;&lt;/td&gt;&lt;td&gt;&lt;/td&gt;&lt;td&gt;&lt;/td&gt;&lt;td&gt;&lt;/td&gt;&lt;td&gt;&lt;/td&gt;&lt;td&gt;&lt;/td&gt;&lt;td&gt;&lt;/td&gt;&lt;td&gt;&lt;/td&gt;&lt;/tr&gt;&lt;tr style=&quot;white-space: pre-wrap;&quot;&gt;&lt;td&gt;Design1:2:DB&lt;/td&gt;&lt;td&gt;&lt;/td&gt;&lt;td&gt;&lt;/td&gt;&lt;td&gt;&lt;/td&gt;&lt;td&gt;&lt;/td&gt;&lt;td&gt;&lt;/td&gt;&lt;td&gt;&lt;/td&gt;&lt;td&gt;&lt;/td&gt;&lt;td&gt;&lt;/td&gt;&lt;/tr&gt;&lt;tr style=&quot;white-space: pre-wrap;background-color: #E4E4E4;&quot;&gt;&lt;td&gt;Design1:2:DB&lt;/td&gt;&lt;td&gt;&lt;/td&gt;&lt;td&gt;&lt;/td&gt;&lt;td&gt;&lt;/td&gt;&lt;td&gt;&lt;/td&gt;&lt;td&gt;&lt;/td&gt;&lt;td&gt;&lt;/td&gt;&lt;td&gt;&lt;/td&gt;&lt;td&gt;&lt;/td&gt;&lt;/tr&gt;&lt;tr style=&quot;white-space: pre-wrap;&quot;&gt;&lt;td&gt;Design1:2:DB&lt;/td&gt;&lt;td&gt;&lt;/td&gt;&lt;td&gt;&lt;/td&gt;&lt;td&gt;&lt;/td&gt;&lt;td&gt;&lt;/td&gt;&lt;td&gt;&lt;/td&gt;&lt;td&gt;&lt;/td&gt;&lt;td&gt;&lt;/td&gt;&lt;td&gt;&lt;/td&gt;&lt;/tr&gt;&lt;tr style=&quot;white-space: pre-wrap;background-color: #E4E4E4;&quot;&gt;&lt;td&gt;Design3:1:CD CHANGER&lt;/td&gt;&lt;td&gt;&lt;/td&gt;&lt;td&gt;&lt;/td&gt;&lt;td&gt;&lt;/td&gt;&lt;td&gt;&lt;/td&gt;&lt;td&gt;CD CHANGER&lt;/td&gt;&lt;td&gt;&lt;/td&gt;&lt;td&gt;&lt;/td&gt;&lt;td&gt;&lt;/td&gt;&lt;/tr&gt;&lt;tr style=&quot;white-space: pre-wrap;&quot;&gt;&lt;td&gt;Design3:1:CD CHANGER&lt;/td&gt;&lt;td&gt;&lt;/td&gt;&lt;td&gt;&lt;/td&gt;&lt;td&gt;&lt;/td&gt;&lt;td&gt;&lt;/td&gt;&lt;td&gt;CD CHANGER&lt;/td&gt;&lt;td&gt;&lt;/td&gt;&lt;td&gt;&lt;/td&gt;&lt;td&gt;&lt;/td&gt;&lt;/tr&gt;&lt;tr style=&quot;white-space: pre-wrap;background-color: #E4E4E4;&quot;&gt;&lt;td&gt;Design3:1:CD CHANGER&lt;/td&gt;&lt;td&gt;&lt;/td&gt;&lt;td&gt;&lt;/td&gt;&lt;td&gt;&lt;/td&gt;&lt;td&gt;&lt;/td&gt;&lt;td&gt;CD CHANGER&lt;/td&gt;&lt;td&gt;&lt;/td&gt;&lt;td&gt;&lt;/td&gt;&lt;td&gt;&lt;/td&gt;&lt;/tr&gt;&lt;tr style=&quot;white-space: pre-wrap;&quot;&gt;&lt;td&gt;Design3:1:DEV314&lt;/td&gt;&lt;td&gt;&lt;/td&gt;&lt;td&gt;&lt;/td&gt;&lt;td&gt;&lt;/td&gt;&lt;td&gt;&lt;/td&gt;&lt;td&gt;&lt;/td&gt;&lt;td&gt;&lt;/td&gt;&lt;td&gt;&lt;/td&gt;&lt;td&gt;&lt;/td&gt;&lt;/tr&gt;&lt;tr style=&quot;white-space: pre-wrap;background-color: #E4E4E4;&quot;&gt;&lt;td&gt;Design3:1:DEV316&lt;/td&gt;&lt;td&gt;&lt;/td&gt;&lt;td&gt;&lt;/td&gt;&lt;td&gt;&lt;/td&gt;&lt;td&gt;&lt;/td&gt;&lt;td&gt;&lt;/td&gt;&lt;td&gt;&lt;/td&gt;&lt;td&gt;&lt;/td&gt;&lt;td&gt;&lt;/td&gt;&lt;/tr&gt;&lt;tr style=&quot;white-space: pre-wrap;&quot;&gt;...
	at chs.common.reporting.ReportTestCase.createAndCompareReports(ReportTestCase.java:102)
	at chs.common.reporting.TeamcenterLogicComponentBOMTest.testReportContent(TeamcenterLogicComponentBOMTest.java:105)
	at chs.common.reporting.TeamcenterLogicComponentBOMTest.testReportWithConfigFile(TeamcenterLogicComponentBOMTest.java:126)
	at chs.common.reporting.TeamcenterLogicComponentBOMTest.testLogicComponentBOMReport(TeamcenterLogicComponentBOMTest.java:110)
</failure>
  </testcase>
  <testcase classname="chs.common.reporting.TeamcenterLogicComponentBOMTest" name="testLogicComponentBOMReport[38]" time="11.518">
    <failure message="Differences found : &#xa;Golden: &apos;C:\repos\iesd\chs_home\bld\testdata\temp\chs\common\reporting\TeamcenterLogicComponentBOMTest\reports\config3\SDPDesignShared_Instances.golden.html&apos;&#xa;Actual: &apos;C:\repos\iesd\chs_home\bld\testdata\temp\chs\common\reporting\TeamcenterLogicComponentBOMTest\reports\config3\SDPDesignShared_Instances.actual.html&apos;&#xa;mv &apos;C:\repos\iesd\chs_home\bld\testdata\temp\chs\common\reporting\TeamcenterLogicComponentBOMTest\reports\config3\SDPDesignShared_Instances.actual.html&apos; &apos;C:\repos\iesd\chs_home\bld\testdata\temp\chs\common\reporting\TeamcenterLogicComponentBOMTest\reports\config3\SDPDesignShared_Instances.golden.html&apos;&#xa;&#xa;Changed : Exp:1 - Act: 1&#xa;Exp: &lt;html xmlns:xs=&quot;http://www.w3.org/2001/XMLSchema&quot;&gt;&lt;head&gt;&lt;title&gt;Teamcenter Logic Component BOM&lt;/title&gt;&lt;script language=&quot;javascript&quot; src=&quot;/reporter/scripts/commonscript.js&quot;&gt;&lt;/script&gt;&lt;/head&gt;&lt;body onload=&quot;javascript:initializeReportPage(&apos;report.xsl&apos;)&quot;&gt;&lt;table border=&quot;0&quot; width=&quot;99%&quot;&gt;&lt;colgroup span=&quot;3&quot;&gt;&lt;/colgroup&gt;&lt;tr class=&quot;topRow&quot;&gt;&lt;td style=&quot;width:30%&quot; align=&quot;left&quot; valign=&quot;middle&quot;&gt;&lt;img id=&quot;MGLOGO&quot; width=&quot;137&quot; height=&quot;24&quot; src=&quot;/reporter/images/SiemensLogo.png&quot; /&gt;&lt;b&gt;&lt;/b&gt;&lt;/td&gt;&lt;td width=&quot;49%&quot; align=&quot;center&quot; valign=&quot;middle&quot;&gt;&lt;table width=&quot;100%&quot; border=&quot;0&quot;&gt;&lt;colgroup span=&quot;2&quot;&gt;&lt;/colgroup&gt;&lt;tr&gt;&lt;td width=&quot;25%&quot; align=&quot;left&quot;&gt;&lt;b style=&quot;color: green&quot;&gt;Report&lt;/b&gt;&lt;/td&gt;&lt;td width=&quot;75%&quot; align=&quot;left&quot;&gt;&lt;p style=&quot;color: green&quot;&gt;Teamcenter Logic Component BOM&lt;/p&gt;&lt;/td&gt;&lt;/tr&gt;&lt;tr&gt;&lt;td width=&quot;25%&quot; align=&quot;left&quot;&gt;&lt;b style=&quot;color: green&quot;&gt;User&lt;/b&gt;&lt;/td&gt;&lt;td width=&quot;75%&quot; align=&quot;left&quot;&gt;&lt;i style=&quot;color: green&quot;&gt;system&lt;/i&gt;&lt;/td&gt;&lt;/tr&gt;&lt;/table&gt;&lt;/td&gt;&lt;td align=&quot;right&quot; valign=&quot;middle&quot; width=&quot;20%&quot;&gt;&lt;img id=&quot;puck&quot; border=&quot;0&quot; width=&quot;100&quot; height=&quot;80&quot; src=&quot;/reporter/images/puck_smaller.jpg&quot; /&gt;&lt;b&gt;&lt;/b&gt;&lt;/td&gt;&lt;/tr&gt;&lt;/table&gt;&lt;table border=&quot;0&quot; cellpadding=&quot;0&quot; cellspacing=&quot;0&quot; width=&quot;99%&quot; style=&quot;font-family:Lucida Sans;font-size:12&quot; id=&quot;tableid1&quot;&gt;&lt;colgroup span=&quot;10&quot;&gt;&lt;/colgroup&gt;&lt;tr style=&quot;background-color: #CCDDFF;&quot; class=&quot;header&quot;&gt;&lt;td style=&quot;vertical-align:top;text-align:left; padding: 0px; font-weight: bold; &quot; width=&quot;10%&quot;&gt;Routing ID&lt;/td&gt;&lt;td style=&quot;vertical-align:top;text-align:left; padding: 0px; font-weight: bold; &quot; width=&quot;10%&quot;&gt;ICD name and Revision&lt;/td&gt;&lt;td style=&quot;vertical-align:top;text-align:left; padding: 0px; font-weight: bold; &quot; width=&quot;10%&quot;&gt;PDM_ID&lt;/td&gt;&lt;td style=&quot;vertical-align:top;text-align:left; padding: 0px; font-weight: bold; &quot; width=&quot;10%&quot;&gt;PDM_REV&lt;/td&gt;&lt;td style=&quot;vertical-align:top;text-align:left; padding: 0px; font-weight: bold; &quot; width=&quot;10%&quot;&gt;PDM_TYPE&lt;/td&gt;&lt;td style=&quot;vertical-align:top;text-align:left; padding: 0px; font-weight: bold; &quot; width=&quot;10%&quot;&gt;PDM_NAME&lt;/td&gt;&lt;td style=&quot;vertical-align:top;text-align:left; padding: 0px; font-weight: bold; &quot; width=&quot;10%&quot;&gt;Description&lt;/td&gt;&lt;td style=&quot;vertical-align:top;text-align:left; padding: 0px; font-weight: bold; &quot; width=&quot;10%&quot;&gt;SystemCode&lt;/td&gt;&lt;td style=&quot;vertical-align:top;text-align:left; padding: 0px; font-weight: bold; &quot; width=&quot;10%&quot;&gt;Room&lt;/td&gt;&lt;td style=&quot;vertical-align:top;text-align:left; padding: 0px; font-weight: bold; &quot; width=&quot;10%&quot;&gt;DesignRemarks&lt;/td&gt;&lt;/tr&gt;&lt;tr style=&quot;white-space: pre-wrap;background-color: #E4E4E4;&quot;&gt;&lt;td&gt;&lt;/td&gt;&lt;td&gt;AUDIO UNIT:A&lt;/td&gt;&lt;td&gt;&lt;/td&gt;&lt;td&gt;&lt;/td&gt;&lt;td&gt;&lt;/td&gt;&lt;td&gt;&lt;/td&gt;&lt;td&gt;&lt;/td&gt;&lt;td&gt;&lt;/td&gt;&lt;td&gt;&lt;/td&gt;&lt;td&gt;&lt;/td&gt;&lt;/tr&gt;&lt;tr style=&quot;white-space: pre-wrap;&quot;&gt;&lt;td&gt;&lt;/td&gt;&lt;td&gt;AUDIO UNIT:A&lt;/td&gt;&lt;td&gt;&lt;/td&gt;&lt;td&gt;&lt;/td&gt;&lt;td&gt;&lt;/td&gt;&lt;td&gt;&lt;/td&gt;&lt;td&gt;&lt;/td&gt;&lt;td&gt;&lt;/td&gt;&lt;td&gt;&lt;/td&gt;&lt;td&gt;&lt;/td&gt;&lt;/tr&gt;&lt;tr style=&quot;white-space: pre-wrap;background-color: #E4E4E4;&quot;&gt;&lt;td&gt;&lt;/td&gt;&lt;td&gt;AUDIO UNIT:A&lt;/td&gt;&lt;td&gt;&lt;/td&gt;&lt;td&gt;&lt;/td&gt;&lt;td&gt;&lt;/td&gt;&lt;td&gt;&lt;/td&gt;&lt;td&gt;&lt;/td&gt;&lt;td&gt;&lt;/td&gt;&lt;td&gt;&lt;/td&gt;&lt;td&gt;&lt;/td&gt;&lt;/tr&gt;&lt;tr style=&quot;white-space: pre-wrap;&quot;&gt;&lt;td&gt;&lt;/td&gt;&lt;td&gt;AUDIO UNIT:A&lt;/td&gt;&lt;td&gt;&lt;/td&gt;&lt;td&gt;&lt;/td&gt;&lt;td&gt;&lt;/td&gt;&lt;td&gt;&lt;/td&gt;&lt;td&gt;&lt;/td&gt;&lt;td&gt;&lt;/td&gt;&lt;td&gt;&lt;/td&gt;&lt;td&gt;&lt;/td&gt;&lt;/tr&gt;&lt;tr style=&quot;white-space: pre-wrap;background-color: #E4E4E4;&quot;&gt;&lt;td&gt;&lt;/td&gt;&lt;td&gt;AUDIO UNIT:A&lt;/td&gt;&lt;td&gt;&lt;/td&gt;&lt;td&gt;&lt;/td&gt;&lt;td&gt;&lt;/td&gt;&lt;td&gt;&lt;/td&gt;&lt;td&gt;&lt;/td&gt;&lt;td&gt;&lt;/td&gt;&lt;td&gt;&lt;/td&gt;&lt;td&gt;&lt;/td&gt;&lt;/tr&gt;&lt;tr style=&quot;white-space: pre-wrap;&quot;&gt;&lt;td&gt;&lt;/td&gt;&lt;td&gt;AUDIO UNIT:A&lt;/td&gt;&lt;td&gt;&lt;/td&gt;&lt;td&gt;&lt;/td&gt;&lt;td&gt;&lt;/td&gt;&lt;td&gt;&lt;/td&gt;&lt;td&gt;&lt;/td&gt;&lt;td&gt;&lt;/td&gt;&lt;td&gt;&lt;/td&gt;&lt;td&gt;&lt;/td&gt;&lt;/tr&gt;&lt;tr style=&quot;white-space: pre-wrap;background-color: #E4E4E4;&quot;&gt;&lt;td&gt;&lt;/td&gt;&lt;td&gt;AUDIO UNIT:A&lt;/td&gt;&lt;td&gt;&lt;/td&gt;&lt;td&gt;&lt;/td&gt;&lt;td&gt;&lt;/td&gt;&lt;td&gt;&lt;/td&gt;&lt;td&gt;&lt;/td&gt;&lt;td&gt;&lt;/td&gt;&lt;td&gt;&lt;/td&gt;&lt;td&gt;&lt;/td&gt;&lt;/tr&gt;&lt;tr style=&quot;white-space: pre-wrap;&quot;&gt;&lt;td&gt;&lt;/td&gt;&lt;td&gt;AUDIO UNIT:A&lt;/td&gt;&lt;td&gt;&lt;/td&gt;&lt;td&gt;&lt;/td&gt;&lt;td&gt;&lt;/td&gt;&lt;td&gt;&lt;/td&gt;&lt;td&gt;&lt;/td&gt;&lt;td&gt;&lt;/td&gt;&lt;td&gt;&lt;/td&gt;&lt;td&gt;&lt;/td&gt;&lt;/tr&gt;&lt;tr style=&quot;white-space: pre-wrap;background-color: #E4E4E4;&quot;&gt;&lt;td&gt;&lt;/td&gt;&lt;td&gt;AUDIO UNIT:A&lt;/td&gt;&lt;td&gt;&lt;/td&gt;&lt;td&gt;&lt;/td&gt;&lt;td&gt;&lt;/td&gt;&lt;td&gt;&lt;/td&gt;&lt;td&gt;&lt;/td&gt;&lt;td&gt;&lt;/td&gt;&lt;td&gt;&lt;/td&gt;&lt;td&gt;&lt;/td&gt;&lt;/tr&gt;&lt;tr style=&quot;white-space: pre-wrap;&quot;&gt;&lt;td&gt;&lt;/td&gt;&lt;td&gt;AUDIO UNIT:A&lt;/td&gt;&lt;td&gt;&lt;/td&gt;&lt;td&gt;&lt;/td&gt;&lt;td&gt;&lt;/td&gt;&lt;td&gt;&lt;/td&gt;&lt;td&gt;&lt;/td&gt;&lt;td&gt;&lt;/td&gt;&lt;td&gt;&lt;/td&gt;&lt;td&gt;&lt;/td&gt;&lt;/tr&gt;&lt;tr style=&quot;white-space: pre-wrap;background-color: #E4E4E4;&quot;&gt;&lt;td&gt;&lt;/td&gt;&lt;td&gt;AUDIO UNIT:A&lt;/td&gt;&lt;td&gt;&lt;/td&gt;&lt;td&gt;&lt;/td&gt;&lt;td&gt;&lt;/td&gt;&lt;td&gt;&lt;/td&gt;&lt;td&gt;&lt;/td&gt;&lt;td&gt;&lt;/td&gt;&lt;td&gt;&lt;/td&gt;&lt;td&gt;&lt;/td&gt;&lt;/tr&gt;&lt;tr style=&quot;white-space: pre-wrap;&quot;&gt;&lt;td&gt;&lt;/td&gt;&lt;td&gt;AUDIO UNIT:A&lt;/td&gt;&lt;td&gt;&lt;/td&gt;&lt;td&gt;&lt;/td&gt;&lt;td&gt;&lt;/td&gt;&lt;td&gt;&lt;/td&gt;&lt;td&gt;&lt;/td&gt;&lt;td&gt;&lt;/td&gt;&lt;td&gt;&lt;/td&gt;&lt;td&gt;&lt;/td&gt;&lt;/tr&gt;&lt;tr style=&quot;white-space: pre-wrap;background-color: #E4E4E4;&quot;&gt;&lt;td&gt;&lt;/td&gt;&lt;td&gt;AUDIO UNIT:A&lt;/td&gt;&lt;td&gt;&lt;/td..." type="chs.FileServices$FSComparisonFailure">chs.FileServices$FSComparisonFailure: Differences found : 
Golden: &apos;C:\repos\iesd\chs_home\bld\testdata\temp\chs\common\reporting\TeamcenterLogicComponentBOMTest\reports\config3\SDPDesignShared_Instances.golden.html&apos;
Actual: &apos;C:\repos\iesd\chs_home\bld\testdata\temp\chs\common\reporting\TeamcenterLogicComponentBOMTest\reports\config3\SDPDesignShared_Instances.actual.html&apos;
mv &apos;C:\repos\iesd\chs_home\bld\testdata\temp\chs\common\reporting\TeamcenterLogicComponentBOMTest\reports\config3\SDPDesignShared_Instances.actual.html&apos; &apos;C:\repos\iesd\chs_home\bld\testdata\temp\chs\common\reporting\TeamcenterLogicComponentBOMTest\reports\config3\SDPDesignShared_Instances.golden.html&apos;

Changed : Exp:1 - Act: 1
Exp: &lt;html xmlns:xs=&quot;http://www.w3.org/2001/XMLSchema&quot;&gt;&lt;head&gt;&lt;title&gt;Teamcenter Logic Component BOM&lt;/title&gt;&lt;script language=&quot;javascript&quot; src=&quot;/reporter/scripts/commonscript.js&quot;&gt;&lt;/script&gt;&lt;/head&gt;&lt;body onload=&quot;javascript:initializeReportPage(&apos;report.xsl&apos;)&quot;&gt;&lt;table border=&quot;0&quot; width=&quot;99%&quot;&gt;&lt;colgroup span=&quot;3&quot;&gt;&lt;/colgroup&gt;&lt;tr class=&quot;topRow&quot;&gt;&lt;td style=&quot;width:30%&quot; align=&quot;left&quot; valign=&quot;middle&quot;&gt;&lt;img id=&quot;MGLOGO&quot; width=&quot;137&quot; height=&quot;24&quot; src=&quot;/reporter/images/SiemensLogo.png&quot; /&gt;&lt;b&gt;&lt;/b&gt;&lt;/td&gt;&lt;td width=&quot;49%&quot; align=&quot;center&quot; valign=&quot;middle&quot;&gt;&lt;table width=&quot;100%&quot; border=&quot;0&quot;&gt;&lt;colgroup span=&quot;2&quot;&gt;&lt;/colgroup&gt;&lt;tr&gt;&lt;td width=&quot;25%&quot; align=&quot;left&quot;&gt;&lt;b style=&quot;color: green&quot;&gt;Report&lt;/b&gt;&lt;/td&gt;&lt;td width=&quot;75%&quot; align=&quot;left&quot;&gt;&lt;p style=&quot;color: green&quot;&gt;Teamcenter Logic Component BOM&lt;/p&gt;&lt;/td&gt;&lt;/tr&gt;&lt;tr&gt;&lt;td width=&quot;25%&quot; align=&quot;left&quot;&gt;&lt;b style=&quot;color: green&quot;&gt;User&lt;/b&gt;&lt;/td&gt;&lt;td width=&quot;75%&quot; align=&quot;left&quot;&gt;&lt;i style=&quot;color: green&quot;&gt;system&lt;/i&gt;&lt;/td&gt;&lt;/tr&gt;&lt;/table&gt;&lt;/td&gt;&lt;td align=&quot;right&quot; valign=&quot;middle&quot; width=&quot;20%&quot;&gt;&lt;img id=&quot;puck&quot; border=&quot;0&quot; width=&quot;100&quot; height=&quot;80&quot; src=&quot;/reporter/images/puck_smaller.jpg&quot; /&gt;&lt;b&gt;&lt;/b&gt;&lt;/td&gt;&lt;/tr&gt;&lt;/table&gt;&lt;table border=&quot;0&quot; cellpadding=&quot;0&quot; cellspacing=&quot;0&quot; width=&quot;99%&quot; style=&quot;font-family:Lucida Sans;font-size:12&quot; id=&quot;tableid1&quot;&gt;&lt;colgroup span=&quot;10&quot;&gt;&lt;/colgroup&gt;&lt;tr style=&quot;background-color: #CCDDFF;&quot; class=&quot;header&quot;&gt;&lt;td style=&quot;vertical-align:top;text-align:left; padding: 0px; font-weight: bold; &quot; width=&quot;10%&quot;&gt;Routing ID&lt;/td&gt;&lt;td style=&quot;vertical-align:top;text-align:left; padding: 0px; font-weight: bold; &quot; width=&quot;10%&quot;&gt;ICD name and Revision&lt;/td&gt;&lt;td style=&quot;vertical-align:top;text-align:left; padding: 0px; font-weight: bold; &quot; width=&quot;10%&quot;&gt;PDM_ID&lt;/td&gt;&lt;td style=&quot;vertical-align:top;text-align:left; padding: 0px; font-weight: bold; &quot; width=&quot;10%&quot;&gt;PDM_REV&lt;/td&gt;&lt;td style=&quot;vertical-align:top;text-align:left; padding: 0px; font-weight: bold; &quot; width=&quot;10%&quot;&gt;PDM_TYPE&lt;/td&gt;&lt;td style=&quot;vertical-align:top;text-align:left; padding: 0px; font-weight: bold; &quot; width=&quot;10%&quot;&gt;PDM_NAME&lt;/td&gt;&lt;td style=&quot;vertical-align:top;text-align:left; padding: 0px; font-weight: bold; &quot; width=&quot;10%&quot;&gt;Description&lt;/td&gt;&lt;td style=&quot;vertical-align:top;text-align:left; padding: 0px; font-weight: bold; &quot; width=&quot;10%&quot;&gt;SystemCode&lt;/td&gt;&lt;td style=&quot;vertical-align:top;text-align:left; padding: 0px; font-weight: bold; &quot; width=&quot;10%&quot;&gt;Room&lt;/td&gt;&lt;td style=&quot;vertical-align:top;text-align:left; padding: 0px; font-weight: bold; &quot; width=&quot;10%&quot;&gt;DesignRemarks&lt;/td&gt;&lt;/tr&gt;&lt;tr style=&quot;white-space: pre-wrap;background-color: #E4E4E4;&quot;&gt;&lt;td&gt;&lt;/td&gt;&lt;td&gt;AUDIO UNIT:A&lt;/td&gt;&lt;td&gt;&lt;/td&gt;&lt;td&gt;&lt;/td&gt;&lt;td&gt;&lt;/td&gt;&lt;td&gt;&lt;/td&gt;&lt;td&gt;&lt;/td&gt;&lt;td&gt;&lt;/td&gt;&lt;td&gt;&lt;/td&gt;&lt;td&gt;&lt;/td&gt;&lt;/tr&gt;&lt;tr style=&quot;white-space: pre-wrap;&quot;&gt;&lt;td&gt;&lt;/td&gt;&lt;td&gt;AUDIO UNIT:A&lt;/td&gt;&lt;td&gt;&lt;/td&gt;&lt;td&gt;&lt;/td&gt;&lt;td&gt;&lt;/td&gt;&lt;td&gt;&lt;/td&gt;&lt;td&gt;&lt;/td&gt;&lt;td&gt;&lt;/td&gt;&lt;td&gt;&lt;/td&gt;&lt;td&gt;&lt;/td&gt;&lt;/tr&gt;&lt;tr style=&quot;white-space: pre-wrap;background-color: #E4E4E4;&quot;&gt;&lt;td&gt;&lt;/td&gt;&lt;td&gt;AUDIO UNIT:A&lt;/td&gt;&lt;td&gt;&lt;/td&gt;&lt;td&gt;&lt;/td&gt;&lt;td&gt;&lt;/td&gt;&lt;td&gt;&lt;/td&gt;&lt;td&gt;&lt;/td&gt;&lt;td&gt;&lt;/td&gt;&lt;td&gt;&lt;/td&gt;&lt;td&gt;&lt;/td&gt;&lt;/tr&gt;&lt;tr style=&quot;white-space: pre-wrap;&quot;&gt;&lt;td&gt;&lt;/td&gt;&lt;td&gt;AUDIO UNIT:A&lt;/td&gt;&lt;td&gt;&lt;/td&gt;&lt;td&gt;&lt;/td&gt;&lt;td&gt;&lt;/td&gt;&lt;td&gt;&lt;/td&gt;&lt;td&gt;&lt;/td&gt;&lt;td&gt;&lt;/td&gt;&lt;td&gt;&lt;/td&gt;&lt;td&gt;&lt;/td&gt;&lt;/tr&gt;&lt;tr style=&quot;white-space: pre-wrap;background-color: #E4E4E4;&quot;&gt;&lt;td&gt;&lt;/td&gt;&lt;td&gt;AUDIO UNIT:A&lt;/td&gt;&lt;td&gt;&lt;/td&gt;&lt;td&gt;&lt;/td&gt;&lt;td&gt;&lt;/td&gt;&lt;td&gt;&lt;/td&gt;&lt;td&gt;&lt;/td&gt;&lt;td&gt;&lt;/td&gt;&lt;td&gt;&lt;/td&gt;&lt;td&gt;&lt;/td&gt;&lt;/tr&gt;&lt;tr style=&quot;white-space: pre-wrap;&quot;&gt;&lt;td&gt;&lt;/td&gt;&lt;td&gt;AUDIO UNIT:A&lt;/td&gt;&lt;td&gt;&lt;/td&gt;&lt;td&gt;&lt;/td&gt;&lt;td&gt;&lt;/td&gt;&lt;td&gt;&lt;/td&gt;&lt;td&gt;&lt;/td&gt;&lt;td&gt;&lt;/td&gt;&lt;td&gt;&lt;/td&gt;&lt;td&gt;&lt;/td&gt;&lt;/tr&gt;&lt;tr style=&quot;white-space: pre-wrap;background-color: #E4E4E4;&quot;&gt;&lt;td&gt;&lt;/td&gt;&lt;td&gt;AUDIO UNIT:A&lt;/td&gt;&lt;td&gt;&lt;/td&gt;&lt;td&gt;&lt;/td&gt;&lt;td&gt;&lt;/td&gt;&lt;td&gt;&lt;/td&gt;&lt;td&gt;&lt;/td&gt;&lt;td&gt;&lt;/td&gt;&lt;td&gt;&lt;/td&gt;&lt;td&gt;&lt;/td&gt;&lt;/tr&gt;&lt;tr style=&quot;white-space: pre-wrap;&quot;&gt;&lt;td&gt;&lt;/td&gt;&lt;td&gt;AUDIO UNIT:A&lt;/td&gt;&lt;td&gt;&lt;/td&gt;&lt;td&gt;&lt;/td&gt;&lt;td&gt;&lt;/td&gt;&lt;td&gt;&lt;/td&gt;&lt;td&gt;&lt;/td&gt;&lt;td&gt;&lt;/td&gt;&lt;td&gt;&lt;/td&gt;&lt;td&gt;&lt;/td&gt;&lt;/tr&gt;&lt;tr style=&quot;white-space: pre-wrap;background-color: #E4E4E4;&quot;&gt;&lt;td&gt;&lt;/td&gt;&lt;td&gt;AUDIO UNIT:A&lt;/td&gt;&lt;td&gt;&lt;/td&gt;&lt;td&gt;&lt;/td&gt;&lt;td&gt;&lt;/td&gt;&lt;td&gt;&lt;/td&gt;&lt;td&gt;&lt;/td&gt;&lt;td&gt;&lt;/td&gt;&lt;td&gt;&lt;/td&gt;&lt;td&gt;&lt;/td&gt;&lt;/tr&gt;&lt;tr style=&quot;white-space: pre-wrap;&quot;&gt;&lt;td&gt;&lt;/td&gt;&lt;td&gt;AUDIO UNIT:A&lt;/td&gt;&lt;td&gt;&lt;/td&gt;&lt;td&gt;&lt;/td&gt;&lt;td&gt;&lt;/td&gt;&lt;td&gt;&lt;/td&gt;&lt;td&gt;&lt;/td&gt;&lt;td&gt;&lt;/td&gt;&lt;td&gt;&lt;/td&gt;&lt;td&gt;&lt;/td&gt;&lt;/tr&gt;&lt;tr style=&quot;white-space: pre-wrap;background-color: #E4E4E4;&quot;&gt;&lt;td&gt;&lt;/td&gt;&lt;td&gt;AUDIO UNIT:A&lt;/td&gt;&lt;td&gt;&lt;/td&gt;&lt;td&gt;&lt;/td&gt;&lt;td&gt;&lt;/td&gt;&lt;td&gt;&lt;/td&gt;&lt;td&gt;&lt;/td&gt;&lt;td&gt;&lt;/td&gt;&lt;td&gt;&lt;/td&gt;&lt;td&gt;&lt;/td&gt;&lt;/tr&gt;&lt;tr style=&quot;white-space: pre-wrap;&quot;&gt;&lt;td&gt;&lt;/td&gt;&lt;td&gt;AUDIO UNIT:A&lt;/td&gt;&lt;td&gt;&lt;/td&gt;&lt;td&gt;&lt;/td&gt;&lt;td&gt;&lt;/td&gt;&lt;td&gt;&lt;/td&gt;&lt;td&gt;&lt;/td&gt;&lt;td&gt;&lt;/td&gt;&lt;td&gt;&lt;/td&gt;&lt;td&gt;&lt;/td&gt;&lt;/tr&gt;&lt;tr style=&quot;white-space: pre-wrap;background-color: #E4E4E4;&quot;&gt;&lt;td&gt;&lt;/td&gt;&lt;td&gt;AUDIO UNIT:A&lt;/td&gt;&lt;td&gt;&lt;/td...
	at chs.common.reporting.ReportTestCase.createAndCompareReports(ReportTestCase.java:102)
	at chs.common.reporting.TeamcenterLogicComponentBOMTest.testReportContent(TeamcenterLogicComponentBOMTest.java:105)
	at chs.common.reporting.TeamcenterLogicComponentBOMTest.testReportWithConfigFile(TeamcenterLogicComponentBOMTest.java:126)
	at chs.common.reporting.TeamcenterLogicComponentBOMTest.testLogicComponentBOMReport(TeamcenterLogicComponentBOMTest.java:110)
</failure>
  </testcase>
  <testcase classname="chs.common.reporting.TeamcenterLogicComponentBOMTest" name="testLogicComponentBOMReport[39]" time="2.084">
    <failure message="Differences found : &#xa;Golden: &apos;C:\repos\iesd\chs_home\bld\testdata\temp\chs\common\reporting\TeamcenterLogicComponentBOMTest\reports\config1\SharedDevices.golden.html&apos;&#xa;Actual: &apos;C:\repos\iesd\chs_home\bld\testdata\temp\chs\common\reporting\TeamcenterLogicComponentBOMTest\reports\config1\SharedDevices.actual.html&apos;&#xa;mv &apos;C:\repos\iesd\chs_home\bld\testdata\temp\chs\common\reporting\TeamcenterLogicComponentBOMTest\reports\config1\SharedDevices.actual.html&apos; &apos;C:\repos\iesd\chs_home\bld\testdata\temp\chs\common\reporting\TeamcenterLogicComponentBOMTest\reports\config1\SharedDevices.golden.html&apos;&#xa;&#xa;Changed : Exp:1 - Act: 1&#xa;Exp: &lt;html xmlns:xs=&quot;http://www.w3.org/2001/XMLSchema&quot;&gt;&lt;head&gt;&lt;title&gt;Teamcenter Logic Component BOM&lt;/title&gt;&lt;script language=&quot;javascript&quot; src=&quot;/reporter/scripts/commonscript.js&quot;&gt;&lt;/script&gt;&lt;/head&gt;&lt;body onload=&quot;javascript:initializeReportPage(&apos;report.xsl&apos;)&quot;&gt;&lt;table border=&quot;0&quot; width=&quot;99%&quot;&gt;&lt;colgroup span=&quot;3&quot;&gt;&lt;/colgroup&gt;&lt;tr class=&quot;topRow&quot;&gt;&lt;td style=&quot;width:30%&quot; align=&quot;left&quot; valign=&quot;middle&quot;&gt;&lt;img id=&quot;MGLOGO&quot; width=&quot;137&quot; height=&quot;24&quot; src=&quot;/reporter/images/SiemensLogo.png&quot; /&gt;&lt;b&gt;&lt;/b&gt;&lt;/td&gt;&lt;td width=&quot;49%&quot; align=&quot;center&quot; valign=&quot;middle&quot;&gt;&lt;table width=&quot;100%&quot; border=&quot;0&quot;&gt;&lt;colgroup span=&quot;2&quot;&gt;&lt;/colgroup&gt;&lt;tr&gt;&lt;td width=&quot;25%&quot; align=&quot;left&quot;&gt;&lt;b style=&quot;color: green&quot;&gt;Report&lt;/b&gt;&lt;/td&gt;&lt;td width=&quot;75%&quot; align=&quot;left&quot;&gt;&lt;p style=&quot;color: green&quot;&gt;Teamcenter Logic Component BOM&lt;/p&gt;&lt;/td&gt;&lt;/tr&gt;&lt;tr&gt;&lt;td width=&quot;25%&quot; align=&quot;left&quot;&gt;&lt;b style=&quot;color: green&quot;&gt;User&lt;/b&gt;&lt;/td&gt;&lt;td width=&quot;75%&quot; align=&quot;left&quot;&gt;&lt;i style=&quot;color: green&quot;&gt;system&lt;/i&gt;&lt;/td&gt;&lt;/tr&gt;&lt;/table&gt;&lt;/td&gt;&lt;td align=&quot;right&quot; valign=&quot;middle&quot; width=&quot;20%&quot;&gt;&lt;img id=&quot;puck&quot; border=&quot;0&quot; width=&quot;100&quot; height=&quot;80&quot; src=&quot;/reporter/images/puck_smaller.jpg&quot; /&gt;&lt;b&gt;&lt;/b&gt;&lt;/td&gt;&lt;/tr&gt;&lt;/table&gt;&lt;table border=&quot;0&quot; cellpadding=&quot;0&quot; cellspacing=&quot;0&quot; width=&quot;99%&quot; style=&quot;font-family:Lucida Sans;font-size:12&quot; id=&quot;tableid1&quot;&gt;&lt;colgroup span=&quot;10&quot;&gt;&lt;/colgroup&gt;&lt;tr style=&quot;background-color: #CCDDFF;&quot; class=&quot;header&quot;&gt;&lt;td style=&quot;vertical-align:top;text-align:left; padding: 0px; font-weight: bold; &quot; width=&quot;10%&quot;&gt;Routing ID&lt;/td&gt;&lt;td style=&quot;vertical-align:top;text-align:left; padding: 0px; font-weight: bold; &quot; width=&quot;10%&quot;&gt;PDM_ID&lt;/td&gt;&lt;td style=&quot;vertical-align:top;text-align:left; padding: 0px; font-weight: bold; &quot; width=&quot;10%&quot;&gt;PDM_REV&lt;/td&gt;&lt;td style=&quot;vertical-align:top;text-align:left; padding: 0px; font-weight: bold; &quot; width=&quot;10%&quot;&gt;PDM_TYPE&lt;/td&gt;&lt;td style=&quot;vertical-align:top;text-align:left; padding: 0px; font-weight: bold; &quot; width=&quot;10%&quot;&gt;PDM_NAME&lt;/td&gt;&lt;td style=&quot;vertical-align:top;text-align:left; padding: 0px; font-weight: bold; &quot; width=&quot;10%&quot;&gt;Description&lt;/td&gt;&lt;td style=&quot;vertical-align:top;text-align:left; padding: 0px; font-weight: bold; &quot; width=&quot;10%&quot;&gt;SystemCode&lt;/td&gt;&lt;td style=&quot;vertical-align:top;text-align:left; padding: 0px; font-weight: bold; &quot; width=&quot;10%&quot;&gt;Room&lt;/td&gt;&lt;td style=&quot;vertical-align:top;text-align:left; padding: 0px; font-weight: bold; &quot; width=&quot;10%&quot;&gt;DesignRemarks&lt;/td&gt;&lt;td style=&quot;vertical-align:top;text-align:left; padding: 0px; font-weight: bold; &quot; width=&quot;10%&quot;&gt;Quantity&lt;/td&gt;&lt;/tr&gt;&lt;tr style=&quot;white-space: pre-wrap;background-color: #E4E4E4;&quot;&gt;&lt;td&gt;LogicDesign1:1:DEV1&lt;/td&gt;&lt;td&gt;PDM-1&lt;/td&gt;&lt;td&gt;1&lt;/td&gt;&lt;td&gt;Dev&lt;/td&gt;&lt;td&gt;DEV1&lt;/td&gt;&lt;td&gt;Test Device 1&lt;/td&gt;&lt;td&gt;&lt;/td&gt;&lt;td&gt;LOC1&lt;/td&gt;&lt;td&gt;&lt;/td&gt;&lt;td&gt;1&lt;/td&gt;&lt;/tr&gt;&lt;tr style=&quot;white-space: pre-wrap;&quot;&gt;&lt;td&gt;LogicDesign1:1:DEV2&lt;/td&gt;&lt;td&gt;PDM 2&lt;/td&gt;&lt;td&gt;2&lt;/td&gt;&lt;td&gt;DEV&lt;/td&gt;&lt;td&gt;DEV2&lt;/td&gt;&lt;td&gt;Test Device 2&lt;/td&gt;&lt;td&gt;&lt;/td&gt;&lt;td&gt;LOC 2&lt;/td&gt;&lt;td&gt;&lt;/td&gt;&lt;td&gt;1&lt;/td&gt;&lt;/tr&gt;&lt;tr style=&quot;white-space: pre-wrap;background-color: #E4E4E4;&quot;&gt;&lt;td&gt;LogicDesign1:1:DEV2&lt;/td&gt;&lt;td&gt;PDM 2&lt;/td&gt;&lt;td&gt;2&lt;/td&gt;&lt;td&gt;DEV&lt;/td&gt;&lt;td&gt;DEV2&lt;/td&gt;&lt;td&gt;Test Device 2&lt;/td&gt;&lt;td&gt;&lt;/td&gt;&lt;td&gt;LOC 2&lt;/td&gt;&lt;td&gt;&lt;/td&gt;&lt;td&gt;1&lt;/td&gt;&lt;/tr&gt;&lt;tr style=&quot;white-space: pre-wrap;&quot;&gt;&lt;td&gt;LogicDesign1:1:DEV200&lt;/td&gt;&lt;td&gt;&lt;/td&gt;&lt;td&gt;&lt;/td&gt;&lt;td&gt;&lt;/td&gt;&lt;td&gt;&lt;/td&gt;&lt;td&gt;&lt;/td&gt;&lt;td&gt;&lt;/td&gt;&lt;td&gt;&lt;/td&gt;&lt;td&gt;&lt;/td&gt;&lt;td&gt;1&lt;/td&gt;&lt;/tr&gt;&lt;tr style=&quot;white-space: pre-wrap;background-color: #E4E4E4;&quot;&gt;&lt;td&gt;LogicDesign1:1:DEV200&lt;/td&gt;&lt;td&gt;&lt;/td&gt;&lt;td&gt;&lt;/td&gt;&lt;td&gt;&lt;/td&gt;&lt;td&gt;&lt;/td&gt;&lt;td&gt;&lt;/td&gt;&lt;td&gt;&lt;/td&gt;&lt;td&gt;&lt;/td&gt;&lt;td&gt;&lt;/td&gt;&lt;td&gt;1&lt;/td&gt;&lt;/tr&gt;&lt;tr style=&quot;white-space: pre-wrap;&quot;&gt;&lt;td&gt;LogicDesign1:1:DEV200&lt;/td&gt;&lt;td&gt;&lt;/td&gt;&lt;td&gt;&lt;/td&gt;&lt;td&gt;&lt;/td&gt;&lt;td&gt;&lt;/td&gt;&lt;td&gt;&lt;/td&gt;&lt;td&gt;&lt;/td&gt;&lt;td&gt;&lt;/td&gt;&lt;td&gt;&lt;/td&gt;&lt;td&gt;1&lt;/td&gt;&lt;/tr&gt;&lt;tr style=&quot;white-space: pre-wrap;background-color: #E4E4E4;&quot;&gt;&lt;td&gt;LogicDesign1:1:DEV200&lt;/td&gt;&lt;td&gt;&lt;/td&gt;&lt;td&gt;&lt;/td&gt;&lt;td&gt;&lt;/td&gt;&lt;td&gt;&lt;/td&gt;&lt;td&gt;&lt;/td&gt;&lt;td&gt;&lt;/td&gt;&lt;td&gt;&lt;/td&gt;&lt;td&gt;&lt;/td&gt;&lt;td&gt;1&lt;/td&gt;&lt;/tr&gt;&lt;tr style=&quot;white-space: pre-wrap;&quot;&gt;&lt;td&gt;LogicDesign2:1:DEV1&lt;/td&gt;&lt;td&gt;PDM-1&lt;/td&gt;&lt;td&gt;1&lt;/td&gt;&lt;td&gt;Dev&lt;/td&gt;&lt;td&gt;DEV1&lt;/td&gt;&lt;td&gt;Test Device 1&lt;/td&gt;&lt;td&gt;&lt;/td&gt;&lt;td&gt;LOC1&lt;/td&gt;&lt;td&gt;&lt;/td&gt;&lt;td&gt;1&lt;/td&gt;&lt;/tr&gt;&lt;tr style=&quot;white-space: pre-wrap;background-color: #E4E4E4;&quot;&gt;&lt;td&gt;LogicDesign3:1:DEV1&lt;/td&gt;&lt;td&gt;PDM-1&lt;/td&gt;&lt;td&gt;1&lt;/td&gt;&lt;td&gt;Dev&lt;/td&gt;&lt;td&gt;DEV1&lt;/td&gt;&lt;td&gt;Test Device 1&lt;/td&gt;&lt;td&gt;&lt;/td&gt;&lt;td&gt;LOC1&lt;/td&gt;&lt;td&gt;&lt;/td&gt;&lt;td&gt;1&lt;/td&gt;&lt;/tr&gt;&lt;tr style=&quot;white-space: pre-wrap;&quot;&gt;&lt;td&gt;LogicDesign4:1:DEV103&lt;/td&gt;&lt;td&gt;DFGH&lt;/td&gt;&lt;td&gt;2&lt;/td&gt;&lt;td&gt;&lt;/td&gt;&lt;td&gt;DEV103&lt;/td&gt;&lt;td&gt;&lt;/td&gt;&lt;td&gt;&lt;/td&gt;&lt;td&gt;&lt;/td&gt;&lt;td&gt;&lt;/td&gt;&lt;td&gt;1&lt;/td&gt;&lt;/tr&gt;&lt;tr style=&quot;white-space: pre-wrap;background-color: #E4E4E4;&quot;&gt;&lt;td&gt;LogicDesign4:1:DEV103&lt;/td&gt;&lt;td&gt;DFGH&lt;/td&gt;&lt;td&gt;2&lt;/td&gt;&lt;td&gt;&lt;/td&gt;&lt;td&gt;DEV103&lt;/td&gt;&lt;td&gt;&lt;/td&gt;&lt;td&gt;&lt;/td&gt;&lt;td&gt;&lt;/td&gt;&lt;td&gt;&lt;/td&gt;&lt;td&gt;1&lt;/td&gt;&lt;/tr&gt;&lt;tr style=&quot;white-space: pre-..." type="chs.FileServices$FSComparisonFailure">chs.FileServices$FSComparisonFailure: Differences found : 
Golden: &apos;C:\repos\iesd\chs_home\bld\testdata\temp\chs\common\reporting\TeamcenterLogicComponentBOMTest\reports\config1\SharedDevices.golden.html&apos;
Actual: &apos;C:\repos\iesd\chs_home\bld\testdata\temp\chs\common\reporting\TeamcenterLogicComponentBOMTest\reports\config1\SharedDevices.actual.html&apos;
mv &apos;C:\repos\iesd\chs_home\bld\testdata\temp\chs\common\reporting\TeamcenterLogicComponentBOMTest\reports\config1\SharedDevices.actual.html&apos; &apos;C:\repos\iesd\chs_home\bld\testdata\temp\chs\common\reporting\TeamcenterLogicComponentBOMTest\reports\config1\SharedDevices.golden.html&apos;

Changed : Exp:1 - Act: 1
Exp: &lt;html xmlns:xs=&quot;http://www.w3.org/2001/XMLSchema&quot;&gt;&lt;head&gt;&lt;title&gt;Teamcenter Logic Component BOM&lt;/title&gt;&lt;script language=&quot;javascript&quot; src=&quot;/reporter/scripts/commonscript.js&quot;&gt;&lt;/script&gt;&lt;/head&gt;&lt;body onload=&quot;javascript:initializeReportPage(&apos;report.xsl&apos;)&quot;&gt;&lt;table border=&quot;0&quot; width=&quot;99%&quot;&gt;&lt;colgroup span=&quot;3&quot;&gt;&lt;/colgroup&gt;&lt;tr class=&quot;topRow&quot;&gt;&lt;td style=&quot;width:30%&quot; align=&quot;left&quot; valign=&quot;middle&quot;&gt;&lt;img id=&quot;MGLOGO&quot; width=&quot;137&quot; height=&quot;24&quot; src=&quot;/reporter/images/SiemensLogo.png&quot; /&gt;&lt;b&gt;&lt;/b&gt;&lt;/td&gt;&lt;td width=&quot;49%&quot; align=&quot;center&quot; valign=&quot;middle&quot;&gt;&lt;table width=&quot;100%&quot; border=&quot;0&quot;&gt;&lt;colgroup span=&quot;2&quot;&gt;&lt;/colgroup&gt;&lt;tr&gt;&lt;td width=&quot;25%&quot; align=&quot;left&quot;&gt;&lt;b style=&quot;color: green&quot;&gt;Report&lt;/b&gt;&lt;/td&gt;&lt;td width=&quot;75%&quot; align=&quot;left&quot;&gt;&lt;p style=&quot;color: green&quot;&gt;Teamcenter Logic Component BOM&lt;/p&gt;&lt;/td&gt;&lt;/tr&gt;&lt;tr&gt;&lt;td width=&quot;25%&quot; align=&quot;left&quot;&gt;&lt;b style=&quot;color: green&quot;&gt;User&lt;/b&gt;&lt;/td&gt;&lt;td width=&quot;75%&quot; align=&quot;left&quot;&gt;&lt;i style=&quot;color: green&quot;&gt;system&lt;/i&gt;&lt;/td&gt;&lt;/tr&gt;&lt;/table&gt;&lt;/td&gt;&lt;td align=&quot;right&quot; valign=&quot;middle&quot; width=&quot;20%&quot;&gt;&lt;img id=&quot;puck&quot; border=&quot;0&quot; width=&quot;100&quot; height=&quot;80&quot; src=&quot;/reporter/images/puck_smaller.jpg&quot; /&gt;&lt;b&gt;&lt;/b&gt;&lt;/td&gt;&lt;/tr&gt;&lt;/table&gt;&lt;table border=&quot;0&quot; cellpadding=&quot;0&quot; cellspacing=&quot;0&quot; width=&quot;99%&quot; style=&quot;font-family:Lucida Sans;font-size:12&quot; id=&quot;tableid1&quot;&gt;&lt;colgroup span=&quot;10&quot;&gt;&lt;/colgroup&gt;&lt;tr style=&quot;background-color: #CCDDFF;&quot; class=&quot;header&quot;&gt;&lt;td style=&quot;vertical-align:top;text-align:left; padding: 0px; font-weight: bold; &quot; width=&quot;10%&quot;&gt;Routing ID&lt;/td&gt;&lt;td style=&quot;vertical-align:top;text-align:left; padding: 0px; font-weight: bold; &quot; width=&quot;10%&quot;&gt;PDM_ID&lt;/td&gt;&lt;td style=&quot;vertical-align:top;text-align:left; padding: 0px; font-weight: bold; &quot; width=&quot;10%&quot;&gt;PDM_REV&lt;/td&gt;&lt;td style=&quot;vertical-align:top;text-align:left; padding: 0px; font-weight: bold; &quot; width=&quot;10%&quot;&gt;PDM_TYPE&lt;/td&gt;&lt;td style=&quot;vertical-align:top;text-align:left; padding: 0px; font-weight: bold; &quot; width=&quot;10%&quot;&gt;PDM_NAME&lt;/td&gt;&lt;td style=&quot;vertical-align:top;text-align:left; padding: 0px; font-weight: bold; &quot; width=&quot;10%&quot;&gt;Description&lt;/td&gt;&lt;td style=&quot;vertical-align:top;text-align:left; padding: 0px; font-weight: bold; &quot; width=&quot;10%&quot;&gt;SystemCode&lt;/td&gt;&lt;td style=&quot;vertical-align:top;text-align:left; padding: 0px; font-weight: bold; &quot; width=&quot;10%&quot;&gt;Room&lt;/td&gt;&lt;td style=&quot;vertical-align:top;text-align:left; padding: 0px; font-weight: bold; &quot; width=&quot;10%&quot;&gt;DesignRemarks&lt;/td&gt;&lt;td style=&quot;vertical-align:top;text-align:left; padding: 0px; font-weight: bold; &quot; width=&quot;10%&quot;&gt;Quantity&lt;/td&gt;&lt;/tr&gt;&lt;tr style=&quot;white-space: pre-wrap;background-color: #E4E4E4;&quot;&gt;&lt;td&gt;LogicDesign1:1:DEV1&lt;/td&gt;&lt;td&gt;PDM-1&lt;/td&gt;&lt;td&gt;1&lt;/td&gt;&lt;td&gt;Dev&lt;/td&gt;&lt;td&gt;DEV1&lt;/td&gt;&lt;td&gt;Test Device 1&lt;/td&gt;&lt;td&gt;&lt;/td&gt;&lt;td&gt;LOC1&lt;/td&gt;&lt;td&gt;&lt;/td&gt;&lt;td&gt;1&lt;/td&gt;&lt;/tr&gt;&lt;tr style=&quot;white-space: pre-wrap;&quot;&gt;&lt;td&gt;LogicDesign1:1:DEV2&lt;/td&gt;&lt;td&gt;PDM 2&lt;/td&gt;&lt;td&gt;2&lt;/td&gt;&lt;td&gt;DEV&lt;/td&gt;&lt;td&gt;DEV2&lt;/td&gt;&lt;td&gt;Test Device 2&lt;/td&gt;&lt;td&gt;&lt;/td&gt;&lt;td&gt;LOC 2&lt;/td&gt;&lt;td&gt;&lt;/td&gt;&lt;td&gt;1&lt;/td&gt;&lt;/tr&gt;&lt;tr style=&quot;white-space: pre-wrap;background-color: #E4E4E4;&quot;&gt;&lt;td&gt;LogicDesign1:1:DEV2&lt;/td&gt;&lt;td&gt;PDM 2&lt;/td&gt;&lt;td&gt;2&lt;/td&gt;&lt;td&gt;DEV&lt;/td&gt;&lt;td&gt;DEV2&lt;/td&gt;&lt;td&gt;Test Device 2&lt;/td&gt;&lt;td&gt;&lt;/td&gt;&lt;td&gt;LOC 2&lt;/td&gt;&lt;td&gt;&lt;/td&gt;&lt;td&gt;1&lt;/td&gt;&lt;/tr&gt;&lt;tr style=&quot;white-space: pre-wrap;&quot;&gt;&lt;td&gt;LogicDesign1:1:DEV200&lt;/td&gt;&lt;td&gt;&lt;/td&gt;&lt;td&gt;&lt;/td&gt;&lt;td&gt;&lt;/td&gt;&lt;td&gt;&lt;/td&gt;&lt;td&gt;&lt;/td&gt;&lt;td&gt;&lt;/td&gt;&lt;td&gt;&lt;/td&gt;&lt;td&gt;&lt;/td&gt;&lt;td&gt;1&lt;/td&gt;&lt;/tr&gt;&lt;tr style=&quot;white-space: pre-wrap;background-color: #E4E4E4;&quot;&gt;&lt;td&gt;LogicDesign1:1:DEV200&lt;/td&gt;&lt;td&gt;&lt;/td&gt;&lt;td&gt;&lt;/td&gt;&lt;td&gt;&lt;/td&gt;&lt;td&gt;&lt;/td&gt;&lt;td&gt;&lt;/td&gt;&lt;td&gt;&lt;/td&gt;&lt;td&gt;&lt;/td&gt;&lt;td&gt;&lt;/td&gt;&lt;td&gt;1&lt;/td&gt;&lt;/tr&gt;&lt;tr style=&quot;white-space: pre-wrap;&quot;&gt;&lt;td&gt;LogicDesign1:1:DEV200&lt;/td&gt;&lt;td&gt;&lt;/td&gt;&lt;td&gt;&lt;/td&gt;&lt;td&gt;&lt;/td&gt;&lt;td&gt;&lt;/td&gt;&lt;td&gt;&lt;/td&gt;&lt;td&gt;&lt;/td&gt;&lt;td&gt;&lt;/td&gt;&lt;td&gt;&lt;/td&gt;&lt;td&gt;1&lt;/td&gt;&lt;/tr&gt;&lt;tr style=&quot;white-space: pre-wrap;background-color: #E4E4E4;&quot;&gt;&lt;td&gt;LogicDesign1:1:DEV200&lt;/td&gt;&lt;td&gt;&lt;/td&gt;&lt;td&gt;&lt;/td&gt;&lt;td&gt;&lt;/td&gt;&lt;td&gt;&lt;/td&gt;&lt;td&gt;&lt;/td&gt;&lt;td&gt;&lt;/td&gt;&lt;td&gt;&lt;/td&gt;&lt;td&gt;&lt;/td&gt;&lt;td&gt;1&lt;/td&gt;&lt;/tr&gt;&lt;tr style=&quot;white-space: pre-wrap;&quot;&gt;&lt;td&gt;LogicDesign2:1:DEV1&lt;/td&gt;&lt;td&gt;PDM-1&lt;/td&gt;&lt;td&gt;1&lt;/td&gt;&lt;td&gt;Dev&lt;/td&gt;&lt;td&gt;DEV1&lt;/td&gt;&lt;td&gt;Test Device 1&lt;/td&gt;&lt;td&gt;&lt;/td&gt;&lt;td&gt;LOC1&lt;/td&gt;&lt;td&gt;&lt;/td&gt;&lt;td&gt;1&lt;/td&gt;&lt;/tr&gt;&lt;tr style=&quot;white-space: pre-wrap;background-color: #E4E4E4;&quot;&gt;&lt;td&gt;LogicDesign3:1:DEV1&lt;/td&gt;&lt;td&gt;PDM-1&lt;/td&gt;&lt;td&gt;1&lt;/td&gt;&lt;td&gt;Dev&lt;/td&gt;&lt;td&gt;DEV1&lt;/td&gt;&lt;td&gt;Test Device 1&lt;/td&gt;&lt;td&gt;&lt;/td&gt;&lt;td&gt;LOC1&lt;/td&gt;&lt;td&gt;&lt;/td&gt;&lt;td&gt;1&lt;/td&gt;&lt;/tr&gt;&lt;tr style=&quot;white-space: pre-wrap;&quot;&gt;&lt;td&gt;LogicDesign4:1:DEV103&lt;/td&gt;&lt;td&gt;DFGH&lt;/td&gt;&lt;td&gt;2&lt;/td&gt;&lt;td&gt;&lt;/td&gt;&lt;td&gt;DEV103&lt;/td&gt;&lt;td&gt;&lt;/td&gt;&lt;td&gt;&lt;/td&gt;&lt;td&gt;&lt;/td&gt;&lt;td&gt;&lt;/td&gt;&lt;td&gt;1&lt;/td&gt;&lt;/tr&gt;&lt;tr style=&quot;white-space: pre-wrap;background-color: #E4E4E4;&quot;&gt;&lt;td&gt;LogicDesign4:1:DEV103&lt;/td&gt;&lt;td&gt;DFGH&lt;/td&gt;&lt;td&gt;2&lt;/td&gt;&lt;td&gt;&lt;/td&gt;&lt;td&gt;DEV103&lt;/td&gt;&lt;td&gt;&lt;/td&gt;&lt;td&gt;&lt;/td&gt;&lt;td&gt;&lt;/td&gt;&lt;td&gt;&lt;/td&gt;&lt;td&gt;1&lt;/td&gt;&lt;/tr&gt;&lt;tr style=&quot;white-space: pre-...
	at chs.common.reporting.ReportTestCase.createAndCompareReports(ReportTestCase.java:102)
	at chs.common.reporting.TeamcenterLogicComponentBOMTest.testReportContent(TeamcenterLogicComponentBOMTest.java:105)
	at chs.common.reporting.TeamcenterLogicComponentBOMTest.testReportWithConfigFile(TeamcenterLogicComponentBOMTest.java:126)
	at chs.common.reporting.TeamcenterLogicComponentBOMTest.testLogicComponentBOMReport(TeamcenterLogicComponentBOMTest.java:110)
</failure>
  </testcase>
  <testcase classname="chs.common.reporting.TeamcenterLogicComponentBOMTest" name="testLogicComponentBOMReport[40]" time="1.289">
    <failure message="Differences found : &#xa;Golden: &apos;C:\repos\iesd\chs_home\bld\testdata\temp\chs\common\reporting\TeamcenterLogicComponentBOMTest\reports\config2\SharedDevices.golden.html&apos;&#xa;Actual: &apos;C:\repos\iesd\chs_home\bld\testdata\temp\chs\common\reporting\TeamcenterLogicComponentBOMTest\reports\config2\SharedDevices.actual.html&apos;&#xa;mv &apos;C:\repos\iesd\chs_home\bld\testdata\temp\chs\common\reporting\TeamcenterLogicComponentBOMTest\reports\config2\SharedDevices.actual.html&apos; &apos;C:\repos\iesd\chs_home\bld\testdata\temp\chs\common\reporting\TeamcenterLogicComponentBOMTest\reports\config2\SharedDevices.golden.html&apos;&#xa;&#xa;Changed : Exp:1 - Act: 1&#xa;Exp: &lt;html xmlns:xs=&quot;http://www.w3.org/2001/XMLSchema&quot;&gt;&lt;head&gt;&lt;title&gt;Teamcenter Logic Component BOM&lt;/title&gt;&lt;script language=&quot;javascript&quot; src=&quot;/reporter/scripts/commonscript.js&quot;&gt;&lt;/script&gt;&lt;/head&gt;&lt;body onload=&quot;javascript:initializeReportPage(&apos;report.xsl&apos;)&quot;&gt;&lt;table border=&quot;0&quot; width=&quot;99%&quot;&gt;&lt;colgroup span=&quot;3&quot;&gt;&lt;/colgroup&gt;&lt;tr class=&quot;topRow&quot;&gt;&lt;td style=&quot;width:30%&quot; align=&quot;left&quot; valign=&quot;middle&quot;&gt;&lt;img id=&quot;MGLOGO&quot; width=&quot;137&quot; height=&quot;24&quot; src=&quot;/reporter/images/SiemensLogo.png&quot; /&gt;&lt;b&gt;&lt;/b&gt;&lt;/td&gt;&lt;td width=&quot;49%&quot; align=&quot;center&quot; valign=&quot;middle&quot;&gt;&lt;table width=&quot;100%&quot; border=&quot;0&quot;&gt;&lt;colgroup span=&quot;2&quot;&gt;&lt;/colgroup&gt;&lt;tr&gt;&lt;td width=&quot;25%&quot; align=&quot;left&quot;&gt;&lt;b style=&quot;color: green&quot;&gt;Report&lt;/b&gt;&lt;/td&gt;&lt;td width=&quot;75%&quot; align=&quot;left&quot;&gt;&lt;p style=&quot;color: green&quot;&gt;Teamcenter Logic Component BOM&lt;/p&gt;&lt;/td&gt;&lt;/tr&gt;&lt;tr&gt;&lt;td width=&quot;25%&quot; align=&quot;left&quot;&gt;&lt;b style=&quot;color: green&quot;&gt;User&lt;/b&gt;&lt;/td&gt;&lt;td width=&quot;75%&quot; align=&quot;left&quot;&gt;&lt;i style=&quot;color: green&quot;&gt;system&lt;/i&gt;&lt;/td&gt;&lt;/tr&gt;&lt;/table&gt;&lt;/td&gt;&lt;td align=&quot;right&quot; valign=&quot;middle&quot; width=&quot;20%&quot;&gt;&lt;img id=&quot;puck&quot; border=&quot;0&quot; width=&quot;100&quot; height=&quot;80&quot; src=&quot;/reporter/images/puck_smaller.jpg&quot; /&gt;&lt;b&gt;&lt;/b&gt;&lt;/td&gt;&lt;/tr&gt;&lt;/table&gt;&lt;table border=&quot;0&quot; cellpadding=&quot;0&quot; cellspacing=&quot;0&quot; width=&quot;99%&quot; style=&quot;font-family:Lucida Sans;font-size:12&quot; id=&quot;tableid1&quot;&gt;&lt;colgroup span=&quot;9&quot;&gt;&lt;/colgroup&gt;&lt;tr style=&quot;background-color: #CCDDFF;&quot; class=&quot;header&quot;&gt;&lt;td style=&quot;vertical-align:top;text-align:left; padding: 0px; font-weight: bold; &quot; width=&quot;11%&quot;&gt;Routing ID&lt;/td&gt;&lt;td style=&quot;vertical-align:top;text-align:left; padding: 0px; font-weight: bold; &quot; width=&quot;11%&quot;&gt;PDM_ID&lt;/td&gt;&lt;td style=&quot;vertical-align:top;text-align:left; padding: 0px; font-weight: bold; &quot; width=&quot;11%&quot;&gt;PDM_REV&lt;/td&gt;&lt;td style=&quot;vertical-align:top;text-align:left; padding: 0px; font-weight: bold; &quot; width=&quot;11%&quot;&gt;PDM_TYPE&lt;/td&gt;&lt;td style=&quot;vertical-align:top;text-align:left; padding: 0px; font-weight: bold; &quot; width=&quot;11%&quot;&gt;PDM_NAME&lt;/td&gt;&lt;td style=&quot;vertical-align:top;text-align:left; padding: 0px; font-weight: bold; &quot; width=&quot;11%&quot;&gt;Description&lt;/td&gt;&lt;td style=&quot;vertical-align:top;text-align:left; padding: 0px; font-weight: bold; &quot; width=&quot;11%&quot;&gt;SystemCode&lt;/td&gt;&lt;td style=&quot;vertical-align:top;text-align:left; padding: 0px; font-weight: bold; &quot; width=&quot;11%&quot;&gt;Room&lt;/td&gt;&lt;td style=&quot;vertical-align:top;text-align:left; padding: 0px; font-weight: bold; &quot; width=&quot;11%&quot;&gt;DesignRemarks&lt;/td&gt;&lt;/tr&gt;&lt;tr style=&quot;white-space: pre-wrap;background-color: #E4E4E4;&quot;&gt;&lt;td&gt;LogicDesign1:1:DEV1&lt;/td&gt;&lt;td&gt;PDM-1&lt;/td&gt;&lt;td&gt;1&lt;/td&gt;&lt;td&gt;Dev&lt;/td&gt;&lt;td&gt;DEV1&lt;/td&gt;&lt;td&gt;Test Device 1&lt;/td&gt;&lt;td&gt;ICD6&lt;/td&gt;&lt;td&gt;LOC1&lt;/td&gt;&lt;td&gt;&lt;/td&gt;&lt;/tr&gt;&lt;tr style=&quot;white-space: pre-wrap;&quot;&gt;&lt;td&gt;LogicDesign1:1:DEV2&lt;/td&gt;&lt;td&gt;PDM 2&lt;/td&gt;&lt;td&gt;2&lt;/td&gt;&lt;td&gt;DEV&lt;/td&gt;&lt;td&gt;DEV2&lt;/td&gt;&lt;td&gt;Test Device 2&lt;/td&gt;&lt;td&gt;ICD5&lt;/td&gt;&lt;td&gt;LOC 2&lt;/td&gt;&lt;td&gt;&lt;/td&gt;&lt;/tr&gt;&lt;tr style=&quot;white-space: pre-wrap;background-color: #E4E4E4;&quot;&gt;&lt;td&gt;LogicDesign1:1:DEV2&lt;/td&gt;&lt;td&gt;PDM 2&lt;/td&gt;&lt;td&gt;2&lt;/td&gt;&lt;td&gt;DEV&lt;/td&gt;&lt;td&gt;DEV2&lt;/td&gt;&lt;td&gt;Test Device 2&lt;/td&gt;&lt;td&gt;ICD5&lt;/td&gt;&lt;td&gt;LOC 2&lt;/td&gt;&lt;td&gt;&lt;/td&gt;&lt;/tr&gt;&lt;tr style=&quot;white-space: pre-wrap;&quot;&gt;&lt;td&gt;LogicDesign1:1:DEV200&lt;/td&gt;&lt;td&gt;&lt;/td&gt;&lt;td&gt;&lt;/td&gt;&lt;td&gt;&lt;/td&gt;&lt;td&gt;&lt;/td&gt;&lt;td&gt;&lt;/td&gt;&lt;td&gt;ICD1&lt;/td&gt;&lt;td&gt;&lt;/td&gt;&lt;td&gt;&lt;/td&gt;&lt;/tr&gt;&lt;tr style=&quot;white-space: pre-wrap;background-color: #E4E4E4;&quot;&gt;&lt;td&gt;LogicDesign1:1:DEV200&lt;/td&gt;&lt;td&gt;&lt;/td&gt;&lt;td&gt;&lt;/td&gt;&lt;td&gt;&lt;/td&gt;&lt;td&gt;&lt;/td&gt;&lt;td&gt;&lt;/td&gt;&lt;td&gt;ICD1&lt;/td&gt;&lt;td&gt;&lt;/td&gt;&lt;td&gt;&lt;/td&gt;&lt;/tr&gt;&lt;tr style=&quot;white-space: pre-wrap;&quot;&gt;&lt;td&gt;LogicDesign1:1:DEV200&lt;/td&gt;&lt;td&gt;&lt;/td&gt;&lt;td&gt;&lt;/td&gt;&lt;td&gt;&lt;/td&gt;&lt;td&gt;&lt;/td&gt;&lt;td&gt;&lt;/td&gt;&lt;td&gt;ICD1&lt;/td&gt;&lt;td&gt;&lt;/td&gt;&lt;td&gt;&lt;/td&gt;&lt;/tr&gt;&lt;tr style=&quot;white-space: pre-wrap;background-color: #E4E4E4;&quot;&gt;&lt;td&gt;LogicDesign1:1:DEV200&lt;/td&gt;&lt;td&gt;&lt;/td&gt;&lt;td&gt;&lt;/td&gt;&lt;td&gt;&lt;/td&gt;&lt;td&gt;&lt;/td&gt;&lt;td&gt;&lt;/td&gt;&lt;td&gt;ICD1&lt;/td&gt;&lt;td&gt;&lt;/td&gt;&lt;td&gt;&lt;/td&gt;&lt;/tr&gt;&lt;tr style=&quot;white-space: pre-wrap;&quot;&gt;&lt;td&gt;LogicDesign2:1:DEV1&lt;/td&gt;&lt;td&gt;PDM-1&lt;/td&gt;&lt;td&gt;1&lt;/td&gt;&lt;td&gt;Dev&lt;/td&gt;&lt;td&gt;DEV1&lt;/td&gt;&lt;td&gt;Test Device 1&lt;/td&gt;&lt;td&gt;ICD4&lt;/td&gt;&lt;td&gt;LOC1&lt;/td&gt;&lt;td&gt;&lt;/td&gt;&lt;/tr&gt;&lt;tr style=&quot;white-space: pre-wrap;background-color: #E4E4E4;&quot;&gt;&lt;td&gt;LogicDesign3:1:DEV1&lt;/td&gt;&lt;td&gt;PDM-1&lt;/td&gt;&lt;td&gt;1&lt;/td&gt;&lt;td&gt;Dev&lt;/td&gt;&lt;td&gt;DEV1&lt;/td&gt;&lt;td&gt;Test Device 1&lt;/td&gt;&lt;td&gt;ICD2&lt;/td&gt;&lt;td&gt;LOC1&lt;/td&gt;&lt;td&gt;&lt;/td&gt;&lt;/tr&gt;&lt;tr style=&quot;white-space: pre-wrap;&quot;&gt;&lt;td&gt;LogicDesign4:1:DEV103&lt;/td&gt;&lt;td&gt;DFGH&lt;/td&gt;&lt;td&gt;2&lt;/td&gt;&lt;td&gt;&lt;/td&gt;&lt;td&gt;DEV103&lt;/td&gt;&lt;td&gt;&lt;/td&gt;&lt;td&gt;ICD3&lt;/td&gt;&lt;td&gt;&lt;/td&gt;&lt;td&gt;&lt;/td&gt;&lt;/tr&gt;&lt;tr style=&quot;white-space: pre-wrap;background-color: #E4E4E4;&quot;&gt;&lt;td&gt;LogicDesign4:1:DEV103&lt;/td&gt;&lt;td&gt;DFGH&lt;/td&gt;&lt;td&gt;2&lt;/td&gt;&lt;td&gt;&lt;/td&gt;&lt;td&gt;DEV103&lt;/td&gt;&lt;td&gt;&lt;/td&gt;&lt;td&gt;ICD3&lt;/td&gt;&lt;td&gt;&lt;/td&gt;&lt;td&gt;&lt;/td&gt;&lt;/tr&gt;&lt;tr style=&quot;white-space: pre-wrap;&quot;&gt;&lt;td&gt;LogicDesign4:1:DEV103&lt;/td&gt;&lt;td&gt;DFGH&lt;/td&gt;&lt;td&gt;2&lt;/td&gt;&lt;td&gt;&lt;/td&gt;&lt;td&gt;DEV103&lt;/td&gt;&lt;td&gt;&lt;/td&gt;&lt;td&gt;ICD3&lt;/td&gt;&lt;td&gt;&lt;/td&gt;&lt;td&gt;&lt;/td&gt;&lt;/tr&gt;&lt;tr style=&quot;white-space: pre-wrap;background-c..." type="chs.FileServices$FSComparisonFailure">chs.FileServices$FSComparisonFailure: Differences found : 
Golden: &apos;C:\repos\iesd\chs_home\bld\testdata\temp\chs\common\reporting\TeamcenterLogicComponentBOMTest\reports\config2\SharedDevices.golden.html&apos;
Actual: &apos;C:\repos\iesd\chs_home\bld\testdata\temp\chs\common\reporting\TeamcenterLogicComponentBOMTest\reports\config2\SharedDevices.actual.html&apos;
mv &apos;C:\repos\iesd\chs_home\bld\testdata\temp\chs\common\reporting\TeamcenterLogicComponentBOMTest\reports\config2\SharedDevices.actual.html&apos; &apos;C:\repos\iesd\chs_home\bld\testdata\temp\chs\common\reporting\TeamcenterLogicComponentBOMTest\reports\config2\SharedDevices.golden.html&apos;

Changed : Exp:1 - Act: 1
Exp: &lt;html xmlns:xs=&quot;http://www.w3.org/2001/XMLSchema&quot;&gt;&lt;head&gt;&lt;title&gt;Teamcenter Logic Component BOM&lt;/title&gt;&lt;script language=&quot;javascript&quot; src=&quot;/reporter/scripts/commonscript.js&quot;&gt;&lt;/script&gt;&lt;/head&gt;&lt;body onload=&quot;javascript:initializeReportPage(&apos;report.xsl&apos;)&quot;&gt;&lt;table border=&quot;0&quot; width=&quot;99%&quot;&gt;&lt;colgroup span=&quot;3&quot;&gt;&lt;/colgroup&gt;&lt;tr class=&quot;topRow&quot;&gt;&lt;td style=&quot;width:30%&quot; align=&quot;left&quot; valign=&quot;middle&quot;&gt;&lt;img id=&quot;MGLOGO&quot; width=&quot;137&quot; height=&quot;24&quot; src=&quot;/reporter/images/SiemensLogo.png&quot; /&gt;&lt;b&gt;&lt;/b&gt;&lt;/td&gt;&lt;td width=&quot;49%&quot; align=&quot;center&quot; valign=&quot;middle&quot;&gt;&lt;table width=&quot;100%&quot; border=&quot;0&quot;&gt;&lt;colgroup span=&quot;2&quot;&gt;&lt;/colgroup&gt;&lt;tr&gt;&lt;td width=&quot;25%&quot; align=&quot;left&quot;&gt;&lt;b style=&quot;color: green&quot;&gt;Report&lt;/b&gt;&lt;/td&gt;&lt;td width=&quot;75%&quot; align=&quot;left&quot;&gt;&lt;p style=&quot;color: green&quot;&gt;Teamcenter Logic Component BOM&lt;/p&gt;&lt;/td&gt;&lt;/tr&gt;&lt;tr&gt;&lt;td width=&quot;25%&quot; align=&quot;left&quot;&gt;&lt;b style=&quot;color: green&quot;&gt;User&lt;/b&gt;&lt;/td&gt;&lt;td width=&quot;75%&quot; align=&quot;left&quot;&gt;&lt;i style=&quot;color: green&quot;&gt;system&lt;/i&gt;&lt;/td&gt;&lt;/tr&gt;&lt;/table&gt;&lt;/td&gt;&lt;td align=&quot;right&quot; valign=&quot;middle&quot; width=&quot;20%&quot;&gt;&lt;img id=&quot;puck&quot; border=&quot;0&quot; width=&quot;100&quot; height=&quot;80&quot; src=&quot;/reporter/images/puck_smaller.jpg&quot; /&gt;&lt;b&gt;&lt;/b&gt;&lt;/td&gt;&lt;/tr&gt;&lt;/table&gt;&lt;table border=&quot;0&quot; cellpadding=&quot;0&quot; cellspacing=&quot;0&quot; width=&quot;99%&quot; style=&quot;font-family:Lucida Sans;font-size:12&quot; id=&quot;tableid1&quot;&gt;&lt;colgroup span=&quot;9&quot;&gt;&lt;/colgroup&gt;&lt;tr style=&quot;background-color: #CCDDFF;&quot; class=&quot;header&quot;&gt;&lt;td style=&quot;vertical-align:top;text-align:left; padding: 0px; font-weight: bold; &quot; width=&quot;11%&quot;&gt;Routing ID&lt;/td&gt;&lt;td style=&quot;vertical-align:top;text-align:left; padding: 0px; font-weight: bold; &quot; width=&quot;11%&quot;&gt;PDM_ID&lt;/td&gt;&lt;td style=&quot;vertical-align:top;text-align:left; padding: 0px; font-weight: bold; &quot; width=&quot;11%&quot;&gt;PDM_REV&lt;/td&gt;&lt;td style=&quot;vertical-align:top;text-align:left; padding: 0px; font-weight: bold; &quot; width=&quot;11%&quot;&gt;PDM_TYPE&lt;/td&gt;&lt;td style=&quot;vertical-align:top;text-align:left; padding: 0px; font-weight: bold; &quot; width=&quot;11%&quot;&gt;PDM_NAME&lt;/td&gt;&lt;td style=&quot;vertical-align:top;text-align:left; padding: 0px; font-weight: bold; &quot; width=&quot;11%&quot;&gt;Description&lt;/td&gt;&lt;td style=&quot;vertical-align:top;text-align:left; padding: 0px; font-weight: bold; &quot; width=&quot;11%&quot;&gt;SystemCode&lt;/td&gt;&lt;td style=&quot;vertical-align:top;text-align:left; padding: 0px; font-weight: bold; &quot; width=&quot;11%&quot;&gt;Room&lt;/td&gt;&lt;td style=&quot;vertical-align:top;text-align:left; padding: 0px; font-weight: bold; &quot; width=&quot;11%&quot;&gt;DesignRemarks&lt;/td&gt;&lt;/tr&gt;&lt;tr style=&quot;white-space: pre-wrap;background-color: #E4E4E4;&quot;&gt;&lt;td&gt;LogicDesign1:1:DEV1&lt;/td&gt;&lt;td&gt;PDM-1&lt;/td&gt;&lt;td&gt;1&lt;/td&gt;&lt;td&gt;Dev&lt;/td&gt;&lt;td&gt;DEV1&lt;/td&gt;&lt;td&gt;Test Device 1&lt;/td&gt;&lt;td&gt;ICD6&lt;/td&gt;&lt;td&gt;LOC1&lt;/td&gt;&lt;td&gt;&lt;/td&gt;&lt;/tr&gt;&lt;tr style=&quot;white-space: pre-wrap;&quot;&gt;&lt;td&gt;LogicDesign1:1:DEV2&lt;/td&gt;&lt;td&gt;PDM 2&lt;/td&gt;&lt;td&gt;2&lt;/td&gt;&lt;td&gt;DEV&lt;/td&gt;&lt;td&gt;DEV2&lt;/td&gt;&lt;td&gt;Test Device 2&lt;/td&gt;&lt;td&gt;ICD5&lt;/td&gt;&lt;td&gt;LOC 2&lt;/td&gt;&lt;td&gt;&lt;/td&gt;&lt;/tr&gt;&lt;tr style=&quot;white-space: pre-wrap;background-color: #E4E4E4;&quot;&gt;&lt;td&gt;LogicDesign1:1:DEV2&lt;/td&gt;&lt;td&gt;PDM 2&lt;/td&gt;&lt;td&gt;2&lt;/td&gt;&lt;td&gt;DEV&lt;/td&gt;&lt;td&gt;DEV2&lt;/td&gt;&lt;td&gt;Test Device 2&lt;/td&gt;&lt;td&gt;ICD5&lt;/td&gt;&lt;td&gt;LOC 2&lt;/td&gt;&lt;td&gt;&lt;/td&gt;&lt;/tr&gt;&lt;tr style=&quot;white-space: pre-wrap;&quot;&gt;&lt;td&gt;LogicDesign1:1:DEV200&lt;/td&gt;&lt;td&gt;&lt;/td&gt;&lt;td&gt;&lt;/td&gt;&lt;td&gt;&lt;/td&gt;&lt;td&gt;&lt;/td&gt;&lt;td&gt;&lt;/td&gt;&lt;td&gt;ICD1&lt;/td&gt;&lt;td&gt;&lt;/td&gt;&lt;td&gt;&lt;/td&gt;&lt;/tr&gt;&lt;tr style=&quot;white-space: pre-wrap;background-color: #E4E4E4;&quot;&gt;&lt;td&gt;LogicDesign1:1:DEV200&lt;/td&gt;&lt;td&gt;&lt;/td&gt;&lt;td&gt;&lt;/td&gt;&lt;td&gt;&lt;/td&gt;&lt;td&gt;&lt;/td&gt;&lt;td&gt;&lt;/td&gt;&lt;td&gt;ICD1&lt;/td&gt;&lt;td&gt;&lt;/td&gt;&lt;td&gt;&lt;/td&gt;&lt;/tr&gt;&lt;tr style=&quot;white-space: pre-wrap;&quot;&gt;&lt;td&gt;LogicDesign1:1:DEV200&lt;/td&gt;&lt;td&gt;&lt;/td&gt;&lt;td&gt;&lt;/td&gt;&lt;td&gt;&lt;/td&gt;&lt;td&gt;&lt;/td&gt;&lt;td&gt;&lt;/td&gt;&lt;td&gt;ICD1&lt;/td&gt;&lt;td&gt;&lt;/td&gt;&lt;td&gt;&lt;/td&gt;&lt;/tr&gt;&lt;tr style=&quot;white-space: pre-wrap;background-color: #E4E4E4;&quot;&gt;&lt;td&gt;LogicDesign1:1:DEV200&lt;/td&gt;&lt;td&gt;&lt;/td&gt;&lt;td&gt;&lt;/td&gt;&lt;td&gt;&lt;/td&gt;&lt;td&gt;&lt;/td&gt;&lt;td&gt;&lt;/td&gt;&lt;td&gt;ICD1&lt;/td&gt;&lt;td&gt;&lt;/td&gt;&lt;td&gt;&lt;/td&gt;&lt;/tr&gt;&lt;tr style=&quot;white-space: pre-wrap;&quot;&gt;&lt;td&gt;LogicDesign2:1:DEV1&lt;/td&gt;&lt;td&gt;PDM-1&lt;/td&gt;&lt;td&gt;1&lt;/td&gt;&lt;td&gt;Dev&lt;/td&gt;&lt;td&gt;DEV1&lt;/td&gt;&lt;td&gt;Test Device 1&lt;/td&gt;&lt;td&gt;ICD4&lt;/td&gt;&lt;td&gt;LOC1&lt;/td&gt;&lt;td&gt;&lt;/td&gt;&lt;/tr&gt;&lt;tr style=&quot;white-space: pre-wrap;background-color: #E4E4E4;&quot;&gt;&lt;td&gt;LogicDesign3:1:DEV1&lt;/td&gt;&lt;td&gt;PDM-1&lt;/td&gt;&lt;td&gt;1&lt;/td&gt;&lt;td&gt;Dev&lt;/td&gt;&lt;td&gt;DEV1&lt;/td&gt;&lt;td&gt;Test Device 1&lt;/td&gt;&lt;td&gt;ICD2&lt;/td&gt;&lt;td&gt;LOC1&lt;/td&gt;&lt;td&gt;&lt;/td&gt;&lt;/tr&gt;&lt;tr style=&quot;white-space: pre-wrap;&quot;&gt;&lt;td&gt;LogicDesign4:1:DEV103&lt;/td&gt;&lt;td&gt;DFGH&lt;/td&gt;&lt;td&gt;2&lt;/td&gt;&lt;td&gt;&lt;/td&gt;&lt;td&gt;DEV103&lt;/td&gt;&lt;td&gt;&lt;/td&gt;&lt;td&gt;ICD3&lt;/td&gt;&lt;td&gt;&lt;/td&gt;&lt;td&gt;&lt;/td&gt;&lt;/tr&gt;&lt;tr style=&quot;white-space: pre-wrap;background-color: #E4E4E4;&quot;&gt;&lt;td&gt;LogicDesign4:1:DEV103&lt;/td&gt;&lt;td&gt;DFGH&lt;/td&gt;&lt;td&gt;2&lt;/td&gt;&lt;td&gt;&lt;/td&gt;&lt;td&gt;DEV103&lt;/td&gt;&lt;td&gt;&lt;/td&gt;&lt;td&gt;ICD3&lt;/td&gt;&lt;td&gt;&lt;/td&gt;&lt;td&gt;&lt;/td&gt;&lt;/tr&gt;&lt;tr style=&quot;white-space: pre-wrap;&quot;&gt;&lt;td&gt;LogicDesign4:1:DEV103&lt;/td&gt;&lt;td&gt;DFGH&lt;/td&gt;&lt;td&gt;2&lt;/td&gt;&lt;td&gt;&lt;/td&gt;&lt;td&gt;DEV103&lt;/td&gt;&lt;td&gt;&lt;/td&gt;&lt;td&gt;ICD3&lt;/td&gt;&lt;td&gt;&lt;/td&gt;&lt;td&gt;&lt;/td&gt;&lt;/tr&gt;&lt;tr style=&quot;white-space: pre-wrap;background-c...
	at chs.common.reporting.ReportTestCase.createAndCompareReports(ReportTestCase.java:102)
	at chs.common.reporting.TeamcenterLogicComponentBOMTest.testReportContent(TeamcenterLogicComponentBOMTest.java:105)
	at chs.common.reporting.TeamcenterLogicComponentBOMTest.testReportWithConfigFile(TeamcenterLogicComponentBOMTest.java:126)
	at chs.common.reporting.TeamcenterLogicComponentBOMTest.testLogicComponentBOMReport(TeamcenterLogicComponentBOMTest.java:110)
</failure>
  </testcase>
  <testcase classname="chs.common.reporting.TeamcenterLogicComponentBOMTest" name="testLogicComponentBOMReport[41]" time="1.266">
    <failure message="Differences found : &#xa;Golden: &apos;C:\repos\iesd\chs_home\bld\testdata\temp\chs\common\reporting\TeamcenterLogicComponentBOMTest\reports\config3\SharedDevices.golden.html&apos;&#xa;Actual: &apos;C:\repos\iesd\chs_home\bld\testdata\temp\chs\common\reporting\TeamcenterLogicComponentBOMTest\reports\config3\SharedDevices.actual.html&apos;&#xa;mv &apos;C:\repos\iesd\chs_home\bld\testdata\temp\chs\common\reporting\TeamcenterLogicComponentBOMTest\reports\config3\SharedDevices.actual.html&apos; &apos;C:\repos\iesd\chs_home\bld\testdata\temp\chs\common\reporting\TeamcenterLogicComponentBOMTest\reports\config3\SharedDevices.golden.html&apos;&#xa;&#xa;Changed : Exp:1 - Act: 1&#xa;Exp: &lt;html xmlns:xs=&quot;http://www.w3.org/2001/XMLSchema&quot;&gt;&lt;head&gt;&lt;title&gt;Teamcenter Logic Component BOM&lt;/title&gt;&lt;script language=&quot;javascript&quot; src=&quot;/reporter/scripts/commonscript.js&quot;&gt;&lt;/script&gt;&lt;/head&gt;&lt;body onload=&quot;javascript:initializeReportPage(&apos;report.xsl&apos;)&quot;&gt;&lt;table border=&quot;0&quot; width=&quot;99%&quot;&gt;&lt;colgroup span=&quot;3&quot;&gt;&lt;/colgroup&gt;&lt;tr class=&quot;topRow&quot;&gt;&lt;td style=&quot;width:30%&quot; align=&quot;left&quot; valign=&quot;middle&quot;&gt;&lt;img id=&quot;MGLOGO&quot; width=&quot;137&quot; height=&quot;24&quot; src=&quot;/reporter/images/SiemensLogo.png&quot; /&gt;&lt;b&gt;&lt;/b&gt;&lt;/td&gt;&lt;td width=&quot;49%&quot; align=&quot;center&quot; valign=&quot;middle&quot;&gt;&lt;table width=&quot;100%&quot; border=&quot;0&quot;&gt;&lt;colgroup span=&quot;2&quot;&gt;&lt;/colgroup&gt;&lt;tr&gt;&lt;td width=&quot;25%&quot; align=&quot;left&quot;&gt;&lt;b style=&quot;color: green&quot;&gt;Report&lt;/b&gt;&lt;/td&gt;&lt;td width=&quot;75%&quot; align=&quot;left&quot;&gt;&lt;p style=&quot;color: green&quot;&gt;Teamcenter Logic Component BOM&lt;/p&gt;&lt;/td&gt;&lt;/tr&gt;&lt;tr&gt;&lt;td width=&quot;25%&quot; align=&quot;left&quot;&gt;&lt;b style=&quot;color: green&quot;&gt;User&lt;/b&gt;&lt;/td&gt;&lt;td width=&quot;75%&quot; align=&quot;left&quot;&gt;&lt;i style=&quot;color: green&quot;&gt;system&lt;/i&gt;&lt;/td&gt;&lt;/tr&gt;&lt;/table&gt;&lt;/td&gt;&lt;td align=&quot;right&quot; valign=&quot;middle&quot; width=&quot;20%&quot;&gt;&lt;img id=&quot;puck&quot; border=&quot;0&quot; width=&quot;100&quot; height=&quot;80&quot; src=&quot;/reporter/images/puck_smaller.jpg&quot; /&gt;&lt;b&gt;&lt;/b&gt;&lt;/td&gt;&lt;/tr&gt;&lt;/table&gt;&lt;table border=&quot;0&quot; cellpadding=&quot;0&quot; cellspacing=&quot;0&quot; width=&quot;99%&quot; style=&quot;font-family:Lucida Sans;font-size:12&quot; id=&quot;tableid1&quot;&gt;&lt;colgroup span=&quot;10&quot;&gt;&lt;/colgroup&gt;&lt;tr style=&quot;background-color: #CCDDFF;&quot; class=&quot;header&quot;&gt;&lt;td style=&quot;vertical-align:top;text-align:left; padding: 0px; font-weight: bold; &quot; width=&quot;10%&quot;&gt;Routing ID&lt;/td&gt;&lt;td style=&quot;vertical-align:top;text-align:left; padding: 0px; font-weight: bold; &quot; width=&quot;10%&quot;&gt;ICD name and Revision&lt;/td&gt;&lt;td style=&quot;vertical-align:top;text-align:left; padding: 0px; font-weight: bold; &quot; width=&quot;10%&quot;&gt;PDM_ID&lt;/td&gt;&lt;td style=&quot;vertical-align:top;text-align:left; padding: 0px; font-weight: bold; &quot; width=&quot;10%&quot;&gt;PDM_REV&lt;/td&gt;&lt;td style=&quot;vertical-align:top;text-align:left; padding: 0px; font-weight: bold; &quot; width=&quot;10%&quot;&gt;PDM_TYPE&lt;/td&gt;&lt;td style=&quot;vertical-align:top;text-align:left; padding: 0px; font-weight: bold; &quot; width=&quot;10%&quot;&gt;PDM_NAME&lt;/td&gt;&lt;td style=&quot;vertical-align:top;text-align:left; padding: 0px; font-weight: bold; &quot; width=&quot;10%&quot;&gt;Description&lt;/td&gt;&lt;td style=&quot;vertical-align:top;text-align:left; padding: 0px; font-weight: bold; &quot; width=&quot;10%&quot;&gt;SystemCode&lt;/td&gt;&lt;td style=&quot;vertical-align:top;text-align:left; padding: 0px; font-weight: bold; &quot; width=&quot;10%&quot;&gt;Room&lt;/td&gt;&lt;td style=&quot;vertical-align:top;text-align:left; padding: 0px; font-weight: bold; &quot; width=&quot;10%&quot;&gt;DesignRemarks&lt;/td&gt;&lt;/tr&gt;&lt;tr style=&quot;white-space: pre-wrap;background-color: #E4E4E4;&quot;&gt;&lt;td&gt;ICD1&lt;/td&gt;&lt;td&gt;ICD1&lt;/td&gt;&lt;td&gt;&lt;/td&gt;&lt;td&gt;&lt;/td&gt;&lt;td&gt;&lt;/td&gt;&lt;td&gt;&lt;/td&gt;&lt;td&gt;&lt;/td&gt;&lt;td&gt;&lt;/td&gt;&lt;td&gt;&lt;/td&gt;&lt;td&gt;&lt;/td&gt;&lt;/tr&gt;&lt;tr style=&quot;white-space: pre-wrap;&quot;&gt;&lt;td&gt;ICD1&lt;/td&gt;&lt;td&gt;ICD1&lt;/td&gt;&lt;td&gt;&lt;/td&gt;&lt;td&gt;&lt;/td&gt;&lt;td&gt;&lt;/td&gt;&lt;td&gt;&lt;/td&gt;&lt;td&gt;&lt;/td&gt;&lt;td&gt;&lt;/td&gt;&lt;td&gt;&lt;/td&gt;&lt;td&gt;&lt;/td&gt;&lt;/tr&gt;&lt;tr style=&quot;white-space: pre-wrap;background-color: #E4E4E4;&quot;&gt;&lt;td&gt;ICD1&lt;/td&gt;&lt;td&gt;ICD1&lt;/td&gt;&lt;td&gt;&lt;/td&gt;&lt;td&gt;&lt;/td&gt;&lt;td&gt;&lt;/td&gt;&lt;td&gt;&lt;/td&gt;&lt;td&gt;&lt;/td&gt;&lt;td&gt;&lt;/td&gt;&lt;td&gt;&lt;/td&gt;&lt;td&gt;&lt;/td&gt;&lt;/tr&gt;&lt;tr style=&quot;white-space: pre-wrap;&quot;&gt;&lt;td&gt;ICD1&lt;/td&gt;&lt;td&gt;ICD1&lt;/td&gt;&lt;td&gt;&lt;/td&gt;&lt;td&gt;&lt;/td&gt;&lt;td&gt;&lt;/td&gt;&lt;td&gt;&lt;/td&gt;&lt;td&gt;&lt;/td&gt;&lt;td&gt;&lt;/td&gt;&lt;td&gt;&lt;/td&gt;&lt;td&gt;&lt;/td&gt;&lt;/tr&gt;&lt;tr style=&quot;white-space: pre-wrap;background-color: #E4E4E4;&quot;&gt;&lt;td&gt;ICD2&lt;/td&gt;&lt;td&gt;ICD2&lt;/td&gt;&lt;td&gt;&lt;/td&gt;&lt;td&gt;1&lt;/td&gt;&lt;td&gt;Dev&lt;/td&gt;&lt;td&gt;DEV1&lt;/td&gt;&lt;td&gt;&lt;/td&gt;&lt;td&gt;&lt;/td&gt;&lt;td&gt;LOC1&lt;/td&gt;&lt;td&gt;&lt;/td&gt;&lt;/tr&gt;&lt;tr style=&quot;white-space: pre-wrap;&quot;&gt;&lt;td&gt;ICD3&lt;/td&gt;&lt;td&gt;ICD3&lt;/td&gt;&lt;td&gt;&lt;/td&gt;&lt;td&gt;2&lt;/td&gt;&lt;td&gt;&lt;/td&gt;&lt;td&gt;DEV103&lt;/td&gt;&lt;td&gt;&lt;/td&gt;&lt;td&gt;&lt;/td&gt;&lt;td&gt;&lt;/td&gt;&lt;td&gt;&lt;/td&gt;&lt;/tr&gt;&lt;tr style=&quot;white-space: pre-wrap;background-color: #E4E4E4;&quot;&gt;&lt;td&gt;ICD3&lt;/td&gt;&lt;td&gt;ICD3&lt;/td&gt;&lt;td&gt;&lt;/td&gt;&lt;td&gt;2&lt;/td&gt;&lt;td&gt;&lt;/td&gt;&lt;td&gt;DEV103&lt;/td&gt;&lt;td&gt;&lt;/td&gt;&lt;td&gt;&lt;/td&gt;&lt;td&gt;&lt;/td&gt;&lt;td&gt;&lt;/td&gt;&lt;/tr&gt;&lt;tr style=&quot;white-space: pre-wrap;&quot;&gt;&lt;td&gt;ICD3&lt;/td&gt;&lt;td&gt;ICD3&lt;/td&gt;&lt;td&gt;&lt;/td&gt;&lt;td&gt;2&lt;/td&gt;&lt;td&gt;&lt;/td&gt;&lt;td&gt;DEV103&lt;/td&gt;&lt;td&gt;&lt;/td&gt;&lt;td&gt;&lt;/td&gt;&lt;td&gt;&lt;/td&gt;&lt;td&gt;&lt;/td&gt;&lt;/tr&gt;&lt;tr style=&quot;white-space: pre-wrap;background-color: #E4E4E4;&quot;&gt;&lt;td&gt;ICD3&lt;/td&gt;&lt;td&gt;ICD3&lt;/td&gt;&lt;td&gt;&lt;/td&gt;&lt;td&gt;2&lt;/td&gt;&lt;td&gt;&lt;/td&gt;&lt;td&gt;DEV103&lt;/td&gt;&lt;td&gt;&lt;/td&gt;&lt;td&gt;&lt;/td&gt;&lt;td&gt;&lt;/td&gt;&lt;td&gt;&lt;/td&gt;&lt;/tr&gt;&lt;tr style=&quot;white-space: pre-wrap;&quot;&gt;&lt;td&gt;ICD4&lt;/td&gt;&lt;td&gt;ICD4&lt;/td&gt;&lt;td&gt;&lt;/td&gt;&lt;td&gt;1&lt;/td&gt;&lt;td&gt;Dev&lt;/td&gt;&lt;td&gt;DEV1&lt;/td&gt;&lt;td&gt;&lt;/td&gt;&lt;td&gt;&lt;/td&gt;&lt;td&gt;LOC1&lt;/td&gt;&lt;td&gt;&lt;/td&gt;&lt;/tr&gt;&lt;tr style=&quot;white-space: pre-wrap;background-color: #E4E4E4;&quot;&gt;&lt;td&gt;ICD5&lt;/td&gt;&lt;td&gt;ICD5&lt;/td&gt;&lt;td&gt;&lt;/td&gt;&lt;td&gt;2&lt;/td&gt;&lt;td&gt;DEV&lt;/td&gt;&lt;td&gt;DEV2&lt;/td&gt;&lt;td&gt;&lt;/td&gt;&lt;td&gt;&lt;/td&gt;&lt;td&gt;LOC 2&lt;/td&gt;&lt;td&gt;&lt;/td&gt;&lt;/tr&gt;&lt;tr style=&quot;white-space: pre-wrap;&quot;&gt;&lt;td&gt;ICD5&lt;/td&gt;&lt;td&gt;ICD5&lt;/td&gt;&lt;td&gt;&lt;/td&gt;&lt;td&gt;2&lt;/td&gt;&lt;td&gt;DEV&lt;/td&gt;&lt;td&gt;DEV2&lt;/td&gt;&lt;td&gt;&lt;/td&gt;&lt;td&gt;&lt;/td&gt;&lt;td&gt;LOC 2&lt;/td&gt;&lt;td&gt;&lt;/td&gt;&lt;/tr&gt;&lt;tr style=&quot;white-space: pre-wrap;background-color: #E4E4E4;&quot;&gt;&lt;td&gt;ICD6&lt;/td&gt;&lt;td&gt;ICD6&lt;/td&gt;&lt;td&gt;&lt;/td&gt;&lt;td&gt;1&lt;/td&gt;&lt;td&gt;Dev&lt;/td..." type="chs.FileServices$FSComparisonFailure">chs.FileServices$FSComparisonFailure: Differences found : 
Golden: &apos;C:\repos\iesd\chs_home\bld\testdata\temp\chs\common\reporting\TeamcenterLogicComponentBOMTest\reports\config3\SharedDevices.golden.html&apos;
Actual: &apos;C:\repos\iesd\chs_home\bld\testdata\temp\chs\common\reporting\TeamcenterLogicComponentBOMTest\reports\config3\SharedDevices.actual.html&apos;
mv &apos;C:\repos\iesd\chs_home\bld\testdata\temp\chs\common\reporting\TeamcenterLogicComponentBOMTest\reports\config3\SharedDevices.actual.html&apos; &apos;C:\repos\iesd\chs_home\bld\testdata\temp\chs\common\reporting\TeamcenterLogicComponentBOMTest\reports\config3\SharedDevices.golden.html&apos;

Changed : Exp:1 - Act: 1
Exp: &lt;html xmlns:xs=&quot;http://www.w3.org/2001/XMLSchema&quot;&gt;&lt;head&gt;&lt;title&gt;Teamcenter Logic Component BOM&lt;/title&gt;&lt;script language=&quot;javascript&quot; src=&quot;/reporter/scripts/commonscript.js&quot;&gt;&lt;/script&gt;&lt;/head&gt;&lt;body onload=&quot;javascript:initializeReportPage(&apos;report.xsl&apos;)&quot;&gt;&lt;table border=&quot;0&quot; width=&quot;99%&quot;&gt;&lt;colgroup span=&quot;3&quot;&gt;&lt;/colgroup&gt;&lt;tr class=&quot;topRow&quot;&gt;&lt;td style=&quot;width:30%&quot; align=&quot;left&quot; valign=&quot;middle&quot;&gt;&lt;img id=&quot;MGLOGO&quot; width=&quot;137&quot; height=&quot;24&quot; src=&quot;/reporter/images/SiemensLogo.png&quot; /&gt;&lt;b&gt;&lt;/b&gt;&lt;/td&gt;&lt;td width=&quot;49%&quot; align=&quot;center&quot; valign=&quot;middle&quot;&gt;&lt;table width=&quot;100%&quot; border=&quot;0&quot;&gt;&lt;colgroup span=&quot;2&quot;&gt;&lt;/colgroup&gt;&lt;tr&gt;&lt;td width=&quot;25%&quot; align=&quot;left&quot;&gt;&lt;b style=&quot;color: green&quot;&gt;Report&lt;/b&gt;&lt;/td&gt;&lt;td width=&quot;75%&quot; align=&quot;left&quot;&gt;&lt;p style=&quot;color: green&quot;&gt;Teamcenter Logic Component BOM&lt;/p&gt;&lt;/td&gt;&lt;/tr&gt;&lt;tr&gt;&lt;td width=&quot;25%&quot; align=&quot;left&quot;&gt;&lt;b style=&quot;color: green&quot;&gt;User&lt;/b&gt;&lt;/td&gt;&lt;td width=&quot;75%&quot; align=&quot;left&quot;&gt;&lt;i style=&quot;color: green&quot;&gt;system&lt;/i&gt;&lt;/td&gt;&lt;/tr&gt;&lt;/table&gt;&lt;/td&gt;&lt;td align=&quot;right&quot; valign=&quot;middle&quot; width=&quot;20%&quot;&gt;&lt;img id=&quot;puck&quot; border=&quot;0&quot; width=&quot;100&quot; height=&quot;80&quot; src=&quot;/reporter/images/puck_smaller.jpg&quot; /&gt;&lt;b&gt;&lt;/b&gt;&lt;/td&gt;&lt;/tr&gt;&lt;/table&gt;&lt;table border=&quot;0&quot; cellpadding=&quot;0&quot; cellspacing=&quot;0&quot; width=&quot;99%&quot; style=&quot;font-family:Lucida Sans;font-size:12&quot; id=&quot;tableid1&quot;&gt;&lt;colgroup span=&quot;10&quot;&gt;&lt;/colgroup&gt;&lt;tr style=&quot;background-color: #CCDDFF;&quot; class=&quot;header&quot;&gt;&lt;td style=&quot;vertical-align:top;text-align:left; padding: 0px; font-weight: bold; &quot; width=&quot;10%&quot;&gt;Routing ID&lt;/td&gt;&lt;td style=&quot;vertical-align:top;text-align:left; padding: 0px; font-weight: bold; &quot; width=&quot;10%&quot;&gt;ICD name and Revision&lt;/td&gt;&lt;td style=&quot;vertical-align:top;text-align:left; padding: 0px; font-weight: bold; &quot; width=&quot;10%&quot;&gt;PDM_ID&lt;/td&gt;&lt;td style=&quot;vertical-align:top;text-align:left; padding: 0px; font-weight: bold; &quot; width=&quot;10%&quot;&gt;PDM_REV&lt;/td&gt;&lt;td style=&quot;vertical-align:top;text-align:left; padding: 0px; font-weight: bold; &quot; width=&quot;10%&quot;&gt;PDM_TYPE&lt;/td&gt;&lt;td style=&quot;vertical-align:top;text-align:left; padding: 0px; font-weight: bold; &quot; width=&quot;10%&quot;&gt;PDM_NAME&lt;/td&gt;&lt;td style=&quot;vertical-align:top;text-align:left; padding: 0px; font-weight: bold; &quot; width=&quot;10%&quot;&gt;Description&lt;/td&gt;&lt;td style=&quot;vertical-align:top;text-align:left; padding: 0px; font-weight: bold; &quot; width=&quot;10%&quot;&gt;SystemCode&lt;/td&gt;&lt;td style=&quot;vertical-align:top;text-align:left; padding: 0px; font-weight: bold; &quot; width=&quot;10%&quot;&gt;Room&lt;/td&gt;&lt;td style=&quot;vertical-align:top;text-align:left; padding: 0px; font-weight: bold; &quot; width=&quot;10%&quot;&gt;DesignRemarks&lt;/td&gt;&lt;/tr&gt;&lt;tr style=&quot;white-space: pre-wrap;background-color: #E4E4E4;&quot;&gt;&lt;td&gt;ICD1&lt;/td&gt;&lt;td&gt;ICD1&lt;/td&gt;&lt;td&gt;&lt;/td&gt;&lt;td&gt;&lt;/td&gt;&lt;td&gt;&lt;/td&gt;&lt;td&gt;&lt;/td&gt;&lt;td&gt;&lt;/td&gt;&lt;td&gt;&lt;/td&gt;&lt;td&gt;&lt;/td&gt;&lt;td&gt;&lt;/td&gt;&lt;/tr&gt;&lt;tr style=&quot;white-space: pre-wrap;&quot;&gt;&lt;td&gt;ICD1&lt;/td&gt;&lt;td&gt;ICD1&lt;/td&gt;&lt;td&gt;&lt;/td&gt;&lt;td&gt;&lt;/td&gt;&lt;td&gt;&lt;/td&gt;&lt;td&gt;&lt;/td&gt;&lt;td&gt;&lt;/td&gt;&lt;td&gt;&lt;/td&gt;&lt;td&gt;&lt;/td&gt;&lt;td&gt;&lt;/td&gt;&lt;/tr&gt;&lt;tr style=&quot;white-space: pre-wrap;background-color: #E4E4E4;&quot;&gt;&lt;td&gt;ICD1&lt;/td&gt;&lt;td&gt;ICD1&lt;/td&gt;&lt;td&gt;&lt;/td&gt;&lt;td&gt;&lt;/td&gt;&lt;td&gt;&lt;/td&gt;&lt;td&gt;&lt;/td&gt;&lt;td&gt;&lt;/td&gt;&lt;td&gt;&lt;/td&gt;&lt;td&gt;&lt;/td&gt;&lt;td&gt;&lt;/td&gt;&lt;/tr&gt;&lt;tr style=&quot;white-space: pre-wrap;&quot;&gt;&lt;td&gt;ICD1&lt;/td&gt;&lt;td&gt;ICD1&lt;/td&gt;&lt;td&gt;&lt;/td&gt;&lt;td&gt;&lt;/td&gt;&lt;td&gt;&lt;/td&gt;&lt;td&gt;&lt;/td&gt;&lt;td&gt;&lt;/td&gt;&lt;td&gt;&lt;/td&gt;&lt;td&gt;&lt;/td&gt;&lt;td&gt;&lt;/td&gt;&lt;/tr&gt;&lt;tr style=&quot;white-space: pre-wrap;background-color: #E4E4E4;&quot;&gt;&lt;td&gt;ICD2&lt;/td&gt;&lt;td&gt;ICD2&lt;/td&gt;&lt;td&gt;&lt;/td&gt;&lt;td&gt;1&lt;/td&gt;&lt;td&gt;Dev&lt;/td&gt;&lt;td&gt;DEV1&lt;/td&gt;&lt;td&gt;&lt;/td&gt;&lt;td&gt;&lt;/td&gt;&lt;td&gt;LOC1&lt;/td&gt;&lt;td&gt;&lt;/td&gt;&lt;/tr&gt;&lt;tr style=&quot;white-space: pre-wrap;&quot;&gt;&lt;td&gt;ICD3&lt;/td&gt;&lt;td&gt;ICD3&lt;/td&gt;&lt;td&gt;&lt;/td&gt;&lt;td&gt;2&lt;/td&gt;&lt;td&gt;&lt;/td&gt;&lt;td&gt;DEV103&lt;/td&gt;&lt;td&gt;&lt;/td&gt;&lt;td&gt;&lt;/td&gt;&lt;td&gt;&lt;/td&gt;&lt;td&gt;&lt;/td&gt;&lt;/tr&gt;&lt;tr style=&quot;white-space: pre-wrap;background-color: #E4E4E4;&quot;&gt;&lt;td&gt;ICD3&lt;/td&gt;&lt;td&gt;ICD3&lt;/td&gt;&lt;td&gt;&lt;/td&gt;&lt;td&gt;2&lt;/td&gt;&lt;td&gt;&lt;/td&gt;&lt;td&gt;DEV103&lt;/td&gt;&lt;td&gt;&lt;/td&gt;&lt;td&gt;&lt;/td&gt;&lt;td&gt;&lt;/td&gt;&lt;td&gt;&lt;/td&gt;&lt;/tr&gt;&lt;tr style=&quot;white-space: pre-wrap;&quot;&gt;&lt;td&gt;ICD3&lt;/td&gt;&lt;td&gt;ICD3&lt;/td&gt;&lt;td&gt;&lt;/td&gt;&lt;td&gt;2&lt;/td&gt;&lt;td&gt;&lt;/td&gt;&lt;td&gt;DEV103&lt;/td&gt;&lt;td&gt;&lt;/td&gt;&lt;td&gt;&lt;/td&gt;&lt;td&gt;&lt;/td&gt;&lt;td&gt;&lt;/td&gt;&lt;/tr&gt;&lt;tr style=&quot;white-space: pre-wrap;background-color: #E4E4E4;&quot;&gt;&lt;td&gt;ICD3&lt;/td&gt;&lt;td&gt;ICD3&lt;/td&gt;&lt;td&gt;&lt;/td&gt;&lt;td&gt;2&lt;/td&gt;&lt;td&gt;&lt;/td&gt;&lt;td&gt;DEV103&lt;/td&gt;&lt;td&gt;&lt;/td&gt;&lt;td&gt;&lt;/td&gt;&lt;td&gt;&lt;/td&gt;&lt;td&gt;&lt;/td&gt;&lt;/tr&gt;&lt;tr style=&quot;white-space: pre-wrap;&quot;&gt;&lt;td&gt;ICD4&lt;/td&gt;&lt;td&gt;ICD4&lt;/td&gt;&lt;td&gt;&lt;/td&gt;&lt;td&gt;1&lt;/td&gt;&lt;td&gt;Dev&lt;/td&gt;&lt;td&gt;DEV1&lt;/td&gt;&lt;td&gt;&lt;/td&gt;&lt;td&gt;&lt;/td&gt;&lt;td&gt;LOC1&lt;/td&gt;&lt;td&gt;&lt;/td&gt;&lt;/tr&gt;&lt;tr style=&quot;white-space: pre-wrap;background-color: #E4E4E4;&quot;&gt;&lt;td&gt;ICD5&lt;/td&gt;&lt;td&gt;ICD5&lt;/td&gt;&lt;td&gt;&lt;/td&gt;&lt;td&gt;2&lt;/td&gt;&lt;td&gt;DEV&lt;/td&gt;&lt;td&gt;DEV2&lt;/td&gt;&lt;td&gt;&lt;/td&gt;&lt;td&gt;&lt;/td&gt;&lt;td&gt;LOC 2&lt;/td&gt;&lt;td&gt;&lt;/td&gt;&lt;/tr&gt;&lt;tr style=&quot;white-space: pre-wrap;&quot;&gt;&lt;td&gt;ICD5&lt;/td&gt;&lt;td&gt;ICD5&lt;/td&gt;&lt;td&gt;&lt;/td&gt;&lt;td&gt;2&lt;/td&gt;&lt;td&gt;DEV&lt;/td&gt;&lt;td&gt;DEV2&lt;/td&gt;&lt;td&gt;&lt;/td&gt;&lt;td&gt;&lt;/td&gt;&lt;td&gt;LOC 2&lt;/td&gt;&lt;td&gt;&lt;/td&gt;&lt;/tr&gt;&lt;tr style=&quot;white-space: pre-wrap;background-color: #E4E4E4;&quot;&gt;&lt;td&gt;ICD6&lt;/td&gt;&lt;td&gt;ICD6&lt;/td&gt;&lt;td&gt;&lt;/td&gt;&lt;td&gt;1&lt;/td&gt;&lt;td&gt;Dev&lt;/td...
	at chs.common.reporting.ReportTestCase.createAndCompareReports(ReportTestCase.java:102)
	at chs.common.reporting.TeamcenterLogicComponentBOMTest.testReportContent(TeamcenterLogicComponentBOMTest.java:105)
	at chs.common.reporting.TeamcenterLogicComponentBOMTest.testReportWithConfigFile(TeamcenterLogicComponentBOMTest.java:126)
	at chs.common.reporting.TeamcenterLogicComponentBOMTest.testLogicComponentBOMReport(TeamcenterLogicComponentBOMTest.java:110)
</failure>
  </testcase>
  <system-out><![CDATA[Using G:\iesdwa\qualitygates\wa\2021.1_ADP1_DEV_installer_porting\code\iesd\datamodel_src\tests\testdata\chs\common\reporting\TeamcenterLogicComponentBOMTest\
Using G:\iesdwa\qualitygates\wa\2021.1_ADP1_DEV_installer_porting\code\iesd\datamodel_src\tests\testdata\chs\common\reporting\TeamcenterLogicComponentBOMTest\
 Using plugins from C:\repos\iesd\chs_home\plugins
Using G:\iesdwa\qualitygates\wa\2021.1_ADP1_DEV_installer_porting\code\iesd\datamodel_src\tests\testdata\chs\common\reporting\TeamcenterLogicComponentBOMTest\
Custom plugins loaded: 81
Using G:\iesdwa\qualitygates\wa\2021.1_ADP1_DEV_installer_porting\code\iesd\datamodel_src\tests\testdata\chs\common\reporting\TeamcenterLogicComponentBOMTest\
Using G:\iesdwa\qualitygates\wa\2021.1_ADP1_DEV_installer_porting\code\iesd\datamodel_src\tests\testdata\chs\common\reporting\TeamcenterLogicComponentBOMTest\
Custom plugins loaded: 81
Using G:\iesdwa\qualitygates\wa\2021.1_ADP1_DEV_installer_porting\code\iesd\datamodel_src\tests\testdata\chs\common\reporting\TeamcenterLogicComponentBOMTest\
Using G:\iesdwa\qualitygates\wa\2021.1_ADP1_DEV_installer_porting\code\iesd\datamodel_src\tests\testdata\chs\common\reporting\TeamcenterLogicComponentBOMTest\
Using G:\iesdwa\qualitygates\wa\2021.1_ADP1_DEV_installer_porting\code\iesd\datamodel_src\tests\testdata\chs\common\reporting\TeamcenterLogicComponentBOMTest\
Custom plugins loaded: 81
Using G:\iesdwa\qualitygates\wa\2021.1_ADP1_DEV_installer_porting\code\iesd\datamodel_src\tests\testdata\chs\common\reporting\TeamcenterLogicComponentBOMTest\
Using G:\iesdwa\qualitygates\wa\2021.1_ADP1_DEV_installer_porting\code\iesd\datamodel_src\tests\testdata\chs\common\reporting\TeamcenterLogicComponentBOMTest\
Using G:\iesdwa\qualitygates\wa\2021.1_ADP1_DEV_installer_porting\code\iesd\datamodel_src\tests\testdata\chs\common\reporting\TeamcenterLogicComponentBOMTest\
Custom plugins loaded: 81
Using G:\iesdwa\qualitygates\wa\2021.1_ADP1_DEV_installer_porting\code\iesd\datamodel_src\tests\testdata\chs\common\reporting\TeamcenterLogicComponentBOMTest\
Using G:\iesdwa\qualitygates\wa\2021.1_ADP1_DEV_installer_porting\code\iesd\datamodel_src\tests\testdata\chs\common\reporting\TeamcenterLogicComponentBOMTest\
Using G:\iesdwa\qualitygates\wa\2021.1_ADP1_DEV_installer_porting\code\iesd\datamodel_src\tests\testdata\chs\common\reporting\TeamcenterLogicComponentBOMTest\
Custom plugins loaded: 81
Using G:\iesdwa\qualitygates\wa\2021.1_ADP1_DEV_installer_porting\code\iesd\datamodel_src\tests\testdata\chs\common\reporting\TeamcenterLogicComponentBOMTest\
Using G:\iesdwa\qualitygates\wa\2021.1_ADP1_DEV_installer_porting\code\iesd\datamodel_src\tests\testdata\chs\common\reporting\TeamcenterLogicComponentBOMTest\
Using G:\iesdwa\qualitygates\wa\2021.1_ADP1_DEV_installer_porting\code\iesd\datamodel_src\tests\testdata\chs\common\reporting\TeamcenterLogicComponentBOMTest\
Custom plugins loaded: 81
Using G:\iesdwa\qualitygates\wa\2021.1_ADP1_DEV_installer_porting\code\iesd\datamodel_src\tests\testdata\chs\common\reporting\TeamcenterLogicComponentBOMTest\
Using G:\iesdwa\qualitygates\wa\2021.1_ADP1_DEV_installer_porting\code\iesd\datamodel_src\tests\testdata\chs\common\reporting\TeamcenterLogicComponentBOMTest\
Using G:\iesdwa\qualitygates\wa\2021.1_ADP1_DEV_installer_porting\code\iesd\datamodel_src\tests\testdata\chs\common\reporting\TeamcenterLogicComponentBOMTest\
Custom plugins loaded: 81
Using G:\iesdwa\qualitygates\wa\2021.1_ADP1_DEV_installer_porting\code\iesd\datamodel_src\tests\testdata\chs\common\reporting\TeamcenterLogicComponentBOMTest\
Using G:\iesdwa\qualitygates\wa\2021.1_ADP1_DEV_installer_porting\code\iesd\datamodel_src\tests\testdata\chs\common\reporting\TeamcenterLogicComponentBOMTest\
Using G:\iesdwa\qualitygates\wa\2021.1_ADP1_DEV_installer_porting\code\iesd\datamodel_src\tests\testdata\chs\common\reporting\TeamcenterLogicComponentBOMTest\
Custom plugins loaded: 81
Using G:\iesdwa\qualitygates\wa\2021.1_ADP1_DEV_installer_porting\code\iesd\datamodel_src\tests\testdata\chs\common\reporting\TeamcenterLogicComponentBOMTest\
Using G:\iesdwa\qualitygates\wa\2021.1_ADP1_DEV_installer_porting\code\iesd\datamodel_src\tests\testdata\chs\common\reporting\TeamcenterLogicComponentBOMTest\
Using G:\iesdwa\qualitygates\wa\2021.1_ADP1_DEV_installer_porting\code\iesd\datamodel_src\tests\testdata\chs\common\reporting\TeamcenterLogicComponentBOMTest\
Custom plugins loaded: 81
Using G:\iesdwa\qualitygates\wa\2021.1_ADP1_DEV_installer_porting\code\iesd\datamodel_src\tests\testdata\chs\common\reporting\TeamcenterLogicComponentBOMTest\
Using G:\iesdwa\qualitygates\wa\2021.1_ADP1_DEV_installer_porting\code\iesd\datamodel_src\tests\testdata\chs\common\reporting\TeamcenterLogicComponentBOMTest\
Using G:\iesdwa\qualitygates\wa\2021.1_ADP1_DEV_installer_porting\code\iesd\datamodel_src\tests\testdata\chs\common\reporting\TeamcenterLogicComponentBOMTest\
Custom plugins loaded: 81
Using G:\iesdwa\qualitygates\wa\2021.1_ADP1_DEV_installer_porting\code\iesd\datamodel_src\tests\testdata\chs\common\reporting\TeamcenterLogicComponentBOMTest\
Using G:\iesdwa\qualitygates\wa\2021.1_ADP1_DEV_installer_porting\code\iesd\datamodel_src\tests\testdata\chs\common\reporting\TeamcenterLogicComponentBOMTest\
Using G:\iesdwa\qualitygates\wa\2021.1_ADP1_DEV_installer_porting\code\iesd\datamodel_src\tests\testdata\chs\common\reporting\TeamcenterLogicComponentBOMTest\
Custom plugins loaded: 81
Using G:\iesdwa\qualitygates\wa\2021.1_ADP1_DEV_installer_porting\code\iesd\datamodel_src\tests\testdata\chs\common\reporting\TeamcenterLogicComponentBOMTest\
Using G:\iesdwa\qualitygates\wa\2021.1_ADP1_DEV_installer_porting\code\iesd\datamodel_src\tests\testdata\chs\common\reporting\TeamcenterLogicComponentBOMTest\
Using G:\iesdwa\qualitygates\wa\2021.1_ADP1_DEV_installer_porting\code\iesd\datamodel_src\tests\testdata\chs\common\reporting\TeamcenterLogicComponentBOMTest\
Custom plugins loaded: 81
Using G:\iesdwa\qualitygates\wa\2021.1_ADP1_DEV_installer_porting\code\iesd\datamodel_src\tests\testdata\chs\common\reporting\TeamcenterLogicComponentBOMTest\
Using G:\iesdwa\qualitygates\wa\2021.1_ADP1_DEV_installer_porting\code\iesd\datamodel_src\tests\testdata\chs\common\reporting\TeamcenterLogicComponentBOMTest\
Using G:\iesdwa\qualitygates\wa\2021.1_ADP1_DEV_installer_porting\code\iesd\datamodel_src\tests\testdata\chs\common\reporting\TeamcenterLogicComponentBOMTest\
Custom plugins loaded: 81
Using G:\iesdwa\qualitygates\wa\2021.1_ADP1_DEV_installer_porting\code\iesd\datamodel_src\tests\testdata\chs\common\reporting\TeamcenterLogicComponentBOMTest\
Using G:\iesdwa\qualitygates\wa\2021.1_ADP1_DEV_installer_porting\code\iesd\datamodel_src\tests\testdata\chs\common\reporting\TeamcenterLogicComponentBOMTest\
Using G:\iesdwa\qualitygates\wa\2021.1_ADP1_DEV_installer_porting\code\iesd\datamodel_src\tests\testdata\chs\common\reporting\TeamcenterLogicComponentBOMTest\
Custom plugins loaded: 81
Using G:\iesdwa\qualitygates\wa\2021.1_ADP1_DEV_installer_porting\code\iesd\datamodel_src\tests\testdata\chs\common\reporting\TeamcenterLogicComponentBOMTest\
Using G:\iesdwa\qualitygates\wa\2021.1_ADP1_DEV_installer_porting\code\iesd\datamodel_src\tests\testdata\chs\common\reporting\TeamcenterLogicComponentBOMTest\
Using G:\iesdwa\qualitygates\wa\2021.1_ADP1_DEV_installer_porting\code\iesd\datamodel_src\tests\testdata\chs\common\reporting\TeamcenterLogicComponentBOMTest\
Custom plugins loaded: 81
Using G:\iesdwa\qualitygates\wa\2021.1_ADP1_DEV_installer_porting\code\iesd\datamodel_src\tests\testdata\chs\common\reporting\TeamcenterLogicComponentBOMTest\
Using G:\iesdwa\qualitygates\wa\2021.1_ADP1_DEV_installer_porting\code\iesd\datamodel_src\tests\testdata\chs\common\reporting\TeamcenterLogicComponentBOMTest\
Using G:\iesdwa\qualitygates\wa\2021.1_ADP1_DEV_installer_porting\code\iesd\datamodel_src\tests\testdata\chs\common\reporting\TeamcenterLogicComponentBOMTest\
Custom plugins loaded: 81
Using G:\iesdwa\qualitygates\wa\2021.1_ADP1_DEV_installer_porting\code\iesd\datamodel_src\tests\testdata\chs\common\reporting\TeamcenterLogicComponentBOMTest\
Using G:\iesdwa\qualitygates\wa\2021.1_ADP1_DEV_installer_porting\code\iesd\datamodel_src\tests\testdata\chs\common\reporting\TeamcenterLogicComponentBOMTest\
Using G:\iesdwa\qualitygates\wa\2021.1_ADP1_DEV_installer_porting\code\iesd\datamodel_src\tests\testdata\chs\common\reporting\TeamcenterLogicComponentBOMTest\
Custom plugins loaded: 81
Using G:\iesdwa\qualitygates\wa\2021.1_ADP1_DEV_installer_porting\code\iesd\datamodel_src\tests\testdata\chs\common\reporting\TeamcenterLogicComponentBOMTest\
Using G:\iesdwa\qualitygates\wa\2021.1_ADP1_DEV_installer_porting\code\iesd\datamodel_src\tests\testdata\chs\common\reporting\TeamcenterLogicComponentBOMTest\
Using G:\iesdwa\qualitygates\wa\2021.1_ADP1_DEV_installer_porting\code\iesd\datamodel_src\tests\testdata\chs\common\reporting\TeamcenterLogicComponentBOMTest\
Custom plugins loaded: 81
Using G:\iesdwa\qualitygates\wa\2021.1_ADP1_DEV_installer_porting\code\iesd\datamodel_src\tests\testdata\chs\common\reporting\TeamcenterLogicComponentBOMTest\
Using G:\iesdwa\qualitygates\wa\2021.1_ADP1_DEV_installer_porting\code\iesd\datamodel_src\tests\testdata\chs\common\reporting\TeamcenterLogicComponentBOMTest\
Using G:\iesdwa\qualitygates\wa\2021.1_ADP1_DEV_installer_porting\code\iesd\datamodel_src\tests\testdata\chs\common\reporting\TeamcenterLogicComponentBOMTest\
Custom plugins loaded: 81
Using G:\iesdwa\qualitygates\wa\2021.1_ADP1_DEV_installer_porting\code\iesd\datamodel_src\tests\testdata\chs\common\reporting\TeamcenterLogicComponentBOMTest\
Using G:\iesdwa\qualitygates\wa\2021.1_ADP1_DEV_installer_porting\code\iesd\datamodel_src\tests\testdata\chs\common\reporting\TeamcenterLogicComponentBOMTest\
Using G:\iesdwa\qualitygates\wa\2021.1_ADP1_DEV_installer_porting\code\iesd\datamodel_src\tests\testdata\chs\common\reporting\TeamcenterLogicComponentBOMTest\
Custom plugins loaded: 81
Using G:\iesdwa\qualitygates\wa\2021.1_ADP1_DEV_installer_porting\code\iesd\datamodel_src\tests\testdata\chs\common\reporting\TeamcenterLogicComponentBOMTest\
Using G:\iesdwa\qualitygates\wa\2021.1_ADP1_DEV_installer_porting\code\iesd\datamodel_src\tests\testdata\chs\common\reporting\TeamcenterLogicComponentBOMTest\
Using G:\iesdwa\qualitygates\wa\2021.1_ADP1_DEV_installer_porting\code\iesd\datamodel_src\tests\testdata\chs\common\reporting\TeamcenterLogicComponentBOMTest\
Custom plugins loaded: 81
Using G:\iesdwa\qualitygates\wa\2021.1_ADP1_DEV_installer_porting\code\iesd\datamodel_src\tests\testdata\chs\common\reporting\TeamcenterLogicComponentBOMTest\
Using G:\iesdwa\qualitygates\wa\2021.1_ADP1_DEV_installer_porting\code\iesd\datamodel_src\tests\testdata\chs\common\reporting\TeamcenterLogicComponentBOMTest\
Using G:\iesdwa\qualitygates\wa\2021.1_ADP1_DEV_installer_porting\code\iesd\datamodel_src\tests\testdata\chs\common\reporting\TeamcenterLogicComponentBOMTest\
Custom plugins loaded: 81
Using G:\iesdwa\qualitygates\wa\2021.1_ADP1_DEV_installer_porting\code\iesd\datamodel_src\tests\testdata\chs\common\reporting\TeamcenterLogicComponentBOMTest\
Using G:\iesdwa\qualitygates\wa\2021.1_ADP1_DEV_installer_porting\code\iesd\datamodel_src\tests\testdata\chs\common\reporting\TeamcenterLogicComponentBOMTest\
Using G:\iesdwa\qualitygates\wa\2021.1_ADP1_DEV_installer_porting\code\iesd\datamodel_src\tests\testdata\chs\common\reporting\TeamcenterLogicComponentBOMTest\
Custom plugins loaded: 81
Using G:\iesdwa\qualitygates\wa\2021.1_ADP1_DEV_installer_porting\code\iesd\datamodel_src\tests\testdata\chs\common\reporting\TeamcenterLogicComponentBOMTest\
Using G:\iesdwa\qualitygates\wa\2021.1_ADP1_DEV_installer_porting\code\iesd\datamodel_src\tests\testdata\chs\common\reporting\TeamcenterLogicComponentBOMTest\
Using G:\iesdwa\qualitygates\wa\2021.1_ADP1_DEV_installer_porting\code\iesd\datamodel_src\tests\testdata\chs\common\reporting\TeamcenterLogicComponentBOMTest\
Custom plugins loaded: 81
Using G:\iesdwa\qualitygates\wa\2021.1_ADP1_DEV_installer_porting\code\iesd\datamodel_src\tests\testdata\chs\common\reporting\TeamcenterLogicComponentBOMTest\
Using G:\iesdwa\qualitygates\wa\2021.1_ADP1_DEV_installer_porting\code\iesd\datamodel_src\tests\testdata\chs\common\reporting\TeamcenterLogicComponentBOMTest\
Using G:\iesdwa\qualitygates\wa\2021.1_ADP1_DEV_installer_porting\code\iesd\datamodel_src\tests\testdata\chs\common\reporting\TeamcenterLogicComponentBOMTest\
Custom plugins loaded: 81
Using G:\iesdwa\qualitygates\wa\2021.1_ADP1_DEV_installer_porting\code\iesd\datamodel_src\tests\testdata\chs\common\reporting\TeamcenterLogicComponentBOMTest\
Using G:\iesdwa\qualitygates\wa\2021.1_ADP1_DEV_installer_porting\code\iesd\datamodel_src\tests\testdata\chs\common\reporting\TeamcenterLogicComponentBOMTest\
Using G:\iesdwa\qualitygates\wa\2021.1_ADP1_DEV_installer_porting\code\iesd\datamodel_src\tests\testdata\chs\common\reporting\TeamcenterLogicComponentBOMTest\
Custom plugins loaded: 81
Using G:\iesdwa\qualitygates\wa\2021.1_ADP1_DEV_installer_porting\code\iesd\datamodel_src\tests\testdata\chs\common\reporting\TeamcenterLogicComponentBOMTest\
Using G:\iesdwa\qualitygates\wa\2021.1_ADP1_DEV_installer_porting\code\iesd\datamodel_src\tests\testdata\chs\common\reporting\TeamcenterLogicComponentBOMTest\
Using G:\iesdwa\qualitygates\wa\2021.1_ADP1_DEV_installer_porting\code\iesd\datamodel_src\tests\testdata\chs\common\reporting\TeamcenterLogicComponentBOMTest\
Custom plugins loaded: 81
Using G:\iesdwa\qualitygates\wa\2021.1_ADP1_DEV_installer_porting\code\iesd\datamodel_src\tests\testdata\chs\common\reporting\TeamcenterLogicComponentBOMTest\
Using G:\iesdwa\qualitygates\wa\2021.1_ADP1_DEV_installer_porting\code\iesd\datamodel_src\tests\testdata\chs\common\reporting\TeamcenterLogicComponentBOMTest\
Using G:\iesdwa\qualitygates\wa\2021.1_ADP1_DEV_installer_porting\code\iesd\datamodel_src\tests\testdata\chs\common\reporting\TeamcenterLogicComponentBOMTest\
Custom plugins loaded: 81
Using G:\iesdwa\qualitygates\wa\2021.1_ADP1_DEV_installer_porting\code\iesd\datamodel_src\tests\testdata\chs\common\reporting\TeamcenterLogicComponentBOMTest\
Using G:\iesdwa\qualitygates\wa\2021.1_ADP1_DEV_installer_porting\code\iesd\datamodel_src\tests\testdata\chs\common\reporting\TeamcenterLogicComponentBOMTest\
Using G:\iesdwa\qualitygates\wa\2021.1_ADP1_DEV_installer_porting\code\iesd\datamodel_src\tests\testdata\chs\common\reporting\TeamcenterLogicComponentBOMTest\
Custom plugins loaded: 81
Using G:\iesdwa\qualitygates\wa\2021.1_ADP1_DEV_installer_porting\code\iesd\datamodel_src\tests\testdata\chs\common\reporting\TeamcenterLogicComponentBOMTest\
Using G:\iesdwa\qualitygates\wa\2021.1_ADP1_DEV_installer_porting\code\iesd\datamodel_src\tests\testdata\chs\common\reporting\TeamcenterLogicComponentBOMTest\
Using G:\iesdwa\qualitygates\wa\2021.1_ADP1_DEV_installer_porting\code\iesd\datamodel_src\tests\testdata\chs\common\reporting\TeamcenterLogicComponentBOMTest\
Custom plugins loaded: 81
Using G:\iesdwa\qualitygates\wa\2021.1_ADP1_DEV_installer_porting\code\iesd\datamodel_src\tests\testdata\chs\common\reporting\TeamcenterLogicComponentBOMTest\
Using G:\iesdwa\qualitygates\wa\2021.1_ADP1_DEV_installer_porting\code\iesd\datamodel_src\tests\testdata\chs\common\reporting\TeamcenterLogicComponentBOMTest\
Using G:\iesdwa\qualitygates\wa\2021.1_ADP1_DEV_installer_porting\code\iesd\datamodel_src\tests\testdata\chs\common\reporting\TeamcenterLogicComponentBOMTest\
Custom plugins loaded: 81
Using G:\iesdwa\qualitygates\wa\2021.1_ADP1_DEV_installer_porting\code\iesd\datamodel_src\tests\testdata\chs\common\reporting\TeamcenterLogicComponentBOMTest\
Using G:\iesdwa\qualitygates\wa\2021.1_ADP1_DEV_installer_porting\code\iesd\datamodel_src\tests\testdata\chs\common\reporting\TeamcenterLogicComponentBOMTest\
Using G:\iesdwa\qualitygates\wa\2021.1_ADP1_DEV_installer_porting\code\iesd\datamodel_src\tests\testdata\chs\common\reporting\TeamcenterLogicComponentBOMTest\
Custom plugins loaded: 81
Using G:\iesdwa\qualitygates\wa\2021.1_ADP1_DEV_installer_porting\code\iesd\datamodel_src\tests\testdata\chs\common\reporting\TeamcenterLogicComponentBOMTest\
Using G:\iesdwa\qualitygates\wa\2021.1_ADP1_DEV_installer_porting\code\iesd\datamodel_src\tests\testdata\chs\common\reporting\TeamcenterLogicComponentBOMTest\
Using G:\iesdwa\qualitygates\wa\2021.1_ADP1_DEV_installer_porting\code\iesd\datamodel_src\tests\testdata\chs\common\reporting\TeamcenterLogicComponentBOMTest\
Custom plugins loaded: 81
Using G:\iesdwa\qualitygates\wa\2021.1_ADP1_DEV_installer_porting\code\iesd\datamodel_src\tests\testdata\chs\common\reporting\TeamcenterLogicComponentBOMTest\
Using G:\iesdwa\qualitygates\wa\2021.1_ADP1_DEV_installer_porting\code\iesd\datamodel_src\tests\testdata\chs\common\reporting\TeamcenterLogicComponentBOMTest\
Using G:\iesdwa\qualitygates\wa\2021.1_ADP1_DEV_installer_porting\code\iesd\datamodel_src\tests\testdata\chs\common\reporting\TeamcenterLogicComponentBOMTest\
Custom plugins loaded: 81
Using G:\iesdwa\qualitygates\wa\2021.1_ADP1_DEV_installer_porting\code\iesd\datamodel_src\tests\testdata\chs\common\reporting\TeamcenterLogicComponentBOMTest\
Using G:\iesdwa\qualitygates\wa\2021.1_ADP1_DEV_installer_porting\code\iesd\datamodel_src\tests\testdata\chs\common\reporting\TeamcenterLogicComponentBOMTest\
Using G:\iesdwa\qualitygates\wa\2021.1_ADP1_DEV_installer_porting\code\iesd\datamodel_src\tests\testdata\chs\common\reporting\TeamcenterLogicComponentBOMTest\
Custom plugins loaded: 81
Using G:\iesdwa\qualitygates\wa\2021.1_ADP1_DEV_installer_porting\code\iesd\datamodel_src\tests\testdata\chs\common\reporting\TeamcenterLogicComponentBOMTest\
Using G:\iesdwa\qualitygates\wa\2021.1_ADP1_DEV_installer_porting\code\iesd\datamodel_src\tests\testdata\chs\common\reporting\TeamcenterLogicComponentBOMTest\
Using G:\iesdwa\qualitygates\wa\2021.1_ADP1_DEV_installer_porting\code\iesd\datamodel_src\tests\testdata\chs\common\reporting\TeamcenterLogicComponentBOMTest\
Custom plugins loaded: 81
Using G:\iesdwa\qualitygates\wa\2021.1_ADP1_DEV_installer_porting\code\iesd\datamodel_src\tests\testdata\chs\common\reporting\TeamcenterLogicComponentBOMTest\
Using G:\iesdwa\qualitygates\wa\2021.1_ADP1_DEV_installer_porting\code\iesd\datamodel_src\tests\testdata\chs\common\reporting\TeamcenterLogicComponentBOMTest\
Using G:\iesdwa\qualitygates\wa\2021.1_ADP1_DEV_installer_porting\code\iesd\datamodel_src\tests\testdata\chs\common\reporting\TeamcenterLogicComponentBOMTest\
Custom plugins loaded: 81
Using G:\iesdwa\qualitygates\wa\2021.1_ADP1_DEV_installer_porting\code\iesd\datamodel_src\tests\testdata\chs\common\reporting\TeamcenterLogicComponentBOMTest\
Shared plug "P29:1" attribute "Datum" value is updated to "Default".
Shared ringterminal "P25:1" attribute "Datum" value is updated to "Default".
Shared plug "P16:1" attribute "Datum" value is updated to "Default".
Shared plug "P55:1" attribute "Datum" value is updated to "Default".
Shared inline plug "P60:1" attribute "Datum" value is updated to "Default".
Shared inline jack "J113:1" attribute "Datum" value is updated to "Default".
Shared plug "P11:1" attribute "Datum" value is updated to "Default".
Shared plug "P28:1" attribute "Datum" value is updated to "Default".
Shared plug "P222:1" attribute "Datum" value is updated to "Default".
Shared Object "J1:null" attribute "Datum" value is updated to "Default".
Shared plug "P10:1" attribute "Datum" value is updated to "Default".
Shared jack "J102:1" attribute "Datum" value is updated to "Default".
Shared Object "J1:null" attribute "Datum" value is updated to "Default".
Shared jack "J110:1" attribute "Datum" value is updated to "Default".
Shared plug "P7:1" attribute "Datum" value is updated to "Default".
Shared jack "J124:1" attribute "Datum" value is updated to "Default".
Shared ringterminal "P4:1" attribute "Datum" value is updated to "Default".
Shared plug "P8:1" attribute "Datum" value is updated to "Default".
Shared plug "P59:1" attribute "Datum" value is updated to "Default".
Shared inline jack "J100:1" attribute "Datum" value is updated to "Default".
Shared jack "J103:1" attribute "Datum" value is updated to "Default".
Shared Object "J1:null" attribute "Datum" value is updated to "Default".
Shared plug "P2:1" attribute "Datum" value is updated to "Default".
Shared inline plug "P26:1" attribute "Datum" value is updated to "Default".
Shared jack "J108:1" attribute "Datum" value is updated to "Default".
Shared inline plug "P52:1" attribute "Datum" value is updated to "Default".
Shared ringterminal "P3:1" attribute "Datum" value is updated to "Default".
Shared Object "J1:null" attribute "Datum" value is updated to "Default".
Shared plug "P1:1" attribute "Datum" value is updated to "Default".
Shared jack "J111:1" attribute "Datum" value is updated to "Default".
Shared inline jack "J122:1" attribute "Datum" value is updated to "Default".
Shared jack "J126:1" attribute "Datum" value is updated to "Default".
Shared jack "J107:1" attribute "Datum" value is updated to "Default".
Shared inline plug "P32:1" attribute "Datum" value is updated to "Default".
Shared inline plug "P27:1" attribute "Datum" value is updated to "Default".
Shared plug "P22:1" attribute "Datum" value is updated to "Default".
Shared plug "P221:1" attribute "Datum" value is updated to "Default".
Shared inline plug "P33:1" attribute "Datum" value is updated to "Default".
Shared Object "C3:null" attribute "Datum" value is updated to "Default".
Shared Object "c1:null" attribute "Datum" value is updated to "Default".
Shared Object "C2:null" attribute "Datum" value is updated to "Default".
Shared jack "J49:1" attribute "Datum" value is updated to "Default".
Shared jack "JackStackPins:1" attribute "Datum" value is updated to "Default".
Shared jack "J106:1" attribute "Datum" value is updated to "Default".
Shared jack "J104:1" attribute "Datum" value is updated to "Default".
Shared inline plug "P31:1" attribute "Datum" value is updated to "Default".
Shared plug "P56:1" attribute "Datum" value is updated to "Default".
Shared plug "P5:1" attribute "Datum" value is updated to "Default".
Shared ringterminal "P50:1" attribute "Datum" value is updated to "Default".
Shared plug "P57:1" attribute "Datum" value is updated to "Default".
Shared plug "P9:1" attribute "Datum" value is updated to "Default".
Shared ringterminal "P49:1" attribute "Datum" value is updated to "Default".
Shared plug "P54:1" attribute "Datum" value is updated to "Default".
Shared plug "P14:1" attribute "Datum" value is updated to "Default".
Shared inline jack "J101:1" attribute "Datum" value is updated to "Default".
Shared inline plug "P53:1" attribute "Datum" value is updated to "Default".
Shared plug "P158:1" attribute "Datum" value is updated to "Default".
Shared inline jack "J112:1" attribute "Datum" value is updated to "Default".
Shared plug "ConnStackPins:1" attribute "Datum" value is updated to "Default".
Shared plug "PartConnBSK:1" attribute "Datum" value is updated to "Default".
Shared jack "J123:1" attribute "Datum" value is updated to "Default".
Shared jack "J109:1" attribute "Datum" value is updated to "Default".
Shared jack "J125:1" attribute "Datum" value is updated to "Default".
Shared plug "ConnMulBSK:1" attribute "Datum" value is updated to "Default".
Shared plug "P17:1" attribute "Datum" value is updated to "Default".
Shared plug "P30:1" attribute "Datum" value is updated to "Default".
Shared inline jack "J121:1" attribute "Datum" value is updated to "Default".
Shared plug "P6:1" attribute "Datum" value is updated to "Default".
Shared inline jack "J114:1" attribute "Datum" value is updated to "Default".
Shared inline jack "J128:1" attribute "Datum" value is updated to "Default".
Using G:\iesdwa\qualitygates\wa\2021.1_ADP1_DEV_installer_porting\code\iesd\datamodel_src\tests\testdata\chs\common\reporting\TeamcenterLogicComponentBOMTest\
Using G:\iesdwa\qualitygates\wa\2021.1_ADP1_DEV_installer_porting\code\iesd\datamodel_src\tests\testdata\chs\common\reporting\TeamcenterLogicComponentBOMTest\
Custom plugins loaded: 81
Using G:\iesdwa\qualitygates\wa\2021.1_ADP1_DEV_installer_porting\code\iesd\datamodel_src\tests\testdata\chs\common\reporting\TeamcenterLogicComponentBOMTest\
Shared plug "P29:1" attribute "Datum" value is updated to "Default".
Shared ringterminal "P25:1" attribute "Datum" value is updated to "Default".
Shared plug "P16:1" attribute "Datum" value is updated to "Default".
Shared plug "P55:1" attribute "Datum" value is updated to "Default".
Shared inline plug "P60:1" attribute "Datum" value is updated to "Default".
Shared inline jack "J113:1" attribute "Datum" value is updated to "Default".
Shared plug "P11:1" attribute "Datum" value is updated to "Default".
Shared plug "P28:1" attribute "Datum" value is updated to "Default".
Shared plug "P222:1" attribute "Datum" value is updated to "Default".
Shared Object "J1:null" attribute "Datum" value is updated to "Default".
Shared plug "P10:1" attribute "Datum" value is updated to "Default".
Shared jack "J102:1" attribute "Datum" value is updated to "Default".
Shared Object "J1:null" attribute "Datum" value is updated to "Default".
Shared jack "J110:1" attribute "Datum" value is updated to "Default".
Shared plug "P7:1" attribute "Datum" value is updated to "Default".
Shared jack "J124:1" attribute "Datum" value is updated to "Default".
Shared ringterminal "P4:1" attribute "Datum" value is updated to "Default".
Shared plug "P8:1" attribute "Datum" value is updated to "Default".
Shared plug "P59:1" attribute "Datum" value is updated to "Default".
Shared inline jack "J100:1" attribute "Datum" value is updated to "Default".
Shared jack "J103:1" attribute "Datum" value is updated to "Default".
Shared Object "J1:null" attribute "Datum" value is updated to "Default".
Shared plug "P2:1" attribute "Datum" value is updated to "Default".
Shared inline plug "P26:1" attribute "Datum" value is updated to "Default".
Shared jack "J108:1" attribute "Datum" value is updated to "Default".
Shared inline plug "P52:1" attribute "Datum" value is updated to "Default".
Shared ringterminal "P3:1" attribute "Datum" value is updated to "Default".
Shared Object "J1:null" attribute "Datum" value is updated to "Default".
Shared plug "P1:1" attribute "Datum" value is updated to "Default".
Shared jack "J111:1" attribute "Datum" value is updated to "Default".
Shared inline jack "J122:1" attribute "Datum" value is updated to "Default".
Shared jack "J126:1" attribute "Datum" value is updated to "Default".
Shared jack "J107:1" attribute "Datum" value is updated to "Default".
Shared inline plug "P32:1" attribute "Datum" value is updated to "Default".
Shared inline plug "P27:1" attribute "Datum" value is updated to "Default".
Shared plug "P22:1" attribute "Datum" value is updated to "Default".
Shared plug "P221:1" attribute "Datum" value is updated to "Default".
Shared inline plug "P33:1" attribute "Datum" value is updated to "Default".
Shared Object "C3:null" attribute "Datum" value is updated to "Default".
Shared Object "c1:null" attribute "Datum" value is updated to "Default".
Shared Object "C2:null" attribute "Datum" value is updated to "Default".
Shared jack "J49:1" attribute "Datum" value is updated to "Default".
Shared jack "JackStackPins:1" attribute "Datum" value is updated to "Default".
Shared jack "J106:1" attribute "Datum" value is updated to "Default".
Shared jack "J104:1" attribute "Datum" value is updated to "Default".
Shared inline plug "P31:1" attribute "Datum" value is updated to "Default".
Shared plug "P56:1" attribute "Datum" value is updated to "Default".
Shared plug "P5:1" attribute "Datum" value is updated to "Default".
Shared ringterminal "P50:1" attribute "Datum" value is updated to "Default".
Shared plug "P57:1" attribute "Datum" value is updated to "Default".
Shared plug "P9:1" attribute "Datum" value is updated to "Default".
Shared ringterminal "P49:1" attribute "Datum" value is updated to "Default".
Shared plug "P54:1" attribute "Datum" value is updated to "Default".
Shared plug "P14:1" attribute "Datum" value is updated to "Default".
Shared inline jack "J101:1" attribute "Datum" value is updated to "Default".
Shared inline plug "P53:1" attribute "Datum" value is updated to "Default".
Shared plug "P158:1" attribute "Datum" value is updated to "Default".
Shared inline jack "J112:1" attribute "Datum" value is updated to "Default".
Shared plug "ConnStackPins:1" attribute "Datum" value is updated to "Default".
Shared plug "PartConnBSK:1" attribute "Datum" value is updated to "Default".
Shared jack "J123:1" attribute "Datum" value is updated to "Default".
Shared jack "J109:1" attribute "Datum" value is updated to "Default".
Shared jack "J125:1" attribute "Datum" value is updated to "Default".
Shared plug "ConnMulBSK:1" attribute "Datum" value is updated to "Default".
Shared plug "P17:1" attribute "Datum" value is updated to "Default".
Shared plug "P30:1" attribute "Datum" value is updated to "Default".
Shared inline jack "J121:1" attribute "Datum" value is updated to "Default".
Shared plug "P6:1" attribute "Datum" value is updated to "Default".
Shared inline jack "J114:1" attribute "Datum" value is updated to "Default".
Shared inline jack "J128:1" attribute "Datum" value is updated to "Default".
Data Validation: Found Plug P9 attached to multiple pinlists in project SDPDesignShared_Instances, design Design4, diagram Diagram1
Data Validation: Disconnected Plug P7
Data Validation: Found Plug P7 attached to multiple pinlists in project SDPDesignShared_Instances, design Design4, diagram Diagram1
Data Validation: Disconnected Plug P8
Data Validation: Found Plug P11 attached to multiple pinlists in project SDPDesignShared_Instances, design Design6, diagram Diagram1
Data Validation: Disconnected Plug P222
Data Validation: Disconnected Plug P221
Using G:\iesdwa\qualitygates\wa\2021.1_ADP1_DEV_installer_porting\code\iesd\datamodel_src\tests\testdata\chs\common\reporting\TeamcenterLogicComponentBOMTest\
Using G:\iesdwa\qualitygates\wa\2021.1_ADP1_DEV_installer_porting\code\iesd\datamodel_src\tests\testdata\chs\common\reporting\TeamcenterLogicComponentBOMTest\
Custom plugins loaded: 81
Using G:\iesdwa\qualitygates\wa\2021.1_ADP1_DEV_installer_porting\code\iesd\datamodel_src\tests\testdata\chs\common\reporting\TeamcenterLogicComponentBOMTest\
Shared plug "P29:1" attribute "Datum" value is updated to "Default".
Shared ringterminal "P25:1" attribute "Datum" value is updated to "Default".
Shared plug "P16:1" attribute "Datum" value is updated to "Default".
Shared plug "P55:1" attribute "Datum" value is updated to "Default".
Shared inline plug "P60:1" attribute "Datum" value is updated to "Default".
Shared inline jack "J113:1" attribute "Datum" value is updated to "Default".
Shared plug "P11:1" attribute "Datum" value is updated to "Default".
Shared plug "P28:1" attribute "Datum" value is updated to "Default".
Shared plug "P222:1" attribute "Datum" value is updated to "Default".
Shared Object "J1:null" attribute "Datum" value is updated to "Default".
Shared plug "P10:1" attribute "Datum" value is updated to "Default".
Shared jack "J102:1" attribute "Datum" value is updated to "Default".
Shared Object "J1:null" attribute "Datum" value is updated to "Default".
Shared jack "J110:1" attribute "Datum" value is updated to "Default".
Shared plug "P7:1" attribute "Datum" value is updated to "Default".
Shared jack "J124:1" attribute "Datum" value is updated to "Default".
Shared ringterminal "P4:1" attribute "Datum" value is updated to "Default".
Shared plug "P8:1" attribute "Datum" value is updated to "Default".
Shared plug "P59:1" attribute "Datum" value is updated to "Default".
Shared inline jack "J100:1" attribute "Datum" value is updated to "Default".
Shared jack "J103:1" attribute "Datum" value is updated to "Default".
Shared Object "J1:null" attribute "Datum" value is updated to "Default".
Shared plug "P2:1" attribute "Datum" value is updated to "Default".
Shared inline plug "P26:1" attribute "Datum" value is updated to "Default".
Shared jack "J108:1" attribute "Datum" value is updated to "Default".
Shared inline plug "P52:1" attribute "Datum" value is updated to "Default".
Shared ringterminal "P3:1" attribute "Datum" value is updated to "Default".
Shared Object "J1:null" attribute "Datum" value is updated to "Default".
Shared plug "P1:1" attribute "Datum" value is updated to "Default".
Shared jack "J111:1" attribute "Datum" value is updated to "Default".
Shared inline jack "J122:1" attribute "Datum" value is updated to "Default".
Shared jack "J126:1" attribute "Datum" value is updated to "Default".
Shared jack "J107:1" attribute "Datum" value is updated to "Default".
Shared inline plug "P32:1" attribute "Datum" value is updated to "Default".
Shared inline plug "P27:1" attribute "Datum" value is updated to "Default".
Shared plug "P22:1" attribute "Datum" value is updated to "Default".
Shared plug "P221:1" attribute "Datum" value is updated to "Default".
Shared inline plug "P33:1" attribute "Datum" value is updated to "Default".
Shared Object "C3:null" attribute "Datum" value is updated to "Default".
Shared Object "c1:null" attribute "Datum" value is updated to "Default".
Shared Object "C2:null" attribute "Datum" value is updated to "Default".
Shared jack "J49:1" attribute "Datum" value is updated to "Default".
Shared jack "JackStackPins:1" attribute "Datum" value is updated to "Default".
Shared jack "J106:1" attribute "Datum" value is updated to "Default".
Shared jack "J104:1" attribute "Datum" value is updated to "Default".
Shared inline plug "P31:1" attribute "Datum" value is updated to "Default".
Shared plug "P56:1" attribute "Datum" value is updated to "Default".
Shared plug "P5:1" attribute "Datum" value is updated to "Default".
Shared ringterminal "P50:1" attribute "Datum" value is updated to "Default".
Shared plug "P57:1" attribute "Datum" value is updated to "Default".
Shared plug "P9:1" attribute "Datum" value is updated to "Default".
Shared ringterminal "P49:1" attribute "Datum" value is updated to "Default".
Shared plug "P54:1" attribute "Datum" value is updated to "Default".
Shared plug "P14:1" attribute "Datum" value is updated to "Default".
Shared inline jack "J101:1" attribute "Datum" value is updated to "Default".
Shared inline plug "P53:1" attribute "Datum" value is updated to "Default".
Shared plug "P158:1" attribute "Datum" value is updated to "Default".
Shared inline jack "J112:1" attribute "Datum" value is updated to "Default".
Shared plug "ConnStackPins:1" attribute "Datum" value is updated to "Default".
Shared plug "PartConnBSK:1" attribute "Datum" value is updated to "Default".
Shared jack "J123:1" attribute "Datum" value is updated to "Default".
Shared jack "J109:1" attribute "Datum" value is updated to "Default".
Shared jack "J125:1" attribute "Datum" value is updated to "Default".
Shared plug "ConnMulBSK:1" attribute "Datum" value is updated to "Default".
Shared plug "P17:1" attribute "Datum" value is updated to "Default".
Shared plug "P30:1" attribute "Datum" value is updated to "Default".
Shared inline jack "J121:1" attribute "Datum" value is updated to "Default".
Shared plug "P6:1" attribute "Datum" value is updated to "Default".
Shared inline jack "J114:1" attribute "Datum" value is updated to "Default".
Shared inline jack "J128:1" attribute "Datum" value is updated to "Default".
Data Validation: Found Plug P9 attached to multiple pinlists in project SDPDesignShared_Instances, design Design4, diagram Diagram1
Data Validation: Disconnected Plug P7
Data Validation: Found Plug P7 attached to multiple pinlists in project SDPDesignShared_Instances, design Design4, diagram Diagram1
Data Validation: Disconnected Plug P8
Data Validation: Found Plug P11 attached to multiple pinlists in project SDPDesignShared_Instances, design Design6, diagram Diagram1
Data Validation: Disconnected Plug P222
Data Validation: Disconnected Plug P221
Using G:\iesdwa\qualitygates\wa\2021.1_ADP1_DEV_installer_porting\code\iesd\datamodel_src\tests\testdata\chs\common\reporting\TeamcenterLogicComponentBOMTest\
Using G:\iesdwa\qualitygates\wa\2021.1_ADP1_DEV_installer_porting\code\iesd\datamodel_src\tests\testdata\chs\common\reporting\TeamcenterLogicComponentBOMTest\
Custom plugins loaded: 81
Using G:\iesdwa\qualitygates\wa\2021.1_ADP1_DEV_installer_porting\code\iesd\datamodel_src\tests\testdata\chs\common\reporting\TeamcenterLogicComponentBOMTest\
Using G:\iesdwa\qualitygates\wa\2021.1_ADP1_DEV_installer_porting\code\iesd\datamodel_src\tests\testdata\chs\common\reporting\TeamcenterLogicComponentBOMTest\
Using G:\iesdwa\qualitygates\wa\2021.1_ADP1_DEV_installer_porting\code\iesd\datamodel_src\tests\testdata\chs\common\reporting\TeamcenterLogicComponentBOMTest\
Custom plugins loaded: 81
Using G:\iesdwa\qualitygates\wa\2021.1_ADP1_DEV_installer_porting\code\iesd\datamodel_src\tests\testdata\chs\common\reporting\TeamcenterLogicComponentBOMTest\
Using G:\iesdwa\qualitygates\wa\2021.1_ADP1_DEV_installer_porting\code\iesd\datamodel_src\tests\testdata\chs\common\reporting\TeamcenterLogicComponentBOMTest\
Using G:\iesdwa\qualitygates\wa\2021.1_ADP1_DEV_installer_porting\code\iesd\datamodel_src\tests\testdata\chs\common\reporting\TeamcenterLogicComponentBOMTest\
Custom plugins loaded: 81
Using G:\iesdwa\qualitygates\wa\2021.1_ADP1_DEV_installer_porting\code\iesd\datamodel_src\tests\testdata\chs\common\reporting\TeamcenterLogicComponentBOMTest\
Using G:\iesdwa\qualitygates\wa\2021.1_ADP1_DEV_installer_porting\code\iesd\datamodel_src\tests\testdata\chs\common\reporting\TeamcenterLogicComponentBOMTest\
Using G:\iesdwa\qualitygates\wa\2021.1_ADP1_DEV_installer_porting\code\iesd\datamodel_src\tests\testdata\chs\common\reporting\TeamcenterLogicComponentBOMTest\
]]></system-out>
  <system-err><![CDATA[]]></system-err>
</testsuite>
